[2025-04-08T05:03:12.829+0000] {local_task_job_runner.py:123} INFO - ::group::Pre task execution logs
[2025-04-08T05:03:12.889+0000] {taskinstance.py:2613} INFO - Dependencies all met for dep_context=non-requeueable deps ti=<TaskInstance: perbaikan_skripsi.wait_for_new_data scheduled__2025-04-08T05:00:00+00:00 [queued]>
[2025-04-08T05:03:12.924+0000] {taskinstance.py:2613} INFO - Dependencies all met for dep_context=requeueable deps ti=<TaskInstance: perbaikan_skripsi.wait_for_new_data scheduled__2025-04-08T05:00:00+00:00 [queued]>
[2025-04-08T05:03:12.927+0000] {taskinstance.py:2866} INFO - Starting attempt 2 of 4
[2025-04-08T05:03:13.049+0000] {taskinstance.py:2889} INFO - Executing <Task(SqlSensor): wait_for_new_data> on 2025-04-08 05:00:00+00:00
[2025-04-08T05:03:13.081+0000] {logging_mixin.py:190} WARNING - /home/airflow/.local/lib/python3.12/site-packages/airflow/task/task_runner/standard_task_runner.py:70 DeprecationWarning: This process (pid=19021) is multi-threaded, use of fork() may lead to deadlocks in the child.
[2025-04-08T05:03:13.090+0000] {standard_task_runner.py:72} INFO - Started process 19066 to run task
[2025-04-08T05:03:13.089+0000] {standard_task_runner.py:104} INFO - Running: ['airflow', 'tasks', 'run', 'perbaikan_skripsi', 'wait_for_new_data', 'scheduled__2025-04-08T05:00:00+00:00', '--job-id', '3705', '--raw', '--subdir', 'DAGS_FOLDER/tugas_akhir.py', '--cfg-path', '/tmp/tmp661bsa3k']
[2025-04-08T05:03:13.092+0000] {standard_task_runner.py:105} INFO - Job 3705: Subtask wait_for_new_data
[2025-04-08T05:03:13.328+0000] {task_command.py:467} INFO - Running <TaskInstance: perbaikan_skripsi.wait_for_new_data scheduled__2025-04-08T05:00:00+00:00 [running]> on host a9576c91091e
[2025-04-08T05:03:13.732+0000] {taskinstance.py:3132} INFO - Exporting env vars: AIRFLOW_CTX_DAG_OWNER='Dion Rikki' AIRFLOW_CTX_DAG_ID='perbaikan_skripsi' AIRFLOW_CTX_TASK_ID='wait_for_new_data' AIRFLOW_CTX_EXECUTION_DATE='2025-04-08T05:00:00+00:00' AIRFLOW_CTX_TRY_NUMBER='2' AIRFLOW_CTX_DAG_RUN_ID='scheduled__2025-04-08T05:00:00+00:00'
[2025-04-08T05:03:13.736+0000] {logging_mixin.py:190} INFO - Task instance is in running state
[2025-04-08T05:03:13.737+0000] {logging_mixin.py:190} INFO -  Previous state of the Task instance: queued
[2025-04-08T05:03:13.739+0000] {logging_mixin.py:190} INFO - Current task name:wait_for_new_data state:running start_date:2025-04-08 05:03:12.890446+00:00
[2025-04-08T05:03:13.742+0000] {logging_mixin.py:190} INFO - Dag name:perbaikan_skripsi and current dag run status:running
[2025-04-08T05:03:13.743+0000] {taskinstance.py:731} INFO - ::endgroup::
[2025-04-08T05:03:13.814+0000] {base.py:84} INFO - Retrieving connection 'mysql_default'
[2025-04-08T05:03:13.823+0000] {sql.py:101} INFO - Poking: 
            SELECT COUNT(*) 
            FROM tugas_akhir_sensordata s
            WHERE s.timestamp >= NOW() - INTERVAL 3 MINUTE
            AND s.soil_type IS NOT NULL
            AND s.crop_type IS NOT NULL
            AND NOT EXISTS (
                SELECT 1 
                FROM fertilizer_predictions f
                WHERE f.sensor_data_id = s.id
            )
         (with parameters None)
[2025-04-08T05:03:13.847+0000] {base.py:84} INFO - Retrieving connection 'mysql_default'
[2025-04-08T05:03:13.863+0000] {sql.py:553} INFO - Running statement: 
            SELECT COUNT(*) 
            FROM tugas_akhir_sensordata s
            WHERE s.timestamp >= NOW() - INTERVAL 3 MINUTE
            AND s.soil_type IS NOT NULL
            AND s.crop_type IS NOT NULL
            AND NOT EXISTS (
                SELECT 1 
                FROM fertilizer_predictions f
                WHERE f.sensor_data_id = s.id
            )
        , parameters: None
[2025-04-08T05:03:13.867+0000] {sql.py:562} INFO - Rows affected: 1
[2025-04-08T05:03:13.869+0000] {base.py:336} INFO - Success criteria met. Exiting.
[2025-04-08T05:03:13.902+0000] {taskinstance.py:340} INFO - ::group::Post task execution logs
[2025-04-08T05:03:13.903+0000] {taskinstance.py:352} INFO - Marking task as SUCCESS. dag_id=perbaikan_skripsi, task_id=wait_for_new_data, run_id=scheduled__2025-04-08T05:00:00+00:00, execution_date=20250408T050000, start_date=20250408T050312, end_date=20250408T050313
[2025-04-08T05:03:13.962+0000] {logging_mixin.py:190} INFO - Task instance in success state
[2025-04-08T05:03:13.963+0000] {logging_mixin.py:190} INFO -  Previous state of the Task instance: running
[2025-04-08T05:03:13.966+0000] {logging_mixin.py:190} INFO - Dag name:perbaikan_skripsi queued_at:2025-04-08 05:02:00.315541+00:00
[2025-04-08T05:03:13.967+0000] {logging_mixin.py:190} INFO - Task hostname:a9576c91091e operator:SqlSensor
[2025-04-08T05:03:14.038+0000] {local_task_job_runner.py:266} INFO - Task exited with return code 0
[2025-04-08T05:03:14.140+0000] {taskinstance.py:3895} INFO - 1 downstream tasks scheduled from follow-on schedule check
[2025-04-08T05:03:14.156+0000] {local_task_job_runner.py:245} INFO - ::endgroup::
