[2025-02-27T15:07:17.946+0000] {local_task_job_runner.py:123} INFO - ::group::Pre task execution logs
[2025-02-27T15:07:18.018+0000] {taskinstance.py:2613} INFO - Dependencies all met for dep_context=non-requeueable deps ti=<TaskInstance: skripsi_akhir_perbaikan.wait_for_new_data scheduled__2025-02-27T15:00:00+00:00 [queued]>
[2025-02-27T15:07:18.097+0000] {taskinstance.py:2613} INFO - Dependencies all met for dep_context=requeueable deps ti=<TaskInstance: skripsi_akhir_perbaikan.wait_for_new_data scheduled__2025-02-27T15:00:00+00:00 [queued]>
[2025-02-27T15:07:18.101+0000] {taskinstance.py:2866} INFO - Starting attempt 2 of 6
[2025-02-27T15:07:18.249+0000] {taskinstance.py:2889} INFO - Executing <Task(SqlSensor): wait_for_new_data> on 2025-02-27 15:00:00+00:00
[2025-02-27T15:07:18.311+0000] {standard_task_runner.py:104} INFO - Running: ['airflow', 'tasks', 'run', 'skripsi_akhir_perbaikan', 'wait_for_new_data', 'scheduled__2025-02-27T15:00:00+00:00', '--job-id', '60', '--raw', '--subdir', 'DAGS_FOLDER/tugas_akhir.py', '--cfg-path', '/tmp/tmphav3kyij']
[2025-02-27T15:07:18.316+0000] {logging_mixin.py:190} WARNING - /home/airflow/.local/lib/python3.12/site-packages/airflow/task/task_runner/standard_task_runner.py:70 DeprecationWarning: This process (pid=62837) is multi-threaded, use of fork() may lead to deadlocks in the child.
[2025-02-27T15:07:18.325+0000] {standard_task_runner.py:105} INFO - Job 60: Subtask wait_for_new_data
[2025-02-27T15:07:18.330+0000] {standard_task_runner.py:72} INFO - Started process 62933 to run task
[2025-02-27T15:07:18.525+0000] {task_command.py:467} INFO - Running <TaskInstance: skripsi_akhir_perbaikan.wait_for_new_data scheduled__2025-02-27T15:00:00+00:00 [running]> on host 75f595111fc8
[2025-02-27T15:07:18.936+0000] {taskinstance.py:3132} INFO - Exporting env vars: AIRFLOW_CTX_DAG_OWNER='Dion Rikki' AIRFLOW_CTX_DAG_ID='skripsi_akhir_perbaikan' AIRFLOW_CTX_TASK_ID='wait_for_new_data' AIRFLOW_CTX_EXECUTION_DATE='2025-02-27T15:00:00+00:00' AIRFLOW_CTX_TRY_NUMBER='2' AIRFLOW_CTX_DAG_RUN_ID='scheduled__2025-02-27T15:00:00+00:00'
[2025-02-27T15:07:18.942+0000] {logging_mixin.py:190} INFO - Task instance is in running state
[2025-02-27T15:07:18.949+0000] {logging_mixin.py:190} INFO -  Previous state of the Task instance: queued
[2025-02-27T15:07:18.955+0000] {logging_mixin.py:190} INFO - Current task name:wait_for_new_data state:running start_date:2025-02-27 15:07:18.027623+00:00
[2025-02-27T15:07:18.960+0000] {logging_mixin.py:190} INFO - Dag name:skripsi_akhir_perbaikan and current dag run status:running
[2025-02-27T15:07:18.961+0000] {taskinstance.py:731} INFO - ::endgroup::
[2025-02-27T15:07:19.173+0000] {base.py:84} INFO - Retrieving connection 'mysql_default'
[2025-02-27T15:07:19.209+0000] {sql.py:101} INFO - Poking: 
        SELECT COUNT(*) 
        FROM tugas_akhir_sensordata s
        WHERE s.timestamp >= NOW() - INTERVAL 5 MINUTE
        AND NOT EXISTS (
            SELECT 1 
            FROM fertilizer_predictions f
            WHERE CAST(f.id AS SIGNED) = s.id  -- Menggunakan SIGNED di sini
        )
     (with parameters None)
[2025-02-27T15:07:19.233+0000] {base.py:84} INFO - Retrieving connection 'mysql_default'
[2025-02-27T15:07:19.259+0000] {sql.py:553} INFO - Running statement: 
        SELECT COUNT(*) 
        FROM tugas_akhir_sensordata s
        WHERE s.timestamp >= NOW() - INTERVAL 5 MINUTE
        AND NOT EXISTS (
            SELECT 1 
            FROM fertilizer_predictions f
            WHERE CAST(f.id AS SIGNED) = s.id  -- Menggunakan SIGNED di sini
        )
    , parameters: None
[2025-02-27T15:07:19.268+0000] {sql.py:562} INFO - Rows affected: 1
[2025-02-27T15:07:19.274+0000] {base.py:336} INFO - Success criteria met. Exiting.
[2025-02-27T15:07:19.307+0000] {taskinstance.py:340} INFO - ::group::Post task execution logs
[2025-02-27T15:07:19.312+0000] {taskinstance.py:352} INFO - Marking task as SUCCESS. dag_id=skripsi_akhir_perbaikan, task_id=wait_for_new_data, run_id=scheduled__2025-02-27T15:00:00+00:00, execution_date=20250227T150000, start_date=20250227T150718, end_date=20250227T150719
[2025-02-27T15:07:19.378+0000] {logging_mixin.py:190} INFO - Task instance in success state
[2025-02-27T15:07:19.385+0000] {logging_mixin.py:190} INFO -  Previous state of the Task instance: running
[2025-02-27T15:07:19.393+0000] {logging_mixin.py:190} INFO - Dag name:skripsi_akhir_perbaikan queued_at:2025-02-27 15:02:00.474258+00:00
[2025-02-27T15:07:19.402+0000] {logging_mixin.py:190} INFO - Task hostname:75f595111fc8 operator:SqlSensor
[2025-02-27T15:07:19.514+0000] {local_task_job_runner.py:266} INFO - Task exited with return code 0
[2025-02-27T15:07:19.628+0000] {local_task_job_runner.py:245} INFO - ::endgroup::
