[2025-04-07T15:55:21.340+0000] {local_task_job_runner.py:123} INFO - ::group::Pre task execution logs
[2025-04-07T15:55:21.502+0000] {taskinstance.py:2613} INFO - Dependencies all met for dep_context=non-requeueable deps ti=<TaskInstance: perbaikan_skripsi.predict_and_store_result scheduled__2025-04-07T15:46:00+00:00 [queued]>
[2025-04-07T15:55:21.602+0000] {taskinstance.py:2613} INFO - Dependencies all met for dep_context=requeueable deps ti=<TaskInstance: perbaikan_skripsi.predict_and_store_result scheduled__2025-04-07T15:46:00+00:00 [queued]>
[2025-04-07T15:55:21.604+0000] {taskinstance.py:2866} INFO - Starting attempt 1 of 4
[2025-04-07T15:55:21.781+0000] {taskinstance.py:2889} INFO - Executing <Task(PythonOperator): predict_and_store_result> on 2025-04-07 15:46:00+00:00
[2025-04-07T15:55:21.895+0000] {standard_task_runner.py:104} INFO - Running: ['airflow', 'tasks', 'run', 'perbaikan_skripsi', 'predict_and_store_result', 'scheduled__2025-04-07T15:46:00+00:00', '--job-id', '2812', '--raw', '--subdir', 'DAGS_FOLDER/tugas_akhir.py', '--cfg-path', '/tmp/tmp85crr8q0']
[2025-04-07T15:55:21.928+0000] {standard_task_runner.py:105} INFO - Job 2812: Subtask predict_and_store_result
[2025-04-07T15:55:21.913+0000] {logging_mixin.py:190} WARNING - /home/airflow/.local/lib/python3.12/site-packages/airflow/task/task_runner/standard_task_runner.py:70 DeprecationWarning: This process (pid=29653) is multi-threaded, use of fork() may lead to deadlocks in the child.
[2025-04-07T15:55:21.939+0000] {standard_task_runner.py:72} INFO - Started process 29714 to run task
[2025-04-07T15:55:22.478+0000] {task_command.py:467} INFO - Running <TaskInstance: perbaikan_skripsi.predict_and_store_result scheduled__2025-04-07T15:46:00+00:00 [running]> on host a9576c91091e
[2025-04-07T15:55:22.960+0000] {taskinstance.py:3132} INFO - Exporting env vars: AIRFLOW_CTX_DAG_OWNER='Dion Rikki' AIRFLOW_CTX_DAG_ID='perbaikan_skripsi' AIRFLOW_CTX_TASK_ID='predict_and_store_result' AIRFLOW_CTX_EXECUTION_DATE='2025-04-07T15:46:00+00:00' AIRFLOW_CTX_TRY_NUMBER='1' AIRFLOW_CTX_DAG_RUN_ID='scheduled__2025-04-07T15:46:00+00:00'
[2025-04-07T15:55:22.967+0000] {logging_mixin.py:190} INFO - Task instance is in running state
[2025-04-07T15:55:22.968+0000] {logging_mixin.py:190} INFO -  Previous state of the Task instance: queued
[2025-04-07T15:55:22.968+0000] {logging_mixin.py:190} INFO - Current task name:predict_and_store_result state:running start_date:2025-04-07 15:55:21.506573+00:00
[2025-04-07T15:55:22.969+0000] {logging_mixin.py:190} INFO - Dag name:perbaikan_skripsi and current dag run status:running
[2025-04-07T15:55:22.970+0000] {taskinstance.py:731} INFO - ::endgroup::
[2025-04-07T15:55:22.976+0000] {logging_mixin.py:190} INFO - 🔍 [2] Memproses data dan melakukan prediksi...
[2025-04-07T15:55:23.076+0000] {logging_mixin.py:190} INFO - ✅ Data siap diproses: 1 baris
    id  Temperature  Humidity  ...  nitrogen phosphorous potassium
0  532         25.8      86.0  ...     100.0       277.0     272.0

[1 rows x 9 columns]
[2025-04-07T15:55:23.077+0000] {logging_mixin.py:190} INFO - 📝 Menyesuaikan nama kolom dengan model training...
[2025-04-07T15:55:23.079+0000] {logging_mixin.py:190} INFO - 🔧 Melakukan encoding kategori Soil_Type dan Crop_Type...
[2025-04-07T15:55:23.085+0000] {logging_mixin.py:190} INFO - ❌ Gagal saat encoding: y contains previously unseen labels: 'Rice'
[2025-04-07T15:55:23.086+0000] {python.py:240} INFO - Done. Returned value was: None
[2025-04-07T15:55:23.114+0000] {taskinstance.py:340} INFO - ::group::Post task execution logs
[2025-04-07T15:55:23.115+0000] {taskinstance.py:352} INFO - Marking task as SUCCESS. dag_id=perbaikan_skripsi, task_id=predict_and_store_result, run_id=scheduled__2025-04-07T15:46:00+00:00, execution_date=20250407T154600, start_date=20250407T155521, end_date=20250407T155523
[2025-04-07T15:55:23.161+0000] {logging_mixin.py:190} INFO - Task instance in success state
[2025-04-07T15:55:23.163+0000] {logging_mixin.py:190} INFO -  Previous state of the Task instance: running
[2025-04-07T15:55:23.167+0000] {logging_mixin.py:190} INFO - Dag name:perbaikan_skripsi queued_at:2025-04-07 15:48:00.125149+00:00
[2025-04-07T15:55:23.171+0000] {logging_mixin.py:190} INFO - Task hostname:a9576c91091e operator:PythonOperator
[2025-04-07T15:55:23.234+0000] {local_task_job_runner.py:266} INFO - Task exited with return code 0
[2025-04-07T15:55:23.297+0000] {taskinstance.py:3895} INFO - 0 downstream tasks scheduled from follow-on schedule check
[2025-04-07T15:55:23.305+0000] {local_task_job_runner.py:245} INFO - ::endgroup::
