[2025-04-17T14:20:09.506+0000] {processor.py:186} INFO - Started process (PID=208) to work on /home/airflow/.local/lib/python3.12/site-packages/airflow/example_dags/example_task_group.py
[2025-04-17T14:20:09.512+0000] {processor.py:914} INFO - Processing file /home/airflow/.local/lib/python3.12/site-packages/airflow/example_dags/example_task_group.py for tasks to queue
[2025-04-17T14:20:09.544+0000] {logging_mixin.py:190} INFO - [2025-04-17T14:20:09.543+0000] {dagbag.py:588} INFO - Filling up the DagBag from /home/airflow/.local/lib/python3.12/site-packages/airflow/example_dags/example_task_group.py
[2025-04-17T14:20:09.593+0000] {processor.py:925} INFO - DAG(s) 'example_task_group' retrieved from /home/airflow/.local/lib/python3.12/site-packages/airflow/example_dags/example_task_group.py
[2025-04-17T14:20:09.769+0000] {logging_mixin.py:190} INFO - [2025-04-17T14:20:09.765+0000] {dag.py:3239} INFO - Sync 1 DAGs
[2025-04-17T14:20:09.896+0000] {logging_mixin.py:190} INFO - [2025-04-17T14:20:09.895+0000] {dag.py:4180} INFO - Setting next_dagrun for example_task_group to None, run_after=None
[2025-04-17T14:20:10.120+0000] {processor.py:208} INFO - Processing /home/airflow/.local/lib/python3.12/site-packages/airflow/example_dags/example_task_group.py took 0.644 seconds
[2025-04-17T14:21:00.863+0000] {processor.py:186} INFO - Started process (PID=515) to work on /home/airflow/.local/lib/python3.12/site-packages/airflow/example_dags/example_task_group.py
[2025-04-17T14:21:00.865+0000] {processor.py:914} INFO - Processing file /home/airflow/.local/lib/python3.12/site-packages/airflow/example_dags/example_task_group.py for tasks to queue
[2025-04-17T14:21:00.877+0000] {logging_mixin.py:190} INFO - [2025-04-17T14:21:00.876+0000] {dagbag.py:588} INFO - Filling up the DagBag from /home/airflow/.local/lib/python3.12/site-packages/airflow/example_dags/example_task_group.py
[2025-04-17T14:21:00.908+0000] {processor.py:925} INFO - DAG(s) 'example_task_group' retrieved from /home/airflow/.local/lib/python3.12/site-packages/airflow/example_dags/example_task_group.py
[2025-04-17T14:21:00.968+0000] {logging_mixin.py:190} INFO - [2025-04-17T14:21:00.967+0000] {dag.py:3239} INFO - Sync 1 DAGs
[2025-04-17T14:21:01.034+0000] {logging_mixin.py:190} INFO - [2025-04-17T14:21:01.033+0000] {dag.py:4180} INFO - Setting next_dagrun for example_task_group to None, run_after=None
[2025-04-17T14:21:01.135+0000] {processor.py:208} INFO - Processing /home/airflow/.local/lib/python3.12/site-packages/airflow/example_dags/example_task_group.py took 0.287 seconds
[2025-04-17T14:21:32.993+0000] {processor.py:186} INFO - Started process (PID=800) to work on /home/airflow/.local/lib/python3.12/site-packages/airflow/example_dags/example_task_group.py
[2025-04-17T14:21:33.025+0000] {processor.py:914} INFO - Processing file /home/airflow/.local/lib/python3.12/site-packages/airflow/example_dags/example_task_group.py for tasks to queue
[2025-04-17T14:21:33.069+0000] {logging_mixin.py:190} INFO - [2025-04-17T14:21:33.069+0000] {dagbag.py:588} INFO - Filling up the DagBag from /home/airflow/.local/lib/python3.12/site-packages/airflow/example_dags/example_task_group.py
[2025-04-17T14:21:33.137+0000] {processor.py:925} INFO - DAG(s) 'example_task_group' retrieved from /home/airflow/.local/lib/python3.12/site-packages/airflow/example_dags/example_task_group.py
[2025-04-17T14:21:33.335+0000] {logging_mixin.py:190} INFO - [2025-04-17T14:21:33.329+0000] {dag.py:3239} INFO - Sync 1 DAGs
[2025-04-17T14:21:33.440+0000] {logging_mixin.py:190} INFO - [2025-04-17T14:21:33.439+0000] {dag.py:4180} INFO - Setting next_dagrun for example_task_group to None, run_after=None
[2025-04-17T14:21:33.665+0000] {processor.py:208} INFO - Processing /home/airflow/.local/lib/python3.12/site-packages/airflow/example_dags/example_task_group.py took 0.740 seconds
[2025-04-17T14:22:04.272+0000] {processor.py:186} INFO - Started process (PID=1111) to work on /home/airflow/.local/lib/python3.12/site-packages/airflow/example_dags/example_task_group.py
[2025-04-17T14:22:04.276+0000] {processor.py:914} INFO - Processing file /home/airflow/.local/lib/python3.12/site-packages/airflow/example_dags/example_task_group.py for tasks to queue
[2025-04-17T14:22:04.288+0000] {logging_mixin.py:190} INFO - [2025-04-17T14:22:04.286+0000] {dagbag.py:588} INFO - Filling up the DagBag from /home/airflow/.local/lib/python3.12/site-packages/airflow/example_dags/example_task_group.py
[2025-04-17T14:22:04.319+0000] {processor.py:925} INFO - DAG(s) 'example_task_group' retrieved from /home/airflow/.local/lib/python3.12/site-packages/airflow/example_dags/example_task_group.py
[2025-04-17T14:22:04.374+0000] {logging_mixin.py:190} INFO - [2025-04-17T14:22:04.373+0000] {dag.py:3239} INFO - Sync 1 DAGs
[2025-04-17T14:22:04.414+0000] {logging_mixin.py:190} INFO - [2025-04-17T14:22:04.413+0000] {dag.py:4180} INFO - Setting next_dagrun for example_task_group to None, run_after=None
[2025-04-17T14:22:04.653+0000] {processor.py:208} INFO - Processing /home/airflow/.local/lib/python3.12/site-packages/airflow/example_dags/example_task_group.py took 0.396 seconds
[2025-04-17T14:22:34.824+0000] {processor.py:186} INFO - Started process (PID=1406) to work on /home/airflow/.local/lib/python3.12/site-packages/airflow/example_dags/example_task_group.py
[2025-04-17T14:22:34.826+0000] {processor.py:914} INFO - Processing file /home/airflow/.local/lib/python3.12/site-packages/airflow/example_dags/example_task_group.py for tasks to queue
[2025-04-17T14:22:34.833+0000] {logging_mixin.py:190} INFO - [2025-04-17T14:22:34.832+0000] {dagbag.py:588} INFO - Filling up the DagBag from /home/airflow/.local/lib/python3.12/site-packages/airflow/example_dags/example_task_group.py
[2025-04-17T14:22:34.852+0000] {processor.py:925} INFO - DAG(s) 'example_task_group' retrieved from /home/airflow/.local/lib/python3.12/site-packages/airflow/example_dags/example_task_group.py
[2025-04-17T14:22:34.889+0000] {logging_mixin.py:190} INFO - [2025-04-17T14:22:34.888+0000] {dag.py:3239} INFO - Sync 1 DAGs
[2025-04-17T14:22:34.915+0000] {logging_mixin.py:190} INFO - [2025-04-17T14:22:34.915+0000] {dag.py:4180} INFO - Setting next_dagrun for example_task_group to None, run_after=None
[2025-04-17T14:22:34.956+0000] {processor.py:208} INFO - Processing /home/airflow/.local/lib/python3.12/site-packages/airflow/example_dags/example_task_group.py took 0.145 seconds
[2025-04-17T14:23:05.642+0000] {processor.py:186} INFO - Started process (PID=1709) to work on /home/airflow/.local/lib/python3.12/site-packages/airflow/example_dags/example_task_group.py
[2025-04-17T14:23:05.645+0000] {processor.py:914} INFO - Processing file /home/airflow/.local/lib/python3.12/site-packages/airflow/example_dags/example_task_group.py for tasks to queue
[2025-04-17T14:23:05.653+0000] {logging_mixin.py:190} INFO - [2025-04-17T14:23:05.653+0000] {dagbag.py:588} INFO - Filling up the DagBag from /home/airflow/.local/lib/python3.12/site-packages/airflow/example_dags/example_task_group.py
[2025-04-17T14:23:05.686+0000] {processor.py:925} INFO - DAG(s) 'example_task_group' retrieved from /home/airflow/.local/lib/python3.12/site-packages/airflow/example_dags/example_task_group.py
[2025-04-17T14:23:05.740+0000] {logging_mixin.py:190} INFO - [2025-04-17T14:23:05.740+0000] {dag.py:3239} INFO - Sync 1 DAGs
[2025-04-17T14:23:05.777+0000] {logging_mixin.py:190} INFO - [2025-04-17T14:23:05.777+0000] {dag.py:4180} INFO - Setting next_dagrun for example_task_group to None, run_after=None
[2025-04-17T14:23:05.832+0000] {processor.py:208} INFO - Processing /home/airflow/.local/lib/python3.12/site-packages/airflow/example_dags/example_task_group.py took 0.205 seconds
[2025-04-17T14:23:36.398+0000] {processor.py:186} INFO - Started process (PID=2003) to work on /home/airflow/.local/lib/python3.12/site-packages/airflow/example_dags/example_task_group.py
[2025-04-17T14:23:36.400+0000] {processor.py:914} INFO - Processing file /home/airflow/.local/lib/python3.12/site-packages/airflow/example_dags/example_task_group.py for tasks to queue
[2025-04-17T14:23:36.408+0000] {logging_mixin.py:190} INFO - [2025-04-17T14:23:36.406+0000] {dagbag.py:588} INFO - Filling up the DagBag from /home/airflow/.local/lib/python3.12/site-packages/airflow/example_dags/example_task_group.py
[2025-04-17T14:23:36.431+0000] {processor.py:925} INFO - DAG(s) 'example_task_group' retrieved from /home/airflow/.local/lib/python3.12/site-packages/airflow/example_dags/example_task_group.py
[2025-04-17T14:23:36.485+0000] {logging_mixin.py:190} INFO - [2025-04-17T14:23:36.484+0000] {dag.py:3239} INFO - Sync 1 DAGs
[2025-04-17T14:23:36.521+0000] {logging_mixin.py:190} INFO - [2025-04-17T14:23:36.521+0000] {dag.py:4180} INFO - Setting next_dagrun for example_task_group to None, run_after=None
[2025-04-17T14:23:36.585+0000] {processor.py:208} INFO - Processing /home/airflow/.local/lib/python3.12/site-packages/airflow/example_dags/example_task_group.py took 0.202 seconds
[2025-04-17T14:24:07.247+0000] {processor.py:186} INFO - Started process (PID=2311) to work on /home/airflow/.local/lib/python3.12/site-packages/airflow/example_dags/example_task_group.py
[2025-04-17T14:24:07.251+0000] {processor.py:914} INFO - Processing file /home/airflow/.local/lib/python3.12/site-packages/airflow/example_dags/example_task_group.py for tasks to queue
[2025-04-17T14:24:07.257+0000] {logging_mixin.py:190} INFO - [2025-04-17T14:24:07.256+0000] {dagbag.py:588} INFO - Filling up the DagBag from /home/airflow/.local/lib/python3.12/site-packages/airflow/example_dags/example_task_group.py
[2025-04-17T14:24:07.295+0000] {processor.py:925} INFO - DAG(s) 'example_task_group' retrieved from /home/airflow/.local/lib/python3.12/site-packages/airflow/example_dags/example_task_group.py
[2025-04-17T14:24:07.364+0000] {logging_mixin.py:190} INFO - [2025-04-17T14:24:07.363+0000] {dag.py:3239} INFO - Sync 1 DAGs
[2025-04-17T14:24:07.426+0000] {logging_mixin.py:190} INFO - [2025-04-17T14:24:07.425+0000] {dag.py:4180} INFO - Setting next_dagrun for example_task_group to None, run_after=None
[2025-04-17T14:24:07.517+0000] {processor.py:208} INFO - Processing /home/airflow/.local/lib/python3.12/site-packages/airflow/example_dags/example_task_group.py took 0.290 seconds
[2025-04-17T14:24:38.164+0000] {processor.py:186} INFO - Started process (PID=2610) to work on /home/airflow/.local/lib/python3.12/site-packages/airflow/example_dags/example_task_group.py
[2025-04-17T14:24:38.169+0000] {processor.py:914} INFO - Processing file /home/airflow/.local/lib/python3.12/site-packages/airflow/example_dags/example_task_group.py for tasks to queue
[2025-04-17T14:24:38.174+0000] {logging_mixin.py:190} INFO - [2025-04-17T14:24:38.173+0000] {dagbag.py:588} INFO - Filling up the DagBag from /home/airflow/.local/lib/python3.12/site-packages/airflow/example_dags/example_task_group.py
[2025-04-17T14:24:38.200+0000] {processor.py:925} INFO - DAG(s) 'example_task_group' retrieved from /home/airflow/.local/lib/python3.12/site-packages/airflow/example_dags/example_task_group.py
[2025-04-17T14:24:38.243+0000] {logging_mixin.py:190} INFO - [2025-04-17T14:24:38.242+0000] {dag.py:3239} INFO - Sync 1 DAGs
[2025-04-17T14:24:38.271+0000] {logging_mixin.py:190} INFO - [2025-04-17T14:24:38.271+0000] {dag.py:4180} INFO - Setting next_dagrun for example_task_group to None, run_after=None
[2025-04-17T14:24:38.315+0000] {processor.py:208} INFO - Processing /home/airflow/.local/lib/python3.12/site-packages/airflow/example_dags/example_task_group.py took 0.168 seconds
[2025-04-17T14:25:12.085+0000] {processor.py:186} INFO - Started process (PID=2914) to work on /home/airflow/.local/lib/python3.12/site-packages/airflow/example_dags/example_task_group.py
[2025-04-17T14:25:12.090+0000] {processor.py:914} INFO - Processing file /home/airflow/.local/lib/python3.12/site-packages/airflow/example_dags/example_task_group.py for tasks to queue
[2025-04-17T14:25:12.112+0000] {logging_mixin.py:190} INFO - [2025-04-17T14:25:12.111+0000] {dagbag.py:588} INFO - Filling up the DagBag from /home/airflow/.local/lib/python3.12/site-packages/airflow/example_dags/example_task_group.py
[2025-04-17T14:25:12.172+0000] {processor.py:925} INFO - DAG(s) 'example_task_group' retrieved from /home/airflow/.local/lib/python3.12/site-packages/airflow/example_dags/example_task_group.py
[2025-04-17T14:25:12.350+0000] {logging_mixin.py:190} INFO - [2025-04-17T14:25:12.350+0000] {dag.py:3239} INFO - Sync 1 DAGs
[2025-04-17T14:25:12.435+0000] {logging_mixin.py:190} INFO - [2025-04-17T14:25:12.434+0000] {dag.py:4180} INFO - Setting next_dagrun for example_task_group to None, run_after=None
[2025-04-17T14:25:12.594+0000] {processor.py:208} INFO - Processing /home/airflow/.local/lib/python3.12/site-packages/airflow/example_dags/example_task_group.py took 0.571 seconds
