[2025-04-17T14:20:55.483+0000] {processor.py:186} INFO - Started process (PID=437) to work on /home/airflow/.local/lib/python3.12/site-packages/airflow/example_dags/example_nested_branch_dag.py
[2025-04-17T14:20:55.496+0000] {processor.py:914} INFO - Processing file /home/airflow/.local/lib/python3.12/site-packages/airflow/example_dags/example_nested_branch_dag.py for tasks to queue
[2025-04-17T14:20:55.529+0000] {logging_mixin.py:190} INFO - [2025-04-17T14:20:55.527+0000] {dagbag.py:588} INFO - Filling up the DagBag from /home/airflow/.local/lib/python3.12/site-packages/airflow/example_dags/example_nested_branch_dag.py
[2025-04-17T14:20:55.574+0000] {processor.py:925} INFO - DAG(s) 'example_nested_branch_dag' retrieved from /home/airflow/.local/lib/python3.12/site-packages/airflow/example_dags/example_nested_branch_dag.py
[2025-04-17T14:20:55.699+0000] {logging_mixin.py:190} INFO - [2025-04-17T14:20:55.698+0000] {dag.py:3239} INFO - Sync 1 DAGs
[2025-04-17T14:20:55.785+0000] {logging_mixin.py:190} INFO - [2025-04-17T14:20:55.784+0000] {dag.py:4180} INFO - Setting next_dagrun for example_nested_branch_dag to 2025-04-16 00:00:00+00:00, run_after=2025-04-17 00:00:00+00:00
[2025-04-17T14:20:55.907+0000] {processor.py:208} INFO - Processing /home/airflow/.local/lib/python3.12/site-packages/airflow/example_dags/example_nested_branch_dag.py took 0.482 seconds
[2025-04-17T14:21:26.892+0000] {processor.py:186} INFO - Started process (PID=727) to work on /home/airflow/.local/lib/python3.12/site-packages/airflow/example_dags/example_nested_branch_dag.py
[2025-04-17T14:21:26.897+0000] {processor.py:914} INFO - Processing file /home/airflow/.local/lib/python3.12/site-packages/airflow/example_dags/example_nested_branch_dag.py for tasks to queue
[2025-04-17T14:21:26.904+0000] {logging_mixin.py:190} INFO - [2025-04-17T14:21:26.903+0000] {dagbag.py:588} INFO - Filling up the DagBag from /home/airflow/.local/lib/python3.12/site-packages/airflow/example_dags/example_nested_branch_dag.py
[2025-04-17T14:21:26.939+0000] {processor.py:925} INFO - DAG(s) 'example_nested_branch_dag' retrieved from /home/airflow/.local/lib/python3.12/site-packages/airflow/example_dags/example_nested_branch_dag.py
[2025-04-17T14:21:27.001+0000] {logging_mixin.py:190} INFO - [2025-04-17T14:21:27.001+0000] {dag.py:3239} INFO - Sync 1 DAGs
[2025-04-17T14:21:27.099+0000] {logging_mixin.py:190} INFO - [2025-04-17T14:21:27.098+0000] {dag.py:4180} INFO - Setting next_dagrun for example_nested_branch_dag to 2025-04-16 00:00:00+00:00, run_after=2025-04-17 00:00:00+00:00
[2025-04-17T14:21:27.206+0000] {processor.py:208} INFO - Processing /home/airflow/.local/lib/python3.12/site-packages/airflow/example_dags/example_nested_branch_dag.py took 0.329 seconds
[2025-04-17T14:21:58.102+0000] {processor.py:186} INFO - Started process (PID=1030) to work on /home/airflow/.local/lib/python3.12/site-packages/airflow/example_dags/example_nested_branch_dag.py
[2025-04-17T14:21:58.105+0000] {processor.py:914} INFO - Processing file /home/airflow/.local/lib/python3.12/site-packages/airflow/example_dags/example_nested_branch_dag.py for tasks to queue
[2025-04-17T14:21:58.113+0000] {logging_mixin.py:190} INFO - [2025-04-17T14:21:58.112+0000] {dagbag.py:588} INFO - Filling up the DagBag from /home/airflow/.local/lib/python3.12/site-packages/airflow/example_dags/example_nested_branch_dag.py
[2025-04-17T14:21:58.143+0000] {processor.py:925} INFO - DAG(s) 'example_nested_branch_dag' retrieved from /home/airflow/.local/lib/python3.12/site-packages/airflow/example_dags/example_nested_branch_dag.py
[2025-04-17T14:21:58.205+0000] {logging_mixin.py:190} INFO - [2025-04-17T14:21:58.205+0000] {dag.py:3239} INFO - Sync 1 DAGs
[2025-04-17T14:21:58.270+0000] {logging_mixin.py:190} INFO - [2025-04-17T14:21:58.270+0000] {dag.py:4180} INFO - Setting next_dagrun for example_nested_branch_dag to 2025-04-16 00:00:00+00:00, run_after=2025-04-17 00:00:00+00:00
[2025-04-17T14:21:58.335+0000] {processor.py:208} INFO - Processing /home/airflow/.local/lib/python3.12/site-packages/airflow/example_dags/example_nested_branch_dag.py took 0.247 seconds
[2025-04-17T14:22:28.599+0000] {processor.py:186} INFO - Started process (PID=1324) to work on /home/airflow/.local/lib/python3.12/site-packages/airflow/example_dags/example_nested_branch_dag.py
[2025-04-17T14:22:28.602+0000] {processor.py:914} INFO - Processing file /home/airflow/.local/lib/python3.12/site-packages/airflow/example_dags/example_nested_branch_dag.py for tasks to queue
[2025-04-17T14:22:28.609+0000] {logging_mixin.py:190} INFO - [2025-04-17T14:22:28.608+0000] {dagbag.py:588} INFO - Filling up the DagBag from /home/airflow/.local/lib/python3.12/site-packages/airflow/example_dags/example_nested_branch_dag.py
[2025-04-17T14:22:28.645+0000] {processor.py:925} INFO - DAG(s) 'example_nested_branch_dag' retrieved from /home/airflow/.local/lib/python3.12/site-packages/airflow/example_dags/example_nested_branch_dag.py
[2025-04-17T14:22:28.710+0000] {logging_mixin.py:190} INFO - [2025-04-17T14:22:28.709+0000] {dag.py:3239} INFO - Sync 1 DAGs
[2025-04-17T14:22:28.785+0000] {logging_mixin.py:190} INFO - [2025-04-17T14:22:28.784+0000] {dag.py:4180} INFO - Setting next_dagrun for example_nested_branch_dag to 2025-04-16 00:00:00+00:00, run_after=2025-04-17 00:00:00+00:00
[2025-04-17T14:22:28.859+0000] {processor.py:208} INFO - Processing /home/airflow/.local/lib/python3.12/site-packages/airflow/example_dags/example_nested_branch_dag.py took 0.277 seconds
[2025-04-17T14:22:59.756+0000] {processor.py:186} INFO - Started process (PID=1629) to work on /home/airflow/.local/lib/python3.12/site-packages/airflow/example_dags/example_nested_branch_dag.py
[2025-04-17T14:22:59.758+0000] {processor.py:914} INFO - Processing file /home/airflow/.local/lib/python3.12/site-packages/airflow/example_dags/example_nested_branch_dag.py for tasks to queue
[2025-04-17T14:22:59.768+0000] {logging_mixin.py:190} INFO - [2025-04-17T14:22:59.767+0000] {dagbag.py:588} INFO - Filling up the DagBag from /home/airflow/.local/lib/python3.12/site-packages/airflow/example_dags/example_nested_branch_dag.py
[2025-04-17T14:22:59.795+0000] {processor.py:925} INFO - DAG(s) 'example_nested_branch_dag' retrieved from /home/airflow/.local/lib/python3.12/site-packages/airflow/example_dags/example_nested_branch_dag.py
[2025-04-17T14:22:59.840+0000] {logging_mixin.py:190} INFO - [2025-04-17T14:22:59.840+0000] {dag.py:3239} INFO - Sync 1 DAGs
[2025-04-17T14:22:59.888+0000] {logging_mixin.py:190} INFO - [2025-04-17T14:22:59.888+0000] {dag.py:4180} INFO - Setting next_dagrun for example_nested_branch_dag to 2025-04-16 00:00:00+00:00, run_after=2025-04-17 00:00:00+00:00
[2025-04-17T14:22:59.935+0000] {processor.py:208} INFO - Processing /home/airflow/.local/lib/python3.12/site-packages/airflow/example_dags/example_nested_branch_dag.py took 0.194 seconds
[2025-04-17T14:23:29.995+0000] {processor.py:186} INFO - Started process (PID=1923) to work on /home/airflow/.local/lib/python3.12/site-packages/airflow/example_dags/example_nested_branch_dag.py
[2025-04-17T14:23:29.998+0000] {processor.py:914} INFO - Processing file /home/airflow/.local/lib/python3.12/site-packages/airflow/example_dags/example_nested_branch_dag.py for tasks to queue
[2025-04-17T14:23:30.004+0000] {logging_mixin.py:190} INFO - [2025-04-17T14:23:30.003+0000] {dagbag.py:588} INFO - Filling up the DagBag from /home/airflow/.local/lib/python3.12/site-packages/airflow/example_dags/example_nested_branch_dag.py
[2025-04-17T14:23:30.035+0000] {processor.py:925} INFO - DAG(s) 'example_nested_branch_dag' retrieved from /home/airflow/.local/lib/python3.12/site-packages/airflow/example_dags/example_nested_branch_dag.py
[2025-04-17T14:23:30.092+0000] {logging_mixin.py:190} INFO - [2025-04-17T14:23:30.092+0000] {dag.py:3239} INFO - Sync 1 DAGs
[2025-04-17T14:23:30.175+0000] {logging_mixin.py:190} INFO - [2025-04-17T14:23:30.174+0000] {dag.py:4180} INFO - Setting next_dagrun for example_nested_branch_dag to 2025-04-16 00:00:00+00:00, run_after=2025-04-17 00:00:00+00:00
[2025-04-17T14:23:30.237+0000] {processor.py:208} INFO - Processing /home/airflow/.local/lib/python3.12/site-packages/airflow/example_dags/example_nested_branch_dag.py took 0.256 seconds
[2025-04-17T14:24:00.505+0000] {processor.py:186} INFO - Started process (PID=2224) to work on /home/airflow/.local/lib/python3.12/site-packages/airflow/example_dags/example_nested_branch_dag.py
[2025-04-17T14:24:00.511+0000] {processor.py:914} INFO - Processing file /home/airflow/.local/lib/python3.12/site-packages/airflow/example_dags/example_nested_branch_dag.py for tasks to queue
[2025-04-17T14:24:00.530+0000] {logging_mixin.py:190} INFO - [2025-04-17T14:24:00.527+0000] {dagbag.py:588} INFO - Filling up the DagBag from /home/airflow/.local/lib/python3.12/site-packages/airflow/example_dags/example_nested_branch_dag.py
[2025-04-17T14:24:00.580+0000] {processor.py:925} INFO - DAG(s) 'example_nested_branch_dag' retrieved from /home/airflow/.local/lib/python3.12/site-packages/airflow/example_dags/example_nested_branch_dag.py
[2025-04-17T14:24:00.651+0000] {logging_mixin.py:190} INFO - [2025-04-17T14:24:00.650+0000] {dag.py:3239} INFO - Sync 1 DAGs
[2025-04-17T14:24:00.748+0000] {logging_mixin.py:190} INFO - [2025-04-17T14:24:00.748+0000] {dag.py:4180} INFO - Setting next_dagrun for example_nested_branch_dag to 2025-04-16 00:00:00+00:00, run_after=2025-04-17 00:00:00+00:00
[2025-04-17T14:24:00.868+0000] {processor.py:208} INFO - Processing /home/airflow/.local/lib/python3.12/site-packages/airflow/example_dags/example_nested_branch_dag.py took 0.404 seconds
[2025-04-17T14:24:31.297+0000] {processor.py:186} INFO - Started process (PID=2530) to work on /home/airflow/.local/lib/python3.12/site-packages/airflow/example_dags/example_nested_branch_dag.py
[2025-04-17T14:24:31.300+0000] {processor.py:914} INFO - Processing file /home/airflow/.local/lib/python3.12/site-packages/airflow/example_dags/example_nested_branch_dag.py for tasks to queue
[2025-04-17T14:24:31.313+0000] {logging_mixin.py:190} INFO - [2025-04-17T14:24:31.310+0000] {dagbag.py:588} INFO - Filling up the DagBag from /home/airflow/.local/lib/python3.12/site-packages/airflow/example_dags/example_nested_branch_dag.py
[2025-04-17T14:24:31.351+0000] {processor.py:925} INFO - DAG(s) 'example_nested_branch_dag' retrieved from /home/airflow/.local/lib/python3.12/site-packages/airflow/example_dags/example_nested_branch_dag.py
[2025-04-17T14:24:31.396+0000] {logging_mixin.py:190} INFO - [2025-04-17T14:24:31.396+0000] {dag.py:3239} INFO - Sync 1 DAGs
[2025-04-17T14:24:31.448+0000] {logging_mixin.py:190} INFO - [2025-04-17T14:24:31.447+0000] {dag.py:4180} INFO - Setting next_dagrun for example_nested_branch_dag to 2025-04-16 00:00:00+00:00, run_after=2025-04-17 00:00:00+00:00
[2025-04-17T14:24:31.494+0000] {processor.py:208} INFO - Processing /home/airflow/.local/lib/python3.12/site-packages/airflow/example_dags/example_nested_branch_dag.py took 0.215 seconds
[2025-04-17T14:25:02.602+0000] {processor.py:186} INFO - Started process (PID=2823) to work on /home/airflow/.local/lib/python3.12/site-packages/airflow/example_dags/example_nested_branch_dag.py
[2025-04-17T14:25:02.604+0000] {processor.py:914} INFO - Processing file /home/airflow/.local/lib/python3.12/site-packages/airflow/example_dags/example_nested_branch_dag.py for tasks to queue
[2025-04-17T14:25:02.609+0000] {logging_mixin.py:190} INFO - [2025-04-17T14:25:02.608+0000] {dagbag.py:588} INFO - Filling up the DagBag from /home/airflow/.local/lib/python3.12/site-packages/airflow/example_dags/example_nested_branch_dag.py
[2025-04-17T14:25:02.638+0000] {processor.py:925} INFO - DAG(s) 'example_nested_branch_dag' retrieved from /home/airflow/.local/lib/python3.12/site-packages/airflow/example_dags/example_nested_branch_dag.py
[2025-04-17T14:25:02.685+0000] {logging_mixin.py:190} INFO - [2025-04-17T14:25:02.685+0000] {dag.py:3239} INFO - Sync 1 DAGs
[2025-04-17T14:25:02.750+0000] {logging_mixin.py:190} INFO - [2025-04-17T14:25:02.750+0000] {dag.py:4180} INFO - Setting next_dagrun for example_nested_branch_dag to 2025-04-16 00:00:00+00:00, run_after=2025-04-17 00:00:00+00:00
[2025-04-17T14:25:03.026+0000] {processor.py:208} INFO - Processing /home/airflow/.local/lib/python3.12/site-packages/airflow/example_dags/example_nested_branch_dag.py took 0.438 seconds
[2025-04-17T14:25:34.383+0000] {processor.py:186} INFO - Started process (PID=3140) to work on /home/airflow/.local/lib/python3.12/site-packages/airflow/example_dags/example_nested_branch_dag.py
[2025-04-17T14:25:34.385+0000] {processor.py:914} INFO - Processing file /home/airflow/.local/lib/python3.12/site-packages/airflow/example_dags/example_nested_branch_dag.py for tasks to queue
[2025-04-17T14:25:34.398+0000] {logging_mixin.py:190} INFO - [2025-04-17T14:25:34.397+0000] {dagbag.py:588} INFO - Filling up the DagBag from /home/airflow/.local/lib/python3.12/site-packages/airflow/example_dags/example_nested_branch_dag.py
[2025-04-17T14:25:34.434+0000] {processor.py:925} INFO - DAG(s) 'example_nested_branch_dag' retrieved from /home/airflow/.local/lib/python3.12/site-packages/airflow/example_dags/example_nested_branch_dag.py
[2025-04-17T14:25:34.538+0000] {logging_mixin.py:190} INFO - [2025-04-17T14:25:34.538+0000] {dag.py:3239} INFO - Sync 1 DAGs
[2025-04-17T14:25:34.618+0000] {logging_mixin.py:190} INFO - [2025-04-17T14:25:34.617+0000] {dag.py:4180} INFO - Setting next_dagrun for example_nested_branch_dag to 2025-04-16 00:00:00+00:00, run_after=2025-04-17 00:00:00+00:00
[2025-04-17T14:25:34.696+0000] {processor.py:208} INFO - Processing /home/airflow/.local/lib/python3.12/site-packages/airflow/example_dags/example_nested_branch_dag.py took 0.330 seconds
