[2025-04-17T14:20:43.782+0000] {processor.py:186} INFO - Started process (PID=367) to work on /home/airflow/.local/lib/python3.12/site-packages/airflow/example_dags/example_inlet_event_extra.py
[2025-04-17T14:20:43.788+0000] {processor.py:914} INFO - Processing file /home/airflow/.local/lib/python3.12/site-packages/airflow/example_dags/example_inlet_event_extra.py for tasks to queue
[2025-04-17T14:20:43.806+0000] {logging_mixin.py:190} INFO - [2025-04-17T14:20:43.805+0000] {dagbag.py:588} INFO - Filling up the DagBag from /home/airflow/.local/lib/python3.12/site-packages/airflow/example_dags/example_inlet_event_extra.py
[2025-04-17T14:20:47.586+0000] {processor.py:925} INFO - DAG(s) 'read_dataset_event', 'read_dataset_event_from_classic' retrieved from /home/airflow/.local/lib/python3.12/site-packages/airflow/example_dags/example_inlet_event_extra.py
[2025-04-17T14:20:47.845+0000] {logging_mixin.py:190} INFO - [2025-04-17T14:20:47.844+0000] {dag.py:3239} INFO - Sync 2 DAGs
[2025-04-17T14:20:48.088+0000] {logging_mixin.py:190} INFO - [2025-04-17T14:20:48.087+0000] {dag.py:4180} INFO - Setting next_dagrun for read_dataset_event to 2025-04-16 00:00:00+00:00, run_after=2025-04-17 00:00:00+00:00
[2025-04-17T14:20:48.113+0000] {logging_mixin.py:190} INFO - [2025-04-17T14:20:48.113+0000] {dag.py:4180} INFO - Setting next_dagrun for read_dataset_event_from_classic to 2025-04-16 00:00:00+00:00, run_after=2025-04-17 00:00:00+00:00
[2025-04-17T14:20:48.252+0000] {processor.py:208} INFO - Processing /home/airflow/.local/lib/python3.12/site-packages/airflow/example_dags/example_inlet_event_extra.py took 4.502 seconds
[2025-04-17T14:21:20.596+0000] {processor.py:186} INFO - Started process (PID=660) to work on /home/airflow/.local/lib/python3.12/site-packages/airflow/example_dags/example_inlet_event_extra.py
[2025-04-17T14:21:20.604+0000] {processor.py:914} INFO - Processing file /home/airflow/.local/lib/python3.12/site-packages/airflow/example_dags/example_inlet_event_extra.py for tasks to queue
[2025-04-17T14:21:20.620+0000] {logging_mixin.py:190} INFO - [2025-04-17T14:21:20.619+0000] {dagbag.py:588} INFO - Filling up the DagBag from /home/airflow/.local/lib/python3.12/site-packages/airflow/example_dags/example_inlet_event_extra.py
[2025-04-17T14:21:22.768+0000] {processor.py:925} INFO - DAG(s) 'read_dataset_event_from_classic', 'read_dataset_event' retrieved from /home/airflow/.local/lib/python3.12/site-packages/airflow/example_dags/example_inlet_event_extra.py
[2025-04-17T14:21:22.833+0000] {logging_mixin.py:190} INFO - [2025-04-17T14:21:22.833+0000] {dag.py:3239} INFO - Sync 2 DAGs
[2025-04-17T14:21:22.914+0000] {logging_mixin.py:190} INFO - [2025-04-17T14:21:22.913+0000] {dag.py:4180} INFO - Setting next_dagrun for read_dataset_event to 2025-04-16 00:00:00+00:00, run_after=2025-04-17 00:00:00+00:00
[2025-04-17T14:21:22.944+0000] {logging_mixin.py:190} INFO - [2025-04-17T14:21:22.943+0000] {dag.py:4180} INFO - Setting next_dagrun for read_dataset_event_from_classic to 2025-04-16 00:00:00+00:00, run_after=2025-04-17 00:00:00+00:00
[2025-04-17T14:21:23.024+0000] {processor.py:208} INFO - Processing /home/airflow/.local/lib/python3.12/site-packages/airflow/example_dags/example_inlet_event_extra.py took 2.475 seconds
[2025-04-17T14:21:53.170+0000] {processor.py:186} INFO - Started process (PID=982) to work on /home/airflow/.local/lib/python3.12/site-packages/airflow/example_dags/example_inlet_event_extra.py
[2025-04-17T14:21:53.175+0000] {processor.py:914} INFO - Processing file /home/airflow/.local/lib/python3.12/site-packages/airflow/example_dags/example_inlet_event_extra.py for tasks to queue
[2025-04-17T14:21:53.185+0000] {logging_mixin.py:190} INFO - [2025-04-17T14:21:53.184+0000] {dagbag.py:588} INFO - Filling up the DagBag from /home/airflow/.local/lib/python3.12/site-packages/airflow/example_dags/example_inlet_event_extra.py
[2025-04-17T14:21:54.647+0000] {processor.py:925} INFO - DAG(s) 'read_dataset_event_from_classic', 'read_dataset_event' retrieved from /home/airflow/.local/lib/python3.12/site-packages/airflow/example_dags/example_inlet_event_extra.py
[2025-04-17T14:21:54.774+0000] {logging_mixin.py:190} INFO - [2025-04-17T14:21:54.771+0000] {dag.py:3239} INFO - Sync 2 DAGs
[2025-04-17T14:21:54.883+0000] {logging_mixin.py:190} INFO - [2025-04-17T14:21:54.882+0000] {dag.py:4180} INFO - Setting next_dagrun for read_dataset_event to 2025-04-16 00:00:00+00:00, run_after=2025-04-17 00:00:00+00:00
[2025-04-17T14:21:54.922+0000] {logging_mixin.py:190} INFO - [2025-04-17T14:21:54.922+0000] {dag.py:4180} INFO - Setting next_dagrun for read_dataset_event_from_classic to 2025-04-16 00:00:00+00:00, run_after=2025-04-17 00:00:00+00:00
[2025-04-17T14:21:55.002+0000] {processor.py:208} INFO - Processing /home/airflow/.local/lib/python3.12/site-packages/airflow/example_dags/example_inlet_event_extra.py took 1.848 seconds
[2025-04-17T14:22:25.185+0000] {processor.py:186} INFO - Started process (PID=1286) to work on /home/airflow/.local/lib/python3.12/site-packages/airflow/example_dags/example_inlet_event_extra.py
[2025-04-17T14:22:25.187+0000] {processor.py:914} INFO - Processing file /home/airflow/.local/lib/python3.12/site-packages/airflow/example_dags/example_inlet_event_extra.py for tasks to queue
[2025-04-17T14:22:25.196+0000] {logging_mixin.py:190} INFO - [2025-04-17T14:22:25.195+0000] {dagbag.py:588} INFO - Filling up the DagBag from /home/airflow/.local/lib/python3.12/site-packages/airflow/example_dags/example_inlet_event_extra.py
[2025-04-17T14:22:26.604+0000] {processor.py:925} INFO - DAG(s) 'read_dataset_event_from_classic', 'read_dataset_event' retrieved from /home/airflow/.local/lib/python3.12/site-packages/airflow/example_dags/example_inlet_event_extra.py
[2025-04-17T14:22:26.649+0000] {logging_mixin.py:190} INFO - [2025-04-17T14:22:26.648+0000] {dag.py:3239} INFO - Sync 2 DAGs
[2025-04-17T14:22:26.720+0000] {logging_mixin.py:190} INFO - [2025-04-17T14:22:26.720+0000] {dag.py:4180} INFO - Setting next_dagrun for read_dataset_event to 2025-04-16 00:00:00+00:00, run_after=2025-04-17 00:00:00+00:00
[2025-04-17T14:22:26.740+0000] {logging_mixin.py:190} INFO - [2025-04-17T14:22:26.739+0000] {dag.py:4180} INFO - Setting next_dagrun for read_dataset_event_from_classic to 2025-04-16 00:00:00+00:00, run_after=2025-04-17 00:00:00+00:00
[2025-04-17T14:22:26.801+0000] {processor.py:208} INFO - Processing /home/airflow/.local/lib/python3.12/site-packages/airflow/example_dags/example_inlet_event_extra.py took 1.632 seconds
[2025-04-17T14:22:57.158+0000] {processor.py:186} INFO - Started process (PID=1609) to work on /home/airflow/.local/lib/python3.12/site-packages/airflow/example_dags/example_inlet_event_extra.py
[2025-04-17T14:22:57.161+0000] {processor.py:914} INFO - Processing file /home/airflow/.local/lib/python3.12/site-packages/airflow/example_dags/example_inlet_event_extra.py for tasks to queue
[2025-04-17T14:22:57.169+0000] {logging_mixin.py:190} INFO - [2025-04-17T14:22:57.168+0000] {dagbag.py:588} INFO - Filling up the DagBag from /home/airflow/.local/lib/python3.12/site-packages/airflow/example_dags/example_inlet_event_extra.py
[2025-04-17T14:22:58.439+0000] {processor.py:925} INFO - DAG(s) 'read_dataset_event_from_classic', 'read_dataset_event' retrieved from /home/airflow/.local/lib/python3.12/site-packages/airflow/example_dags/example_inlet_event_extra.py
[2025-04-17T14:22:58.485+0000] {logging_mixin.py:190} INFO - [2025-04-17T14:22:58.484+0000] {dag.py:3239} INFO - Sync 2 DAGs
[2025-04-17T14:22:58.542+0000] {logging_mixin.py:190} INFO - [2025-04-17T14:22:58.541+0000] {dag.py:4180} INFO - Setting next_dagrun for read_dataset_event to 2025-04-16 00:00:00+00:00, run_after=2025-04-17 00:00:00+00:00
[2025-04-17T14:22:58.556+0000] {logging_mixin.py:190} INFO - [2025-04-17T14:22:58.555+0000] {dag.py:4180} INFO - Setting next_dagrun for read_dataset_event_from_classic to 2025-04-16 00:00:00+00:00, run_after=2025-04-17 00:00:00+00:00
[2025-04-17T14:22:58.620+0000] {processor.py:208} INFO - Processing /home/airflow/.local/lib/python3.12/site-packages/airflow/example_dags/example_inlet_event_extra.py took 1.476 seconds
[2025-04-17T14:23:28.772+0000] {processor.py:186} INFO - Started process (PID=1915) to work on /home/airflow/.local/lib/python3.12/site-packages/airflow/example_dags/example_inlet_event_extra.py
[2025-04-17T14:23:28.775+0000] {processor.py:914} INFO - Processing file /home/airflow/.local/lib/python3.12/site-packages/airflow/example_dags/example_inlet_event_extra.py for tasks to queue
[2025-04-17T14:23:28.781+0000] {logging_mixin.py:190} INFO - [2025-04-17T14:23:28.780+0000] {dagbag.py:588} INFO - Filling up the DagBag from /home/airflow/.local/lib/python3.12/site-packages/airflow/example_dags/example_inlet_event_extra.py
[2025-04-17T14:23:29.946+0000] {processor.py:925} INFO - DAG(s) 'read_dataset_event', 'read_dataset_event_from_classic' retrieved from /home/airflow/.local/lib/python3.12/site-packages/airflow/example_dags/example_inlet_event_extra.py
[2025-04-17T14:23:29.993+0000] {logging_mixin.py:190} INFO - [2025-04-17T14:23:29.992+0000] {dag.py:3239} INFO - Sync 2 DAGs
[2025-04-17T14:23:30.070+0000] {logging_mixin.py:190} INFO - [2025-04-17T14:23:30.070+0000] {dag.py:4180} INFO - Setting next_dagrun for read_dataset_event to 2025-04-16 00:00:00+00:00, run_after=2025-04-17 00:00:00+00:00
[2025-04-17T14:23:30.083+0000] {logging_mixin.py:190} INFO - [2025-04-17T14:23:30.083+0000] {dag.py:4180} INFO - Setting next_dagrun for read_dataset_event_from_classic to 2025-04-16 00:00:00+00:00, run_after=2025-04-17 00:00:00+00:00
[2025-04-17T14:23:30.150+0000] {processor.py:208} INFO - Processing /home/airflow/.local/lib/python3.12/site-packages/airflow/example_dags/example_inlet_event_extra.py took 1.390 seconds
[2025-04-17T14:24:00.464+0000] {processor.py:186} INFO - Started process (PID=2221) to work on /home/airflow/.local/lib/python3.12/site-packages/airflow/example_dags/example_inlet_event_extra.py
[2025-04-17T14:24:00.475+0000] {processor.py:914} INFO - Processing file /home/airflow/.local/lib/python3.12/site-packages/airflow/example_dags/example_inlet_event_extra.py for tasks to queue
[2025-04-17T14:24:00.493+0000] {logging_mixin.py:190} INFO - [2025-04-17T14:24:00.489+0000] {dagbag.py:588} INFO - Filling up the DagBag from /home/airflow/.local/lib/python3.12/site-packages/airflow/example_dags/example_inlet_event_extra.py
[2025-04-17T14:24:02.894+0000] {processor.py:925} INFO - DAG(s) 'read_dataset_event_from_classic', 'read_dataset_event' retrieved from /home/airflow/.local/lib/python3.12/site-packages/airflow/example_dags/example_inlet_event_extra.py
[2025-04-17T14:24:03.033+0000] {logging_mixin.py:190} INFO - [2025-04-17T14:24:03.033+0000] {dag.py:3239} INFO - Sync 2 DAGs
[2025-04-17T14:24:03.159+0000] {logging_mixin.py:190} INFO - [2025-04-17T14:24:03.158+0000] {dag.py:4180} INFO - Setting next_dagrun for read_dataset_event to 2025-04-16 00:00:00+00:00, run_after=2025-04-17 00:00:00+00:00
[2025-04-17T14:24:03.270+0000] {logging_mixin.py:190} INFO - [2025-04-17T14:24:03.270+0000] {dag.py:4180} INFO - Setting next_dagrun for read_dataset_event_from_classic to 2025-04-16 00:00:00+00:00, run_after=2025-04-17 00:00:00+00:00
[2025-04-17T14:24:03.436+0000] {processor.py:208} INFO - Processing /home/airflow/.local/lib/python3.12/site-packages/airflow/example_dags/example_inlet_event_extra.py took 2.998 seconds
[2025-04-17T14:24:33.760+0000] {processor.py:186} INFO - Started process (PID=2545) to work on /home/airflow/.local/lib/python3.12/site-packages/airflow/example_dags/example_inlet_event_extra.py
[2025-04-17T14:24:33.764+0000] {processor.py:914} INFO - Processing file /home/airflow/.local/lib/python3.12/site-packages/airflow/example_dags/example_inlet_event_extra.py for tasks to queue
[2025-04-17T14:24:33.771+0000] {logging_mixin.py:190} INFO - [2025-04-17T14:24:33.770+0000] {dagbag.py:588} INFO - Filling up the DagBag from /home/airflow/.local/lib/python3.12/site-packages/airflow/example_dags/example_inlet_event_extra.py
[2025-04-17T14:24:34.955+0000] {processor.py:925} INFO - DAG(s) 'read_dataset_event_from_classic', 'read_dataset_event' retrieved from /home/airflow/.local/lib/python3.12/site-packages/airflow/example_dags/example_inlet_event_extra.py
[2025-04-17T14:24:35.007+0000] {logging_mixin.py:190} INFO - [2025-04-17T14:24:35.007+0000] {dag.py:3239} INFO - Sync 2 DAGs
[2025-04-17T14:24:35.085+0000] {logging_mixin.py:190} INFO - [2025-04-17T14:24:35.085+0000] {dag.py:4180} INFO - Setting next_dagrun for read_dataset_event to 2025-04-16 00:00:00+00:00, run_after=2025-04-17 00:00:00+00:00
[2025-04-17T14:24:35.102+0000] {logging_mixin.py:190} INFO - [2025-04-17T14:24:35.101+0000] {dag.py:4180} INFO - Setting next_dagrun for read_dataset_event_from_classic to 2025-04-16 00:00:00+00:00, run_after=2025-04-17 00:00:00+00:00
[2025-04-17T14:24:35.167+0000] {processor.py:208} INFO - Processing /home/airflow/.local/lib/python3.12/site-packages/airflow/example_dags/example_inlet_event_extra.py took 1.424 seconds
[2025-04-17T14:25:05.813+0000] {processor.py:186} INFO - Started process (PID=2854) to work on /home/airflow/.local/lib/python3.12/site-packages/airflow/example_dags/example_inlet_event_extra.py
[2025-04-17T14:25:05.817+0000] {processor.py:914} INFO - Processing file /home/airflow/.local/lib/python3.12/site-packages/airflow/example_dags/example_inlet_event_extra.py for tasks to queue
[2025-04-17T14:25:05.839+0000] {logging_mixin.py:190} INFO - [2025-04-17T14:25:05.837+0000] {dagbag.py:588} INFO - Filling up the DagBag from /home/airflow/.local/lib/python3.12/site-packages/airflow/example_dags/example_inlet_event_extra.py
[2025-04-17T14:25:07.860+0000] {processor.py:925} INFO - DAG(s) 'read_dataset_event_from_classic', 'read_dataset_event' retrieved from /home/airflow/.local/lib/python3.12/site-packages/airflow/example_dags/example_inlet_event_extra.py
[2025-04-17T14:25:07.932+0000] {logging_mixin.py:190} INFO - [2025-04-17T14:25:07.931+0000] {dag.py:3239} INFO - Sync 2 DAGs
[2025-04-17T14:25:08.010+0000] {logging_mixin.py:190} INFO - [2025-04-17T14:25:08.010+0000] {dag.py:4180} INFO - Setting next_dagrun for read_dataset_event to 2025-04-16 00:00:00+00:00, run_after=2025-04-17 00:00:00+00:00
[2025-04-17T14:25:08.029+0000] {logging_mixin.py:190} INFO - [2025-04-17T14:25:08.028+0000] {dag.py:4180} INFO - Setting next_dagrun for read_dataset_event_from_classic to 2025-04-16 00:00:00+00:00, run_after=2025-04-17 00:00:00+00:00
[2025-04-17T14:25:08.243+0000] {processor.py:208} INFO - Processing /home/airflow/.local/lib/python3.12/site-packages/airflow/example_dags/example_inlet_event_extra.py took 2.488 seconds
