[2025-04-17T14:20:10.509+0000] {processor.py:186} INFO - Started process (PID=213) to work on /home/airflow/.local/lib/python3.12/site-packages/airflow/example_dags/example_outlet_event_extra.py
[2025-04-17T14:20:10.524+0000] {processor.py:914} INFO - Processing file /home/airflow/.local/lib/python3.12/site-packages/airflow/example_dags/example_outlet_event_extra.py for tasks to queue
[2025-04-17T14:20:10.597+0000] {logging_mixin.py:190} INFO - [2025-04-17T14:20:10.596+0000] {dagbag.py:588} INFO - Filling up the DagBag from /home/airflow/.local/lib/python3.12/site-packages/airflow/example_dags/example_outlet_event_extra.py
[2025-04-17T14:20:19.321+0000] {processor.py:925} INFO - DAG(s) 'dataset_with_extra_from_classic_operator', 'dataset_with_extra_by_yield', 'dataset_with_extra_by_context' retrieved from /home/airflow/.local/lib/python3.12/site-packages/airflow/example_dags/example_outlet_event_extra.py
[2025-04-17T14:20:19.689+0000] {logging_mixin.py:190} INFO - [2025-04-17T14:20:19.689+0000] {dag.py:3239} INFO - Sync 3 DAGs
[2025-04-17T14:20:20.076+0000] {logging_mixin.py:190} INFO - [2025-04-17T14:20:20.075+0000] {dag.py:4180} INFO - Setting next_dagrun for dataset_with_extra_by_context to 2025-04-16 00:00:00+00:00, run_after=2025-04-17 00:00:00+00:00
[2025-04-17T14:20:20.140+0000] {logging_mixin.py:190} INFO - [2025-04-17T14:20:20.139+0000] {dag.py:4180} INFO - Setting next_dagrun for dataset_with_extra_by_yield to 2025-04-16 00:00:00+00:00, run_after=2025-04-17 00:00:00+00:00
[2025-04-17T14:20:20.178+0000] {logging_mixin.py:190} INFO - [2025-04-17T14:20:20.177+0000] {dag.py:4180} INFO - Setting next_dagrun for dataset_with_extra_from_classic_operator to 2025-04-16 00:00:00+00:00, run_after=2025-04-17 00:00:00+00:00
[2025-04-17T14:20:20.634+0000] {processor.py:208} INFO - Processing /home/airflow/.local/lib/python3.12/site-packages/airflow/example_dags/example_outlet_event_extra.py took 10.202 seconds
[2025-04-17T14:21:01.258+0000] {processor.py:186} INFO - Started process (PID=520) to work on /home/airflow/.local/lib/python3.12/site-packages/airflow/example_dags/example_outlet_event_extra.py
[2025-04-17T14:21:01.261+0000] {processor.py:914} INFO - Processing file /home/airflow/.local/lib/python3.12/site-packages/airflow/example_dags/example_outlet_event_extra.py for tasks to queue
[2025-04-17T14:21:01.268+0000] {logging_mixin.py:190} INFO - [2025-04-17T14:21:01.267+0000] {dagbag.py:588} INFO - Filling up the DagBag from /home/airflow/.local/lib/python3.12/site-packages/airflow/example_dags/example_outlet_event_extra.py
[2025-04-17T14:21:03.307+0000] {processor.py:925} INFO - DAG(s) 'dataset_with_extra_by_yield', 'dataset_with_extra_from_classic_operator', 'dataset_with_extra_by_context' retrieved from /home/airflow/.local/lib/python3.12/site-packages/airflow/example_dags/example_outlet_event_extra.py
[2025-04-17T14:21:03.396+0000] {logging_mixin.py:190} INFO - [2025-04-17T14:21:03.396+0000] {dag.py:3239} INFO - Sync 3 DAGs
[2025-04-17T14:21:03.498+0000] {logging_mixin.py:190} INFO - [2025-04-17T14:21:03.497+0000] {dag.py:4180} INFO - Setting next_dagrun for dataset_with_extra_by_context to 2025-04-16 00:00:00+00:00, run_after=2025-04-17 00:00:00+00:00
[2025-04-17T14:21:03.538+0000] {logging_mixin.py:190} INFO - [2025-04-17T14:21:03.534+0000] {dag.py:4180} INFO - Setting next_dagrun for dataset_with_extra_by_yield to 2025-04-16 00:00:00+00:00, run_after=2025-04-17 00:00:00+00:00
[2025-04-17T14:21:03.567+0000] {logging_mixin.py:190} INFO - [2025-04-17T14:21:03.566+0000] {dag.py:4180} INFO - Setting next_dagrun for dataset_with_extra_from_classic_operator to 2025-04-16 00:00:00+00:00, run_after=2025-04-17 00:00:00+00:00
[2025-04-17T14:21:03.744+0000] {processor.py:208} INFO - Processing /home/airflow/.local/lib/python3.12/site-packages/airflow/example_dags/example_outlet_event_extra.py took 2.504 seconds
[2025-04-17T14:21:34.749+0000] {processor.py:186} INFO - Started process (PID=810) to work on /home/airflow/.local/lib/python3.12/site-packages/airflow/example_dags/example_outlet_event_extra.py
[2025-04-17T14:21:34.758+0000] {processor.py:914} INFO - Processing file /home/airflow/.local/lib/python3.12/site-packages/airflow/example_dags/example_outlet_event_extra.py for tasks to queue
[2025-04-17T14:21:34.775+0000] {logging_mixin.py:190} INFO - [2025-04-17T14:21:34.774+0000] {dagbag.py:588} INFO - Filling up the DagBag from /home/airflow/.local/lib/python3.12/site-packages/airflow/example_dags/example_outlet_event_extra.py
[2025-04-17T14:21:36.781+0000] {processor.py:925} INFO - DAG(s) 'dataset_with_extra_from_classic_operator', 'dataset_with_extra_by_yield', 'dataset_with_extra_by_context' retrieved from /home/airflow/.local/lib/python3.12/site-packages/airflow/example_dags/example_outlet_event_extra.py
[2025-04-17T14:21:36.920+0000] {logging_mixin.py:190} INFO - [2025-04-17T14:21:36.920+0000] {dag.py:3239} INFO - Sync 3 DAGs
[2025-04-17T14:21:37.081+0000] {logging_mixin.py:190} INFO - [2025-04-17T14:21:37.075+0000] {dag.py:4180} INFO - Setting next_dagrun for dataset_with_extra_by_context to 2025-04-16 00:00:00+00:00, run_after=2025-04-17 00:00:00+00:00
[2025-04-17T14:21:37.168+0000] {logging_mixin.py:190} INFO - [2025-04-17T14:21:37.167+0000] {dag.py:4180} INFO - Setting next_dagrun for dataset_with_extra_by_yield to 2025-04-16 00:00:00+00:00, run_after=2025-04-17 00:00:00+00:00
[2025-04-17T14:21:37.211+0000] {logging_mixin.py:190} INFO - [2025-04-17T14:21:37.210+0000] {dag.py:4180} INFO - Setting next_dagrun for dataset_with_extra_from_classic_operator to 2025-04-16 00:00:00+00:00, run_after=2025-04-17 00:00:00+00:00
[2025-04-17T14:21:37.612+0000] {processor.py:208} INFO - Processing /home/airflow/.local/lib/python3.12/site-packages/airflow/example_dags/example_outlet_event_extra.py took 2.885 seconds
[2025-04-17T14:22:08.363+0000] {processor.py:186} INFO - Started process (PID=1118) to work on /home/airflow/.local/lib/python3.12/site-packages/airflow/example_dags/example_outlet_event_extra.py
[2025-04-17T14:22:08.365+0000] {processor.py:914} INFO - Processing file /home/airflow/.local/lib/python3.12/site-packages/airflow/example_dags/example_outlet_event_extra.py for tasks to queue
[2025-04-17T14:22:08.372+0000] {logging_mixin.py:190} INFO - [2025-04-17T14:22:08.371+0000] {dagbag.py:588} INFO - Filling up the DagBag from /home/airflow/.local/lib/python3.12/site-packages/airflow/example_dags/example_outlet_event_extra.py
[2025-04-17T14:22:09.615+0000] {processor.py:925} INFO - DAG(s) 'dataset_with_extra_by_context', 'dataset_with_extra_from_classic_operator', 'dataset_with_extra_by_yield' retrieved from /home/airflow/.local/lib/python3.12/site-packages/airflow/example_dags/example_outlet_event_extra.py
[2025-04-17T14:22:09.658+0000] {logging_mixin.py:190} INFO - [2025-04-17T14:22:09.658+0000] {dag.py:3239} INFO - Sync 3 DAGs
[2025-04-17T14:22:09.719+0000] {logging_mixin.py:190} INFO - [2025-04-17T14:22:09.718+0000] {dag.py:4180} INFO - Setting next_dagrun for dataset_with_extra_by_context to 2025-04-16 00:00:00+00:00, run_after=2025-04-17 00:00:00+00:00
[2025-04-17T14:22:09.740+0000] {logging_mixin.py:190} INFO - [2025-04-17T14:22:09.739+0000] {dag.py:4180} INFO - Setting next_dagrun for dataset_with_extra_by_yield to 2025-04-16 00:00:00+00:00, run_after=2025-04-17 00:00:00+00:00
[2025-04-17T14:22:09.755+0000] {logging_mixin.py:190} INFO - [2025-04-17T14:22:09.754+0000] {dag.py:4180} INFO - Setting next_dagrun for dataset_with_extra_from_classic_operator to 2025-04-16 00:00:00+00:00, run_after=2025-04-17 00:00:00+00:00
[2025-04-17T14:22:09.988+0000] {processor.py:208} INFO - Processing /home/airflow/.local/lib/python3.12/site-packages/airflow/example_dags/example_outlet_event_extra.py took 1.639 seconds
[2025-04-17T14:22:40.072+0000] {processor.py:186} INFO - Started process (PID=1416) to work on /home/airflow/.local/lib/python3.12/site-packages/airflow/example_dags/example_outlet_event_extra.py
[2025-04-17T14:22:40.073+0000] {processor.py:914} INFO - Processing file /home/airflow/.local/lib/python3.12/site-packages/airflow/example_dags/example_outlet_event_extra.py for tasks to queue
[2025-04-17T14:22:40.079+0000] {logging_mixin.py:190} INFO - [2025-04-17T14:22:40.078+0000] {dagbag.py:588} INFO - Filling up the DagBag from /home/airflow/.local/lib/python3.12/site-packages/airflow/example_dags/example_outlet_event_extra.py
[2025-04-17T14:22:41.264+0000] {processor.py:925} INFO - DAG(s) 'dataset_with_extra_by_context', 'dataset_with_extra_by_yield', 'dataset_with_extra_from_classic_operator' retrieved from /home/airflow/.local/lib/python3.12/site-packages/airflow/example_dags/example_outlet_event_extra.py
[2025-04-17T14:22:41.309+0000] {logging_mixin.py:190} INFO - [2025-04-17T14:22:41.309+0000] {dag.py:3239} INFO - Sync 3 DAGs
[2025-04-17T14:22:41.358+0000] {logging_mixin.py:190} INFO - [2025-04-17T14:22:41.357+0000] {dag.py:4180} INFO - Setting next_dagrun for dataset_with_extra_by_context to 2025-04-16 00:00:00+00:00, run_after=2025-04-17 00:00:00+00:00
[2025-04-17T14:22:41.371+0000] {logging_mixin.py:190} INFO - [2025-04-17T14:22:41.371+0000] {dag.py:4180} INFO - Setting next_dagrun for dataset_with_extra_by_yield to 2025-04-16 00:00:00+00:00, run_after=2025-04-17 00:00:00+00:00
[2025-04-17T14:22:41.380+0000] {logging_mixin.py:190} INFO - [2025-04-17T14:22:41.379+0000] {dag.py:4180} INFO - Setting next_dagrun for dataset_with_extra_from_classic_operator to 2025-04-16 00:00:00+00:00, run_after=2025-04-17 00:00:00+00:00
[2025-04-17T14:22:41.431+0000] {processor.py:208} INFO - Processing /home/airflow/.local/lib/python3.12/site-packages/airflow/example_dags/example_outlet_event_extra.py took 1.372 seconds
[2025-04-17T14:23:11.981+0000] {processor.py:186} INFO - Started process (PID=1727) to work on /home/airflow/.local/lib/python3.12/site-packages/airflow/example_dags/example_outlet_event_extra.py
[2025-04-17T14:23:11.983+0000] {processor.py:914} INFO - Processing file /home/airflow/.local/lib/python3.12/site-packages/airflow/example_dags/example_outlet_event_extra.py for tasks to queue
[2025-04-17T14:23:11.990+0000] {logging_mixin.py:190} INFO - [2025-04-17T14:23:11.989+0000] {dagbag.py:588} INFO - Filling up the DagBag from /home/airflow/.local/lib/python3.12/site-packages/airflow/example_dags/example_outlet_event_extra.py
[2025-04-17T14:23:13.176+0000] {processor.py:925} INFO - DAG(s) 'dataset_with_extra_by_yield', 'dataset_with_extra_from_classic_operator', 'dataset_with_extra_by_context' retrieved from /home/airflow/.local/lib/python3.12/site-packages/airflow/example_dags/example_outlet_event_extra.py
[2025-04-17T14:23:13.230+0000] {logging_mixin.py:190} INFO - [2025-04-17T14:23:13.229+0000] {dag.py:3239} INFO - Sync 3 DAGs
[2025-04-17T14:23:13.304+0000] {logging_mixin.py:190} INFO - [2025-04-17T14:23:13.303+0000] {dag.py:4180} INFO - Setting next_dagrun for dataset_with_extra_by_context to 2025-04-16 00:00:00+00:00, run_after=2025-04-17 00:00:00+00:00
[2025-04-17T14:23:13.318+0000] {logging_mixin.py:190} INFO - [2025-04-17T14:23:13.317+0000] {dag.py:4180} INFO - Setting next_dagrun for dataset_with_extra_by_yield to 2025-04-16 00:00:00+00:00, run_after=2025-04-17 00:00:00+00:00
[2025-04-17T14:23:13.324+0000] {logging_mixin.py:190} INFO - [2025-04-17T14:23:13.324+0000] {dag.py:4180} INFO - Setting next_dagrun for dataset_with_extra_from_classic_operator to 2025-04-16 00:00:00+00:00, run_after=2025-04-17 00:00:00+00:00
[2025-04-17T14:23:13.389+0000] {processor.py:208} INFO - Processing /home/airflow/.local/lib/python3.12/site-packages/airflow/example_dags/example_outlet_event_extra.py took 1.423 seconds
[2025-04-17T14:23:43.569+0000] {processor.py:186} INFO - Started process (PID=2025) to work on /home/airflow/.local/lib/python3.12/site-packages/airflow/example_dags/example_outlet_event_extra.py
[2025-04-17T14:23:43.571+0000] {processor.py:914} INFO - Processing file /home/airflow/.local/lib/python3.12/site-packages/airflow/example_dags/example_outlet_event_extra.py for tasks to queue
[2025-04-17T14:23:43.585+0000] {logging_mixin.py:190} INFO - [2025-04-17T14:23:43.585+0000] {dagbag.py:588} INFO - Filling up the DagBag from /home/airflow/.local/lib/python3.12/site-packages/airflow/example_dags/example_outlet_event_extra.py
[2025-04-17T14:23:44.769+0000] {processor.py:925} INFO - DAG(s) 'dataset_with_extra_by_yield', 'dataset_with_extra_by_context', 'dataset_with_extra_from_classic_operator' retrieved from /home/airflow/.local/lib/python3.12/site-packages/airflow/example_dags/example_outlet_event_extra.py
[2025-04-17T14:23:44.813+0000] {logging_mixin.py:190} INFO - [2025-04-17T14:23:44.812+0000] {dag.py:3239} INFO - Sync 3 DAGs
[2025-04-17T14:23:44.860+0000] {logging_mixin.py:190} INFO - [2025-04-17T14:23:44.860+0000] {dag.py:4180} INFO - Setting next_dagrun for dataset_with_extra_by_context to 2025-04-16 00:00:00+00:00, run_after=2025-04-17 00:00:00+00:00
[2025-04-17T14:23:44.874+0000] {logging_mixin.py:190} INFO - [2025-04-17T14:23:44.873+0000] {dag.py:4180} INFO - Setting next_dagrun for dataset_with_extra_by_yield to 2025-04-16 00:00:00+00:00, run_after=2025-04-17 00:00:00+00:00
[2025-04-17T14:23:44.883+0000] {logging_mixin.py:190} INFO - [2025-04-17T14:23:44.882+0000] {dag.py:4180} INFO - Setting next_dagrun for dataset_with_extra_from_classic_operator to 2025-04-16 00:00:00+00:00, run_after=2025-04-17 00:00:00+00:00
[2025-04-17T14:23:44.943+0000] {processor.py:208} INFO - Processing /home/airflow/.local/lib/python3.12/site-packages/airflow/example_dags/example_outlet_event_extra.py took 1.388 seconds
[2025-04-17T14:24:15.229+0000] {processor.py:186} INFO - Started process (PID=2347) to work on /home/airflow/.local/lib/python3.12/site-packages/airflow/example_dags/example_outlet_event_extra.py
[2025-04-17T14:24:15.235+0000] {processor.py:914} INFO - Processing file /home/airflow/.local/lib/python3.12/site-packages/airflow/example_dags/example_outlet_event_extra.py for tasks to queue
[2025-04-17T14:24:15.245+0000] {logging_mixin.py:190} INFO - [2025-04-17T14:24:15.244+0000] {dagbag.py:588} INFO - Filling up the DagBag from /home/airflow/.local/lib/python3.12/site-packages/airflow/example_dags/example_outlet_event_extra.py
[2025-04-17T14:24:16.381+0000] {processor.py:925} INFO - DAG(s) 'dataset_with_extra_by_yield', 'dataset_with_extra_from_classic_operator', 'dataset_with_extra_by_context' retrieved from /home/airflow/.local/lib/python3.12/site-packages/airflow/example_dags/example_outlet_event_extra.py
[2025-04-17T14:24:16.446+0000] {logging_mixin.py:190} INFO - [2025-04-17T14:24:16.446+0000] {dag.py:3239} INFO - Sync 3 DAGs
[2025-04-17T14:24:16.498+0000] {logging_mixin.py:190} INFO - [2025-04-17T14:24:16.498+0000] {dag.py:4180} INFO - Setting next_dagrun for dataset_with_extra_by_context to 2025-04-16 00:00:00+00:00, run_after=2025-04-17 00:00:00+00:00
[2025-04-17T14:24:16.510+0000] {logging_mixin.py:190} INFO - [2025-04-17T14:24:16.510+0000] {dag.py:4180} INFO - Setting next_dagrun for dataset_with_extra_by_yield to 2025-04-16 00:00:00+00:00, run_after=2025-04-17 00:00:00+00:00
[2025-04-17T14:24:16.517+0000] {logging_mixin.py:190} INFO - [2025-04-17T14:24:16.517+0000] {dag.py:4180} INFO - Setting next_dagrun for dataset_with_extra_from_classic_operator to 2025-04-16 00:00:00+00:00, run_after=2025-04-17 00:00:00+00:00
[2025-04-17T14:24:16.568+0000] {processor.py:208} INFO - Processing /home/airflow/.local/lib/python3.12/site-packages/airflow/example_dags/example_outlet_event_extra.py took 1.357 seconds
[2025-04-17T14:24:47.171+0000] {processor.py:186} INFO - Started process (PID=2640) to work on /home/airflow/.local/lib/python3.12/site-packages/airflow/example_dags/example_outlet_event_extra.py
[2025-04-17T14:24:47.173+0000] {processor.py:914} INFO - Processing file /home/airflow/.local/lib/python3.12/site-packages/airflow/example_dags/example_outlet_event_extra.py for tasks to queue
[2025-04-17T14:24:47.180+0000] {logging_mixin.py:190} INFO - [2025-04-17T14:24:47.179+0000] {dagbag.py:588} INFO - Filling up the DagBag from /home/airflow/.local/lib/python3.12/site-packages/airflow/example_dags/example_outlet_event_extra.py
[2025-04-17T14:24:48.265+0000] {processor.py:925} INFO - DAG(s) 'dataset_with_extra_by_context', 'dataset_with_extra_from_classic_operator', 'dataset_with_extra_by_yield' retrieved from /home/airflow/.local/lib/python3.12/site-packages/airflow/example_dags/example_outlet_event_extra.py
[2025-04-17T14:24:48.332+0000] {logging_mixin.py:190} INFO - [2025-04-17T14:24:48.331+0000] {dag.py:3239} INFO - Sync 3 DAGs
[2025-04-17T14:24:48.383+0000] {logging_mixin.py:190} INFO - [2025-04-17T14:24:48.383+0000] {dag.py:4180} INFO - Setting next_dagrun for dataset_with_extra_by_context to 2025-04-16 00:00:00+00:00, run_after=2025-04-17 00:00:00+00:00
[2025-04-17T14:24:48.398+0000] {logging_mixin.py:190} INFO - [2025-04-17T14:24:48.398+0000] {dag.py:4180} INFO - Setting next_dagrun for dataset_with_extra_by_yield to 2025-04-16 00:00:00+00:00, run_after=2025-04-17 00:00:00+00:00
[2025-04-17T14:24:48.407+0000] {logging_mixin.py:190} INFO - [2025-04-17T14:24:48.407+0000] {dag.py:4180} INFO - Setting next_dagrun for dataset_with_extra_from_classic_operator to 2025-04-16 00:00:00+00:00, run_after=2025-04-17 00:00:00+00:00
[2025-04-17T14:24:48.482+0000] {processor.py:208} INFO - Processing /home/airflow/.local/lib/python3.12/site-packages/airflow/example_dags/example_outlet_event_extra.py took 1.323 seconds
[2025-04-17T14:25:19.104+0000] {processor.py:186} INFO - Started process (PID=2955) to work on /home/airflow/.local/lib/python3.12/site-packages/airflow/example_dags/example_outlet_event_extra.py
[2025-04-17T14:25:19.106+0000] {processor.py:914} INFO - Processing file /home/airflow/.local/lib/python3.12/site-packages/airflow/example_dags/example_outlet_event_extra.py for tasks to queue
[2025-04-17T14:25:19.127+0000] {logging_mixin.py:190} INFO - [2025-04-17T14:25:19.124+0000] {dagbag.py:588} INFO - Filling up the DagBag from /home/airflow/.local/lib/python3.12/site-packages/airflow/example_dags/example_outlet_event_extra.py
[2025-04-17T14:25:21.394+0000] {processor.py:925} INFO - DAG(s) 'dataset_with_extra_by_context', 'dataset_with_extra_by_yield', 'dataset_with_extra_from_classic_operator' retrieved from /home/airflow/.local/lib/python3.12/site-packages/airflow/example_dags/example_outlet_event_extra.py
[2025-04-17T14:25:21.482+0000] {logging_mixin.py:190} INFO - [2025-04-17T14:25:21.481+0000] {dag.py:3239} INFO - Sync 3 DAGs
[2025-04-17T14:25:21.563+0000] {logging_mixin.py:190} INFO - [2025-04-17T14:25:21.562+0000] {dag.py:4180} INFO - Setting next_dagrun for dataset_with_extra_by_context to 2025-04-16 00:00:00+00:00, run_after=2025-04-17 00:00:00+00:00
[2025-04-17T14:25:21.582+0000] {logging_mixin.py:190} INFO - [2025-04-17T14:25:21.581+0000] {dag.py:4180} INFO - Setting next_dagrun for dataset_with_extra_by_yield to 2025-04-16 00:00:00+00:00, run_after=2025-04-17 00:00:00+00:00
[2025-04-17T14:25:21.594+0000] {logging_mixin.py:190} INFO - [2025-04-17T14:25:21.594+0000] {dag.py:4180} INFO - Setting next_dagrun for dataset_with_extra_from_classic_operator to 2025-04-16 00:00:00+00:00, run_after=2025-04-17 00:00:00+00:00
[2025-04-17T14:25:21.678+0000] {processor.py:208} INFO - Processing /home/airflow/.local/lib/python3.12/site-packages/airflow/example_dags/example_outlet_event_extra.py took 2.590 seconds
