[2025-04-17T14:20:57.566+0000] {processor.py:186} INFO - Started process (PID=462) to work on /home/airflow/.local/lib/python3.12/site-packages/airflow/example_dags/example_latest_only_with_trigger.py
[2025-04-17T14:20:57.571+0000] {processor.py:914} INFO - Processing file /home/airflow/.local/lib/python3.12/site-packages/airflow/example_dags/example_latest_only_with_trigger.py for tasks to queue
[2025-04-17T14:20:57.594+0000] {logging_mixin.py:190} INFO - [2025-04-17T14:20:57.593+0000] {dagbag.py:588} INFO - Filling up the DagBag from /home/airflow/.local/lib/python3.12/site-packages/airflow/example_dags/example_latest_only_with_trigger.py
[2025-04-17T14:20:57.657+0000] {processor.py:925} INFO - DAG(s) 'latest_only_with_trigger' retrieved from /home/airflow/.local/lib/python3.12/site-packages/airflow/example_dags/example_latest_only_with_trigger.py
[2025-04-17T14:20:57.826+0000] {logging_mixin.py:190} INFO - [2025-04-17T14:20:57.825+0000] {dag.py:3239} INFO - Sync 1 DAGs
[2025-04-17T14:20:57.979+0000] {logging_mixin.py:190} INFO - [2025-04-17T14:20:57.978+0000] {dag.py:4180} INFO - Setting next_dagrun for latest_only_with_trigger to 2025-04-17 08:00:00+00:00, run_after=2025-04-17 12:00:00+00:00
[2025-04-17T14:20:58.134+0000] {processor.py:208} INFO - Processing /home/airflow/.local/lib/python3.12/site-packages/airflow/example_dags/example_latest_only_with_trigger.py took 0.607 seconds
[2025-04-17T14:21:29.306+0000] {processor.py:186} INFO - Started process (PID=755) to work on /home/airflow/.local/lib/python3.12/site-packages/airflow/example_dags/example_latest_only_with_trigger.py
[2025-04-17T14:21:29.309+0000] {processor.py:914} INFO - Processing file /home/airflow/.local/lib/python3.12/site-packages/airflow/example_dags/example_latest_only_with_trigger.py for tasks to queue
[2025-04-17T14:21:29.333+0000] {logging_mixin.py:190} INFO - [2025-04-17T14:21:29.329+0000] {dagbag.py:588} INFO - Filling up the DagBag from /home/airflow/.local/lib/python3.12/site-packages/airflow/example_dags/example_latest_only_with_trigger.py
[2025-04-17T14:21:29.381+0000] {processor.py:925} INFO - DAG(s) 'latest_only_with_trigger' retrieved from /home/airflow/.local/lib/python3.12/site-packages/airflow/example_dags/example_latest_only_with_trigger.py
[2025-04-17T14:21:29.442+0000] {logging_mixin.py:190} INFO - [2025-04-17T14:21:29.442+0000] {dag.py:3239} INFO - Sync 1 DAGs
[2025-04-17T14:21:29.513+0000] {logging_mixin.py:190} INFO - [2025-04-17T14:21:29.512+0000] {dag.py:4180} INFO - Setting next_dagrun for latest_only_with_trigger to 2025-04-17 08:00:00+00:00, run_after=2025-04-17 12:00:00+00:00
[2025-04-17T14:21:29.585+0000] {processor.py:208} INFO - Processing /home/airflow/.local/lib/python3.12/site-packages/airflow/example_dags/example_latest_only_with_trigger.py took 0.301 seconds
[2025-04-17T14:21:59.933+0000] {processor.py:186} INFO - Started process (PID=1060) to work on /home/airflow/.local/lib/python3.12/site-packages/airflow/example_dags/example_latest_only_with_trigger.py
[2025-04-17T14:21:59.936+0000] {processor.py:914} INFO - Processing file /home/airflow/.local/lib/python3.12/site-packages/airflow/example_dags/example_latest_only_with_trigger.py for tasks to queue
[2025-04-17T14:21:59.945+0000] {logging_mixin.py:190} INFO - [2025-04-17T14:21:59.944+0000] {dagbag.py:588} INFO - Filling up the DagBag from /home/airflow/.local/lib/python3.12/site-packages/airflow/example_dags/example_latest_only_with_trigger.py
[2025-04-17T14:21:59.977+0000] {processor.py:925} INFO - DAG(s) 'latest_only_with_trigger' retrieved from /home/airflow/.local/lib/python3.12/site-packages/airflow/example_dags/example_latest_only_with_trigger.py
[2025-04-17T14:22:00.046+0000] {logging_mixin.py:190} INFO - [2025-04-17T14:22:00.045+0000] {dag.py:3239} INFO - Sync 1 DAGs
[2025-04-17T14:22:00.117+0000] {logging_mixin.py:190} INFO - [2025-04-17T14:22:00.116+0000] {dag.py:4180} INFO - Setting next_dagrun for latest_only_with_trigger to 2025-04-17 08:00:00+00:00, run_after=2025-04-17 12:00:00+00:00
[2025-04-17T14:22:00.181+0000] {processor.py:208} INFO - Processing /home/airflow/.local/lib/python3.12/site-packages/airflow/example_dags/example_latest_only_with_trigger.py took 0.264 seconds
[2025-04-17T14:22:30.774+0000] {processor.py:186} INFO - Started process (PID=1354) to work on /home/airflow/.local/lib/python3.12/site-packages/airflow/example_dags/example_latest_only_with_trigger.py
[2025-04-17T14:22:30.777+0000] {processor.py:914} INFO - Processing file /home/airflow/.local/lib/python3.12/site-packages/airflow/example_dags/example_latest_only_with_trigger.py for tasks to queue
[2025-04-17T14:22:30.783+0000] {logging_mixin.py:190} INFO - [2025-04-17T14:22:30.782+0000] {dagbag.py:588} INFO - Filling up the DagBag from /home/airflow/.local/lib/python3.12/site-packages/airflow/example_dags/example_latest_only_with_trigger.py
[2025-04-17T14:22:30.808+0000] {processor.py:925} INFO - DAG(s) 'latest_only_with_trigger' retrieved from /home/airflow/.local/lib/python3.12/site-packages/airflow/example_dags/example_latest_only_with_trigger.py
[2025-04-17T14:22:30.862+0000] {logging_mixin.py:190} INFO - [2025-04-17T14:22:30.861+0000] {dag.py:3239} INFO - Sync 1 DAGs
[2025-04-17T14:22:30.922+0000] {logging_mixin.py:190} INFO - [2025-04-17T14:22:30.921+0000] {dag.py:4180} INFO - Setting next_dagrun for latest_only_with_trigger to 2025-04-17 08:00:00+00:00, run_after=2025-04-17 12:00:00+00:00
[2025-04-17T14:22:30.977+0000] {processor.py:208} INFO - Processing /home/airflow/.local/lib/python3.12/site-packages/airflow/example_dags/example_latest_only_with_trigger.py took 0.219 seconds
[2025-04-17T14:23:01.211+0000] {processor.py:186} INFO - Started process (PID=1656) to work on /home/airflow/.local/lib/python3.12/site-packages/airflow/example_dags/example_latest_only_with_trigger.py
[2025-04-17T14:23:01.214+0000] {processor.py:914} INFO - Processing file /home/airflow/.local/lib/python3.12/site-packages/airflow/example_dags/example_latest_only_with_trigger.py for tasks to queue
[2025-04-17T14:23:01.220+0000] {logging_mixin.py:190} INFO - [2025-04-17T14:23:01.219+0000] {dagbag.py:588} INFO - Filling up the DagBag from /home/airflow/.local/lib/python3.12/site-packages/airflow/example_dags/example_latest_only_with_trigger.py
[2025-04-17T14:23:01.239+0000] {processor.py:925} INFO - DAG(s) 'latest_only_with_trigger' retrieved from /home/airflow/.local/lib/python3.12/site-packages/airflow/example_dags/example_latest_only_with_trigger.py
[2025-04-17T14:23:01.280+0000] {logging_mixin.py:190} INFO - [2025-04-17T14:23:01.279+0000] {dag.py:3239} INFO - Sync 1 DAGs
[2025-04-17T14:23:01.328+0000] {logging_mixin.py:190} INFO - [2025-04-17T14:23:01.327+0000] {dag.py:4180} INFO - Setting next_dagrun for latest_only_with_trigger to 2025-04-17 08:00:00+00:00, run_after=2025-04-17 12:00:00+00:00
[2025-04-17T14:23:01.371+0000] {processor.py:208} INFO - Processing /home/airflow/.local/lib/python3.12/site-packages/airflow/example_dags/example_latest_only_with_trigger.py took 0.174 seconds
[2025-04-17T14:23:32.233+0000] {processor.py:186} INFO - Started process (PID=1953) to work on /home/airflow/.local/lib/python3.12/site-packages/airflow/example_dags/example_latest_only_with_trigger.py
[2025-04-17T14:23:32.236+0000] {processor.py:914} INFO - Processing file /home/airflow/.local/lib/python3.12/site-packages/airflow/example_dags/example_latest_only_with_trigger.py for tasks to queue
[2025-04-17T14:23:32.243+0000] {logging_mixin.py:190} INFO - [2025-04-17T14:23:32.242+0000] {dagbag.py:588} INFO - Filling up the DagBag from /home/airflow/.local/lib/python3.12/site-packages/airflow/example_dags/example_latest_only_with_trigger.py
[2025-04-17T14:23:32.271+0000] {processor.py:925} INFO - DAG(s) 'latest_only_with_trigger' retrieved from /home/airflow/.local/lib/python3.12/site-packages/airflow/example_dags/example_latest_only_with_trigger.py
[2025-04-17T14:23:32.325+0000] {logging_mixin.py:190} INFO - [2025-04-17T14:23:32.324+0000] {dag.py:3239} INFO - Sync 1 DAGs
[2025-04-17T14:23:32.380+0000] {logging_mixin.py:190} INFO - [2025-04-17T14:23:32.379+0000] {dag.py:4180} INFO - Setting next_dagrun for latest_only_with_trigger to 2025-04-17 08:00:00+00:00, run_after=2025-04-17 12:00:00+00:00
[2025-04-17T14:23:32.428+0000] {processor.py:208} INFO - Processing /home/airflow/.local/lib/python3.12/site-packages/airflow/example_dags/example_latest_only_with_trigger.py took 0.214 seconds
[2025-04-17T14:24:04.993+0000] {processor.py:186} INFO - Started process (PID=2267) to work on /home/airflow/.local/lib/python3.12/site-packages/airflow/example_dags/example_latest_only_with_trigger.py
[2025-04-17T14:24:05.003+0000] {processor.py:914} INFO - Processing file /home/airflow/.local/lib/python3.12/site-packages/airflow/example_dags/example_latest_only_with_trigger.py for tasks to queue
[2025-04-17T14:24:05.018+0000] {logging_mixin.py:190} INFO - [2025-04-17T14:24:05.017+0000] {dagbag.py:588} INFO - Filling up the DagBag from /home/airflow/.local/lib/python3.12/site-packages/airflow/example_dags/example_latest_only_with_trigger.py
[2025-04-17T14:24:05.056+0000] {processor.py:925} INFO - DAG(s) 'latest_only_with_trigger' retrieved from /home/airflow/.local/lib/python3.12/site-packages/airflow/example_dags/example_latest_only_with_trigger.py
[2025-04-17T14:24:05.129+0000] {logging_mixin.py:190} INFO - [2025-04-17T14:24:05.128+0000] {dag.py:3239} INFO - Sync 1 DAGs
[2025-04-17T14:24:05.220+0000] {logging_mixin.py:190} INFO - [2025-04-17T14:24:05.219+0000] {dag.py:4180} INFO - Setting next_dagrun for latest_only_with_trigger to 2025-04-17 08:00:00+00:00, run_after=2025-04-17 12:00:00+00:00
[2025-04-17T14:24:05.296+0000] {processor.py:208} INFO - Processing /home/airflow/.local/lib/python3.12/site-packages/airflow/example_dags/example_latest_only_with_trigger.py took 0.323 seconds
[2025-04-17T14:24:35.452+0000] {processor.py:186} INFO - Started process (PID=2568) to work on /home/airflow/.local/lib/python3.12/site-packages/airflow/example_dags/example_latest_only_with_trigger.py
[2025-04-17T14:24:35.454+0000] {processor.py:914} INFO - Processing file /home/airflow/.local/lib/python3.12/site-packages/airflow/example_dags/example_latest_only_with_trigger.py for tasks to queue
[2025-04-17T14:24:35.463+0000] {logging_mixin.py:190} INFO - [2025-04-17T14:24:35.462+0000] {dagbag.py:588} INFO - Filling up the DagBag from /home/airflow/.local/lib/python3.12/site-packages/airflow/example_dags/example_latest_only_with_trigger.py
[2025-04-17T14:24:35.486+0000] {processor.py:925} INFO - DAG(s) 'latest_only_with_trigger' retrieved from /home/airflow/.local/lib/python3.12/site-packages/airflow/example_dags/example_latest_only_with_trigger.py
[2025-04-17T14:24:35.530+0000] {logging_mixin.py:190} INFO - [2025-04-17T14:24:35.529+0000] {dag.py:3239} INFO - Sync 1 DAGs
[2025-04-17T14:24:35.599+0000] {logging_mixin.py:190} INFO - [2025-04-17T14:24:35.598+0000] {dag.py:4180} INFO - Setting next_dagrun for latest_only_with_trigger to 2025-04-17 08:00:00+00:00, run_after=2025-04-17 12:00:00+00:00
[2025-04-17T14:24:35.650+0000] {processor.py:208} INFO - Processing /home/airflow/.local/lib/python3.12/site-packages/airflow/example_dags/example_latest_only_with_trigger.py took 0.214 seconds
[2025-04-17T14:25:08.453+0000] {processor.py:186} INFO - Started process (PID=2870) to work on /home/airflow/.local/lib/python3.12/site-packages/airflow/example_dags/example_latest_only_with_trigger.py
[2025-04-17T14:25:08.462+0000] {processor.py:914} INFO - Processing file /home/airflow/.local/lib/python3.12/site-packages/airflow/example_dags/example_latest_only_with_trigger.py for tasks to queue
[2025-04-17T14:25:08.469+0000] {logging_mixin.py:190} INFO - [2025-04-17T14:25:08.468+0000] {dagbag.py:588} INFO - Filling up the DagBag from /home/airflow/.local/lib/python3.12/site-packages/airflow/example_dags/example_latest_only_with_trigger.py
[2025-04-17T14:25:08.548+0000] {processor.py:925} INFO - DAG(s) 'latest_only_with_trigger' retrieved from /home/airflow/.local/lib/python3.12/site-packages/airflow/example_dags/example_latest_only_with_trigger.py
[2025-04-17T14:25:08.699+0000] {logging_mixin.py:190} INFO - [2025-04-17T14:25:08.699+0000] {dag.py:3239} INFO - Sync 1 DAGs
[2025-04-17T14:25:08.858+0000] {logging_mixin.py:190} INFO - [2025-04-17T14:25:08.857+0000] {dag.py:4180} INFO - Setting next_dagrun for latest_only_with_trigger to 2025-04-17 08:00:00+00:00, run_after=2025-04-17 12:00:00+00:00
[2025-04-17T14:25:09.192+0000] {processor.py:208} INFO - Processing /home/airflow/.local/lib/python3.12/site-packages/airflow/example_dags/example_latest_only_with_trigger.py took 0.788 seconds
