[2025-04-17T14:20:48.268+0000] {processor.py:186} INFO - Started process (PID=387) to work on /home/airflow/.local/lib/python3.12/site-packages/airflow/example_dags/example_dataset_alias.py
[2025-04-17T14:20:48.272+0000] {processor.py:914} INFO - Processing file /home/airflow/.local/lib/python3.12/site-packages/airflow/example_dags/example_dataset_alias.py for tasks to queue
[2025-04-17T14:20:48.303+0000] {logging_mixin.py:190} INFO - [2025-04-17T14:20:48.298+0000] {dagbag.py:588} INFO - Filling up the DagBag from /home/airflow/.local/lib/python3.12/site-packages/airflow/example_dags/example_dataset_alias.py
[2025-04-17T14:20:51.164+0000] {processor.py:925} INFO - DAG(s) 'dataset_s3_bucket_producer', 'dataset_alias_example_alias_consumer', 'dataset_alias_example_alias_producer', 'dataset_s3_bucket_consumer' retrieved from /home/airflow/.local/lib/python3.12/site-packages/airflow/example_dags/example_dataset_alias.py
[2025-04-17T14:20:51.277+0000] {logging_mixin.py:190} INFO - [2025-04-17T14:20:51.275+0000] {dag.py:3239} INFO - Sync 4 DAGs
[2025-04-17T14:20:51.470+0000] {logging_mixin.py:190} INFO - [2025-04-17T14:20:51.469+0000] {dag.py:4180} INFO - Setting next_dagrun for dataset_alias_example_alias_consumer to None, run_after=None
[2025-04-17T14:20:51.513+0000] {logging_mixin.py:190} INFO - [2025-04-17T14:20:51.510+0000] {dag.py:4180} INFO - Setting next_dagrun for dataset_alias_example_alias_producer to None, run_after=None
[2025-04-17T14:20:51.525+0000] {logging_mixin.py:190} INFO - [2025-04-17T14:20:51.524+0000] {dag.py:4180} INFO - Setting next_dagrun for dataset_s3_bucket_consumer to None, run_after=None
[2025-04-17T14:20:51.546+0000] {logging_mixin.py:190} INFO - [2025-04-17T14:20:51.546+0000] {dag.py:4180} INFO - Setting next_dagrun for dataset_s3_bucket_producer to None, run_after=None
[2025-04-17T14:20:51.738+0000] {processor.py:208} INFO - Processing /home/airflow/.local/lib/python3.12/site-packages/airflow/example_dags/example_dataset_alias.py took 3.543 seconds
[2025-04-17T14:21:23.103+0000] {processor.py:186} INFO - Started process (PID=687) to work on /home/airflow/.local/lib/python3.12/site-packages/airflow/example_dags/example_dataset_alias.py
[2025-04-17T14:21:23.105+0000] {processor.py:914} INFO - Processing file /home/airflow/.local/lib/python3.12/site-packages/airflow/example_dags/example_dataset_alias.py for tasks to queue
[2025-04-17T14:21:23.114+0000] {logging_mixin.py:190} INFO - [2025-04-17T14:21:23.112+0000] {dagbag.py:588} INFO - Filling up the DagBag from /home/airflow/.local/lib/python3.12/site-packages/airflow/example_dags/example_dataset_alias.py
[2025-04-17T14:21:24.601+0000] {processor.py:925} INFO - DAG(s) 'dataset_alias_example_alias_consumer', 'dataset_alias_example_alias_producer', 'dataset_s3_bucket_consumer', 'dataset_s3_bucket_producer' retrieved from /home/airflow/.local/lib/python3.12/site-packages/airflow/example_dags/example_dataset_alias.py
[2025-04-17T14:21:24.679+0000] {logging_mixin.py:190} INFO - [2025-04-17T14:21:24.678+0000] {dag.py:3239} INFO - Sync 4 DAGs
[2025-04-17T14:21:24.750+0000] {logging_mixin.py:190} INFO - [2025-04-17T14:21:24.750+0000] {dag.py:4180} INFO - Setting next_dagrun for dataset_alias_example_alias_consumer to None, run_after=None
[2025-04-17T14:21:24.761+0000] {logging_mixin.py:190} INFO - [2025-04-17T14:21:24.760+0000] {dag.py:4180} INFO - Setting next_dagrun for dataset_alias_example_alias_producer to None, run_after=None
[2025-04-17T14:21:24.769+0000] {logging_mixin.py:190} INFO - [2025-04-17T14:21:24.769+0000] {dag.py:4180} INFO - Setting next_dagrun for dataset_s3_bucket_consumer to None, run_after=None
[2025-04-17T14:21:24.778+0000] {logging_mixin.py:190} INFO - [2025-04-17T14:21:24.777+0000] {dag.py:4180} INFO - Setting next_dagrun for dataset_s3_bucket_producer to None, run_after=None
[2025-04-17T14:21:24.859+0000] {processor.py:208} INFO - Processing /home/airflow/.local/lib/python3.12/site-packages/airflow/example_dags/example_dataset_alias.py took 1.759 seconds
[2025-04-17T14:21:55.029+0000] {processor.py:186} INFO - Started process (PID=1000) to work on /home/airflow/.local/lib/python3.12/site-packages/airflow/example_dags/example_dataset_alias.py
[2025-04-17T14:21:55.034+0000] {processor.py:914} INFO - Processing file /home/airflow/.local/lib/python3.12/site-packages/airflow/example_dags/example_dataset_alias.py for tasks to queue
[2025-04-17T14:21:55.044+0000] {logging_mixin.py:190} INFO - [2025-04-17T14:21:55.044+0000] {dagbag.py:588} INFO - Filling up the DagBag from /home/airflow/.local/lib/python3.12/site-packages/airflow/example_dags/example_dataset_alias.py
[2025-04-17T14:21:56.410+0000] {processor.py:925} INFO - DAG(s) 'dataset_alias_example_alias_consumer', 'dataset_alias_example_alias_producer', 'dataset_s3_bucket_producer', 'dataset_s3_bucket_consumer' retrieved from /home/airflow/.local/lib/python3.12/site-packages/airflow/example_dags/example_dataset_alias.py
[2025-04-17T14:21:56.473+0000] {logging_mixin.py:190} INFO - [2025-04-17T14:21:56.472+0000] {dag.py:3239} INFO - Sync 4 DAGs
[2025-04-17T14:21:56.546+0000] {logging_mixin.py:190} INFO - [2025-04-17T14:21:56.546+0000] {dag.py:4180} INFO - Setting next_dagrun for dataset_alias_example_alias_consumer to None, run_after=None
[2025-04-17T14:21:56.555+0000] {logging_mixin.py:190} INFO - [2025-04-17T14:21:56.555+0000] {dag.py:4180} INFO - Setting next_dagrun for dataset_alias_example_alias_producer to None, run_after=None
[2025-04-17T14:21:56.562+0000] {logging_mixin.py:190} INFO - [2025-04-17T14:21:56.561+0000] {dag.py:4180} INFO - Setting next_dagrun for dataset_s3_bucket_consumer to None, run_after=None
[2025-04-17T14:21:56.568+0000] {logging_mixin.py:190} INFO - [2025-04-17T14:21:56.567+0000] {dag.py:4180} INFO - Setting next_dagrun for dataset_s3_bucket_producer to None, run_after=None
[2025-04-17T14:21:56.679+0000] {processor.py:208} INFO - Processing /home/airflow/.local/lib/python3.12/site-packages/airflow/example_dags/example_dataset_alias.py took 1.671 seconds
[2025-04-17T14:22:26.916+0000] {processor.py:186} INFO - Started process (PID=1311) to work on /home/airflow/.local/lib/python3.12/site-packages/airflow/example_dags/example_dataset_alias.py
[2025-04-17T14:22:26.921+0000] {processor.py:914} INFO - Processing file /home/airflow/.local/lib/python3.12/site-packages/airflow/example_dags/example_dataset_alias.py for tasks to queue
[2025-04-17T14:22:26.930+0000] {logging_mixin.py:190} INFO - [2025-04-17T14:22:26.929+0000] {dagbag.py:588} INFO - Filling up the DagBag from /home/airflow/.local/lib/python3.12/site-packages/airflow/example_dags/example_dataset_alias.py
[2025-04-17T14:22:28.375+0000] {processor.py:925} INFO - DAG(s) 'dataset_alias_example_alias_consumer', 'dataset_s3_bucket_producer', 'dataset_alias_example_alias_producer', 'dataset_s3_bucket_consumer' retrieved from /home/airflow/.local/lib/python3.12/site-packages/airflow/example_dags/example_dataset_alias.py
[2025-04-17T14:22:28.445+0000] {logging_mixin.py:190} INFO - [2025-04-17T14:22:28.443+0000] {dag.py:3239} INFO - Sync 4 DAGs
[2025-04-17T14:22:28.528+0000] {logging_mixin.py:190} INFO - [2025-04-17T14:22:28.528+0000] {dag.py:4180} INFO - Setting next_dagrun for dataset_alias_example_alias_consumer to None, run_after=None
[2025-04-17T14:22:28.538+0000] {logging_mixin.py:190} INFO - [2025-04-17T14:22:28.537+0000] {dag.py:4180} INFO - Setting next_dagrun for dataset_alias_example_alias_producer to None, run_after=None
[2025-04-17T14:22:28.547+0000] {logging_mixin.py:190} INFO - [2025-04-17T14:22:28.546+0000] {dag.py:4180} INFO - Setting next_dagrun for dataset_s3_bucket_consumer to None, run_after=None
[2025-04-17T14:22:28.557+0000] {logging_mixin.py:190} INFO - [2025-04-17T14:22:28.556+0000] {dag.py:4180} INFO - Setting next_dagrun for dataset_s3_bucket_producer to None, run_after=None
[2025-04-17T14:22:28.642+0000] {processor.py:208} INFO - Processing /home/airflow/.local/lib/python3.12/site-packages/airflow/example_dags/example_dataset_alias.py took 1.745 seconds
[2025-04-17T14:22:58.847+0000] {processor.py:186} INFO - Started process (PID=1626) to work on /home/airflow/.local/lib/python3.12/site-packages/airflow/example_dags/example_dataset_alias.py
[2025-04-17T14:22:58.851+0000] {processor.py:914} INFO - Processing file /home/airflow/.local/lib/python3.12/site-packages/airflow/example_dags/example_dataset_alias.py for tasks to queue
[2025-04-17T14:22:58.856+0000] {logging_mixin.py:190} INFO - [2025-04-17T14:22:58.856+0000] {dagbag.py:588} INFO - Filling up the DagBag from /home/airflow/.local/lib/python3.12/site-packages/airflow/example_dags/example_dataset_alias.py
[2025-04-17T14:23:00.101+0000] {processor.py:925} INFO - DAG(s) 'dataset_s3_bucket_consumer', 'dataset_alias_example_alias_consumer', 'dataset_s3_bucket_producer', 'dataset_alias_example_alias_producer' retrieved from /home/airflow/.local/lib/python3.12/site-packages/airflow/example_dags/example_dataset_alias.py
[2025-04-17T14:23:00.181+0000] {logging_mixin.py:190} INFO - [2025-04-17T14:23:00.180+0000] {dag.py:3239} INFO - Sync 4 DAGs
[2025-04-17T14:23:00.255+0000] {logging_mixin.py:190} INFO - [2025-04-17T14:23:00.255+0000] {dag.py:4180} INFO - Setting next_dagrun for dataset_alias_example_alias_consumer to None, run_after=None
[2025-04-17T14:23:00.268+0000] {logging_mixin.py:190} INFO - [2025-04-17T14:23:00.267+0000] {dag.py:4180} INFO - Setting next_dagrun for dataset_alias_example_alias_producer to None, run_after=None
[2025-04-17T14:23:00.276+0000] {logging_mixin.py:190} INFO - [2025-04-17T14:23:00.276+0000] {dag.py:4180} INFO - Setting next_dagrun for dataset_s3_bucket_consumer to None, run_after=None
[2025-04-17T14:23:00.282+0000] {logging_mixin.py:190} INFO - [2025-04-17T14:23:00.282+0000] {dag.py:4180} INFO - Setting next_dagrun for dataset_s3_bucket_producer to None, run_after=None
[2025-04-17T14:23:00.370+0000] {processor.py:208} INFO - Processing /home/airflow/.local/lib/python3.12/site-packages/airflow/example_dags/example_dataset_alias.py took 1.537 seconds
[2025-04-17T14:23:30.535+0000] {processor.py:186} INFO - Started process (PID=1935) to work on /home/airflow/.local/lib/python3.12/site-packages/airflow/example_dags/example_dataset_alias.py
[2025-04-17T14:23:30.538+0000] {processor.py:914} INFO - Processing file /home/airflow/.local/lib/python3.12/site-packages/airflow/example_dags/example_dataset_alias.py for tasks to queue
[2025-04-17T14:23:30.545+0000] {logging_mixin.py:190} INFO - [2025-04-17T14:23:30.544+0000] {dagbag.py:588} INFO - Filling up the DagBag from /home/airflow/.local/lib/python3.12/site-packages/airflow/example_dags/example_dataset_alias.py
[2025-04-17T14:23:31.894+0000] {processor.py:925} INFO - DAG(s) 'dataset_alias_example_alias_consumer', 'dataset_s3_bucket_consumer', 'dataset_s3_bucket_producer', 'dataset_alias_example_alias_producer' retrieved from /home/airflow/.local/lib/python3.12/site-packages/airflow/example_dags/example_dataset_alias.py
[2025-04-17T14:23:31.968+0000] {logging_mixin.py:190} INFO - [2025-04-17T14:23:31.966+0000] {dag.py:3239} INFO - Sync 4 DAGs
[2025-04-17T14:23:32.031+0000] {logging_mixin.py:190} INFO - [2025-04-17T14:23:32.031+0000] {dag.py:4180} INFO - Setting next_dagrun for dataset_alias_example_alias_consumer to None, run_after=None
[2025-04-17T14:23:32.038+0000] {logging_mixin.py:190} INFO - [2025-04-17T14:23:32.038+0000] {dag.py:4180} INFO - Setting next_dagrun for dataset_alias_example_alias_producer to None, run_after=None
[2025-04-17T14:23:32.042+0000] {logging_mixin.py:190} INFO - [2025-04-17T14:23:32.041+0000] {dag.py:4180} INFO - Setting next_dagrun for dataset_s3_bucket_consumer to None, run_after=None
[2025-04-17T14:23:32.047+0000] {logging_mixin.py:190} INFO - [2025-04-17T14:23:32.046+0000] {dag.py:4180} INFO - Setting next_dagrun for dataset_s3_bucket_producer to None, run_after=None
[2025-04-17T14:23:32.131+0000] {processor.py:208} INFO - Processing /home/airflow/.local/lib/python3.12/site-packages/airflow/example_dags/example_dataset_alias.py took 1.612 seconds
[2025-04-17T14:24:02.570+0000] {processor.py:186} INFO - Started process (PID=2247) to work on /home/airflow/.local/lib/python3.12/site-packages/airflow/example_dags/example_dataset_alias.py
[2025-04-17T14:24:02.572+0000] {processor.py:914} INFO - Processing file /home/airflow/.local/lib/python3.12/site-packages/airflow/example_dags/example_dataset_alias.py for tasks to queue
[2025-04-17T14:24:02.591+0000] {logging_mixin.py:190} INFO - [2025-04-17T14:24:02.589+0000] {dagbag.py:588} INFO - Filling up the DagBag from /home/airflow/.local/lib/python3.12/site-packages/airflow/example_dags/example_dataset_alias.py
[2025-04-17T14:24:04.803+0000] {processor.py:925} INFO - DAG(s) 'dataset_alias_example_alias_producer', 'dataset_s3_bucket_producer', 'dataset_s3_bucket_consumer', 'dataset_alias_example_alias_consumer' retrieved from /home/airflow/.local/lib/python3.12/site-packages/airflow/example_dags/example_dataset_alias.py
[2025-04-17T14:24:04.914+0000] {logging_mixin.py:190} INFO - [2025-04-17T14:24:04.913+0000] {dag.py:3239} INFO - Sync 4 DAGs
[2025-04-17T14:24:05.007+0000] {logging_mixin.py:190} INFO - [2025-04-17T14:24:05.007+0000] {dag.py:4180} INFO - Setting next_dagrun for dataset_alias_example_alias_consumer to None, run_after=None
[2025-04-17T14:24:05.026+0000] {logging_mixin.py:190} INFO - [2025-04-17T14:24:05.026+0000] {dag.py:4180} INFO - Setting next_dagrun for dataset_alias_example_alias_producer to None, run_after=None
[2025-04-17T14:24:05.043+0000] {logging_mixin.py:190} INFO - [2025-04-17T14:24:05.042+0000] {dag.py:4180} INFO - Setting next_dagrun for dataset_s3_bucket_consumer to None, run_after=None
[2025-04-17T14:24:05.052+0000] {logging_mixin.py:190} INFO - [2025-04-17T14:24:05.049+0000] {dag.py:4180} INFO - Setting next_dagrun for dataset_s3_bucket_producer to None, run_after=None
[2025-04-17T14:24:05.159+0000] {processor.py:208} INFO - Processing /home/airflow/.local/lib/python3.12/site-packages/airflow/example_dags/example_dataset_alias.py took 2.666 seconds
[2025-04-17T14:24:35.269+0000] {processor.py:186} INFO - Started process (PID=2563) to work on /home/airflow/.local/lib/python3.12/site-packages/airflow/example_dags/example_dataset_alias.py
[2025-04-17T14:24:35.273+0000] {processor.py:914} INFO - Processing file /home/airflow/.local/lib/python3.12/site-packages/airflow/example_dags/example_dataset_alias.py for tasks to queue
[2025-04-17T14:24:35.281+0000] {logging_mixin.py:190} INFO - [2025-04-17T14:24:35.280+0000] {dagbag.py:588} INFO - Filling up the DagBag from /home/airflow/.local/lib/python3.12/site-packages/airflow/example_dags/example_dataset_alias.py
[2025-04-17T14:24:36.810+0000] {processor.py:925} INFO - DAG(s) 'dataset_alias_example_alias_producer', 'dataset_alias_example_alias_consumer', 'dataset_s3_bucket_consumer', 'dataset_s3_bucket_producer' retrieved from /home/airflow/.local/lib/python3.12/site-packages/airflow/example_dags/example_dataset_alias.py
[2025-04-17T14:24:36.870+0000] {logging_mixin.py:190} INFO - [2025-04-17T14:24:36.869+0000] {dag.py:3239} INFO - Sync 4 DAGs
[2025-04-17T14:24:36.952+0000] {logging_mixin.py:190} INFO - [2025-04-17T14:24:36.951+0000] {dag.py:4180} INFO - Setting next_dagrun for dataset_alias_example_alias_consumer to None, run_after=None
[2025-04-17T14:24:36.961+0000] {logging_mixin.py:190} INFO - [2025-04-17T14:24:36.960+0000] {dag.py:4180} INFO - Setting next_dagrun for dataset_alias_example_alias_producer to None, run_after=None
[2025-04-17T14:24:36.966+0000] {logging_mixin.py:190} INFO - [2025-04-17T14:24:36.965+0000] {dag.py:4180} INFO - Setting next_dagrun for dataset_s3_bucket_consumer to None, run_after=None
[2025-04-17T14:24:36.970+0000] {logging_mixin.py:190} INFO - [2025-04-17T14:24:36.970+0000] {dag.py:4180} INFO - Setting next_dagrun for dataset_s3_bucket_producer to None, run_after=None
[2025-04-17T14:24:37.049+0000] {processor.py:208} INFO - Processing /home/airflow/.local/lib/python3.12/site-packages/airflow/example_dags/example_dataset_alias.py took 1.798 seconds
[2025-04-17T14:25:08.231+0000] {processor.py:186} INFO - Started process (PID=2865) to work on /home/airflow/.local/lib/python3.12/site-packages/airflow/example_dags/example_dataset_alias.py
[2025-04-17T14:25:08.237+0000] {processor.py:914} INFO - Processing file /home/airflow/.local/lib/python3.12/site-packages/airflow/example_dags/example_dataset_alias.py for tasks to queue
[2025-04-17T14:25:08.248+0000] {logging_mixin.py:190} INFO - [2025-04-17T14:25:08.247+0000] {dagbag.py:588} INFO - Filling up the DagBag from /home/airflow/.local/lib/python3.12/site-packages/airflow/example_dags/example_dataset_alias.py
[2025-04-17T14:25:10.636+0000] {processor.py:925} INFO - DAG(s) 'dataset_alias_example_alias_producer', 'dataset_alias_example_alias_consumer', 'dataset_s3_bucket_producer', 'dataset_s3_bucket_consumer' retrieved from /home/airflow/.local/lib/python3.12/site-packages/airflow/example_dags/example_dataset_alias.py
[2025-04-17T14:25:10.775+0000] {logging_mixin.py:190} INFO - [2025-04-17T14:25:10.773+0000] {dag.py:3239} INFO - Sync 4 DAGs
[2025-04-17T14:25:10.918+0000] {logging_mixin.py:190} INFO - [2025-04-17T14:25:10.918+0000] {dag.py:4180} INFO - Setting next_dagrun for dataset_alias_example_alias_consumer to None, run_after=None
[2025-04-17T14:25:10.946+0000] {logging_mixin.py:190} INFO - [2025-04-17T14:25:10.946+0000] {dag.py:4180} INFO - Setting next_dagrun for dataset_alias_example_alias_producer to None, run_after=None
[2025-04-17T14:25:10.954+0000] {logging_mixin.py:190} INFO - [2025-04-17T14:25:10.953+0000] {dag.py:4180} INFO - Setting next_dagrun for dataset_s3_bucket_consumer to None, run_after=None
[2025-04-17T14:25:10.963+0000] {logging_mixin.py:190} INFO - [2025-04-17T14:25:10.962+0000] {dag.py:4180} INFO - Setting next_dagrun for dataset_s3_bucket_producer to None, run_after=None
[2025-04-17T14:25:11.251+0000] {processor.py:208} INFO - Processing /home/airflow/.local/lib/python3.12/site-packages/airflow/example_dags/example_dataset_alias.py took 3.065 seconds
