[2025-04-17T14:20:42.469+0000] {processor.py:186} INFO - Started process (PID=354) to work on /home/airflow/.local/lib/python3.12/site-packages/airflow/example_dags/tutorial.py
[2025-04-17T14:20:42.477+0000] {processor.py:914} INFO - Processing file /home/airflow/.local/lib/python3.12/site-packages/airflow/example_dags/tutorial.py for tasks to queue
[2025-04-17T14:20:42.499+0000] {logging_mixin.py:190} INFO - [2025-04-17T14:20:42.490+0000] {dagbag.py:588} INFO - Filling up the DagBag from /home/airflow/.local/lib/python3.12/site-packages/airflow/example_dags/tutorial.py
[2025-04-17T14:20:42.532+0000] {processor.py:925} INFO - DAG(s) 'tutorial' retrieved from /home/airflow/.local/lib/python3.12/site-packages/airflow/example_dags/tutorial.py
[2025-04-17T14:20:42.640+0000] {logging_mixin.py:190} INFO - [2025-04-17T14:20:42.640+0000] {dag.py:3239} INFO - Sync 1 DAGs
[2025-04-17T14:20:42.823+0000] {logging_mixin.py:190} INFO - [2025-04-17T14:20:42.823+0000] {dag.py:4180} INFO - Setting next_dagrun for tutorial to 2025-04-16 00:00:00+00:00, run_after=2025-04-17 00:00:00+00:00
[2025-04-17T14:20:43.055+0000] {processor.py:208} INFO - Processing /home/airflow/.local/lib/python3.12/site-packages/airflow/example_dags/tutorial.py took 0.609 seconds
[2025-04-17T14:21:19.028+0000] {processor.py:186} INFO - Started process (PID=645) to work on /home/airflow/.local/lib/python3.12/site-packages/airflow/example_dags/tutorial.py
[2025-04-17T14:21:19.034+0000] {processor.py:914} INFO - Processing file /home/airflow/.local/lib/python3.12/site-packages/airflow/example_dags/tutorial.py for tasks to queue
[2025-04-17T14:21:19.061+0000] {logging_mixin.py:190} INFO - [2025-04-17T14:21:19.054+0000] {dagbag.py:588} INFO - Filling up the DagBag from /home/airflow/.local/lib/python3.12/site-packages/airflow/example_dags/tutorial.py
[2025-04-17T14:21:19.096+0000] {processor.py:925} INFO - DAG(s) 'tutorial' retrieved from /home/airflow/.local/lib/python3.12/site-packages/airflow/example_dags/tutorial.py
[2025-04-17T14:21:19.359+0000] {logging_mixin.py:190} INFO - [2025-04-17T14:21:19.358+0000] {dag.py:3239} INFO - Sync 1 DAGs
[2025-04-17T14:21:19.569+0000] {logging_mixin.py:190} INFO - [2025-04-17T14:21:19.569+0000] {dag.py:4180} INFO - Setting next_dagrun for tutorial to 2025-04-16 00:00:00+00:00, run_after=2025-04-17 00:00:00+00:00
[2025-04-17T14:21:19.744+0000] {processor.py:208} INFO - Processing /home/airflow/.local/lib/python3.12/site-packages/airflow/example_dags/tutorial.py took 0.773 seconds
[2025-04-17T14:21:51.955+0000] {processor.py:186} INFO - Started process (PID=950) to work on /home/airflow/.local/lib/python3.12/site-packages/airflow/example_dags/tutorial.py
[2025-04-17T14:21:51.957+0000] {processor.py:914} INFO - Processing file /home/airflow/.local/lib/python3.12/site-packages/airflow/example_dags/tutorial.py for tasks to queue
[2025-04-17T14:21:51.966+0000] {logging_mixin.py:190} INFO - [2025-04-17T14:21:51.964+0000] {dagbag.py:588} INFO - Filling up the DagBag from /home/airflow/.local/lib/python3.12/site-packages/airflow/example_dags/tutorial.py
[2025-04-17T14:21:51.991+0000] {processor.py:925} INFO - DAG(s) 'tutorial' retrieved from /home/airflow/.local/lib/python3.12/site-packages/airflow/example_dags/tutorial.py
[2025-04-17T14:21:52.072+0000] {logging_mixin.py:190} INFO - [2025-04-17T14:21:52.071+0000] {dag.py:3239} INFO - Sync 1 DAGs
[2025-04-17T14:21:52.148+0000] {logging_mixin.py:190} INFO - [2025-04-17T14:21:52.147+0000] {dag.py:4180} INFO - Setting next_dagrun for tutorial to 2025-04-16 00:00:00+00:00, run_after=2025-04-17 00:00:00+00:00
[2025-04-17T14:21:52.208+0000] {processor.py:208} INFO - Processing /home/airflow/.local/lib/python3.12/site-packages/airflow/example_dags/tutorial.py took 0.277 seconds
[2025-04-17T14:22:22.911+0000] {processor.py:186} INFO - Started process (PID=1249) to work on /home/airflow/.local/lib/python3.12/site-packages/airflow/example_dags/tutorial.py
[2025-04-17T14:22:22.914+0000] {processor.py:914} INFO - Processing file /home/airflow/.local/lib/python3.12/site-packages/airflow/example_dags/tutorial.py for tasks to queue
[2025-04-17T14:22:22.924+0000] {logging_mixin.py:190} INFO - [2025-04-17T14:22:22.923+0000] {dagbag.py:588} INFO - Filling up the DagBag from /home/airflow/.local/lib/python3.12/site-packages/airflow/example_dags/tutorial.py
[2025-04-17T14:22:22.947+0000] {processor.py:925} INFO - DAG(s) 'tutorial' retrieved from /home/airflow/.local/lib/python3.12/site-packages/airflow/example_dags/tutorial.py
[2025-04-17T14:22:23.003+0000] {logging_mixin.py:190} INFO - [2025-04-17T14:22:23.003+0000] {dag.py:3239} INFO - Sync 1 DAGs
[2025-04-17T14:22:23.068+0000] {logging_mixin.py:190} INFO - [2025-04-17T14:22:23.067+0000] {dag.py:4180} INFO - Setting next_dagrun for tutorial to 2025-04-16 00:00:00+00:00, run_after=2025-04-17 00:00:00+00:00
[2025-04-17T14:22:23.141+0000] {processor.py:208} INFO - Processing /home/airflow/.local/lib/python3.12/site-packages/airflow/example_dags/tutorial.py took 0.249 seconds
[2025-04-17T14:22:55.358+0000] {processor.py:186} INFO - Started process (PID=1554) to work on /home/airflow/.local/lib/python3.12/site-packages/airflow/example_dags/tutorial.py
[2025-04-17T14:22:55.365+0000] {processor.py:914} INFO - Processing file /home/airflow/.local/lib/python3.12/site-packages/airflow/example_dags/tutorial.py for tasks to queue
[2025-04-17T14:22:55.390+0000] {logging_mixin.py:190} INFO - [2025-04-17T14:22:55.382+0000] {dagbag.py:588} INFO - Filling up the DagBag from /home/airflow/.local/lib/python3.12/site-packages/airflow/example_dags/tutorial.py
[2025-04-17T14:22:55.426+0000] {processor.py:925} INFO - DAG(s) 'tutorial' retrieved from /home/airflow/.local/lib/python3.12/site-packages/airflow/example_dags/tutorial.py
[2025-04-17T14:22:55.488+0000] {logging_mixin.py:190} INFO - [2025-04-17T14:22:55.487+0000] {dag.py:3239} INFO - Sync 1 DAGs
[2025-04-17T14:22:55.565+0000] {logging_mixin.py:190} INFO - [2025-04-17T14:22:55.564+0000] {dag.py:4180} INFO - Setting next_dagrun for tutorial to 2025-04-16 00:00:00+00:00, run_after=2025-04-17 00:00:00+00:00
[2025-04-17T14:22:55.632+0000] {processor.py:208} INFO - Processing /home/airflow/.local/lib/python3.12/site-packages/airflow/example_dags/tutorial.py took 0.296 seconds
[2025-04-17T14:23:25.867+0000] {processor.py:186} INFO - Started process (PID=1855) to work on /home/airflow/.local/lib/python3.12/site-packages/airflow/example_dags/tutorial.py
[2025-04-17T14:23:25.870+0000] {processor.py:914} INFO - Processing file /home/airflow/.local/lib/python3.12/site-packages/airflow/example_dags/tutorial.py for tasks to queue
[2025-04-17T14:23:25.876+0000] {logging_mixin.py:190} INFO - [2025-04-17T14:23:25.875+0000] {dagbag.py:588} INFO - Filling up the DagBag from /home/airflow/.local/lib/python3.12/site-packages/airflow/example_dags/tutorial.py
[2025-04-17T14:23:25.899+0000] {processor.py:925} INFO - DAG(s) 'tutorial' retrieved from /home/airflow/.local/lib/python3.12/site-packages/airflow/example_dags/tutorial.py
[2025-04-17T14:23:25.934+0000] {logging_mixin.py:190} INFO - [2025-04-17T14:23:25.934+0000] {dag.py:3239} INFO - Sync 1 DAGs
[2025-04-17T14:23:25.979+0000] {logging_mixin.py:190} INFO - [2025-04-17T14:23:25.978+0000] {dag.py:4180} INFO - Setting next_dagrun for tutorial to 2025-04-16 00:00:00+00:00, run_after=2025-04-17 00:00:00+00:00
[2025-04-17T14:23:26.025+0000] {processor.py:208} INFO - Processing /home/airflow/.local/lib/python3.12/site-packages/airflow/example_dags/tutorial.py took 0.170 seconds
[2025-04-17T14:23:56.882+0000] {processor.py:186} INFO - Started process (PID=2154) to work on /home/airflow/.local/lib/python3.12/site-packages/airflow/example_dags/tutorial.py
[2025-04-17T14:23:56.886+0000] {processor.py:914} INFO - Processing file /home/airflow/.local/lib/python3.12/site-packages/airflow/example_dags/tutorial.py for tasks to queue
[2025-04-17T14:23:56.902+0000] {logging_mixin.py:190} INFO - [2025-04-17T14:23:56.899+0000] {dagbag.py:588} INFO - Filling up the DagBag from /home/airflow/.local/lib/python3.12/site-packages/airflow/example_dags/tutorial.py
[2025-04-17T14:23:56.937+0000] {processor.py:925} INFO - DAG(s) 'tutorial' retrieved from /home/airflow/.local/lib/python3.12/site-packages/airflow/example_dags/tutorial.py
[2025-04-17T14:23:57.027+0000] {logging_mixin.py:190} INFO - [2025-04-17T14:23:57.027+0000] {dag.py:3239} INFO - Sync 1 DAGs
[2025-04-17T14:23:57.159+0000] {logging_mixin.py:190} INFO - [2025-04-17T14:23:57.155+0000] {dag.py:4180} INFO - Setting next_dagrun for tutorial to 2025-04-16 00:00:00+00:00, run_after=2025-04-17 00:00:00+00:00
[2025-04-17T14:23:57.268+0000] {processor.py:208} INFO - Processing /home/airflow/.local/lib/python3.12/site-packages/airflow/example_dags/tutorial.py took 0.420 seconds
[2025-04-17T14:24:28.044+0000] {processor.py:186} INFO - Started process (PID=2465) to work on /home/airflow/.local/lib/python3.12/site-packages/airflow/example_dags/tutorial.py
[2025-04-17T14:24:28.047+0000] {processor.py:914} INFO - Processing file /home/airflow/.local/lib/python3.12/site-packages/airflow/example_dags/tutorial.py for tasks to queue
[2025-04-17T14:24:28.054+0000] {logging_mixin.py:190} INFO - [2025-04-17T14:24:28.053+0000] {dagbag.py:588} INFO - Filling up the DagBag from /home/airflow/.local/lib/python3.12/site-packages/airflow/example_dags/tutorial.py
[2025-04-17T14:24:28.087+0000] {processor.py:925} INFO - DAG(s) 'tutorial' retrieved from /home/airflow/.local/lib/python3.12/site-packages/airflow/example_dags/tutorial.py
[2025-04-17T14:24:28.162+0000] {logging_mixin.py:190} INFO - [2025-04-17T14:24:28.161+0000] {dag.py:3239} INFO - Sync 1 DAGs
[2025-04-17T14:24:28.242+0000] {logging_mixin.py:190} INFO - [2025-04-17T14:24:28.242+0000] {dag.py:4180} INFO - Setting next_dagrun for tutorial to 2025-04-16 00:00:00+00:00, run_after=2025-04-17 00:00:00+00:00
[2025-04-17T14:24:28.305+0000] {processor.py:208} INFO - Processing /home/airflow/.local/lib/python3.12/site-packages/airflow/example_dags/tutorial.py took 0.279 seconds
[2025-04-17T14:24:59.486+0000] {processor.py:186} INFO - Started process (PID=2756) to work on /home/airflow/.local/lib/python3.12/site-packages/airflow/example_dags/tutorial.py
[2025-04-17T14:24:59.490+0000] {processor.py:914} INFO - Processing file /home/airflow/.local/lib/python3.12/site-packages/airflow/example_dags/tutorial.py for tasks to queue
[2025-04-17T14:24:59.501+0000] {logging_mixin.py:190} INFO - [2025-04-17T14:24:59.500+0000] {dagbag.py:588} INFO - Filling up the DagBag from /home/airflow/.local/lib/python3.12/site-packages/airflow/example_dags/tutorial.py
[2025-04-17T14:24:59.534+0000] {processor.py:925} INFO - DAG(s) 'tutorial' retrieved from /home/airflow/.local/lib/python3.12/site-packages/airflow/example_dags/tutorial.py
[2025-04-17T14:24:59.609+0000] {logging_mixin.py:190} INFO - [2025-04-17T14:24:59.609+0000] {dag.py:3239} INFO - Sync 1 DAGs
[2025-04-17T14:24:59.692+0000] {logging_mixin.py:190} INFO - [2025-04-17T14:24:59.691+0000] {dag.py:4180} INFO - Setting next_dagrun for tutorial to 2025-04-16 00:00:00+00:00, run_after=2025-04-17 00:00:00+00:00
[2025-04-17T14:24:59.785+0000] {processor.py:208} INFO - Processing /home/airflow/.local/lib/python3.12/site-packages/airflow/example_dags/tutorial.py took 0.331 seconds
[2025-04-17T14:25:31.291+0000] {processor.py:186} INFO - Started process (PID=3075) to work on /home/airflow/.local/lib/python3.12/site-packages/airflow/example_dags/tutorial.py
[2025-04-17T14:25:31.297+0000] {processor.py:914} INFO - Processing file /home/airflow/.local/lib/python3.12/site-packages/airflow/example_dags/tutorial.py for tasks to queue
[2025-04-17T14:25:31.306+0000] {logging_mixin.py:190} INFO - [2025-04-17T14:25:31.305+0000] {dagbag.py:588} INFO - Filling up the DagBag from /home/airflow/.local/lib/python3.12/site-packages/airflow/example_dags/tutorial.py
[2025-04-17T14:25:31.336+0000] {processor.py:925} INFO - DAG(s) 'tutorial' retrieved from /home/airflow/.local/lib/python3.12/site-packages/airflow/example_dags/tutorial.py
[2025-04-17T14:25:31.397+0000] {logging_mixin.py:190} INFO - [2025-04-17T14:25:31.396+0000] {dag.py:3239} INFO - Sync 1 DAGs
[2025-04-17T14:25:31.459+0000] {logging_mixin.py:190} INFO - [2025-04-17T14:25:31.458+0000] {dag.py:4180} INFO - Setting next_dagrun for tutorial to 2025-04-16 00:00:00+00:00, run_after=2025-04-17 00:00:00+00:00
[2025-04-17T14:25:31.521+0000] {processor.py:208} INFO - Processing /home/airflow/.local/lib/python3.12/site-packages/airflow/example_dags/tutorial.py took 0.249 seconds
