[2025-03-11T02:59:34.810+0000] {local_task_job_runner.py:123} INFO - ::group::Pre task execution logs
[2025-03-11T02:59:34.865+0000] {taskinstance.py:2613} INFO - Dependencies all met for dep_context=non-requeueable deps ti=<TaskInstance: skripsi_perbaikan.wait_for_new_data scheduled__2025-03-11T02:50:00+00:00 [queued]>
[2025-03-11T02:59:34.902+0000] {taskinstance.py:2613} INFO - Dependencies all met for dep_context=requeueable deps ti=<TaskInstance: skripsi_perbaikan.wait_for_new_data scheduled__2025-03-11T02:50:00+00:00 [queued]>
[2025-03-11T02:59:34.904+0000] {taskinstance.py:2866} INFO - Starting attempt 8 of 6
[2025-03-11T02:59:34.971+0000] {taskinstance.py:2889} INFO - Executing <Task(SqlSensor): wait_for_new_data> on 2025-03-11 02:50:00+00:00
[2025-03-11T02:59:34.997+0000] {logging_mixin.py:190} WARNING - /home/airflow/.local/lib/python3.12/site-packages/airflow/task/task_runner/standard_task_runner.py:70 DeprecationWarning: This process (pid=72470) is multi-threaded, use of fork() may lead to deadlocks in the child.
[2025-03-11T02:59:35.001+0000] {standard_task_runner.py:72} INFO - Started process 72510 to run task
[2025-03-11T02:59:35.005+0000] {standard_task_runner.py:104} INFO - Running: ['airflow', 'tasks', 'run', 'skripsi_perbaikan', 'wait_for_new_data', 'scheduled__2025-03-11T02:50:00+00:00', '--job-id', '3239', '--raw', '--subdir', 'DAGS_FOLDER/tugas_akhir.py', '--cfg-path', '/tmp/tmp4est_krx']
[2025-03-11T02:59:35.018+0000] {standard_task_runner.py:105} INFO - Job 3239: Subtask wait_for_new_data
[2025-03-11T02:59:35.186+0000] {task_command.py:467} INFO - Running <TaskInstance: skripsi_perbaikan.wait_for_new_data scheduled__2025-03-11T02:50:00+00:00 [running]> on host b493651eb2c9
[2025-03-11T02:59:35.526+0000] {taskinstance.py:3132} INFO - Exporting env vars: AIRFLOW_CTX_DAG_OWNER='Dion Rikki' AIRFLOW_CTX_DAG_ID='skripsi_perbaikan' AIRFLOW_CTX_TASK_ID='wait_for_new_data' AIRFLOW_CTX_EXECUTION_DATE='2025-03-11T02:50:00+00:00' AIRFLOW_CTX_TRY_NUMBER='8' AIRFLOW_CTX_DAG_RUN_ID='scheduled__2025-03-11T02:50:00+00:00'
[2025-03-11T02:59:35.532+0000] {logging_mixin.py:190} INFO - Task instance is in running state
[2025-03-11T02:59:35.537+0000] {logging_mixin.py:190} INFO -  Previous state of the Task instance: queued
[2025-03-11T02:59:35.538+0000] {logging_mixin.py:190} INFO - Current task name:wait_for_new_data state:running start_date:2025-03-11 02:59:34.868280+00:00
[2025-03-11T02:59:35.541+0000] {logging_mixin.py:190} INFO - Dag name:skripsi_perbaikan and current dag run status:running
[2025-03-11T02:59:35.546+0000] {taskinstance.py:731} INFO - ::endgroup::
[2025-03-11T02:59:35.582+0000] {base.py:84} INFO - Retrieving connection 'mysql_default'
[2025-03-11T02:59:35.589+0000] {sql.py:101} INFO - Poking: 
            SELECT COUNT(*) 
            FROM tugas_akhir_sensordata s
            WHERE s.timestamp >= NOW() - INTERVAL 5 MINUTE
            AND s.Soil_Type IS NOT NULL
            AND s.Crop_Type IS NOT NULL
            AND NOT EXISTS (
                SELECT 1 
                FROM fertilizer_predictions f
                WHERE f.id = s.id
            )
         (with parameters None)
[2025-03-11T02:59:35.601+0000] {base.py:84} INFO - Retrieving connection 'mysql_default'
[2025-03-11T02:59:35.610+0000] {sql.py:553} INFO - Running statement: 
            SELECT COUNT(*) 
            FROM tugas_akhir_sensordata s
            WHERE s.timestamp >= NOW() - INTERVAL 5 MINUTE
            AND s.Soil_Type IS NOT NULL
            AND s.Crop_Type IS NOT NULL
            AND NOT EXISTS (
                SELECT 1 
                FROM fertilizer_predictions f
                WHERE f.id = s.id
            )
        , parameters: None
[2025-03-11T02:59:35.612+0000] {sql.py:562} INFO - Rows affected: 1
[2025-03-11T02:59:35.652+0000] {taskinstance.py:309} INFO - Rescheduling task, marking task as UP_FOR_RESCHEDULE
[2025-03-11T02:59:35.654+0000] {taskinstance.py:340} INFO - ::group::Post task execution logs
[2025-03-11T02:59:35.696+0000] {local_task_job_runner.py:266} INFO - Task exited with return code 0
[2025-03-11T02:59:35.741+0000] {taskinstance.py:3895} INFO - 0 downstream tasks scheduled from follow-on schedule check
[2025-03-11T02:59:35.745+0000] {local_task_job_runner.py:245} INFO - ::endgroup::
