[2025-04-08T05:26:17.845+0000] {local_task_job_runner.py:123} INFO - ::group::Pre task execution logs
[2025-04-08T05:26:17.916+0000] {taskinstance.py:2613} INFO - Dependencies all met for dep_context=non-requeueable deps ti=<TaskInstance: perbaikan_skripsi.predict_and_store_result scheduled__2025-04-08T05:24:00+00:00 [queued]>
[2025-04-08T05:26:17.947+0000] {taskinstance.py:2613} INFO - Dependencies all met for dep_context=requeueable deps ti=<TaskInstance: perbaikan_skripsi.predict_and_store_result scheduled__2025-04-08T05:24:00+00:00 [queued]>
[2025-04-08T05:26:17.948+0000] {taskinstance.py:2866} INFO - Starting attempt 1 of 4
[2025-04-08T05:26:17.995+0000] {taskinstance.py:2889} INFO - Executing <Task(PythonOperator): predict_and_store_result> on 2025-04-08 05:24:00+00:00
[2025-04-08T05:26:18.026+0000] {logging_mixin.py:190} WARNING - /home/airflow/.local/lib/python3.12/site-packages/airflow/task/task_runner/standard_task_runner.py:70 DeprecationWarning: This process (pid=32376) is multi-threaded, use of fork() may lead to deadlocks in the child.
[2025-04-08T05:26:18.029+0000] {standard_task_runner.py:72} INFO - Started process 32453 to run task
[2025-04-08T05:26:18.039+0000] {standard_task_runner.py:104} INFO - Running: ['airflow', 'tasks', 'run', 'perbaikan_skripsi', 'predict_and_store_result', 'scheduled__2025-04-08T05:24:00+00:00', '--job-id', '3745', '--raw', '--subdir', 'DAGS_FOLDER/tugas_akhir.py', '--cfg-path', '/tmp/tmpv09t8_hr']
[2025-04-08T05:26:18.042+0000] {standard_task_runner.py:105} INFO - Job 3745: Subtask predict_and_store_result
[2025-04-08T05:26:18.246+0000] {task_command.py:467} INFO - Running <TaskInstance: perbaikan_skripsi.predict_and_store_result scheduled__2025-04-08T05:24:00+00:00 [running]> on host a9576c91091e
[2025-04-08T05:26:18.699+0000] {taskinstance.py:3132} INFO - Exporting env vars: AIRFLOW_CTX_DAG_OWNER='Dion Rikki' AIRFLOW_CTX_DAG_ID='perbaikan_skripsi' AIRFLOW_CTX_TASK_ID='predict_and_store_result' AIRFLOW_CTX_EXECUTION_DATE='2025-04-08T05:24:00+00:00' AIRFLOW_CTX_TRY_NUMBER='1' AIRFLOW_CTX_DAG_RUN_ID='scheduled__2025-04-08T05:24:00+00:00'
[2025-04-08T05:26:18.707+0000] {logging_mixin.py:190} INFO - Task instance is in running state
[2025-04-08T05:26:18.709+0000] {logging_mixin.py:190} INFO -  Previous state of the Task instance: queued
[2025-04-08T05:26:18.711+0000] {logging_mixin.py:190} INFO - Current task name:predict_and_store_result state:running start_date:2025-04-08 05:26:17.919823+00:00
[2025-04-08T05:26:18.715+0000] {logging_mixin.py:190} INFO - Dag name:perbaikan_skripsi and current dag run status:running
[2025-04-08T05:26:18.717+0000] {taskinstance.py:731} INFO - ::endgroup::
[2025-04-08T05:26:18.722+0000] {logging_mixin.py:190} INFO - 🔍 [2] Memproses data dan melakukan prediksi...
[2025-04-08T05:26:18.897+0000] {logging_mixin.py:190} INFO - ✅ Data siap diproses: 2 baris
    id  Temperature  Humidity  ...  nitrogen phosphorous potassium
0  686         29.8      52.0  ...       0.0        45.0      37.0
1  689         29.8      51.0  ...       0.0        45.0      37.0

[2 rows x 9 columns]
[2025-04-08T05:26:18.898+0000] {logging_mixin.py:190} INFO - 📝 Menyesuaikan nama kolom dengan model training...
[2025-04-08T05:26:18.900+0000] {logging_mixin.py:190} INFO - 🔧 Melakukan encoding kategori Soil_Type dan Crop_Type...
[2025-04-08T05:26:18.911+0000] {logging_mixin.py:190} INFO - 🧠 Menyiapkan fitur untuk prediksi...
[2025-04-08T05:26:18.919+0000] {logging_mixin.py:190} INFO - 🤖 Menjalankan model prediksi...
[2025-04-08T05:26:18.969+0000] {logging_mixin.py:190} INFO - ✅ Prediksi selesai:
    id predicted_fertilizer
0  686       Superphosphate
1  689       Superphosphate
[2025-04-08T05:26:18.970+0000] {logging_mixin.py:190} INFO - 💾 Menyimpan hasil ke tabel fertilizer_predictions...
[2025-04-08T05:26:19.061+0000] {logging_mixin.py:190} INFO - ✅ Hasil prediksi berhasil disimpan.
[2025-04-08T05:26:19.063+0000] {python.py:240} INFO - Done. Returned value was: None
[2025-04-08T05:26:19.096+0000] {taskinstance.py:340} INFO - ::group::Post task execution logs
[2025-04-08T05:26:19.098+0000] {taskinstance.py:352} INFO - Marking task as SUCCESS. dag_id=perbaikan_skripsi, task_id=predict_and_store_result, run_id=scheduled__2025-04-08T05:24:00+00:00, execution_date=20250408T052400, start_date=20250408T052617, end_date=20250408T052619
[2025-04-08T05:26:19.149+0000] {logging_mixin.py:190} INFO - Task instance in success state
[2025-04-08T05:26:19.152+0000] {logging_mixin.py:190} INFO -  Previous state of the Task instance: running
[2025-04-08T05:26:19.154+0000] {logging_mixin.py:190} INFO - Dag name:perbaikan_skripsi queued_at:2025-04-08 05:26:00.381416+00:00
[2025-04-08T05:26:19.157+0000] {logging_mixin.py:190} INFO - Task hostname:a9576c91091e operator:PythonOperator
[2025-04-08T05:26:19.231+0000] {local_task_job_runner.py:266} INFO - Task exited with return code 0
[2025-04-08T05:26:19.344+0000] {taskinstance.py:3895} INFO - 0 downstream tasks scheduled from follow-on schedule check
[2025-04-08T05:26:19.357+0000] {local_task_job_runner.py:245} INFO - ::endgroup::
