[2025-04-07T15:02:56.200+0000] {local_task_job_runner.py:123} INFO - ::group::Pre task execution logs
[2025-04-07T15:02:56.498+0000] {taskinstance.py:2613} INFO - Dependencies all met for dep_context=non-requeueable deps ti=<TaskInstance: skripsi_perbaikan.get_data_from_db scheduled__2025-03-16T13:16:00+00:00 [queued]>
[2025-04-07T15:02:56.661+0000] {taskinstance.py:2613} INFO - Dependencies all met for dep_context=requeueable deps ti=<TaskInstance: skripsi_perbaikan.get_data_from_db scheduled__2025-03-16T13:16:00+00:00 [queued]>
[2025-04-07T15:02:56.662+0000] {taskinstance.py:2866} INFO - Starting attempt 2 of 5
[2025-04-07T15:02:56.839+0000] {taskinstance.py:2889} INFO - Executing <Task(PythonOperator): get_data_from_db> on 2025-03-16 13:16:00+00:00
[2025-04-07T15:02:57.016+0000] {logging_mixin.py:190} WARNING - /home/airflow/.local/lib/python3.12/site-packages/airflow/task/task_runner/standard_task_runner.py:70 DeprecationWarning: This process (pid=2034) is multi-threaded, use of fork() may lead to deadlocks in the child.
[2025-04-07T15:02:57.028+0000] {standard_task_runner.py:72} INFO - Started process 2165 to run task
[2025-04-07T15:02:57.046+0000] {standard_task_runner.py:104} INFO - Running: ['airflow', 'tasks', 'run', 'skripsi_perbaikan', 'get_data_from_db', 'scheduled__2025-03-16T13:16:00+00:00', '--job-id', '2400', '--raw', '--subdir', 'DAGS_FOLDER/tugas_akhir.py', '--cfg-path', '/tmp/tmp74gw5pno']
[2025-04-07T15:02:57.081+0000] {standard_task_runner.py:105} INFO - Job 2400: Subtask get_data_from_db
[2025-04-07T15:02:57.573+0000] {task_command.py:467} INFO - Running <TaskInstance: skripsi_perbaikan.get_data_from_db scheduled__2025-03-16T13:16:00+00:00 [running]> on host a9576c91091e
[2025-04-07T15:03:00.238+0000] {taskinstance.py:3132} INFO - Exporting env vars: AIRFLOW_CTX_DAG_OWNER='Dion Rikki' AIRFLOW_CTX_DAG_ID='skripsi_perbaikan' AIRFLOW_CTX_TASK_ID='get_data_from_db' AIRFLOW_CTX_EXECUTION_DATE='2025-03-16T13:16:00+00:00' AIRFLOW_CTX_TRY_NUMBER='2' AIRFLOW_CTX_DAG_RUN_ID='scheduled__2025-03-16T13:16:00+00:00'
[2025-04-07T15:03:00.260+0000] {logging_mixin.py:190} INFO - Task instance is in running state
[2025-04-07T15:03:00.294+0000] {logging_mixin.py:190} INFO -  Previous state of the Task instance: queued
[2025-04-07T15:03:00.311+0000] {logging_mixin.py:190} INFO - Current task name:get_data_from_db state:running start_date:2025-04-07 15:02:56.506879+00:00
[2025-04-07T15:03:00.325+0000] {logging_mixin.py:190} INFO - Dag name:skripsi_perbaikan and current dag run status:running
[2025-04-07T15:03:00.331+0000] {taskinstance.py:731} INFO - ::endgroup::
[2025-04-07T15:03:00.346+0000] {logging_mixin.py:190} INFO - 🔍 [1] Mengambil data sensor terbaru yang lengkap dan belum diprediksi...
[2025-04-07T15:03:00.527+0000] {logging_mixin.py:190} INFO - 📊 Data ditemukan: 5 baris
[2025-04-07T15:03:00.638+0000] {python.py:240} INFO - Done. Returned value was: None
[2025-04-07T15:03:00.899+0000] {taskinstance.py:340} INFO - ::group::Post task execution logs
[2025-04-07T15:03:00.903+0000] {taskinstance.py:352} INFO - Marking task as SUCCESS. dag_id=skripsi_perbaikan, task_id=get_data_from_db, run_id=scheduled__2025-03-16T13:16:00+00:00, execution_date=20250316T131600, start_date=20250407T150256, end_date=20250407T150300
[2025-04-07T15:03:01.060+0000] {logging_mixin.py:190} INFO - Task instance in success state
[2025-04-07T15:03:01.077+0000] {logging_mixin.py:190} INFO -  Previous state of the Task instance: running
[2025-04-07T15:03:01.094+0000] {logging_mixin.py:190} INFO - Dag name:skripsi_perbaikan queued_at:2025-04-07 14:47:44.282661+00:00
[2025-04-07T15:03:01.099+0000] {logging_mixin.py:190} INFO - Task hostname:a9576c91091e operator:PythonOperator
[2025-04-07T15:03:01.239+0000] {local_task_job_runner.py:266} INFO - Task exited with return code 0
[2025-04-07T15:03:01.357+0000] {local_task_job_runner.py:245} INFO - ::endgroup::
