[2025-04-22T04:36:04.116+0000] {local_task_job_runner.py:123} INFO - ::group::Pre task execution logs
[2025-04-22T04:36:04.139+0000] {taskinstance.py:2613} INFO - Dependencies all met for dep_context=non-requeueable deps ti=<TaskInstance: perbaikan_skripsi.wait_for_new_data scheduled__2025-04-22T04:35:00+00:00 [queued]>
[2025-04-22T04:36:04.159+0000] {taskinstance.py:2613} INFO - Dependencies all met for dep_context=requeueable deps ti=<TaskInstance: perbaikan_skripsi.wait_for_new_data scheduled__2025-04-22T04:35:00+00:00 [queued]>
[2025-04-22T04:36:04.160+0000] {taskinstance.py:2866} INFO - Starting attempt 1 of 4
[2025-04-22T04:36:04.198+0000] {taskinstance.py:2889} INFO - Executing <Task(SqlSensor): wait_for_new_data> on 2025-04-22 04:35:00+00:00
[2025-04-22T04:36:04.216+0000] {logging_mixin.py:190} WARNING - /home/airflow/.local/lib/python3.12/site-packages/airflow/task/task_runner/standard_task_runner.py:70 DeprecationWarning: This process (pid=22601) is multi-threaded, use of fork() may lead to deadlocks in the child.
[2025-04-22T04:36:04.217+0000] {standard_task_runner.py:104} INFO - Running: ['airflow', 'tasks', 'run', 'perbaikan_skripsi', 'wait_for_new_data', 'scheduled__2025-04-22T04:35:00+00:00', '--job-id', '3376', '--raw', '--subdir', 'DAGS_FOLDER/tugas_akhir.py', '--cfg-path', '/tmp/tmp1hxmesss']
[2025-04-22T04:36:04.219+0000] {standard_task_runner.py:105} INFO - Job 3376: Subtask wait_for_new_data
[2025-04-22T04:36:04.219+0000] {standard_task_runner.py:72} INFO - Started process 22635 to run task
[2025-04-22T04:36:04.306+0000] {task_command.py:467} INFO - Running <TaskInstance: perbaikan_skripsi.wait_for_new_data scheduled__2025-04-22T04:35:00+00:00 [running]> on host d0938d3cd7ee
[2025-04-22T04:36:04.477+0000] {taskinstance.py:3132} INFO - Exporting env vars: AIRFLOW_CTX_DAG_OWNER='Dion Rikki' AIRFLOW_CTX_DAG_ID='perbaikan_skripsi' AIRFLOW_CTX_TASK_ID='wait_for_new_data' AIRFLOW_CTX_EXECUTION_DATE='2025-04-22T04:35:00+00:00' AIRFLOW_CTX_TRY_NUMBER='1' AIRFLOW_CTX_DAG_RUN_ID='scheduled__2025-04-22T04:35:00+00:00'
[2025-04-22T04:36:04.480+0000] {logging_mixin.py:190} INFO - Task instance is in running state
[2025-04-22T04:36:04.481+0000] {logging_mixin.py:190} INFO -  Previous state of the Task instance: queued
[2025-04-22T04:36:04.482+0000] {logging_mixin.py:190} INFO - Current task name:wait_for_new_data state:running start_date:2025-04-22 04:36:04.140505+00:00
[2025-04-22T04:36:04.482+0000] {logging_mixin.py:190} INFO - Dag name:perbaikan_skripsi and current dag run status:running
[2025-04-22T04:36:04.483+0000] {taskinstance.py:731} INFO - ::endgroup::
[2025-04-22T04:36:04.508+0000] {base.py:84} INFO - Retrieving connection 'mysql_default'
[2025-04-22T04:36:04.515+0000] {sql.py:101} INFO - Poking: 
            SELECT COUNT(*) 
            FROM tugas_akhir_sensordata s
            WHERE s.timestamp >= NOW() - INTERVAL 1 MINUTE
            AND s.soil_type IS NOT NULL
            AND s.crop_type IS NOT NULL
            AND NOT EXISTS (
                SELECT 1 
                FROM fertilizer_predictions f
                WHERE f.sensor_data_id = s.id
            )
         (with parameters None)
[2025-04-22T04:36:04.527+0000] {base.py:84} INFO - Retrieving connection 'mysql_default'
[2025-04-22T04:36:04.537+0000] {sql.py:553} INFO - Running statement: 
            SELECT COUNT(*) 
            FROM tugas_akhir_sensordata s
            WHERE s.timestamp >= NOW() - INTERVAL 1 MINUTE
            AND s.soil_type IS NOT NULL
            AND s.crop_type IS NOT NULL
            AND NOT EXISTS (
                SELECT 1 
                FROM fertilizer_predictions f
                WHERE f.sensor_data_id = s.id
            )
        , parameters: None
[2025-04-22T04:36:04.542+0000] {sql.py:562} INFO - Rows affected: 1
[2025-04-22T04:36:04.547+0000] {base.py:336} INFO - Success criteria met. Exiting.
[2025-04-22T04:36:04.574+0000] {taskinstance.py:340} INFO - ::group::Post task execution logs
[2025-04-22T04:36:04.576+0000] {taskinstance.py:352} INFO - Marking task as SUCCESS. dag_id=perbaikan_skripsi, task_id=wait_for_new_data, run_id=scheduled__2025-04-22T04:35:00+00:00, execution_date=20250422T043500, start_date=20250422T043604, end_date=20250422T043604
[2025-04-22T04:36:04.615+0000] {logging_mixin.py:190} INFO - Task instance in success state
[2025-04-22T04:36:04.616+0000] {logging_mixin.py:190} INFO -  Previous state of the Task instance: running
[2025-04-22T04:36:04.617+0000] {logging_mixin.py:190} INFO - Dag name:perbaikan_skripsi queued_at:2025-04-22 04:36:00.947238+00:00
[2025-04-22T04:36:04.620+0000] {logging_mixin.py:190} INFO - Task hostname:d0938d3cd7ee operator:SqlSensor
[2025-04-22T04:36:04.649+0000] {local_task_job_runner.py:266} INFO - Task exited with return code 0
[2025-04-22T04:36:04.727+0000] {taskinstance.py:3895} INFO - 1 downstream tasks scheduled from follow-on schedule check
[2025-04-22T04:36:04.743+0000] {local_task_job_runner.py:245} INFO - ::endgroup::
