[2025-02-25T19:07:16.945+0000] {local_task_job_runner.py:123} INFO - ::group::Pre task execution logs
[2025-02-25T19:07:17.174+0000] {taskinstance.py:2613} INFO - Dependencies all met for dep_context=non-requeueable deps ti=<TaskInstance: skripsi.get_data_from_db scheduled__2025-02-25T19:06:00+00:00 [queued]>
[2025-02-25T19:07:17.258+0000] {taskinstance.py:2613} INFO - Dependencies all met for dep_context=requeueable deps ti=<TaskInstance: skripsi.get_data_from_db scheduled__2025-02-25T19:06:00+00:00 [queued]>
[2025-02-25T19:07:17.260+0000] {taskinstance.py:2866} INFO - Starting attempt 1 of 6
[2025-02-25T19:07:17.414+0000] {taskinstance.py:2889} INFO - Executing <Task(PythonOperator): get_data_from_db> on 2025-02-25 19:06:00+00:00
[2025-02-25T19:07:17.482+0000] {logging_mixin.py:190} WARNING - /home/airflow/.local/lib/python3.12/site-packages/airflow/task/task_runner/standard_task_runner.py:70 DeprecationWarning: This process (pid=68608) is multi-threaded, use of fork() may lead to deadlocks in the child.
[2025-02-25T19:07:17.490+0000] {standard_task_runner.py:72} INFO - Started process 68711 to run task
[2025-02-25T19:07:17.486+0000] {standard_task_runner.py:104} INFO - Running: ['airflow', 'tasks', 'run', 'skripsi', 'get_data_from_db', 'scheduled__2025-02-25T19:06:00+00:00', '--job-id', '236', '--raw', '--subdir', 'DAGS_FOLDER/tugas_akhir.py', '--cfg-path', '/tmp/tmpq964_0m0']
[2025-02-25T19:07:17.499+0000] {standard_task_runner.py:105} INFO - Job 236: Subtask get_data_from_db
[2025-02-25T19:07:17.901+0000] {task_command.py:467} INFO - Running <TaskInstance: skripsi.get_data_from_db scheduled__2025-02-25T19:06:00+00:00 [running]> on host d22a487e6b55
[2025-02-25T19:07:18.402+0000] {taskinstance.py:3132} INFO - Exporting env vars: AIRFLOW_CTX_DAG_OWNER='Dion Rikki' AIRFLOW_CTX_DAG_ID='skripsi' AIRFLOW_CTX_TASK_ID='get_data_from_db' AIRFLOW_CTX_EXECUTION_DATE='2025-02-25T19:06:00+00:00' AIRFLOW_CTX_TRY_NUMBER='1' AIRFLOW_CTX_DAG_RUN_ID='scheduled__2025-02-25T19:06:00+00:00'
[2025-02-25T19:07:18.424+0000] {logging_mixin.py:190} INFO - Task instance is in running state
[2025-02-25T19:07:18.437+0000] {logging_mixin.py:190} INFO -  Previous state of the Task instance: queued
[2025-02-25T19:07:18.444+0000] {logging_mixin.py:190} INFO - Current task name:get_data_from_db state:running start_date:2025-02-25 19:07:17.184978+00:00
[2025-02-25T19:07:18.452+0000] {logging_mixin.py:190} INFO - Dag name:skripsi and current dag run status:running
[2025-02-25T19:07:18.455+0000] {taskinstance.py:731} INFO - ::endgroup::
[2025-02-25T19:07:18.472+0000] {logging_mixin.py:190} INFO - 🔍 [1] Menghubungkan ke database MySQL...
[2025-02-25T19:07:18.796+0000] {logging_mixin.py:190} INFO - 📊 Data yang diambil dari MySQL:
   Humidity  Moisture
0      86.0      25.8
[2025-02-25T19:07:18.884+0000] {logging_mixin.py:190} INFO - ✅ Data berhasil disimpan ke XCom. Jumlah baris: 1
[2025-02-25T19:07:18.889+0000] {python.py:240} INFO - Done. Returned value was: None
[2025-02-25T19:07:18.956+0000] {taskinstance.py:340} INFO - ::group::Post task execution logs
[2025-02-25T19:07:18.962+0000] {taskinstance.py:352} INFO - Marking task as SUCCESS. dag_id=skripsi, task_id=get_data_from_db, run_id=scheduled__2025-02-25T19:06:00+00:00, execution_date=20250225T190600, start_date=20250225T190717, end_date=20250225T190718
[2025-02-25T19:07:19.051+0000] {logging_mixin.py:190} INFO - Task instance in success state
[2025-02-25T19:07:19.053+0000] {logging_mixin.py:190} INFO -  Previous state of the Task instance: running
[2025-02-25T19:07:19.060+0000] {logging_mixin.py:190} INFO - Dag name:skripsi queued_at:2025-02-25 19:07:00.368200+00:00
[2025-02-25T19:07:19.064+0000] {logging_mixin.py:190} INFO - Task hostname:d22a487e6b55 operator:PythonOperator
[2025-02-25T19:07:19.149+0000] {local_task_job_runner.py:266} INFO - Task exited with return code 0
[2025-02-25T19:07:19.334+0000] {taskinstance.py:3895} INFO - 1 downstream tasks scheduled from follow-on schedule check
[2025-02-25T19:07:19.358+0000] {local_task_job_runner.py:245} INFO - ::endgroup::
