[2025-02-25T17:41:12.147+0000] {local_task_job_runner.py:123} INFO - ::group::Pre task execution logs
[2025-02-25T17:41:12.213+0000] {taskinstance.py:2613} INFO - Dependencies all met for dep_context=non-requeueable deps ti=<TaskInstance: tugas_kita.predict_and_store_result manual__2025-02-25T17:10:23.386386+00:00 [queued]>
[2025-02-25T17:41:12.272+0000] {taskinstance.py:2613} INFO - Dependencies all met for dep_context=requeueable deps ti=<TaskInstance: tugas_kita.predict_and_store_result manual__2025-02-25T17:10:23.386386+00:00 [queued]>
[2025-02-25T17:41:12.275+0000] {taskinstance.py:2866} INFO - Starting attempt 1 of 6
[2025-02-25T17:41:12.373+0000] {taskinstance.py:2889} INFO - Executing <Task(PythonOperator): predict_and_store_result> on 2025-02-25 17:10:23.386386+00:00
[2025-02-25T17:41:12.413+0000] {standard_task_runner.py:104} INFO - Running: ['airflow', 'tasks', 'run', 'tugas_kita', 'predict_and_store_result', 'manual__2025-02-25T17:10:23.386386+00:00', '--job-id', '40', '--raw', '--subdir', 'DAGS_FOLDER/tugas_akhir.py', '--cfg-path', '/tmp/tmpojz1490g']
[2025-02-25T17:41:12.421+0000] {standard_task_runner.py:105} INFO - Job 40: Subtask predict_and_store_result
[2025-02-25T17:41:12.424+0000] {logging_mixin.py:190} WARNING - /home/airflow/.local/lib/python3.12/site-packages/airflow/task/task_runner/standard_task_runner.py:70 DeprecationWarning: This process (pid=18916) is multi-threaded, use of fork() may lead to deadlocks in the child.
[2025-02-25T17:41:12.428+0000] {standard_task_runner.py:72} INFO - Started process 18985 to run task
[2025-02-25T17:41:12.653+0000] {task_command.py:467} INFO - Running <TaskInstance: tugas_kita.predict_and_store_result manual__2025-02-25T17:10:23.386386+00:00 [running]> on host d22a487e6b55
[2025-02-25T17:41:13.084+0000] {taskinstance.py:3132} INFO - Exporting env vars: AIRFLOW_CTX_DAG_OWNER='Dion Rikki' AIRFLOW_CTX_DAG_ID='tugas_kita' AIRFLOW_CTX_TASK_ID='predict_and_store_result' AIRFLOW_CTX_EXECUTION_DATE='2025-02-25T17:10:23.386386+00:00' AIRFLOW_CTX_TRY_NUMBER='1' AIRFLOW_CTX_DAG_RUN_ID='manual__2025-02-25T17:10:23.386386+00:00'
[2025-02-25T17:41:13.094+0000] {logging_mixin.py:190} INFO - Task instance is in running state
[2025-02-25T17:41:13.096+0000] {logging_mixin.py:190} INFO -  Previous state of the Task instance: queued
[2025-02-25T17:41:13.099+0000] {logging_mixin.py:190} INFO - Current task name:predict_and_store_result state:running start_date:2025-02-25 17:41:12.217351+00:00
[2025-02-25T17:41:13.100+0000] {logging_mixin.py:190} INFO - Dag name:tugas_kita and current dag run status:running
[2025-02-25T17:41:13.106+0000] {taskinstance.py:731} INFO - ::endgroup::
[2025-02-25T17:41:13.112+0000] {logging_mixin.py:190} INFO - 🔍 [1] Mengambil data dari XCom...
[2025-02-25T17:41:13.148+0000] {logging_mixin.py:190} INFO - ✅ [2] Data diterima dari XCom. Jumlah baris: 1
[2025-02-25T17:41:13.151+0000] {logging_mixin.py:190} INFO - 📊 Data contoh:
[{'Humidity': 86.0, 'Moisture': 25.8}]
[2025-02-25T17:41:13.172+0000] {logging_mixin.py:190} INFO - 🤖 [3] Melakukan prediksi dengan model RandomForest...
[2025-02-25T17:41:13.242+0000] {logging_mixin.py:190} INFO - 📌 [4] Hasil prediksi:
   Humidity  Moisture  Predicted_Fertilizer
0      86.0      25.8                     5
[2025-02-25T17:41:13.244+0000] {logging_mixin.py:190} INFO - 💾 [5] Menyimpan hasil prediksi ke database...
[2025-02-25T17:41:13.287+0000] {logging_mixin.py:190} INFO - ✅ Hasil prediksi berhasil disimpan ke database!
[2025-02-25T17:41:13.291+0000] {python.py:240} INFO - Done. Returned value was: None
[2025-02-25T17:41:13.316+0000] {taskinstance.py:340} INFO - ::group::Post task execution logs
[2025-02-25T17:41:13.317+0000] {taskinstance.py:352} INFO - Marking task as SUCCESS. dag_id=tugas_kita, task_id=predict_and_store_result, run_id=manual__2025-02-25T17:10:23.386386+00:00, execution_date=20250225T171023, start_date=20250225T174112, end_date=20250225T174113
[2025-02-25T17:41:13.363+0000] {logging_mixin.py:190} INFO - Task instance in success state
[2025-02-25T17:41:13.364+0000] {logging_mixin.py:190} INFO -  Previous state of the Task instance: running
[2025-02-25T17:41:13.367+0000] {logging_mixin.py:190} INFO - Dag name:tugas_kita queued_at:2025-02-25 17:10:23.432588+00:00
[2025-02-25T17:41:13.370+0000] {logging_mixin.py:190} INFO - Task hostname:d22a487e6b55 operator:PythonOperator
[2025-02-25T17:41:13.407+0000] {local_task_job_runner.py:266} INFO - Task exited with return code 0
[2025-02-25T17:41:13.449+0000] {taskinstance.py:3895} INFO - 0 downstream tasks scheduled from follow-on schedule check
[2025-02-25T17:41:13.454+0000] {local_task_job_runner.py:245} INFO - ::endgroup::
