[2025-02-25T17:41:06.151+0000] {local_task_job_runner.py:123} INFO - ::group::Pre task execution logs
[2025-02-25T17:41:06.243+0000] {taskinstance.py:2613} INFO - Dependencies all met for dep_context=non-requeueable deps ti=<TaskInstance: tugas_kita.get_data_from_db manual__2025-02-25T17:10:23.386386+00:00 [queued]>
[2025-02-25T17:41:06.284+0000] {taskinstance.py:2613} INFO - Dependencies all met for dep_context=requeueable deps ti=<TaskInstance: tugas_kita.get_data_from_db manual__2025-02-25T17:10:23.386386+00:00 [queued]>
[2025-02-25T17:41:06.286+0000] {taskinstance.py:2866} INFO - Starting attempt 1 of 6
[2025-02-25T17:41:06.378+0000] {taskinstance.py:2889} INFO - Executing <Task(PythonOperator): get_data_from_db> on 2025-02-25 17:10:23.386386+00:00
[2025-02-25T17:41:06.421+0000] {logging_mixin.py:190} WARNING - /home/airflow/.local/lib/python3.12/site-packages/airflow/task/task_runner/standard_task_runner.py:70 DeprecationWarning: This process (pid=18848) is multi-threaded, use of fork() may lead to deadlocks in the child.
[2025-02-25T17:41:06.429+0000] {standard_task_runner.py:72} INFO - Started process 18907 to run task
[2025-02-25T17:41:06.436+0000] {standard_task_runner.py:104} INFO - Running: ['airflow', 'tasks', 'run', 'tugas_kita', 'get_data_from_db', 'manual__2025-02-25T17:10:23.386386+00:00', '--job-id', '39', '--raw', '--subdir', 'DAGS_FOLDER/tugas_akhir.py', '--cfg-path', '/tmp/tmpvixv66nt']
[2025-02-25T17:41:06.441+0000] {standard_task_runner.py:105} INFO - Job 39: Subtask get_data_from_db
[2025-02-25T17:41:06.588+0000] {task_command.py:467} INFO - Running <TaskInstance: tugas_kita.get_data_from_db manual__2025-02-25T17:10:23.386386+00:00 [running]> on host d22a487e6b55
[2025-02-25T17:41:06.835+0000] {taskinstance.py:3132} INFO - Exporting env vars: AIRFLOW_CTX_DAG_OWNER='Dion Rikki' AIRFLOW_CTX_DAG_ID='tugas_kita' AIRFLOW_CTX_TASK_ID='get_data_from_db' AIRFLOW_CTX_EXECUTION_DATE='2025-02-25T17:10:23.386386+00:00' AIRFLOW_CTX_TRY_NUMBER='1' AIRFLOW_CTX_DAG_RUN_ID='manual__2025-02-25T17:10:23.386386+00:00'
[2025-02-25T17:41:06.839+0000] {logging_mixin.py:190} INFO - Task instance is in running state
[2025-02-25T17:41:06.840+0000] {logging_mixin.py:190} INFO -  Previous state of the Task instance: queued
[2025-02-25T17:41:06.843+0000] {logging_mixin.py:190} INFO - Current task name:get_data_from_db state:running start_date:2025-02-25 17:41:06.245413+00:00
[2025-02-25T17:41:06.844+0000] {logging_mixin.py:190} INFO - Dag name:tugas_kita and current dag run status:running
[2025-02-25T17:41:06.846+0000] {taskinstance.py:731} INFO - ::endgroup::
[2025-02-25T17:41:06.848+0000] {logging_mixin.py:190} INFO - 🔍 [1] Menghubungkan ke database MySQL...
[2025-02-25T17:41:06.902+0000] {logging_mixin.py:190} INFO - 📊 Data yang diambil dari MySQL:
   Humidity  Moisture
0      86.0      25.8
[2025-02-25T17:41:06.931+0000] {logging_mixin.py:190} INFO - ✅ Data berhasil disimpan ke XCom. Jumlah baris: 1
[2025-02-25T17:41:06.932+0000] {python.py:240} INFO - Done. Returned value was: None
[2025-02-25T17:41:06.949+0000] {taskinstance.py:340} INFO - ::group::Post task execution logs
[2025-02-25T17:41:06.950+0000] {taskinstance.py:352} INFO - Marking task as SUCCESS. dag_id=tugas_kita, task_id=get_data_from_db, run_id=manual__2025-02-25T17:10:23.386386+00:00, execution_date=20250225T171023, start_date=20250225T174106, end_date=20250225T174106
[2025-02-25T17:41:06.976+0000] {logging_mixin.py:190} INFO - Task instance in success state
[2025-02-25T17:41:06.978+0000] {logging_mixin.py:190} INFO -  Previous state of the Task instance: running
[2025-02-25T17:41:06.980+0000] {logging_mixin.py:190} INFO - Dag name:tugas_kita queued_at:2025-02-25 17:10:23.432588+00:00
[2025-02-25T17:41:06.981+0000] {logging_mixin.py:190} INFO - Task hostname:d22a487e6b55 operator:PythonOperator
[2025-02-25T17:41:07.003+0000] {local_task_job_runner.py:266} INFO - Task exited with return code 0
[2025-02-25T17:41:07.055+0000] {taskinstance.py:3895} INFO - 1 downstream tasks scheduled from follow-on schedule check
[2025-02-25T17:41:07.073+0000] {local_task_job_runner.py:245} INFO - ::endgroup::
