[2025-04-07T15:15:14.226+0000] {local_task_job_runner.py:123} INFO - ::group::Pre task execution logs
[2025-04-07T15:15:14.500+0000] {taskinstance.py:2613} INFO - Dependencies all met for dep_context=non-requeueable deps ti=<TaskInstance: skripsi_perbaikan.predict_and_store_result scheduled__2025-03-16T15:06:00+00:00 [queued]>
[2025-04-07T15:15:14.697+0000] {taskinstance.py:2613} INFO - Dependencies all met for dep_context=requeueable deps ti=<TaskInstance: skripsi_perbaikan.predict_and_store_result scheduled__2025-03-16T15:06:00+00:00 [queued]>
[2025-04-07T15:15:14.708+0000] {taskinstance.py:2866} INFO - Starting attempt 1 of 4
[2025-04-07T15:15:14.935+0000] {taskinstance.py:2889} INFO - Executing <Task(PythonOperator): predict_and_store_result> on 2025-03-16 15:06:00+00:00
[2025-04-07T15:15:15.059+0000] {logging_mixin.py:190} WARNING - /home/airflow/.local/lib/python3.12/site-packages/airflow/task/task_runner/standard_task_runner.py:70 DeprecationWarning: This process (pid=6370) is multi-threaded, use of fork() may lead to deadlocks in the child.
[2025-04-07T15:15:15.065+0000] {standard_task_runner.py:72} INFO - Started process 6515 to run task
[2025-04-07T15:15:15.080+0000] {standard_task_runner.py:104} INFO - Running: ['airflow', 'tasks', 'run', 'skripsi_perbaikan', 'predict_and_store_result', 'scheduled__2025-03-16T15:06:00+00:00', '--job-id', '2635', '--raw', '--subdir', 'DAGS_FOLDER/tugas_akhir.py', '--cfg-path', '/tmp/tmpsj02qpza']
[2025-04-07T15:15:15.090+0000] {standard_task_runner.py:105} INFO - Job 2635: Subtask predict_and_store_result
[2025-04-07T15:15:15.388+0000] {task_command.py:467} INFO - Running <TaskInstance: skripsi_perbaikan.predict_and_store_result scheduled__2025-03-16T15:06:00+00:00 [running]> on host a9576c91091e
[2025-04-07T15:15:16.753+0000] {taskinstance.py:3132} INFO - Exporting env vars: AIRFLOW_CTX_DAG_OWNER='Dion Rikki' AIRFLOW_CTX_DAG_ID='skripsi_perbaikan' AIRFLOW_CTX_TASK_ID='predict_and_store_result' AIRFLOW_CTX_EXECUTION_DATE='2025-03-16T15:06:00+00:00' AIRFLOW_CTX_TRY_NUMBER='1' AIRFLOW_CTX_DAG_RUN_ID='scheduled__2025-03-16T15:06:00+00:00'
[2025-04-07T15:15:16.782+0000] {logging_mixin.py:190} INFO - Task instance is in running state
[2025-04-07T15:15:16.804+0000] {logging_mixin.py:190} INFO -  Previous state of the Task instance: queued
[2025-04-07T15:15:16.812+0000] {logging_mixin.py:190} INFO - Current task name:predict_and_store_result state:running start_date:2025-04-07 15:15:14.510259+00:00
[2025-04-07T15:15:16.827+0000] {logging_mixin.py:190} INFO - Dag name:skripsi_perbaikan and current dag run status:running
[2025-04-07T15:15:16.835+0000] {taskinstance.py:731} INFO - ::endgroup::
[2025-04-07T15:15:16.842+0000] {logging_mixin.py:190} INFO - 🔍 [2] Memproses data dan melakukan prediksi...
[2025-04-07T15:15:17.080+0000] {logging_mixin.py:190} INFO - ⚠️ Tidak ada data untuk diproses.
[2025-04-07T15:15:17.101+0000] {python.py:240} INFO - Done. Returned value was: None
[2025-04-07T15:15:17.160+0000] {taskinstance.py:340} INFO - ::group::Post task execution logs
[2025-04-07T15:15:17.168+0000] {taskinstance.py:352} INFO - Marking task as SUCCESS. dag_id=skripsi_perbaikan, task_id=predict_and_store_result, run_id=scheduled__2025-03-16T15:06:00+00:00, execution_date=20250316T150600, start_date=20250407T151514, end_date=20250407T151517
[2025-04-07T15:15:19.218+0000] {logging_mixin.py:190} INFO - Task instance in success state
[2025-04-07T15:15:19.224+0000] {logging_mixin.py:190} INFO -  Previous state of the Task instance: running
[2025-04-07T15:15:19.237+0000] {logging_mixin.py:190} INFO - Dag name:skripsi_perbaikan queued_at:2025-04-07 14:47:44.291375+00:00
[2025-04-07T15:15:19.277+0000] {logging_mixin.py:190} INFO - Task hostname:a9576c91091e operator:PythonOperator
[2025-04-07T15:15:19.425+0000] {local_task_job_runner.py:266} INFO - Task exited with return code 0
[2025-04-07T15:15:19.676+0000] {taskinstance.py:3895} INFO - 0 downstream tasks scheduled from follow-on schedule check
[2025-04-07T15:15:19.680+0000] {local_task_job_runner.py:245} INFO - ::endgroup::
