[2025-02-25T19:45:14.946+0000] {local_task_job_runner.py:123} INFO - ::group::Pre task execution logs
[2025-02-25T19:45:15.040+0000] {taskinstance.py:2613} INFO - Dependencies all met for dep_context=non-requeueable deps ti=<TaskInstance: skripsi.wait_for_new_data scheduled__2025-02-25T19:44:00+00:00 [queued]>
[2025-02-25T19:45:15.098+0000] {taskinstance.py:2613} INFO - Dependencies all met for dep_context=requeueable deps ti=<TaskInstance: skripsi.wait_for_new_data scheduled__2025-02-25T19:44:00+00:00 [queued]>
[2025-02-25T19:45:15.105+0000] {taskinstance.py:2866} INFO - Starting attempt 1 of 6
[2025-02-25T19:45:15.248+0000] {taskinstance.py:2889} INFO - Executing <Task(SqlSensor): wait_for_new_data> on 2025-02-25 19:44:00+00:00
[2025-02-25T19:45:15.308+0000] {logging_mixin.py:190} WARNING - /home/airflow/.local/lib/python3.12/site-packages/airflow/task/task_runner/standard_task_runner.py:70 DeprecationWarning: This process (pid=90961) is multi-threaded, use of fork() may lead to deadlocks in the child.
[2025-02-25T19:45:15.305+0000] {standard_task_runner.py:104} INFO - Running: ['airflow', 'tasks', 'run', 'skripsi', 'wait_for_new_data', 'scheduled__2025-02-25T19:44:00+00:00', '--job-id', '435', '--raw', '--subdir', 'DAGS_FOLDER/tugas_akhir.py', '--cfg-path', '/tmp/tmp5nwn6ji0']
[2025-02-25T19:45:15.316+0000] {standard_task_runner.py:72} INFO - Started process 91068 to run task
[2025-02-25T19:45:15.315+0000] {standard_task_runner.py:105} INFO - Job 435: Subtask wait_for_new_data
[2025-02-25T19:45:15.672+0000] {task_command.py:467} INFO - Running <TaskInstance: skripsi.wait_for_new_data scheduled__2025-02-25T19:44:00+00:00 [running]> on host d22a487e6b55
[2025-02-25T19:45:18.345+0000] {taskinstance.py:3132} INFO - Exporting env vars: AIRFLOW_CTX_DAG_OWNER='Dion Rikki' AIRFLOW_CTX_DAG_ID='skripsi' AIRFLOW_CTX_TASK_ID='wait_for_new_data' AIRFLOW_CTX_EXECUTION_DATE='2025-02-25T19:44:00+00:00' AIRFLOW_CTX_TRY_NUMBER='1' AIRFLOW_CTX_DAG_RUN_ID='scheduled__2025-02-25T19:44:00+00:00'
[2025-02-25T19:45:18.395+0000] {logging_mixin.py:190} INFO - Task instance is in running state
[2025-02-25T19:45:18.406+0000] {logging_mixin.py:190} INFO -  Previous state of the Task instance: queued
[2025-02-25T19:45:18.417+0000] {logging_mixin.py:190} INFO - Current task name:wait_for_new_data state:running start_date:2025-02-25 19:45:15.044604+00:00
[2025-02-25T19:45:18.434+0000] {logging_mixin.py:190} INFO - Dag name:skripsi and current dag run status:running
[2025-02-25T19:45:18.439+0000] {taskinstance.py:731} INFO - ::endgroup::
[2025-02-25T19:45:18.647+0000] {base.py:84} INFO - Retrieving connection 'mysql_default'
[2025-02-25T19:45:18.667+0000] {sql.py:101} INFO - Poking: SELECT COUNT(*) FROM tugas_akhir_sensordata WHERE timestamp >= NOW() - INTERVAL 5 MINUTE (with parameters None)
[2025-02-25T19:45:18.749+0000] {base.py:84} INFO - Retrieving connection 'mysql_default'
[2025-02-25T19:45:18.776+0000] {sql.py:553} INFO - Running statement: SELECT COUNT(*) FROM tugas_akhir_sensordata WHERE timestamp >= NOW() - INTERVAL 5 MINUTE, parameters: None
[2025-02-25T19:45:18.798+0000] {sql.py:562} INFO - Rows affected: 1
[2025-02-25T19:45:18.810+0000] {base.py:336} INFO - Success criteria met. Exiting.
[2025-02-25T19:45:18.890+0000] {taskinstance.py:340} INFO - ::group::Post task execution logs
[2025-02-25T19:45:18.893+0000] {taskinstance.py:352} INFO - Marking task as SUCCESS. dag_id=skripsi, task_id=wait_for_new_data, run_id=scheduled__2025-02-25T19:44:00+00:00, execution_date=20250225T194400, start_date=20250225T194515, end_date=20250225T194518
[2025-02-25T19:45:19.013+0000] {logging_mixin.py:190} INFO - Task instance in success state
[2025-02-25T19:45:19.018+0000] {logging_mixin.py:190} INFO -  Previous state of the Task instance: running
[2025-02-25T19:45:19.029+0000] {logging_mixin.py:190} INFO - Dag name:skripsi queued_at:2025-02-25 19:45:00.067159+00:00
[2025-02-25T19:45:19.038+0000] {logging_mixin.py:190} INFO - Task hostname:d22a487e6b55 operator:SqlSensor
[2025-02-25T19:45:19.195+0000] {local_task_job_runner.py:266} INFO - Task exited with return code 0
[2025-02-25T19:45:19.497+0000] {taskinstance.py:3895} INFO - 1 downstream tasks scheduled from follow-on schedule check
[2025-02-25T19:45:19.525+0000] {local_task_job_runner.py:245} INFO - ::endgroup::
