[2025-03-11T08:17:59.900+0000] {local_task_job_runner.py:123} INFO - ::group::Pre task execution logs
[2025-03-11T08:18:00.015+0000] {taskinstance.py:2613} INFO - Dependencies all met for dep_context=non-requeueable deps ti=<TaskInstance: skripsi_perbaikan.predict_and_store_result scheduled__2025-03-11T08:08:00+00:00 [queued]>
[2025-03-11T08:18:00.083+0000] {taskinstance.py:2613} INFO - Dependencies all met for dep_context=requeueable deps ti=<TaskInstance: skripsi_perbaikan.predict_and_store_result scheduled__2025-03-11T08:08:00+00:00 [queued]>
[2025-03-11T08:18:00.085+0000] {taskinstance.py:2866} INFO - Starting attempt 1 of 4
[2025-03-11T08:18:00.159+0000] {taskinstance.py:2889} INFO - Executing <Task(PythonOperator): predict_and_store_result> on 2025-03-11 08:08:00+00:00
[2025-03-11T08:18:00.231+0000] {standard_task_runner.py:104} INFO - Running: ['airflow', 'tasks', 'run', 'skripsi_perbaikan', 'predict_and_store_result', 'scheduled__2025-03-11T08:08:00+00:00', '--job-id', '4831', '--raw', '--subdir', 'DAGS_FOLDER/tugas_akhir.py', '--cfg-path', '/tmp/tmp3v0uuru1']
[2025-03-11T08:18:00.235+0000] {standard_task_runner.py:105} INFO - Job 4831: Subtask predict_and_store_result
[2025-03-11T08:18:00.248+0000] {logging_mixin.py:190} WARNING - /home/airflow/.local/lib/python3.12/site-packages/airflow/task/task_runner/standard_task_runner.py:70 DeprecationWarning: This process (pid=62508) is multi-threaded, use of fork() may lead to deadlocks in the child.
[2025-03-11T08:18:00.266+0000] {standard_task_runner.py:72} INFO - Started process 62603 to run task
[2025-03-11T08:18:00.572+0000] {task_command.py:467} INFO - Running <TaskInstance: skripsi_perbaikan.predict_and_store_result scheduled__2025-03-11T08:08:00+00:00 [running]> on host b493651eb2c9
[2025-03-11T08:18:01.214+0000] {taskinstance.py:3132} INFO - Exporting env vars: AIRFLOW_CTX_DAG_OWNER='Dion Rikki' AIRFLOW_CTX_DAG_ID='skripsi_perbaikan' AIRFLOW_CTX_TASK_ID='predict_and_store_result' AIRFLOW_CTX_EXECUTION_DATE='2025-03-11T08:08:00+00:00' AIRFLOW_CTX_TRY_NUMBER='1' AIRFLOW_CTX_DAG_RUN_ID='scheduled__2025-03-11T08:08:00+00:00'
[2025-03-11T08:18:01.231+0000] {logging_mixin.py:190} INFO - Task instance is in running state
[2025-03-11T08:18:01.236+0000] {logging_mixin.py:190} INFO -  Previous state of the Task instance: queued
[2025-03-11T08:18:01.238+0000] {logging_mixin.py:190} INFO - Current task name:predict_and_store_result state:running start_date:2025-03-11 08:18:00.017572+00:00
[2025-03-11T08:18:01.243+0000] {logging_mixin.py:190} INFO - Dag name:skripsi_perbaikan and current dag run status:running
[2025-03-11T08:18:01.248+0000] {taskinstance.py:731} INFO - ::endgroup::
[2025-03-11T08:18:01.254+0000] {logging_mixin.py:190} INFO - 🔍 [2] Memproses data dan melakukan prediksi...
[2025-03-11T08:18:01.406+0000] {logging_mixin.py:190} INFO - ✅ Data siap diproses: 1 baris
   id  Temperature  Humidity  ...  nitrogen phosphorous potassium
0  47         25.8      86.0  ...       0.0         0.0       0.0

[1 rows x 9 columns]
[2025-03-11T08:18:01.412+0000] {logging_mixin.py:190} INFO - 📝 Menyesuaikan nama kolom dengan model training...
[2025-03-11T08:18:01.417+0000] {logging_mixin.py:190} INFO - 🔧 Melakukan encoding kategori Soil_Type dan Crop_Type...
[2025-03-11T08:18:01.432+0000] {logging_mixin.py:190} INFO - 🧠 Menyiapkan fitur untuk prediksi...
[2025-03-11T08:18:01.441+0000] {logging_mixin.py:190} INFO - 🤖 Menjalankan model prediksi...
[2025-03-11T08:18:01.481+0000] {logging_mixin.py:190} INFO - ✅ Prediksi selesai:
   id predicted_fertilizer
0  47             10-10-10
[2025-03-11T08:18:01.486+0000] {logging_mixin.py:190} INFO - 💾 Menyimpan hasil ke tabel fertilizer_predictions...
[2025-03-11T08:18:01.652+0000] {logging_mixin.py:190} INFO - ✅ Hasil prediksi berhasil disimpan.
[2025-03-11T08:18:01.660+0000] {python.py:240} INFO - Done. Returned value was: None
[2025-03-11T08:18:01.706+0000] {taskinstance.py:340} INFO - ::group::Post task execution logs
[2025-03-11T08:18:01.714+0000] {taskinstance.py:352} INFO - Marking task as SUCCESS. dag_id=skripsi_perbaikan, task_id=predict_and_store_result, run_id=scheduled__2025-03-11T08:08:00+00:00, execution_date=20250311T080800, start_date=20250311T081800, end_date=20250311T081801
[2025-03-11T08:18:01.804+0000] {logging_mixin.py:190} INFO - Task instance in success state
[2025-03-11T08:18:01.813+0000] {logging_mixin.py:190} INFO -  Previous state of the Task instance: running
[2025-03-11T08:18:01.819+0000] {logging_mixin.py:190} INFO - Dag name:skripsi_perbaikan queued_at:2025-03-11 08:10:00.776774+00:00
[2025-03-11T08:18:01.823+0000] {logging_mixin.py:190} INFO - Task hostname:b493651eb2c9 operator:PythonOperator
[2025-03-11T08:18:01.916+0000] {local_task_job_runner.py:266} INFO - Task exited with return code 0
[2025-03-11T08:18:02.099+0000] {taskinstance.py:3895} INFO - 0 downstream tasks scheduled from follow-on schedule check
[2025-03-11T08:18:02.115+0000] {local_task_job_runner.py:245} INFO - ::endgroup::
