[2025-02-25T19:42:25.731+0000] {local_task_job_runner.py:123} INFO - ::group::Pre task execution logs
[2025-02-25T19:42:25.766+0000] {taskinstance.py:2613} INFO - Dependencies all met for dep_context=non-requeueable deps ti=<TaskInstance: skripsi.wait_for_new_data scheduled__2025-02-25T19:38:00+00:00 [queued]>
[2025-02-25T19:42:25.790+0000] {taskinstance.py:2613} INFO - Dependencies all met for dep_context=requeueable deps ti=<TaskInstance: skripsi.wait_for_new_data scheduled__2025-02-25T19:38:00+00:00 [queued]>
[2025-02-25T19:42:25.791+0000] {taskinstance.py:2866} INFO - Starting attempt 4 of 6
[2025-02-25T19:42:25.827+0000] {taskinstance.py:2889} INFO - Executing <Task(SqlSensor): wait_for_new_data> on 2025-02-25 19:38:00+00:00
[2025-02-25T19:42:25.853+0000] {logging_mixin.py:190} WARNING - /home/airflow/.local/lib/python3.12/site-packages/airflow/task/task_runner/standard_task_runner.py:70 DeprecationWarning: This process (pid=89322) is multi-threaded, use of fork() may lead to deadlocks in the child.
[2025-02-25T19:42:25.852+0000] {standard_task_runner.py:104} INFO - Running: ['airflow', 'tasks', 'run', 'skripsi', 'wait_for_new_data', 'scheduled__2025-02-25T19:38:00+00:00', '--job-id', '404', '--raw', '--subdir', 'DAGS_FOLDER/tugas_akhir.py', '--cfg-path', '/tmp/tmpqqe1dpx3']
[2025-02-25T19:42:25.856+0000] {standard_task_runner.py:72} INFO - Started process 89399 to run task
[2025-02-25T19:42:25.856+0000] {standard_task_runner.py:105} INFO - Job 404: Subtask wait_for_new_data
[2025-02-25T19:42:25.956+0000] {task_command.py:467} INFO - Running <TaskInstance: skripsi.wait_for_new_data scheduled__2025-02-25T19:38:00+00:00 [running]> on host d22a487e6b55
[2025-02-25T19:42:26.225+0000] {taskinstance.py:3132} INFO - Exporting env vars: AIRFLOW_CTX_DAG_OWNER='Dion Rikki' AIRFLOW_CTX_DAG_ID='skripsi' AIRFLOW_CTX_TASK_ID='wait_for_new_data' AIRFLOW_CTX_EXECUTION_DATE='2025-02-25T19:38:00+00:00' AIRFLOW_CTX_TRY_NUMBER='4' AIRFLOW_CTX_DAG_RUN_ID='scheduled__2025-02-25T19:38:00+00:00'
[2025-02-25T19:42:26.235+0000] {logging_mixin.py:190} INFO - Task instance is in running state
[2025-02-25T19:42:26.238+0000] {logging_mixin.py:190} INFO -  Previous state of the Task instance: queued
[2025-02-25T19:42:26.241+0000] {logging_mixin.py:190} INFO - Current task name:wait_for_new_data state:running start_date:2025-02-25 19:42:25.767667+00:00
[2025-02-25T19:42:26.244+0000] {logging_mixin.py:190} INFO - Dag name:skripsi and current dag run status:running
[2025-02-25T19:42:26.247+0000] {taskinstance.py:731} INFO - ::endgroup::
[2025-02-25T19:42:26.309+0000] {base.py:84} INFO - Retrieving connection 'mysql_default'
[2025-02-25T19:42:26.322+0000] {sql.py:101} INFO - Poking: SELECT COUNT(*) FROM tugas_akhir_sensordata WHERE timestamp >= NOW() - INTERVAL 5 MINUTE (with parameters None)
[2025-02-25T19:42:26.339+0000] {base.py:84} INFO - Retrieving connection 'mysql_default'
[2025-02-25T19:42:26.359+0000] {sql.py:553} INFO - Running statement: SELECT COUNT(*) FROM tugas_akhir_sensordata WHERE timestamp >= NOW() - INTERVAL 5 MINUTE, parameters: None
[2025-02-25T19:42:26.364+0000] {sql.py:562} INFO - Rows affected: 1
[2025-02-25T19:42:26.463+0000] {taskinstance.py:309} INFO - Rescheduling task, marking task as UP_FOR_RESCHEDULE
[2025-02-25T19:42:26.468+0000] {taskinstance.py:340} INFO - ::group::Post task execution logs
[2025-02-25T19:42:26.542+0000] {local_task_job_runner.py:266} INFO - Task exited with return code 0
[2025-02-25T19:42:26.666+0000] {taskinstance.py:3895} INFO - 0 downstream tasks scheduled from follow-on schedule check
[2025-02-25T19:42:26.680+0000] {local_task_job_runner.py:245} INFO - ::endgroup::
