[2025-03-01T14:21:10.306+0000] {local_task_job_runner.py:123} INFO - ::group::Pre task execution logs
[2025-03-01T14:21:10.346+0000] {taskinstance.py:2613} INFO - Dependencies all met for dep_context=non-requeueable deps ti=<TaskInstance: skripsi_2.wait_for_new_data scheduled__2025-03-01T14:18:00+00:00 [queued]>
[2025-03-01T14:21:10.372+0000] {taskinstance.py:2613} INFO - Dependencies all met for dep_context=requeueable deps ti=<TaskInstance: skripsi_2.wait_for_new_data scheduled__2025-03-01T14:18:00+00:00 [queued]>
[2025-03-01T14:21:10.373+0000] {taskinstance.py:2866} INFO - Starting attempt 2 of 6
[2025-03-01T14:21:10.424+0000] {taskinstance.py:2889} INFO - Executing <Task(SqlSensor): wait_for_new_data> on 2025-03-01 14:18:00+00:00
[2025-03-01T14:21:10.451+0000] {logging_mixin.py:190} WARNING - /home/airflow/.local/lib/python3.12/site-packages/airflow/task/task_runner/standard_task_runner.py:70 DeprecationWarning: This process (pid=91246) is multi-threaded, use of fork() may lead to deadlocks in the child.
[2025-03-01T14:21:10.455+0000] {standard_task_runner.py:72} INFO - Started process 91259 to run task
[2025-03-01T14:21:10.458+0000] {standard_task_runner.py:104} INFO - Running: ['airflow', 'tasks', 'run', 'skripsi_2', 'wait_for_new_data', 'scheduled__2025-03-01T14:18:00+00:00', '--job-id', '12527', '--raw', '--subdir', 'DAGS_FOLDER/tugas_akhir.py', '--cfg-path', '/tmp/tmpdtfqkhol']
[2025-03-01T14:21:10.464+0000] {standard_task_runner.py:105} INFO - Job 12527: Subtask wait_for_new_data
[2025-03-01T14:21:10.577+0000] {task_command.py:467} INFO - Running <TaskInstance: skripsi_2.wait_for_new_data scheduled__2025-03-01T14:18:00+00:00 [running]> on host ef7692401a0a
[2025-03-01T14:21:10.812+0000] {taskinstance.py:3132} INFO - Exporting env vars: AIRFLOW_CTX_DAG_OWNER='Dion Rikki' AIRFLOW_CTX_DAG_ID='skripsi_2' AIRFLOW_CTX_TASK_ID='wait_for_new_data' AIRFLOW_CTX_EXECUTION_DATE='2025-03-01T14:18:00+00:00' AIRFLOW_CTX_TRY_NUMBER='2' AIRFLOW_CTX_DAG_RUN_ID='scheduled__2025-03-01T14:18:00+00:00'
[2025-03-01T14:21:10.815+0000] {logging_mixin.py:190} INFO - Task instance is in running state
[2025-03-01T14:21:10.817+0000] {logging_mixin.py:190} INFO -  Previous state of the Task instance: queued
[2025-03-01T14:21:10.820+0000] {logging_mixin.py:190} INFO - Current task name:wait_for_new_data state:running start_date:2025-03-01 14:21:10.347201+00:00
[2025-03-01T14:21:10.822+0000] {logging_mixin.py:190} INFO - Dag name:skripsi_2 and current dag run status:running
[2025-03-01T14:21:10.824+0000] {taskinstance.py:731} INFO - ::endgroup::
[2025-03-01T14:21:10.860+0000] {base.py:84} INFO - Retrieving connection 'mysql_default'
[2025-03-01T14:21:10.868+0000] {sql.py:101} INFO - Poking: 
            SELECT COUNT(*) 
            FROM tugas_akhir_sensordata s
            WHERE s.timestamp >= NOW() - INTERVAL 5 MINUTE
            AND NOT EXISTS (
                SELECT 1 
                FROM fertilizer_predictions f
                WHERE f.id = s.id
            )
         (with parameters None)
[2025-03-01T14:21:10.882+0000] {base.py:84} INFO - Retrieving connection 'mysql_default'
[2025-03-01T14:21:10.894+0000] {sql.py:553} INFO - Running statement: 
            SELECT COUNT(*) 
            FROM tugas_akhir_sensordata s
            WHERE s.timestamp >= NOW() - INTERVAL 5 MINUTE
            AND NOT EXISTS (
                SELECT 1 
                FROM fertilizer_predictions f
                WHERE f.id = s.id
            )
        , parameters: None
[2025-03-01T14:21:10.897+0000] {sql.py:562} INFO - Rows affected: 1
[2025-03-01T14:21:10.900+0000] {base.py:336} INFO - Success criteria met. Exiting.
[2025-03-01T14:21:10.921+0000] {taskinstance.py:340} INFO - ::group::Post task execution logs
[2025-03-01T14:21:10.922+0000] {taskinstance.py:352} INFO - Marking task as SUCCESS. dag_id=skripsi_2, task_id=wait_for_new_data, run_id=scheduled__2025-03-01T14:18:00+00:00, execution_date=20250301T141800, start_date=20250301T142110, end_date=20250301T142110
[2025-03-01T14:21:10.968+0000] {logging_mixin.py:190} INFO - Task instance in success state
[2025-03-01T14:21:10.971+0000] {logging_mixin.py:190} INFO -  Previous state of the Task instance: running
[2025-03-01T14:21:10.974+0000] {logging_mixin.py:190} INFO - Dag name:skripsi_2 queued_at:2025-03-01 14:20:00.570456+00:00
[2025-03-01T14:21:10.979+0000] {logging_mixin.py:190} INFO - Task hostname:ef7692401a0a operator:SqlSensor
[2025-03-01T14:21:11.018+0000] {local_task_job_runner.py:266} INFO - Task exited with return code 0
[2025-03-01T14:21:11.152+0000] {taskinstance.py:3895} INFO - 1 downstream tasks scheduled from follow-on schedule check
[2025-03-01T14:21:11.168+0000] {local_task_job_runner.py:245} INFO - ::endgroup::
