[2025-04-07T15:09:21.859+0000] {local_task_job_runner.py:123} INFO - ::group::Pre task execution logs
[2025-04-07T15:09:22.289+0000] {taskinstance.py:2613} INFO - Dependencies all met for dep_context=non-requeueable deps ti=<TaskInstance: skripsi_perbaikan.get_data_from_db scheduled__2025-03-16T13:32:00+00:00 [queued]>
[2025-04-07T15:09:22.713+0000] {taskinstance.py:2613} INFO - Dependencies all met for dep_context=requeueable deps ti=<TaskInstance: skripsi_perbaikan.get_data_from_db scheduled__2025-03-16T13:32:00+00:00 [queued]>
[2025-04-07T15:09:22.775+0000] {taskinstance.py:2866} INFO - Starting attempt 2 of 5
[2025-04-07T15:09:23.339+0000] {taskinstance.py:2889} INFO - Executing <Task(PythonOperator): get_data_from_db> on 2025-03-16 13:32:00+00:00
[2025-04-07T15:09:23.623+0000] {standard_task_runner.py:104} INFO - Running: ['airflow', 'tasks', 'run', 'skripsi_perbaikan', 'get_data_from_db', 'scheduled__2025-03-16T13:32:00+00:00', '--job-id', '2511', '--raw', '--subdir', 'DAGS_FOLDER/tugas_akhir.py', '--cfg-path', '/tmp/tmphzac72r7']
[2025-04-07T15:09:23.667+0000] {standard_task_runner.py:105} INFO - Job 2511: Subtask get_data_from_db
[2025-04-07T15:09:23.644+0000] {logging_mixin.py:190} WARNING - /home/airflow/.local/lib/python3.12/site-packages/airflow/task/task_runner/standard_task_runner.py:70 DeprecationWarning: This process (pid=4602) is multi-threaded, use of fork() may lead to deadlocks in the child.
[2025-04-07T15:09:23.684+0000] {standard_task_runner.py:72} INFO - Started process 4797 to run task
[2025-04-07T15:09:24.362+0000] {task_command.py:467} INFO - Running <TaskInstance: skripsi_perbaikan.get_data_from_db scheduled__2025-03-16T13:32:00+00:00 [running]> on host a9576c91091e
[2025-04-07T15:09:27.056+0000] {taskinstance.py:3132} INFO - Exporting env vars: AIRFLOW_CTX_DAG_OWNER='Dion Rikki' AIRFLOW_CTX_DAG_ID='skripsi_perbaikan' AIRFLOW_CTX_TASK_ID='get_data_from_db' AIRFLOW_CTX_EXECUTION_DATE='2025-03-16T13:32:00+00:00' AIRFLOW_CTX_TRY_NUMBER='2' AIRFLOW_CTX_DAG_RUN_ID='scheduled__2025-03-16T13:32:00+00:00'
[2025-04-07T15:09:27.070+0000] {logging_mixin.py:190} INFO - Task instance is in running state
[2025-04-07T15:09:27.079+0000] {logging_mixin.py:190} INFO -  Previous state of the Task instance: queued
[2025-04-07T15:09:27.085+0000] {logging_mixin.py:190} INFO - Current task name:get_data_from_db state:running start_date:2025-04-07 15:09:22.319960+00:00
[2025-04-07T15:09:27.098+0000] {logging_mixin.py:190} INFO - Dag name:skripsi_perbaikan and current dag run status:running
[2025-04-07T15:09:27.108+0000] {taskinstance.py:731} INFO - ::endgroup::
[2025-04-07T15:09:27.124+0000] {logging_mixin.py:190} INFO - 🔍 [1] Mengambil data sensor terbaru yang lengkap dan belum diprediksi...
[2025-04-07T15:09:27.346+0000] {logging_mixin.py:190} INFO - 📊 Data ditemukan: 5 baris
[2025-04-07T15:09:27.564+0000] {python.py:240} INFO - Done. Returned value was: None
[2025-04-07T15:09:27.788+0000] {taskinstance.py:340} INFO - ::group::Post task execution logs
[2025-04-07T15:09:27.808+0000] {taskinstance.py:352} INFO - Marking task as SUCCESS. dag_id=skripsi_perbaikan, task_id=get_data_from_db, run_id=scheduled__2025-03-16T13:32:00+00:00, execution_date=20250316T133200, start_date=20250407T150922, end_date=20250407T150927
[2025-04-07T15:09:30.648+0000] {logging_mixin.py:190} INFO - Task instance in success state
[2025-04-07T15:09:30.676+0000] {logging_mixin.py:190} INFO -  Previous state of the Task instance: running
[2025-04-07T15:09:30.681+0000] {logging_mixin.py:190} INFO - Dag name:skripsi_perbaikan queued_at:2025-04-07 14:47:44.285328+00:00
[2025-04-07T15:09:30.699+0000] {logging_mixin.py:190} INFO - Task hostname:a9576c91091e operator:PythonOperator
[2025-04-07T15:09:30.841+0000] {local_task_job_runner.py:266} INFO - Task exited with return code 0
[2025-04-07T15:09:30.956+0000] {taskinstance.py:3895} INFO - 1 downstream tasks scheduled from follow-on schedule check
[2025-04-07T15:09:30.990+0000] {local_task_job_runner.py:245} INFO - ::endgroup::
