[2025-03-16T15:20:36.909+0000] {local_task_job_runner.py:123} INFO - ::group::Pre task execution logs
[2025-03-16T15:20:36.975+0000] {taskinstance.py:2613} INFO - Dependencies all met for dep_context=non-requeueable deps ti=<TaskInstance: skripsi_perbaikan.predict_and_store_result scheduled__2025-03-16T15:16:00+00:00 [queued]>
[2025-03-16T15:20:37.029+0000] {taskinstance.py:2613} INFO - Dependencies all met for dep_context=requeueable deps ti=<TaskInstance: skripsi_perbaikan.predict_and_store_result scheduled__2025-03-16T15:16:00+00:00 [queued]>
[2025-03-16T15:20:37.032+0000] {taskinstance.py:2866} INFO - Starting attempt 1 of 4
[2025-03-16T15:20:37.121+0000] {taskinstance.py:2889} INFO - Executing <Task(PythonOperator): predict_and_store_result> on 2025-03-16 15:16:00+00:00
[2025-03-16T15:20:37.157+0000] {logging_mixin.py:190} WARNING - /home/airflow/.local/lib/python3.12/site-packages/airflow/task/task_runner/standard_task_runner.py:70 DeprecationWarning: This process (pid=73091) is multi-threaded, use of fork() may lead to deadlocks in the child.
[2025-03-16T15:20:37.166+0000] {standard_task_runner.py:104} INFO - Running: ['airflow', 'tasks', 'run', 'skripsi_perbaikan', 'predict_and_store_result', 'scheduled__2025-03-16T15:16:00+00:00', '--job-id', '570', '--raw', '--subdir', 'DAGS_FOLDER/tugas_akhir.py', '--cfg-path', '/tmp/tmph6vlxg2_']
[2025-03-16T15:20:37.163+0000] {standard_task_runner.py:72} INFO - Started process 73129 to run task
[2025-03-16T15:20:37.175+0000] {standard_task_runner.py:105} INFO - Job 570: Subtask predict_and_store_result
[2025-03-16T15:20:37.473+0000] {task_command.py:467} INFO - Running <TaskInstance: skripsi_perbaikan.predict_and_store_result scheduled__2025-03-16T15:16:00+00:00 [running]> on host 438c3ba1e399
[2025-03-16T15:20:37.940+0000] {taskinstance.py:3132} INFO - Exporting env vars: AIRFLOW_CTX_DAG_OWNER='Dion Rikki' AIRFLOW_CTX_DAG_ID='skripsi_perbaikan' AIRFLOW_CTX_TASK_ID='predict_and_store_result' AIRFLOW_CTX_EXECUTION_DATE='2025-03-16T15:16:00+00:00' AIRFLOW_CTX_TRY_NUMBER='1' AIRFLOW_CTX_DAG_RUN_ID='scheduled__2025-03-16T15:16:00+00:00'
[2025-03-16T15:20:37.950+0000] {logging_mixin.py:190} INFO - Task instance is in running state
[2025-03-16T15:20:37.958+0000] {logging_mixin.py:190} INFO -  Previous state of the Task instance: queued
[2025-03-16T15:20:37.962+0000] {logging_mixin.py:190} INFO - Current task name:predict_and_store_result state:running start_date:2025-03-16 15:20:36.977405+00:00
[2025-03-16T15:20:37.970+0000] {logging_mixin.py:190} INFO - Dag name:skripsi_perbaikan and current dag run status:running
[2025-03-16T15:20:37.973+0000] {taskinstance.py:731} INFO - ::endgroup::
[2025-03-16T15:20:37.979+0000] {logging_mixin.py:190} INFO - 🔍 [2] Memproses data dan melakukan prediksi...
[2025-03-16T15:20:38.099+0000] {logging_mixin.py:190} INFO - ✅ Data siap diproses: 1 baris
   id  Temperature  Humidity  ...  nitrogen phosphorous potassium
0  76         24.8      86.0  ...       0.0         0.0       0.0

[1 rows x 9 columns]
[2025-03-16T15:20:38.101+0000] {logging_mixin.py:190} INFO - 📝 Menyesuaikan nama kolom dengan model training...
[2025-03-16T15:20:38.104+0000] {logging_mixin.py:190} INFO - 🔧 Melakukan encoding kategori Soil_Type dan Crop_Type...
[2025-03-16T15:20:38.123+0000] {logging_mixin.py:190} INFO - 🧠 Menyiapkan fitur untuk prediksi...
[2025-03-16T15:20:38.135+0000] {logging_mixin.py:190} INFO - 🤖 Menjalankan model prediksi...
[2025-03-16T15:20:38.240+0000] {logging_mixin.py:190} INFO - ✅ Prediksi selesai:
   id predicted_fertilizer
0  76             10-10-10
[2025-03-16T15:20:38.245+0000] {logging_mixin.py:190} INFO - 💾 Menyimpan hasil ke tabel fertilizer_predictions...
[2025-03-16T15:20:38.348+0000] {logging_mixin.py:190} INFO - ✅ Hasil prediksi berhasil disimpan.
[2025-03-16T15:20:38.352+0000] {python.py:240} INFO - Done. Returned value was: None
[2025-03-16T15:20:38.407+0000] {taskinstance.py:340} INFO - ::group::Post task execution logs
[2025-03-16T15:20:38.409+0000] {taskinstance.py:352} INFO - Marking task as SUCCESS. dag_id=skripsi_perbaikan, task_id=predict_and_store_result, run_id=scheduled__2025-03-16T15:16:00+00:00, execution_date=20250316T151600, start_date=20250316T152036, end_date=20250316T152038
[2025-03-16T15:20:38.488+0000] {logging_mixin.py:190} INFO - Task instance in success state
[2025-03-16T15:20:38.493+0000] {logging_mixin.py:190} INFO -  Previous state of the Task instance: running
[2025-03-16T15:20:38.497+0000] {logging_mixin.py:190} INFO - Dag name:skripsi_perbaikan queued_at:2025-03-16 15:18:01.203766+00:00
[2025-03-16T15:20:38.500+0000] {logging_mixin.py:190} INFO - Task hostname:438c3ba1e399 operator:PythonOperator
[2025-03-16T15:20:38.588+0000] {local_task_job_runner.py:266} INFO - Task exited with return code 0
[2025-03-16T15:20:38.648+0000] {taskinstance.py:3895} INFO - 0 downstream tasks scheduled from follow-on schedule check
[2025-03-16T15:20:38.660+0000] {local_task_job_runner.py:245} INFO - ::endgroup::
