[2025-02-25T15:31:49.526+0000] {local_task_job_runner.py:123} INFO - ::group::Pre task execution logs
[2025-02-25T15:31:49.631+0000] {taskinstance.py:2613} INFO - Dependencies all met for dep_context=non-requeueable deps ti=<TaskInstance: triggered_by_new_data.wait_for_new_data manual__2025-02-25T15:21:20.030512+00:00 [queued]>
[2025-02-25T15:31:49.689+0000] {taskinstance.py:2613} INFO - Dependencies all met for dep_context=requeueable deps ti=<TaskInstance: triggered_by_new_data.wait_for_new_data manual__2025-02-25T15:21:20.030512+00:00 [queued]>
[2025-02-25T15:31:49.699+0000] {taskinstance.py:2866} INFO - Starting attempt 3 of 6
[2025-02-25T15:31:49.888+0000] {taskinstance.py:2889} INFO - Executing <Task(SqlSensor): wait_for_new_data> on 2025-02-25 15:21:20.030512+00:00
[2025-02-25T15:31:49.971+0000] {standard_task_runner.py:104} INFO - Running: ['airflow', 'tasks', 'run', 'triggered_by_new_data', 'wait_for_new_data', 'manual__2025-02-25T15:21:20.030512+00:00', '--job-id', '55', '--raw', '--subdir', 'DAGS_FOLDER/tugas_akhir.py', '--cfg-path', '/tmp/tmp0gagbt_f']
[2025-02-25T15:31:49.984+0000] {standard_task_runner.py:105} INFO - Job 55: Subtask wait_for_new_data
[2025-02-25T15:31:49.972+0000] {logging_mixin.py:190} WARNING - /home/airflow/.local/lib/python3.12/site-packages/airflow/task/task_runner/standard_task_runner.py:70 DeprecationWarning: This process (pid=53629) is multi-threaded, use of fork() may lead to deadlocks in the child.
[2025-02-25T15:31:50.016+0000] {standard_task_runner.py:72} INFO - Started process 53711 to run task
[2025-02-25T15:31:50.435+0000] {task_command.py:467} INFO - Running <TaskInstance: triggered_by_new_data.wait_for_new_data manual__2025-02-25T15:21:20.030512+00:00 [running]> on host 15e5b1e5ccc7
[2025-02-25T15:31:51.356+0000] {taskinstance.py:3132} INFO - Exporting env vars: AIRFLOW_CTX_DAG_OWNER='Dion Rikki' AIRFLOW_CTX_DAG_ID='triggered_by_new_data' AIRFLOW_CTX_TASK_ID='wait_for_new_data' AIRFLOW_CTX_EXECUTION_DATE='2025-02-25T15:21:20.030512+00:00' AIRFLOW_CTX_TRY_NUMBER='3' AIRFLOW_CTX_DAG_RUN_ID='manual__2025-02-25T15:21:20.030512+00:00'
[2025-02-25T15:31:51.365+0000] {logging_mixin.py:190} INFO - Task instance is in running state
[2025-02-25T15:31:51.370+0000] {logging_mixin.py:190} INFO -  Previous state of the Task instance: queued
[2025-02-25T15:31:51.376+0000] {logging_mixin.py:190} INFO - Current task name:wait_for_new_data state:running start_date:2025-02-25 15:31:49.642801+00:00
[2025-02-25T15:31:51.380+0000] {logging_mixin.py:190} INFO - Dag name:triggered_by_new_data and current dag run status:running
[2025-02-25T15:31:51.386+0000] {taskinstance.py:731} INFO - ::endgroup::
[2025-02-25T15:31:51.449+0000] {base.py:84} INFO - Retrieving connection 'mysql_default'
[2025-02-25T15:31:51.481+0000] {sql.py:101} INFO - Poking: SELECT COUNT(*) FROM tugas_akhir_sensordata WHERE timestamp >= NOW() - INTERVAL 5 MINUTE (with parameters None)
[2025-02-25T15:31:51.522+0000] {base.py:84} INFO - Retrieving connection 'mysql_default'
[2025-02-25T15:31:51.551+0000] {sql.py:553} INFO - Running statement: SELECT COUNT(*) FROM tugas_akhir_sensordata WHERE timestamp >= NOW() - INTERVAL 5 MINUTE, parameters: None
[2025-02-25T15:31:51.567+0000] {sql.py:562} INFO - Rows affected: 1
[2025-02-25T15:32:51.586+0000] {base.py:84} INFO - Retrieving connection 'mysql_default'
[2025-02-25T15:32:51.588+0000] {sql.py:101} INFO - Poking: SELECT COUNT(*) FROM tugas_akhir_sensordata WHERE timestamp >= NOW() - INTERVAL 5 MINUTE (with parameters None)
[2025-02-25T15:32:51.598+0000] {base.py:84} INFO - Retrieving connection 'mysql_default'
[2025-02-25T15:32:51.602+0000] {sql.py:553} INFO - Running statement: SELECT COUNT(*) FROM tugas_akhir_sensordata WHERE timestamp >= NOW() - INTERVAL 5 MINUTE, parameters: None
[2025-02-25T15:32:51.605+0000] {sql.py:562} INFO - Rows affected: 1
[2025-02-25T15:33:51.626+0000] {base.py:84} INFO - Retrieving connection 'mysql_default'
[2025-02-25T15:33:51.629+0000] {sql.py:101} INFO - Poking: SELECT COUNT(*) FROM tugas_akhir_sensordata WHERE timestamp >= NOW() - INTERVAL 5 MINUTE (with parameters None)
[2025-02-25T15:33:51.653+0000] {base.py:84} INFO - Retrieving connection 'mysql_default'
[2025-02-25T15:33:51.665+0000] {sql.py:553} INFO - Running statement: SELECT COUNT(*) FROM tugas_akhir_sensordata WHERE timestamp >= NOW() - INTERVAL 5 MINUTE, parameters: None
[2025-02-25T15:33:51.667+0000] {sql.py:562} INFO - Rows affected: 1
[2025-02-25T15:34:51.681+0000] {base.py:84} INFO - Retrieving connection 'mysql_default'
[2025-02-25T15:34:51.683+0000] {sql.py:101} INFO - Poking: SELECT COUNT(*) FROM tugas_akhir_sensordata WHERE timestamp >= NOW() - INTERVAL 5 MINUTE (with parameters None)
[2025-02-25T15:34:51.693+0000] {base.py:84} INFO - Retrieving connection 'mysql_default'
[2025-02-25T15:34:51.697+0000] {sql.py:553} INFO - Running statement: SELECT COUNT(*) FROM tugas_akhir_sensordata WHERE timestamp >= NOW() - INTERVAL 5 MINUTE, parameters: None
[2025-02-25T15:34:51.700+0000] {sql.py:562} INFO - Rows affected: 1
[2025-02-25T15:35:51.712+0000] {base.py:84} INFO - Retrieving connection 'mysql_default'
[2025-02-25T15:35:51.714+0000] {sql.py:101} INFO - Poking: SELECT COUNT(*) FROM tugas_akhir_sensordata WHERE timestamp >= NOW() - INTERVAL 5 MINUTE (with parameters None)
[2025-02-25T15:35:51.730+0000] {base.py:84} INFO - Retrieving connection 'mysql_default'
[2025-02-25T15:35:51.737+0000] {sql.py:553} INFO - Running statement: SELECT COUNT(*) FROM tugas_akhir_sensordata WHERE timestamp >= NOW() - INTERVAL 5 MINUTE, parameters: None
[2025-02-25T15:35:51.741+0000] {sql.py:562} INFO - Rows affected: 1
[2025-02-25T15:35:51.743+0000] {base.py:336} INFO - Success criteria met. Exiting.
[2025-02-25T15:35:51.759+0000] {taskinstance.py:340} INFO - ::group::Post task execution logs
[2025-02-25T15:35:51.760+0000] {taskinstance.py:352} INFO - Marking task as SUCCESS. dag_id=triggered_by_new_data, task_id=wait_for_new_data, run_id=manual__2025-02-25T15:21:20.030512+00:00, execution_date=20250225T152120, start_date=20250225T153149, end_date=20250225T153551
[2025-02-25T15:35:51.786+0000] {logging_mixin.py:190} INFO - Task instance in success state
[2025-02-25T15:35:51.787+0000] {logging_mixin.py:190} INFO -  Previous state of the Task instance: running
[2025-02-25T15:35:51.789+0000] {logging_mixin.py:190} INFO - Dag name:triggered_by_new_data queued_at:2025-02-25 15:21:20.060721+00:00
[2025-02-25T15:35:51.792+0000] {logging_mixin.py:190} INFO - Task hostname:15e5b1e5ccc7 operator:SqlSensor
[2025-02-25T15:35:51.815+0000] {local_task_job_runner.py:266} INFO - Task exited with return code 0
[2025-02-25T15:35:51.882+0000] {taskinstance.py:3895} INFO - 1 downstream tasks scheduled from follow-on schedule check
[2025-02-25T15:35:51.906+0000] {local_task_job_runner.py:245} INFO - ::endgroup::
