[2025-03-01T14:30:34.864+0000] {local_task_job_runner.py:123} INFO - ::group::Pre task execution logs
[2025-03-01T14:30:34.921+0000] {taskinstance.py:2613} INFO - Dependencies all met for dep_context=non-requeueable deps ti=<TaskInstance: skripsi_2.wait_for_new_data scheduled__2025-03-01T14:22:00+00:00 [queued]>
[2025-03-01T14:30:34.956+0000] {taskinstance.py:2613} INFO - Dependencies all met for dep_context=requeueable deps ti=<TaskInstance: skripsi_2.wait_for_new_data scheduled__2025-03-01T14:22:00+00:00 [queued]>
[2025-03-01T14:30:34.957+0000] {taskinstance.py:2866} INFO - Starting attempt 7 of 6
[2025-03-01T14:30:35.004+0000] {taskinstance.py:2889} INFO - Executing <Task(SqlSensor): wait_for_new_data> on 2025-03-01 14:22:00+00:00
[2025-03-01T14:30:35.031+0000] {logging_mixin.py:190} WARNING - /home/airflow/.local/lib/python3.12/site-packages/airflow/task/task_runner/standard_task_runner.py:70 DeprecationWarning: This process (pid=96764) is multi-threaded, use of fork() may lead to deadlocks in the child.
[2025-03-01T14:30:35.036+0000] {standard_task_runner.py:72} INFO - Started process 96806 to run task
[2025-03-01T14:30:35.044+0000] {standard_task_runner.py:104} INFO - Running: ['airflow', 'tasks', 'run', 'skripsi_2', 'wait_for_new_data', 'scheduled__2025-03-01T14:22:00+00:00', '--job-id', '12562', '--raw', '--subdir', 'DAGS_FOLDER/tugas_akhir.py', '--cfg-path', '/tmp/tmpdjb_8dvh']
[2025-03-01T14:30:35.050+0000] {standard_task_runner.py:105} INFO - Job 12562: Subtask wait_for_new_data
[2025-03-01T14:30:35.182+0000] {task_command.py:467} INFO - Running <TaskInstance: skripsi_2.wait_for_new_data scheduled__2025-03-01T14:22:00+00:00 [running]> on host ef7692401a0a
[2025-03-01T14:30:35.553+0000] {taskinstance.py:3132} INFO - Exporting env vars: AIRFLOW_CTX_DAG_OWNER='Dion Rikki' AIRFLOW_CTX_DAG_ID='skripsi_2' AIRFLOW_CTX_TASK_ID='wait_for_new_data' AIRFLOW_CTX_EXECUTION_DATE='2025-03-01T14:22:00+00:00' AIRFLOW_CTX_TRY_NUMBER='7' AIRFLOW_CTX_DAG_RUN_ID='scheduled__2025-03-01T14:22:00+00:00'
[2025-03-01T14:30:35.556+0000] {logging_mixin.py:190} INFO - Task instance is in running state
[2025-03-01T14:30:35.561+0000] {logging_mixin.py:190} INFO -  Previous state of the Task instance: queued
[2025-03-01T14:30:35.563+0000] {logging_mixin.py:190} INFO - Current task name:wait_for_new_data state:running start_date:2025-03-01 14:30:34.922458+00:00
[2025-03-01T14:30:35.566+0000] {logging_mixin.py:190} INFO - Dag name:skripsi_2 and current dag run status:running
[2025-03-01T14:30:35.568+0000] {taskinstance.py:731} INFO - ::endgroup::
[2025-03-01T14:30:35.601+0000] {base.py:84} INFO - Retrieving connection 'mysql_default'
[2025-03-01T14:30:35.609+0000] {sql.py:101} INFO - Poking: 
            SELECT COUNT(*) 
            FROM tugas_akhir_sensordata s
            WHERE s.timestamp >= NOW() - INTERVAL 5 MINUTE
            AND NOT EXISTS (
                SELECT 1 
                FROM fertilizer_predictions f
                WHERE f.id = s.id
            )
         (with parameters None)
[2025-03-01T14:30:35.622+0000] {base.py:84} INFO - Retrieving connection 'mysql_default'
[2025-03-01T14:30:35.632+0000] {sql.py:553} INFO - Running statement: 
            SELECT COUNT(*) 
            FROM tugas_akhir_sensordata s
            WHERE s.timestamp >= NOW() - INTERVAL 5 MINUTE
            AND NOT EXISTS (
                SELECT 1 
                FROM fertilizer_predictions f
                WHERE f.id = s.id
            )
        , parameters: None
[2025-03-01T14:30:35.635+0000] {sql.py:562} INFO - Rows affected: 1
[2025-03-01T14:30:35.638+0000] {base.py:336} INFO - Success criteria met. Exiting.
[2025-03-01T14:30:35.654+0000] {taskinstance.py:340} INFO - ::group::Post task execution logs
[2025-03-01T14:30:35.655+0000] {taskinstance.py:352} INFO - Marking task as SUCCESS. dag_id=skripsi_2, task_id=wait_for_new_data, run_id=scheduled__2025-03-01T14:22:00+00:00, execution_date=20250301T142200, start_date=20250301T143034, end_date=20250301T143035
[2025-03-01T14:30:35.683+0000] {logging_mixin.py:190} INFO - Task instance in success state
[2025-03-01T14:30:35.684+0000] {logging_mixin.py:190} INFO -  Previous state of the Task instance: running
[2025-03-01T14:30:35.686+0000] {logging_mixin.py:190} INFO - Dag name:skripsi_2 queued_at:2025-03-01 14:24:00.593125+00:00
[2025-03-01T14:30:35.688+0000] {logging_mixin.py:190} INFO - Task hostname:ef7692401a0a operator:SqlSensor
[2025-03-01T14:30:35.723+0000] {local_task_job_runner.py:266} INFO - Task exited with return code 0
[2025-03-01T14:30:35.793+0000] {taskinstance.py:3895} INFO - 1 downstream tasks scheduled from follow-on schedule check
[2025-03-01T14:30:35.809+0000] {local_task_job_runner.py:245} INFO - ::endgroup::
