[2025-02-25T11:52:39.619+0000] {local_task_job_runner.py:123} INFO - ::group::Pre task execution logs
[2025-02-25T11:52:39.706+0000] {taskinstance.py:2613} INFO - Dependencies all met for dep_context=non-requeueable deps ti=<TaskInstance: percobaan_akhir.get_data_from_db manual__2025-02-25T11:52:26.657582+00:00 [queued]>
[2025-02-25T11:52:39.755+0000] {taskinstance.py:2613} INFO - Dependencies all met for dep_context=requeueable deps ti=<TaskInstance: percobaan_akhir.get_data_from_db manual__2025-02-25T11:52:26.657582+00:00 [queued]>
[2025-02-25T11:52:39.756+0000] {taskinstance.py:2866} INFO - Starting attempt 1 of 6
[2025-02-25T11:52:39.855+0000] {taskinstance.py:2889} INFO - Executing <Task(PythonOperator): get_data_from_db> on 2025-02-25 11:52:26.657582+00:00
[2025-02-25T11:52:40.099+0000] {standard_task_runner.py:104} INFO - Running: ['airflow', 'tasks', 'run', 'percobaan_akhir', 'get_data_from_db', 'manual__2025-02-25T11:52:26.657582+00:00', '--job-id', '12', '--raw', '--subdir', 'DAGS_FOLDER/tugas_akhir.py', '--cfg-path', '/tmp/tmpw85lf2km']
[2025-02-25T11:52:40.135+0000] {standard_task_runner.py:105} INFO - Job 12: Subtask get_data_from_db
[2025-02-25T11:52:40.133+0000] {logging_mixin.py:190} WARNING - /home/airflow/.local/lib/python3.12/site-packages/airflow/task/task_runner/standard_task_runner.py:70 DeprecationWarning: This process (pid=29459) is multi-threaded, use of fork() may lead to deadlocks in the child.
[2025-02-25T11:52:40.139+0000] {standard_task_runner.py:72} INFO - Started process 29540 to run task
[2025-02-25T11:52:40.336+0000] {task_command.py:467} INFO - Running <TaskInstance: percobaan_akhir.get_data_from_db manual__2025-02-25T11:52:26.657582+00:00 [running]> on host 15e5b1e5ccc7
[2025-02-25T11:52:40.721+0000] {taskinstance.py:3132} INFO - Exporting env vars: AIRFLOW_CTX_DAG_OWNER='Dion Rikki' AIRFLOW_CTX_DAG_ID='percobaan_akhir' AIRFLOW_CTX_TASK_ID='get_data_from_db' AIRFLOW_CTX_EXECUTION_DATE='2025-02-25T11:52:26.657582+00:00' AIRFLOW_CTX_TRY_NUMBER='1' AIRFLOW_CTX_DAG_RUN_ID='manual__2025-02-25T11:52:26.657582+00:00'
[2025-02-25T11:52:40.731+0000] {logging_mixin.py:190} INFO - Task instance is in running state
[2025-02-25T11:52:40.733+0000] {logging_mixin.py:190} INFO -  Previous state of the Task instance: queued
[2025-02-25T11:52:40.736+0000] {logging_mixin.py:190} INFO - Current task name:get_data_from_db state:running start_date:2025-02-25 11:52:39.708455+00:00
[2025-02-25T11:52:40.737+0000] {logging_mixin.py:190} INFO - Dag name:percobaan_akhir and current dag run status:running
[2025-02-25T11:52:40.740+0000] {taskinstance.py:731} INFO - ::endgroup::
[2025-02-25T11:52:40.743+0000] {logging_mixin.py:190} INFO - 🔍 [1] Menghubungkan ke database MySQL...
[2025-02-25T11:52:40.988+0000] {logging_mixin.py:190} INFO - 📊 Data yang diambil dari MySQL:
   Humidity  Moisture
0      86.0      25.8
1      86.0      25.8
2      94.0      26.2
3      88.0      26.2
4      86.0      26.1
[2025-02-25T11:52:41.033+0000] {logging_mixin.py:190} INFO - ✅ Data berhasil disimpan ke XCom. Jumlah baris: 7
[2025-02-25T11:52:41.034+0000] {python.py:240} INFO - Done. Returned value was: None
[2025-02-25T11:52:41.064+0000] {taskinstance.py:340} INFO - ::group::Post task execution logs
[2025-02-25T11:52:41.066+0000] {taskinstance.py:352} INFO - Marking task as SUCCESS. dag_id=percobaan_akhir, task_id=get_data_from_db, run_id=manual__2025-02-25T11:52:26.657582+00:00, execution_date=20250225T115226, start_date=20250225T115239, end_date=20250225T115241
[2025-02-25T11:52:41.178+0000] {logging_mixin.py:190} INFO - Task instance in success state
[2025-02-25T11:52:41.180+0000] {logging_mixin.py:190} INFO -  Previous state of the Task instance: running
[2025-02-25T11:52:41.181+0000] {logging_mixin.py:190} INFO - Dag name:percobaan_akhir queued_at:2025-02-25 11:52:26.783125+00:00
[2025-02-25T11:52:41.183+0000] {logging_mixin.py:190} INFO - Task hostname:15e5b1e5ccc7 operator:PythonOperator
[2025-02-25T11:52:41.237+0000] {local_task_job_runner.py:266} INFO - Task exited with return code 0
[2025-02-25T11:52:41.319+0000] {taskinstance.py:3895} INFO - 1 downstream tasks scheduled from follow-on schedule check
[2025-02-25T11:52:41.390+0000] {local_task_job_runner.py:245} INFO - ::endgroup::
