[2025-03-10T18:38:20.468+0000] {local_task_job_runner.py:123} INFO - ::group::Pre task execution logs
[2025-03-10T18:38:20.516+0000] {taskinstance.py:2613} INFO - Dependencies all met for dep_context=non-requeueable deps ti=<TaskInstance: skripsi_perbaikan.wait_for_new_data scheduled__2025-03-10T18:32:00+00:00 [queued]>
[2025-03-10T18:38:20.538+0000] {taskinstance.py:2613} INFO - Dependencies all met for dep_context=requeueable deps ti=<TaskInstance: skripsi_perbaikan.wait_for_new_data scheduled__2025-03-10T18:32:00+00:00 [queued]>
[2025-03-10T18:38:20.539+0000] {taskinstance.py:2866} INFO - Starting attempt 5 of 6
[2025-03-10T18:38:20.588+0000] {taskinstance.py:2889} INFO - Executing <Task(SqlSensor): wait_for_new_data> on 2025-03-10 18:32:00+00:00
[2025-03-10T18:38:20.616+0000] {logging_mixin.py:190} WARNING - /home/airflow/.local/lib/python3.12/site-packages/airflow/task/task_runner/standard_task_runner.py:70 DeprecationWarning: This process (pid=70614) is multi-threaded, use of fork() may lead to deadlocks in the child.
[2025-03-10T18:38:20.617+0000] {standard_task_runner.py:104} INFO - Running: ['airflow', 'tasks', 'run', 'skripsi_perbaikan', 'wait_for_new_data', 'scheduled__2025-03-10T18:32:00+00:00', '--job-id', '482', '--raw', '--subdir', 'DAGS_FOLDER/tugas_akhir.py', '--cfg-path', '/tmp/tmp50lnt5ke']
[2025-03-10T18:38:20.620+0000] {standard_task_runner.py:72} INFO - Started process 70651 to run task
[2025-03-10T18:38:20.620+0000] {standard_task_runner.py:105} INFO - Job 482: Subtask wait_for_new_data
[2025-03-10T18:38:20.737+0000] {task_command.py:467} INFO - Running <TaskInstance: skripsi_perbaikan.wait_for_new_data scheduled__2025-03-10T18:32:00+00:00 [running]> on host b493651eb2c9
[2025-03-10T18:38:20.924+0000] {taskinstance.py:3132} INFO - Exporting env vars: AIRFLOW_CTX_DAG_OWNER='Dion Rikki' AIRFLOW_CTX_DAG_ID='skripsi_perbaikan' AIRFLOW_CTX_TASK_ID='wait_for_new_data' AIRFLOW_CTX_EXECUTION_DATE='2025-03-10T18:32:00+00:00' AIRFLOW_CTX_TRY_NUMBER='5' AIRFLOW_CTX_DAG_RUN_ID='scheduled__2025-03-10T18:32:00+00:00'
[2025-03-10T18:38:20.928+0000] {logging_mixin.py:190} INFO - Task instance is in running state
[2025-03-10T18:38:20.929+0000] {logging_mixin.py:190} INFO -  Previous state of the Task instance: queued
[2025-03-10T18:38:20.930+0000] {logging_mixin.py:190} INFO - Current task name:wait_for_new_data state:running start_date:2025-03-10 18:38:20.517198+00:00
[2025-03-10T18:38:20.931+0000] {logging_mixin.py:190} INFO - Dag name:skripsi_perbaikan and current dag run status:running
[2025-03-10T18:38:20.932+0000] {taskinstance.py:731} INFO - ::endgroup::
[2025-03-10T18:38:20.960+0000] {base.py:84} INFO - Retrieving connection 'mysql_default'
[2025-03-10T18:38:20.969+0000] {sql.py:101} INFO - Poking: 
            SELECT COUNT(*) 
            FROM tugas_akhir_sensordata s
            WHERE s.timestamp >= NOW() - INTERVAL 5 MINUTE
            AND s.Soil_Type IS NOT NULL
            AND s.Crop_Type IS NOT NULL
            AND NOT EXISTS (
                SELECT 1 
                FROM fertilizer_predictions f
                WHERE f.id = s.id
            )
         (with parameters None)
[2025-03-10T18:38:20.980+0000] {base.py:84} INFO - Retrieving connection 'mysql_default'
[2025-03-10T18:38:20.990+0000] {sql.py:553} INFO - Running statement: 
            SELECT COUNT(*) 
            FROM tugas_akhir_sensordata s
            WHERE s.timestamp >= NOW() - INTERVAL 5 MINUTE
            AND s.Soil_Type IS NOT NULL
            AND s.Crop_Type IS NOT NULL
            AND NOT EXISTS (
                SELECT 1 
                FROM fertilizer_predictions f
                WHERE f.id = s.id
            )
        , parameters: None
[2025-03-10T18:38:20.993+0000] {sql.py:562} INFO - Rows affected: 1
[2025-03-10T18:38:21.030+0000] {taskinstance.py:309} INFO - Rescheduling task, marking task as UP_FOR_RESCHEDULE
[2025-03-10T18:38:21.031+0000] {taskinstance.py:340} INFO - ::group::Post task execution logs
[2025-03-10T18:38:21.062+0000] {local_task_job_runner.py:266} INFO - Task exited with return code 0
[2025-03-10T18:38:21.109+0000] {taskinstance.py:3895} INFO - 0 downstream tasks scheduled from follow-on schedule check
[2025-03-10T18:38:21.113+0000] {local_task_job_runner.py:245} INFO - ::endgroup::
