[2025-04-07T15:11:08.553+0000] {local_task_job_runner.py:123} INFO - ::group::Pre task execution logs
[2025-04-07T15:11:08.833+0000] {taskinstance.py:2613} INFO - Dependencies all met for dep_context=non-requeueable deps ti=<TaskInstance: skripsi_perbaikan.wait_for_new_data scheduled__2025-03-16T14:22:00+00:00 [queued]>
[2025-04-07T15:11:08.979+0000] {taskinstance.py:2613} INFO - Dependencies all met for dep_context=requeueable deps ti=<TaskInstance: skripsi_perbaikan.wait_for_new_data scheduled__2025-03-16T14:22:00+00:00 [queued]>
[2025-04-07T15:11:08.993+0000] {taskinstance.py:2866} INFO - Starting attempt 3 of 6
[2025-04-07T15:11:09.229+0000] {taskinstance.py:2889} INFO - Executing <Task(SqlSensor): wait_for_new_data> on 2025-03-16 14:22:00+00:00
[2025-04-07T15:11:09.512+0000] {standard_task_runner.py:104} INFO - Running: ['airflow', 'tasks', 'run', 'skripsi_perbaikan', 'wait_for_new_data', 'scheduled__2025-03-16T14:22:00+00:00', '--job-id', '2549', '--raw', '--subdir', 'DAGS_FOLDER/tugas_akhir.py', '--cfg-path', '/tmp/tmp58pfipzs']
[2025-04-07T15:11:09.526+0000] {logging_mixin.py:190} WARNING - /home/airflow/.local/lib/python3.12/site-packages/airflow/task/task_runner/standard_task_runner.py:70 DeprecationWarning: This process (pid=5165) is multi-threaded, use of fork() may lead to deadlocks in the child.
[2025-04-07T15:11:09.575+0000] {standard_task_runner.py:72} INFO - Started process 5318 to run task
[2025-04-07T15:11:09.564+0000] {standard_task_runner.py:105} INFO - Job 2549: Subtask wait_for_new_data
[2025-04-07T15:11:10.307+0000] {task_command.py:467} INFO - Running <TaskInstance: skripsi_perbaikan.wait_for_new_data scheduled__2025-03-16T14:22:00+00:00 [running]> on host a9576c91091e
[2025-04-07T15:11:15.028+0000] {taskinstance.py:3132} INFO - Exporting env vars: AIRFLOW_CTX_DAG_OWNER='Dion Rikki' AIRFLOW_CTX_DAG_ID='skripsi_perbaikan' AIRFLOW_CTX_TASK_ID='wait_for_new_data' AIRFLOW_CTX_EXECUTION_DATE='2025-03-16T14:22:00+00:00' AIRFLOW_CTX_TRY_NUMBER='3' AIRFLOW_CTX_DAG_RUN_ID='scheduled__2025-03-16T14:22:00+00:00'
[2025-04-07T15:11:15.068+0000] {logging_mixin.py:190} INFO - Task instance is in running state
[2025-04-07T15:11:15.162+0000] {logging_mixin.py:190} INFO -  Previous state of the Task instance: queued
[2025-04-07T15:11:15.175+0000] {logging_mixin.py:190} INFO - Current task name:wait_for_new_data state:running start_date:2025-04-07 15:11:08.856416+00:00
[2025-04-07T15:11:15.181+0000] {logging_mixin.py:190} INFO - Dag name:skripsi_perbaikan and current dag run status:running
[2025-04-07T15:11:15.184+0000] {taskinstance.py:731} INFO - ::endgroup::
[2025-04-07T15:11:15.608+0000] {base.py:84} INFO - Retrieving connection 'mysql_default'
[2025-04-07T15:11:15.744+0000] {sql.py:101} INFO - Poking: 
            SELECT COUNT(*) 
            FROM tugas_akhir_sensordata s
            WHERE s.timestamp >= NOW() - INTERVAL 5 MINUTE
            AND s.soil_type IS NOT NULL
            AND s.crop_type IS NOT NULL
            AND NOT EXISTS (
                SELECT 1 
                FROM fertilizer_predictions f
                WHERE f.sensor_data_id = s.id
            )
         (with parameters None)
[2025-04-07T15:11:16.035+0000] {base.py:84} INFO - Retrieving connection 'mysql_default'
[2025-04-07T15:11:16.107+0000] {sql.py:553} INFO - Running statement: 
            SELECT COUNT(*) 
            FROM tugas_akhir_sensordata s
            WHERE s.timestamp >= NOW() - INTERVAL 5 MINUTE
            AND s.soil_type IS NOT NULL
            AND s.crop_type IS NOT NULL
            AND NOT EXISTS (
                SELECT 1 
                FROM fertilizer_predictions f
                WHERE f.sensor_data_id = s.id
            )
        , parameters: None
[2025-04-07T15:11:16.134+0000] {sql.py:562} INFO - Rows affected: 1
[2025-04-07T15:11:16.145+0000] {base.py:336} INFO - Success criteria met. Exiting.
[2025-04-07T15:11:16.240+0000] {taskinstance.py:340} INFO - ::group::Post task execution logs
[2025-04-07T15:11:16.245+0000] {taskinstance.py:352} INFO - Marking task as SUCCESS. dag_id=skripsi_perbaikan, task_id=wait_for_new_data, run_id=scheduled__2025-03-16T14:22:00+00:00, execution_date=20250316T142200, start_date=20250407T151108, end_date=20250407T151116
[2025-04-07T15:11:16.466+0000] {logging_mixin.py:190} INFO - Task instance in success state
[2025-04-07T15:11:16.471+0000] {logging_mixin.py:190} INFO -  Previous state of the Task instance: running
[2025-04-07T15:11:16.481+0000] {logging_mixin.py:190} INFO - Dag name:skripsi_perbaikan queued_at:2025-04-07 14:47:44.288270+00:00
[2025-04-07T15:11:16.491+0000] {logging_mixin.py:190} INFO - Task hostname:a9576c91091e operator:SqlSensor
[2025-04-07T15:11:16.610+0000] {local_task_job_runner.py:266} INFO - Task exited with return code 0
[2025-04-07T15:11:17.156+0000] {taskinstance.py:3895} INFO - 1 downstream tasks scheduled from follow-on schedule check
[2025-04-07T15:11:17.182+0000] {local_task_job_runner.py:245} INFO - ::endgroup::
