[2025-04-07T15:11:53.348+0000] {local_task_job_runner.py:123} INFO - ::group::Pre task execution logs
[2025-04-07T15:11:53.784+0000] {taskinstance.py:2613} INFO - Dependencies all met for dep_context=non-requeueable deps ti=<TaskInstance: skripsi_perbaikan.get_data_from_db scheduled__2025-03-16T14:24:00+00:00 [queued]>
[2025-04-07T15:11:54.039+0000] {taskinstance.py:2613} INFO - Dependencies all met for dep_context=requeueable deps ti=<TaskInstance: skripsi_perbaikan.get_data_from_db scheduled__2025-03-16T14:24:00+00:00 [queued]>
[2025-04-07T15:11:54.059+0000] {taskinstance.py:2866} INFO - Starting attempt 2 of 5
[2025-04-07T15:11:54.635+0000] {taskinstance.py:2889} INFO - Executing <Task(PythonOperator): get_data_from_db> on 2025-03-16 14:24:00+00:00
[2025-04-07T15:11:54.886+0000] {standard_task_runner.py:104} INFO - Running: ['airflow', 'tasks', 'run', 'skripsi_perbaikan', 'get_data_from_db', 'scheduled__2025-03-16T14:24:00+00:00', '--job-id', '2568', '--raw', '--subdir', 'DAGS_FOLDER/tugas_akhir.py', '--cfg-path', '/tmp/tmp6sjs8emj']
[2025-04-07T15:11:54.920+0000] {standard_task_runner.py:105} INFO - Job 2568: Subtask get_data_from_db
[2025-04-07T15:11:55.140+0000] {logging_mixin.py:190} WARNING - /home/airflow/.local/lib/python3.12/site-packages/airflow/task/task_runner/standard_task_runner.py:70 DeprecationWarning: This process (pid=5410) is multi-threaded, use of fork() may lead to deadlocks in the child.
[2025-04-07T15:11:55.194+0000] {standard_task_runner.py:72} INFO - Started process 5559 to run task
[2025-04-07T15:11:56.363+0000] {task_command.py:467} INFO - Running <TaskInstance: skripsi_perbaikan.get_data_from_db scheduled__2025-03-16T14:24:00+00:00 [running]> on host a9576c91091e
[2025-04-07T15:11:58.107+0000] {taskinstance.py:3132} INFO - Exporting env vars: AIRFLOW_CTX_DAG_OWNER='Dion Rikki' AIRFLOW_CTX_DAG_ID='skripsi_perbaikan' AIRFLOW_CTX_TASK_ID='get_data_from_db' AIRFLOW_CTX_EXECUTION_DATE='2025-03-16T14:24:00+00:00' AIRFLOW_CTX_TRY_NUMBER='2' AIRFLOW_CTX_DAG_RUN_ID='scheduled__2025-03-16T14:24:00+00:00'
[2025-04-07T15:11:58.166+0000] {logging_mixin.py:190} INFO - Task instance is in running state
[2025-04-07T15:11:58.198+0000] {logging_mixin.py:190} INFO -  Previous state of the Task instance: queued
[2025-04-07T15:11:58.229+0000] {logging_mixin.py:190} INFO - Current task name:get_data_from_db state:running start_date:2025-04-07 15:11:53.806000+00:00
[2025-04-07T15:11:58.234+0000] {logging_mixin.py:190} INFO - Dag name:skripsi_perbaikan and current dag run status:running
[2025-04-07T15:11:58.236+0000] {taskinstance.py:731} INFO - ::endgroup::
[2025-04-07T15:11:58.244+0000] {logging_mixin.py:190} INFO - 🔍 [1] Mengambil data sensor terbaru yang lengkap dan belum diprediksi...
[2025-04-07T15:11:58.603+0000] {logging_mixin.py:190} INFO - 📊 Data ditemukan: 0 baris
[2025-04-07T15:11:58.808+0000] {python.py:240} INFO - Done. Returned value was: None
[2025-04-07T15:11:59.049+0000] {taskinstance.py:340} INFO - ::group::Post task execution logs
[2025-04-07T15:11:59.067+0000] {taskinstance.py:352} INFO - Marking task as SUCCESS. dag_id=skripsi_perbaikan, task_id=get_data_from_db, run_id=scheduled__2025-03-16T14:24:00+00:00, execution_date=20250316T142400, start_date=20250407T151153, end_date=20250407T151159
[2025-04-07T15:11:59.308+0000] {logging_mixin.py:190} INFO - Task instance in success state
[2025-04-07T15:11:59.315+0000] {logging_mixin.py:190} INFO -  Previous state of the Task instance: running
[2025-04-07T15:11:59.327+0000] {logging_mixin.py:190} INFO - Dag name:skripsi_perbaikan queued_at:2025-04-07 14:47:44.288330+00:00
[2025-04-07T15:11:59.344+0000] {logging_mixin.py:190} INFO - Task hostname:a9576c91091e operator:PythonOperator
[2025-04-07T15:11:59.623+0000] {local_task_job_runner.py:266} INFO - Task exited with return code 0
[2025-04-07T15:11:59.688+0000] {local_task_job_runner.py:245} INFO - ::endgroup::
