[2025-04-22T04:49:24.985+0000] {local_task_job_runner.py:123} INFO - ::group::Pre task execution logs
[2025-04-22T04:49:25.079+0000] {taskinstance.py:2613} INFO - Dependencies all met for dep_context=non-requeueable deps ti=<TaskInstance: perbaikan_skripsi.wait_for_new_data scheduled__2025-04-22T04:46:00+00:00 [queued]>
[2025-04-22T04:49:25.143+0000] {taskinstance.py:2613} INFO - Dependencies all met for dep_context=requeueable deps ti=<TaskInstance: perbaikan_skripsi.wait_for_new_data scheduled__2025-04-22T04:46:00+00:00 [queued]>
[2025-04-22T04:49:25.146+0000] {taskinstance.py:2866} INFO - Starting attempt 3 of 4
[2025-04-22T04:49:25.267+0000] {taskinstance.py:2889} INFO - Executing <Task(SqlSensor): wait_for_new_data> on 2025-04-22 04:46:00+00:00
[2025-04-22T04:49:25.324+0000] {logging_mixin.py:190} WARNING - /home/airflow/.local/lib/python3.12/site-packages/airflow/task/task_runner/standard_task_runner.py:70 DeprecationWarning: This process (pid=1875) is multi-threaded, use of fork() may lead to deadlocks in the child.
[2025-04-22T04:49:25.327+0000] {standard_task_runner.py:72} INFO - Started process 1968 to run task
[2025-04-22T04:49:25.321+0000] {standard_task_runner.py:104} INFO - Running: ['airflow', 'tasks', 'run', 'perbaikan_skripsi', 'wait_for_new_data', 'scheduled__2025-04-22T04:46:00+00:00', '--job-id', '3422', '--raw', '--subdir', 'DAGS_FOLDER/tugas_akhir.py', '--cfg-path', '/tmp/tmp6mbrg6l1']
[2025-04-22T04:49:25.333+0000] {standard_task_runner.py:105} INFO - Job 3422: Subtask wait_for_new_data
[2025-04-22T04:49:25.547+0000] {task_command.py:467} INFO - Running <TaskInstance: perbaikan_skripsi.wait_for_new_data scheduled__2025-04-22T04:46:00+00:00 [running]> on host 4921186b41fa
[2025-04-22T04:49:25.940+0000] {taskinstance.py:3132} INFO - Exporting env vars: AIRFLOW_CTX_DAG_OWNER='Dion Rikki' AIRFLOW_CTX_DAG_ID='perbaikan_skripsi' AIRFLOW_CTX_TASK_ID='wait_for_new_data' AIRFLOW_CTX_EXECUTION_DATE='2025-04-22T04:46:00+00:00' AIRFLOW_CTX_TRY_NUMBER='3' AIRFLOW_CTX_DAG_RUN_ID='scheduled__2025-04-22T04:46:00+00:00'
[2025-04-22T04:49:25.943+0000] {logging_mixin.py:190} INFO - Task instance is in running state
[2025-04-22T04:49:25.947+0000] {logging_mixin.py:190} INFO -  Previous state of the Task instance: queued
[2025-04-22T04:49:25.948+0000] {logging_mixin.py:190} INFO - Current task name:wait_for_new_data state:running start_date:2025-04-22 04:49:25.083266+00:00
[2025-04-22T04:49:25.951+0000] {logging_mixin.py:190} INFO - Dag name:perbaikan_skripsi and current dag run status:running
[2025-04-22T04:49:25.952+0000] {taskinstance.py:731} INFO - ::endgroup::
[2025-04-22T04:49:26.011+0000] {base.py:84} INFO - Retrieving connection 'mysql_default'
[2025-04-22T04:49:26.020+0000] {sql.py:101} INFO - Poking: 
            SELECT COUNT(*) 
            FROM tugas_akhir_sensordata s
            WHERE s.timestamp >= NOW() - INTERVAL 3 MINUTE
            AND s.soil_type IS NOT NULL
            AND s.crop_type IS NOT NULL
            AND NOT EXISTS (
                SELECT 1 
                FROM fertilizer_predictions f
                WHERE f.sensor_data_id = s.id
            )
         (with parameters None)
[2025-04-22T04:49:26.048+0000] {base.py:84} INFO - Retrieving connection 'mysql_default'
[2025-04-22T04:49:26.082+0000] {sql.py:553} INFO - Running statement: 
            SELECT COUNT(*) 
            FROM tugas_akhir_sensordata s
            WHERE s.timestamp >= NOW() - INTERVAL 3 MINUTE
            AND s.soil_type IS NOT NULL
            AND s.crop_type IS NOT NULL
            AND NOT EXISTS (
                SELECT 1 
                FROM fertilizer_predictions f
                WHERE f.sensor_data_id = s.id
            )
        , parameters: None
[2025-04-22T04:49:26.085+0000] {sql.py:562} INFO - Rows affected: 1
[2025-04-22T04:49:26.088+0000] {base.py:336} INFO - Success criteria met. Exiting.
[2025-04-22T04:49:26.126+0000] {taskinstance.py:340} INFO - ::group::Post task execution logs
[2025-04-22T04:49:26.131+0000] {taskinstance.py:352} INFO - Marking task as SUCCESS. dag_id=perbaikan_skripsi, task_id=wait_for_new_data, run_id=scheduled__2025-04-22T04:46:00+00:00, execution_date=20250422T044600, start_date=20250422T044925, end_date=20250422T044926
[2025-04-22T04:49:26.198+0000] {logging_mixin.py:190} INFO - Task instance in success state
[2025-04-22T04:49:26.205+0000] {logging_mixin.py:190} INFO -  Previous state of the Task instance: running
[2025-04-22T04:49:26.206+0000] {logging_mixin.py:190} INFO - Dag name:perbaikan_skripsi queued_at:2025-04-22 04:47:01.404649+00:00
[2025-04-22T04:49:26.212+0000] {logging_mixin.py:190} INFO - Task hostname:4921186b41fa operator:SqlSensor
[2025-04-22T04:49:26.305+0000] {local_task_job_runner.py:266} INFO - Task exited with return code 0
[2025-04-22T04:49:26.375+0000] {local_task_job_runner.py:245} INFO - ::endgroup::
