[2025-02-25T15:53:09.428+0000] {local_task_job_runner.py:123} INFO - ::group::Pre task execution logs
[2025-02-25T15:53:09.494+0000] {taskinstance.py:2613} INFO - Dependencies all met for dep_context=non-requeueable deps ti=<TaskInstance: triggered_by_new_data.wait_for_new_data manual__2025-02-25T15:53:00.869669+00:00 [queued]>
[2025-02-25T15:53:09.542+0000] {taskinstance.py:2613} INFO - Dependencies all met for dep_context=requeueable deps ti=<TaskInstance: triggered_by_new_data.wait_for_new_data manual__2025-02-25T15:53:00.869669+00:00 [queued]>
[2025-02-25T15:53:09.544+0000] {taskinstance.py:2866} INFO - Starting attempt 1 of 6
[2025-02-25T15:53:09.633+0000] {taskinstance.py:2889} INFO - Executing <Task(SqlSensor): wait_for_new_data> on 2025-02-25 15:53:00.869669+00:00
[2025-02-25T15:53:09.689+0000] {standard_task_runner.py:104} INFO - Running: ['airflow', 'tasks', 'run', 'triggered_by_new_data', 'wait_for_new_data', 'manual__2025-02-25T15:53:00.869669+00:00', '--job-id', '79', '--raw', '--subdir', 'DAGS_FOLDER/tugas_akhir.py', '--cfg-path', '/tmp/tmpylgli3xr']
[2025-02-25T15:53:09.701+0000] {standard_task_runner.py:105} INFO - Job 79: Subtask wait_for_new_data
[2025-02-25T15:53:09.709+0000] {logging_mixin.py:190} WARNING - /home/airflow/.local/lib/python3.12/site-packages/airflow/task/task_runner/standard_task_runner.py:70 DeprecationWarning: This process (pid=65782) is multi-threaded, use of fork() may lead to deadlocks in the child.
[2025-02-25T15:53:09.716+0000] {standard_task_runner.py:72} INFO - Started process 65889 to run task
[2025-02-25T15:53:09.941+0000] {task_command.py:467} INFO - Running <TaskInstance: triggered_by_new_data.wait_for_new_data manual__2025-02-25T15:53:00.869669+00:00 [running]> on host 15e5b1e5ccc7
[2025-02-25T15:53:10.493+0000] {taskinstance.py:3132} INFO - Exporting env vars: AIRFLOW_CTX_DAG_OWNER='Dion Rikki' AIRFLOW_CTX_DAG_ID='triggered_by_new_data' AIRFLOW_CTX_TASK_ID='wait_for_new_data' AIRFLOW_CTX_EXECUTION_DATE='2025-02-25T15:53:00.869669+00:00' AIRFLOW_CTX_TRY_NUMBER='1' AIRFLOW_CTX_DAG_RUN_ID='manual__2025-02-25T15:53:00.869669+00:00'
[2025-02-25T15:53:10.506+0000] {logging_mixin.py:190} INFO - Task instance is in running state
[2025-02-25T15:53:10.513+0000] {logging_mixin.py:190} INFO -  Previous state of the Task instance: queued
[2025-02-25T15:53:10.516+0000] {logging_mixin.py:190} INFO - Current task name:wait_for_new_data state:running start_date:2025-02-25 15:53:09.497006+00:00
[2025-02-25T15:53:10.521+0000] {logging_mixin.py:190} INFO - Dag name:triggered_by_new_data and current dag run status:running
[2025-02-25T15:53:10.526+0000] {taskinstance.py:731} INFO - ::endgroup::
[2025-02-25T15:53:10.567+0000] {base.py:84} INFO - Retrieving connection 'mysql_default'
[2025-02-25T15:53:10.581+0000] {sql.py:101} INFO - Poking: SELECT COUNT(*) FROM tugas_akhir_sensordata WHERE timestamp >= NOW() - INTERVAL 5 MINUTE (with parameters None)
[2025-02-25T15:53:10.612+0000] {base.py:84} INFO - Retrieving connection 'mysql_default'
[2025-02-25T15:53:10.637+0000] {sql.py:553} INFO - Running statement: SELECT COUNT(*) FROM tugas_akhir_sensordata WHERE timestamp >= NOW() - INTERVAL 5 MINUTE, parameters: None
[2025-02-25T15:53:10.641+0000] {sql.py:562} INFO - Rows affected: 1
[2025-02-25T15:53:10.648+0000] {base.py:336} INFO - Success criteria met. Exiting.
[2025-02-25T15:53:10.674+0000] {taskinstance.py:340} INFO - ::group::Post task execution logs
[2025-02-25T15:53:10.676+0000] {taskinstance.py:352} INFO - Marking task as SUCCESS. dag_id=triggered_by_new_data, task_id=wait_for_new_data, run_id=manual__2025-02-25T15:53:00.869669+00:00, execution_date=20250225T155300, start_date=20250225T155309, end_date=20250225T155310
[2025-02-25T15:53:10.745+0000] {logging_mixin.py:190} INFO - Task instance in success state
[2025-02-25T15:53:10.754+0000] {logging_mixin.py:190} INFO -  Previous state of the Task instance: running
[2025-02-25T15:53:10.760+0000] {logging_mixin.py:190} INFO - Dag name:triggered_by_new_data queued_at:2025-02-25 15:53:00.947992+00:00
[2025-02-25T15:53:10.764+0000] {logging_mixin.py:190} INFO - Task hostname:15e5b1e5ccc7 operator:SqlSensor
[2025-02-25T15:53:10.854+0000] {local_task_job_runner.py:266} INFO - Task exited with return code 0
[2025-02-25T15:53:11.022+0000] {taskinstance.py:3895} INFO - 0 downstream tasks scheduled from follow-on schedule check
[2025-02-25T15:53:11.028+0000] {local_task_job_runner.py:245} INFO - ::endgroup::
