[2025-02-25T15:32:02.069+0000] {local_task_job_runner.py:123} INFO - ::group::Pre task execution logs
[2025-02-25T15:32:02.115+0000] {taskinstance.py:2613} INFO - Dependencies all met for dep_context=non-requeueable deps ti=<TaskInstance: triggered_by_new_data.wait_for_new_data manual__2025-02-25T15:21:38.673440+00:00 [queued]>
[2025-02-25T15:32:02.144+0000] {taskinstance.py:2613} INFO - Dependencies all met for dep_context=requeueable deps ti=<TaskInstance: triggered_by_new_data.wait_for_new_data manual__2025-02-25T15:21:38.673440+00:00 [queued]>
[2025-02-25T15:32:02.144+0000] {taskinstance.py:2866} INFO - Starting attempt 3 of 6
[2025-02-25T15:32:02.193+0000] {taskinstance.py:2889} INFO - Executing <Task(SqlSensor): wait_for_new_data> on 2025-02-25 15:21:38.673440+00:00
[2025-02-25T15:32:02.219+0000] {logging_mixin.py:190} WARNING - /home/airflow/.local/lib/python3.12/site-packages/airflow/task/task_runner/standard_task_runner.py:70 DeprecationWarning: This process (pid=53804) is multi-threaded, use of fork() may lead to deadlocks in the child.
[2025-02-25T15:32:02.219+0000] {standard_task_runner.py:104} INFO - Running: ['airflow', 'tasks', 'run', 'triggered_by_new_data', 'wait_for_new_data', 'manual__2025-02-25T15:21:38.673440+00:00', '--job-id', '58', '--raw', '--subdir', 'DAGS_FOLDER/tugas_akhir.py', '--cfg-path', '/tmp/tmp1finn020']
[2025-02-25T15:32:02.222+0000] {standard_task_runner.py:72} INFO - Started process 53858 to run task
[2025-02-25T15:32:02.223+0000] {standard_task_runner.py:105} INFO - Job 58: Subtask wait_for_new_data
[2025-02-25T15:32:02.315+0000] {task_command.py:467} INFO - Running <TaskInstance: triggered_by_new_data.wait_for_new_data manual__2025-02-25T15:21:38.673440+00:00 [running]> on host 15e5b1e5ccc7
[2025-02-25T15:32:02.489+0000] {taskinstance.py:3132} INFO - Exporting env vars: AIRFLOW_CTX_DAG_OWNER='Dion Rikki' AIRFLOW_CTX_DAG_ID='triggered_by_new_data' AIRFLOW_CTX_TASK_ID='wait_for_new_data' AIRFLOW_CTX_EXECUTION_DATE='2025-02-25T15:21:38.673440+00:00' AIRFLOW_CTX_TRY_NUMBER='3' AIRFLOW_CTX_DAG_RUN_ID='manual__2025-02-25T15:21:38.673440+00:00'
[2025-02-25T15:32:02.493+0000] {logging_mixin.py:190} INFO - Task instance is in running state
[2025-02-25T15:32:02.494+0000] {logging_mixin.py:190} INFO -  Previous state of the Task instance: queued
[2025-02-25T15:32:02.496+0000] {logging_mixin.py:190} INFO - Current task name:wait_for_new_data state:running start_date:2025-02-25 15:32:02.116707+00:00
[2025-02-25T15:32:02.497+0000] {logging_mixin.py:190} INFO - Dag name:triggered_by_new_data and current dag run status:running
[2025-02-25T15:32:02.500+0000] {taskinstance.py:731} INFO - ::endgroup::
[2025-02-25T15:32:02.521+0000] {base.py:84} INFO - Retrieving connection 'mysql_default'
[2025-02-25T15:32:02.531+0000] {sql.py:101} INFO - Poking: SELECT COUNT(*) FROM tugas_akhir_sensordata WHERE timestamp >= NOW() - INTERVAL 5 MINUTE (with parameters None)
[2025-02-25T15:32:02.543+0000] {base.py:84} INFO - Retrieving connection 'mysql_default'
[2025-02-25T15:32:02.555+0000] {sql.py:553} INFO - Running statement: SELECT COUNT(*) FROM tugas_akhir_sensordata WHERE timestamp >= NOW() - INTERVAL 5 MINUTE, parameters: None
[2025-02-25T15:32:02.557+0000] {sql.py:562} INFO - Rows affected: 1
[2025-02-25T15:33:02.573+0000] {base.py:84} INFO - Retrieving connection 'mysql_default'
[2025-02-25T15:33:02.575+0000] {sql.py:101} INFO - Poking: SELECT COUNT(*) FROM tugas_akhir_sensordata WHERE timestamp >= NOW() - INTERVAL 5 MINUTE (with parameters None)
[2025-02-25T15:33:02.594+0000] {base.py:84} INFO - Retrieving connection 'mysql_default'
[2025-02-25T15:33:02.600+0000] {sql.py:553} INFO - Running statement: SELECT COUNT(*) FROM tugas_akhir_sensordata WHERE timestamp >= NOW() - INTERVAL 5 MINUTE, parameters: None
[2025-02-25T15:33:02.602+0000] {sql.py:562} INFO - Rows affected: 1
[2025-02-25T15:34:02.616+0000] {base.py:84} INFO - Retrieving connection 'mysql_default'
[2025-02-25T15:34:02.618+0000] {sql.py:101} INFO - Poking: SELECT COUNT(*) FROM tugas_akhir_sensordata WHERE timestamp >= NOW() - INTERVAL 5 MINUTE (with parameters None)
[2025-02-25T15:34:02.634+0000] {base.py:84} INFO - Retrieving connection 'mysql_default'
[2025-02-25T15:34:02.640+0000] {sql.py:553} INFO - Running statement: SELECT COUNT(*) FROM tugas_akhir_sensordata WHERE timestamp >= NOW() - INTERVAL 5 MINUTE, parameters: None
[2025-02-25T15:34:02.642+0000] {sql.py:562} INFO - Rows affected: 1
[2025-02-25T15:35:02.652+0000] {base.py:84} INFO - Retrieving connection 'mysql_default'
[2025-02-25T15:35:02.654+0000] {sql.py:101} INFO - Poking: SELECT COUNT(*) FROM tugas_akhir_sensordata WHERE timestamp >= NOW() - INTERVAL 5 MINUTE (with parameters None)
[2025-02-25T15:35:02.668+0000] {base.py:84} INFO - Retrieving connection 'mysql_default'
[2025-02-25T15:35:02.675+0000] {sql.py:553} INFO - Running statement: SELECT COUNT(*) FROM tugas_akhir_sensordata WHERE timestamp >= NOW() - INTERVAL 5 MINUTE, parameters: None
[2025-02-25T15:35:02.677+0000] {sql.py:562} INFO - Rows affected: 1
[2025-02-25T15:36:02.690+0000] {base.py:84} INFO - Retrieving connection 'mysql_default'
[2025-02-25T15:36:02.692+0000] {sql.py:101} INFO - Poking: SELECT COUNT(*) FROM tugas_akhir_sensordata WHERE timestamp >= NOW() - INTERVAL 5 MINUTE (with parameters None)
[2025-02-25T15:36:02.702+0000] {base.py:84} INFO - Retrieving connection 'mysql_default'
[2025-02-25T15:36:02.707+0000] {sql.py:553} INFO - Running statement: SELECT COUNT(*) FROM tugas_akhir_sensordata WHERE timestamp >= NOW() - INTERVAL 5 MINUTE, parameters: None
[2025-02-25T15:36:02.709+0000] {sql.py:562} INFO - Rows affected: 1
[2025-02-25T15:36:02.711+0000] {base.py:336} INFO - Success criteria met. Exiting.
[2025-02-25T15:36:02.727+0000] {taskinstance.py:340} INFO - ::group::Post task execution logs
[2025-02-25T15:36:02.728+0000] {taskinstance.py:352} INFO - Marking task as SUCCESS. dag_id=triggered_by_new_data, task_id=wait_for_new_data, run_id=manual__2025-02-25T15:21:38.673440+00:00, execution_date=20250225T152138, start_date=20250225T153202, end_date=20250225T153602
[2025-02-25T15:36:03.215+0000] {logging_mixin.py:190} INFO - Task instance in success state
[2025-02-25T15:36:03.230+0000] {logging_mixin.py:190} INFO -  Previous state of the Task instance: running
[2025-02-25T15:36:03.232+0000] {logging_mixin.py:190} INFO - Dag name:triggered_by_new_data queued_at:2025-02-25 15:21:38.723821+00:00
[2025-02-25T15:36:03.233+0000] {logging_mixin.py:190} INFO - Task hostname:15e5b1e5ccc7 operator:SqlSensor
[2025-02-25T15:36:03.265+0000] {local_task_job_runner.py:266} INFO - Task exited with return code 0
[2025-02-25T15:36:03.300+0000] {local_task_job_runner.py:245} INFO - ::endgroup::
