[2025-04-22T04:46:39.133+0000] {local_task_job_runner.py:123} INFO - ::group::Pre task execution logs
[2025-04-22T04:46:39.321+0000] {taskinstance.py:2613} INFO - Dependencies all met for dep_context=non-requeueable deps ti=<TaskInstance: perbaikan_skripsi.get_data_from_db scheduled__2025-04-22T04:42:00+00:00 [queued]>
[2025-04-22T04:46:39.419+0000] {taskinstance.py:2613} INFO - Dependencies all met for dep_context=requeueable deps ti=<TaskInstance: perbaikan_skripsi.get_data_from_db scheduled__2025-04-22T04:42:00+00:00 [queued]>
[2025-04-22T04:46:39.422+0000] {taskinstance.py:2866} INFO - Starting attempt 1 of 4
[2025-04-22T04:46:39.525+0000] {taskinstance.py:2889} INFO - Executing <Task(PythonOperator): get_data_from_db> on 2025-04-22 04:42:00+00:00
[2025-04-22T04:46:39.585+0000] {standard_task_runner.py:104} INFO - Running: ['airflow', 'tasks', 'run', 'perbaikan_skripsi', 'get_data_from_db', 'scheduled__2025-04-22T04:42:00+00:00', '--job-id', '3408', '--raw', '--subdir', 'DAGS_FOLDER/tugas_akhir.py', '--cfg-path', '/tmp/tmp82mn7dvb']
[2025-04-22T04:46:39.595+0000] {standard_task_runner.py:105} INFO - Job 3408: Subtask get_data_from_db
[2025-04-22T04:46:39.636+0000] {logging_mixin.py:190} WARNING - /home/airflow/.local/lib/python3.12/site-packages/airflow/task/task_runner/standard_task_runner.py:70 DeprecationWarning: This process (pid=294) is multi-threaded, use of fork() may lead to deadlocks in the child.
[2025-04-22T04:46:39.642+0000] {standard_task_runner.py:72} INFO - Started process 384 to run task
[2025-04-22T04:46:39.877+0000] {task_command.py:467} INFO - Running <TaskInstance: perbaikan_skripsi.get_data_from_db scheduled__2025-04-22T04:42:00+00:00 [running]> on host 4921186b41fa
[2025-04-22T04:46:40.955+0000] {taskinstance.py:3132} INFO - Exporting env vars: AIRFLOW_CTX_DAG_OWNER='Dion Rikki' AIRFLOW_CTX_DAG_ID='perbaikan_skripsi' AIRFLOW_CTX_TASK_ID='get_data_from_db' AIRFLOW_CTX_EXECUTION_DATE='2025-04-22T04:42:00+00:00' AIRFLOW_CTX_TRY_NUMBER='1' AIRFLOW_CTX_DAG_RUN_ID='scheduled__2025-04-22T04:42:00+00:00'
[2025-04-22T04:46:40.985+0000] {logging_mixin.py:190} INFO - Task instance is in running state
[2025-04-22T04:46:40.991+0000] {logging_mixin.py:190} INFO -  Previous state of the Task instance: queued
[2025-04-22T04:46:41.009+0000] {logging_mixin.py:190} INFO - Current task name:get_data_from_db state:running start_date:2025-04-22 04:46:39.332465+00:00
[2025-04-22T04:46:41.017+0000] {logging_mixin.py:190} INFO - Dag name:perbaikan_skripsi and current dag run status:running
[2025-04-22T04:46:41.023+0000] {taskinstance.py:731} INFO - ::endgroup::
[2025-04-22T04:46:41.036+0000] {logging_mixin.py:190} INFO - 🔍 [1] Mengambil data sensor terbaru yang lengkap dan belum diprediksi...
[2025-04-22T04:46:41.262+0000] {logging_mixin.py:190} INFO - 📊 Data ditemukan: 2 baris
[2025-04-22T04:46:41.451+0000] {python.py:240} INFO - Done. Returned value was: None
[2025-04-22T04:46:41.510+0000] {taskinstance.py:340} INFO - ::group::Post task execution logs
[2025-04-22T04:46:41.513+0000] {taskinstance.py:352} INFO - Marking task as SUCCESS. dag_id=perbaikan_skripsi, task_id=get_data_from_db, run_id=scheduled__2025-04-22T04:42:00+00:00, execution_date=20250422T044200, start_date=20250422T044639, end_date=20250422T044641
[2025-04-22T04:46:41.593+0000] {logging_mixin.py:190} INFO - Task instance in success state
[2025-04-22T04:46:41.602+0000] {logging_mixin.py:190} INFO -  Previous state of the Task instance: running
[2025-04-22T04:46:41.608+0000] {logging_mixin.py:190} INFO - Dag name:perbaikan_skripsi queued_at:2025-04-22 04:46:06.500272+00:00
[2025-04-22T04:46:41.611+0000] {logging_mixin.py:190} INFO - Task hostname:4921186b41fa operator:PythonOperator
[2025-04-22T04:46:41.698+0000] {local_task_job_runner.py:266} INFO - Task exited with return code 0
[2025-04-22T04:46:41.847+0000] {taskinstance.py:3895} INFO - 1 downstream tasks scheduled from follow-on schedule check
[2025-04-22T04:46:41.865+0000] {local_task_job_runner.py:245} INFO - ::endgroup::
