[2025-04-21T14:29:45.295+0000] {local_task_job_runner.py:123} INFO - ::group::Pre task execution logs
[2025-04-21T14:29:45.499+0000] {taskinstance.py:2613} INFO - Dependencies all met for dep_context=non-requeueable deps ti=<TaskInstance: perbaikan_skripsi.wait_for_new_data scheduled__2025-04-21T14:23:00+00:00 [queued]>
[2025-04-21T14:29:45.632+0000] {taskinstance.py:2613} INFO - Dependencies all met for dep_context=requeueable deps ti=<TaskInstance: perbaikan_skripsi.wait_for_new_data scheduled__2025-04-21T14:23:00+00:00 [queued]>
[2025-04-21T14:29:45.638+0000] {taskinstance.py:2866} INFO - Starting attempt 6 of 4
[2025-04-21T14:29:45.842+0000] {taskinstance.py:2889} INFO - Executing <Task(SqlSensor): wait_for_new_data> on 2025-04-21 14:23:00+00:00
[2025-04-21T14:29:45.935+0000] {logging_mixin.py:190} WARNING - /home/airflow/.local/lib/python3.12/site-packages/airflow/task/task_runner/standard_task_runner.py:70 DeprecationWarning: This process (pid=15832) is multi-threaded, use of fork() may lead to deadlocks in the child.
[2025-04-21T14:29:45.943+0000] {standard_task_runner.py:104} INFO - Running: ['airflow', 'tasks', 'run', 'perbaikan_skripsi', 'wait_for_new_data', 'scheduled__2025-04-21T14:23:00+00:00', '--job-id', '115', '--raw', '--subdir', 'DAGS_FOLDER/tugas_akhir.py', '--cfg-path', '/tmp/tmpehely5y4']
[2025-04-21T14:29:45.973+0000] {standard_task_runner.py:105} INFO - Job 115: Subtask wait_for_new_data
[2025-04-21T14:29:45.963+0000] {standard_task_runner.py:72} INFO - Started process 15977 to run task
[2025-04-21T14:29:46.460+0000] {task_command.py:467} INFO - Running <TaskInstance: perbaikan_skripsi.wait_for_new_data scheduled__2025-04-21T14:23:00+00:00 [running]> on host 1daba33e39bb
[2025-04-21T14:29:47.199+0000] {taskinstance.py:3132} INFO - Exporting env vars: AIRFLOW_CTX_DAG_OWNER='Dion Rikki' AIRFLOW_CTX_DAG_ID='perbaikan_skripsi' AIRFLOW_CTX_TASK_ID='wait_for_new_data' AIRFLOW_CTX_EXECUTION_DATE='2025-04-21T14:23:00+00:00' AIRFLOW_CTX_TRY_NUMBER='6' AIRFLOW_CTX_DAG_RUN_ID='scheduled__2025-04-21T14:23:00+00:00'
[2025-04-21T14:29:47.214+0000] {logging_mixin.py:190} INFO - Task instance is in running state
[2025-04-21T14:29:47.217+0000] {logging_mixin.py:190} INFO -  Previous state of the Task instance: queued
[2025-04-21T14:29:47.224+0000] {logging_mixin.py:190} INFO - Current task name:wait_for_new_data state:running start_date:2025-04-21 14:29:45.505769+00:00
[2025-04-21T14:29:47.225+0000] {logging_mixin.py:190} INFO - Dag name:perbaikan_skripsi and current dag run status:running
[2025-04-21T14:29:47.226+0000] {taskinstance.py:731} INFO - ::endgroup::
[2025-04-21T14:29:47.319+0000] {base.py:84} INFO - Retrieving connection 'mysql_default'
[2025-04-21T14:29:47.338+0000] {sql.py:101} INFO - Poking: 
            SELECT COUNT(*) 
            FROM tugas_akhir_sensordata s
            WHERE s.timestamp >= NOW() - INTERVAL 3 MINUTE
            AND s.soil_type IS NOT NULL
            AND s.crop_type IS NOT NULL
            AND NOT EXISTS (
                SELECT 1 
                FROM fertilizer_predictions f
                WHERE f.sensor_data_id = s.id
            )
         (with parameters None)
[2025-04-21T14:29:47.368+0000] {base.py:84} INFO - Retrieving connection 'mysql_default'
[2025-04-21T14:29:47.387+0000] {sql.py:553} INFO - Running statement: 
            SELECT COUNT(*) 
            FROM tugas_akhir_sensordata s
            WHERE s.timestamp >= NOW() - INTERVAL 3 MINUTE
            AND s.soil_type IS NOT NULL
            AND s.crop_type IS NOT NULL
            AND NOT EXISTS (
                SELECT 1 
                FROM fertilizer_predictions f
                WHERE f.sensor_data_id = s.id
            )
        , parameters: None
[2025-04-21T14:29:47.393+0000] {sql.py:562} INFO - Rows affected: 1
[2025-04-21T14:29:47.398+0000] {base.py:336} INFO - Success criteria met. Exiting.
[2025-04-21T14:29:47.455+0000] {taskinstance.py:340} INFO - ::group::Post task execution logs
[2025-04-21T14:29:47.457+0000] {taskinstance.py:352} INFO - Marking task as SUCCESS. dag_id=perbaikan_skripsi, task_id=wait_for_new_data, run_id=scheduled__2025-04-21T14:23:00+00:00, execution_date=20250421T142300, start_date=20250421T142945, end_date=20250421T142947
[2025-04-21T14:29:48.506+0000] {logging_mixin.py:190} INFO - Task instance in success state
[2025-04-21T14:29:48.513+0000] {logging_mixin.py:190} INFO -  Previous state of the Task instance: running
[2025-04-21T14:29:48.514+0000] {logging_mixin.py:190} INFO - Dag name:perbaikan_skripsi queued_at:2025-04-21 14:24:00.297362+00:00
[2025-04-21T14:29:48.516+0000] {logging_mixin.py:190} INFO - Task hostname:1daba33e39bb operator:SqlSensor
[2025-04-21T14:29:48.648+0000] {local_task_job_runner.py:266} INFO - Task exited with return code 0
[2025-04-21T14:29:48.794+0000] {taskinstance.py:3895} INFO - 1 downstream tasks scheduled from follow-on schedule check
[2025-04-21T14:29:48.813+0000] {local_task_job_runner.py:245} INFO - ::endgroup::
