[2025-03-11T08:55:19.442+0000] {local_task_job_runner.py:123} INFO - ::group::Pre task execution logs
[2025-03-11T08:55:19.476+0000] {taskinstance.py:2613} INFO - Dependencies all met for dep_context=non-requeueable deps ti=<TaskInstance: skripsi_perbaikan.wait_for_new_data scheduled__2025-03-11T08:50:00+00:00 [queued]>
[2025-03-11T08:55:19.501+0000] {taskinstance.py:2613} INFO - Dependencies all met for dep_context=requeueable deps ti=<TaskInstance: skripsi_perbaikan.wait_for_new_data scheduled__2025-03-11T08:50:00+00:00 [queued]>
[2025-03-11T08:55:19.503+0000] {taskinstance.py:2866} INFO - Starting attempt 4 of 4
[2025-03-11T08:55:19.543+0000] {taskinstance.py:2889} INFO - Executing <Task(SqlSensor): wait_for_new_data> on 2025-03-11 08:50:00+00:00
[2025-03-11T08:55:19.566+0000] {logging_mixin.py:190} WARNING - /home/airflow/.local/lib/python3.12/site-packages/airflow/task/task_runner/standard_task_runner.py:70 DeprecationWarning: This process (pid=84811) is multi-threaded, use of fork() may lead to deadlocks in the child.
[2025-03-11T08:55:19.569+0000] {standard_task_runner.py:72} INFO - Started process 84845 to run task
[2025-03-11T08:55:19.569+0000] {standard_task_runner.py:104} INFO - Running: ['airflow', 'tasks', 'run', 'skripsi_perbaikan', 'wait_for_new_data', 'scheduled__2025-03-11T08:50:00+00:00', '--job-id', '5017', '--raw', '--subdir', 'DAGS_FOLDER/tugas_akhir.py', '--cfg-path', '/tmp/tmp3gv_m6zk']
[2025-03-11T08:55:19.572+0000] {standard_task_runner.py:105} INFO - Job 5017: Subtask wait_for_new_data
[2025-03-11T08:55:19.677+0000] {task_command.py:467} INFO - Running <TaskInstance: skripsi_perbaikan.wait_for_new_data scheduled__2025-03-11T08:50:00+00:00 [running]> on host b493651eb2c9
[2025-03-11T08:55:19.833+0000] {taskinstance.py:3132} INFO - Exporting env vars: AIRFLOW_CTX_DAG_OWNER='Dion Rikki' AIRFLOW_CTX_DAG_ID='skripsi_perbaikan' AIRFLOW_CTX_TASK_ID='wait_for_new_data' AIRFLOW_CTX_EXECUTION_DATE='2025-03-11T08:50:00+00:00' AIRFLOW_CTX_TRY_NUMBER='4' AIRFLOW_CTX_DAG_RUN_ID='scheduled__2025-03-11T08:50:00+00:00'
[2025-03-11T08:55:19.836+0000] {logging_mixin.py:190} INFO - Task instance is in running state
[2025-03-11T08:55:19.837+0000] {logging_mixin.py:190} INFO -  Previous state of the Task instance: queued
[2025-03-11T08:55:19.838+0000] {logging_mixin.py:190} INFO - Current task name:wait_for_new_data state:running start_date:2025-03-11 08:55:19.477544+00:00
[2025-03-11T08:55:19.839+0000] {logging_mixin.py:190} INFO - Dag name:skripsi_perbaikan and current dag run status:running
[2025-03-11T08:55:19.841+0000] {taskinstance.py:731} INFO - ::endgroup::
[2025-03-11T08:55:19.865+0000] {base.py:84} INFO - Retrieving connection 'mysql_default'
[2025-03-11T08:55:19.871+0000] {sql.py:101} INFO - Poking: 
            SELECT COUNT(*) 
            FROM tugas_akhir_sensordata s
            WHERE s.timestamp >= NOW() - INTERVAL 5 MINUTE
            AND s.soil_type IS NOT NULL
            AND s.crop_type IS NOT NULL
            AND NOT EXISTS (
                SELECT 1 
                FROM fertilizer_predictions f
                WHERE f.sensor_data_id = s.id
            )
         (with parameters None)
[2025-03-11T08:55:19.881+0000] {base.py:84} INFO - Retrieving connection 'mysql_default'
[2025-03-11T08:55:19.889+0000] {sql.py:553} INFO - Running statement: 
            SELECT COUNT(*) 
            FROM tugas_akhir_sensordata s
            WHERE s.timestamp >= NOW() - INTERVAL 5 MINUTE
            AND s.soil_type IS NOT NULL
            AND s.crop_type IS NOT NULL
            AND NOT EXISTS (
                SELECT 1 
                FROM fertilizer_predictions f
                WHERE f.sensor_data_id = s.id
            )
        , parameters: None
[2025-03-11T08:55:19.891+0000] {sql.py:562} INFO - Rows affected: 1
[2025-03-11T08:55:19.925+0000] {taskinstance.py:309} INFO - Rescheduling task, marking task as UP_FOR_RESCHEDULE
[2025-03-11T08:55:19.926+0000] {taskinstance.py:340} INFO - ::group::Post task execution logs
[2025-03-11T08:55:19.962+0000] {local_task_job_runner.py:266} INFO - Task exited with return code 0
[2025-03-11T08:55:20.008+0000] {taskinstance.py:3895} INFO - 0 downstream tasks scheduled from follow-on schedule check
[2025-03-11T08:55:20.010+0000] {local_task_job_runner.py:245} INFO - ::endgroup::
