[2025-03-16T13:14:35.718+0000] {local_task_job_runner.py:123} INFO - ::group::Pre task execution logs
[2025-03-16T13:14:35.992+0000] {taskinstance.py:2613} INFO - Dependencies all met for dep_context=non-requeueable deps ti=<TaskInstance: skripsi_perbaikan.predict_and_store_result manual__2025-03-16T12:54:14.212570+00:00 [queued]>
[2025-03-16T13:14:36.216+0000] {taskinstance.py:2613} INFO - Dependencies all met for dep_context=requeueable deps ti=<TaskInstance: skripsi_perbaikan.predict_and_store_result manual__2025-03-16T12:54:14.212570+00:00 [queued]>
[2025-03-16T13:14:36.218+0000] {taskinstance.py:2866} INFO - Starting attempt 1 of 4
[2025-03-16T13:14:36.379+0000] {taskinstance.py:2889} INFO - Executing <Task(PythonOperator): predict_and_store_result> on 2025-03-16 12:54:14.212570+00:00
[2025-03-16T13:14:36.521+0000] {standard_task_runner.py:104} INFO - Running: ['airflow', 'tasks', 'run', 'skripsi_perbaikan', 'predict_and_store_result', 'manual__2025-03-16T12:54:14.212570+00:00', '--job-id', '103', '--raw', '--subdir', 'DAGS_FOLDER/tugas_akhir.py', '--cfg-path', '/tmp/tmpzuc7zijf']
[2025-03-16T13:14:36.530+0000] {standard_task_runner.py:105} INFO - Job 103: Subtask predict_and_store_result
[2025-03-16T13:14:36.706+0000] {logging_mixin.py:190} WARNING - /home/airflow/.local/lib/python3.12/site-packages/airflow/task/task_runner/standard_task_runner.py:70 DeprecationWarning: This process (pid=527) is multi-threaded, use of fork() may lead to deadlocks in the child.
[2025-03-16T13:14:36.730+0000] {standard_task_runner.py:72} INFO - Started process 670 to run task
[2025-03-16T13:14:37.416+0000] {task_command.py:467} INFO - Running <TaskInstance: skripsi_perbaikan.predict_and_store_result manual__2025-03-16T12:54:14.212570+00:00 [running]> on host 438c3ba1e399
[2025-03-16T13:14:38.478+0000] {taskinstance.py:3132} INFO - Exporting env vars: AIRFLOW_CTX_DAG_OWNER='Dion Rikki' AIRFLOW_CTX_DAG_ID='skripsi_perbaikan' AIRFLOW_CTX_TASK_ID='predict_and_store_result' AIRFLOW_CTX_EXECUTION_DATE='2025-03-16T12:54:14.212570+00:00' AIRFLOW_CTX_TRY_NUMBER='1' AIRFLOW_CTX_DAG_RUN_ID='manual__2025-03-16T12:54:14.212570+00:00'
[2025-03-16T13:14:38.510+0000] {logging_mixin.py:190} INFO - Task instance is in running state
[2025-03-16T13:14:38.516+0000] {logging_mixin.py:190} INFO -  Previous state of the Task instance: queued
[2025-03-16T13:14:38.522+0000] {logging_mixin.py:190} INFO - Current task name:predict_and_store_result state:running start_date:2025-03-16 13:14:36.038391+00:00
[2025-03-16T13:14:38.534+0000] {logging_mixin.py:190} INFO - Dag name:skripsi_perbaikan and current dag run status:running
[2025-03-16T13:14:38.542+0000] {taskinstance.py:731} INFO - ::endgroup::
[2025-03-16T13:14:38.573+0000] {logging_mixin.py:190} INFO - 🔍 [2] Memproses data dan melakukan prediksi...
[2025-03-16T13:14:39.121+0000] {logging_mixin.py:190} INFO - ✅ Data siap diproses: 1 baris
   id  Temperature  Humidity  ...  nitrogen phosphorous potassium
0  13         24.8      86.0  ...       0.0         0.0       0.0

[1 rows x 9 columns]
[2025-03-16T13:14:39.137+0000] {logging_mixin.py:190} INFO - 📝 Menyesuaikan nama kolom dengan model training...
[2025-03-16T13:14:39.160+0000] {logging_mixin.py:190} INFO - 🔧 Melakukan encoding kategori Soil_Type dan Crop_Type...
[2025-03-16T13:14:39.214+0000] {logging_mixin.py:190} INFO - 🧠 Menyiapkan fitur untuk prediksi...
[2025-03-16T13:14:39.235+0000] {logging_mixin.py:190} INFO - 🤖 Menjalankan model prediksi...
[2025-03-16T13:14:39.443+0000] {logging_mixin.py:190} INFO - ✅ Prediksi selesai:
   id predicted_fertilizer
0  13             14-14-14
[2025-03-16T13:14:39.460+0000] {logging_mixin.py:190} INFO - 💾 Menyimpan hasil ke tabel fertilizer_predictions...
[2025-03-16T13:14:39.741+0000] {logging_mixin.py:190} INFO - ❌ Error saat menyimpan ke database: (pymysql.err.IntegrityError) (1062, "Duplicate entry '13' for key 'fertilizer_predictions.sensor_data_id'")
[SQL: INSERT INTO fertilizer_predictions (sensor_data_id, predicted_fertilizer, created_at) VALUES (%(sensor_data_id)s, %(predicted_fertilizer)s, %(created_at)s)]
[parameters: {'sensor_data_id': 13, 'predicted_fertilizer': '14-14-14', 'created_at': datetime.datetime(2025, 3, 16, 13, 14, 39, 490725)}]
(Background on this error at: https://sqlalche.me/e/14/gkpj)
[2025-03-16T13:14:39.760+0000] {python.py:240} INFO - Done. Returned value was: None
[2025-03-16T13:14:39.840+0000] {taskinstance.py:340} INFO - ::group::Post task execution logs
[2025-03-16T13:14:39.848+0000] {taskinstance.py:352} INFO - Marking task as SUCCESS. dag_id=skripsi_perbaikan, task_id=predict_and_store_result, run_id=manual__2025-03-16T12:54:14.212570+00:00, execution_date=20250316T125414, start_date=20250316T131436, end_date=20250316T131439
[2025-03-16T13:14:39.974+0000] {logging_mixin.py:190} INFO - Task instance in success state
[2025-03-16T13:14:39.979+0000] {logging_mixin.py:190} INFO -  Previous state of the Task instance: running
[2025-03-16T13:14:39.989+0000] {logging_mixin.py:190} INFO - Dag name:skripsi_perbaikan queued_at:2025-03-16 12:54:14.297970+00:00
[2025-03-16T13:14:40.003+0000] {logging_mixin.py:190} INFO - Task hostname:438c3ba1e399 operator:PythonOperator
[2025-03-16T13:14:40.108+0000] {local_task_job_runner.py:266} INFO - Task exited with return code 0
[2025-03-16T13:14:40.227+0000] {taskinstance.py:3895} INFO - 0 downstream tasks scheduled from follow-on schedule check
[2025-03-16T13:14:40.235+0000] {local_task_job_runner.py:245} INFO - ::endgroup::
