[2025-02-25T20:28:04.883+0000] {local_task_job_runner.py:123} INFO - ::group::Pre task execution logs
[2025-02-25T20:28:04.915+0000] {taskinstance.py:2613} INFO - Dependencies all met for dep_context=non-requeueable deps ti=<TaskInstance: skripsi_akhir_perbaikan.wait_for_new_data scheduled__2025-02-25T20:26:00+00:00 [queued]>
[2025-02-25T20:28:04.936+0000] {taskinstance.py:2613} INFO - Dependencies all met for dep_context=requeueable deps ti=<TaskInstance: skripsi_akhir_perbaikan.wait_for_new_data scheduled__2025-02-25T20:26:00+00:00 [queued]>
[2025-02-25T20:28:04.937+0000] {taskinstance.py:2866} INFO - Starting attempt 1 of 6
[2025-02-25T20:28:04.976+0000] {taskinstance.py:2889} INFO - Executing <Task(SqlSensor): wait_for_new_data> on 2025-02-25 20:26:00+00:00
[2025-02-25T20:28:04.997+0000] {logging_mixin.py:190} WARNING - /home/airflow/.local/lib/python3.12/site-packages/airflow/task/task_runner/standard_task_runner.py:70 DeprecationWarning: This process (pid=16074) is multi-threaded, use of fork() may lead to deadlocks in the child.
[2025-02-25T20:28:04.996+0000] {standard_task_runner.py:104} INFO - Running: ['airflow', 'tasks', 'run', 'skripsi_akhir_perbaikan', 'wait_for_new_data', 'scheduled__2025-02-25T20:26:00+00:00', '--job-id', '523', '--raw', '--subdir', 'DAGS_FOLDER/tugas_akhir.py', '--cfg-path', '/tmp/tmpoke0yftt']
[2025-02-25T20:28:04.999+0000] {standard_task_runner.py:72} INFO - Started process 16127 to run task
[2025-02-25T20:28:04.999+0000] {standard_task_runner.py:105} INFO - Job 523: Subtask wait_for_new_data
[2025-02-25T20:28:05.089+0000] {task_command.py:467} INFO - Running <TaskInstance: skripsi_akhir_perbaikan.wait_for_new_data scheduled__2025-02-25T20:26:00+00:00 [running]> on host d22a487e6b55
[2025-02-25T20:28:05.248+0000] {taskinstance.py:3132} INFO - Exporting env vars: AIRFLOW_CTX_DAG_OWNER='Dion Rikki' AIRFLOW_CTX_DAG_ID='skripsi_akhir_perbaikan' AIRFLOW_CTX_TASK_ID='wait_for_new_data' AIRFLOW_CTX_EXECUTION_DATE='2025-02-25T20:26:00+00:00' AIRFLOW_CTX_TRY_NUMBER='1' AIRFLOW_CTX_DAG_RUN_ID='scheduled__2025-02-25T20:26:00+00:00'
[2025-02-25T20:28:05.252+0000] {logging_mixin.py:190} INFO - Task instance is in running state
[2025-02-25T20:28:05.253+0000] {logging_mixin.py:190} INFO -  Previous state of the Task instance: queued
[2025-02-25T20:28:05.255+0000] {logging_mixin.py:190} INFO - Current task name:wait_for_new_data state:running start_date:2025-02-25 20:28:04.916563+00:00
[2025-02-25T20:28:05.256+0000] {logging_mixin.py:190} INFO - Dag name:skripsi_akhir_perbaikan and current dag run status:running
[2025-02-25T20:28:05.257+0000] {taskinstance.py:731} INFO - ::endgroup::
[2025-02-25T20:28:05.284+0000] {base.py:84} INFO - Retrieving connection 'mysql_default'
[2025-02-25T20:28:05.290+0000] {sql.py:101} INFO - Poking: 
        SELECT COUNT(*) 
        FROM tugas_akhir_sensordata s
        WHERE s.timestamp >= NOW() - INTERVAL 5 MINUTE
        AND NOT EXISTS (
            SELECT 1 
            FROM fertilizer_predictions f
            WHERE CAST(f.id AS SIGNED) = s.id  -- Menggunakan SIGNED di sini
        )
     (with parameters None)
[2025-02-25T20:28:05.299+0000] {base.py:84} INFO - Retrieving connection 'mysql_default'
[2025-02-25T20:28:05.310+0000] {sql.py:553} INFO - Running statement: 
        SELECT COUNT(*) 
        FROM tugas_akhir_sensordata s
        WHERE s.timestamp >= NOW() - INTERVAL 5 MINUTE
        AND NOT EXISTS (
            SELECT 1 
            FROM fertilizer_predictions f
            WHERE CAST(f.id AS SIGNED) = s.id  -- Menggunakan SIGNED di sini
        )
    , parameters: None
[2025-02-25T20:28:05.312+0000] {sql.py:562} INFO - Rows affected: 1
[2025-02-25T20:28:05.314+0000] {base.py:336} INFO - Success criteria met. Exiting.
[2025-02-25T20:28:05.331+0000] {taskinstance.py:340} INFO - ::group::Post task execution logs
[2025-02-25T20:28:05.332+0000] {taskinstance.py:352} INFO - Marking task as SUCCESS. dag_id=skripsi_akhir_perbaikan, task_id=wait_for_new_data, run_id=scheduled__2025-02-25T20:26:00+00:00, execution_date=20250225T202600, start_date=20250225T202804, end_date=20250225T202805
[2025-02-25T20:28:05.363+0000] {logging_mixin.py:190} INFO - Task instance in success state
[2025-02-25T20:28:05.365+0000] {logging_mixin.py:190} INFO -  Previous state of the Task instance: running
[2025-02-25T20:28:05.366+0000] {logging_mixin.py:190} INFO - Dag name:skripsi_akhir_perbaikan queued_at:2025-02-25 20:28:00.240430+00:00
[2025-02-25T20:28:05.368+0000] {logging_mixin.py:190} INFO - Task hostname:d22a487e6b55 operator:SqlSensor
[2025-02-25T20:28:05.398+0000] {local_task_job_runner.py:266} INFO - Task exited with return code 0
[2025-02-25T20:28:05.487+0000] {taskinstance.py:3895} INFO - 1 downstream tasks scheduled from follow-on schedule check
[2025-02-25T20:28:05.497+0000] {local_task_job_runner.py:245} INFO - ::endgroup::
