[2025-03-01T13:46:11.861+0000] {local_task_job_runner.py:123} INFO - ::group::Pre task execution logs
[2025-03-01T13:46:11.912+0000] {taskinstance.py:2613} INFO - Dependencies all met for dep_context=non-requeueable deps ti=<TaskInstance: skripsi_2.get_data_from_db scheduled__2025-03-01T13:44:00+00:00 [queued]>
[2025-03-01T13:46:11.949+0000] {taskinstance.py:2613} INFO - Dependencies all met for dep_context=requeueable deps ti=<TaskInstance: skripsi_2.get_data_from_db scheduled__2025-03-01T13:44:00+00:00 [queued]>
[2025-03-01T13:46:11.950+0000] {taskinstance.py:2866} INFO - Starting attempt 1 of 6
[2025-03-01T13:46:11.998+0000] {taskinstance.py:2889} INFO - Executing <Task(PythonOperator): get_data_from_db> on 2025-03-01 13:44:00+00:00
[2025-03-01T13:46:12.023+0000] {standard_task_runner.py:104} INFO - Running: ['airflow', 'tasks', 'run', 'skripsi_2', 'get_data_from_db', 'scheduled__2025-03-01T13:44:00+00:00', '--job-id', '12468', '--raw', '--subdir', 'DAGS_FOLDER/tugas_akhir.py', '--cfg-path', '/tmp/tmpcwjpxh8c']
[2025-03-01T13:46:12.025+0000] {logging_mixin.py:190} WARNING - /home/airflow/.local/lib/python3.12/site-packages/airflow/task/task_runner/standard_task_runner.py:70 DeprecationWarning: This process (pid=71191) is multi-threaded, use of fork() may lead to deadlocks in the child.
[2025-03-01T13:46:12.026+0000] {standard_task_runner.py:105} INFO - Job 12468: Subtask get_data_from_db
[2025-03-01T13:46:12.027+0000] {standard_task_runner.py:72} INFO - Started process 71244 to run task
[2025-03-01T13:46:12.121+0000] {task_command.py:467} INFO - Running <TaskInstance: skripsi_2.get_data_from_db scheduled__2025-03-01T13:44:00+00:00 [running]> on host ef7692401a0a
[2025-03-01T13:46:12.323+0000] {taskinstance.py:3132} INFO - Exporting env vars: AIRFLOW_CTX_DAG_OWNER='Dion Rikki' AIRFLOW_CTX_DAG_ID='skripsi_2' AIRFLOW_CTX_TASK_ID='get_data_from_db' AIRFLOW_CTX_EXECUTION_DATE='2025-03-01T13:44:00+00:00' AIRFLOW_CTX_TRY_NUMBER='1' AIRFLOW_CTX_DAG_RUN_ID='scheduled__2025-03-01T13:44:00+00:00'
[2025-03-01T13:46:12.327+0000] {logging_mixin.py:190} INFO - Task instance is in running state
[2025-03-01T13:46:12.328+0000] {logging_mixin.py:190} INFO -  Previous state of the Task instance: queued
[2025-03-01T13:46:12.329+0000] {logging_mixin.py:190} INFO - Current task name:get_data_from_db state:running start_date:2025-03-01 13:46:11.913997+00:00
[2025-03-01T13:46:12.331+0000] {logging_mixin.py:190} INFO - Dag name:skripsi_2 and current dag run status:running
[2025-03-01T13:46:12.333+0000] {taskinstance.py:731} INFO - ::endgroup::
[2025-03-01T13:46:12.336+0000] {logging_mixin.py:190} INFO - 🔍 [1] Menghubungkan ke database MySQL...
[2025-03-01T13:46:12.395+0000] {logging_mixin.py:190} INFO - 📊 Data yang diambil dari MySQL:
   Temperature  Humidity  Moisture
0         25.8      87.0         0
1         25.8      88.0         0
2         27.1      81.0         0
[2025-03-01T13:46:12.432+0000] {logging_mixin.py:190} INFO - ✅ Data berhasil disimpan ke XCom. Jumlah baris: 3
[2025-03-01T13:46:12.433+0000] {python.py:240} INFO - Done. Returned value was: None
[2025-03-01T13:46:12.454+0000] {taskinstance.py:340} INFO - ::group::Post task execution logs
[2025-03-01T13:46:12.455+0000] {taskinstance.py:352} INFO - Marking task as SUCCESS. dag_id=skripsi_2, task_id=get_data_from_db, run_id=scheduled__2025-03-01T13:44:00+00:00, execution_date=20250301T134400, start_date=20250301T134611, end_date=20250301T134612
[2025-03-01T13:46:12.487+0000] {logging_mixin.py:190} INFO - Task instance in success state
[2025-03-01T13:46:12.488+0000] {logging_mixin.py:190} INFO -  Previous state of the Task instance: running
[2025-03-01T13:46:12.489+0000] {logging_mixin.py:190} INFO - Dag name:skripsi_2 queued_at:2025-03-01 13:46:00.915068+00:00
[2025-03-01T13:46:12.491+0000] {logging_mixin.py:190} INFO - Task hostname:ef7692401a0a operator:PythonOperator
[2025-03-01T13:46:12.547+0000] {local_task_job_runner.py:266} INFO - Task exited with return code 0
[2025-03-01T13:46:12.604+0000] {taskinstance.py:3895} INFO - 1 downstream tasks scheduled from follow-on schedule check
[2025-03-01T13:46:12.617+0000] {local_task_job_runner.py:245} INFO - ::endgroup::
