[2025-02-25T21:06:09.725+0000] {local_task_job_runner.py:123} INFO - ::group::Pre task execution logs
[2025-02-25T21:06:09.785+0000] {taskinstance.py:2613} INFO - Dependencies all met for dep_context=non-requeueable deps ti=<TaskInstance: skripsi_akhir_perbaikan.get_data_from_db scheduled__2025-02-25T21:04:00+00:00 [queued]>
[2025-02-25T21:06:09.811+0000] {taskinstance.py:2613} INFO - Dependencies all met for dep_context=requeueable deps ti=<TaskInstance: skripsi_akhir_perbaikan.get_data_from_db scheduled__2025-02-25T21:04:00+00:00 [queued]>
[2025-02-25T21:06:09.812+0000] {taskinstance.py:2866} INFO - Starting attempt 1 of 6
[2025-02-25T21:06:09.850+0000] {taskinstance.py:2889} INFO - Executing <Task(PythonOperator): get_data_from_db> on 2025-02-25 21:04:00+00:00
[2025-02-25T21:06:09.876+0000] {logging_mixin.py:190} WARNING - /home/airflow/.local/lib/python3.12/site-packages/airflow/task/task_runner/standard_task_runner.py:70 DeprecationWarning: This process (pid=38116) is multi-threaded, use of fork() may lead to deadlocks in the child.
[2025-02-25T21:06:09.877+0000] {standard_task_runner.py:104} INFO - Running: ['airflow', 'tasks', 'run', 'skripsi_akhir_perbaikan', 'get_data_from_db', 'scheduled__2025-02-25T21:04:00+00:00', '--job-id', '602', '--raw', '--subdir', 'DAGS_FOLDER/tugas_akhir.py', '--cfg-path', '/tmp/tmpj_dk6n19']
[2025-02-25T21:06:09.879+0000] {standard_task_runner.py:72} INFO - Started process 38138 to run task
[2025-02-25T21:06:09.880+0000] {standard_task_runner.py:105} INFO - Job 602: Subtask get_data_from_db
[2025-02-25T21:06:10.006+0000] {task_command.py:467} INFO - Running <TaskInstance: skripsi_akhir_perbaikan.get_data_from_db scheduled__2025-02-25T21:04:00+00:00 [running]> on host d22a487e6b55
[2025-02-25T21:06:10.225+0000] {taskinstance.py:3132} INFO - Exporting env vars: AIRFLOW_CTX_DAG_OWNER='Dion Rikki' AIRFLOW_CTX_DAG_ID='skripsi_akhir_perbaikan' AIRFLOW_CTX_TASK_ID='get_data_from_db' AIRFLOW_CTX_EXECUTION_DATE='2025-02-25T21:04:00+00:00' AIRFLOW_CTX_TRY_NUMBER='1' AIRFLOW_CTX_DAG_RUN_ID='scheduled__2025-02-25T21:04:00+00:00'
[2025-02-25T21:06:10.231+0000] {logging_mixin.py:190} INFO - Task instance is in running state
[2025-02-25T21:06:10.233+0000] {logging_mixin.py:190} INFO -  Previous state of the Task instance: queued
[2025-02-25T21:06:10.235+0000] {logging_mixin.py:190} INFO - Current task name:get_data_from_db state:running start_date:2025-02-25 21:06:09.786139+00:00
[2025-02-25T21:06:10.236+0000] {logging_mixin.py:190} INFO - Dag name:skripsi_akhir_perbaikan and current dag run status:running
[2025-02-25T21:06:10.238+0000] {taskinstance.py:731} INFO - ::endgroup::
[2025-02-25T21:06:10.240+0000] {logging_mixin.py:190} INFO - 🔍 [1] Menghubungkan ke database MySQL...
[2025-02-25T21:06:10.313+0000] {logging_mixin.py:190} INFO - 📊 Data yang diambil dari MySQL:
   Humidity  Moisture
0      89.0      26.2
1      90.0      26.2
[2025-02-25T21:06:10.365+0000] {logging_mixin.py:190} INFO - ✅ Data berhasil disimpan ke XCom. Jumlah baris: 2
[2025-02-25T21:06:10.366+0000] {python.py:240} INFO - Done. Returned value was: None
[2025-02-25T21:06:10.397+0000] {taskinstance.py:340} INFO - ::group::Post task execution logs
[2025-02-25T21:06:10.399+0000] {taskinstance.py:352} INFO - Marking task as SUCCESS. dag_id=skripsi_akhir_perbaikan, task_id=get_data_from_db, run_id=scheduled__2025-02-25T21:04:00+00:00, execution_date=20250225T210400, start_date=20250225T210609, end_date=20250225T210610
[2025-02-25T21:06:10.450+0000] {logging_mixin.py:190} INFO - Task instance in success state
[2025-02-25T21:06:10.452+0000] {logging_mixin.py:190} INFO -  Previous state of the Task instance: running
[2025-02-25T21:06:10.453+0000] {logging_mixin.py:190} INFO - Dag name:skripsi_akhir_perbaikan queued_at:2025-02-25 21:06:00.686491+00:00
[2025-02-25T21:06:10.455+0000] {logging_mixin.py:190} INFO - Task hostname:d22a487e6b55 operator:PythonOperator
[2025-02-25T21:06:10.520+0000] {local_task_job_runner.py:266} INFO - Task exited with return code 0
[2025-02-25T21:06:10.581+0000] {taskinstance.py:3895} INFO - 1 downstream tasks scheduled from follow-on schedule check
[2025-02-25T21:06:10.596+0000] {local_task_job_runner.py:245} INFO - ::endgroup::
