[2025-02-25T18:57:10.952+0000] {local_task_job_runner.py:123} INFO - ::group::Pre task execution logs
[2025-02-25T18:57:11.004+0000] {taskinstance.py:2613} INFO - Dependencies all met for dep_context=non-requeueable deps ti=<TaskInstance: skripsi.get_data_from_db scheduled__2025-02-25T18:56:00+00:00 [queued]>
[2025-02-25T18:57:11.027+0000] {taskinstance.py:2613} INFO - Dependencies all met for dep_context=requeueable deps ti=<TaskInstance: skripsi.get_data_from_db scheduled__2025-02-25T18:56:00+00:00 [queued]>
[2025-02-25T18:57:11.028+0000] {taskinstance.py:2866} INFO - Starting attempt 1 of 6
[2025-02-25T18:57:11.080+0000] {taskinstance.py:2889} INFO - Executing <Task(PythonOperator): get_data_from_db> on 2025-02-25 18:56:00+00:00
[2025-02-25T18:57:11.108+0000] {logging_mixin.py:190} WARNING - /home/airflow/.local/lib/python3.12/site-packages/airflow/task/task_runner/standard_task_runner.py:70 DeprecationWarning: This process (pid=62830) is multi-threaded, use of fork() may lead to deadlocks in the child.
[2025-02-25T18:57:11.108+0000] {standard_task_runner.py:104} INFO - Running: ['airflow', 'tasks', 'run', 'skripsi', 'get_data_from_db', 'scheduled__2025-02-25T18:56:00+00:00', '--job-id', '205', '--raw', '--subdir', 'DAGS_FOLDER/tugas_akhir.py', '--cfg-path', '/tmp/tmpy2tae3zt']
[2025-02-25T18:57:11.111+0000] {standard_task_runner.py:72} INFO - Started process 62854 to run task
[2025-02-25T18:57:11.112+0000] {standard_task_runner.py:105} INFO - Job 205: Subtask get_data_from_db
[2025-02-25T18:57:11.197+0000] {task_command.py:467} INFO - Running <TaskInstance: skripsi.get_data_from_db scheduled__2025-02-25T18:56:00+00:00 [running]> on host d22a487e6b55
[2025-02-25T18:57:11.364+0000] {taskinstance.py:3132} INFO - Exporting env vars: AIRFLOW_CTX_DAG_OWNER='Dion Rikki' AIRFLOW_CTX_DAG_ID='skripsi' AIRFLOW_CTX_TASK_ID='get_data_from_db' AIRFLOW_CTX_EXECUTION_DATE='2025-02-25T18:56:00+00:00' AIRFLOW_CTX_TRY_NUMBER='1' AIRFLOW_CTX_DAG_RUN_ID='scheduled__2025-02-25T18:56:00+00:00'
[2025-02-25T18:57:11.368+0000] {logging_mixin.py:190} INFO - Task instance is in running state
[2025-02-25T18:57:11.369+0000] {logging_mixin.py:190} INFO -  Previous state of the Task instance: queued
[2025-02-25T18:57:11.371+0000] {logging_mixin.py:190} INFO - Current task name:get_data_from_db state:running start_date:2025-02-25 18:57:11.005769+00:00
[2025-02-25T18:57:11.372+0000] {logging_mixin.py:190} INFO - Dag name:skripsi and current dag run status:running
[2025-02-25T18:57:11.374+0000] {taskinstance.py:731} INFO - ::endgroup::
[2025-02-25T18:57:11.377+0000] {logging_mixin.py:190} INFO - 🔍 [1] Menghubungkan ke database MySQL...
[2025-02-25T18:57:11.428+0000] {logging_mixin.py:190} INFO - 📊 Data yang diambil dari MySQL:
   Humidity  Moisture
0      86.0      25.8
1      86.0      25.8
2      86.0      25.8
[2025-02-25T18:57:11.453+0000] {logging_mixin.py:190} INFO - ✅ Data berhasil disimpan ke XCom. Jumlah baris: 3
[2025-02-25T18:57:11.454+0000] {python.py:240} INFO - Done. Returned value was: None
[2025-02-25T18:57:11.471+0000] {taskinstance.py:340} INFO - ::group::Post task execution logs
[2025-02-25T18:57:11.472+0000] {taskinstance.py:352} INFO - Marking task as SUCCESS. dag_id=skripsi, task_id=get_data_from_db, run_id=scheduled__2025-02-25T18:56:00+00:00, execution_date=20250225T185600, start_date=20250225T185711, end_date=20250225T185711
[2025-02-25T18:57:11.530+0000] {logging_mixin.py:190} INFO - Task instance in success state
[2025-02-25T18:57:11.532+0000] {logging_mixin.py:190} INFO -  Previous state of the Task instance: running
[2025-02-25T18:57:11.534+0000] {logging_mixin.py:190} INFO - Dag name:skripsi queued_at:2025-02-25 18:57:00.976259+00:00
[2025-02-25T18:57:11.537+0000] {logging_mixin.py:190} INFO - Task hostname:d22a487e6b55 operator:PythonOperator
[2025-02-25T18:57:11.590+0000] {local_task_job_runner.py:266} INFO - Task exited with return code 0
[2025-02-25T18:57:11.682+0000] {taskinstance.py:3895} INFO - 1 downstream tasks scheduled from follow-on schedule check
[2025-02-25T18:57:11.698+0000] {local_task_job_runner.py:245} INFO - ::endgroup::
