[2025-04-24T07:47:18.367+0000] {local_task_job_runner.py:123} INFO - ::group::Pre task execution logs
[2025-04-24T07:47:18.411+0000] {taskinstance.py:2613} INFO - Dependencies all met for dep_context=non-requeueable deps ti=<TaskInstance: perbaikan_skripsi.wait_for_new_data scheduled__2025-04-24T07:44:00+00:00 [queued]>
[2025-04-24T07:47:18.434+0000] {taskinstance.py:2613} INFO - Dependencies all met for dep_context=requeueable deps ti=<TaskInstance: perbaikan_skripsi.wait_for_new_data scheduled__2025-04-24T07:44:00+00:00 [queued]>
[2025-04-24T07:47:18.435+0000] {taskinstance.py:2866} INFO - Starting attempt 3 of 4
[2025-04-24T07:47:18.470+0000] {taskinstance.py:2889} INFO - Executing <Task(SqlSensor): wait_for_new_data> on 2025-04-24 07:44:00+00:00
[2025-04-24T07:47:18.493+0000] {logging_mixin.py:190} WARNING - /home/airflow/.local/lib/python3.12/site-packages/airflow/task/task_runner/standard_task_runner.py:70 DeprecationWarning: This process (pid=42012) is multi-threaded, use of fork() may lead to deadlocks in the child.
[2025-04-24T07:47:18.495+0000] {standard_task_runner.py:72} INFO - Started process 42092 to run task
[2025-04-24T07:47:18.492+0000] {standard_task_runner.py:104} INFO - Running: ['airflow', 'tasks', 'run', 'perbaikan_skripsi', 'wait_for_new_data', 'scheduled__2025-04-24T07:44:00+00:00', '--job-id', '13707', '--raw', '--subdir', 'DAGS_FOLDER/tugas_akhir.py', '--cfg-path', '/tmp/tmpn40kz_tr']
[2025-04-24T07:47:18.496+0000] {standard_task_runner.py:105} INFO - Job 13707: Subtask wait_for_new_data
[2025-04-24T07:47:18.611+0000] {task_command.py:467} INFO - Running <TaskInstance: perbaikan_skripsi.wait_for_new_data scheduled__2025-04-24T07:44:00+00:00 [running]> on host a38b69ba8f8a
[2025-04-24T07:47:18.787+0000] {taskinstance.py:3132} INFO - Exporting env vars: AIRFLOW_CTX_DAG_OWNER='Dion Rikki' AIRFLOW_CTX_DAG_ID='perbaikan_skripsi' AIRFLOW_CTX_TASK_ID='wait_for_new_data' AIRFLOW_CTX_EXECUTION_DATE='2025-04-24T07:44:00+00:00' AIRFLOW_CTX_TRY_NUMBER='3' AIRFLOW_CTX_DAG_RUN_ID='scheduled__2025-04-24T07:44:00+00:00'
[2025-04-24T07:47:18.791+0000] {logging_mixin.py:190} INFO - Task instance is in running state
[2025-04-24T07:47:18.792+0000] {logging_mixin.py:190} INFO -  Previous state of the Task instance: queued
[2025-04-24T07:47:18.793+0000] {logging_mixin.py:190} INFO - Current task name:wait_for_new_data state:running start_date:2025-04-24 07:47:18.412344+00:00
[2025-04-24T07:47:18.794+0000] {logging_mixin.py:190} INFO - Dag name:perbaikan_skripsi and current dag run status:running
[2025-04-24T07:47:18.795+0000] {taskinstance.py:731} INFO - ::endgroup::
[2025-04-24T07:47:18.830+0000] {base.py:84} INFO - Retrieving connection 'mysql_default'
[2025-04-24T07:47:18.835+0000] {sql.py:101} INFO - Poking: 
            SELECT COUNT(*) 
            FROM tugas_akhir_sensordata s
            WHERE s.timestamp >= NOW() - INTERVAL 3 MINUTE
            AND s.soil_type IS NOT NULL
            AND s.crop_type IS NOT NULL
            AND NOT EXISTS (
                SELECT 1 
                FROM fertilizer_predictions f
                WHERE f.sensor_data_id = s.id
            )
         (with parameters None)
[2025-04-24T07:47:18.859+0000] {base.py:84} INFO - Retrieving connection 'mysql_default'
[2025-04-24T07:47:18.868+0000] {sql.py:553} INFO - Running statement: 
            SELECT COUNT(*) 
            FROM tugas_akhir_sensordata s
            WHERE s.timestamp >= NOW() - INTERVAL 3 MINUTE
            AND s.soil_type IS NOT NULL
            AND s.crop_type IS NOT NULL
            AND NOT EXISTS (
                SELECT 1 
                FROM fertilizer_predictions f
                WHERE f.sensor_data_id = s.id
            )
        , parameters: None
[2025-04-24T07:47:18.870+0000] {sql.py:562} INFO - Rows affected: 1
[2025-04-24T07:47:19.188+0000] {taskinstance.py:309} INFO - Rescheduling task, marking task as UP_FOR_RESCHEDULE
[2025-04-24T07:47:19.189+0000] {taskinstance.py:340} INFO - ::group::Post task execution logs
[2025-04-24T07:47:19.214+0000] {local_task_job_runner.py:266} INFO - Task exited with return code 0
[2025-04-24T07:47:19.259+0000] {taskinstance.py:3895} INFO - 0 downstream tasks scheduled from follow-on schedule check
[2025-04-24T07:47:19.261+0000] {local_task_job_runner.py:245} INFO - ::endgroup::
