[2025-03-16T15:28:30.796+0000] {local_task_job_runner.py:123} INFO - ::group::Pre task execution logs
[2025-03-16T15:28:30.880+0000] {taskinstance.py:2613} INFO - Dependencies all met for dep_context=non-requeueable deps ti=<TaskInstance: skripsi_perbaikan.get_data_from_db scheduled__2025-03-16T15:18:00+00:00 [queued]>
[2025-03-16T15:28:30.961+0000] {taskinstance.py:2613} INFO - Dependencies all met for dep_context=requeueable deps ti=<TaskInstance: skripsi_perbaikan.get_data_from_db scheduled__2025-03-16T15:18:00+00:00 [queued]>
[2025-03-16T15:28:30.967+0000] {taskinstance.py:2866} INFO - Starting attempt 1 of 4
[2025-03-16T15:28:31.114+0000] {taskinstance.py:2889} INFO - Executing <Task(PythonOperator): get_data_from_db> on 2025-03-16 15:18:00+00:00
[2025-03-16T15:28:31.185+0000] {standard_task_runner.py:104} INFO - Running: ['airflow', 'tasks', 'run', 'skripsi_perbaikan', 'get_data_from_db', 'scheduled__2025-03-16T15:18:00+00:00', '--job-id', '605', '--raw', '--subdir', 'DAGS_FOLDER/tugas_akhir.py', '--cfg-path', '/tmp/tmp6avsfb0m']
[2025-03-16T15:28:31.182+0000] {logging_mixin.py:190} WARNING - /home/airflow/.local/lib/python3.12/site-packages/airflow/task/task_runner/standard_task_runner.py:70 DeprecationWarning: This process (pid=77518) is multi-threaded, use of fork() may lead to deadlocks in the child.
[2025-03-16T15:28:31.189+0000] {standard_task_runner.py:72} INFO - Started process 77582 to run task
[2025-03-16T15:28:31.191+0000] {standard_task_runner.py:105} INFO - Job 605: Subtask get_data_from_db
[2025-03-16T15:28:31.550+0000] {task_command.py:467} INFO - Running <TaskInstance: skripsi_perbaikan.get_data_from_db scheduled__2025-03-16T15:18:00+00:00 [running]> on host 438c3ba1e399
[2025-03-16T15:28:32.243+0000] {taskinstance.py:3132} INFO - Exporting env vars: AIRFLOW_CTX_DAG_OWNER='Dion Rikki' AIRFLOW_CTX_DAG_ID='skripsi_perbaikan' AIRFLOW_CTX_TASK_ID='get_data_from_db' AIRFLOW_CTX_EXECUTION_DATE='2025-03-16T15:18:00+00:00' AIRFLOW_CTX_TRY_NUMBER='1' AIRFLOW_CTX_DAG_RUN_ID='scheduled__2025-03-16T15:18:00+00:00'
[2025-03-16T15:28:32.252+0000] {logging_mixin.py:190} INFO - Task instance is in running state
[2025-03-16T15:28:32.255+0000] {logging_mixin.py:190} INFO -  Previous state of the Task instance: queued
[2025-03-16T15:28:32.260+0000] {logging_mixin.py:190} INFO - Current task name:get_data_from_db state:running start_date:2025-03-16 15:28:30.883358+00:00
[2025-03-16T15:28:32.261+0000] {logging_mixin.py:190} INFO - Dag name:skripsi_perbaikan and current dag run status:running
[2025-03-16T15:28:32.262+0000] {taskinstance.py:731} INFO - ::endgroup::
[2025-03-16T15:28:32.298+0000] {logging_mixin.py:190} INFO - 🔍 [1] Mengambil data sensor terbaru yang lengkap dan belum diprediksi...
[2025-03-16T15:28:32.451+0000] {logging_mixin.py:190} INFO - 📊 Data ditemukan: 1 baris
[2025-03-16T15:28:32.546+0000] {python.py:240} INFO - Done. Returned value was: None
[2025-03-16T15:28:32.602+0000] {taskinstance.py:340} INFO - ::group::Post task execution logs
[2025-03-16T15:28:32.610+0000] {taskinstance.py:352} INFO - Marking task as SUCCESS. dag_id=skripsi_perbaikan, task_id=get_data_from_db, run_id=scheduled__2025-03-16T15:18:00+00:00, execution_date=20250316T151800, start_date=20250316T152830, end_date=20250316T152832
[2025-03-16T15:28:32.679+0000] {logging_mixin.py:190} INFO - Task instance in success state
[2025-03-16T15:28:32.690+0000] {logging_mixin.py:190} INFO -  Previous state of the Task instance: running
[2025-03-16T15:28:32.697+0000] {logging_mixin.py:190} INFO - Dag name:skripsi_perbaikan queued_at:2025-03-16 15:20:00.211440+00:00
[2025-03-16T15:28:32.700+0000] {logging_mixin.py:190} INFO - Task hostname:438c3ba1e399 operator:PythonOperator
[2025-03-16T15:28:32.776+0000] {local_task_job_runner.py:266} INFO - Task exited with return code 0
[2025-03-16T15:28:32.949+0000] {taskinstance.py:3895} INFO - 1 downstream tasks scheduled from follow-on schedule check
[2025-03-16T15:28:32.997+0000] {local_task_job_runner.py:245} INFO - ::endgroup::
