[2025-03-10T19:23:18.804+0000] {local_task_job_runner.py:123} INFO - ::group::Pre task execution logs
[2025-03-10T19:23:18.838+0000] {taskinstance.py:2613} INFO - Dependencies all met for dep_context=non-requeueable deps ti=<TaskInstance: skripsi_perbaikan.wait_for_new_data scheduled__2025-03-10T19:18:00+00:00 [queued]>
[2025-03-10T19:23:18.858+0000] {taskinstance.py:2613} INFO - Dependencies all met for dep_context=requeueable deps ti=<TaskInstance: skripsi_perbaikan.wait_for_new_data scheduled__2025-03-10T19:18:00+00:00 [queued]>
[2025-03-10T19:23:18.859+0000] {taskinstance.py:2866} INFO - Starting attempt 4 of 6
[2025-03-10T19:23:18.891+0000] {taskinstance.py:2889} INFO - Executing <Task(SqlSensor): wait_for_new_data> on 2025-03-10 19:18:00+00:00
[2025-03-10T19:23:18.913+0000] {logging_mixin.py:190} WARNING - /home/airflow/.local/lib/python3.12/site-packages/airflow/task/task_runner/standard_task_runner.py:70 DeprecationWarning: This process (pid=97691) is multi-threaded, use of fork() may lead to deadlocks in the child.
[2025-03-10T19:23:18.914+0000] {standard_task_runner.py:104} INFO - Running: ['airflow', 'tasks', 'run', 'skripsi_perbaikan', 'wait_for_new_data', 'scheduled__2025-03-10T19:18:00+00:00', '--job-id', '729', '--raw', '--subdir', 'DAGS_FOLDER/tugas_akhir.py', '--cfg-path', '/tmp/tmpkpt4042m']
[2025-03-10T19:23:18.916+0000] {standard_task_runner.py:72} INFO - Started process 97722 to run task
[2025-03-10T19:23:18.917+0000] {standard_task_runner.py:105} INFO - Job 729: Subtask wait_for_new_data
[2025-03-10T19:23:19.005+0000] {task_command.py:467} INFO - Running <TaskInstance: skripsi_perbaikan.wait_for_new_data scheduled__2025-03-10T19:18:00+00:00 [running]> on host b493651eb2c9
[2025-03-10T19:23:19.146+0000] {taskinstance.py:3132} INFO - Exporting env vars: AIRFLOW_CTX_DAG_OWNER='Dion Rikki' AIRFLOW_CTX_DAG_ID='skripsi_perbaikan' AIRFLOW_CTX_TASK_ID='wait_for_new_data' AIRFLOW_CTX_EXECUTION_DATE='2025-03-10T19:18:00+00:00' AIRFLOW_CTX_TRY_NUMBER='4' AIRFLOW_CTX_DAG_RUN_ID='scheduled__2025-03-10T19:18:00+00:00'
[2025-03-10T19:23:19.149+0000] {logging_mixin.py:190} INFO - Task instance is in running state
[2025-03-10T19:23:19.150+0000] {logging_mixin.py:190} INFO -  Previous state of the Task instance: queued
[2025-03-10T19:23:19.151+0000] {logging_mixin.py:190} INFO - Current task name:wait_for_new_data state:running start_date:2025-03-10 19:23:18.839708+00:00
[2025-03-10T19:23:19.153+0000] {logging_mixin.py:190} INFO - Dag name:skripsi_perbaikan and current dag run status:running
[2025-03-10T19:23:19.154+0000] {taskinstance.py:731} INFO - ::endgroup::
[2025-03-10T19:23:19.184+0000] {base.py:84} INFO - Retrieving connection 'mysql_default'
[2025-03-10T19:23:19.191+0000] {sql.py:101} INFO - Poking: 
            SELECT COUNT(*) 
            FROM tugas_akhir_sensordata s
            WHERE s.timestamp >= NOW() - INTERVAL 5 MINUTE
            AND s.Soil_Type IS NOT NULL
            AND s.Crop_Type IS NOT NULL
            AND NOT EXISTS (
                SELECT 1 
                FROM fertilizer_predictions f
                WHERE f.id = s.id
            )
         (with parameters None)
[2025-03-10T19:23:19.200+0000] {base.py:84} INFO - Retrieving connection 'mysql_default'
[2025-03-10T19:23:19.210+0000] {sql.py:553} INFO - Running statement: 
            SELECT COUNT(*) 
            FROM tugas_akhir_sensordata s
            WHERE s.timestamp >= NOW() - INTERVAL 5 MINUTE
            AND s.Soil_Type IS NOT NULL
            AND s.Crop_Type IS NOT NULL
            AND NOT EXISTS (
                SELECT 1 
                FROM fertilizer_predictions f
                WHERE f.id = s.id
            )
        , parameters: None
[2025-03-10T19:23:19.212+0000] {sql.py:562} INFO - Rows affected: 1
[2025-03-10T19:23:19.354+0000] {taskinstance.py:309} INFO - Rescheduling task, marking task as UP_FOR_RESCHEDULE
[2025-03-10T19:23:19.355+0000] {taskinstance.py:340} INFO - ::group::Post task execution logs
[2025-03-10T19:23:19.394+0000] {local_task_job_runner.py:266} INFO - Task exited with return code 0
[2025-03-10T19:23:19.473+0000] {taskinstance.py:3895} INFO - 0 downstream tasks scheduled from follow-on schedule check
[2025-03-10T19:23:19.478+0000] {local_task_job_runner.py:245} INFO - ::endgroup::
