[2025-04-07T15:04:13.541+0000] {local_task_job_runner.py:123} INFO - ::group::Pre task execution logs
[2025-04-07T15:04:13.813+0000] {taskinstance.py:2613} INFO - Dependencies all met for dep_context=non-requeueable deps ti=<TaskInstance: skripsi_perbaikan.wait_for_new_data scheduled__2025-03-16T13:30:00+00:00 [queued]>
[2025-04-07T15:04:14.139+0000] {taskinstance.py:2613} INFO - Dependencies all met for dep_context=requeueable deps ti=<TaskInstance: skripsi_perbaikan.wait_for_new_data scheduled__2025-03-16T13:30:00+00:00 [queued]>
[2025-04-07T15:04:14.150+0000] {taskinstance.py:2866} INFO - Starting attempt 4 of 7
[2025-04-07T15:04:14.716+0000] {taskinstance.py:2889} INFO - Executing <Task(SqlSensor): wait_for_new_data> on 2025-03-16 13:30:00+00:00
[2025-04-07T15:04:14.930+0000] {standard_task_runner.py:104} INFO - Running: ['airflow', 'tasks', 'run', 'skripsi_perbaikan', 'wait_for_new_data', 'scheduled__2025-03-16T13:30:00+00:00', '--job-id', '2425', '--raw', '--subdir', 'DAGS_FOLDER/tugas_akhir.py', '--cfg-path', '/tmp/tmplmn72x05']
[2025-04-07T15:04:14.946+0000] {standard_task_runner.py:105} INFO - Job 2425: Subtask wait_for_new_data
[2025-04-07T15:04:14.949+0000] {logging_mixin.py:190} WARNING - /home/airflow/.local/lib/python3.12/site-packages/airflow/task/task_runner/standard_task_runner.py:70 DeprecationWarning: This process (pid=2399) is multi-threaded, use of fork() may lead to deadlocks in the child.
[2025-04-07T15:04:14.975+0000] {standard_task_runner.py:72} INFO - Started process 2594 to run task
[2025-04-07T15:04:15.703+0000] {task_command.py:467} INFO - Running <TaskInstance: skripsi_perbaikan.wait_for_new_data scheduled__2025-03-16T13:30:00+00:00 [running]> on host a9576c91091e
[2025-04-07T15:04:18.298+0000] {taskinstance.py:3132} INFO - Exporting env vars: AIRFLOW_CTX_DAG_OWNER='Dion Rikki' AIRFLOW_CTX_DAG_ID='skripsi_perbaikan' AIRFLOW_CTX_TASK_ID='wait_for_new_data' AIRFLOW_CTX_EXECUTION_DATE='2025-03-16T13:30:00+00:00' AIRFLOW_CTX_TRY_NUMBER='4' AIRFLOW_CTX_DAG_RUN_ID='scheduled__2025-03-16T13:30:00+00:00'
[2025-04-07T15:04:18.338+0000] {logging_mixin.py:190} INFO - Task instance is in running state
[2025-04-07T15:04:18.402+0000] {logging_mixin.py:190} INFO -  Previous state of the Task instance: queued
[2025-04-07T15:04:18.432+0000] {logging_mixin.py:190} INFO - Current task name:wait_for_new_data state:running start_date:2025-04-07 15:04:13.822573+00:00
[2025-04-07T15:04:18.446+0000] {logging_mixin.py:190} INFO - Dag name:skripsi_perbaikan and current dag run status:running
[2025-04-07T15:04:18.452+0000] {taskinstance.py:731} INFO - ::endgroup::
[2025-04-07T15:04:19.337+0000] {base.py:84} INFO - Retrieving connection 'mysql_default'
[2025-04-07T15:04:19.385+0000] {sql.py:101} INFO - Poking: 
            SELECT COUNT(*) 
            FROM tugas_akhir_sensordata s
            WHERE s.timestamp >= NOW() - INTERVAL 5 MINUTE
            AND s.soil_type IS NOT NULL
            AND s.crop_type IS NOT NULL
            AND NOT EXISTS (
                SELECT 1 
                FROM fertilizer_predictions f
                WHERE f.sensor_data_id = s.id
            )
         (with parameters None)
[2025-04-07T15:04:19.446+0000] {base.py:84} INFO - Retrieving connection 'mysql_default'
[2025-04-07T15:04:19.587+0000] {sql.py:553} INFO - Running statement: 
            SELECT COUNT(*) 
            FROM tugas_akhir_sensordata s
            WHERE s.timestamp >= NOW() - INTERVAL 5 MINUTE
            AND s.soil_type IS NOT NULL
            AND s.crop_type IS NOT NULL
            AND NOT EXISTS (
                SELECT 1 
                FROM fertilizer_predictions f
                WHERE f.sensor_data_id = s.id
            )
        , parameters: None
[2025-04-07T15:04:19.608+0000] {sql.py:562} INFO - Rows affected: 1
[2025-04-07T15:04:19.642+0000] {base.py:336} INFO - Success criteria met. Exiting.
[2025-04-07T15:04:19.759+0000] {taskinstance.py:340} INFO - ::group::Post task execution logs
[2025-04-07T15:04:19.766+0000] {taskinstance.py:352} INFO - Marking task as SUCCESS. dag_id=skripsi_perbaikan, task_id=wait_for_new_data, run_id=scheduled__2025-03-16T13:30:00+00:00, execution_date=20250316T133000, start_date=20250407T150413, end_date=20250407T150419
[2025-04-07T15:04:22.399+0000] {logging_mixin.py:190} INFO - Task instance in success state
[2025-04-07T15:04:22.423+0000] {logging_mixin.py:190} INFO -  Previous state of the Task instance: running
[2025-04-07T15:04:22.435+0000] {logging_mixin.py:190} INFO - Dag name:skripsi_perbaikan queued_at:2025-04-07 14:47:44.285257+00:00
[2025-04-07T15:04:22.446+0000] {logging_mixin.py:190} INFO - Task hostname:a9576c91091e operator:SqlSensor
[2025-04-07T15:04:22.645+0000] {local_task_job_runner.py:266} INFO - Task exited with return code 0
[2025-04-07T15:04:22.858+0000] {taskinstance.py:3895} INFO - 1 downstream tasks scheduled from follow-on schedule check
[2025-04-07T15:04:22.889+0000] {local_task_job_runner.py:245} INFO - ::endgroup::
