[2025-02-25T21:03:12.932+0000] {local_task_job_runner.py:123} INFO - ::group::Pre task execution logs
[2025-02-25T21:03:12.984+0000] {taskinstance.py:2613} INFO - Dependencies all met for dep_context=non-requeueable deps ti=<TaskInstance: skripsi_akhir_perbaikan.wait_for_new_data scheduled__2025-02-25T21:00:00+00:00 [queued]>
[2025-02-25T21:03:13.014+0000] {taskinstance.py:2613} INFO - Dependencies all met for dep_context=requeueable deps ti=<TaskInstance: skripsi_akhir_perbaikan.wait_for_new_data scheduled__2025-02-25T21:00:00+00:00 [queued]>
[2025-02-25T21:03:13.015+0000] {taskinstance.py:2866} INFO - Starting attempt 2 of 6
[2025-02-25T21:03:13.405+0000] {taskinstance.py:2889} INFO - Executing <Task(SqlSensor): wait_for_new_data> on 2025-02-25 21:00:00+00:00
[2025-02-25T21:03:13.444+0000] {standard_task_runner.py:104} INFO - Running: ['airflow', 'tasks', 'run', 'skripsi_akhir_perbaikan', 'wait_for_new_data', 'scheduled__2025-02-25T21:00:00+00:00', '--job-id', '592', '--raw', '--subdir', 'DAGS_FOLDER/tugas_akhir.py', '--cfg-path', '/tmp/tmpofke0ve0']
[2025-02-25T21:03:13.446+0000] {logging_mixin.py:190} WARNING - /home/airflow/.local/lib/python3.12/site-packages/airflow/task/task_runner/standard_task_runner.py:70 DeprecationWarning: This process (pid=36349) is multi-threaded, use of fork() may lead to deadlocks in the child.
[2025-02-25T21:03:13.450+0000] {standard_task_runner.py:105} INFO - Job 592: Subtask wait_for_new_data
[2025-02-25T21:03:13.452+0000] {standard_task_runner.py:72} INFO - Started process 36373 to run task
[2025-02-25T21:03:13.830+0000] {task_command.py:467} INFO - Running <TaskInstance: skripsi_akhir_perbaikan.wait_for_new_data scheduled__2025-02-25T21:00:00+00:00 [running]> on host d22a487e6b55
[2025-02-25T21:03:14.320+0000] {taskinstance.py:3132} INFO - Exporting env vars: AIRFLOW_CTX_DAG_OWNER='Dion Rikki' AIRFLOW_CTX_DAG_ID='skripsi_akhir_perbaikan' AIRFLOW_CTX_TASK_ID='wait_for_new_data' AIRFLOW_CTX_EXECUTION_DATE='2025-02-25T21:00:00+00:00' AIRFLOW_CTX_TRY_NUMBER='2' AIRFLOW_CTX_DAG_RUN_ID='scheduled__2025-02-25T21:00:00+00:00'
[2025-02-25T21:03:14.329+0000] {logging_mixin.py:190} INFO - Task instance is in running state
[2025-02-25T21:03:14.331+0000] {logging_mixin.py:190} INFO -  Previous state of the Task instance: queued
[2025-02-25T21:03:14.333+0000] {logging_mixin.py:190} INFO - Current task name:wait_for_new_data state:running start_date:2025-02-25 21:03:12.985480+00:00
[2025-02-25T21:03:14.339+0000] {logging_mixin.py:190} INFO - Dag name:skripsi_akhir_perbaikan and current dag run status:running
[2025-02-25T21:03:14.343+0000] {taskinstance.py:731} INFO - ::endgroup::
[2025-02-25T21:03:14.407+0000] {base.py:84} INFO - Retrieving connection 'mysql_default'
[2025-02-25T21:03:14.416+0000] {sql.py:101} INFO - Poking: 
        SELECT COUNT(*) 
        FROM tugas_akhir_sensordata s
        WHERE s.timestamp >= NOW() - INTERVAL 5 MINUTE
        AND NOT EXISTS (
            SELECT 1 
            FROM fertilizer_predictions f
            WHERE CAST(f.id AS SIGNED) = s.id  -- Menggunakan SIGNED di sini
        )
     (with parameters None)
[2025-02-25T21:03:14.455+0000] {base.py:84} INFO - Retrieving connection 'mysql_default'
[2025-02-25T21:03:14.495+0000] {sql.py:553} INFO - Running statement: 
        SELECT COUNT(*) 
        FROM tugas_akhir_sensordata s
        WHERE s.timestamp >= NOW() - INTERVAL 5 MINUTE
        AND NOT EXISTS (
            SELECT 1 
            FROM fertilizer_predictions f
            WHERE CAST(f.id AS SIGNED) = s.id  -- Menggunakan SIGNED di sini
        )
    , parameters: None
[2025-02-25T21:03:14.505+0000] {sql.py:562} INFO - Rows affected: 1
[2025-02-25T21:03:14.510+0000] {base.py:336} INFO - Success criteria met. Exiting.
[2025-02-25T21:03:14.565+0000] {taskinstance.py:340} INFO - ::group::Post task execution logs
[2025-02-25T21:03:14.571+0000] {taskinstance.py:352} INFO - Marking task as SUCCESS. dag_id=skripsi_akhir_perbaikan, task_id=wait_for_new_data, run_id=scheduled__2025-02-25T21:00:00+00:00, execution_date=20250225T210000, start_date=20250225T210312, end_date=20250225T210314
[2025-02-25T21:03:14.781+0000] {logging_mixin.py:190} INFO - Task instance in success state
[2025-02-25T21:03:14.783+0000] {logging_mixin.py:190} INFO -  Previous state of the Task instance: running
[2025-02-25T21:03:14.784+0000] {logging_mixin.py:190} INFO - Dag name:skripsi_akhir_perbaikan queued_at:2025-02-25 21:02:00.429008+00:00
[2025-02-25T21:03:14.785+0000] {logging_mixin.py:190} INFO - Task hostname:d22a487e6b55 operator:SqlSensor
[2025-02-25T21:03:14.815+0000] {local_task_job_runner.py:266} INFO - Task exited with return code 0
[2025-02-25T21:03:14.888+0000] {taskinstance.py:3895} INFO - 1 downstream tasks scheduled from follow-on schedule check
[2025-02-25T21:03:15.218+0000] {local_task_job_runner.py:245} INFO - ::endgroup::
