[2025-04-22T04:06:22.648+0000] {local_task_job_runner.py:123} INFO - ::group::Pre task execution logs
[2025-04-22T04:06:22.749+0000] {taskinstance.py:2613} INFO - Dependencies all met for dep_context=non-requeueable deps ti=<TaskInstance: perbaikan_skripsi.get_data_from_db scheduled__2025-04-22T04:00:00+00:00 [queued]>
[2025-04-22T04:06:22.779+0000] {taskinstance.py:2613} INFO - Dependencies all met for dep_context=requeueable deps ti=<TaskInstance: perbaikan_skripsi.get_data_from_db scheduled__2025-04-22T04:00:00+00:00 [queued]>
[2025-04-22T04:06:22.780+0000] {taskinstance.py:2866} INFO - Starting attempt 1 of 4
[2025-04-22T04:06:22.844+0000] {taskinstance.py:2889} INFO - Executing <Task(PythonOperator): get_data_from_db> on 2025-04-22 04:00:00+00:00
[2025-04-22T04:06:22.890+0000] {standard_task_runner.py:104} INFO - Running: ['airflow', 'tasks', 'run', 'perbaikan_skripsi', 'get_data_from_db', 'scheduled__2025-04-22T04:00:00+00:00', '--job-id', '3154', '--raw', '--subdir', 'DAGS_FOLDER/tugas_akhir.py', '--cfg-path', '/tmp/tmp6dh7rzba']
[2025-04-22T04:06:22.894+0000] {standard_task_runner.py:105} INFO - Job 3154: Subtask get_data_from_db
[2025-04-22T04:06:22.915+0000] {logging_mixin.py:190} WARNING - /home/airflow/.local/lib/python3.12/site-packages/airflow/task/task_runner/standard_task_runner.py:70 DeprecationWarning: This process (pid=4582) is multi-threaded, use of fork() may lead to deadlocks in the child.
[2025-04-22T04:06:22.921+0000] {standard_task_runner.py:72} INFO - Started process 4726 to run task
[2025-04-22T04:06:23.462+0000] {task_command.py:467} INFO - Running <TaskInstance: perbaikan_skripsi.get_data_from_db scheduled__2025-04-22T04:00:00+00:00 [running]> on host d0938d3cd7ee
[2025-04-22T04:06:24.181+0000] {taskinstance.py:3132} INFO - Exporting env vars: AIRFLOW_CTX_DAG_OWNER='Dion Rikki' AIRFLOW_CTX_DAG_ID='perbaikan_skripsi' AIRFLOW_CTX_TASK_ID='get_data_from_db' AIRFLOW_CTX_EXECUTION_DATE='2025-04-22T04:00:00+00:00' AIRFLOW_CTX_TRY_NUMBER='1' AIRFLOW_CTX_DAG_RUN_ID='scheduled__2025-04-22T04:00:00+00:00'
[2025-04-22T04:06:24.192+0000] {logging_mixin.py:190} INFO - Task instance is in running state
[2025-04-22T04:06:24.194+0000] {logging_mixin.py:190} INFO -  Previous state of the Task instance: queued
[2025-04-22T04:06:24.196+0000] {logging_mixin.py:190} INFO - Current task name:get_data_from_db state:running start_date:2025-04-22 04:06:22.750783+00:00
[2025-04-22T04:06:24.201+0000] {logging_mixin.py:190} INFO - Dag name:perbaikan_skripsi and current dag run status:running
[2025-04-22T04:06:24.202+0000] {taskinstance.py:731} INFO - ::endgroup::
[2025-04-22T04:06:24.209+0000] {logging_mixin.py:190} INFO - 🔍 [1] Mengambil data sensor terbaru yang lengkap dan belum diprediksi...
[2025-04-22T04:06:24.298+0000] {logging_mixin.py:190} INFO - 📊 Data ditemukan: 3 baris
[2025-04-22T04:06:24.367+0000] {python.py:240} INFO - Done. Returned value was: None
[2025-04-22T04:06:24.443+0000] {taskinstance.py:340} INFO - ::group::Post task execution logs
[2025-04-22T04:06:24.447+0000] {taskinstance.py:352} INFO - Marking task as SUCCESS. dag_id=perbaikan_skripsi, task_id=get_data_from_db, run_id=scheduled__2025-04-22T04:00:00+00:00, execution_date=20250422T040000, start_date=20250422T040622, end_date=20250422T040624
[2025-04-22T04:06:24.591+0000] {logging_mixin.py:190} INFO - Task instance in success state
[2025-04-22T04:06:24.598+0000] {logging_mixin.py:190} INFO -  Previous state of the Task instance: running
[2025-04-22T04:06:24.600+0000] {logging_mixin.py:190} INFO - Dag name:perbaikan_skripsi queued_at:2025-04-22 04:01:00.492660+00:00
[2025-04-22T04:06:24.604+0000] {logging_mixin.py:190} INFO - Task hostname:d0938d3cd7ee operator:PythonOperator
[2025-04-22T04:06:24.689+0000] {local_task_job_runner.py:266} INFO - Task exited with return code 0
[2025-04-22T04:06:24.893+0000] {taskinstance.py:3895} INFO - 1 downstream tasks scheduled from follow-on schedule check
[2025-04-22T04:06:24.917+0000] {local_task_job_runner.py:245} INFO - ::endgroup::
