[2025-02-28T17:14:03.907+0000] {local_task_job_runner.py:123} INFO - ::group::Pre task execution logs
[2025-02-28T17:14:03.936+0000] {taskinstance.py:2613} INFO - Dependencies all met for dep_context=non-requeueable deps ti=<TaskInstance: skripsi_akhir_perbaikan.wait_for_new_data scheduled__2025-02-28T17:12:00+00:00 [queued]>
[2025-02-28T17:14:03.955+0000] {taskinstance.py:2613} INFO - Dependencies all met for dep_context=requeueable deps ti=<TaskInstance: skripsi_akhir_perbaikan.wait_for_new_data scheduled__2025-02-28T17:12:00+00:00 [queued]>
[2025-02-28T17:14:03.956+0000] {taskinstance.py:2866} INFO - Starting attempt 1 of 6
[2025-02-28T17:14:03.991+0000] {taskinstance.py:2889} INFO - Executing <Task(SqlSensor): wait_for_new_data> on 2025-02-28 17:12:00+00:00
[2025-02-28T17:14:04.011+0000] {logging_mixin.py:190} WARNING - /home/airflow/.local/lib/python3.12/site-packages/airflow/task/task_runner/standard_task_runner.py:70 DeprecationWarning: This process (pid=86004) is multi-threaded, use of fork() may lead to deadlocks in the child.
[2025-02-28T17:14:04.011+0000] {standard_task_runner.py:104} INFO - Running: ['airflow', 'tasks', 'run', 'skripsi_akhir_perbaikan', 'wait_for_new_data', 'scheduled__2025-02-28T17:12:00+00:00', '--job-id', '6365', '--raw', '--subdir', 'DAGS_FOLDER/tugas_akhir.py', '--cfg-path', '/tmp/tmpro6wer0s']
[2025-02-28T17:14:04.013+0000] {standard_task_runner.py:72} INFO - Started process 86048 to run task
[2025-02-28T17:14:04.014+0000] {standard_task_runner.py:105} INFO - Job 6365: Subtask wait_for_new_data
[2025-02-28T17:14:04.098+0000] {task_command.py:467} INFO - Running <TaskInstance: skripsi_akhir_perbaikan.wait_for_new_data scheduled__2025-02-28T17:12:00+00:00 [running]> on host 75f595111fc8
[2025-02-28T17:14:04.574+0000] {taskinstance.py:3132} INFO - Exporting env vars: AIRFLOW_CTX_DAG_OWNER='Dion Rikki' AIRFLOW_CTX_DAG_ID='skripsi_akhir_perbaikan' AIRFLOW_CTX_TASK_ID='wait_for_new_data' AIRFLOW_CTX_EXECUTION_DATE='2025-02-28T17:12:00+00:00' AIRFLOW_CTX_TRY_NUMBER='1' AIRFLOW_CTX_DAG_RUN_ID='scheduled__2025-02-28T17:12:00+00:00'
[2025-02-28T17:14:04.591+0000] {logging_mixin.py:190} INFO - Task instance is in running state
[2025-02-28T17:14:04.596+0000] {logging_mixin.py:190} INFO -  Previous state of the Task instance: queued
[2025-02-28T17:14:04.600+0000] {logging_mixin.py:190} INFO - Current task name:wait_for_new_data state:running start_date:2025-02-28 17:14:03.937563+00:00
[2025-02-28T17:14:04.604+0000] {logging_mixin.py:190} INFO - Dag name:skripsi_akhir_perbaikan and current dag run status:running
[2025-02-28T17:14:04.606+0000] {taskinstance.py:731} INFO - ::endgroup::
[2025-02-28T17:14:04.658+0000] {base.py:84} INFO - Retrieving connection 'mysql_default'
[2025-02-28T17:14:04.672+0000] {sql.py:101} INFO - Poking: 
        SELECT COUNT(*) 
        FROM tugas_akhir_sensordata s
        WHERE s.timestamp >= NOW() - INTERVAL 5 MINUTE
        AND NOT EXISTS (
            SELECT 1 
            FROM fertilizer_predictions f
            WHERE CAST(f.id AS SIGNED) = s.id  -- Menggunakan SIGNED di sini
        )
     (with parameters None)
[2025-02-28T17:14:04.687+0000] {base.py:84} INFO - Retrieving connection 'mysql_default'
[2025-02-28T17:14:04.699+0000] {sql.py:553} INFO - Running statement: 
        SELECT COUNT(*) 
        FROM tugas_akhir_sensordata s
        WHERE s.timestamp >= NOW() - INTERVAL 5 MINUTE
        AND NOT EXISTS (
            SELECT 1 
            FROM fertilizer_predictions f
            WHERE CAST(f.id AS SIGNED) = s.id  -- Menggunakan SIGNED di sini
        )
    , parameters: None
[2025-02-28T17:14:04.702+0000] {sql.py:562} INFO - Rows affected: 1
[2025-02-28T17:14:04.773+0000] {taskinstance.py:309} INFO - Rescheduling task, marking task as UP_FOR_RESCHEDULE
[2025-02-28T17:14:04.776+0000] {taskinstance.py:340} INFO - ::group::Post task execution logs
[2025-02-28T17:14:04.815+0000] {local_task_job_runner.py:266} INFO - Task exited with return code 0
[2025-02-28T17:14:04.902+0000] {taskinstance.py:3895} INFO - 0 downstream tasks scheduled from follow-on schedule check
[2025-02-28T17:14:04.906+0000] {local_task_job_runner.py:245} INFO - ::endgroup::
