[2025-04-07T15:04:11.309+0000] {local_task_job_runner.py:123} INFO - ::group::Pre task execution logs
[2025-04-07T15:04:11.914+0000] {taskinstance.py:2613} INFO - Dependencies all met for dep_context=non-requeueable deps ti=<TaskInstance: skripsi_perbaikan.predict_and_store_result scheduled__2025-03-16T12:46:00+00:00 [queued]>
[2025-04-07T15:04:12.121+0000] {taskinstance.py:2613} INFO - Dependencies all met for dep_context=requeueable deps ti=<TaskInstance: skripsi_perbaikan.predict_and_store_result scheduled__2025-03-16T12:46:00+00:00 [queued]>
[2025-04-07T15:04:12.131+0000] {taskinstance.py:2866} INFO - Starting attempt 2 of 5
[2025-04-07T15:04:14.626+0000] {taskinstance.py:2889} INFO - Executing <Task(PythonOperator): predict_and_store_result> on 2025-03-16 12:46:00+00:00
[2025-04-07T15:04:15.082+0000] {logging_mixin.py:190} WARNING - /home/airflow/.local/lib/python3.12/site-packages/airflow/task/task_runner/standard_task_runner.py:70 DeprecationWarning: This process (pid=2389) is multi-threaded, use of fork() may lead to deadlocks in the child.
[2025-04-07T15:04:15.101+0000] {standard_task_runner.py:72} INFO - Started process 2599 to run task
[2025-04-07T15:04:15.387+0000] {standard_task_runner.py:104} INFO - Running: ['airflow', 'tasks', 'run', 'skripsi_perbaikan', 'predict_and_store_result', 'scheduled__2025-03-16T12:46:00+00:00', '--job-id', '2423', '--raw', '--subdir', 'DAGS_FOLDER/tugas_akhir.py', '--cfg-path', '/tmp/tmpkhjjvv2o']
[2025-04-07T15:04:15.497+0000] {standard_task_runner.py:105} INFO - Job 2423: Subtask predict_and_store_result
[2025-04-07T15:04:16.913+0000] {task_command.py:467} INFO - Running <TaskInstance: skripsi_perbaikan.predict_and_store_result scheduled__2025-03-16T12:46:00+00:00 [running]> on host a9576c91091e
[2025-04-07T15:04:18.678+0000] {taskinstance.py:3132} INFO - Exporting env vars: AIRFLOW_CTX_DAG_OWNER='Dion Rikki' AIRFLOW_CTX_DAG_ID='skripsi_perbaikan' AIRFLOW_CTX_TASK_ID='predict_and_store_result' AIRFLOW_CTX_EXECUTION_DATE='2025-03-16T12:46:00+00:00' AIRFLOW_CTX_TRY_NUMBER='2' AIRFLOW_CTX_DAG_RUN_ID='scheduled__2025-03-16T12:46:00+00:00'
[2025-04-07T15:04:18.781+0000] {logging_mixin.py:190} INFO - Task instance is in running state
[2025-04-07T15:04:18.981+0000] {logging_mixin.py:190} INFO -  Previous state of the Task instance: queued
[2025-04-07T15:04:18.987+0000] {logging_mixin.py:190} INFO - Current task name:predict_and_store_result state:running start_date:2025-04-07 15:04:11.929417+00:00
[2025-04-07T15:04:18.988+0000] {logging_mixin.py:190} INFO - Dag name:skripsi_perbaikan and current dag run status:running
[2025-04-07T15:04:18.991+0000] {taskinstance.py:731} INFO - ::endgroup::
[2025-04-07T15:04:19.005+0000] {logging_mixin.py:190} INFO - 🔍 [2] Memproses data dan melakukan prediksi...
[2025-04-07T15:04:19.752+0000] {logging_mixin.py:190} INFO - ✅ Data siap diproses: 3 baris
    id  Temperature  Humidity  ...  nitrogen phosphorous potassium
0  277         26.2      81.0  ...     112.0       305.0     300.0
1  278         26.2      81.0  ...     112.0       304.0     299.0
2  283         26.2      81.0  ...     112.0       304.0     299.0

[3 rows x 9 columns]
[2025-04-07T15:04:19.763+0000] {logging_mixin.py:190} INFO - 📝 Menyesuaikan nama kolom dengan model training...
[2025-04-07T15:04:19.779+0000] {logging_mixin.py:190} INFO - 🔧 Melakukan encoding kategori Soil_Type dan Crop_Type...
[2025-04-07T15:04:19.805+0000] {logging_mixin.py:190} INFO - 🧠 Menyiapkan fitur untuk prediksi...
[2025-04-07T15:04:19.815+0000] {logging_mixin.py:190} INFO - 🤖 Menjalankan model prediksi...
[2025-04-07T15:04:19.879+0000] {logging_mixin.py:190} INFO - ✅ Prediksi selesai:
    id predicted_fertilizer
0  277                 Urea
1  278                 Urea
2  283                 Urea
[2025-04-07T15:04:19.885+0000] {logging_mixin.py:190} INFO - 💾 Menyimpan hasil ke tabel fertilizer_predictions...
[2025-04-07T15:04:20.472+0000] {logging_mixin.py:190} INFO - ✅ Hasil prediksi berhasil disimpan.
[2025-04-07T15:04:20.483+0000] {python.py:240} INFO - Done. Returned value was: None
[2025-04-07T15:04:20.721+0000] {taskinstance.py:340} INFO - ::group::Post task execution logs
[2025-04-07T15:04:20.736+0000] {taskinstance.py:352} INFO - Marking task as SUCCESS. dag_id=skripsi_perbaikan, task_id=predict_and_store_result, run_id=scheduled__2025-03-16T12:46:00+00:00, execution_date=20250316T124600, start_date=20250407T150411, end_date=20250407T150420
[2025-04-07T15:04:22.169+0000] {logging_mixin.py:190} INFO - Task instance in success state
[2025-04-07T15:04:22.187+0000] {logging_mixin.py:190} INFO -  Previous state of the Task instance: running
[2025-04-07T15:04:22.203+0000] {logging_mixin.py:190} INFO - Dag name:skripsi_perbaikan queued_at:2025-04-07 14:47:44.281011+00:00
[2025-04-07T15:04:22.222+0000] {logging_mixin.py:190} INFO - Task hostname:a9576c91091e operator:PythonOperator
[2025-04-07T15:04:22.556+0000] {local_task_job_runner.py:266} INFO - Task exited with return code 0
[2025-04-07T15:04:22.792+0000] {taskinstance.py:3895} INFO - 0 downstream tasks scheduled from follow-on schedule check
[2025-04-07T15:04:22.814+0000] {local_task_job_runner.py:245} INFO - ::endgroup::
