[2025-03-11T12:21:37.907+0000] {local_task_job_runner.py:123} INFO - ::group::Pre task execution logs
[2025-03-11T12:21:37.942+0000] {taskinstance.py:2613} INFO - Dependencies all met for dep_context=non-requeueable deps ti=<TaskInstance: skripsi_perbaikan.wait_for_new_data scheduled__2025-03-11T12:12:00+00:00 [queued]>
[2025-03-11T12:21:37.967+0000] {taskinstance.py:2613} INFO - Dependencies all met for dep_context=requeueable deps ti=<TaskInstance: skripsi_perbaikan.wait_for_new_data scheduled__2025-03-11T12:12:00+00:00 [queued]>
[2025-03-11T12:21:37.968+0000] {taskinstance.py:2866} INFO - Starting attempt 8 of 4
[2025-03-11T12:21:38.008+0000] {taskinstance.py:2889} INFO - Executing <Task(SqlSensor): wait_for_new_data> on 2025-03-11 12:12:00+00:00
[2025-03-11T12:21:38.025+0000] {logging_mixin.py:190} WARNING - /home/airflow/.local/lib/python3.12/site-packages/airflow/task/task_runner/standard_task_runner.py:70 DeprecationWarning: This process (pid=9091) is multi-threaded, use of fork() may lead to deadlocks in the child.
[2025-03-11T12:21:38.025+0000] {standard_task_runner.py:104} INFO - Running: ['airflow', 'tasks', 'run', 'skripsi_perbaikan', 'wait_for_new_data', 'scheduled__2025-03-11T12:12:00+00:00', '--job-id', '6148', '--raw', '--subdir', 'DAGS_FOLDER/tugas_akhir.py', '--cfg-path', '/tmp/tmpqsrfil1u']
[2025-03-11T12:21:38.027+0000] {standard_task_runner.py:72} INFO - Started process 9114 to run task
[2025-03-11T12:21:38.028+0000] {standard_task_runner.py:105} INFO - Job 6148: Subtask wait_for_new_data
[2025-03-11T12:21:38.133+0000] {task_command.py:467} INFO - Running <TaskInstance: skripsi_perbaikan.wait_for_new_data scheduled__2025-03-11T12:12:00+00:00 [running]> on host b493651eb2c9
[2025-03-11T12:21:38.392+0000] {taskinstance.py:3132} INFO - Exporting env vars: AIRFLOW_CTX_DAG_OWNER='Dion Rikki' AIRFLOW_CTX_DAG_ID='skripsi_perbaikan' AIRFLOW_CTX_TASK_ID='wait_for_new_data' AIRFLOW_CTX_EXECUTION_DATE='2025-03-11T12:12:00+00:00' AIRFLOW_CTX_TRY_NUMBER='8' AIRFLOW_CTX_DAG_RUN_ID='scheduled__2025-03-11T12:12:00+00:00'
[2025-03-11T12:21:38.395+0000] {logging_mixin.py:190} INFO - Task instance is in running state
[2025-03-11T12:21:38.398+0000] {logging_mixin.py:190} INFO -  Previous state of the Task instance: queued
[2025-03-11T12:21:38.400+0000] {logging_mixin.py:190} INFO - Current task name:wait_for_new_data state:running start_date:2025-03-11 12:21:37.943575+00:00
[2025-03-11T12:21:38.403+0000] {logging_mixin.py:190} INFO - Dag name:skripsi_perbaikan and current dag run status:running
[2025-03-11T12:21:38.405+0000] {taskinstance.py:731} INFO - ::endgroup::
[2025-03-11T12:21:38.440+0000] {base.py:84} INFO - Retrieving connection 'mysql_default'
[2025-03-11T12:21:38.449+0000] {sql.py:101} INFO - Poking: 
            SELECT COUNT(*) 
            FROM tugas_akhir_sensordata s
            WHERE s.timestamp >= NOW() - INTERVAL 5 MINUTE
            AND s.soil_type IS NOT NULL
            AND s.crop_type IS NOT NULL
            AND NOT EXISTS (
                SELECT 1 
                FROM fertilizer_predictions f
                WHERE f.sensor_data_id = s.id
            )
         (with parameters None)
[2025-03-11T12:21:38.466+0000] {base.py:84} INFO - Retrieving connection 'mysql_default'
[2025-03-11T12:21:38.477+0000] {sql.py:553} INFO - Running statement: 
            SELECT COUNT(*) 
            FROM tugas_akhir_sensordata s
            WHERE s.timestamp >= NOW() - INTERVAL 5 MINUTE
            AND s.soil_type IS NOT NULL
            AND s.crop_type IS NOT NULL
            AND NOT EXISTS (
                SELECT 1 
                FROM fertilizer_predictions f
                WHERE f.sensor_data_id = s.id
            )
        , parameters: None
[2025-03-11T12:21:38.480+0000] {sql.py:562} INFO - Rows affected: 1
[2025-03-11T12:21:38.537+0000] {taskinstance.py:309} INFO - Rescheduling task, marking task as UP_FOR_RESCHEDULE
[2025-03-11T12:21:38.542+0000] {taskinstance.py:340} INFO - ::group::Post task execution logs
[2025-03-11T12:21:38.586+0000] {local_task_job_runner.py:266} INFO - Task exited with return code 0
[2025-03-11T12:21:38.661+0000] {taskinstance.py:3895} INFO - 0 downstream tasks scheduled from follow-on schedule check
[2025-03-11T12:21:38.666+0000] {local_task_job_runner.py:245} INFO - ::endgroup::
