[2025-03-01T13:58:16.363+0000] {local_task_job_runner.py:123} INFO - ::group::Pre task execution logs
[2025-03-01T13:58:16.415+0000] {taskinstance.py:2613} INFO - Dependencies all met for dep_context=non-requeueable deps ti=<TaskInstance: skripsi_2.predict_and_store_result scheduled__2025-03-01T13:56:00+00:00 [queued]>
[2025-03-01T13:58:16.460+0000] {taskinstance.py:2613} INFO - Dependencies all met for dep_context=requeueable deps ti=<TaskInstance: skripsi_2.predict_and_store_result scheduled__2025-03-01T13:56:00+00:00 [queued]>
[2025-03-01T13:58:16.462+0000] {taskinstance.py:2866} INFO - Starting attempt 1 of 6
[2025-03-01T13:58:16.523+0000] {taskinstance.py:2889} INFO - Executing <Task(PythonOperator): predict_and_store_result> on 2025-03-01 13:56:00+00:00
[2025-03-01T13:58:16.551+0000] {standard_task_runner.py:104} INFO - Running: ['airflow', 'tasks', 'run', 'skripsi_2', 'predict_and_store_result', 'scheduled__2025-03-01T13:56:00+00:00', '--job-id', '12487', '--raw', '--subdir', 'DAGS_FOLDER/tugas_akhir.py', '--cfg-path', '/tmp/tmp9n36dyjf']
[2025-03-01T13:58:16.559+0000] {standard_task_runner.py:105} INFO - Job 12487: Subtask predict_and_store_result
[2025-03-01T13:58:16.557+0000] {logging_mixin.py:190} WARNING - /home/airflow/.local/lib/python3.12/site-packages/airflow/task/task_runner/standard_task_runner.py:70 DeprecationWarning: This process (pid=78136) is multi-threaded, use of fork() may lead to deadlocks in the child.
[2025-03-01T13:58:16.567+0000] {standard_task_runner.py:72} INFO - Started process 78174 to run task
[2025-03-01T13:58:16.711+0000] {task_command.py:467} INFO - Running <TaskInstance: skripsi_2.predict_and_store_result scheduled__2025-03-01T13:56:00+00:00 [running]> on host ef7692401a0a
[2025-03-01T13:58:16.992+0000] {taskinstance.py:3132} INFO - Exporting env vars: AIRFLOW_CTX_DAG_OWNER='Dion Rikki' AIRFLOW_CTX_DAG_ID='skripsi_2' AIRFLOW_CTX_TASK_ID='predict_and_store_result' AIRFLOW_CTX_EXECUTION_DATE='2025-03-01T13:56:00+00:00' AIRFLOW_CTX_TRY_NUMBER='1' AIRFLOW_CTX_DAG_RUN_ID='scheduled__2025-03-01T13:56:00+00:00'
[2025-03-01T13:58:17.002+0000] {logging_mixin.py:190} INFO - Task instance is in running state
[2025-03-01T13:58:17.007+0000] {logging_mixin.py:190} INFO -  Previous state of the Task instance: queued
[2025-03-01T13:58:17.011+0000] {logging_mixin.py:190} INFO - Current task name:predict_and_store_result state:running start_date:2025-03-01 13:58:16.417952+00:00
[2025-03-01T13:58:17.019+0000] {logging_mixin.py:190} INFO - Dag name:skripsi_2 and current dag run status:running
[2025-03-01T13:58:17.028+0000] {taskinstance.py:731} INFO - ::endgroup::
[2025-03-01T13:58:17.037+0000] {logging_mixin.py:190} INFO - 🔍 [1] Mengambil data dari XCom...
[2025-03-01T13:58:17.065+0000] {logging_mixin.py:190} INFO - ✅ [2] Data diterima dari XCom. Jumlah baris: 3
[2025-03-01T13:58:17.067+0000] {logging_mixin.py:190} INFO - 📊 Data contoh:
[{'Temperature': 31.8, 'Humidity': 85.0, 'Moisture': 0}, {'Temperature': 32.8, 'Humidity': 89.0, 'Moisture': 0}, {'Temperature': 30.2, 'Humidity': 66.0, 'Moisture': 0}]
[2025-03-01T13:58:17.080+0000] {logging_mixin.py:190} INFO - 🤖 [3] Melakukan prediksi dengan model KNN...
[2025-03-01T13:58:17.127+0000] {logging_mixin.py:190} INFO - 📌 [4] Hasil prediksi:
   Temperature  Humidity  Moisture Predicted_Fertilizer
0         31.8      85.0         0                  TSP
1         32.8      89.0         0                  TSP
2         30.2      66.0         0             14-35-14
[2025-03-01T13:58:17.129+0000] {logging_mixin.py:190} INFO - 💾 [5] Menyimpan hasil prediksi ke database...
[2025-03-01T13:58:17.171+0000] {logging_mixin.py:190} INFO - ✅ Hasil prediksi berhasil disimpan ke database!
[2025-03-01T13:58:17.172+0000] {python.py:240} INFO - Done. Returned value was: None
[2025-03-01T13:58:17.194+0000] {taskinstance.py:340} INFO - ::group::Post task execution logs
[2025-03-01T13:58:17.195+0000] {taskinstance.py:352} INFO - Marking task as SUCCESS. dag_id=skripsi_2, task_id=predict_and_store_result, run_id=scheduled__2025-03-01T13:56:00+00:00, execution_date=20250301T135600, start_date=20250301T135816, end_date=20250301T135817
[2025-03-01T13:58:17.227+0000] {logging_mixin.py:190} INFO - Task instance in success state
[2025-03-01T13:58:17.228+0000] {logging_mixin.py:190} INFO -  Previous state of the Task instance: running
[2025-03-01T13:58:17.230+0000] {logging_mixin.py:190} INFO - Dag name:skripsi_2 queued_at:2025-03-01 13:58:00.728866+00:00
[2025-03-01T13:58:17.231+0000] {logging_mixin.py:190} INFO - Task hostname:ef7692401a0a operator:PythonOperator
[2025-03-01T13:58:17.291+0000] {local_task_job_runner.py:266} INFO - Task exited with return code 0
[2025-03-01T13:58:17.328+0000] {taskinstance.py:3895} INFO - 0 downstream tasks scheduled from follow-on schedule check
[2025-03-01T13:58:17.332+0000] {local_task_job_runner.py:245} INFO - ::endgroup::
