[2025-04-22T04:06:41.866+0000] {local_task_job_runner.py:123} INFO - ::group::Pre task execution logs
[2025-04-22T04:06:41.996+0000] {taskinstance.py:2613} INFO - Dependencies all met for dep_context=non-requeueable deps ti=<TaskInstance: perbaikan_skripsi.predict_and_store_result scheduled__2025-04-22T03:56:00+00:00 [queued]>
[2025-04-22T04:06:42.050+0000] {taskinstance.py:2613} INFO - Dependencies all met for dep_context=requeueable deps ti=<TaskInstance: perbaikan_skripsi.predict_and_store_result scheduled__2025-04-22T03:56:00+00:00 [queued]>
[2025-04-22T04:06:42.053+0000] {taskinstance.py:2866} INFO - Starting attempt 1 of 4
[2025-04-22T04:06:42.387+0000] {taskinstance.py:2889} INFO - Executing <Task(PythonOperator): predict_and_store_result> on 2025-04-22 03:56:00+00:00
[2025-04-22T04:06:42.463+0000] {standard_task_runner.py:104} INFO - Running: ['airflow', 'tasks', 'run', 'perbaikan_skripsi', 'predict_and_store_result', 'scheduled__2025-04-22T03:56:00+00:00', '--job-id', '3163', '--raw', '--subdir', 'DAGS_FOLDER/tugas_akhir.py', '--cfg-path', '/tmp/tmpzujdqvsb']
[2025-04-22T04:06:42.471+0000] {standard_task_runner.py:105} INFO - Job 3163: Subtask predict_and_store_result
[2025-04-22T04:06:42.473+0000] {logging_mixin.py:190} WARNING - /home/airflow/.local/lib/python3.12/site-packages/airflow/task/task_runner/standard_task_runner.py:70 DeprecationWarning: This process (pid=4788) is multi-threaded, use of fork() may lead to deadlocks in the child.
[2025-04-22T04:06:42.475+0000] {standard_task_runner.py:72} INFO - Started process 4874 to run task
[2025-04-22T04:06:43.097+0000] {task_command.py:467} INFO - Running <TaskInstance: perbaikan_skripsi.predict_and_store_result scheduled__2025-04-22T03:56:00+00:00 [running]> on host d0938d3cd7ee
[2025-04-22T04:06:44.033+0000] {taskinstance.py:3132} INFO - Exporting env vars: AIRFLOW_CTX_DAG_OWNER='Dion Rikki' AIRFLOW_CTX_DAG_ID='perbaikan_skripsi' AIRFLOW_CTX_TASK_ID='predict_and_store_result' AIRFLOW_CTX_EXECUTION_DATE='2025-04-22T03:56:00+00:00' AIRFLOW_CTX_TRY_NUMBER='1' AIRFLOW_CTX_DAG_RUN_ID='scheduled__2025-04-22T03:56:00+00:00'
[2025-04-22T04:06:44.045+0000] {logging_mixin.py:190} INFO - Task instance is in running state
[2025-04-22T04:06:44.046+0000] {logging_mixin.py:190} INFO -  Previous state of the Task instance: queued
[2025-04-22T04:06:44.047+0000] {logging_mixin.py:190} INFO - Current task name:predict_and_store_result state:running start_date:2025-04-22 04:06:42.002893+00:00
[2025-04-22T04:06:44.048+0000] {logging_mixin.py:190} INFO - Dag name:perbaikan_skripsi and current dag run status:running
[2025-04-22T04:06:44.053+0000] {taskinstance.py:731} INFO - ::endgroup::
[2025-04-22T04:06:44.058+0000] {logging_mixin.py:190} INFO - 🔍 [2] Memproses data dan melakukan prediksi...
[2025-04-22T04:06:44.186+0000] {logging_mixin.py:190} INFO - ✅ Data siap diproses: 3 baris
    id  Temperature  Humidity  ...  nitrogen phosphorous potassium
0  111         24.8      88.0  ...       0.0         0.0       0.0
1  113         24.8      88.0  ...       0.0         0.0       0.0
2  114         24.8      88.0  ...       0.0         0.0       0.0

[3 rows x 9 columns]
[2025-04-22T04:06:44.190+0000] {logging_mixin.py:190} INFO - 📝 Menyesuaikan nama kolom dengan model training...
[2025-04-22T04:06:44.196+0000] {logging_mixin.py:190} INFO - 🔧 Melakukan encoding kategori Soil_Type dan Crop_Type...
[2025-04-22T04:06:44.207+0000] {logging_mixin.py:190} INFO - 🧠 Menyiapkan fitur untuk prediksi...
[2025-04-22T04:06:44.224+0000] {logging_mixin.py:190} INFO - 🤖 Menjalankan model prediksi...
[2025-04-22T04:06:44.296+0000] {logging_mixin.py:190} INFO - ✅ Prediksi selesai:
    id predicted_fertilizer
0  111             10-10-10
1  113             10-10-10
2  114             10-10-10
[2025-04-22T04:06:44.300+0000] {logging_mixin.py:190} INFO - 💾 Menyimpan hasil ke tabel fertilizer_predictions...
[2025-04-22T04:06:44.445+0000] {logging_mixin.py:190} INFO - ❌ Error saat menyimpan ke database: (pymysql.err.IntegrityError) (1062, "Duplicate entry '111' for key 'fertilizer_predictions.sensor_data_id'")
[SQL: INSERT INTO fertilizer_predictions (sensor_data_id, predicted_fertilizer, created_at) VALUES (%(sensor_data_id)s, %(predicted_fertilizer)s, %(created_at)s)]
[parameters: ({'sensor_data_id': 111, 'predicted_fertilizer': '10-10-10', 'created_at': datetime.datetime(2025, 4, 22, 4, 6, 44, 309580)}, {'sensor_data_id': 113, 'predicted_fertilizer': '10-10-10', 'created_at': datetime.datetime(2025, 4, 22, 4, 6, 44, 309580)}, {'sensor_data_id': 114, 'predicted_fertilizer': '10-10-10', 'created_at': datetime.datetime(2025, 4, 22, 4, 6, 44, 309580)})]
(Background on this error at: https://sqlalche.me/e/14/gkpj)
[2025-04-22T04:06:44.450+0000] {python.py:240} INFO - Done. Returned value was: None
[2025-04-22T04:06:44.520+0000] {taskinstance.py:340} INFO - ::group::Post task execution logs
[2025-04-22T04:06:44.524+0000] {taskinstance.py:352} INFO - Marking task as SUCCESS. dag_id=perbaikan_skripsi, task_id=predict_and_store_result, run_id=scheduled__2025-04-22T03:56:00+00:00, execution_date=20250422T035600, start_date=20250422T040642, end_date=20250422T040644
[2025-04-22T04:06:44.757+0000] {logging_mixin.py:190} INFO - Task instance in success state
[2025-04-22T04:06:44.761+0000] {logging_mixin.py:190} INFO -  Previous state of the Task instance: running
[2025-04-22T04:06:44.768+0000] {logging_mixin.py:190} INFO - Dag name:perbaikan_skripsi queued_at:2025-04-22 03:57:52.056988+00:00
[2025-04-22T04:06:44.776+0000] {logging_mixin.py:190} INFO - Task hostname:d0938d3cd7ee operator:PythonOperator
[2025-04-22T04:06:44.881+0000] {local_task_job_runner.py:266} INFO - Task exited with return code 0
[2025-04-22T04:06:44.963+0000] {local_task_job_runner.py:245} INFO - ::endgroup::
