[2025-04-07T14:41:49.186+0000] {local_task_job_runner.py:123} INFO - ::group::Pre task execution logs
[2025-04-07T14:41:49.211+0000] {taskinstance.py:2613} INFO - Dependencies all met for dep_context=non-requeueable deps ti=<TaskInstance: skripsi_perbaikan.wait_for_new_data scheduled__2025-04-07T14:30:00+00:00 [queued]>
[2025-04-07T14:41:49.227+0000] {taskinstance.py:2613} INFO - Dependencies all met for dep_context=requeueable deps ti=<TaskInstance: skripsi_perbaikan.wait_for_new_data scheduled__2025-04-07T14:30:00+00:00 [queued]>
[2025-04-07T14:41:49.228+0000] {taskinstance.py:2866} INFO - Starting attempt 10 of 4
[2025-04-07T14:41:49.255+0000] {taskinstance.py:2889} INFO - Executing <Task(SqlSensor): wait_for_new_data> on 2025-04-07 14:30:00+00:00
[2025-04-07T14:41:49.276+0000] {logging_mixin.py:190} WARNING - /home/airflow/.local/lib/python3.12/site-packages/airflow/task/task_runner/standard_task_runner.py:70 DeprecationWarning: This process (pid=48438) is multi-threaded, use of fork() may lead to deadlocks in the child.
[2025-04-07T14:41:49.275+0000] {standard_task_runner.py:104} INFO - Running: ['airflow', 'tasks', 'run', 'skripsi_perbaikan', 'wait_for_new_data', 'scheduled__2025-04-07T14:30:00+00:00', '--job-id', '2298', '--raw', '--subdir', 'DAGS_FOLDER/tugas_akhir.py', '--cfg-path', '/tmp/tmpz1yfbt6g']
[2025-04-07T14:41:49.279+0000] {standard_task_runner.py:105} INFO - Job 2298: Subtask wait_for_new_data
[2025-04-07T14:41:49.278+0000] {standard_task_runner.py:72} INFO - Started process 48452 to run task
[2025-04-07T14:41:49.406+0000] {task_command.py:467} INFO - Running <TaskInstance: skripsi_perbaikan.wait_for_new_data scheduled__2025-04-07T14:30:00+00:00 [running]> on host a9576c91091e
[2025-04-07T14:41:49.650+0000] {taskinstance.py:3132} INFO - Exporting env vars: AIRFLOW_CTX_DAG_OWNER='Dion Rikki' AIRFLOW_CTX_DAG_ID='skripsi_perbaikan' AIRFLOW_CTX_TASK_ID='wait_for_new_data' AIRFLOW_CTX_EXECUTION_DATE='2025-04-07T14:30:00+00:00' AIRFLOW_CTX_TRY_NUMBER='10' AIRFLOW_CTX_DAG_RUN_ID='scheduled__2025-04-07T14:30:00+00:00'
[2025-04-07T14:41:49.655+0000] {logging_mixin.py:190} INFO - Task instance is in running state
[2025-04-07T14:41:49.657+0000] {logging_mixin.py:190} INFO -  Previous state of the Task instance: queued
[2025-04-07T14:41:49.658+0000] {logging_mixin.py:190} INFO - Current task name:wait_for_new_data state:running start_date:2025-04-07 14:41:49.212031+00:00
[2025-04-07T14:41:49.661+0000] {logging_mixin.py:190} INFO - Dag name:skripsi_perbaikan and current dag run status:running
[2025-04-07T14:41:49.665+0000] {taskinstance.py:731} INFO - ::endgroup::
[2025-04-07T14:41:49.718+0000] {base.py:84} INFO - Retrieving connection 'mysql_default'
[2025-04-07T14:41:49.725+0000] {sql.py:101} INFO - Poking: 
            SELECT COUNT(*) 
            FROM tugas_akhir_sensordata s
            WHERE s.timestamp >= NOW() - INTERVAL 5 MINUTE
            AND s.soil_type IS NOT NULL
            AND s.crop_type IS NOT NULL
            AND NOT EXISTS (
                SELECT 1 
                FROM fertilizer_predictions f
                WHERE f.sensor_data_id = s.id
            )
         (with parameters None)
[2025-04-07T14:41:49.741+0000] {base.py:84} INFO - Retrieving connection 'mysql_default'
[2025-04-07T14:41:49.760+0000] {sql.py:553} INFO - Running statement: 
            SELECT COUNT(*) 
            FROM tugas_akhir_sensordata s
            WHERE s.timestamp >= NOW() - INTERVAL 5 MINUTE
            AND s.soil_type IS NOT NULL
            AND s.crop_type IS NOT NULL
            AND NOT EXISTS (
                SELECT 1 
                FROM fertilizer_predictions f
                WHERE f.sensor_data_id = s.id
            )
        , parameters: None
[2025-04-07T14:41:49.766+0000] {sql.py:562} INFO - Rows affected: 1
[2025-04-07T14:41:49.970+0000] {taskinstance.py:309} INFO - Rescheduling task, marking task as UP_FOR_RESCHEDULE
[2025-04-07T14:41:49.971+0000] {taskinstance.py:340} INFO - ::group::Post task execution logs
[2025-04-07T14:41:50.008+0000] {local_task_job_runner.py:266} INFO - Task exited with return code 0
[2025-04-07T14:41:50.058+0000] {taskinstance.py:3895} INFO - 0 downstream tasks scheduled from follow-on schedule check
[2025-04-07T14:41:50.061+0000] {local_task_job_runner.py:245} INFO - ::endgroup::
