[2025-03-16T14:14:46.733+0000] {local_task_job_runner.py:123} INFO - ::group::Pre task execution logs
[2025-03-16T14:14:46.792+0000] {taskinstance.py:2613} INFO - Dependencies all met for dep_context=non-requeueable deps ti=<TaskInstance: skripsi_perbaikan.predict_and_store_result scheduled__2025-03-16T14:08:00+00:00 [queued]>
[2025-03-16T14:14:46.827+0000] {taskinstance.py:2613} INFO - Dependencies all met for dep_context=requeueable deps ti=<TaskInstance: skripsi_perbaikan.predict_and_store_result scheduled__2025-03-16T14:08:00+00:00 [queued]>
[2025-03-16T14:14:46.831+0000] {taskinstance.py:2866} INFO - Starting attempt 1 of 4
[2025-03-16T14:14:46.910+0000] {taskinstance.py:2889} INFO - Executing <Task(PythonOperator): predict_and_store_result> on 2025-03-16 14:08:00+00:00
[2025-03-16T14:14:46.942+0000] {logging_mixin.py:190} WARNING - /home/airflow/.local/lib/python3.12/site-packages/airflow/task/task_runner/standard_task_runner.py:70 DeprecationWarning: This process (pid=35157) is multi-threaded, use of fork() may lead to deadlocks in the child.
[2025-03-16T14:14:46.946+0000] {standard_task_runner.py:72} INFO - Started process 35223 to run task
[2025-03-16T14:14:46.954+0000] {standard_task_runner.py:104} INFO - Running: ['airflow', 'tasks', 'run', 'skripsi_perbaikan', 'predict_and_store_result', 'scheduled__2025-03-16T14:08:00+00:00', '--job-id', '304', '--raw', '--subdir', 'DAGS_FOLDER/tugas_akhir.py', '--cfg-path', '/tmp/tmp1sdswidp']
[2025-03-16T14:14:46.959+0000] {standard_task_runner.py:105} INFO - Job 304: Subtask predict_and_store_result
[2025-03-16T14:14:47.126+0000] {task_command.py:467} INFO - Running <TaskInstance: skripsi_perbaikan.predict_and_store_result scheduled__2025-03-16T14:08:00+00:00 [running]> on host 438c3ba1e399
[2025-03-16T14:14:47.392+0000] {taskinstance.py:3132} INFO - Exporting env vars: AIRFLOW_CTX_DAG_OWNER='Dion Rikki' AIRFLOW_CTX_DAG_ID='skripsi_perbaikan' AIRFLOW_CTX_TASK_ID='predict_and_store_result' AIRFLOW_CTX_EXECUTION_DATE='2025-03-16T14:08:00+00:00' AIRFLOW_CTX_TRY_NUMBER='1' AIRFLOW_CTX_DAG_RUN_ID='scheduled__2025-03-16T14:08:00+00:00'
[2025-03-16T14:14:47.403+0000] {logging_mixin.py:190} INFO - Task instance is in running state
[2025-03-16T14:14:47.407+0000] {logging_mixin.py:190} INFO -  Previous state of the Task instance: queued
[2025-03-16T14:14:47.411+0000] {logging_mixin.py:190} INFO - Current task name:predict_and_store_result state:running start_date:2025-03-16 14:14:46.794034+00:00
[2025-03-16T14:14:47.423+0000] {logging_mixin.py:190} INFO - Dag name:skripsi_perbaikan and current dag run status:running
[2025-03-16T14:14:47.424+0000] {taskinstance.py:731} INFO - ::endgroup::
[2025-03-16T14:14:47.429+0000] {logging_mixin.py:190} INFO - 🔍 [2] Memproses data dan melakukan prediksi...
[2025-03-16T14:14:47.553+0000] {logging_mixin.py:190} INFO - ✅ Data siap diproses: 1 baris
   id  Temperature  Humidity  ...  nitrogen phosphorous potassium
0  43         24.8      87.0  ...       0.0         0.0       0.0

[1 rows x 9 columns]
[2025-03-16T14:14:47.556+0000] {logging_mixin.py:190} INFO - 📝 Menyesuaikan nama kolom dengan model training...
[2025-03-16T14:14:47.562+0000] {logging_mixin.py:190} INFO - 🔧 Melakukan encoding kategori Soil_Type dan Crop_Type...
[2025-03-16T14:14:47.572+0000] {logging_mixin.py:190} INFO - 🧠 Menyiapkan fitur untuk prediksi...
[2025-03-16T14:14:47.577+0000] {logging_mixin.py:190} INFO - 🤖 Menjalankan model prediksi...
[2025-03-16T14:14:47.628+0000] {logging_mixin.py:190} INFO - ✅ Prediksi selesai:
   id predicted_fertilizer
0  43                20-20
[2025-03-16T14:14:47.630+0000] {logging_mixin.py:190} INFO - 💾 Menyimpan hasil ke tabel fertilizer_predictions...
[2025-03-16T14:14:47.690+0000] {logging_mixin.py:190} INFO - ✅ Hasil prediksi berhasil disimpan.
[2025-03-16T14:14:47.692+0000] {python.py:240} INFO - Done. Returned value was: None
[2025-03-16T14:14:47.713+0000] {taskinstance.py:340} INFO - ::group::Post task execution logs
[2025-03-16T14:14:47.716+0000] {taskinstance.py:352} INFO - Marking task as SUCCESS. dag_id=skripsi_perbaikan, task_id=predict_and_store_result, run_id=scheduled__2025-03-16T14:08:00+00:00, execution_date=20250316T140800, start_date=20250316T141446, end_date=20250316T141447
[2025-03-16T14:14:47.772+0000] {logging_mixin.py:190} INFO - Task instance in success state
[2025-03-16T14:14:47.777+0000] {logging_mixin.py:190} INFO -  Previous state of the Task instance: running
[2025-03-16T14:14:47.782+0000] {logging_mixin.py:190} INFO - Dag name:skripsi_perbaikan queued_at:2025-03-16 14:10:00.825277+00:00
[2025-03-16T14:14:47.783+0000] {logging_mixin.py:190} INFO - Task hostname:438c3ba1e399 operator:PythonOperator
[2025-03-16T14:14:47.874+0000] {local_task_job_runner.py:266} INFO - Task exited with return code 0
[2025-03-16T14:14:47.932+0000] {taskinstance.py:3895} INFO - 0 downstream tasks scheduled from follow-on schedule check
[2025-03-16T14:14:47.937+0000] {local_task_job_runner.py:245} INFO - ::endgroup::
