[2025-02-25T15:31:53.616+0000] {local_task_job_runner.py:123} INFO - ::group::Pre task execution logs
[2025-02-25T15:31:53.663+0000] {taskinstance.py:2613} INFO - Dependencies all met for dep_context=non-requeueable deps ti=<TaskInstance: triggered_by_new_data.wait_for_new_data manual__2025-02-25T15:06:08.912180+00:00 [queued]>
[2025-02-25T15:31:53.694+0000] {taskinstance.py:2613} INFO - Dependencies all met for dep_context=requeueable deps ti=<TaskInstance: triggered_by_new_data.wait_for_new_data manual__2025-02-25T15:06:08.912180+00:00 [queued]>
[2025-02-25T15:31:53.695+0000] {taskinstance.py:2866} INFO - Starting attempt 6 of 6
[2025-02-25T15:31:53.742+0000] {taskinstance.py:2889} INFO - Executing <Task(SqlSensor): wait_for_new_data> on 2025-02-25 15:06:08.912180+00:00
[2025-02-25T15:31:53.769+0000] {logging_mixin.py:190} WARNING - /home/airflow/.local/lib/python3.12/site-packages/airflow/task/task_runner/standard_task_runner.py:70 DeprecationWarning: This process (pid=53661) is multi-threaded, use of fork() may lead to deadlocks in the child.
[2025-02-25T15:31:53.769+0000] {standard_task_runner.py:104} INFO - Running: ['airflow', 'tasks', 'run', 'triggered_by_new_data', 'wait_for_new_data', 'manual__2025-02-25T15:06:08.912180+00:00', '--job-id', '57', '--raw', '--subdir', 'DAGS_FOLDER/tugas_akhir.py', '--cfg-path', '/tmp/tmp926_trgx']
[2025-02-25T15:31:53.772+0000] {standard_task_runner.py:72} INFO - Started process 53749 to run task
[2025-02-25T15:31:53.775+0000] {standard_task_runner.py:105} INFO - Job 57: Subtask wait_for_new_data
[2025-02-25T15:31:53.898+0000] {task_command.py:467} INFO - Running <TaskInstance: triggered_by_new_data.wait_for_new_data manual__2025-02-25T15:06:08.912180+00:00 [running]> on host 15e5b1e5ccc7
[2025-02-25T15:31:54.107+0000] {taskinstance.py:3132} INFO - Exporting env vars: AIRFLOW_CTX_DAG_OWNER='Dion Rikki' AIRFLOW_CTX_DAG_ID='triggered_by_new_data' AIRFLOW_CTX_TASK_ID='wait_for_new_data' AIRFLOW_CTX_EXECUTION_DATE='2025-02-25T15:06:08.912180+00:00' AIRFLOW_CTX_TRY_NUMBER='6' AIRFLOW_CTX_DAG_RUN_ID='manual__2025-02-25T15:06:08.912180+00:00'
[2025-02-25T15:31:54.117+0000] {logging_mixin.py:190} INFO - Task instance is in running state
[2025-02-25T15:31:54.119+0000] {logging_mixin.py:190} INFO -  Previous state of the Task instance: queued
[2025-02-25T15:31:54.124+0000] {logging_mixin.py:190} INFO - Current task name:wait_for_new_data state:running start_date:2025-02-25 15:31:53.664322+00:00
[2025-02-25T15:31:54.127+0000] {logging_mixin.py:190} INFO - Dag name:triggered_by_new_data and current dag run status:running
[2025-02-25T15:31:54.130+0000] {taskinstance.py:731} INFO - ::endgroup::
[2025-02-25T15:31:54.165+0000] {base.py:84} INFO - Retrieving connection 'mysql_default'
[2025-02-25T15:31:54.175+0000] {sql.py:101} INFO - Poking: SELECT COUNT(*) FROM tugas_akhir_sensordata WHERE timestamp >= NOW() - INTERVAL 5 MINUTE (with parameters None)
[2025-02-25T15:31:54.201+0000] {base.py:84} INFO - Retrieving connection 'mysql_default'
[2025-02-25T15:31:54.216+0000] {sql.py:553} INFO - Running statement: SELECT COUNT(*) FROM tugas_akhir_sensordata WHERE timestamp >= NOW() - INTERVAL 5 MINUTE, parameters: None
[2025-02-25T15:31:54.219+0000] {sql.py:562} INFO - Rows affected: 1
[2025-02-25T15:32:54.233+0000] {base.py:84} INFO - Retrieving connection 'mysql_default'
[2025-02-25T15:32:54.234+0000] {sql.py:101} INFO - Poking: SELECT COUNT(*) FROM tugas_akhir_sensordata WHERE timestamp >= NOW() - INTERVAL 5 MINUTE (with parameters None)
[2025-02-25T15:32:54.244+0000] {base.py:84} INFO - Retrieving connection 'mysql_default'
[2025-02-25T15:32:54.248+0000] {sql.py:553} INFO - Running statement: SELECT COUNT(*) FROM tugas_akhir_sensordata WHERE timestamp >= NOW() - INTERVAL 5 MINUTE, parameters: None
[2025-02-25T15:32:54.250+0000] {sql.py:562} INFO - Rows affected: 1
[2025-02-25T15:33:54.271+0000] {base.py:84} INFO - Retrieving connection 'mysql_default'
[2025-02-25T15:33:54.275+0000] {sql.py:101} INFO - Poking: SELECT COUNT(*) FROM tugas_akhir_sensordata WHERE timestamp >= NOW() - INTERVAL 5 MINUTE (with parameters None)
[2025-02-25T15:33:54.300+0000] {base.py:84} INFO - Retrieving connection 'mysql_default'
[2025-02-25T15:33:54.316+0000] {sql.py:553} INFO - Running statement: SELECT COUNT(*) FROM tugas_akhir_sensordata WHERE timestamp >= NOW() - INTERVAL 5 MINUTE, parameters: None
[2025-02-25T15:33:54.321+0000] {sql.py:562} INFO - Rows affected: 1
[2025-02-25T15:34:54.341+0000] {base.py:84} INFO - Retrieving connection 'mysql_default'
[2025-02-25T15:34:54.344+0000] {sql.py:101} INFO - Poking: SELECT COUNT(*) FROM tugas_akhir_sensordata WHERE timestamp >= NOW() - INTERVAL 5 MINUTE (with parameters None)
[2025-02-25T15:34:54.373+0000] {base.py:84} INFO - Retrieving connection 'mysql_default'
[2025-02-25T15:34:54.391+0000] {sql.py:553} INFO - Running statement: SELECT COUNT(*) FROM tugas_akhir_sensordata WHERE timestamp >= NOW() - INTERVAL 5 MINUTE, parameters: None
[2025-02-25T15:34:54.394+0000] {sql.py:562} INFO - Rows affected: 1
[2025-02-25T15:35:54.417+0000] {base.py:84} INFO - Retrieving connection 'mysql_default'
[2025-02-25T15:35:54.422+0000] {sql.py:101} INFO - Poking: SELECT COUNT(*) FROM tugas_akhir_sensordata WHERE timestamp >= NOW() - INTERVAL 5 MINUTE (with parameters None)
[2025-02-25T15:35:54.454+0000] {base.py:84} INFO - Retrieving connection 'mysql_default'
[2025-02-25T15:35:54.471+0000] {sql.py:553} INFO - Running statement: SELECT COUNT(*) FROM tugas_akhir_sensordata WHERE timestamp >= NOW() - INTERVAL 5 MINUTE, parameters: None
[2025-02-25T15:35:54.475+0000] {sql.py:562} INFO - Rows affected: 1
[2025-02-25T15:35:54.486+0000] {base.py:336} INFO - Success criteria met. Exiting.
[2025-02-25T15:35:54.536+0000] {taskinstance.py:340} INFO - ::group::Post task execution logs
[2025-02-25T15:35:54.541+0000] {taskinstance.py:352} INFO - Marking task as SUCCESS. dag_id=triggered_by_new_data, task_id=wait_for_new_data, run_id=manual__2025-02-25T15:06:08.912180+00:00, execution_date=20250225T150608, start_date=20250225T153153, end_date=20250225T153554
[2025-02-25T15:35:54.766+0000] {logging_mixin.py:190} INFO - Task instance in success state
[2025-02-25T15:35:54.770+0000] {logging_mixin.py:190} INFO -  Previous state of the Task instance: running
[2025-02-25T15:35:54.775+0000] {logging_mixin.py:190} INFO - Dag name:triggered_by_new_data queued_at:2025-02-25 15:06:08.942264+00:00
[2025-02-25T15:35:54.779+0000] {logging_mixin.py:190} INFO - Task hostname:15e5b1e5ccc7 operator:SqlSensor
[2025-02-25T15:35:54.855+0000] {local_task_job_runner.py:266} INFO - Task exited with return code 0
[2025-02-25T15:35:54.903+0000] {local_task_job_runner.py:245} INFO - ::endgroup::
