[2025-04-21T04:51:30.094+0000] {local_task_job_runner.py:123} INFO - ::group::Pre task execution logs
[2025-04-21T04:51:30.143+0000] {taskinstance.py:2613} INFO - Dependencies all met for dep_context=non-requeueable deps ti=<TaskInstance: perbaikan_skripsi.wait_for_new_data scheduled__2025-04-21T04:46:00+00:00 [queued]>
[2025-04-21T04:51:30.179+0000] {taskinstance.py:2613} INFO - Dependencies all met for dep_context=requeueable deps ti=<TaskInstance: perbaikan_skripsi.wait_for_new_data scheduled__2025-04-21T04:46:00+00:00 [queued]>
[2025-04-21T04:51:30.180+0000] {taskinstance.py:2866} INFO - Starting attempt 4 of 4
[2025-04-21T04:51:30.219+0000] {taskinstance.py:2889} INFO - Executing <Task(SqlSensor): wait_for_new_data> on 2025-04-21 04:46:00+00:00
[2025-04-21T04:51:30.249+0000] {logging_mixin.py:190} WARNING - /home/airflow/.local/lib/python3.12/site-packages/airflow/task/task_runner/standard_task_runner.py:70 DeprecationWarning: This process (pid=25644) is multi-threaded, use of fork() may lead to deadlocks in the child.
[2025-04-21T04:51:30.247+0000] {standard_task_runner.py:104} INFO - Running: ['airflow', 'tasks', 'run', 'perbaikan_skripsi', 'wait_for_new_data', 'scheduled__2025-04-21T04:46:00+00:00', '--job-id', '8932', '--raw', '--subdir', 'DAGS_FOLDER/tugas_akhir.py', '--cfg-path', '/tmp/tmpzg9wxvjx']
[2025-04-21T04:51:30.251+0000] {standard_task_runner.py:72} INFO - Started process 25676 to run task
[2025-04-21T04:51:30.252+0000] {standard_task_runner.py:105} INFO - Job 8932: Subtask wait_for_new_data
[2025-04-21T04:51:30.356+0000] {task_command.py:467} INFO - Running <TaskInstance: perbaikan_skripsi.wait_for_new_data scheduled__2025-04-21T04:46:00+00:00 [running]> on host a9576c91091e
[2025-04-21T04:51:30.646+0000] {taskinstance.py:3132} INFO - Exporting env vars: AIRFLOW_CTX_DAG_OWNER='Dion Rikki' AIRFLOW_CTX_DAG_ID='perbaikan_skripsi' AIRFLOW_CTX_TASK_ID='wait_for_new_data' AIRFLOW_CTX_EXECUTION_DATE='2025-04-21T04:46:00+00:00' AIRFLOW_CTX_TRY_NUMBER='4' AIRFLOW_CTX_DAG_RUN_ID='scheduled__2025-04-21T04:46:00+00:00'
[2025-04-21T04:51:30.651+0000] {logging_mixin.py:190} INFO - Task instance is in running state
[2025-04-21T04:51:30.652+0000] {logging_mixin.py:190} INFO -  Previous state of the Task instance: queued
[2025-04-21T04:51:30.654+0000] {logging_mixin.py:190} INFO - Current task name:wait_for_new_data state:running start_date:2025-04-21 04:51:30.146826+00:00
[2025-04-21T04:51:30.658+0000] {logging_mixin.py:190} INFO - Dag name:perbaikan_skripsi and current dag run status:running
[2025-04-21T04:51:30.663+0000] {taskinstance.py:731} INFO - ::endgroup::
[2025-04-21T04:51:30.697+0000] {base.py:84} INFO - Retrieving connection 'mysql_default'
[2025-04-21T04:51:30.703+0000] {sql.py:101} INFO - Poking: 
            SELECT COUNT(*) 
            FROM tugas_akhir_sensordata s
            WHERE s.timestamp >= NOW() - INTERVAL 3 MINUTE
            AND s.soil_type IS NOT NULL
            AND s.crop_type IS NOT NULL
            AND NOT EXISTS (
                SELECT 1 
                FROM fertilizer_predictions f
                WHERE f.sensor_data_id = s.id
            )
         (with parameters None)
[2025-04-21T04:51:30.714+0000] {base.py:84} INFO - Retrieving connection 'mysql_default'
[2025-04-21T04:51:30.724+0000] {sql.py:553} INFO - Running statement: 
            SELECT COUNT(*) 
            FROM tugas_akhir_sensordata s
            WHERE s.timestamp >= NOW() - INTERVAL 3 MINUTE
            AND s.soil_type IS NOT NULL
            AND s.crop_type IS NOT NULL
            AND NOT EXISTS (
                SELECT 1 
                FROM fertilizer_predictions f
                WHERE f.sensor_data_id = s.id
            )
        , parameters: None
[2025-04-21T04:51:30.727+0000] {sql.py:562} INFO - Rows affected: 1
[2025-04-21T04:51:30.772+0000] {taskinstance.py:309} INFO - Rescheduling task, marking task as UP_FOR_RESCHEDULE
[2025-04-21T04:51:30.773+0000] {taskinstance.py:340} INFO - ::group::Post task execution logs
[2025-04-21T04:51:30.807+0000] {local_task_job_runner.py:266} INFO - Task exited with return code 0
[2025-04-21T04:51:30.872+0000] {taskinstance.py:3895} INFO - 0 downstream tasks scheduled from follow-on schedule check
[2025-04-21T04:51:30.876+0000] {local_task_job_runner.py:245} INFO - ::endgroup::
