[2025-03-01T03:29:09.264+0000] {local_task_job_runner.py:123} INFO - ::group::Pre task execution logs
[2025-03-01T03:29:09.344+0000] {taskinstance.py:2613} INFO - Dependencies all met for dep_context=non-requeueable deps ti=<TaskInstance: skripsi_akhir_perbaikan.wait_for_new_data scheduled__2025-03-01T03:26:00+00:00 [queued]>
[2025-03-01T03:29:09.409+0000] {taskinstance.py:2613} INFO - Dependencies all met for dep_context=requeueable deps ti=<TaskInstance: skripsi_akhir_perbaikan.wait_for_new_data scheduled__2025-03-01T03:26:00+00:00 [queued]>
[2025-03-01T03:29:09.410+0000] {taskinstance.py:2866} INFO - Starting attempt 2 of 6
[2025-03-01T03:29:09.679+0000] {taskinstance.py:2889} INFO - Executing <Task(SqlSensor): wait_for_new_data> on 2025-03-01 03:26:00+00:00
[2025-03-01T03:29:09.699+0000] {standard_task_runner.py:104} INFO - Running: ['airflow', 'tasks', 'run', 'skripsi_akhir_perbaikan', 'wait_for_new_data', 'scheduled__2025-03-01T03:26:00+00:00', '--job-id', '9748', '--raw', '--subdir', 'DAGS_FOLDER/tugas_akhir.py', '--cfg-path', '/tmp/tmpkuk9rpzk']
[2025-03-01T03:29:09.701+0000] {logging_mixin.py:190} WARNING - /home/airflow/.local/lib/python3.12/site-packages/airflow/task/task_runner/standard_task_runner.py:70 DeprecationWarning: This process (pid=56445) is multi-threaded, use of fork() may lead to deadlocks in the child.
[2025-03-01T03:29:09.702+0000] {standard_task_runner.py:105} INFO - Job 9748: Subtask wait_for_new_data
[2025-03-01T03:29:09.704+0000] {standard_task_runner.py:72} INFO - Started process 56475 to run task
[2025-03-01T03:29:10.037+0000] {task_command.py:467} INFO - Running <TaskInstance: skripsi_akhir_perbaikan.wait_for_new_data scheduled__2025-03-01T03:26:00+00:00 [running]> on host 75f595111fc8
[2025-03-01T03:29:10.491+0000] {taskinstance.py:3132} INFO - Exporting env vars: AIRFLOW_CTX_DAG_OWNER='Dion Rikki' AIRFLOW_CTX_DAG_ID='skripsi_akhir_perbaikan' AIRFLOW_CTX_TASK_ID='wait_for_new_data' AIRFLOW_CTX_EXECUTION_DATE='2025-03-01T03:26:00+00:00' AIRFLOW_CTX_TRY_NUMBER='2' AIRFLOW_CTX_DAG_RUN_ID='scheduled__2025-03-01T03:26:00+00:00'
[2025-03-01T03:29:10.494+0000] {logging_mixin.py:190} INFO - Task instance is in running state
[2025-03-01T03:29:10.495+0000] {logging_mixin.py:190} INFO -  Previous state of the Task instance: queued
[2025-03-01T03:29:10.497+0000] {logging_mixin.py:190} INFO - Current task name:wait_for_new_data state:running start_date:2025-03-01 03:29:09.350403+00:00
[2025-03-01T03:29:10.498+0000] {logging_mixin.py:190} INFO - Dag name:skripsi_akhir_perbaikan and current dag run status:running
[2025-03-01T03:29:10.500+0000] {taskinstance.py:731} INFO - ::endgroup::
[2025-03-01T03:29:10.528+0000] {base.py:84} INFO - Retrieving connection 'mysql_default'
[2025-03-01T03:29:10.534+0000] {sql.py:101} INFO - Poking: 
        SELECT COUNT(*) 
        FROM tugas_akhir_sensordata s
        WHERE s.timestamp >= NOW() - INTERVAL 5 MINUTE
        AND NOT EXISTS (
            SELECT 1 
            FROM fertilizer_predictions f
            WHERE CAST(f.id AS SIGNED) = s.id  -- Menggunakan SIGNED di sini
        )
     (with parameters None)
[2025-03-01T03:29:10.543+0000] {base.py:84} INFO - Retrieving connection 'mysql_default'
[2025-03-01T03:29:10.551+0000] {sql.py:553} INFO - Running statement: 
        SELECT COUNT(*) 
        FROM tugas_akhir_sensordata s
        WHERE s.timestamp >= NOW() - INTERVAL 5 MINUTE
        AND NOT EXISTS (
            SELECT 1 
            FROM fertilizer_predictions f
            WHERE CAST(f.id AS SIGNED) = s.id  -- Menggunakan SIGNED di sini
        )
    , parameters: None
[2025-03-01T03:29:10.553+0000] {sql.py:562} INFO - Rows affected: 1
[2025-03-01T03:29:10.870+0000] {taskinstance.py:309} INFO - Rescheduling task, marking task as UP_FOR_RESCHEDULE
[2025-03-01T03:29:10.873+0000] {taskinstance.py:340} INFO - ::group::Post task execution logs
[2025-03-01T03:29:10.918+0000] {local_task_job_runner.py:266} INFO - Task exited with return code 0
[2025-03-01T03:29:10.981+0000] {taskinstance.py:3895} INFO - 0 downstream tasks scheduled from follow-on schedule check
[2025-03-01T03:29:10.984+0000] {local_task_job_runner.py:245} INFO - ::endgroup::
