[2025-02-25T12:53:52.985+0000] {local_task_job_runner.py:123} INFO - ::group::Pre task execution logs
[2025-02-25T12:53:53.040+0000] {taskinstance.py:2613} INFO - Dependencies all met for dep_context=non-requeueable deps ti=<TaskInstance: percobaan_akhir.predict_and_store_result manual__2025-02-25T12:53:39.151209+00:00 [queued]>
[2025-02-25T12:53:53.080+0000] {taskinstance.py:2613} INFO - Dependencies all met for dep_context=requeueable deps ti=<TaskInstance: percobaan_akhir.predict_and_store_result manual__2025-02-25T12:53:39.151209+00:00 [queued]>
[2025-02-25T12:53:53.082+0000] {taskinstance.py:2866} INFO - Starting attempt 1 of 6
[2025-02-25T12:53:53.130+0000] {taskinstance.py:2889} INFO - Executing <Task(PythonOperator): predict_and_store_result> on 2025-02-25 12:53:39.151209+00:00
[2025-02-25T12:53:53.155+0000] {standard_task_runner.py:104} INFO - Running: ['airflow', 'tasks', 'run', 'percobaan_akhir', 'predict_and_store_result', 'manual__2025-02-25T12:53:39.151209+00:00', '--job-id', '24', '--raw', '--subdir', 'DAGS_FOLDER/tugas_akhir.py', '--cfg-path', '/tmp/tmpxyo2vour']
[2025-02-25T12:53:53.159+0000] {standard_task_runner.py:105} INFO - Job 24: Subtask predict_and_store_result
[2025-02-25T12:53:53.167+0000] {logging_mixin.py:190} WARNING - /home/airflow/.local/lib/python3.12/site-packages/airflow/task/task_runner/standard_task_runner.py:70 DeprecationWarning: This process (pid=64200) is multi-threaded, use of fork() may lead to deadlocks in the child.
[2025-02-25T12:53:53.171+0000] {standard_task_runner.py:72} INFO - Started process 64261 to run task
[2025-02-25T12:53:53.268+0000] {task_command.py:467} INFO - Running <TaskInstance: percobaan_akhir.predict_and_store_result manual__2025-02-25T12:53:39.151209+00:00 [running]> on host 15e5b1e5ccc7
[2025-02-25T12:53:53.485+0000] {taskinstance.py:3132} INFO - Exporting env vars: AIRFLOW_CTX_DAG_OWNER='Dion Rikki' AIRFLOW_CTX_DAG_ID='percobaan_akhir' AIRFLOW_CTX_TASK_ID='predict_and_store_result' AIRFLOW_CTX_EXECUTION_DATE='2025-02-25T12:53:39.151209+00:00' AIRFLOW_CTX_TRY_NUMBER='1' AIRFLOW_CTX_DAG_RUN_ID='manual__2025-02-25T12:53:39.151209+00:00'
[2025-02-25T12:53:53.488+0000] {logging_mixin.py:190} INFO - Task instance is in running state
[2025-02-25T12:53:53.490+0000] {logging_mixin.py:190} INFO -  Previous state of the Task instance: queued
[2025-02-25T12:53:53.491+0000] {logging_mixin.py:190} INFO - Current task name:predict_and_store_result state:running start_date:2025-02-25 12:53:53.041610+00:00
[2025-02-25T12:53:53.492+0000] {logging_mixin.py:190} INFO - Dag name:percobaan_akhir and current dag run status:running
[2025-02-25T12:53:53.494+0000] {taskinstance.py:731} INFO - ::endgroup::
[2025-02-25T12:53:53.497+0000] {logging_mixin.py:190} INFO - 🔍 [1] Mengambil data dari XCom...
[2025-02-25T12:53:53.513+0000] {logging_mixin.py:190} INFO - ✅ [2] Data diterima dari XCom. Jumlah baris: 7
[2025-02-25T12:53:53.515+0000] {logging_mixin.py:190} INFO - 📊 Data contoh:
[{'Humidity': 86.0, 'Moisture': 25.8}, {'Humidity': 86.0, 'Moisture': 25.8}, {'Humidity': 94.0, 'Moisture': 26.2}, {'Humidity': 88.0, 'Moisture': 26.2}, {'Humidity': 86.0, 'Moisture': 26.1}]
[2025-02-25T12:53:53.524+0000] {logging_mixin.py:190} INFO - 🤖 [3] Melakukan prediksi dengan model RandomForest...
[2025-02-25T12:53:53.532+0000] {logging_mixin.py:190} INFO - ❌ ERROR saat prediksi: The feature names should match those that were passed during fit.
Feature names unseen at fit time:
- Humidity
Feature names seen at fit time, yet now missing:
- Humidity
[2025-02-25T12:53:53.533+0000] {python.py:240} INFO - Done. Returned value was: None
[2025-02-25T12:53:53.547+0000] {taskinstance.py:340} INFO - ::group::Post task execution logs
[2025-02-25T12:53:53.550+0000] {taskinstance.py:352} INFO - Marking task as SUCCESS. dag_id=percobaan_akhir, task_id=predict_and_store_result, run_id=manual__2025-02-25T12:53:39.151209+00:00, execution_date=20250225T125339, start_date=20250225T125353, end_date=20250225T125353
[2025-02-25T12:53:53.588+0000] {logging_mixin.py:190} INFO - Task instance in success state
[2025-02-25T12:53:53.589+0000] {logging_mixin.py:190} INFO -  Previous state of the Task instance: running
[2025-02-25T12:53:53.591+0000] {logging_mixin.py:190} INFO - Dag name:percobaan_akhir queued_at:2025-02-25 12:53:39.214098+00:00
[2025-02-25T12:53:53.592+0000] {logging_mixin.py:190} INFO - Task hostname:15e5b1e5ccc7 operator:PythonOperator
[2025-02-25T12:53:53.652+0000] {local_task_job_runner.py:266} INFO - Task exited with return code 0
[2025-02-25T12:53:53.718+0000] {taskinstance.py:3895} INFO - 0 downstream tasks scheduled from follow-on schedule check
[2025-02-25T12:53:53.725+0000] {local_task_job_runner.py:245} INFO - ::endgroup::
