[2025-03-16T13:31:27.566+0000] {local_task_job_runner.py:123} INFO - ::group::Pre task execution logs
[2025-03-16T13:31:27.754+0000] {taskinstance.py:2613} INFO - Dependencies all met for dep_context=non-requeueable deps ti=<TaskInstance: skripsi_perbaikan.get_data_from_db scheduled__2025-03-16T13:28:00+00:00 [queued]>
[2025-03-16T13:31:27.810+0000] {taskinstance.py:2613} INFO - Dependencies all met for dep_context=requeueable deps ti=<TaskInstance: skripsi_perbaikan.get_data_from_db scheduled__2025-03-16T13:28:00+00:00 [queued]>
[2025-03-16T13:31:27.813+0000] {taskinstance.py:2866} INFO - Starting attempt 1 of 4
[2025-03-16T13:31:27.897+0000] {taskinstance.py:2889} INFO - Executing <Task(PythonOperator): get_data_from_db> on 2025-03-16 13:28:00+00:00
[2025-03-16T13:31:27.946+0000] {logging_mixin.py:190} WARNING - /home/airflow/.local/lib/python3.12/site-packages/airflow/task/task_runner/standard_task_runner.py:70 DeprecationWarning: This process (pid=10167) is multi-threaded, use of fork() may lead to deadlocks in the child.
[2025-03-16T13:31:27.950+0000] {standard_task_runner.py:104} INFO - Running: ['airflow', 'tasks', 'run', 'skripsi_perbaikan', 'get_data_from_db', 'scheduled__2025-03-16T13:28:00+00:00', '--job-id', '154', '--raw', '--subdir', 'DAGS_FOLDER/tugas_akhir.py', '--cfg-path', '/tmp/tmpq_uzrnbx']
[2025-03-16T13:31:27.959+0000] {standard_task_runner.py:105} INFO - Job 154: Subtask get_data_from_db
[2025-03-16T13:31:27.956+0000] {standard_task_runner.py:72} INFO - Started process 10276 to run task
[2025-03-16T13:31:28.143+0000] {task_command.py:467} INFO - Running <TaskInstance: skripsi_perbaikan.get_data_from_db scheduled__2025-03-16T13:28:00+00:00 [running]> on host 438c3ba1e399
[2025-03-16T13:31:28.945+0000] {taskinstance.py:3132} INFO - Exporting env vars: AIRFLOW_CTX_DAG_OWNER='Dion Rikki' AIRFLOW_CTX_DAG_ID='skripsi_perbaikan' AIRFLOW_CTX_TASK_ID='get_data_from_db' AIRFLOW_CTX_EXECUTION_DATE='2025-03-16T13:28:00+00:00' AIRFLOW_CTX_TRY_NUMBER='1' AIRFLOW_CTX_DAG_RUN_ID='scheduled__2025-03-16T13:28:00+00:00'
[2025-03-16T13:31:28.954+0000] {logging_mixin.py:190} INFO - Task instance is in running state
[2025-03-16T13:31:28.958+0000] {logging_mixin.py:190} INFO -  Previous state of the Task instance: queued
[2025-03-16T13:31:28.963+0000] {logging_mixin.py:190} INFO - Current task name:get_data_from_db state:running start_date:2025-03-16 13:31:27.759494+00:00
[2025-03-16T13:31:28.969+0000] {logging_mixin.py:190} INFO - Dag name:skripsi_perbaikan and current dag run status:running
[2025-03-16T13:31:28.973+0000] {taskinstance.py:731} INFO - ::endgroup::
[2025-03-16T13:31:28.989+0000] {logging_mixin.py:190} INFO - 🔍 [1] Mengambil data sensor terbaru yang lengkap dan belum diprediksi...
[2025-03-16T13:31:29.123+0000] {logging_mixin.py:190} INFO - 📊 Data ditemukan: 2 baris
[2025-03-16T13:31:29.237+0000] {python.py:240} INFO - Done. Returned value was: None
[2025-03-16T13:31:29.307+0000] {taskinstance.py:340} INFO - ::group::Post task execution logs
[2025-03-16T13:31:29.323+0000] {taskinstance.py:352} INFO - Marking task as SUCCESS. dag_id=skripsi_perbaikan, task_id=get_data_from_db, run_id=scheduled__2025-03-16T13:28:00+00:00, execution_date=20250316T132800, start_date=20250316T133127, end_date=20250316T133129
[2025-03-16T13:31:29.733+0000] {logging_mixin.py:190} INFO - Task instance in success state
[2025-03-16T13:31:29.738+0000] {logging_mixin.py:190} INFO -  Previous state of the Task instance: running
[2025-03-16T13:31:29.747+0000] {logging_mixin.py:190} INFO - Dag name:skripsi_perbaikan queued_at:2025-03-16 13:30:01.104756+00:00
[2025-03-16T13:31:29.753+0000] {logging_mixin.py:190} INFO - Task hostname:438c3ba1e399 operator:PythonOperator
[2025-03-16T13:31:29.875+0000] {local_task_job_runner.py:266} INFO - Task exited with return code 0
[2025-03-16T13:31:30.061+0000] {taskinstance.py:3895} INFO - 1 downstream tasks scheduled from follow-on schedule check
[2025-03-16T13:31:30.094+0000] {local_task_job_runner.py:245} INFO - ::endgroup::
