[2025-04-22T04:27:17.068+0000] {local_task_job_runner.py:123} INFO - ::group::Pre task execution logs
[2025-04-22T04:27:17.103+0000] {taskinstance.py:2613} INFO - Dependencies all met for dep_context=non-requeueable deps ti=<TaskInstance: perbaikan_skripsi.predict_and_store_result scheduled__2025-04-22T04:17:00+00:00 [queued]>
[2025-04-22T04:27:17.133+0000] {taskinstance.py:2613} INFO - Dependencies all met for dep_context=requeueable deps ti=<TaskInstance: perbaikan_skripsi.predict_and_store_result scheduled__2025-04-22T04:17:00+00:00 [queued]>
[2025-04-22T04:27:17.140+0000] {taskinstance.py:2866} INFO - Starting attempt 1 of 4
[2025-04-22T04:27:17.194+0000] {taskinstance.py:2889} INFO - Executing <Task(PythonOperator): predict_and_store_result> on 2025-04-22 04:17:00+00:00
[2025-04-22T04:27:17.223+0000] {standard_task_runner.py:104} INFO - Running: ['airflow', 'tasks', 'run', 'perbaikan_skripsi', 'predict_and_store_result', 'scheduled__2025-04-22T04:17:00+00:00', '--job-id', '3335', '--raw', '--subdir', 'DAGS_FOLDER/tugas_akhir.py', '--cfg-path', '/tmp/tmpgx74e6uc']
[2025-04-22T04:27:17.225+0000] {standard_task_runner.py:105} INFO - Job 3335: Subtask predict_and_store_result
[2025-04-22T04:27:17.224+0000] {logging_mixin.py:190} WARNING - /home/airflow/.local/lib/python3.12/site-packages/airflow/task/task_runner/standard_task_runner.py:70 DeprecationWarning: This process (pid=17352) is multi-threaded, use of fork() may lead to deadlocks in the child.
[2025-04-22T04:27:17.229+0000] {standard_task_runner.py:72} INFO - Started process 17406 to run task
[2025-04-22T04:27:17.332+0000] {task_command.py:467} INFO - Running <TaskInstance: perbaikan_skripsi.predict_and_store_result scheduled__2025-04-22T04:17:00+00:00 [running]> on host d0938d3cd7ee
[2025-04-22T04:27:17.510+0000] {taskinstance.py:3132} INFO - Exporting env vars: AIRFLOW_CTX_DAG_OWNER='Dion Rikki' AIRFLOW_CTX_DAG_ID='perbaikan_skripsi' AIRFLOW_CTX_TASK_ID='predict_and_store_result' AIRFLOW_CTX_EXECUTION_DATE='2025-04-22T04:17:00+00:00' AIRFLOW_CTX_TRY_NUMBER='1' AIRFLOW_CTX_DAG_RUN_ID='scheduled__2025-04-22T04:17:00+00:00'
[2025-04-22T04:27:17.513+0000] {logging_mixin.py:190} INFO - Task instance is in running state
[2025-04-22T04:27:17.514+0000] {logging_mixin.py:190} INFO -  Previous state of the Task instance: queued
[2025-04-22T04:27:17.515+0000] {logging_mixin.py:190} INFO - Current task name:predict_and_store_result state:running start_date:2025-04-22 04:27:17.107267+00:00
[2025-04-22T04:27:17.518+0000] {logging_mixin.py:190} INFO - Dag name:perbaikan_skripsi and current dag run status:running
[2025-04-22T04:27:17.519+0000] {taskinstance.py:731} INFO - ::endgroup::
[2025-04-22T04:27:17.521+0000] {logging_mixin.py:190} INFO - 🔍 [2] Memproses data dan melakukan prediksi...
[2025-04-22T04:27:17.571+0000] {logging_mixin.py:190} INFO - ✅ Data siap diproses: 1 baris
    id  Temperature  Humidity  ...  nitrogen phosphorous potassium
0  127         25.3      86.0  ...       0.0         0.0       0.0

[1 rows x 9 columns]
[2025-04-22T04:27:17.572+0000] {logging_mixin.py:190} INFO - 📝 Menyesuaikan nama kolom dengan model training...
[2025-04-22T04:27:17.574+0000] {logging_mixin.py:190} INFO - 🔧 Melakukan encoding kategori Soil_Type dan Crop_Type...
[2025-04-22T04:27:17.579+0000] {logging_mixin.py:190} INFO - 🧠 Menyiapkan fitur untuk prediksi...
[2025-04-22T04:27:17.582+0000] {logging_mixin.py:190} INFO - 🤖 Menjalankan model prediksi...
[2025-04-22T04:27:17.606+0000] {logging_mixin.py:190} INFO - ✅ Prediksi selesai:
    id predicted_fertilizer
0  127             10-10-10
[2025-04-22T04:27:17.607+0000] {logging_mixin.py:190} INFO - 💾 Menyimpan hasil ke tabel fertilizer_predictions...
[2025-04-22T04:27:17.642+0000] {logging_mixin.py:190} INFO - ✅ Hasil prediksi berhasil disimpan.
[2025-04-22T04:27:17.644+0000] {python.py:240} INFO - Done. Returned value was: None
[2025-04-22T04:27:17.660+0000] {taskinstance.py:340} INFO - ::group::Post task execution logs
[2025-04-22T04:27:17.661+0000] {taskinstance.py:352} INFO - Marking task as SUCCESS. dag_id=perbaikan_skripsi, task_id=predict_and_store_result, run_id=scheduled__2025-04-22T04:17:00+00:00, execution_date=20250422T041700, start_date=20250422T042717, end_date=20250422T042717
[2025-04-22T04:27:17.684+0000] {logging_mixin.py:190} INFO - Task instance in success state
[2025-04-22T04:27:17.685+0000] {logging_mixin.py:190} INFO -  Previous state of the Task instance: running
[2025-04-22T04:27:17.686+0000] {logging_mixin.py:190} INFO - Dag name:perbaikan_skripsi queued_at:2025-04-22 04:18:01.400481+00:00
[2025-04-22T04:27:17.687+0000] {logging_mixin.py:190} INFO - Task hostname:d0938d3cd7ee operator:PythonOperator
[2025-04-22T04:27:17.742+0000] {local_task_job_runner.py:266} INFO - Task exited with return code 0
[2025-04-22T04:27:17.772+0000] {taskinstance.py:3895} INFO - 0 downstream tasks scheduled from follow-on schedule check
[2025-04-22T04:27:17.774+0000] {local_task_job_runner.py:245} INFO - ::endgroup::
