[2025-04-22T06:21:19.854+0000] {local_task_job_runner.py:123} INFO - ::group::Pre task execution logs
[2025-04-22T06:21:19.967+0000] {taskinstance.py:2613} INFO - Dependencies all met for dep_context=non-requeueable deps ti=<TaskInstance: perbaikan_skripsi.wait_for_new_data scheduled__2025-04-22T06:18:00+00:00 [queued]>
[2025-04-22T06:21:20.005+0000] {taskinstance.py:2613} INFO - Dependencies all met for dep_context=requeueable deps ti=<TaskInstance: perbaikan_skripsi.wait_for_new_data scheduled__2025-04-22T06:18:00+00:00 [queued]>
[2025-04-22T06:21:20.009+0000] {taskinstance.py:2866} INFO - Starting attempt 3 of 4
[2025-04-22T06:21:20.149+0000] {taskinstance.py:2889} INFO - Executing <Task(SqlSensor): wait_for_new_data> on 2025-04-22 06:18:00+00:00
[2025-04-22T06:21:20.211+0000] {logging_mixin.py:190} WARNING - /home/airflow/.local/lib/python3.12/site-packages/airflow/task/task_runner/standard_task_runner.py:70 DeprecationWarning: This process (pid=40894) is multi-threaded, use of fork() may lead to deadlocks in the child.
[2025-04-22T06:21:20.223+0000] {standard_task_runner.py:72} INFO - Started process 40960 to run task
[2025-04-22T06:21:20.215+0000] {standard_task_runner.py:104} INFO - Running: ['airflow', 'tasks', 'run', 'perbaikan_skripsi', 'wait_for_new_data', 'scheduled__2025-04-22T06:18:00+00:00', '--job-id', '4176', '--raw', '--subdir', 'DAGS_FOLDER/tugas_akhir.py', '--cfg-path', '/tmp/tmp8b1eb7t6']
[2025-04-22T06:21:20.243+0000] {standard_task_runner.py:105} INFO - Job 4176: Subtask wait_for_new_data
[2025-04-22T06:21:20.511+0000] {task_command.py:467} INFO - Running <TaskInstance: perbaikan_skripsi.wait_for_new_data scheduled__2025-04-22T06:18:00+00:00 [running]> on host a38b69ba8f8a
[2025-04-22T06:21:21.202+0000] {taskinstance.py:3132} INFO - Exporting env vars: AIRFLOW_CTX_DAG_OWNER='Dion Rikki' AIRFLOW_CTX_DAG_ID='perbaikan_skripsi' AIRFLOW_CTX_TASK_ID='wait_for_new_data' AIRFLOW_CTX_EXECUTION_DATE='2025-04-22T06:18:00+00:00' AIRFLOW_CTX_TRY_NUMBER='3' AIRFLOW_CTX_DAG_RUN_ID='scheduled__2025-04-22T06:18:00+00:00'
[2025-04-22T06:21:21.210+0000] {logging_mixin.py:190} INFO - Task instance is in running state
[2025-04-22T06:21:21.212+0000] {logging_mixin.py:190} INFO -  Previous state of the Task instance: queued
[2025-04-22T06:21:21.221+0000] {logging_mixin.py:190} INFO - Current task name:wait_for_new_data state:running start_date:2025-04-22 06:21:19.968331+00:00
[2025-04-22T06:21:21.222+0000] {logging_mixin.py:190} INFO - Dag name:perbaikan_skripsi and current dag run status:running
[2025-04-22T06:21:21.223+0000] {taskinstance.py:731} INFO - ::endgroup::
[2025-04-22T06:21:21.280+0000] {base.py:84} INFO - Retrieving connection 'mysql_default'
[2025-04-22T06:21:21.291+0000] {sql.py:101} INFO - Poking: 
            SELECT COUNT(*) 
            FROM tugas_akhir_sensordata s
            WHERE s.timestamp >= NOW() - INTERVAL 3 MINUTE
            AND s.soil_type IS NOT NULL
            AND s.crop_type IS NOT NULL
            AND NOT EXISTS (
                SELECT 1 
                FROM fertilizer_predictions f
                WHERE f.sensor_data_id = s.id
            )
         (with parameters None)
[2025-04-22T06:21:21.310+0000] {base.py:84} INFO - Retrieving connection 'mysql_default'
[2025-04-22T06:21:21.328+0000] {sql.py:553} INFO - Running statement: 
            SELECT COUNT(*) 
            FROM tugas_akhir_sensordata s
            WHERE s.timestamp >= NOW() - INTERVAL 3 MINUTE
            AND s.soil_type IS NOT NULL
            AND s.crop_type IS NOT NULL
            AND NOT EXISTS (
                SELECT 1 
                FROM fertilizer_predictions f
                WHERE f.sensor_data_id = s.id
            )
        , parameters: None
[2025-04-22T06:21:21.332+0000] {sql.py:562} INFO - Rows affected: 1
[2025-04-22T06:21:21.334+0000] {base.py:336} INFO - Success criteria met. Exiting.
[2025-04-22T06:21:21.369+0000] {taskinstance.py:340} INFO - ::group::Post task execution logs
[2025-04-22T06:21:21.370+0000] {taskinstance.py:352} INFO - Marking task as SUCCESS. dag_id=perbaikan_skripsi, task_id=wait_for_new_data, run_id=scheduled__2025-04-22T06:18:00+00:00, execution_date=20250422T061800, start_date=20250422T062119, end_date=20250422T062121
[2025-04-22T06:21:21.442+0000] {logging_mixin.py:190} INFO - Task instance in success state
[2025-04-22T06:21:21.445+0000] {logging_mixin.py:190} INFO -  Previous state of the Task instance: running
[2025-04-22T06:21:21.446+0000] {logging_mixin.py:190} INFO - Dag name:perbaikan_skripsi queued_at:2025-04-22 06:19:00.900416+00:00
[2025-04-22T06:21:21.450+0000] {logging_mixin.py:190} INFO - Task hostname:a38b69ba8f8a operator:SqlSensor
[2025-04-22T06:21:21.506+0000] {local_task_job_runner.py:266} INFO - Task exited with return code 0
[2025-04-22T06:21:21.549+0000] {local_task_job_runner.py:245} INFO - ::endgroup::
