[2025-04-07T16:59:34.277+0000] {local_task_job_runner.py:123} INFO - ::group::Pre task execution logs
[2025-04-07T16:59:34.349+0000] {taskinstance.py:2613} INFO - Dependencies all met for dep_context=non-requeueable deps ti=<TaskInstance: perbaikan_skripsi.get_data_from_db scheduled__2025-04-07T16:56:00+00:00 [queued]>
[2025-04-07T16:59:34.396+0000] {taskinstance.py:2613} INFO - Dependencies all met for dep_context=requeueable deps ti=<TaskInstance: perbaikan_skripsi.get_data_from_db scheduled__2025-04-07T16:56:00+00:00 [queued]>
[2025-04-07T16:59:34.397+0000] {taskinstance.py:2866} INFO - Starting attempt 1 of 4
[2025-04-07T16:59:34.470+0000] {taskinstance.py:2889} INFO - Executing <Task(PythonOperator): get_data_from_db> on 2025-04-07 16:56:00+00:00
[2025-04-07T16:59:34.507+0000] {logging_mixin.py:190} WARNING - /home/airflow/.local/lib/python3.12/site-packages/airflow/task/task_runner/standard_task_runner.py:70 DeprecationWarning: This process (pid=66977) is multi-threaded, use of fork() may lead to deadlocks in the child.
[2025-04-07T16:59:34.508+0000] {standard_task_runner.py:104} INFO - Running: ['airflow', 'tasks', 'run', 'perbaikan_skripsi', 'get_data_from_db', 'scheduled__2025-04-07T16:56:00+00:00', '--job-id', '3083', '--raw', '--subdir', 'DAGS_FOLDER/tugas_akhir.py', '--cfg-path', '/tmp/tmp29t6kes6']
[2025-04-07T16:59:34.511+0000] {standard_task_runner.py:72} INFO - Started process 67041 to run task
[2025-04-07T16:59:34.512+0000] {standard_task_runner.py:105} INFO - Job 3083: Subtask get_data_from_db
[2025-04-07T16:59:34.729+0000] {task_command.py:467} INFO - Running <TaskInstance: perbaikan_skripsi.get_data_from_db scheduled__2025-04-07T16:56:00+00:00 [running]> on host a9576c91091e
[2025-04-07T16:59:35.205+0000] {taskinstance.py:3132} INFO - Exporting env vars: AIRFLOW_CTX_DAG_OWNER='Dion Rikki' AIRFLOW_CTX_DAG_ID='perbaikan_skripsi' AIRFLOW_CTX_TASK_ID='get_data_from_db' AIRFLOW_CTX_EXECUTION_DATE='2025-04-07T16:56:00+00:00' AIRFLOW_CTX_TRY_NUMBER='1' AIRFLOW_CTX_DAG_RUN_ID='scheduled__2025-04-07T16:56:00+00:00'
[2025-04-07T16:59:35.213+0000] {logging_mixin.py:190} INFO - Task instance is in running state
[2025-04-07T16:59:35.216+0000] {logging_mixin.py:190} INFO -  Previous state of the Task instance: queued
[2025-04-07T16:59:35.217+0000] {logging_mixin.py:190} INFO - Current task name:get_data_from_db state:running start_date:2025-04-07 16:59:34.350183+00:00
[2025-04-07T16:59:35.218+0000] {logging_mixin.py:190} INFO - Dag name:perbaikan_skripsi and current dag run status:running
[2025-04-07T16:59:35.224+0000] {taskinstance.py:731} INFO - ::endgroup::
[2025-04-07T16:59:35.231+0000] {logging_mixin.py:190} INFO - 🔍 [1] Mengambil data sensor terbaru yang lengkap dan belum diprediksi...
[2025-04-07T16:59:35.315+0000] {logging_mixin.py:190} INFO - 📊 Data ditemukan: 1 baris
[2025-04-07T16:59:35.411+0000] {python.py:240} INFO - Done. Returned value was: None
[2025-04-07T16:59:35.470+0000] {taskinstance.py:340} INFO - ::group::Post task execution logs
[2025-04-07T16:59:35.473+0000] {taskinstance.py:352} INFO - Marking task as SUCCESS. dag_id=perbaikan_skripsi, task_id=get_data_from_db, run_id=scheduled__2025-04-07T16:56:00+00:00, execution_date=20250407T165600, start_date=20250407T165934, end_date=20250407T165935
[2025-04-07T16:59:35.562+0000] {logging_mixin.py:190} INFO - Task instance in success state
[2025-04-07T16:59:35.571+0000] {logging_mixin.py:190} INFO -  Previous state of the Task instance: running
[2025-04-07T16:59:35.587+0000] {logging_mixin.py:190} INFO - Dag name:perbaikan_skripsi queued_at:2025-04-07 16:58:00.250685+00:00
[2025-04-07T16:59:35.590+0000] {logging_mixin.py:190} INFO - Task hostname:a9576c91091e operator:PythonOperator
[2025-04-07T16:59:35.664+0000] {local_task_job_runner.py:266} INFO - Task exited with return code 0
[2025-04-07T16:59:35.799+0000] {taskinstance.py:3895} INFO - 1 downstream tasks scheduled from follow-on schedule check
[2025-04-07T16:59:35.829+0000] {local_task_job_runner.py:245} INFO - ::endgroup::
