[2025-02-28T21:27:45.578+0000] {local_task_job_runner.py:123} INFO - ::group::Pre task execution logs
[2025-02-28T21:27:45.623+0000] {taskinstance.py:2613} INFO - Dependencies all met for dep_context=non-requeueable deps ti=<TaskInstance: skripsi_akhir_perbaikan.wait_for_new_data scheduled__2025-02-28T21:16:00+00:00 [queued]>
[2025-02-28T21:27:45.651+0000] {taskinstance.py:2613} INFO - Dependencies all met for dep_context=requeueable deps ti=<TaskInstance: skripsi_akhir_perbaikan.wait_for_new_data scheduled__2025-02-28T21:16:00+00:00 [queued]>
[2025-02-28T21:27:45.653+0000] {taskinstance.py:2866} INFO - Starting attempt 10 of 6
[2025-02-28T21:27:45.701+0000] {taskinstance.py:2889} INFO - Executing <Task(SqlSensor): wait_for_new_data> on 2025-02-28 21:16:00+00:00
[2025-02-28T21:27:45.730+0000] {standard_task_runner.py:104} INFO - Running: ['airflow', 'tasks', 'run', 'skripsi_akhir_perbaikan', 'wait_for_new_data', 'scheduled__2025-02-28T21:16:00+00:00', '--job-id', '7761', '--raw', '--subdir', 'DAGS_FOLDER/tugas_akhir.py', '--cfg-path', '/tmp/tmpxtilok8l']
[2025-02-28T21:27:45.734+0000] {standard_task_runner.py:105} INFO - Job 7761: Subtask wait_for_new_data
[2025-02-28T21:27:45.736+0000] {logging_mixin.py:190} WARNING - /home/airflow/.local/lib/python3.12/site-packages/airflow/task/task_runner/standard_task_runner.py:70 DeprecationWarning: This process (pid=38932) is multi-threaded, use of fork() may lead to deadlocks in the child.
[2025-02-28T21:27:45.740+0000] {standard_task_runner.py:72} INFO - Started process 38986 to run task
[2025-02-28T21:27:45.854+0000] {task_command.py:467} INFO - Running <TaskInstance: skripsi_akhir_perbaikan.wait_for_new_data scheduled__2025-02-28T21:16:00+00:00 [running]> on host 75f595111fc8
[2025-02-28T21:27:46.045+0000] {taskinstance.py:3132} INFO - Exporting env vars: AIRFLOW_CTX_DAG_OWNER='Dion Rikki' AIRFLOW_CTX_DAG_ID='skripsi_akhir_perbaikan' AIRFLOW_CTX_TASK_ID='wait_for_new_data' AIRFLOW_CTX_EXECUTION_DATE='2025-02-28T21:16:00+00:00' AIRFLOW_CTX_TRY_NUMBER='10' AIRFLOW_CTX_DAG_RUN_ID='scheduled__2025-02-28T21:16:00+00:00'
[2025-02-28T21:27:46.048+0000] {logging_mixin.py:190} INFO - Task instance is in running state
[2025-02-28T21:27:46.050+0000] {logging_mixin.py:190} INFO -  Previous state of the Task instance: queued
[2025-02-28T21:27:46.051+0000] {logging_mixin.py:190} INFO - Current task name:wait_for_new_data state:running start_date:2025-02-28 21:27:45.625497+00:00
[2025-02-28T21:27:46.053+0000] {logging_mixin.py:190} INFO - Dag name:skripsi_akhir_perbaikan and current dag run status:running
[2025-02-28T21:27:46.054+0000] {taskinstance.py:731} INFO - ::endgroup::
[2025-02-28T21:27:46.079+0000] {base.py:84} INFO - Retrieving connection 'mysql_default'
[2025-02-28T21:27:46.085+0000] {sql.py:101} INFO - Poking: 
        SELECT COUNT(*) 
        FROM tugas_akhir_sensordata s
        WHERE s.timestamp >= NOW() - INTERVAL 5 MINUTE
        AND NOT EXISTS (
            SELECT 1 
            FROM fertilizer_predictions f
            WHERE CAST(f.id AS SIGNED) = s.id  -- Menggunakan SIGNED di sini
        )
     (with parameters None)
[2025-02-28T21:27:46.094+0000] {base.py:84} INFO - Retrieving connection 'mysql_default'
[2025-02-28T21:27:46.102+0000] {sql.py:553} INFO - Running statement: 
        SELECT COUNT(*) 
        FROM tugas_akhir_sensordata s
        WHERE s.timestamp >= NOW() - INTERVAL 5 MINUTE
        AND NOT EXISTS (
            SELECT 1 
            FROM fertilizer_predictions f
            WHERE CAST(f.id AS SIGNED) = s.id  -- Menggunakan SIGNED di sini
        )
    , parameters: None
[2025-02-28T21:27:46.104+0000] {sql.py:562} INFO - Rows affected: 1
[2025-02-28T21:27:46.141+0000] {taskinstance.py:309} INFO - Rescheduling task, marking task as UP_FOR_RESCHEDULE
[2025-02-28T21:27:46.142+0000] {taskinstance.py:340} INFO - ::group::Post task execution logs
[2025-02-28T21:27:46.174+0000] {local_task_job_runner.py:266} INFO - Task exited with return code 0
[2025-02-28T21:27:46.222+0000] {taskinstance.py:3895} INFO - 0 downstream tasks scheduled from follow-on schedule check
[2025-02-28T21:27:46.226+0000] {local_task_job_runner.py:245} INFO - ::endgroup::
