[2025-03-16T12:53:53.074+0000] {local_task_job_runner.py:123} INFO - ::group::Pre task execution logs
[2025-03-16T12:53:53.120+0000] {taskinstance.py:2613} INFO - Dependencies all met for dep_context=non-requeueable deps ti=<TaskInstance: skripsi_perbaikan.wait_for_new_data scheduled__2025-03-16T12:50:00+00:00 [queued]>
[2025-03-16T12:53:53.146+0000] {taskinstance.py:2613} INFO - Dependencies all met for dep_context=requeueable deps ti=<TaskInstance: skripsi_perbaikan.wait_for_new_data scheduled__2025-03-16T12:50:00+00:00 [queued]>
[2025-03-16T12:53:53.147+0000] {taskinstance.py:2866} INFO - Starting attempt 3 of 5
[2025-03-16T12:53:53.182+0000] {taskinstance.py:2889} INFO - Executing <Task(SqlSensor): wait_for_new_data> on 2025-03-16 12:50:00+00:00
[2025-03-16T12:53:53.200+0000] {standard_task_runner.py:104} INFO - Running: ['airflow', 'tasks', 'run', 'skripsi_perbaikan', 'wait_for_new_data', 'scheduled__2025-03-16T12:50:00+00:00', '--job-id', '10', '--raw', '--subdir', 'DAGS_FOLDER/tugas_akhir.py', '--cfg-path', '/tmp/tmplxlpv99s']
[2025-03-16T12:53:53.205+0000] {standard_task_runner.py:105} INFO - Job 10: Subtask wait_for_new_data
[2025-03-16T12:53:53.220+0000] {logging_mixin.py:190} WARNING - /home/airflow/.local/lib/python3.12/site-packages/airflow/task/task_runner/standard_task_runner.py:70 DeprecationWarning: This process (pid=18839) is multi-threaded, use of fork() may lead to deadlocks in the child.
[2025-03-16T12:53:53.224+0000] {standard_task_runner.py:72} INFO - Started process 18855 to run task
[2025-03-16T12:53:53.307+0000] {task_command.py:467} INFO - Running <TaskInstance: skripsi_perbaikan.wait_for_new_data scheduled__2025-03-16T12:50:00+00:00 [running]> on host 438c3ba1e399
[2025-03-16T12:53:53.465+0000] {taskinstance.py:3132} INFO - Exporting env vars: AIRFLOW_CTX_DAG_OWNER='Dion Rikki' AIRFLOW_CTX_DAG_ID='skripsi_perbaikan' AIRFLOW_CTX_TASK_ID='wait_for_new_data' AIRFLOW_CTX_EXECUTION_DATE='2025-03-16T12:50:00+00:00' AIRFLOW_CTX_TRY_NUMBER='3' AIRFLOW_CTX_DAG_RUN_ID='scheduled__2025-03-16T12:50:00+00:00'
[2025-03-16T12:53:53.468+0000] {logging_mixin.py:190} INFO - Task instance is in running state
[2025-03-16T12:53:53.469+0000] {logging_mixin.py:190} INFO -  Previous state of the Task instance: queued
[2025-03-16T12:53:53.471+0000] {logging_mixin.py:190} INFO - Current task name:wait_for_new_data state:running start_date:2025-03-16 12:53:53.121458+00:00
[2025-03-16T12:53:53.472+0000] {logging_mixin.py:190} INFO - Dag name:skripsi_perbaikan and current dag run status:running
[2025-03-16T12:53:53.474+0000] {taskinstance.py:731} INFO - ::endgroup::
[2025-03-16T12:53:53.504+0000] {base.py:84} INFO - Retrieving connection 'mysql_default'
[2025-03-16T12:53:53.511+0000] {sql.py:101} INFO - Poking: 
            SELECT COUNT(*) 
            FROM tugas_akhir_sensordata s
            WHERE s.timestamp >= NOW() - INTERVAL 5 MINUTE
            AND s.soil_type IS NOT NULL
            AND s.crop_type IS NOT NULL
            AND NOT EXISTS (
                SELECT 1 
                FROM fertilizer_predictions f
                WHERE f.sensor_data_id = s.id
            )
         (with parameters None)
[2025-03-16T12:53:53.520+0000] {base.py:84} INFO - Retrieving connection 'mysql_default'
[2025-03-16T12:53:53.530+0000] {sql.py:553} INFO - Running statement: 
            SELECT COUNT(*) 
            FROM tugas_akhir_sensordata s
            WHERE s.timestamp >= NOW() - INTERVAL 5 MINUTE
            AND s.soil_type IS NOT NULL
            AND s.crop_type IS NOT NULL
            AND NOT EXISTS (
                SELECT 1 
                FROM fertilizer_predictions f
                WHERE f.sensor_data_id = s.id
            )
        , parameters: None
[2025-03-16T12:53:53.533+0000] {sql.py:562} INFO - Rows affected: 1
[2025-03-16T12:53:53.570+0000] {taskinstance.py:309} INFO - Rescheduling task, marking task as UP_FOR_RESCHEDULE
[2025-03-16T12:53:53.571+0000] {taskinstance.py:340} INFO - ::group::Post task execution logs
[2025-03-16T12:53:53.618+0000] {local_task_job_runner.py:266} INFO - Task exited with return code 0
[2025-03-16T12:53:53.674+0000] {taskinstance.py:3895} INFO - 0 downstream tasks scheduled from follow-on schedule check
[2025-03-16T12:53:53.678+0000] {local_task_job_runner.py:245} INFO - ::endgroup::
