[2025-04-21T12:20:31.803+0000] {local_task_job_runner.py:123} INFO - ::group::Pre task execution logs
[2025-04-21T12:20:31.836+0000] {taskinstance.py:2613} INFO - Dependencies all met for dep_context=non-requeueable deps ti=<TaskInstance: perbaikan_skripsi.predict_and_store_result scheduled__2025-04-21T12:18:00+00:00 [queued]>
[2025-04-21T12:20:31.861+0000] {taskinstance.py:2613} INFO - Dependencies all met for dep_context=requeueable deps ti=<TaskInstance: perbaikan_skripsi.predict_and_store_result scheduled__2025-04-21T12:18:00+00:00 [queued]>
[2025-04-21T12:20:31.862+0000] {taskinstance.py:2866} INFO - Starting attempt 1 of 4
[2025-04-21T12:20:31.913+0000] {taskinstance.py:2889} INFO - Executing <Task(PythonOperator): predict_and_store_result> on 2025-04-21 12:18:00+00:00
[2025-04-21T12:20:31.947+0000] {logging_mixin.py:190} WARNING - /home/airflow/.local/lib/python3.12/site-packages/airflow/task/task_runner/standard_task_runner.py:70 DeprecationWarning: This process (pid=50242) is multi-threaded, use of fork() may lead to deadlocks in the child.
[2025-04-21T12:20:31.950+0000] {standard_task_runner.py:72} INFO - Started process 50302 to run task
[2025-04-21T12:20:31.960+0000] {standard_task_runner.py:104} INFO - Running: ['airflow', 'tasks', 'run', 'perbaikan_skripsi', 'predict_and_store_result', 'scheduled__2025-04-21T12:18:00+00:00', '--job-id', '10112', '--raw', '--subdir', 'DAGS_FOLDER/tugas_akhir.py', '--cfg-path', '/tmp/tmpf82fk0iw']
[2025-04-21T12:20:31.964+0000] {standard_task_runner.py:105} INFO - Job 10112: Subtask predict_and_store_result
[2025-04-21T12:20:32.084+0000] {task_command.py:467} INFO - Running <TaskInstance: perbaikan_skripsi.predict_and_store_result scheduled__2025-04-21T12:18:00+00:00 [running]> on host a9576c91091e
[2025-04-21T12:20:32.459+0000] {taskinstance.py:3132} INFO - Exporting env vars: AIRFLOW_CTX_DAG_OWNER='Dion Rikki' AIRFLOW_CTX_DAG_ID='perbaikan_skripsi' AIRFLOW_CTX_TASK_ID='predict_and_store_result' AIRFLOW_CTX_EXECUTION_DATE='2025-04-21T12:18:00+00:00' AIRFLOW_CTX_TRY_NUMBER='1' AIRFLOW_CTX_DAG_RUN_ID='scheduled__2025-04-21T12:18:00+00:00'
[2025-04-21T12:20:32.465+0000] {logging_mixin.py:190} INFO - Task instance is in running state
[2025-04-21T12:20:32.466+0000] {logging_mixin.py:190} INFO -  Previous state of the Task instance: queued
[2025-04-21T12:20:32.470+0000] {logging_mixin.py:190} INFO - Current task name:predict_and_store_result state:running start_date:2025-04-21 12:20:31.837782+00:00
[2025-04-21T12:20:32.472+0000] {logging_mixin.py:190} INFO - Dag name:perbaikan_skripsi and current dag run status:running
[2025-04-21T12:20:32.477+0000] {taskinstance.py:731} INFO - ::endgroup::
[2025-04-21T12:20:32.488+0000] {logging_mixin.py:190} INFO - 🔍 [2] Memproses data dan melakukan prediksi...
[2025-04-21T12:20:32.526+0000] {logging_mixin.py:190} INFO - ⚠️ Tidak ada data untuk diproses.
[2025-04-21T12:20:32.529+0000] {python.py:240} INFO - Done. Returned value was: None
[2025-04-21T12:20:32.567+0000] {taskinstance.py:340} INFO - ::group::Post task execution logs
[2025-04-21T12:20:32.569+0000] {taskinstance.py:352} INFO - Marking task as SUCCESS. dag_id=perbaikan_skripsi, task_id=predict_and_store_result, run_id=scheduled__2025-04-21T12:18:00+00:00, execution_date=20250421T121800, start_date=20250421T122031, end_date=20250421T122032
[2025-04-21T12:20:32.674+0000] {logging_mixin.py:190} INFO - Task instance in success state
[2025-04-21T12:20:32.682+0000] {logging_mixin.py:190} INFO -  Previous state of the Task instance: running
[2025-04-21T12:20:32.684+0000] {logging_mixin.py:190} INFO - Dag name:perbaikan_skripsi queued_at:2025-04-21 12:19:00.355779+00:00
[2025-04-21T12:20:32.685+0000] {logging_mixin.py:190} INFO - Task hostname:a9576c91091e operator:PythonOperator
[2025-04-21T12:20:32.735+0000] {local_task_job_runner.py:266} INFO - Task exited with return code 0
[2025-04-21T12:20:32.814+0000] {taskinstance.py:3895} INFO - 0 downstream tasks scheduled from follow-on schedule check
[2025-04-21T12:20:32.832+0000] {local_task_job_runner.py:245} INFO - ::endgroup::
