[2025-04-21T13:22:20.337+0000] {local_task_job_runner.py:123} INFO - ::group::Pre task execution logs
[2025-04-21T13:22:20.495+0000] {taskinstance.py:2613} INFO - Dependencies all met for dep_context=non-requeueable deps ti=<TaskInstance: perbaikan_skripsi.get_data_from_db scheduled__2025-04-21T13:20:00+00:00 [queued]>
[2025-04-21T13:22:20.614+0000] {taskinstance.py:2613} INFO - Dependencies all met for dep_context=requeueable deps ti=<TaskInstance: perbaikan_skripsi.get_data_from_db scheduled__2025-04-21T13:20:00+00:00 [queued]>
[2025-04-21T13:22:20.618+0000] {taskinstance.py:2866} INFO - Starting attempt 1 of 4
[2025-04-21T13:22:20.863+0000] {taskinstance.py:2889} INFO - Executing <Task(PythonOperator): get_data_from_db> on 2025-04-21 13:20:00+00:00
[2025-04-21T13:22:20.947+0000] {logging_mixin.py:190} WARNING - /home/airflow/.local/lib/python3.12/site-packages/airflow/task/task_runner/standard_task_runner.py:70 DeprecationWarning: This process (pid=86147) is multi-threaded, use of fork() may lead to deadlocks in the child.
[2025-04-21T13:22:20.960+0000] {standard_task_runner.py:72} INFO - Started process 86220 to run task
[2025-04-21T13:22:20.973+0000] {standard_task_runner.py:104} INFO - Running: ['airflow', 'tasks', 'run', 'perbaikan_skripsi', 'get_data_from_db', 'scheduled__2025-04-21T13:20:00+00:00', '--job-id', '10351', '--raw', '--subdir', 'DAGS_FOLDER/tugas_akhir.py', '--cfg-path', '/tmp/tmpe2y_34rl']
[2025-04-21T13:22:20.981+0000] {standard_task_runner.py:105} INFO - Job 10351: Subtask get_data_from_db
[2025-04-21T13:22:21.409+0000] {task_command.py:467} INFO - Running <TaskInstance: perbaikan_skripsi.get_data_from_db scheduled__2025-04-21T13:20:00+00:00 [running]> on host a9576c91091e
[2025-04-21T13:22:22.119+0000] {taskinstance.py:3132} INFO - Exporting env vars: AIRFLOW_CTX_DAG_OWNER='Dion Rikki' AIRFLOW_CTX_DAG_ID='perbaikan_skripsi' AIRFLOW_CTX_TASK_ID='get_data_from_db' AIRFLOW_CTX_EXECUTION_DATE='2025-04-21T13:20:00+00:00' AIRFLOW_CTX_TRY_NUMBER='1' AIRFLOW_CTX_DAG_RUN_ID='scheduled__2025-04-21T13:20:00+00:00'
[2025-04-21T13:22:22.133+0000] {logging_mixin.py:190} INFO - Task instance is in running state
[2025-04-21T13:22:22.137+0000] {logging_mixin.py:190} INFO -  Previous state of the Task instance: queued
[2025-04-21T13:22:22.146+0000] {logging_mixin.py:190} INFO - Current task name:get_data_from_db state:running start_date:2025-04-21 13:22:20.512286+00:00
[2025-04-21T13:22:22.150+0000] {logging_mixin.py:190} INFO - Dag name:perbaikan_skripsi and current dag run status:running
[2025-04-21T13:22:22.152+0000] {taskinstance.py:731} INFO - ::endgroup::
[2025-04-21T13:22:22.157+0000] {logging_mixin.py:190} INFO - 🔍 [1] Mengambil data sensor terbaru yang lengkap dan belum diprediksi...
[2025-04-21T13:22:22.322+0000] {logging_mixin.py:190} INFO - 📊 Data ditemukan: 0 baris
[2025-04-21T13:22:22.463+0000] {python.py:240} INFO - Done. Returned value was: None
[2025-04-21T13:22:22.551+0000] {taskinstance.py:340} INFO - ::group::Post task execution logs
[2025-04-21T13:22:22.558+0000] {taskinstance.py:352} INFO - Marking task as SUCCESS. dag_id=perbaikan_skripsi, task_id=get_data_from_db, run_id=scheduled__2025-04-21T13:20:00+00:00, execution_date=20250421T132000, start_date=20250421T132220, end_date=20250421T132222
[2025-04-21T13:22:22.645+0000] {logging_mixin.py:190} INFO - Task instance in success state
[2025-04-21T13:22:22.651+0000] {logging_mixin.py:190} INFO -  Previous state of the Task instance: running
[2025-04-21T13:22:22.654+0000] {logging_mixin.py:190} INFO - Dag name:perbaikan_skripsi queued_at:2025-04-21 13:21:00.692334+00:00
[2025-04-21T13:22:22.662+0000] {logging_mixin.py:190} INFO - Task hostname:a9576c91091e operator:PythonOperator
[2025-04-21T13:22:22.754+0000] {local_task_job_runner.py:266} INFO - Task exited with return code 0
[2025-04-21T13:22:22.862+0000] {taskinstance.py:3895} INFO - 1 downstream tasks scheduled from follow-on schedule check
[2025-04-21T13:22:22.919+0000] {local_task_job_runner.py:245} INFO - ::endgroup::
