[2025-03-16T14:35:49.209+0000] {local_task_job_runner.py:123} INFO - ::group::Pre task execution logs
[2025-03-16T14:35:49.291+0000] {taskinstance.py:2613} INFO - Dependencies all met for dep_context=non-requeueable deps ti=<TaskInstance: skripsi_perbaikan.get_data_from_db scheduled__2025-03-16T14:28:00+00:00 [queued]>
[2025-03-16T14:35:49.346+0000] {taskinstance.py:2613} INFO - Dependencies all met for dep_context=requeueable deps ti=<TaskInstance: skripsi_perbaikan.get_data_from_db scheduled__2025-03-16T14:28:00+00:00 [queued]>
[2025-03-16T14:35:49.350+0000] {taskinstance.py:2866} INFO - Starting attempt 1 of 4
[2025-03-16T14:35:49.438+0000] {taskinstance.py:2889} INFO - Executing <Task(PythonOperator): get_data_from_db> on 2025-03-16 14:28:00+00:00
[2025-03-16T14:35:49.513+0000] {logging_mixin.py:190} WARNING - /home/airflow/.local/lib/python3.12/site-packages/airflow/task/task_runner/standard_task_runner.py:70 DeprecationWarning: This process (pid=47271) is multi-threaded, use of fork() may lead to deadlocks in the child.
[2025-03-16T14:35:49.513+0000] {standard_task_runner.py:104} INFO - Running: ['airflow', 'tasks', 'run', 'skripsi_perbaikan', 'get_data_from_db', 'scheduled__2025-03-16T14:28:00+00:00', '--job-id', '384', '--raw', '--subdir', 'DAGS_FOLDER/tugas_akhir.py', '--cfg-path', '/tmp/tmp5gvcn7bo']
[2025-03-16T14:35:49.527+0000] {standard_task_runner.py:105} INFO - Job 384: Subtask get_data_from_db
[2025-03-16T14:35:49.522+0000] {standard_task_runner.py:72} INFO - Started process 47296 to run task
[2025-03-16T14:35:49.765+0000] {task_command.py:467} INFO - Running <TaskInstance: skripsi_perbaikan.get_data_from_db scheduled__2025-03-16T14:28:00+00:00 [running]> on host 438c3ba1e399
[2025-03-16T14:35:50.228+0000] {taskinstance.py:3132} INFO - Exporting env vars: AIRFLOW_CTX_DAG_OWNER='Dion Rikki' AIRFLOW_CTX_DAG_ID='skripsi_perbaikan' AIRFLOW_CTX_TASK_ID='get_data_from_db' AIRFLOW_CTX_EXECUTION_DATE='2025-03-16T14:28:00+00:00' AIRFLOW_CTX_TRY_NUMBER='1' AIRFLOW_CTX_DAG_RUN_ID='scheduled__2025-03-16T14:28:00+00:00'
[2025-03-16T14:35:50.232+0000] {logging_mixin.py:190} INFO - Task instance is in running state
[2025-03-16T14:35:50.233+0000] {logging_mixin.py:190} INFO -  Previous state of the Task instance: queued
[2025-03-16T14:35:50.235+0000] {logging_mixin.py:190} INFO - Current task name:get_data_from_db state:running start_date:2025-03-16 14:35:49.294284+00:00
[2025-03-16T14:35:50.237+0000] {logging_mixin.py:190} INFO - Dag name:skripsi_perbaikan and current dag run status:running
[2025-03-16T14:35:50.239+0000] {taskinstance.py:731} INFO - ::endgroup::
[2025-03-16T14:35:50.243+0000] {logging_mixin.py:190} INFO - 🔍 [1] Mengambil data sensor terbaru yang lengkap dan belum diprediksi...
[2025-03-16T14:35:50.295+0000] {logging_mixin.py:190} INFO - 📊 Data ditemukan: 1 baris
[2025-03-16T14:35:50.335+0000] {python.py:240} INFO - Done. Returned value was: None
[2025-03-16T14:35:50.374+0000] {taskinstance.py:340} INFO - ::group::Post task execution logs
[2025-03-16T14:35:50.376+0000] {taskinstance.py:352} INFO - Marking task as SUCCESS. dag_id=skripsi_perbaikan, task_id=get_data_from_db, run_id=scheduled__2025-03-16T14:28:00+00:00, execution_date=20250316T142800, start_date=20250316T143549, end_date=20250316T143550
[2025-03-16T14:35:50.424+0000] {logging_mixin.py:190} INFO - Task instance in success state
[2025-03-16T14:35:50.425+0000] {logging_mixin.py:190} INFO -  Previous state of the Task instance: running
[2025-03-16T14:35:50.428+0000] {logging_mixin.py:190} INFO - Dag name:skripsi_perbaikan queued_at:2025-03-16 14:30:00.525462+00:00
[2025-03-16T14:35:50.431+0000] {logging_mixin.py:190} INFO - Task hostname:438c3ba1e399 operator:PythonOperator
[2025-03-16T14:35:50.486+0000] {local_task_job_runner.py:266} INFO - Task exited with return code 0
[2025-03-16T14:35:50.567+0000] {taskinstance.py:3895} INFO - 1 downstream tasks scheduled from follow-on schedule check
[2025-03-16T14:35:50.597+0000] {local_task_job_runner.py:245} INFO - ::endgroup::
