[2025-03-16T13:14:37.737+0000] {local_task_job_runner.py:123} INFO - ::group::Pre task execution logs
[2025-03-16T13:14:37.884+0000] {taskinstance.py:2613} INFO - Dependencies all met for dep_context=non-requeueable deps ti=<TaskInstance: skripsi_perbaikan.predict_and_store_result scheduled__2025-03-16T13:10:00+00:00 [queued]>
[2025-03-16T13:14:38.046+0000] {taskinstance.py:2613} INFO - Dependencies all met for dep_context=requeueable deps ti=<TaskInstance: skripsi_perbaikan.predict_and_store_result scheduled__2025-03-16T13:10:00+00:00 [queued]>
[2025-03-16T13:14:38.056+0000] {taskinstance.py:2866} INFO - Starting attempt 1 of 4
[2025-03-16T13:14:38.329+0000] {taskinstance.py:2889} INFO - Executing <Task(PythonOperator): predict_and_store_result> on 2025-03-16 13:10:00+00:00
[2025-03-16T13:14:38.413+0000] {logging_mixin.py:190} WARNING - /home/airflow/.local/lib/python3.12/site-packages/airflow/task/task_runner/standard_task_runner.py:70 DeprecationWarning: This process (pid=539) is multi-threaded, use of fork() may lead to deadlocks in the child.
[2025-03-16T13:14:38.417+0000] {standard_task_runner.py:72} INFO - Started process 676 to run task
[2025-03-16T13:14:38.464+0000] {standard_task_runner.py:104} INFO - Running: ['airflow', 'tasks', 'run', 'skripsi_perbaikan', 'predict_and_store_result', 'scheduled__2025-03-16T13:10:00+00:00', '--job-id', '105', '--raw', '--subdir', 'DAGS_FOLDER/tugas_akhir.py', '--cfg-path', '/tmp/tmpcp219itf']
[2025-03-16T13:14:38.482+0000] {standard_task_runner.py:105} INFO - Job 105: Subtask predict_and_store_result
[2025-03-16T13:14:39.246+0000] {task_command.py:467} INFO - Running <TaskInstance: skripsi_perbaikan.predict_and_store_result scheduled__2025-03-16T13:10:00+00:00 [running]> on host 438c3ba1e399
[2025-03-16T13:14:40.544+0000] {taskinstance.py:3132} INFO - Exporting env vars: AIRFLOW_CTX_DAG_OWNER='Dion Rikki' AIRFLOW_CTX_DAG_ID='skripsi_perbaikan' AIRFLOW_CTX_TASK_ID='predict_and_store_result' AIRFLOW_CTX_EXECUTION_DATE='2025-03-16T13:10:00+00:00' AIRFLOW_CTX_TRY_NUMBER='1' AIRFLOW_CTX_DAG_RUN_ID='scheduled__2025-03-16T13:10:00+00:00'
[2025-03-16T13:14:40.563+0000] {logging_mixin.py:190} INFO - Task instance is in running state
[2025-03-16T13:14:40.579+0000] {logging_mixin.py:190} INFO -  Previous state of the Task instance: queued
[2025-03-16T13:14:40.588+0000] {logging_mixin.py:190} INFO - Current task name:predict_and_store_result state:running start_date:2025-03-16 13:14:37.888537+00:00
[2025-03-16T13:14:40.607+0000] {logging_mixin.py:190} INFO - Dag name:skripsi_perbaikan and current dag run status:running
[2025-03-16T13:14:40.614+0000] {taskinstance.py:731} INFO - ::endgroup::
[2025-03-16T13:14:40.624+0000] {logging_mixin.py:190} INFO - 🔍 [2] Memproses data dan melakukan prediksi...
[2025-03-16T13:14:40.919+0000] {logging_mixin.py:190} INFO - ✅ Data siap diproses: 1 baris
   id  Temperature  Humidity  ...  nitrogen phosphorous potassium
0  13         24.8      86.0  ...       0.0         0.0       0.0

[1 rows x 9 columns]
[2025-03-16T13:14:40.926+0000] {logging_mixin.py:190} INFO - 📝 Menyesuaikan nama kolom dengan model training...
[2025-03-16T13:14:40.939+0000] {logging_mixin.py:190} INFO - 🔧 Melakukan encoding kategori Soil_Type dan Crop_Type...
[2025-03-16T13:14:40.979+0000] {logging_mixin.py:190} INFO - 🧠 Menyiapkan fitur untuk prediksi...
[2025-03-16T13:14:41.042+0000] {logging_mixin.py:190} INFO - 🤖 Menjalankan model prediksi...
[2025-03-16T13:14:41.122+0000] {logging_mixin.py:190} INFO - ✅ Prediksi selesai:
   id predicted_fertilizer
0  13             14-14-14
[2025-03-16T13:14:41.128+0000] {logging_mixin.py:190} INFO - 💾 Menyimpan hasil ke tabel fertilizer_predictions...
[2025-03-16T13:14:41.255+0000] {logging_mixin.py:190} INFO - ❌ Error saat menyimpan ke database: (pymysql.err.IntegrityError) (1062, "Duplicate entry '13' for key 'fertilizer_predictions.sensor_data_id'")
[SQL: INSERT INTO fertilizer_predictions (sensor_data_id, predicted_fertilizer, created_at) VALUES (%(sensor_data_id)s, %(predicted_fertilizer)s, %(created_at)s)]
[parameters: {'sensor_data_id': 13, 'predicted_fertilizer': '14-14-14', 'created_at': datetime.datetime(2025, 3, 16, 13, 14, 41, 143290)}]
(Background on this error at: https://sqlalche.me/e/14/gkpj)
[2025-03-16T13:14:41.267+0000] {python.py:240} INFO - Done. Returned value was: None
[2025-03-16T13:14:41.335+0000] {taskinstance.py:340} INFO - ::group::Post task execution logs
[2025-03-16T13:14:41.343+0000] {taskinstance.py:352} INFO - Marking task as SUCCESS. dag_id=skripsi_perbaikan, task_id=predict_and_store_result, run_id=scheduled__2025-03-16T13:10:00+00:00, execution_date=20250316T131000, start_date=20250316T131437, end_date=20250316T131441
[2025-03-16T13:14:41.487+0000] {logging_mixin.py:190} INFO - Task instance in success state
[2025-03-16T13:14:41.493+0000] {logging_mixin.py:190} INFO -  Previous state of the Task instance: running
[2025-03-16T13:14:41.500+0000] {logging_mixin.py:190} INFO - Dag name:skripsi_perbaikan queued_at:2025-03-16 13:12:54.616054+00:00
[2025-03-16T13:14:41.511+0000] {logging_mixin.py:190} INFO - Task hostname:438c3ba1e399 operator:PythonOperator
[2025-03-16T13:14:41.754+0000] {local_task_job_runner.py:266} INFO - Task exited with return code 0
[2025-03-16T13:14:41.927+0000] {taskinstance.py:3895} INFO - 0 downstream tasks scheduled from follow-on schedule check
[2025-03-16T13:14:41.940+0000] {local_task_job_runner.py:245} INFO - ::endgroup::
