[2025-04-18T05:57:07.089+0000] {processor.py:186} INFO - Started process (PID=391) to work on /home/airflow/.local/lib/python3.12/site-packages/airflow/example_dags/example_latest_only.py
[2025-04-18T05:57:07.091+0000] {processor.py:914} INFO - Processing file /home/airflow/.local/lib/python3.12/site-packages/airflow/example_dags/example_latest_only.py for tasks to queue
[2025-04-18T05:57:07.097+0000] {logging_mixin.py:190} INFO - [2025-04-18T05:57:07.096+0000] {dagbag.py:588} INFO - Filling up the DagBag from /home/airflow/.local/lib/python3.12/site-packages/airflow/example_dags/example_latest_only.py
[2025-04-18T05:57:07.113+0000] {processor.py:925} INFO - DAG(s) 'latest_only' retrieved from /home/airflow/.local/lib/python3.12/site-packages/airflow/example_dags/example_latest_only.py
[2025-04-18T05:57:07.151+0000] {logging_mixin.py:190} INFO - [2025-04-18T05:57:07.151+0000] {dag.py:3239} INFO - Sync 1 DAGs
[2025-04-18T05:57:07.208+0000] {logging_mixin.py:190} INFO - [2025-04-18T05:57:07.208+0000] {dag.py:4180} INFO - Setting next_dagrun for latest_only to 2025-04-18 00:00:00+00:00, run_after=2025-04-18 04:00:00+00:00
[2025-04-18T05:57:07.395+0000] {processor.py:208} INFO - Processing /home/airflow/.local/lib/python3.12/site-packages/airflow/example_dags/example_latest_only.py took 0.320 seconds
[2025-04-18T05:57:37.527+0000] {processor.py:186} INFO - Started process (PID=679) to work on /home/airflow/.local/lib/python3.12/site-packages/airflow/example_dags/example_latest_only.py
[2025-04-18T05:57:37.529+0000] {processor.py:914} INFO - Processing file /home/airflow/.local/lib/python3.12/site-packages/airflow/example_dags/example_latest_only.py for tasks to queue
[2025-04-18T05:57:37.536+0000] {logging_mixin.py:190} INFO - [2025-04-18T05:57:37.534+0000] {dagbag.py:588} INFO - Filling up the DagBag from /home/airflow/.local/lib/python3.12/site-packages/airflow/example_dags/example_latest_only.py
[2025-04-18T05:57:37.553+0000] {processor.py:925} INFO - DAG(s) 'latest_only' retrieved from /home/airflow/.local/lib/python3.12/site-packages/airflow/example_dags/example_latest_only.py
[2025-04-18T05:57:37.592+0000] {logging_mixin.py:190} INFO - [2025-04-18T05:57:37.592+0000] {dag.py:3239} INFO - Sync 1 DAGs
[2025-04-18T05:57:37.647+0000] {logging_mixin.py:190} INFO - [2025-04-18T05:57:37.647+0000] {dag.py:4180} INFO - Setting next_dagrun for latest_only to 2025-04-18 00:00:00+00:00, run_after=2025-04-18 04:00:00+00:00
[2025-04-18T05:57:37.695+0000] {processor.py:208} INFO - Processing /home/airflow/.local/lib/python3.12/site-packages/airflow/example_dags/example_latest_only.py took 0.181 seconds
[2025-04-18T05:58:08.791+0000] {processor.py:186} INFO - Started process (PID=985) to work on /home/airflow/.local/lib/python3.12/site-packages/airflow/example_dags/example_latest_only.py
[2025-04-18T05:58:08.794+0000] {processor.py:914} INFO - Processing file /home/airflow/.local/lib/python3.12/site-packages/airflow/example_dags/example_latest_only.py for tasks to queue
[2025-04-18T05:58:08.801+0000] {logging_mixin.py:190} INFO - [2025-04-18T05:58:08.800+0000] {dagbag.py:588} INFO - Filling up the DagBag from /home/airflow/.local/lib/python3.12/site-packages/airflow/example_dags/example_latest_only.py
[2025-04-18T05:58:08.823+0000] {processor.py:925} INFO - DAG(s) 'latest_only' retrieved from /home/airflow/.local/lib/python3.12/site-packages/airflow/example_dags/example_latest_only.py
[2025-04-18T05:58:08.869+0000] {logging_mixin.py:190} INFO - [2025-04-18T05:58:08.868+0000] {dag.py:3239} INFO - Sync 1 DAGs
[2025-04-18T05:58:08.925+0000] {logging_mixin.py:190} INFO - [2025-04-18T05:58:08.924+0000] {dag.py:4180} INFO - Setting next_dagrun for latest_only to 2025-04-18 00:00:00+00:00, run_after=2025-04-18 04:00:00+00:00
[2025-04-18T05:58:09.046+0000] {processor.py:208} INFO - Processing /home/airflow/.local/lib/python3.12/site-packages/airflow/example_dags/example_latest_only.py took 0.273 seconds
[2025-04-18T05:58:39.545+0000] {processor.py:186} INFO - Started process (PID=1278) to work on /home/airflow/.local/lib/python3.12/site-packages/airflow/example_dags/example_latest_only.py
[2025-04-18T05:58:39.549+0000] {processor.py:914} INFO - Processing file /home/airflow/.local/lib/python3.12/site-packages/airflow/example_dags/example_latest_only.py for tasks to queue
[2025-04-18T05:58:39.557+0000] {logging_mixin.py:190} INFO - [2025-04-18T05:58:39.555+0000] {dagbag.py:588} INFO - Filling up the DagBag from /home/airflow/.local/lib/python3.12/site-packages/airflow/example_dags/example_latest_only.py
[2025-04-18T05:58:39.582+0000] {processor.py:925} INFO - DAG(s) 'latest_only' retrieved from /home/airflow/.local/lib/python3.12/site-packages/airflow/example_dags/example_latest_only.py
[2025-04-18T05:58:39.643+0000] {logging_mixin.py:190} INFO - [2025-04-18T05:58:39.642+0000] {dag.py:3239} INFO - Sync 1 DAGs
[2025-04-18T05:58:39.717+0000] {logging_mixin.py:190} INFO - [2025-04-18T05:58:39.717+0000] {dag.py:4180} INFO - Setting next_dagrun for latest_only to 2025-04-18 00:00:00+00:00, run_after=2025-04-18 04:00:00+00:00
[2025-04-18T05:58:39.790+0000] {processor.py:208} INFO - Processing /home/airflow/.local/lib/python3.12/site-packages/airflow/example_dags/example_latest_only.py took 0.260 seconds
[2025-04-18T05:59:11.398+0000] {processor.py:186} INFO - Started process (PID=1583) to work on /home/airflow/.local/lib/python3.12/site-packages/airflow/example_dags/example_latest_only.py
[2025-04-18T05:59:11.407+0000] {processor.py:914} INFO - Processing file /home/airflow/.local/lib/python3.12/site-packages/airflow/example_dags/example_latest_only.py for tasks to queue
[2025-04-18T05:59:11.421+0000] {logging_mixin.py:190} INFO - [2025-04-18T05:59:11.420+0000] {dagbag.py:588} INFO - Filling up the DagBag from /home/airflow/.local/lib/python3.12/site-packages/airflow/example_dags/example_latest_only.py
[2025-04-18T05:59:11.452+0000] {processor.py:925} INFO - DAG(s) 'latest_only' retrieved from /home/airflow/.local/lib/python3.12/site-packages/airflow/example_dags/example_latest_only.py
[2025-04-18T05:59:11.591+0000] {logging_mixin.py:190} INFO - [2025-04-18T05:59:11.591+0000] {dag.py:3239} INFO - Sync 1 DAGs
[2025-04-18T05:59:11.867+0000] {logging_mixin.py:190} INFO - [2025-04-18T05:59:11.866+0000] {dag.py:4180} INFO - Setting next_dagrun for latest_only to 2025-04-18 00:00:00+00:00, run_after=2025-04-18 04:00:00+00:00
[2025-04-18T05:59:12.049+0000] {processor.py:208} INFO - Processing /home/airflow/.local/lib/python3.12/site-packages/airflow/example_dags/example_latest_only.py took 0.700 seconds
[2025-04-18T06:00:09.150+0000] {processor.py:186} INFO - Started process (PID=1903) to work on /home/airflow/.local/lib/python3.12/site-packages/airflow/example_dags/example_latest_only.py
[2025-04-18T06:00:09.162+0000] {processor.py:914} INFO - Processing file /home/airflow/.local/lib/python3.12/site-packages/airflow/example_dags/example_latest_only.py for tasks to queue
[2025-04-18T06:00:09.235+0000] {logging_mixin.py:190} INFO - [2025-04-18T06:00:09.233+0000] {dagbag.py:588} INFO - Filling up the DagBag from /home/airflow/.local/lib/python3.12/site-packages/airflow/example_dags/example_latest_only.py
[2025-04-18T06:00:09.366+0000] {processor.py:925} INFO - DAG(s) 'latest_only' retrieved from /home/airflow/.local/lib/python3.12/site-packages/airflow/example_dags/example_latest_only.py
[2025-04-18T06:00:09.683+0000] {logging_mixin.py:190} INFO - [2025-04-18T06:00:09.683+0000] {dag.py:3239} INFO - Sync 1 DAGs
[2025-04-18T06:00:09.969+0000] {logging_mixin.py:190} INFO - [2025-04-18T06:00:09.968+0000] {dag.py:4180} INFO - Setting next_dagrun for latest_only to 2025-04-18 00:00:00+00:00, run_after=2025-04-18 04:00:00+00:00
[2025-04-18T06:00:10.138+0000] {processor.py:208} INFO - Processing /home/airflow/.local/lib/python3.12/site-packages/airflow/example_dags/example_latest_only.py took 1.025 seconds
[2025-04-18T06:01:04.606+0000] {processor.py:186} INFO - Started process (PID=2196) to work on /home/airflow/.local/lib/python3.12/site-packages/airflow/example_dags/example_latest_only.py
[2025-04-18T06:01:04.610+0000] {processor.py:914} INFO - Processing file /home/airflow/.local/lib/python3.12/site-packages/airflow/example_dags/example_latest_only.py for tasks to queue
[2025-04-18T06:01:04.634+0000] {logging_mixin.py:190} INFO - [2025-04-18T06:01:04.632+0000] {dagbag.py:588} INFO - Filling up the DagBag from /home/airflow/.local/lib/python3.12/site-packages/airflow/example_dags/example_latest_only.py
[2025-04-18T06:01:04.680+0000] {processor.py:925} INFO - DAG(s) 'latest_only' retrieved from /home/airflow/.local/lib/python3.12/site-packages/airflow/example_dags/example_latest_only.py
[2025-04-18T06:01:04.778+0000] {logging_mixin.py:190} INFO - [2025-04-18T06:01:04.777+0000] {dag.py:3239} INFO - Sync 1 DAGs
[2025-04-18T06:01:04.950+0000] {logging_mixin.py:190} INFO - [2025-04-18T06:01:04.949+0000] {dag.py:4180} INFO - Setting next_dagrun for latest_only to 2025-04-18 00:00:00+00:00, run_after=2025-04-18 04:00:00+00:00
[2025-04-18T06:01:05.151+0000] {processor.py:208} INFO - Processing /home/airflow/.local/lib/python3.12/site-packages/airflow/example_dags/example_latest_only.py took 0.574 seconds
