[2025-04-18T05:57:00.151+0000] {processor.py:186} INFO - Started process (PID=293) to work on /home/airflow/.local/lib/python3.12/site-packages/airflow/example_dags/example_branch_operator.py
[2025-04-18T05:57:00.154+0000] {processor.py:914} INFO - Processing file /home/airflow/.local/lib/python3.12/site-packages/airflow/example_dags/example_branch_operator.py for tasks to queue
[2025-04-18T05:57:00.167+0000] {logging_mixin.py:190} INFO - [2025-04-18T05:57:00.166+0000] {dagbag.py:588} INFO - Filling up the DagBag from /home/airflow/.local/lib/python3.12/site-packages/airflow/example_dags/example_branch_operator.py
[2025-04-18T05:57:00.233+0000] {processor.py:925} INFO - DAG(s) 'example_branch_operator' retrieved from /home/airflow/.local/lib/python3.12/site-packages/airflow/example_dags/example_branch_operator.py
[2025-04-18T05:57:00.603+0000] {logging_mixin.py:190} INFO - [2025-04-18T05:57:00.602+0000] {dag.py:3239} INFO - Sync 1 DAGs
[2025-04-18T05:57:00.663+0000] {logging_mixin.py:190} INFO - [2025-04-18T05:57:00.662+0000] {dag.py:4180} INFO - Setting next_dagrun for example_branch_operator to 2025-04-17 00:00:00+00:00, run_after=2025-04-18 00:00:00+00:00
[2025-04-18T05:57:01.664+0000] {processor.py:208} INFO - Processing /home/airflow/.local/lib/python3.12/site-packages/airflow/example_dags/example_branch_operator.py took 1.538 seconds
[2025-04-18T05:57:32.483+0000] {processor.py:186} INFO - Started process (PID=591) to work on /home/airflow/.local/lib/python3.12/site-packages/airflow/example_dags/example_branch_operator.py
[2025-04-18T05:57:32.486+0000] {processor.py:914} INFO - Processing file /home/airflow/.local/lib/python3.12/site-packages/airflow/example_dags/example_branch_operator.py for tasks to queue
[2025-04-18T05:57:32.493+0000] {logging_mixin.py:190} INFO - [2025-04-18T05:57:32.492+0000] {dagbag.py:588} INFO - Filling up the DagBag from /home/airflow/.local/lib/python3.12/site-packages/airflow/example_dags/example_branch_operator.py
[2025-04-18T05:57:32.537+0000] {processor.py:925} INFO - DAG(s) 'example_branch_operator' retrieved from /home/airflow/.local/lib/python3.12/site-packages/airflow/example_dags/example_branch_operator.py
[2025-04-18T05:57:32.591+0000] {logging_mixin.py:190} INFO - [2025-04-18T05:57:32.590+0000] {dag.py:3239} INFO - Sync 1 DAGs
[2025-04-18T05:57:32.645+0000] {logging_mixin.py:190} INFO - [2025-04-18T05:57:32.645+0000] {dag.py:4180} INFO - Setting next_dagrun for example_branch_operator to 2025-04-17 00:00:00+00:00, run_after=2025-04-18 00:00:00+00:00
[2025-04-18T05:57:32.696+0000] {processor.py:208} INFO - Processing /home/airflow/.local/lib/python3.12/site-packages/airflow/example_dags/example_branch_operator.py took 0.229 seconds
[2025-04-18T05:58:03.202+0000] {processor.py:186} INFO - Started process (PID=896) to work on /home/airflow/.local/lib/python3.12/site-packages/airflow/example_dags/example_branch_operator.py
[2025-04-18T05:58:03.204+0000] {processor.py:914} INFO - Processing file /home/airflow/.local/lib/python3.12/site-packages/airflow/example_dags/example_branch_operator.py for tasks to queue
[2025-04-18T05:58:03.221+0000] {logging_mixin.py:190} INFO - [2025-04-18T05:58:03.220+0000] {dagbag.py:588} INFO - Filling up the DagBag from /home/airflow/.local/lib/python3.12/site-packages/airflow/example_dags/example_branch_operator.py
[2025-04-18T05:58:03.334+0000] {processor.py:925} INFO - DAG(s) 'example_branch_operator' retrieved from /home/airflow/.local/lib/python3.12/site-packages/airflow/example_dags/example_branch_operator.py
[2025-04-18T05:58:03.535+0000] {logging_mixin.py:190} INFO - [2025-04-18T05:58:03.535+0000] {dag.py:3239} INFO - Sync 1 DAGs
[2025-04-18T05:58:03.691+0000] {logging_mixin.py:190} INFO - [2025-04-18T05:58:03.691+0000] {dag.py:4180} INFO - Setting next_dagrun for example_branch_operator to 2025-04-17 00:00:00+00:00, run_after=2025-04-18 00:00:00+00:00
[2025-04-18T05:58:03.834+0000] {processor.py:208} INFO - Processing /home/airflow/.local/lib/python3.12/site-packages/airflow/example_dags/example_branch_operator.py took 0.659 seconds
[2025-04-18T05:58:33.968+0000] {processor.py:186} INFO - Started process (PID=1195) to work on /home/airflow/.local/lib/python3.12/site-packages/airflow/example_dags/example_branch_operator.py
[2025-04-18T05:58:33.971+0000] {processor.py:914} INFO - Processing file /home/airflow/.local/lib/python3.12/site-packages/airflow/example_dags/example_branch_operator.py for tasks to queue
[2025-04-18T05:58:33.978+0000] {logging_mixin.py:190} INFO - [2025-04-18T05:58:33.977+0000] {dagbag.py:588} INFO - Filling up the DagBag from /home/airflow/.local/lib/python3.12/site-packages/airflow/example_dags/example_branch_operator.py
[2025-04-18T05:58:34.030+0000] {processor.py:925} INFO - DAG(s) 'example_branch_operator' retrieved from /home/airflow/.local/lib/python3.12/site-packages/airflow/example_dags/example_branch_operator.py
[2025-04-18T05:58:34.118+0000] {logging_mixin.py:190} INFO - [2025-04-18T05:58:34.117+0000] {dag.py:3239} INFO - Sync 1 DAGs
[2025-04-18T05:58:34.172+0000] {logging_mixin.py:190} INFO - [2025-04-18T05:58:34.171+0000] {dag.py:4180} INFO - Setting next_dagrun for example_branch_operator to 2025-04-17 00:00:00+00:00, run_after=2025-04-18 00:00:00+00:00
[2025-04-18T05:58:34.236+0000] {processor.py:208} INFO - Processing /home/airflow/.local/lib/python3.12/site-packages/airflow/example_dags/example_branch_operator.py took 0.283 seconds
[2025-04-18T05:59:04.374+0000] {processor.py:186} INFO - Started process (PID=1488) to work on /home/airflow/.local/lib/python3.12/site-packages/airflow/example_dags/example_branch_operator.py
[2025-04-18T05:59:04.380+0000] {processor.py:914} INFO - Processing file /home/airflow/.local/lib/python3.12/site-packages/airflow/example_dags/example_branch_operator.py for tasks to queue
[2025-04-18T05:59:04.385+0000] {logging_mixin.py:190} INFO - [2025-04-18T05:59:04.385+0000] {dagbag.py:588} INFO - Filling up the DagBag from /home/airflow/.local/lib/python3.12/site-packages/airflow/example_dags/example_branch_operator.py
[2025-04-18T05:59:04.429+0000] {processor.py:925} INFO - DAG(s) 'example_branch_operator' retrieved from /home/airflow/.local/lib/python3.12/site-packages/airflow/example_dags/example_branch_operator.py
[2025-04-18T05:59:04.510+0000] {logging_mixin.py:190} INFO - [2025-04-18T05:59:04.510+0000] {dag.py:3239} INFO - Sync 1 DAGs
[2025-04-18T05:59:04.559+0000] {logging_mixin.py:190} INFO - [2025-04-18T05:59:04.559+0000] {dag.py:4180} INFO - Setting next_dagrun for example_branch_operator to 2025-04-17 00:00:00+00:00, run_after=2025-04-18 00:00:00+00:00
[2025-04-18T05:59:04.770+0000] {processor.py:208} INFO - Processing /home/airflow/.local/lib/python3.12/site-packages/airflow/example_dags/example_branch_operator.py took 0.411 seconds
[2025-04-18T05:59:52.212+0000] {processor.py:186} INFO - Started process (PID=1802) to work on /home/airflow/.local/lib/python3.12/site-packages/airflow/example_dags/example_branch_operator.py
[2025-04-18T05:59:52.271+0000] {processor.py:914} INFO - Processing file /home/airflow/.local/lib/python3.12/site-packages/airflow/example_dags/example_branch_operator.py for tasks to queue
[2025-04-18T05:59:52.324+0000] {logging_mixin.py:190} INFO - [2025-04-18T05:59:52.306+0000] {dagbag.py:588} INFO - Filling up the DagBag from /home/airflow/.local/lib/python3.12/site-packages/airflow/example_dags/example_branch_operator.py
[2025-04-18T05:59:52.495+0000] {processor.py:925} INFO - DAG(s) 'example_branch_operator' retrieved from /home/airflow/.local/lib/python3.12/site-packages/airflow/example_dags/example_branch_operator.py
[2025-04-18T05:59:52.847+0000] {logging_mixin.py:190} INFO - [2025-04-18T05:59:52.846+0000] {dag.py:3239} INFO - Sync 1 DAGs
[2025-04-18T05:59:53.104+0000] {logging_mixin.py:190} INFO - [2025-04-18T05:59:53.103+0000] {dag.py:4180} INFO - Setting next_dagrun for example_branch_operator to 2025-04-17 00:00:00+00:00, run_after=2025-04-18 00:00:00+00:00
[2025-04-18T05:59:53.383+0000] {processor.py:208} INFO - Processing /home/airflow/.local/lib/python3.12/site-packages/airflow/example_dags/example_branch_operator.py took 1.264 seconds
[2025-04-18T06:00:54.632+0000] {processor.py:186} INFO - Started process (PID=2099) to work on /home/airflow/.local/lib/python3.12/site-packages/airflow/example_dags/example_branch_operator.py
[2025-04-18T06:00:54.672+0000] {processor.py:914} INFO - Processing file /home/airflow/.local/lib/python3.12/site-packages/airflow/example_dags/example_branch_operator.py for tasks to queue
[2025-04-18T06:00:54.704+0000] {logging_mixin.py:190} INFO - [2025-04-18T06:00:54.703+0000] {dagbag.py:588} INFO - Filling up the DagBag from /home/airflow/.local/lib/python3.12/site-packages/airflow/example_dags/example_branch_operator.py
[2025-04-18T06:00:54.819+0000] {processor.py:925} INFO - DAG(s) 'example_branch_operator' retrieved from /home/airflow/.local/lib/python3.12/site-packages/airflow/example_dags/example_branch_operator.py
[2025-04-18T06:00:54.939+0000] {logging_mixin.py:190} INFO - [2025-04-18T06:00:54.938+0000] {dag.py:3239} INFO - Sync 1 DAGs
[2025-04-18T06:00:55.183+0000] {logging_mixin.py:190} INFO - [2025-04-18T06:00:55.181+0000] {dag.py:4180} INFO - Setting next_dagrun for example_branch_operator to 2025-04-17 00:00:00+00:00, run_after=2025-04-18 00:00:00+00:00
[2025-04-18T06:00:55.347+0000] {processor.py:208} INFO - Processing /home/airflow/.local/lib/python3.12/site-packages/airflow/example_dags/example_branch_operator.py took 0.799 seconds
