[2025-04-18T05:56:20.966+0000] {processor.py:186} INFO - Started process (PID=172) to work on /home/airflow/.local/lib/python3.12/site-packages/airflow/example_dags/example_short_circuit_operator.py
[2025-04-18T05:56:20.974+0000] {processor.py:914} INFO - Processing file /home/airflow/.local/lib/python3.12/site-packages/airflow/example_dags/example_short_circuit_operator.py for tasks to queue
[2025-04-18T05:56:20.999+0000] {logging_mixin.py:190} INFO - [2025-04-18T05:56:20.995+0000] {dagbag.py:588} INFO - Filling up the DagBag from /home/airflow/.local/lib/python3.12/site-packages/airflow/example_dags/example_short_circuit_operator.py
[2025-04-18T05:56:21.187+0000] {processor.py:925} INFO - DAG(s) 'example_short_circuit_operator' retrieved from /home/airflow/.local/lib/python3.12/site-packages/airflow/example_dags/example_short_circuit_operator.py
[2025-04-18T05:56:21.511+0000] {logging_mixin.py:190} INFO - [2025-04-18T05:56:21.510+0000] {dag.py:3239} INFO - Sync 1 DAGs
[2025-04-18T05:56:21.846+0000] {logging_mixin.py:190} INFO - [2025-04-18T05:56:21.843+0000] {dag.py:4180} INFO - Setting next_dagrun for example_short_circuit_operator to None, run_after=None
[2025-04-18T05:56:22.004+0000] {processor.py:208} INFO - Processing /home/airflow/.local/lib/python3.12/site-packages/airflow/example_dags/example_short_circuit_operator.py took 1.135 seconds
[2025-04-18T05:57:12.013+0000] {processor.py:186} INFO - Started process (PID=496) to work on /home/airflow/.local/lib/python3.12/site-packages/airflow/example_dags/example_short_circuit_operator.py
[2025-04-18T05:57:12.021+0000] {processor.py:914} INFO - Processing file /home/airflow/.local/lib/python3.12/site-packages/airflow/example_dags/example_short_circuit_operator.py for tasks to queue
[2025-04-18T05:57:12.029+0000] {logging_mixin.py:190} INFO - [2025-04-18T05:57:12.028+0000] {dagbag.py:588} INFO - Filling up the DagBag from /home/airflow/.local/lib/python3.12/site-packages/airflow/example_dags/example_short_circuit_operator.py
[2025-04-18T05:57:12.053+0000] {processor.py:925} INFO - DAG(s) 'example_short_circuit_operator' retrieved from /home/airflow/.local/lib/python3.12/site-packages/airflow/example_dags/example_short_circuit_operator.py
[2025-04-18T05:57:12.112+0000] {logging_mixin.py:190} INFO - [2025-04-18T05:57:12.112+0000] {dag.py:3239} INFO - Sync 1 DAGs
[2025-04-18T05:57:12.150+0000] {logging_mixin.py:190} INFO - [2025-04-18T05:57:12.149+0000] {dag.py:4180} INFO - Setting next_dagrun for example_short_circuit_operator to None, run_after=None
[2025-04-18T05:57:12.259+0000] {processor.py:208} INFO - Processing /home/airflow/.local/lib/python3.12/site-packages/airflow/example_dags/example_short_circuit_operator.py took 0.263 seconds
[2025-04-18T05:57:42.740+0000] {processor.py:186} INFO - Started process (PID=754) to work on /home/airflow/.local/lib/python3.12/site-packages/airflow/example_dags/example_short_circuit_operator.py
[2025-04-18T05:57:42.743+0000] {processor.py:914} INFO - Processing file /home/airflow/.local/lib/python3.12/site-packages/airflow/example_dags/example_short_circuit_operator.py for tasks to queue
[2025-04-18T05:57:42.756+0000] {logging_mixin.py:190} INFO - [2025-04-18T05:57:42.752+0000] {dagbag.py:588} INFO - Filling up the DagBag from /home/airflow/.local/lib/python3.12/site-packages/airflow/example_dags/example_short_circuit_operator.py
[2025-04-18T05:57:42.786+0000] {processor.py:925} INFO - DAG(s) 'example_short_circuit_operator' retrieved from /home/airflow/.local/lib/python3.12/site-packages/airflow/example_dags/example_short_circuit_operator.py
[2025-04-18T05:57:42.837+0000] {logging_mixin.py:190} INFO - [2025-04-18T05:57:42.836+0000] {dag.py:3239} INFO - Sync 1 DAGs
[2025-04-18T05:57:42.874+0000] {logging_mixin.py:190} INFO - [2025-04-18T05:57:42.874+0000] {dag.py:4180} INFO - Setting next_dagrun for example_short_circuit_operator to None, run_after=None
[2025-04-18T05:57:42.922+0000] {processor.py:208} INFO - Processing /home/airflow/.local/lib/python3.12/site-packages/airflow/example_dags/example_short_circuit_operator.py took 0.211 seconds
[2025-04-18T05:58:13.718+0000] {processor.py:186} INFO - Started process (PID=1060) to work on /home/airflow/.local/lib/python3.12/site-packages/airflow/example_dags/example_short_circuit_operator.py
[2025-04-18T05:58:13.721+0000] {processor.py:914} INFO - Processing file /home/airflow/.local/lib/python3.12/site-packages/airflow/example_dags/example_short_circuit_operator.py for tasks to queue
[2025-04-18T05:58:13.730+0000] {logging_mixin.py:190} INFO - [2025-04-18T05:58:13.729+0000] {dagbag.py:588} INFO - Filling up the DagBag from /home/airflow/.local/lib/python3.12/site-packages/airflow/example_dags/example_short_circuit_operator.py
[2025-04-18T05:58:13.753+0000] {processor.py:925} INFO - DAG(s) 'example_short_circuit_operator' retrieved from /home/airflow/.local/lib/python3.12/site-packages/airflow/example_dags/example_short_circuit_operator.py
[2025-04-18T05:58:13.817+0000] {logging_mixin.py:190} INFO - [2025-04-18T05:58:13.817+0000] {dag.py:3239} INFO - Sync 1 DAGs
[2025-04-18T05:58:13.865+0000] {logging_mixin.py:190} INFO - [2025-04-18T05:58:13.862+0000] {dag.py:4180} INFO - Setting next_dagrun for example_short_circuit_operator to None, run_after=None
[2025-04-18T05:58:13.930+0000] {processor.py:208} INFO - Processing /home/airflow/.local/lib/python3.12/site-packages/airflow/example_dags/example_short_circuit_operator.py took 0.228 seconds
[2025-04-18T05:58:44.767+0000] {processor.py:186} INFO - Started process (PID=1343) to work on /home/airflow/.local/lib/python3.12/site-packages/airflow/example_dags/example_short_circuit_operator.py
[2025-04-18T05:58:44.771+0000] {processor.py:914} INFO - Processing file /home/airflow/.local/lib/python3.12/site-packages/airflow/example_dags/example_short_circuit_operator.py for tasks to queue
[2025-04-18T05:58:44.780+0000] {logging_mixin.py:190} INFO - [2025-04-18T05:58:44.779+0000] {dagbag.py:588} INFO - Filling up the DagBag from /home/airflow/.local/lib/python3.12/site-packages/airflow/example_dags/example_short_circuit_operator.py
[2025-04-18T05:58:44.801+0000] {processor.py:925} INFO - DAG(s) 'example_short_circuit_operator' retrieved from /home/airflow/.local/lib/python3.12/site-packages/airflow/example_dags/example_short_circuit_operator.py
[2025-04-18T05:58:44.842+0000] {logging_mixin.py:190} INFO - [2025-04-18T05:58:44.842+0000] {dag.py:3239} INFO - Sync 1 DAGs
[2025-04-18T05:58:44.871+0000] {logging_mixin.py:190} INFO - [2025-04-18T05:58:44.871+0000] {dag.py:4180} INFO - Setting next_dagrun for example_short_circuit_operator to None, run_after=None
[2025-04-18T05:58:44.917+0000] {processor.py:208} INFO - Processing /home/airflow/.local/lib/python3.12/site-packages/airflow/example_dags/example_short_circuit_operator.py took 0.165 seconds
[2025-04-18T05:59:16.800+0000] {processor.py:186} INFO - Started process (PID=1635) to work on /home/airflow/.local/lib/python3.12/site-packages/airflow/example_dags/example_short_circuit_operator.py
[2025-04-18T05:59:16.806+0000] {processor.py:914} INFO - Processing file /home/airflow/.local/lib/python3.12/site-packages/airflow/example_dags/example_short_circuit_operator.py for tasks to queue
[2025-04-18T05:59:16.834+0000] {logging_mixin.py:190} INFO - [2025-04-18T05:59:16.833+0000] {dagbag.py:588} INFO - Filling up the DagBag from /home/airflow/.local/lib/python3.12/site-packages/airflow/example_dags/example_short_circuit_operator.py
[2025-04-18T05:59:16.894+0000] {processor.py:925} INFO - DAG(s) 'example_short_circuit_operator' retrieved from /home/airflow/.local/lib/python3.12/site-packages/airflow/example_dags/example_short_circuit_operator.py
[2025-04-18T05:59:16.976+0000] {logging_mixin.py:190} INFO - [2025-04-18T05:59:16.975+0000] {dag.py:3239} INFO - Sync 1 DAGs
[2025-04-18T05:59:17.067+0000] {logging_mixin.py:190} INFO - [2025-04-18T05:59:17.066+0000] {dag.py:4180} INFO - Setting next_dagrun for example_short_circuit_operator to None, run_after=None
[2025-04-18T05:59:17.200+0000] {processor.py:208} INFO - Processing /home/airflow/.local/lib/python3.12/site-packages/airflow/example_dags/example_short_circuit_operator.py took 0.476 seconds
[2025-04-18T05:59:49.189+0000] {processor.py:186} INFO - Started process (PID=1782) to work on /home/airflow/.local/lib/python3.12/site-packages/airflow/example_dags/example_short_circuit_operator.py
[2025-04-18T05:59:49.206+0000] {processor.py:914} INFO - Processing file /home/airflow/.local/lib/python3.12/site-packages/airflow/example_dags/example_short_circuit_operator.py for tasks to queue
[2025-04-18T05:59:49.219+0000] {logging_mixin.py:190} INFO - [2025-04-18T05:59:49.218+0000] {dagbag.py:588} INFO - Filling up the DagBag from /home/airflow/.local/lib/python3.12/site-packages/airflow/example_dags/example_short_circuit_operator.py
[2025-04-18T05:59:49.259+0000] {processor.py:925} INFO - DAG(s) 'example_short_circuit_operator' retrieved from /home/airflow/.local/lib/python3.12/site-packages/airflow/example_dags/example_short_circuit_operator.py
[2025-04-18T05:59:49.335+0000] {logging_mixin.py:190} INFO - [2025-04-18T05:59:49.335+0000] {dag.py:3239} INFO - Sync 1 DAGs
[2025-04-18T05:59:49.475+0000] {logging_mixin.py:190} INFO - [2025-04-18T05:59:49.475+0000] {dag.py:4180} INFO - Setting next_dagrun for example_short_circuit_operator to None, run_after=None
[2025-04-18T05:59:49.576+0000] {processor.py:208} INFO - Processing /home/airflow/.local/lib/python3.12/site-packages/airflow/example_dags/example_short_circuit_operator.py took 0.489 seconds
[2025-04-18T06:00:50.986+0000] {processor.py:186} INFO - Started process (PID=2069) to work on /home/airflow/.local/lib/python3.12/site-packages/airflow/example_dags/example_short_circuit_operator.py
[2025-04-18T06:00:51.017+0000] {processor.py:914} INFO - Processing file /home/airflow/.local/lib/python3.12/site-packages/airflow/example_dags/example_short_circuit_operator.py for tasks to queue
[2025-04-18T06:00:51.025+0000] {logging_mixin.py:190} INFO - [2025-04-18T06:00:51.024+0000] {dagbag.py:588} INFO - Filling up the DagBag from /home/airflow/.local/lib/python3.12/site-packages/airflow/example_dags/example_short_circuit_operator.py
[2025-04-18T06:00:51.046+0000] {processor.py:925} INFO - DAG(s) 'example_short_circuit_operator' retrieved from /home/airflow/.local/lib/python3.12/site-packages/airflow/example_dags/example_short_circuit_operator.py
[2025-04-18T06:00:51.113+0000] {logging_mixin.py:190} INFO - [2025-04-18T06:00:51.112+0000] {dag.py:3239} INFO - Sync 1 DAGs
[2025-04-18T06:00:51.159+0000] {logging_mixin.py:190} INFO - [2025-04-18T06:00:51.158+0000] {dag.py:4180} INFO - Setting next_dagrun for example_short_circuit_operator to None, run_after=None
[2025-04-18T06:00:51.620+0000] {processor.py:208} INFO - Processing /home/airflow/.local/lib/python3.12/site-packages/airflow/example_dags/example_short_circuit_operator.py took 0.649 seconds
