[2025-04-18T05:57:05.799+0000] {processor.py:186} INFO - Started process (PID=376) to work on /home/airflow/.local/lib/python3.12/site-packages/airflow/example_dags/example_branch_python_dop_operator_3.py
[2025-04-18T05:57:05.802+0000] {processor.py:914} INFO - Processing file /home/airflow/.local/lib/python3.12/site-packages/airflow/example_dags/example_branch_python_dop_operator_3.py for tasks to queue
[2025-04-18T05:57:05.808+0000] {logging_mixin.py:190} INFO - [2025-04-18T05:57:05.807+0000] {dagbag.py:588} INFO - Filling up the DagBag from /home/airflow/.local/lib/python3.12/site-packages/airflow/example_dags/example_branch_python_dop_operator_3.py
[2025-04-18T05:57:05.837+0000] {processor.py:925} INFO - DAG(s) 'example_branch_dop_operator_v3' retrieved from /home/airflow/.local/lib/python3.12/site-packages/airflow/example_dags/example_branch_python_dop_operator_3.py
[2025-04-18T05:57:05.882+0000] {logging_mixin.py:190} INFO - [2025-04-18T05:57:05.881+0000] {dag.py:3239} INFO - Sync 1 DAGs
[2025-04-18T05:57:05.965+0000] {logging_mixin.py:190} INFO - [2025-04-18T05:57:05.964+0000] {dag.py:4180} INFO - Setting next_dagrun for example_branch_dop_operator_v3 to 2025-04-18 05:56:00+00:00, run_after=2025-04-18 05:57:00+00:00
[2025-04-18T05:57:06.115+0000] {processor.py:208} INFO - Processing /home/airflow/.local/lib/python3.12/site-packages/airflow/example_dags/example_branch_python_dop_operator_3.py took 0.331 seconds
[2025-04-18T05:57:36.241+0000] {processor.py:186} INFO - Started process (PID=666) to work on /home/airflow/.local/lib/python3.12/site-packages/airflow/example_dags/example_branch_python_dop_operator_3.py
[2025-04-18T05:57:36.245+0000] {processor.py:914} INFO - Processing file /home/airflow/.local/lib/python3.12/site-packages/airflow/example_dags/example_branch_python_dop_operator_3.py for tasks to queue
[2025-04-18T05:57:36.253+0000] {logging_mixin.py:190} INFO - [2025-04-18T05:57:36.252+0000] {dagbag.py:588} INFO - Filling up the DagBag from /home/airflow/.local/lib/python3.12/site-packages/airflow/example_dags/example_branch_python_dop_operator_3.py
[2025-04-18T05:57:36.280+0000] {processor.py:925} INFO - DAG(s) 'example_branch_dop_operator_v3' retrieved from /home/airflow/.local/lib/python3.12/site-packages/airflow/example_dags/example_branch_python_dop_operator_3.py
[2025-04-18T05:57:36.327+0000] {logging_mixin.py:190} INFO - [2025-04-18T05:57:36.327+0000] {dag.py:3239} INFO - Sync 1 DAGs
[2025-04-18T05:57:36.389+0000] {logging_mixin.py:190} INFO - [2025-04-18T05:57:36.389+0000] {dag.py:4180} INFO - Setting next_dagrun for example_branch_dop_operator_v3 to 2025-04-18 05:56:00+00:00, run_after=2025-04-18 05:57:00+00:00
[2025-04-18T05:57:36.436+0000] {processor.py:208} INFO - Processing /home/airflow/.local/lib/python3.12/site-packages/airflow/example_dags/example_branch_python_dop_operator_3.py took 0.210 seconds
[2025-04-18T05:58:08.353+0000] {processor.py:186} INFO - Started process (PID=975) to work on /home/airflow/.local/lib/python3.12/site-packages/airflow/example_dags/example_branch_python_dop_operator_3.py
[2025-04-18T05:58:08.356+0000] {processor.py:914} INFO - Processing file /home/airflow/.local/lib/python3.12/site-packages/airflow/example_dags/example_branch_python_dop_operator_3.py for tasks to queue
[2025-04-18T05:58:08.366+0000] {logging_mixin.py:190} INFO - [2025-04-18T05:58:08.365+0000] {dagbag.py:588} INFO - Filling up the DagBag from /home/airflow/.local/lib/python3.12/site-packages/airflow/example_dags/example_branch_python_dop_operator_3.py
[2025-04-18T05:58:08.435+0000] {processor.py:925} INFO - DAG(s) 'example_branch_dop_operator_v3' retrieved from /home/airflow/.local/lib/python3.12/site-packages/airflow/example_dags/example_branch_python_dop_operator_3.py
[2025-04-18T05:58:08.512+0000] {logging_mixin.py:190} INFO - [2025-04-18T05:58:08.512+0000] {dag.py:3239} INFO - Sync 1 DAGs
[2025-04-18T05:58:08.595+0000] {logging_mixin.py:190} INFO - [2025-04-18T05:58:08.595+0000] {dag.py:4180} INFO - Setting next_dagrun for example_branch_dop_operator_v3 to 2025-04-18 05:57:00+00:00, run_after=2025-04-18 05:58:00+00:00
[2025-04-18T05:58:08.698+0000] {processor.py:208} INFO - Processing /home/airflow/.local/lib/python3.12/site-packages/airflow/example_dags/example_branch_python_dop_operator_3.py took 0.368 seconds
[2025-04-18T05:58:39.202+0000] {processor.py:186} INFO - Started process (PID=1268) to work on /home/airflow/.local/lib/python3.12/site-packages/airflow/example_dags/example_branch_python_dop_operator_3.py
[2025-04-18T05:58:39.207+0000] {processor.py:914} INFO - Processing file /home/airflow/.local/lib/python3.12/site-packages/airflow/example_dags/example_branch_python_dop_operator_3.py for tasks to queue
[2025-04-18T05:58:39.220+0000] {logging_mixin.py:190} INFO - [2025-04-18T05:58:39.218+0000] {dagbag.py:588} INFO - Filling up the DagBag from /home/airflow/.local/lib/python3.12/site-packages/airflow/example_dags/example_branch_python_dop_operator_3.py
[2025-04-18T05:58:39.260+0000] {processor.py:925} INFO - DAG(s) 'example_branch_dop_operator_v3' retrieved from /home/airflow/.local/lib/python3.12/site-packages/airflow/example_dags/example_branch_python_dop_operator_3.py
[2025-04-18T05:58:39.306+0000] {logging_mixin.py:190} INFO - [2025-04-18T05:58:39.306+0000] {dag.py:3239} INFO - Sync 1 DAGs
[2025-04-18T05:58:39.407+0000] {logging_mixin.py:190} INFO - [2025-04-18T05:58:39.406+0000] {dag.py:4180} INFO - Setting next_dagrun for example_branch_dop_operator_v3 to 2025-04-18 05:57:00+00:00, run_after=2025-04-18 05:58:00+00:00
[2025-04-18T05:58:39.468+0000] {processor.py:208} INFO - Processing /home/airflow/.local/lib/python3.12/site-packages/airflow/example_dags/example_branch_python_dop_operator_3.py took 0.287 seconds
[2025-04-18T05:59:10.846+0000] {processor.py:186} INFO - Started process (PID=1573) to work on /home/airflow/.local/lib/python3.12/site-packages/airflow/example_dags/example_branch_python_dop_operator_3.py
[2025-04-18T05:59:10.851+0000] {processor.py:914} INFO - Processing file /home/airflow/.local/lib/python3.12/site-packages/airflow/example_dags/example_branch_python_dop_operator_3.py for tasks to queue
[2025-04-18T05:59:10.862+0000] {logging_mixin.py:190} INFO - [2025-04-18T05:59:10.860+0000] {dagbag.py:588} INFO - Filling up the DagBag from /home/airflow/.local/lib/python3.12/site-packages/airflow/example_dags/example_branch_python_dop_operator_3.py
[2025-04-18T05:59:10.894+0000] {processor.py:925} INFO - DAG(s) 'example_branch_dop_operator_v3' retrieved from /home/airflow/.local/lib/python3.12/site-packages/airflow/example_dags/example_branch_python_dop_operator_3.py
[2025-04-18T05:59:10.949+0000] {logging_mixin.py:190} INFO - [2025-04-18T05:59:10.948+0000] {dag.py:3239} INFO - Sync 1 DAGs
[2025-04-18T05:59:11.098+0000] {logging_mixin.py:190} INFO - [2025-04-18T05:59:11.098+0000] {dag.py:4180} INFO - Setting next_dagrun for example_branch_dop_operator_v3 to 2025-04-18 05:58:00+00:00, run_after=2025-04-18 05:59:00+00:00
[2025-04-18T05:59:11.205+0000] {processor.py:208} INFO - Processing /home/airflow/.local/lib/python3.12/site-packages/airflow/example_dags/example_branch_python_dop_operator_3.py took 0.395 seconds
[2025-04-18T06:00:06.928+0000] {processor.py:186} INFO - Started process (PID=1891) to work on /home/airflow/.local/lib/python3.12/site-packages/airflow/example_dags/example_branch_python_dop_operator_3.py
[2025-04-18T06:00:06.945+0000] {processor.py:914} INFO - Processing file /home/airflow/.local/lib/python3.12/site-packages/airflow/example_dags/example_branch_python_dop_operator_3.py for tasks to queue
[2025-04-18T06:00:07.020+0000] {logging_mixin.py:190} INFO - [2025-04-18T06:00:07.015+0000] {dagbag.py:588} INFO - Filling up the DagBag from /home/airflow/.local/lib/python3.12/site-packages/airflow/example_dags/example_branch_python_dop_operator_3.py
[2025-04-18T06:00:07.130+0000] {processor.py:925} INFO - DAG(s) 'example_branch_dop_operator_v3' retrieved from /home/airflow/.local/lib/python3.12/site-packages/airflow/example_dags/example_branch_python_dop_operator_3.py
[2025-04-18T06:00:07.424+0000] {logging_mixin.py:190} INFO - [2025-04-18T06:00:07.423+0000] {dag.py:3239} INFO - Sync 1 DAGs
[2025-04-18T06:00:07.633+0000] {logging_mixin.py:190} INFO - [2025-04-18T06:00:07.632+0000] {dag.py:4180} INFO - Setting next_dagrun for example_branch_dop_operator_v3 to 2025-04-18 05:59:00+00:00, run_after=2025-04-18 06:00:00+00:00
[2025-04-18T06:00:07.786+0000] {processor.py:208} INFO - Processing /home/airflow/.local/lib/python3.12/site-packages/airflow/example_dags/example_branch_python_dop_operator_3.py took 0.933 seconds
[2025-04-18T06:01:03.419+0000] {processor.py:186} INFO - Started process (PID=2184) to work on /home/airflow/.local/lib/python3.12/site-packages/airflow/example_dags/example_branch_python_dop_operator_3.py
[2025-04-18T06:01:03.431+0000] {processor.py:914} INFO - Processing file /home/airflow/.local/lib/python3.12/site-packages/airflow/example_dags/example_branch_python_dop_operator_3.py for tasks to queue
[2025-04-18T06:01:03.447+0000] {logging_mixin.py:190} INFO - [2025-04-18T06:01:03.446+0000] {dagbag.py:588} INFO - Filling up the DagBag from /home/airflow/.local/lib/python3.12/site-packages/airflow/example_dags/example_branch_python_dop_operator_3.py
[2025-04-18T06:01:03.518+0000] {processor.py:925} INFO - DAG(s) 'example_branch_dop_operator_v3' retrieved from /home/airflow/.local/lib/python3.12/site-packages/airflow/example_dags/example_branch_python_dop_operator_3.py
[2025-04-18T06:01:03.615+0000] {logging_mixin.py:190} INFO - [2025-04-18T06:01:03.615+0000] {dag.py:3239} INFO - Sync 1 DAGs
[2025-04-18T06:01:03.770+0000] {logging_mixin.py:190} INFO - [2025-04-18T06:01:03.769+0000] {dag.py:4180} INFO - Setting next_dagrun for example_branch_dop_operator_v3 to 2025-04-18 06:00:00+00:00, run_after=2025-04-18 06:01:00+00:00
[2025-04-18T06:01:03.869+0000] {processor.py:208} INFO - Processing /home/airflow/.local/lib/python3.12/site-packages/airflow/example_dags/example_branch_python_dop_operator_3.py took 0.484 seconds
