[2025-04-18T05:56:43.676+0000] {processor.py:186} INFO - Started process (PID=273) to work on /home/airflow/.local/lib/python3.12/site-packages/airflow/example_dags/example_dag_decorator.py
[2025-04-18T05:56:43.684+0000] {processor.py:914} INFO - Processing file /home/airflow/.local/lib/python3.12/site-packages/airflow/example_dags/example_dag_decorator.py for tasks to queue
[2025-04-18T05:56:43.710+0000] {logging_mixin.py:190} INFO - [2025-04-18T05:56:43.704+0000] {dagbag.py:588} INFO - Filling up the DagBag from /home/airflow/.local/lib/python3.12/site-packages/airflow/example_dags/example_dag_decorator.py
[2025-04-18T05:56:43.763+0000] {processor.py:925} INFO - DAG(s) 'example_dag_decorator' retrieved from /home/airflow/.local/lib/python3.12/site-packages/airflow/example_dags/example_dag_decorator.py
[2025-04-18T05:56:50.086+0000] {logging_mixin.py:190} INFO - [2025-04-18T05:56:50.086+0000] {dag.py:3239} INFO - Sync 1 DAGs
[2025-04-18T05:56:50.286+0000] {logging_mixin.py:190} INFO - [2025-04-18T05:56:50.285+0000] {dag.py:4180} INFO - Setting next_dagrun for example_dag_decorator to None, run_after=None
[2025-04-18T05:56:51.552+0000] {processor.py:208} INFO - Processing /home/airflow/.local/lib/python3.12/site-packages/airflow/example_dags/example_dag_decorator.py took 7.911 seconds
[2025-04-18T05:57:21.764+0000] {processor.py:186} INFO - Started process (PID=566) to work on /home/airflow/.local/lib/python3.12/site-packages/airflow/example_dags/example_dag_decorator.py
[2025-04-18T05:57:21.766+0000] {processor.py:914} INFO - Processing file /home/airflow/.local/lib/python3.12/site-packages/airflow/example_dags/example_dag_decorator.py for tasks to queue
[2025-04-18T05:57:21.773+0000] {logging_mixin.py:190} INFO - [2025-04-18T05:57:21.772+0000] {dagbag.py:588} INFO - Filling up the DagBag from /home/airflow/.local/lib/python3.12/site-packages/airflow/example_dags/example_dag_decorator.py
[2025-04-18T05:57:21.808+0000] {processor.py:925} INFO - DAG(s) 'example_dag_decorator' retrieved from /home/airflow/.local/lib/python3.12/site-packages/airflow/example_dags/example_dag_decorator.py
[2025-04-18T05:57:21.870+0000] {logging_mixin.py:190} INFO - [2025-04-18T05:57:21.870+0000] {dag.py:3239} INFO - Sync 1 DAGs
[2025-04-18T05:57:21.905+0000] {logging_mixin.py:190} INFO - [2025-04-18T05:57:21.905+0000] {dag.py:4180} INFO - Setting next_dagrun for example_dag_decorator to None, run_after=None
[2025-04-18T05:57:21.964+0000] {processor.py:208} INFO - Processing /home/airflow/.local/lib/python3.12/site-packages/airflow/example_dags/example_dag_decorator.py took 0.213 seconds
[2025-04-18T05:57:52.202+0000] {processor.py:186} INFO - Started process (PID=859) to work on /home/airflow/.local/lib/python3.12/site-packages/airflow/example_dags/example_dag_decorator.py
[2025-04-18T05:57:52.204+0000] {processor.py:914} INFO - Processing file /home/airflow/.local/lib/python3.12/site-packages/airflow/example_dags/example_dag_decorator.py for tasks to queue
[2025-04-18T05:57:52.212+0000] {logging_mixin.py:190} INFO - [2025-04-18T05:57:52.211+0000] {dagbag.py:588} INFO - Filling up the DagBag from /home/airflow/.local/lib/python3.12/site-packages/airflow/example_dags/example_dag_decorator.py
[2025-04-18T05:57:52.266+0000] {processor.py:925} INFO - DAG(s) 'example_dag_decorator' retrieved from /home/airflow/.local/lib/python3.12/site-packages/airflow/example_dags/example_dag_decorator.py
[2025-04-18T05:57:52.340+0000] {logging_mixin.py:190} INFO - [2025-04-18T05:57:52.340+0000] {dag.py:3239} INFO - Sync 1 DAGs
[2025-04-18T05:57:52.380+0000] {logging_mixin.py:190} INFO - [2025-04-18T05:57:52.379+0000] {dag.py:4180} INFO - Setting next_dagrun for example_dag_decorator to None, run_after=None
[2025-04-18T05:57:52.569+0000] {processor.py:208} INFO - Processing /home/airflow/.local/lib/python3.12/site-packages/airflow/example_dags/example_dag_decorator.py took 0.384 seconds
[2025-04-18T05:58:23.303+0000] {processor.py:186} INFO - Started process (PID=1170) to work on /home/airflow/.local/lib/python3.12/site-packages/airflow/example_dags/example_dag_decorator.py
[2025-04-18T05:58:23.306+0000] {processor.py:914} INFO - Processing file /home/airflow/.local/lib/python3.12/site-packages/airflow/example_dags/example_dag_decorator.py for tasks to queue
[2025-04-18T05:58:23.313+0000] {logging_mixin.py:190} INFO - [2025-04-18T05:58:23.312+0000] {dagbag.py:588} INFO - Filling up the DagBag from /home/airflow/.local/lib/python3.12/site-packages/airflow/example_dags/example_dag_decorator.py
[2025-04-18T05:58:23.365+0000] {processor.py:925} INFO - DAG(s) 'example_dag_decorator' retrieved from /home/airflow/.local/lib/python3.12/site-packages/airflow/example_dags/example_dag_decorator.py
[2025-04-18T05:58:23.650+0000] {logging_mixin.py:190} INFO - [2025-04-18T05:58:23.650+0000] {dag.py:3239} INFO - Sync 1 DAGs
[2025-04-18T05:58:23.676+0000] {logging_mixin.py:190} INFO - [2025-04-18T05:58:23.675+0000] {dag.py:4180} INFO - Setting next_dagrun for example_dag_decorator to None, run_after=None
[2025-04-18T05:58:23.726+0000] {processor.py:208} INFO - Processing /home/airflow/.local/lib/python3.12/site-packages/airflow/example_dags/example_dag_decorator.py took 0.440 seconds
[2025-04-18T05:58:53.981+0000] {processor.py:186} INFO - Started process (PID=1463) to work on /home/airflow/.local/lib/python3.12/site-packages/airflow/example_dags/example_dag_decorator.py
[2025-04-18T05:58:53.986+0000] {processor.py:914} INFO - Processing file /home/airflow/.local/lib/python3.12/site-packages/airflow/example_dags/example_dag_decorator.py for tasks to queue
[2025-04-18T05:58:53.999+0000] {logging_mixin.py:190} INFO - [2025-04-18T05:58:53.996+0000] {dagbag.py:588} INFO - Filling up the DagBag from /home/airflow/.local/lib/python3.12/site-packages/airflow/example_dags/example_dag_decorator.py
[2025-04-18T05:58:54.045+0000] {processor.py:925} INFO - DAG(s) 'example_dag_decorator' retrieved from /home/airflow/.local/lib/python3.12/site-packages/airflow/example_dags/example_dag_decorator.py
[2025-04-18T05:58:54.345+0000] {logging_mixin.py:190} INFO - [2025-04-18T05:58:54.344+0000] {dag.py:3239} INFO - Sync 1 DAGs
[2025-04-18T05:58:54.371+0000] {logging_mixin.py:190} INFO - [2025-04-18T05:58:54.370+0000] {dag.py:4180} INFO - Setting next_dagrun for example_dag_decorator to None, run_after=None
[2025-04-18T05:58:54.420+0000] {processor.py:208} INFO - Processing /home/airflow/.local/lib/python3.12/site-packages/airflow/example_dags/example_dag_decorator.py took 0.458 seconds
[2025-04-18T05:59:45.460+0000] {processor.py:186} INFO - Started process (PID=1752) to work on /home/airflow/.local/lib/python3.12/site-packages/airflow/example_dags/example_dag_decorator.py
[2025-04-18T05:59:45.483+0000] {processor.py:914} INFO - Processing file /home/airflow/.local/lib/python3.12/site-packages/airflow/example_dags/example_dag_decorator.py for tasks to queue
[2025-04-18T05:59:45.518+0000] {logging_mixin.py:190} INFO - [2025-04-18T05:59:45.515+0000] {dagbag.py:588} INFO - Filling up the DagBag from /home/airflow/.local/lib/python3.12/site-packages/airflow/example_dags/example_dag_decorator.py
[2025-04-18T05:59:45.603+0000] {processor.py:925} INFO - DAG(s) 'example_dag_decorator' retrieved from /home/airflow/.local/lib/python3.12/site-packages/airflow/example_dags/example_dag_decorator.py
[2025-04-18T05:59:46.737+0000] {logging_mixin.py:190} INFO - [2025-04-18T05:59:46.734+0000] {dag.py:3239} INFO - Sync 1 DAGs
[2025-04-18T05:59:46.840+0000] {logging_mixin.py:190} INFO - [2025-04-18T05:59:46.840+0000] {dag.py:4180} INFO - Setting next_dagrun for example_dag_decorator to None, run_after=None
[2025-04-18T05:59:46.958+0000] {processor.py:208} INFO - Processing /home/airflow/.local/lib/python3.12/site-packages/airflow/example_dags/example_dag_decorator.py took 1.602 seconds
[2025-04-18T06:00:51.735+0000] {processor.py:186} INFO - Started process (PID=2079) to work on /home/airflow/.local/lib/python3.12/site-packages/airflow/example_dags/example_dag_decorator.py
[2025-04-18T06:00:51.751+0000] {processor.py:914} INFO - Processing file /home/airflow/.local/lib/python3.12/site-packages/airflow/example_dags/example_dag_decorator.py for tasks to queue
[2025-04-18T06:00:51.781+0000] {logging_mixin.py:190} INFO - [2025-04-18T06:00:51.779+0000] {dagbag.py:588} INFO - Filling up the DagBag from /home/airflow/.local/lib/python3.12/site-packages/airflow/example_dags/example_dag_decorator.py
[2025-04-18T06:00:51.872+0000] {processor.py:925} INFO - DAG(s) 'example_dag_decorator' retrieved from /home/airflow/.local/lib/python3.12/site-packages/airflow/example_dags/example_dag_decorator.py
[2025-04-18T06:00:52.369+0000] {logging_mixin.py:190} INFO - [2025-04-18T06:00:52.368+0000] {dag.py:3239} INFO - Sync 1 DAGs
[2025-04-18T06:00:52.397+0000] {logging_mixin.py:190} INFO - [2025-04-18T06:00:52.397+0000] {dag.py:4180} INFO - Setting next_dagrun for example_dag_decorator to None, run_after=None
[2025-04-18T06:00:52.802+0000] {processor.py:208} INFO - Processing /home/airflow/.local/lib/python3.12/site-packages/airflow/example_dags/example_dag_decorator.py took 1.084 seconds
