[2025-04-18T05:57:07.464+0000] {processor.py:186} INFO - Started process (PID=396) to work on /home/airflow/.local/lib/python3.12/site-packages/airflow/example_dags/example_datasets.py
[2025-04-18T05:57:07.467+0000] {processor.py:914} INFO - Processing file /home/airflow/.local/lib/python3.12/site-packages/airflow/example_dags/example_datasets.py for tasks to queue
[2025-04-18T05:57:07.473+0000] {logging_mixin.py:190} INFO - [2025-04-18T05:57:07.472+0000] {dagbag.py:588} INFO - Filling up the DagBag from /home/airflow/.local/lib/python3.12/site-packages/airflow/example_dags/example_datasets.py
[2025-04-18T05:57:08.823+0000] {processor.py:925} INFO - DAG(s) 'dataset_produces_1', 'consume_1_and_2_with_dataset_expressions', 'dataset_produces_2', 'dataset_consumes_1_and_2', 'dataset_consumes_unknown_never_scheduled', 'conditional_dataset_and_time_based_timetable', 'consume_1_or_2_with_dataset_expressions', 'dataset_consumes_1', 'consume_1_or_both_2_and_3_with_dataset_expressions', 'dataset_consumes_1_never_scheduled' retrieved from /home/airflow/.local/lib/python3.12/site-packages/airflow/example_dags/example_datasets.py
[2025-04-18T05:57:09.010+0000] {logging_mixin.py:190} INFO - [2025-04-18T05:57:09.009+0000] {dag.py:3239} INFO - Sync 10 DAGs
[2025-04-18T05:57:09.115+0000] {logging_mixin.py:190} INFO - [2025-04-18T05:57:09.114+0000] {dag.py:4180} INFO - Setting next_dagrun for conditional_dataset_and_time_based_timetable to 2025-04-16 01:00:00+00:00, run_after=2025-04-16 01:00:00+00:00
[2025-04-18T05:57:09.127+0000] {logging_mixin.py:190} INFO - [2025-04-18T05:57:09.127+0000] {dag.py:4180} INFO - Setting next_dagrun for consume_1_and_2_with_dataset_expressions to None, run_after=None
[2025-04-18T05:57:09.131+0000] {logging_mixin.py:190} INFO - [2025-04-18T05:57:09.131+0000] {dag.py:4180} INFO - Setting next_dagrun for consume_1_or_2_with_dataset_expressions to None, run_after=None
[2025-04-18T05:57:09.135+0000] {logging_mixin.py:190} INFO - [2025-04-18T05:57:09.135+0000] {dag.py:4180} INFO - Setting next_dagrun for consume_1_or_both_2_and_3_with_dataset_expressions to None, run_after=None
[2025-04-18T05:57:09.140+0000] {logging_mixin.py:190} INFO - [2025-04-18T05:57:09.140+0000] {dag.py:4180} INFO - Setting next_dagrun for dataset_consumes_1 to None, run_after=None
[2025-04-18T05:57:09.145+0000] {logging_mixin.py:190} INFO - [2025-04-18T05:57:09.144+0000] {dag.py:4180} INFO - Setting next_dagrun for dataset_consumes_1_and_2 to None, run_after=None
[2025-04-18T05:57:09.149+0000] {logging_mixin.py:190} INFO - [2025-04-18T05:57:09.149+0000] {dag.py:4180} INFO - Setting next_dagrun for dataset_consumes_1_never_scheduled to None, run_after=None
[2025-04-18T05:57:09.155+0000] {logging_mixin.py:190} INFO - [2025-04-18T05:57:09.155+0000] {dag.py:4180} INFO - Setting next_dagrun for dataset_consumes_unknown_never_scheduled to None, run_after=None
[2025-04-18T05:57:09.167+0000] {logging_mixin.py:190} INFO - [2025-04-18T05:57:09.167+0000] {dag.py:4180} INFO - Setting next_dagrun for dataset_produces_1 to 2025-04-17 00:00:00+00:00, run_after=2025-04-18 00:00:00+00:00
[2025-04-18T05:57:09.175+0000] {logging_mixin.py:190} INFO - [2025-04-18T05:57:09.175+0000] {dag.py:4180} INFO - Setting next_dagrun for dataset_produces_2 to None, run_after=None
[2025-04-18T05:57:09.311+0000] {processor.py:208} INFO - Processing /home/airflow/.local/lib/python3.12/site-packages/airflow/example_dags/example_datasets.py took 1.863 seconds
[2025-04-18T05:57:39.521+0000] {processor.py:186} INFO - Started process (PID=704) to work on /home/airflow/.local/lib/python3.12/site-packages/airflow/example_dags/example_datasets.py
[2025-04-18T05:57:39.524+0000] {processor.py:914} INFO - Processing file /home/airflow/.local/lib/python3.12/site-packages/airflow/example_dags/example_datasets.py for tasks to queue
[2025-04-18T05:57:39.533+0000] {logging_mixin.py:190} INFO - [2025-04-18T05:57:39.531+0000] {dagbag.py:588} INFO - Filling up the DagBag from /home/airflow/.local/lib/python3.12/site-packages/airflow/example_dags/example_datasets.py
[2025-04-18T05:57:40.913+0000] {processor.py:925} INFO - DAG(s) 'consume_1_or_both_2_and_3_with_dataset_expressions', 'dataset_produces_1', 'dataset_consumes_unknown_never_scheduled', 'dataset_produces_2', 'dataset_consumes_1', 'dataset_consumes_1_and_2', 'conditional_dataset_and_time_based_timetable', 'consume_1_or_2_with_dataset_expressions', 'dataset_consumes_1_never_scheduled', 'consume_1_and_2_with_dataset_expressions' retrieved from /home/airflow/.local/lib/python3.12/site-packages/airflow/example_dags/example_datasets.py
[2025-04-18T05:57:41.031+0000] {logging_mixin.py:190} INFO - [2025-04-18T05:57:41.030+0000] {dag.py:3239} INFO - Sync 10 DAGs
[2025-04-18T05:57:41.118+0000] {logging_mixin.py:190} INFO - [2025-04-18T05:57:41.117+0000] {dag.py:4180} INFO - Setting next_dagrun for conditional_dataset_and_time_based_timetable to 2025-04-16 01:00:00+00:00, run_after=2025-04-16 01:00:00+00:00
[2025-04-18T05:57:41.132+0000] {logging_mixin.py:190} INFO - [2025-04-18T05:57:41.131+0000] {dag.py:4180} INFO - Setting next_dagrun for consume_1_and_2_with_dataset_expressions to None, run_after=None
[2025-04-18T05:57:41.140+0000] {logging_mixin.py:190} INFO - [2025-04-18T05:57:41.139+0000] {dag.py:4180} INFO - Setting next_dagrun for consume_1_or_2_with_dataset_expressions to None, run_after=None
[2025-04-18T05:57:41.146+0000] {logging_mixin.py:190} INFO - [2025-04-18T05:57:41.145+0000] {dag.py:4180} INFO - Setting next_dagrun for consume_1_or_both_2_and_3_with_dataset_expressions to None, run_after=None
[2025-04-18T05:57:41.152+0000] {logging_mixin.py:190} INFO - [2025-04-18T05:57:41.151+0000] {dag.py:4180} INFO - Setting next_dagrun for dataset_consumes_1 to None, run_after=None
[2025-04-18T05:57:41.157+0000] {logging_mixin.py:190} INFO - [2025-04-18T05:57:41.156+0000] {dag.py:4180} INFO - Setting next_dagrun for dataset_consumes_1_and_2 to None, run_after=None
[2025-04-18T05:57:41.162+0000] {logging_mixin.py:190} INFO - [2025-04-18T05:57:41.162+0000] {dag.py:4180} INFO - Setting next_dagrun for dataset_consumes_1_never_scheduled to None, run_after=None
[2025-04-18T05:57:41.166+0000] {logging_mixin.py:190} INFO - [2025-04-18T05:57:41.166+0000] {dag.py:4180} INFO - Setting next_dagrun for dataset_consumes_unknown_never_scheduled to None, run_after=None
[2025-04-18T05:57:41.180+0000] {logging_mixin.py:190} INFO - [2025-04-18T05:57:41.179+0000] {dag.py:4180} INFO - Setting next_dagrun for dataset_produces_1 to 2025-04-17 00:00:00+00:00, run_after=2025-04-18 00:00:00+00:00
[2025-04-18T05:57:41.188+0000] {logging_mixin.py:190} INFO - [2025-04-18T05:57:41.188+0000] {dag.py:4180} INFO - Setting next_dagrun for dataset_produces_2 to None, run_after=None
[2025-04-18T05:57:41.358+0000] {processor.py:208} INFO - Processing /home/airflow/.local/lib/python3.12/site-packages/airflow/example_dags/example_datasets.py took 1.848 seconds
[2025-04-18T05:58:11.579+0000] {processor.py:186} INFO - Started process (PID=1030) to work on /home/airflow/.local/lib/python3.12/site-packages/airflow/example_dags/example_datasets.py
[2025-04-18T05:58:11.584+0000] {processor.py:914} INFO - Processing file /home/airflow/.local/lib/python3.12/site-packages/airflow/example_dags/example_datasets.py for tasks to queue
[2025-04-18T05:58:11.593+0000] {logging_mixin.py:190} INFO - [2025-04-18T05:58:11.592+0000] {dagbag.py:588} INFO - Filling up the DagBag from /home/airflow/.local/lib/python3.12/site-packages/airflow/example_dags/example_datasets.py
[2025-04-18T05:58:12.988+0000] {processor.py:925} INFO - DAG(s) 'consume_1_and_2_with_dataset_expressions', 'dataset_consumes_1', 'consume_1_or_2_with_dataset_expressions', 'dataset_consumes_1_and_2', 'consume_1_or_both_2_and_3_with_dataset_expressions', 'conditional_dataset_and_time_based_timetable', 'dataset_consumes_unknown_never_scheduled', 'dataset_produces_2', 'dataset_produces_1', 'dataset_consumes_1_never_scheduled' retrieved from /home/airflow/.local/lib/python3.12/site-packages/airflow/example_dags/example_datasets.py
[2025-04-18T05:58:13.137+0000] {logging_mixin.py:190} INFO - [2025-04-18T05:58:13.136+0000] {dag.py:3239} INFO - Sync 10 DAGs
[2025-04-18T05:58:13.200+0000] {logging_mixin.py:190} INFO - [2025-04-18T05:58:13.199+0000] {dag.py:4180} INFO - Setting next_dagrun for conditional_dataset_and_time_based_timetable to 2025-04-16 01:00:00+00:00, run_after=2025-04-16 01:00:00+00:00
[2025-04-18T05:58:13.211+0000] {logging_mixin.py:190} INFO - [2025-04-18T05:58:13.210+0000] {dag.py:4180} INFO - Setting next_dagrun for consume_1_and_2_with_dataset_expressions to None, run_after=None
[2025-04-18T05:58:13.216+0000] {logging_mixin.py:190} INFO - [2025-04-18T05:58:13.216+0000] {dag.py:4180} INFO - Setting next_dagrun for consume_1_or_2_with_dataset_expressions to None, run_after=None
[2025-04-18T05:58:13.221+0000] {logging_mixin.py:190} INFO - [2025-04-18T05:58:13.221+0000] {dag.py:4180} INFO - Setting next_dagrun for consume_1_or_both_2_and_3_with_dataset_expressions to None, run_after=None
[2025-04-18T05:58:13.226+0000] {logging_mixin.py:190} INFO - [2025-04-18T05:58:13.225+0000] {dag.py:4180} INFO - Setting next_dagrun for dataset_consumes_1 to None, run_after=None
[2025-04-18T05:58:13.233+0000] {logging_mixin.py:190} INFO - [2025-04-18T05:58:13.232+0000] {dag.py:4180} INFO - Setting next_dagrun for dataset_consumes_1_and_2 to None, run_after=None
[2025-04-18T05:58:13.238+0000] {logging_mixin.py:190} INFO - [2025-04-18T05:58:13.237+0000] {dag.py:4180} INFO - Setting next_dagrun for dataset_consumes_1_never_scheduled to None, run_after=None
[2025-04-18T05:58:13.243+0000] {logging_mixin.py:190} INFO - [2025-04-18T05:58:13.243+0000] {dag.py:4180} INFO - Setting next_dagrun for dataset_consumes_unknown_never_scheduled to None, run_after=None
[2025-04-18T05:58:13.253+0000] {logging_mixin.py:190} INFO - [2025-04-18T05:58:13.252+0000] {dag.py:4180} INFO - Setting next_dagrun for dataset_produces_1 to 2025-04-17 00:00:00+00:00, run_after=2025-04-18 00:00:00+00:00
[2025-04-18T05:58:13.258+0000] {logging_mixin.py:190} INFO - [2025-04-18T05:58:13.257+0000] {dag.py:4180} INFO - Setting next_dagrun for dataset_produces_2 to None, run_after=None
[2025-04-18T05:58:13.388+0000] {processor.py:208} INFO - Processing /home/airflow/.local/lib/python3.12/site-packages/airflow/example_dags/example_datasets.py took 1.822 seconds
[2025-04-18T05:58:43.654+0000] {processor.py:186} INFO - Started process (PID=1333) to work on /home/airflow/.local/lib/python3.12/site-packages/airflow/example_dags/example_datasets.py
[2025-04-18T05:58:43.658+0000] {processor.py:914} INFO - Processing file /home/airflow/.local/lib/python3.12/site-packages/airflow/example_dags/example_datasets.py for tasks to queue
[2025-04-18T05:58:43.667+0000] {logging_mixin.py:190} INFO - [2025-04-18T05:58:43.666+0000] {dagbag.py:588} INFO - Filling up the DagBag from /home/airflow/.local/lib/python3.12/site-packages/airflow/example_dags/example_datasets.py
[2025-04-18T05:58:45.004+0000] {processor.py:925} INFO - DAG(s) 'dataset_consumes_1', 'dataset_produces_1', 'consume_1_and_2_with_dataset_expressions', 'consume_1_or_2_with_dataset_expressions', 'dataset_consumes_unknown_never_scheduled', 'consume_1_or_both_2_and_3_with_dataset_expressions', 'dataset_consumes_1_never_scheduled', 'dataset_produces_2', 'dataset_consumes_1_and_2', 'conditional_dataset_and_time_based_timetable' retrieved from /home/airflow/.local/lib/python3.12/site-packages/airflow/example_dags/example_datasets.py
[2025-04-18T05:58:45.207+0000] {logging_mixin.py:190} INFO - [2025-04-18T05:58:45.206+0000] {dag.py:3239} INFO - Sync 10 DAGs
[2025-04-18T05:58:45.281+0000] {logging_mixin.py:190} INFO - [2025-04-18T05:58:45.280+0000] {dag.py:4180} INFO - Setting next_dagrun for conditional_dataset_and_time_based_timetable to 2025-04-16 01:00:00+00:00, run_after=2025-04-16 01:00:00+00:00
[2025-04-18T05:58:45.298+0000] {logging_mixin.py:190} INFO - [2025-04-18T05:58:45.297+0000] {dag.py:4180} INFO - Setting next_dagrun for consume_1_and_2_with_dataset_expressions to None, run_after=None
[2025-04-18T05:58:45.307+0000] {logging_mixin.py:190} INFO - [2025-04-18T05:58:45.307+0000] {dag.py:4180} INFO - Setting next_dagrun for consume_1_or_2_with_dataset_expressions to None, run_after=None
[2025-04-18T05:58:45.316+0000] {logging_mixin.py:190} INFO - [2025-04-18T05:58:45.315+0000] {dag.py:4180} INFO - Setting next_dagrun for consume_1_or_both_2_and_3_with_dataset_expressions to None, run_after=None
[2025-04-18T05:58:45.323+0000] {logging_mixin.py:190} INFO - [2025-04-18T05:58:45.322+0000] {dag.py:4180} INFO - Setting next_dagrun for dataset_consumes_1 to None, run_after=None
[2025-04-18T05:58:45.331+0000] {logging_mixin.py:190} INFO - [2025-04-18T05:58:45.331+0000] {dag.py:4180} INFO - Setting next_dagrun for dataset_consumes_1_and_2 to None, run_after=None
[2025-04-18T05:58:45.344+0000] {logging_mixin.py:190} INFO - [2025-04-18T05:58:45.343+0000] {dag.py:4180} INFO - Setting next_dagrun for dataset_consumes_1_never_scheduled to None, run_after=None
[2025-04-18T05:58:45.354+0000] {logging_mixin.py:190} INFO - [2025-04-18T05:58:45.353+0000] {dag.py:4180} INFO - Setting next_dagrun for dataset_consumes_unknown_never_scheduled to None, run_after=None
[2025-04-18T05:58:45.369+0000] {logging_mixin.py:190} INFO - [2025-04-18T05:58:45.369+0000] {dag.py:4180} INFO - Setting next_dagrun for dataset_produces_1 to 2025-04-17 00:00:00+00:00, run_after=2025-04-18 00:00:00+00:00
[2025-04-18T05:58:45.378+0000] {logging_mixin.py:190} INFO - [2025-04-18T05:58:45.378+0000] {dag.py:4180} INFO - Setting next_dagrun for dataset_produces_2 to None, run_after=None
[2025-04-18T05:58:45.683+0000] {processor.py:208} INFO - Processing /home/airflow/.local/lib/python3.12/site-packages/airflow/example_dags/example_datasets.py took 2.050 seconds
[2025-04-18T05:59:18.570+0000] {processor.py:186} INFO - Started process (PID=1654) to work on /home/airflow/.local/lib/python3.12/site-packages/airflow/example_dags/example_datasets.py
[2025-04-18T05:59:18.588+0000] {processor.py:914} INFO - Processing file /home/airflow/.local/lib/python3.12/site-packages/airflow/example_dags/example_datasets.py for tasks to queue
[2025-04-18T05:59:18.636+0000] {logging_mixin.py:190} INFO - [2025-04-18T05:59:18.615+0000] {dagbag.py:588} INFO - Filling up the DagBag from /home/airflow/.local/lib/python3.12/site-packages/airflow/example_dags/example_datasets.py
[2025-04-18T05:59:25.378+0000] {processor.py:925} INFO - DAG(s) 'dataset_consumes_1_never_scheduled', 'dataset_produces_2', 'dataset_consumes_1_and_2', 'conditional_dataset_and_time_based_timetable', 'dataset_consumes_unknown_never_scheduled', 'consume_1_and_2_with_dataset_expressions', 'consume_1_or_both_2_and_3_with_dataset_expressions', 'dataset_consumes_1', 'dataset_produces_1', 'consume_1_or_2_with_dataset_expressions' retrieved from /home/airflow/.local/lib/python3.12/site-packages/airflow/example_dags/example_datasets.py
[2025-04-18T05:59:26.296+0000] {logging_mixin.py:190} INFO - [2025-04-18T05:59:26.295+0000] {dag.py:3239} INFO - Sync 10 DAGs
[2025-04-18T05:59:26.611+0000] {logging_mixin.py:190} INFO - [2025-04-18T05:59:26.610+0000] {dag.py:4180} INFO - Setting next_dagrun for conditional_dataset_and_time_based_timetable to 2025-04-16 01:00:00+00:00, run_after=2025-04-16 01:00:00+00:00
[2025-04-18T05:59:26.666+0000] {logging_mixin.py:190} INFO - [2025-04-18T05:59:26.663+0000] {dag.py:4180} INFO - Setting next_dagrun for consume_1_and_2_with_dataset_expressions to None, run_after=None
[2025-04-18T05:59:26.696+0000] {logging_mixin.py:190} INFO - [2025-04-18T05:59:26.695+0000] {dag.py:4180} INFO - Setting next_dagrun for consume_1_or_2_with_dataset_expressions to None, run_after=None
[2025-04-18T05:59:26.717+0000] {logging_mixin.py:190} INFO - [2025-04-18T05:59:26.716+0000] {dag.py:4180} INFO - Setting next_dagrun for consume_1_or_both_2_and_3_with_dataset_expressions to None, run_after=None
[2025-04-18T05:59:26.743+0000] {logging_mixin.py:190} INFO - [2025-04-18T05:59:26.739+0000] {dag.py:4180} INFO - Setting next_dagrun for dataset_consumes_1 to None, run_after=None
[2025-04-18T05:59:26.758+0000] {logging_mixin.py:190} INFO - [2025-04-18T05:59:26.757+0000] {dag.py:4180} INFO - Setting next_dagrun for dataset_consumes_1_and_2 to None, run_after=None
[2025-04-18T05:59:26.773+0000] {logging_mixin.py:190} INFO - [2025-04-18T05:59:26.771+0000] {dag.py:4180} INFO - Setting next_dagrun for dataset_consumes_1_never_scheduled to None, run_after=None
[2025-04-18T05:59:26.783+0000] {logging_mixin.py:190} INFO - [2025-04-18T05:59:26.781+0000] {dag.py:4180} INFO - Setting next_dagrun for dataset_consumes_unknown_never_scheduled to None, run_after=None
[2025-04-18T05:59:26.818+0000] {logging_mixin.py:190} INFO - [2025-04-18T05:59:26.817+0000] {dag.py:4180} INFO - Setting next_dagrun for dataset_produces_1 to 2025-04-17 00:00:00+00:00, run_after=2025-04-18 00:00:00+00:00
[2025-04-18T05:59:26.835+0000] {logging_mixin.py:190} INFO - [2025-04-18T05:59:26.832+0000] {dag.py:4180} INFO - Setting next_dagrun for dataset_produces_2 to None, run_after=None
[2025-04-18T05:59:27.268+0000] {processor.py:208} INFO - Processing /home/airflow/.local/lib/python3.12/site-packages/airflow/example_dags/example_datasets.py took 8.735 seconds
[2025-04-18T06:00:43.006+0000] {processor.py:186} INFO - Started process (PID=2028) to work on /home/airflow/.local/lib/python3.12/site-packages/airflow/example_dags/example_datasets.py
[2025-04-18T06:00:43.038+0000] {processor.py:914} INFO - Processing file /home/airflow/.local/lib/python3.12/site-packages/airflow/example_dags/example_datasets.py for tasks to queue
[2025-04-18T06:00:43.053+0000] {logging_mixin.py:190} INFO - [2025-04-18T06:00:43.052+0000] {dagbag.py:588} INFO - Filling up the DagBag from /home/airflow/.local/lib/python3.12/site-packages/airflow/example_dags/example_datasets.py
[2025-04-18T06:00:45.803+0000] {processor.py:925} INFO - DAG(s) 'consume_1_or_2_with_dataset_expressions', 'dataset_produces_1', 'consume_1_and_2_with_dataset_expressions', 'dataset_consumes_1', 'consume_1_or_both_2_and_3_with_dataset_expressions', 'conditional_dataset_and_time_based_timetable', 'dataset_produces_2', 'dataset_consumes_1_never_scheduled', 'dataset_consumes_unknown_never_scheduled', 'dataset_consumes_1_and_2' retrieved from /home/airflow/.local/lib/python3.12/site-packages/airflow/example_dags/example_datasets.py
[2025-04-18T06:00:46.614+0000] {logging_mixin.py:190} INFO - [2025-04-18T06:00:46.613+0000] {dag.py:3239} INFO - Sync 10 DAGs
[2025-04-18T06:00:47.103+0000] {logging_mixin.py:190} INFO - [2025-04-18T06:00:47.101+0000] {dag.py:4180} INFO - Setting next_dagrun for conditional_dataset_and_time_based_timetable to 2025-04-16 01:00:00+00:00, run_after=2025-04-16 01:00:00+00:00
[2025-04-18T06:00:47.141+0000] {logging_mixin.py:190} INFO - [2025-04-18T06:00:47.138+0000] {dag.py:4180} INFO - Setting next_dagrun for consume_1_and_2_with_dataset_expressions to None, run_after=None
[2025-04-18T06:00:47.156+0000] {logging_mixin.py:190} INFO - [2025-04-18T06:00:47.155+0000] {dag.py:4180} INFO - Setting next_dagrun for consume_1_or_2_with_dataset_expressions to None, run_after=None
[2025-04-18T06:00:47.180+0000] {logging_mixin.py:190} INFO - [2025-04-18T06:00:47.179+0000] {dag.py:4180} INFO - Setting next_dagrun for consume_1_or_both_2_and_3_with_dataset_expressions to None, run_after=None
[2025-04-18T06:00:47.210+0000] {logging_mixin.py:190} INFO - [2025-04-18T06:00:47.208+0000] {dag.py:4180} INFO - Setting next_dagrun for dataset_consumes_1 to None, run_after=None
[2025-04-18T06:00:47.228+0000] {logging_mixin.py:190} INFO - [2025-04-18T06:00:47.227+0000] {dag.py:4180} INFO - Setting next_dagrun for dataset_consumes_1_and_2 to None, run_after=None
[2025-04-18T06:00:47.260+0000] {logging_mixin.py:190} INFO - [2025-04-18T06:00:47.256+0000] {dag.py:4180} INFO - Setting next_dagrun for dataset_consumes_1_never_scheduled to None, run_after=None
[2025-04-18T06:00:47.325+0000] {logging_mixin.py:190} INFO - [2025-04-18T06:00:47.323+0000] {dag.py:4180} INFO - Setting next_dagrun for dataset_consumes_unknown_never_scheduled to None, run_after=None
[2025-04-18T06:00:47.450+0000] {logging_mixin.py:190} INFO - [2025-04-18T06:00:47.450+0000] {dag.py:4180} INFO - Setting next_dagrun for dataset_produces_1 to 2025-04-17 00:00:00+00:00, run_after=2025-04-18 00:00:00+00:00
[2025-04-18T06:00:47.543+0000] {logging_mixin.py:190} INFO - [2025-04-18T06:00:47.523+0000] {dag.py:4180} INFO - Setting next_dagrun for dataset_produces_2 to None, run_after=None
[2025-04-18T06:00:48.742+0000] {processor.py:208} INFO - Processing /home/airflow/.local/lib/python3.12/site-packages/airflow/example_dags/example_datasets.py took 5.764 seconds
