[2025-04-18T05:57:00.193+0000] {processor.py:186} INFO - Started process (PID=296) to work on /home/airflow/.local/lib/python3.12/site-packages/airflow/example_dags/example_task_group_decorator.py
[2025-04-18T05:57:00.195+0000] {processor.py:914} INFO - Processing file /home/airflow/.local/lib/python3.12/site-packages/airflow/example_dags/example_task_group_decorator.py for tasks to queue
[2025-04-18T05:57:00.201+0000] {logging_mixin.py:190} INFO - [2025-04-18T05:57:00.201+0000] {dagbag.py:588} INFO - Filling up the DagBag from /home/airflow/.local/lib/python3.12/site-packages/airflow/example_dags/example_task_group_decorator.py
[2025-04-18T05:57:00.265+0000] {processor.py:925} INFO - DAG(s) 'example_task_group_decorator' retrieved from /home/airflow/.local/lib/python3.12/site-packages/airflow/example_dags/example_task_group_decorator.py
[2025-04-18T05:57:00.336+0000] {logging_mixin.py:190} INFO - [2025-04-18T05:57:00.335+0000] {dag.py:3239} INFO - Sync 1 DAGs
[2025-04-18T05:57:00.377+0000] {logging_mixin.py:190} INFO - [2025-04-18T05:57:00.376+0000] {dag.py:4180} INFO - Setting next_dagrun for example_task_group_decorator to None, run_after=None
[2025-04-18T05:57:01.104+0000] {processor.py:208} INFO - Processing /home/airflow/.local/lib/python3.12/site-packages/airflow/example_dags/example_task_group_decorator.py took 0.929 seconds
[2025-04-18T05:57:31.447+0000] {processor.py:186} INFO - Started process (PID=586) to work on /home/airflow/.local/lib/python3.12/site-packages/airflow/example_dags/example_task_group_decorator.py
[2025-04-18T05:57:31.449+0000] {processor.py:914} INFO - Processing file /home/airflow/.local/lib/python3.12/site-packages/airflow/example_dags/example_task_group_decorator.py for tasks to queue
[2025-04-18T05:57:31.455+0000] {logging_mixin.py:190} INFO - [2025-04-18T05:57:31.454+0000] {dagbag.py:588} INFO - Filling up the DagBag from /home/airflow/.local/lib/python3.12/site-packages/airflow/example_dags/example_task_group_decorator.py
[2025-04-18T05:57:31.489+0000] {processor.py:925} INFO - DAG(s) 'example_task_group_decorator' retrieved from /home/airflow/.local/lib/python3.12/site-packages/airflow/example_dags/example_task_group_decorator.py
[2025-04-18T05:57:31.532+0000] {logging_mixin.py:190} INFO - [2025-04-18T05:57:31.531+0000] {dag.py:3239} INFO - Sync 1 DAGs
[2025-04-18T05:57:31.557+0000] {logging_mixin.py:190} INFO - [2025-04-18T05:57:31.556+0000] {dag.py:4180} INFO - Setting next_dagrun for example_task_group_decorator to None, run_after=None
[2025-04-18T05:57:31.599+0000] {processor.py:208} INFO - Processing /home/airflow/.local/lib/python3.12/site-packages/airflow/example_dags/example_task_group_decorator.py took 0.162 seconds
[2025-04-18T05:58:02.111+0000] {processor.py:186} INFO - Started process (PID=891) to work on /home/airflow/.local/lib/python3.12/site-packages/airflow/example_dags/example_task_group_decorator.py
[2025-04-18T05:58:02.114+0000] {processor.py:914} INFO - Processing file /home/airflow/.local/lib/python3.12/site-packages/airflow/example_dags/example_task_group_decorator.py for tasks to queue
[2025-04-18T05:58:02.129+0000] {logging_mixin.py:190} INFO - [2025-04-18T05:58:02.126+0000] {dagbag.py:588} INFO - Filling up the DagBag from /home/airflow/.local/lib/python3.12/site-packages/airflow/example_dags/example_task_group_decorator.py
[2025-04-18T05:58:02.197+0000] {processor.py:925} INFO - DAG(s) 'example_task_group_decorator' retrieved from /home/airflow/.local/lib/python3.12/site-packages/airflow/example_dags/example_task_group_decorator.py
[2025-04-18T05:58:02.271+0000] {logging_mixin.py:190} INFO - [2025-04-18T05:58:02.271+0000] {dag.py:3239} INFO - Sync 1 DAGs
[2025-04-18T05:58:02.316+0000] {logging_mixin.py:190} INFO - [2025-04-18T05:58:02.315+0000] {dag.py:4180} INFO - Setting next_dagrun for example_task_group_decorator to None, run_after=None
[2025-04-18T05:58:02.398+0000] {processor.py:208} INFO - Processing /home/airflow/.local/lib/python3.12/site-packages/airflow/example_dags/example_task_group_decorator.py took 0.309 seconds
[2025-04-18T05:58:32.904+0000] {processor.py:186} INFO - Started process (PID=1190) to work on /home/airflow/.local/lib/python3.12/site-packages/airflow/example_dags/example_task_group_decorator.py
[2025-04-18T05:58:32.909+0000] {processor.py:914} INFO - Processing file /home/airflow/.local/lib/python3.12/site-packages/airflow/example_dags/example_task_group_decorator.py for tasks to queue
[2025-04-18T05:58:32.915+0000] {logging_mixin.py:190} INFO - [2025-04-18T05:58:32.914+0000] {dagbag.py:588} INFO - Filling up the DagBag from /home/airflow/.local/lib/python3.12/site-packages/airflow/example_dags/example_task_group_decorator.py
[2025-04-18T05:58:32.950+0000] {processor.py:925} INFO - DAG(s) 'example_task_group_decorator' retrieved from /home/airflow/.local/lib/python3.12/site-packages/airflow/example_dags/example_task_group_decorator.py
[2025-04-18T05:58:32.989+0000] {logging_mixin.py:190} INFO - [2025-04-18T05:58:32.989+0000] {dag.py:3239} INFO - Sync 1 DAGs
[2025-04-18T05:58:33.014+0000] {logging_mixin.py:190} INFO - [2025-04-18T05:58:33.014+0000] {dag.py:4180} INFO - Setting next_dagrun for example_task_group_decorator to None, run_after=None
[2025-04-18T05:58:33.065+0000] {processor.py:208} INFO - Processing /home/airflow/.local/lib/python3.12/site-packages/airflow/example_dags/example_task_group_decorator.py took 0.172 seconds
[2025-04-18T05:59:04.019+0000] {processor.py:186} INFO - Started process (PID=1483) to work on /home/airflow/.local/lib/python3.12/site-packages/airflow/example_dags/example_task_group_decorator.py
[2025-04-18T05:59:04.027+0000] {processor.py:914} INFO - Processing file /home/airflow/.local/lib/python3.12/site-packages/airflow/example_dags/example_task_group_decorator.py for tasks to queue
[2025-04-18T05:59:04.033+0000] {logging_mixin.py:190} INFO - [2025-04-18T05:59:04.032+0000] {dagbag.py:588} INFO - Filling up the DagBag from /home/airflow/.local/lib/python3.12/site-packages/airflow/example_dags/example_task_group_decorator.py
[2025-04-18T05:59:04.065+0000] {processor.py:925} INFO - DAG(s) 'example_task_group_decorator' retrieved from /home/airflow/.local/lib/python3.12/site-packages/airflow/example_dags/example_task_group_decorator.py
[2025-04-18T05:59:04.108+0000] {logging_mixin.py:190} INFO - [2025-04-18T05:59:04.108+0000] {dag.py:3239} INFO - Sync 1 DAGs
[2025-04-18T05:59:04.133+0000] {logging_mixin.py:190} INFO - [2025-04-18T05:59:04.133+0000] {dag.py:4180} INFO - Setting next_dagrun for example_task_group_decorator to None, run_after=None
[2025-04-18T05:59:04.320+0000] {processor.py:208} INFO - Processing /home/airflow/.local/lib/python3.12/site-packages/airflow/example_dags/example_task_group_decorator.py took 0.312 seconds
[2025-04-18T05:59:53.844+0000] {processor.py:186} INFO - Started process (PID=1807) to work on /home/airflow/.local/lib/python3.12/site-packages/airflow/example_dags/example_task_group_decorator.py
[2025-04-18T05:59:53.852+0000] {processor.py:914} INFO - Processing file /home/airflow/.local/lib/python3.12/site-packages/airflow/example_dags/example_task_group_decorator.py for tasks to queue
[2025-04-18T05:59:54.022+0000] {logging_mixin.py:190} INFO - [2025-04-18T05:59:54.014+0000] {dagbag.py:588} INFO - Filling up the DagBag from /home/airflow/.local/lib/python3.12/site-packages/airflow/example_dags/example_task_group_decorator.py
[2025-04-18T05:59:54.447+0000] {processor.py:925} INFO - DAG(s) 'example_task_group_decorator' retrieved from /home/airflow/.local/lib/python3.12/site-packages/airflow/example_dags/example_task_group_decorator.py
[2025-04-18T05:59:54.571+0000] {logging_mixin.py:190} INFO - [2025-04-18T05:59:54.571+0000] {dag.py:3239} INFO - Sync 1 DAGs
[2025-04-18T05:59:54.689+0000] {logging_mixin.py:190} INFO - [2025-04-18T05:59:54.688+0000] {dag.py:4180} INFO - Setting next_dagrun for example_task_group_decorator to None, run_after=None
[2025-04-18T05:59:55.076+0000] {processor.py:208} INFO - Processing /home/airflow/.local/lib/python3.12/site-packages/airflow/example_dags/example_task_group_decorator.py took 1.395 seconds
[2025-04-18T06:00:54.735+0000] {processor.py:186} INFO - Started process (PID=2104) to work on /home/airflow/.local/lib/python3.12/site-packages/airflow/example_dags/example_task_group_decorator.py
[2025-04-18T06:00:54.750+0000] {processor.py:914} INFO - Processing file /home/airflow/.local/lib/python3.12/site-packages/airflow/example_dags/example_task_group_decorator.py for tasks to queue
[2025-04-18T06:00:54.795+0000] {logging_mixin.py:190} INFO - [2025-04-18T06:00:54.791+0000] {dagbag.py:588} INFO - Filling up the DagBag from /home/airflow/.local/lib/python3.12/site-packages/airflow/example_dags/example_task_group_decorator.py
[2025-04-18T06:00:54.955+0000] {processor.py:925} INFO - DAG(s) 'example_task_group_decorator' retrieved from /home/airflow/.local/lib/python3.12/site-packages/airflow/example_dags/example_task_group_decorator.py
[2025-04-18T06:00:55.255+0000] {logging_mixin.py:190} INFO - [2025-04-18T06:00:55.255+0000] {dag.py:3239} INFO - Sync 1 DAGs
[2025-04-18T06:00:55.314+0000] {logging_mixin.py:190} INFO - [2025-04-18T06:00:55.313+0000] {dag.py:4180} INFO - Setting next_dagrun for example_task_group_decorator to None, run_after=None
[2025-04-18T06:00:55.462+0000] {processor.py:208} INFO - Processing /home/airflow/.local/lib/python3.12/site-packages/airflow/example_dags/example_task_group_decorator.py took 0.781 seconds
