[2025-04-07T15:55:26.283+0000] {local_task_job_runner.py:123} INFO - ::group::Pre task execution logs
[2025-04-07T15:55:26.444+0000] {taskinstance.py:2613} INFO - Dependencies all met for dep_context=non-requeueable deps ti=<TaskInstance: perbaikan_skripsi.predict_and_store_result scheduled__2025-04-07T15:44:00+00:00 [queued]>
[2025-04-07T15:55:26.556+0000] {taskinstance.py:2613} INFO - Dependencies all met for dep_context=requeueable deps ti=<TaskInstance: perbaikan_skripsi.predict_and_store_result scheduled__2025-04-07T15:44:00+00:00 [queued]>
[2025-04-07T15:55:26.560+0000] {taskinstance.py:2866} INFO - Starting attempt 1 of 4
[2025-04-07T15:55:26.801+0000] {taskinstance.py:2889} INFO - Executing <Task(PythonOperator): predict_and_store_result> on 2025-04-07 15:44:00+00:00
[2025-04-07T15:55:26.911+0000] {logging_mixin.py:190} WARNING - /home/airflow/.local/lib/python3.12/site-packages/airflow/task/task_runner/standard_task_runner.py:70 DeprecationWarning: This process (pid=29700) is multi-threaded, use of fork() may lead to deadlocks in the child.
[2025-04-07T15:55:26.925+0000] {standard_task_runner.py:72} INFO - Started process 29755 to run task
[2025-04-07T15:55:26.937+0000] {standard_task_runner.py:104} INFO - Running: ['airflow', 'tasks', 'run', 'perbaikan_skripsi', 'predict_and_store_result', 'scheduled__2025-04-07T15:44:00+00:00', '--job-id', '2813', '--raw', '--subdir', 'DAGS_FOLDER/tugas_akhir.py', '--cfg-path', '/tmp/tmpcympnzrp']
[2025-04-07T15:55:26.952+0000] {standard_task_runner.py:105} INFO - Job 2813: Subtask predict_and_store_result
[2025-04-07T15:55:27.322+0000] {task_command.py:467} INFO - Running <TaskInstance: perbaikan_skripsi.predict_and_store_result scheduled__2025-04-07T15:44:00+00:00 [running]> on host a9576c91091e
[2025-04-07T15:55:28.034+0000] {taskinstance.py:3132} INFO - Exporting env vars: AIRFLOW_CTX_DAG_OWNER='Dion Rikki' AIRFLOW_CTX_DAG_ID='perbaikan_skripsi' AIRFLOW_CTX_TASK_ID='predict_and_store_result' AIRFLOW_CTX_EXECUTION_DATE='2025-04-07T15:44:00+00:00' AIRFLOW_CTX_TRY_NUMBER='1' AIRFLOW_CTX_DAG_RUN_ID='scheduled__2025-04-07T15:44:00+00:00'
[2025-04-07T15:55:28.040+0000] {logging_mixin.py:190} INFO - Task instance is in running state
[2025-04-07T15:55:28.062+0000] {logging_mixin.py:190} INFO -  Previous state of the Task instance: queued
[2025-04-07T15:55:28.066+0000] {logging_mixin.py:190} INFO - Current task name:predict_and_store_result state:running start_date:2025-04-07 15:55:26.448130+00:00
[2025-04-07T15:55:28.069+0000] {logging_mixin.py:190} INFO - Dag name:perbaikan_skripsi and current dag run status:running
[2025-04-07T15:55:28.072+0000] {taskinstance.py:731} INFO - ::endgroup::
[2025-04-07T15:55:28.078+0000] {logging_mixin.py:190} INFO - 🔍 [2] Memproses data dan melakukan prediksi...
[2025-04-07T15:55:28.223+0000] {logging_mixin.py:190} INFO - ✅ Data siap diproses: 1 baris
    id  Temperature  Humidity  ...  nitrogen phosphorous potassium
0  532         25.8      86.0  ...     100.0       277.0     272.0

[1 rows x 9 columns]
[2025-04-07T15:55:28.226+0000] {logging_mixin.py:190} INFO - 📝 Menyesuaikan nama kolom dengan model training...
[2025-04-07T15:55:28.236+0000] {logging_mixin.py:190} INFO - 🔧 Melakukan encoding kategori Soil_Type dan Crop_Type...
[2025-04-07T15:55:28.251+0000] {logging_mixin.py:190} INFO - ❌ Gagal saat encoding: y contains previously unseen labels: 'Rice'
[2025-04-07T15:55:28.258+0000] {python.py:240} INFO - Done. Returned value was: None
[2025-04-07T15:55:28.306+0000] {taskinstance.py:340} INFO - ::group::Post task execution logs
[2025-04-07T15:55:28.322+0000] {taskinstance.py:352} INFO - Marking task as SUCCESS. dag_id=perbaikan_skripsi, task_id=predict_and_store_result, run_id=scheduled__2025-04-07T15:44:00+00:00, execution_date=20250407T154400, start_date=20250407T155526, end_date=20250407T155528
[2025-04-07T15:55:28.409+0000] {logging_mixin.py:190} INFO - Task instance in success state
[2025-04-07T15:55:28.423+0000] {logging_mixin.py:190} INFO -  Previous state of the Task instance: running
[2025-04-07T15:55:28.427+0000] {logging_mixin.py:190} INFO - Dag name:perbaikan_skripsi queued_at:2025-04-07 15:46:00.033016+00:00
[2025-04-07T15:55:28.431+0000] {logging_mixin.py:190} INFO - Task hostname:a9576c91091e operator:PythonOperator
[2025-04-07T15:55:28.557+0000] {local_task_job_runner.py:266} INFO - Task exited with return code 0
[2025-04-07T15:55:28.749+0000] {taskinstance.py:3895} INFO - 0 downstream tasks scheduled from follow-on schedule check
[2025-04-07T15:55:28.755+0000] {local_task_job_runner.py:245} INFO - ::endgroup::
