[2025-04-07T14:59:59.027+0000] {local_task_job_runner.py:123} INFO - ::group::Pre task execution logs
[2025-04-07T14:59:59.171+0000] {taskinstance.py:2613} INFO - Dependencies all met for dep_context=non-requeueable deps ti=<TaskInstance: skripsi_perbaikan.wait_for_new_data scheduled__2025-03-16T13:14:00+00:00 [queued]>
[2025-04-07T14:59:59.244+0000] {taskinstance.py:2613} INFO - Dependencies all met for dep_context=requeueable deps ti=<TaskInstance: skripsi_perbaikan.wait_for_new_data scheduled__2025-03-16T13:14:00+00:00 [queued]>
[2025-04-07T14:59:59.250+0000] {taskinstance.py:2866} INFO - Starting attempt 5 of 8
[2025-04-07T14:59:59.354+0000] {taskinstance.py:2889} INFO - Executing <Task(SqlSensor): wait_for_new_data> on 2025-03-16 13:14:00+00:00
[2025-04-07T14:59:59.408+0000] {standard_task_runner.py:104} INFO - Running: ['airflow', 'tasks', 'run', 'skripsi_perbaikan', 'wait_for_new_data', 'scheduled__2025-03-16T13:14:00+00:00', '--job-id', '2360', '--raw', '--subdir', 'DAGS_FOLDER/tugas_akhir.py', '--cfg-path', '/tmp/tmprzrtp1my']
[2025-04-07T14:59:59.423+0000] {standard_task_runner.py:105} INFO - Job 2360: Subtask wait_for_new_data
[2025-04-07T14:59:59.431+0000] {logging_mixin.py:190} WARNING - /home/airflow/.local/lib/python3.12/site-packages/airflow/task/task_runner/standard_task_runner.py:70 DeprecationWarning: This process (pid=654) is multi-threaded, use of fork() may lead to deadlocks in the child.
[2025-04-07T14:59:59.442+0000] {standard_task_runner.py:72} INFO - Started process 700 to run task
[2025-04-07T14:59:59.705+0000] {task_command.py:467} INFO - Running <TaskInstance: skripsi_perbaikan.wait_for_new_data scheduled__2025-03-16T13:14:00+00:00 [running]> on host a9576c91091e
[2025-04-07T15:00:00.219+0000] {taskinstance.py:3132} INFO - Exporting env vars: AIRFLOW_CTX_DAG_OWNER='Dion Rikki' AIRFLOW_CTX_DAG_ID='skripsi_perbaikan' AIRFLOW_CTX_TASK_ID='wait_for_new_data' AIRFLOW_CTX_EXECUTION_DATE='2025-03-16T13:14:00+00:00' AIRFLOW_CTX_TRY_NUMBER='5' AIRFLOW_CTX_DAG_RUN_ID='scheduled__2025-03-16T13:14:00+00:00'
[2025-04-07T15:00:00.224+0000] {logging_mixin.py:190} INFO - Task instance is in running state
[2025-04-07T15:00:00.233+0000] {logging_mixin.py:190} INFO -  Previous state of the Task instance: queued
[2025-04-07T15:00:00.239+0000] {logging_mixin.py:190} INFO - Current task name:wait_for_new_data state:running start_date:2025-04-07 14:59:59.184835+00:00
[2025-04-07T15:00:00.240+0000] {logging_mixin.py:190} INFO - Dag name:skripsi_perbaikan and current dag run status:running
[2025-04-07T15:00:00.245+0000] {taskinstance.py:731} INFO - ::endgroup::
[2025-04-07T15:00:00.330+0000] {base.py:84} INFO - Retrieving connection 'mysql_default'
[2025-04-07T15:00:00.346+0000] {sql.py:101} INFO - Poking: 
            SELECT COUNT(*) 
            FROM tugas_akhir_sensordata s
            WHERE s.timestamp >= NOW() - INTERVAL 5 MINUTE
            AND s.soil_type IS NOT NULL
            AND s.crop_type IS NOT NULL
            AND NOT EXISTS (
                SELECT 1 
                FROM fertilizer_predictions f
                WHERE f.sensor_data_id = s.id
            )
         (with parameters None)
[2025-04-07T15:00:00.385+0000] {base.py:84} INFO - Retrieving connection 'mysql_default'
[2025-04-07T15:00:00.420+0000] {sql.py:553} INFO - Running statement: 
            SELECT COUNT(*) 
            FROM tugas_akhir_sensordata s
            WHERE s.timestamp >= NOW() - INTERVAL 5 MINUTE
            AND s.soil_type IS NOT NULL
            AND s.crop_type IS NOT NULL
            AND NOT EXISTS (
                SELECT 1 
                FROM fertilizer_predictions f
                WHERE f.sensor_data_id = s.id
            )
        , parameters: None
[2025-04-07T15:00:00.430+0000] {sql.py:562} INFO - Rows affected: 1
[2025-04-07T15:00:00.562+0000] {taskinstance.py:309} INFO - Rescheduling task, marking task as UP_FOR_RESCHEDULE
[2025-04-07T15:00:00.564+0000] {taskinstance.py:340} INFO - ::group::Post task execution logs
[2025-04-07T15:00:00.618+0000] {local_task_job_runner.py:266} INFO - Task exited with return code 0
[2025-04-07T15:00:00.749+0000] {taskinstance.py:3895} INFO - 0 downstream tasks scheduled from follow-on schedule check
[2025-04-07T15:00:00.757+0000] {local_task_job_runner.py:245} INFO - ::endgroup::
