[2025-02-25T17:34:50.631+0000] {local_task_job_runner.py:123} INFO - ::group::Pre task execution logs
[2025-02-25T17:34:50.709+0000] {taskinstance.py:2613} INFO - Dependencies all met for dep_context=non-requeueable deps ti=<TaskInstance: tugas_kita.wait_for_new_data manual__2025-02-25T17:29:39.269222+00:00 [queued]>
[2025-02-25T17:34:50.744+0000] {taskinstance.py:2613} INFO - Dependencies all met for dep_context=requeueable deps ti=<TaskInstance: tugas_kita.wait_for_new_data manual__2025-02-25T17:29:39.269222+00:00 [queued]>
[2025-02-25T17:34:50.745+0000] {taskinstance.py:2866} INFO - Starting attempt 2 of 6
[2025-02-25T17:34:50.816+0000] {taskinstance.py:2889} INFO - Executing <Task(SqlSensor): wait_for_new_data> on 2025-02-25 17:29:39.269222+00:00
[2025-02-25T17:34:50.865+0000] {logging_mixin.py:190} WARNING - /home/airflow/.local/lib/python3.12/site-packages/airflow/task/task_runner/standard_task_runner.py:70 DeprecationWarning: This process (pid=15220) is multi-threaded, use of fork() may lead to deadlocks in the child.
[2025-02-25T17:34:50.873+0000] {standard_task_runner.py:72} INFO - Started process 15260 to run task
[2025-02-25T17:34:50.880+0000] {standard_task_runner.py:104} INFO - Running: ['airflow', 'tasks', 'run', 'tugas_kita', 'wait_for_new_data', 'manual__2025-02-25T17:29:39.269222+00:00', '--job-id', '25', '--raw', '--subdir', 'DAGS_FOLDER/tugas_akhir.py', '--cfg-path', '/tmp/tmplervky5w']
[2025-02-25T17:34:50.889+0000] {standard_task_runner.py:105} INFO - Job 25: Subtask wait_for_new_data
[2025-02-25T17:34:51.099+0000] {task_command.py:467} INFO - Running <TaskInstance: tugas_kita.wait_for_new_data manual__2025-02-25T17:29:39.269222+00:00 [running]> on host d22a487e6b55
[2025-02-25T17:34:51.406+0000] {taskinstance.py:3132} INFO - Exporting env vars: AIRFLOW_CTX_DAG_OWNER='Dion Rikki' AIRFLOW_CTX_DAG_ID='tugas_kita' AIRFLOW_CTX_TASK_ID='wait_for_new_data' AIRFLOW_CTX_EXECUTION_DATE='2025-02-25T17:29:39.269222+00:00' AIRFLOW_CTX_TRY_NUMBER='2' AIRFLOW_CTX_DAG_RUN_ID='manual__2025-02-25T17:29:39.269222+00:00'
[2025-02-25T17:34:51.410+0000] {logging_mixin.py:190} INFO - Task instance is in running state
[2025-02-25T17:34:51.412+0000] {logging_mixin.py:190} INFO -  Previous state of the Task instance: queued
[2025-02-25T17:34:51.415+0000] {logging_mixin.py:190} INFO - Current task name:wait_for_new_data state:running start_date:2025-02-25 17:34:50.713504+00:00
[2025-02-25T17:34:51.417+0000] {logging_mixin.py:190} INFO - Dag name:tugas_kita and current dag run status:running
[2025-02-25T17:34:51.421+0000] {taskinstance.py:731} INFO - ::endgroup::
[2025-02-25T17:34:51.442+0000] {base.py:84} INFO - Retrieving connection 'mysql_default'
[2025-02-25T17:34:51.453+0000] {sql.py:101} INFO - Poking: SELECT COUNT(*) FROM tugas_akhir_sensordata WHERE timestamp >= NOW() - INTERVAL 5 MINUTE (with parameters None)
[2025-02-25T17:34:51.467+0000] {base.py:84} INFO - Retrieving connection 'mysql_default'
[2025-02-25T17:34:51.481+0000] {sql.py:553} INFO - Running statement: SELECT COUNT(*) FROM tugas_akhir_sensordata WHERE timestamp >= NOW() - INTERVAL 5 MINUTE, parameters: None
[2025-02-25T17:34:51.484+0000] {sql.py:562} INFO - Rows affected: 1
[2025-02-25T17:35:51.511+0000] {base.py:84} INFO - Retrieving connection 'mysql_default'
[2025-02-25T17:35:51.512+0000] {sql.py:101} INFO - Poking: SELECT COUNT(*) FROM tugas_akhir_sensordata WHERE timestamp >= NOW() - INTERVAL 5 MINUTE (with parameters None)
[2025-02-25T17:35:51.525+0000] {base.py:84} INFO - Retrieving connection 'mysql_default'
[2025-02-25T17:35:51.531+0000] {sql.py:553} INFO - Running statement: SELECT COUNT(*) FROM tugas_akhir_sensordata WHERE timestamp >= NOW() - INTERVAL 5 MINUTE, parameters: None
[2025-02-25T17:35:51.533+0000] {sql.py:562} INFO - Rows affected: 1
[2025-02-25T17:36:51.544+0000] {base.py:84} INFO - Retrieving connection 'mysql_default'
[2025-02-25T17:36:51.545+0000] {sql.py:101} INFO - Poking: SELECT COUNT(*) FROM tugas_akhir_sensordata WHERE timestamp >= NOW() - INTERVAL 5 MINUTE (with parameters None)
[2025-02-25T17:36:51.557+0000] {base.py:84} INFO - Retrieving connection 'mysql_default'
[2025-02-25T17:36:51.562+0000] {sql.py:553} INFO - Running statement: SELECT COUNT(*) FROM tugas_akhir_sensordata WHERE timestamp >= NOW() - INTERVAL 5 MINUTE, parameters: None
[2025-02-25T17:36:51.565+0000] {sql.py:562} INFO - Rows affected: 1
[2025-02-25T17:37:51.576+0000] {base.py:84} INFO - Retrieving connection 'mysql_default'
[2025-02-25T17:37:51.577+0000] {sql.py:101} INFO - Poking: SELECT COUNT(*) FROM tugas_akhir_sensordata WHERE timestamp >= NOW() - INTERVAL 5 MINUTE (with parameters None)
[2025-02-25T17:37:51.593+0000] {base.py:84} INFO - Retrieving connection 'mysql_default'
[2025-02-25T17:37:51.598+0000] {sql.py:553} INFO - Running statement: SELECT COUNT(*) FROM tugas_akhir_sensordata WHERE timestamp >= NOW() - INTERVAL 5 MINUTE, parameters: None
[2025-02-25T17:37:51.600+0000] {sql.py:562} INFO - Rows affected: 1
[2025-02-25T17:38:51.618+0000] {base.py:84} INFO - Retrieving connection 'mysql_default'
[2025-02-25T17:38:51.619+0000] {sql.py:101} INFO - Poking: SELECT COUNT(*) FROM tugas_akhir_sensordata WHERE timestamp >= NOW() - INTERVAL 5 MINUTE (with parameters None)
[2025-02-25T17:38:51.647+0000] {base.py:84} INFO - Retrieving connection 'mysql_default'
[2025-02-25T17:38:51.657+0000] {sql.py:553} INFO - Running statement: SELECT COUNT(*) FROM tugas_akhir_sensordata WHERE timestamp >= NOW() - INTERVAL 5 MINUTE, parameters: None
[2025-02-25T17:38:51.659+0000] {sql.py:562} INFO - Rows affected: 1
[2025-02-25T17:39:51.674+0000] {base.py:84} INFO - Retrieving connection 'mysql_default'
[2025-02-25T17:39:51.675+0000] {sql.py:101} INFO - Poking: SELECT COUNT(*) FROM tugas_akhir_sensordata WHERE timestamp >= NOW() - INTERVAL 5 MINUTE (with parameters None)
[2025-02-25T17:39:51.686+0000] {base.py:84} INFO - Retrieving connection 'mysql_default'
[2025-02-25T17:39:51.690+0000] {sql.py:553} INFO - Running statement: SELECT COUNT(*) FROM tugas_akhir_sensordata WHERE timestamp >= NOW() - INTERVAL 5 MINUTE, parameters: None
[2025-02-25T17:39:51.693+0000] {sql.py:562} INFO - Rows affected: 1
[2025-02-25T17:40:51.704+0000] {base.py:84} INFO - Retrieving connection 'mysql_default'
[2025-02-25T17:40:51.705+0000] {sql.py:101} INFO - Poking: SELECT COUNT(*) FROM tugas_akhir_sensordata WHERE timestamp >= NOW() - INTERVAL 5 MINUTE (with parameters None)
[2025-02-25T17:40:51.718+0000] {base.py:84} INFO - Retrieving connection 'mysql_default'
[2025-02-25T17:40:51.722+0000] {sql.py:553} INFO - Running statement: SELECT COUNT(*) FROM tugas_akhir_sensordata WHERE timestamp >= NOW() - INTERVAL 5 MINUTE, parameters: None
[2025-02-25T17:40:51.725+0000] {sql.py:562} INFO - Rows affected: 1
[2025-02-25T17:40:51.728+0000] {base.py:336} INFO - Success criteria met. Exiting.
[2025-02-25T17:40:51.747+0000] {taskinstance.py:340} INFO - ::group::Post task execution logs
[2025-02-25T17:40:51.748+0000] {taskinstance.py:352} INFO - Marking task as SUCCESS. dag_id=tugas_kita, task_id=wait_for_new_data, run_id=manual__2025-02-25T17:29:39.269222+00:00, execution_date=20250225T172939, start_date=20250225T173450, end_date=20250225T174051
[2025-02-25T17:40:51.779+0000] {logging_mixin.py:190} INFO - Task instance in success state
[2025-02-25T17:40:51.780+0000] {logging_mixin.py:190} INFO -  Previous state of the Task instance: running
[2025-02-25T17:40:51.781+0000] {logging_mixin.py:190} INFO - Dag name:tugas_kita queued_at:2025-02-25 17:29:39.329250+00:00
[2025-02-25T17:40:51.783+0000] {logging_mixin.py:190} INFO - Task hostname:d22a487e6b55 operator:SqlSensor
[2025-02-25T17:40:51.829+0000] {local_task_job_runner.py:266} INFO - Task exited with return code 0
[2025-02-25T17:40:51.914+0000] {taskinstance.py:3895} INFO - 1 downstream tasks scheduled from follow-on schedule check
[2025-02-25T17:40:51.931+0000] {local_task_job_runner.py:245} INFO - ::endgroup::
