[2025-03-02T12:08:33.914+0000] {local_task_job_runner.py:123} INFO - ::group::Pre task execution logs
[2025-03-02T12:08:33.960+0000] {taskinstance.py:2613} INFO - Dependencies all met for dep_context=non-requeueable deps ti=<TaskInstance: skripsi_2.wait_for_new_data scheduled__2025-03-02T12:02:00+00:00 [queued]>
[2025-03-02T12:08:33.989+0000] {taskinstance.py:2613} INFO - Dependencies all met for dep_context=requeueable deps ti=<TaskInstance: skripsi_2.wait_for_new_data scheduled__2025-03-02T12:02:00+00:00 [queued]>
[2025-03-02T12:08:33.990+0000] {taskinstance.py:2866} INFO - Starting attempt 5 of 6
[2025-03-02T12:08:34.031+0000] {taskinstance.py:2889} INFO - Executing <Task(SqlSensor): wait_for_new_data> on 2025-03-02 12:02:00+00:00
[2025-03-02T12:08:34.048+0000] {logging_mixin.py:190} WARNING - /home/airflow/.local/lib/python3.12/site-packages/airflow/task/task_runner/standard_task_runner.py:70 DeprecationWarning: This process (pid=4589) is multi-threaded, use of fork() may lead to deadlocks in the child.
[2025-03-02T12:08:34.048+0000] {standard_task_runner.py:104} INFO - Running: ['airflow', 'tasks', 'run', 'skripsi_2', 'wait_for_new_data', 'scheduled__2025-03-02T12:02:00+00:00', '--job-id', '17391', '--raw', '--subdir', 'DAGS_FOLDER/tugas_akhir.py', '--cfg-path', '/tmp/tmp22cejsyx']
[2025-03-02T12:08:34.051+0000] {standard_task_runner.py:105} INFO - Job 17391: Subtask wait_for_new_data
[2025-03-02T12:08:34.050+0000] {standard_task_runner.py:72} INFO - Started process 4635 to run task
[2025-03-02T12:08:34.139+0000] {task_command.py:467} INFO - Running <TaskInstance: skripsi_2.wait_for_new_data scheduled__2025-03-02T12:02:00+00:00 [running]> on host ef7692401a0a
[2025-03-02T12:08:34.303+0000] {taskinstance.py:3132} INFO - Exporting env vars: AIRFLOW_CTX_DAG_OWNER='Dion Rikki' AIRFLOW_CTX_DAG_ID='skripsi_2' AIRFLOW_CTX_TASK_ID='wait_for_new_data' AIRFLOW_CTX_EXECUTION_DATE='2025-03-02T12:02:00+00:00' AIRFLOW_CTX_TRY_NUMBER='5' AIRFLOW_CTX_DAG_RUN_ID='scheduled__2025-03-02T12:02:00+00:00'
[2025-03-02T12:08:34.307+0000] {logging_mixin.py:190} INFO - Task instance is in running state
[2025-03-02T12:08:34.309+0000] {logging_mixin.py:190} INFO -  Previous state of the Task instance: queued
[2025-03-02T12:08:34.311+0000] {logging_mixin.py:190} INFO - Current task name:wait_for_new_data state:running start_date:2025-03-02 12:08:33.962865+00:00
[2025-03-02T12:08:34.314+0000] {logging_mixin.py:190} INFO - Dag name:skripsi_2 and current dag run status:running
[2025-03-02T12:08:34.318+0000] {taskinstance.py:731} INFO - ::endgroup::
[2025-03-02T12:08:34.360+0000] {base.py:84} INFO - Retrieving connection 'mysql_default'
[2025-03-02T12:08:34.369+0000] {sql.py:101} INFO - Poking: 
            SELECT COUNT(*) 
            FROM tugas_akhir_sensordata s
            WHERE s.timestamp >= NOW() - INTERVAL 5 MINUTE
            AND NOT EXISTS (
                SELECT 1 
                FROM fertilizer_predictions f
                WHERE f.id = s.id
            )
         (with parameters None)
[2025-03-02T12:08:34.385+0000] {base.py:84} INFO - Retrieving connection 'mysql_default'
[2025-03-02T12:08:34.396+0000] {sql.py:553} INFO - Running statement: 
            SELECT COUNT(*) 
            FROM tugas_akhir_sensordata s
            WHERE s.timestamp >= NOW() - INTERVAL 5 MINUTE
            AND NOT EXISTS (
                SELECT 1 
                FROM fertilizer_predictions f
                WHERE f.id = s.id
            )
        , parameters: None
[2025-03-02T12:08:34.399+0000] {sql.py:562} INFO - Rows affected: 1
[2025-03-02T12:08:34.439+0000] {taskinstance.py:309} INFO - Rescheduling task, marking task as UP_FOR_RESCHEDULE
[2025-03-02T12:08:34.440+0000] {taskinstance.py:340} INFO - ::group::Post task execution logs
[2025-03-02T12:08:34.491+0000] {local_task_job_runner.py:266} INFO - Task exited with return code 0
[2025-03-02T12:08:34.545+0000] {taskinstance.py:3895} INFO - 0 downstream tasks scheduled from follow-on schedule check
[2025-03-02T12:08:34.548+0000] {local_task_job_runner.py:245} INFO - ::endgroup::
