[2025-04-07T15:05:26.506+0000] {local_task_job_runner.py:123} INFO - ::group::Pre task execution logs
[2025-04-07T15:05:26.944+0000] {taskinstance.py:2613} INFO - Dependencies all met for dep_context=non-requeueable deps ti=<TaskInstance: skripsi_perbaikan.predict_and_store_result scheduled__2025-03-16T13:30:00+00:00 [queued]>
[2025-04-07T15:05:27.082+0000] {taskinstance.py:2613} INFO - Dependencies all met for dep_context=requeueable deps ti=<TaskInstance: skripsi_perbaikan.predict_and_store_result scheduled__2025-03-16T13:30:00+00:00 [queued]>
[2025-04-07T15:05:27.093+0000] {taskinstance.py:2866} INFO - Starting attempt 2 of 5
[2025-04-07T15:05:27.407+0000] {taskinstance.py:2889} INFO - Executing <Task(PythonOperator): predict_and_store_result> on 2025-03-16 13:30:00+00:00
[2025-04-07T15:05:27.609+0000] {logging_mixin.py:190} WARNING - /home/airflow/.local/lib/python3.12/site-packages/airflow/task/task_runner/standard_task_runner.py:70 DeprecationWarning: This process (pid=2805) is multi-threaded, use of fork() may lead to deadlocks in the child.
[2025-04-07T15:05:27.610+0000] {standard_task_runner.py:104} INFO - Running: ['airflow', 'tasks', 'run', 'skripsi_perbaikan', 'predict_and_store_result', 'scheduled__2025-03-16T13:30:00+00:00', '--job-id', '2452', '--raw', '--subdir', 'DAGS_FOLDER/tugas_akhir.py', '--cfg-path', '/tmp/tmp3pwfzcap']
[2025-04-07T15:05:27.627+0000] {standard_task_runner.py:72} INFO - Started process 2948 to run task
[2025-04-07T15:05:27.623+0000] {standard_task_runner.py:105} INFO - Job 2452: Subtask predict_and_store_result
[2025-04-07T15:05:28.181+0000] {task_command.py:467} INFO - Running <TaskInstance: skripsi_perbaikan.predict_and_store_result scheduled__2025-03-16T13:30:00+00:00 [running]> on host a9576c91091e
[2025-04-07T15:05:30.173+0000] {taskinstance.py:3132} INFO - Exporting env vars: AIRFLOW_CTX_DAG_OWNER='Dion Rikki' AIRFLOW_CTX_DAG_ID='skripsi_perbaikan' AIRFLOW_CTX_TASK_ID='predict_and_store_result' AIRFLOW_CTX_EXECUTION_DATE='2025-03-16T13:30:00+00:00' AIRFLOW_CTX_TRY_NUMBER='2' AIRFLOW_CTX_DAG_RUN_ID='scheduled__2025-03-16T13:30:00+00:00'
[2025-04-07T15:05:30.245+0000] {logging_mixin.py:190} INFO - Task instance is in running state
[2025-04-07T15:05:30.301+0000] {logging_mixin.py:190} INFO -  Previous state of the Task instance: queued
[2025-04-07T15:05:30.316+0000] {logging_mixin.py:190} INFO - Current task name:predict_and_store_result state:running start_date:2025-04-07 15:05:26.947240+00:00
[2025-04-07T15:05:30.336+0000] {logging_mixin.py:190} INFO - Dag name:skripsi_perbaikan and current dag run status:running
[2025-04-07T15:05:30.375+0000] {taskinstance.py:731} INFO - ::endgroup::
[2025-04-07T15:05:30.378+0000] {logging_mixin.py:190} INFO - 🔍 [2] Memproses data dan melakukan prediksi...
[2025-04-07T15:05:31.062+0000] {logging_mixin.py:190} INFO - ✅ Data siap diproses: 1 baris
    id  Temperature  Humidity  ...  nitrogen phosphorous potassium
0  298         26.2      82.0  ...     112.0       306.0     301.0

[1 rows x 9 columns]
[2025-04-07T15:05:31.069+0000] {logging_mixin.py:190} INFO - 📝 Menyesuaikan nama kolom dengan model training...
[2025-04-07T15:05:31.122+0000] {logging_mixin.py:190} INFO - 🔧 Melakukan encoding kategori Soil_Type dan Crop_Type...
[2025-04-07T15:05:31.160+0000] {logging_mixin.py:190} INFO - 🧠 Menyiapkan fitur untuk prediksi...
[2025-04-07T15:05:31.181+0000] {logging_mixin.py:190} INFO - 🤖 Menjalankan model prediksi...
[2025-04-07T15:05:31.466+0000] {logging_mixin.py:190} INFO - ✅ Prediksi selesai:
    id predicted_fertilizer
0  298                 Urea
[2025-04-07T15:05:31.477+0000] {logging_mixin.py:190} INFO - 💾 Menyimpan hasil ke tabel fertilizer_predictions...
[2025-04-07T15:05:31.974+0000] {logging_mixin.py:190} INFO - ❌ Error saat menyimpan ke database: (pymysql.err.IntegrityError) (1062, "Duplicate entry '298' for key 'fertilizer_predictions.sensor_data_id'")
[SQL: INSERT INTO fertilizer_predictions (sensor_data_id, predicted_fertilizer, created_at) VALUES (%(sensor_data_id)s, %(predicted_fertilizer)s, %(created_at)s)]
[parameters: {'sensor_data_id': 298, 'predicted_fertilizer': 'Urea', 'created_at': datetime.datetime(2025, 4, 7, 15, 5, 31, 543608)}]
(Background on this error at: https://sqlalche.me/e/14/gkpj)
[2025-04-07T15:05:32.027+0000] {python.py:240} INFO - Done. Returned value was: None
[2025-04-07T15:05:32.178+0000] {taskinstance.py:340} INFO - ::group::Post task execution logs
[2025-04-07T15:05:32.193+0000] {taskinstance.py:352} INFO - Marking task as SUCCESS. dag_id=skripsi_perbaikan, task_id=predict_and_store_result, run_id=scheduled__2025-03-16T13:30:00+00:00, execution_date=20250316T133000, start_date=20250407T150526, end_date=20250407T150532
[2025-04-07T15:05:33.301+0000] {logging_mixin.py:190} INFO - Task instance in success state
[2025-04-07T15:05:33.305+0000] {logging_mixin.py:190} INFO -  Previous state of the Task instance: running
[2025-04-07T15:05:33.309+0000] {logging_mixin.py:190} INFO - Dag name:skripsi_perbaikan queued_at:2025-04-07 14:47:44.285257+00:00
[2025-04-07T15:05:33.314+0000] {logging_mixin.py:190} INFO - Task hostname:a9576c91091e operator:PythonOperator
[2025-04-07T15:05:33.401+0000] {local_task_job_runner.py:266} INFO - Task exited with return code 0
[2025-04-07T15:05:33.476+0000] {taskinstance.py:3895} INFO - 0 downstream tasks scheduled from follow-on schedule check
[2025-04-07T15:05:33.485+0000] {local_task_job_runner.py:245} INFO - ::endgroup::
