[2025-02-25T20:23:19.042+0000] {local_task_job_runner.py:123} INFO - ::group::Pre task execution logs
[2025-02-25T20:23:19.071+0000] {taskinstance.py:2613} INFO - Dependencies all met for dep_context=non-requeueable deps ti=<TaskInstance: skripsi_akhir_perbaikan.predict_and_store_result scheduled__2025-02-25T20:16:00+00:00 [queued]>
[2025-02-25T20:23:19.092+0000] {taskinstance.py:2613} INFO - Dependencies all met for dep_context=requeueable deps ti=<TaskInstance: skripsi_akhir_perbaikan.predict_and_store_result scheduled__2025-02-25T20:16:00+00:00 [queued]>
[2025-02-25T20:23:19.093+0000] {taskinstance.py:2866} INFO - Starting attempt 1 of 6
[2025-02-25T20:23:19.130+0000] {taskinstance.py:2889} INFO - Executing <Task(PythonOperator): predict_and_store_result> on 2025-02-25 20:16:00+00:00
[2025-02-25T20:23:19.149+0000] {logging_mixin.py:190} WARNING - /home/airflow/.local/lib/python3.12/site-packages/airflow/task/task_runner/standard_task_runner.py:70 DeprecationWarning: This process (pid=13295) is multi-threaded, use of fork() may lead to deadlocks in the child.
[2025-02-25T20:23:19.150+0000] {standard_task_runner.py:104} INFO - Running: ['airflow', 'tasks', 'run', 'skripsi_akhir_perbaikan', 'predict_and_store_result', 'scheduled__2025-02-25T20:16:00+00:00', '--job-id', '516', '--raw', '--subdir', 'DAGS_FOLDER/tugas_akhir.py', '--cfg-path', '/tmp/tmppdu2k8yk']
[2025-02-25T20:23:19.153+0000] {standard_task_runner.py:72} INFO - Started process 13343 to run task
[2025-02-25T20:23:19.153+0000] {standard_task_runner.py:105} INFO - Job 516: Subtask predict_and_store_result
[2025-02-25T20:23:19.235+0000] {task_command.py:467} INFO - Running <TaskInstance: skripsi_akhir_perbaikan.predict_and_store_result scheduled__2025-02-25T20:16:00+00:00 [running]> on host d22a487e6b55
[2025-02-25T20:23:19.394+0000] {taskinstance.py:3132} INFO - Exporting env vars: AIRFLOW_CTX_DAG_OWNER='Dion Rikki' AIRFLOW_CTX_DAG_ID='skripsi_akhir_perbaikan' AIRFLOW_CTX_TASK_ID='predict_and_store_result' AIRFLOW_CTX_EXECUTION_DATE='2025-02-25T20:16:00+00:00' AIRFLOW_CTX_TRY_NUMBER='1' AIRFLOW_CTX_DAG_RUN_ID='scheduled__2025-02-25T20:16:00+00:00'
[2025-02-25T20:23:19.397+0000] {logging_mixin.py:190} INFO - Task instance is in running state
[2025-02-25T20:23:19.398+0000] {logging_mixin.py:190} INFO -  Previous state of the Task instance: queued
[2025-02-25T20:23:19.400+0000] {logging_mixin.py:190} INFO - Current task name:predict_and_store_result state:running start_date:2025-02-25 20:23:19.072568+00:00
[2025-02-25T20:23:19.401+0000] {logging_mixin.py:190} INFO - Dag name:skripsi_akhir_perbaikan and current dag run status:running
[2025-02-25T20:23:19.402+0000] {taskinstance.py:731} INFO - ::endgroup::
[2025-02-25T20:23:19.405+0000] {logging_mixin.py:190} INFO - 🔍 [1] Mengambil data dari XCom...
[2025-02-25T20:23:19.418+0000] {logging_mixin.py:190} INFO - ✅ [2] Data diterima dari XCom. Jumlah baris: 1
[2025-02-25T20:23:19.419+0000] {logging_mixin.py:190} INFO - 📊 Data contoh:
[{'Humidity': 85.0, 'Moisture': 25.8}]
[2025-02-25T20:23:19.430+0000] {logging_mixin.py:190} INFO - 🤖 [3] Melakukan prediksi dengan model RandomForest...
[2025-02-25T20:23:19.465+0000] {logging_mixin.py:190} INFO - 📌 [4] Hasil prediksi:
   Humidity  Moisture  Predicted_Fertilizer
0      85.0      25.8                     5
[2025-02-25T20:23:19.466+0000] {logging_mixin.py:190} INFO - 💾 [5] Menyimpan hasil prediksi ke database...
[2025-02-25T20:23:19.497+0000] {logging_mixin.py:190} INFO - ✅ Hasil prediksi berhasil disimpan ke database!
[2025-02-25T20:23:19.498+0000] {python.py:240} INFO - Done. Returned value was: None
[2025-02-25T20:23:19.514+0000] {taskinstance.py:340} INFO - ::group::Post task execution logs
[2025-02-25T20:23:19.515+0000] {taskinstance.py:352} INFO - Marking task as SUCCESS. dag_id=skripsi_akhir_perbaikan, task_id=predict_and_store_result, run_id=scheduled__2025-02-25T20:16:00+00:00, execution_date=20250225T201600, start_date=20250225T202319, end_date=20250225T202319
[2025-02-25T20:23:19.550+0000] {logging_mixin.py:190} INFO - Task instance in success state
[2025-02-25T20:23:19.551+0000] {logging_mixin.py:190} INFO -  Previous state of the Task instance: running
[2025-02-25T20:23:19.553+0000] {logging_mixin.py:190} INFO - Dag name:skripsi_akhir_perbaikan queued_at:2025-02-25 20:18:00.965617+00:00
[2025-02-25T20:23:19.554+0000] {logging_mixin.py:190} INFO - Task hostname:d22a487e6b55 operator:PythonOperator
[2025-02-25T20:23:19.590+0000] {local_task_job_runner.py:266} INFO - Task exited with return code 0
[2025-02-25T20:23:19.617+0000] {taskinstance.py:3895} INFO - 0 downstream tasks scheduled from follow-on schedule check
[2025-02-25T20:23:19.620+0000] {local_task_job_runner.py:245} INFO - ::endgroup::
