[2025-02-25T18:32:11.584+0000] {local_task_job_runner.py:123} INFO - ::group::Pre task execution logs
[2025-02-25T18:32:11.649+0000] {taskinstance.py:2613} INFO - Dependencies all met for dep_context=non-requeueable deps ti=<TaskInstance: tugas_kita.get_data_from_db scheduled__2025-02-25T18:31:00+00:00 [queued]>
[2025-02-25T18:32:11.694+0000] {taskinstance.py:2613} INFO - Dependencies all met for dep_context=requeueable deps ti=<TaskInstance: tugas_kita.get_data_from_db scheduled__2025-02-25T18:31:00+00:00 [queued]>
[2025-02-25T18:32:11.696+0000] {taskinstance.py:2866} INFO - Starting attempt 1 of 6
[2025-02-25T18:32:11.754+0000] {taskinstance.py:2889} INFO - Executing <Task(PythonOperator): get_data_from_db> on 2025-02-25 18:31:00+00:00
[2025-02-25T18:32:11.783+0000] {logging_mixin.py:190} WARNING - /home/airflow/.local/lib/python3.12/site-packages/airflow/task/task_runner/standard_task_runner.py:70 DeprecationWarning: This process (pid=48078) is multi-threaded, use of fork() may lead to deadlocks in the child.
[2025-02-25T18:32:11.787+0000] {standard_task_runner.py:72} INFO - Started process 48151 to run task
[2025-02-25T18:32:11.791+0000] {standard_task_runner.py:104} INFO - Running: ['airflow', 'tasks', 'run', 'tugas_kita', 'get_data_from_db', 'scheduled__2025-02-25T18:31:00+00:00', '--job-id', '86', '--raw', '--subdir', 'DAGS_FOLDER/tugas_akhir.py', '--cfg-path', '/tmp/tmp141kcdt6']
[2025-02-25T18:32:11.795+0000] {standard_task_runner.py:105} INFO - Job 86: Subtask get_data_from_db
[2025-02-25T18:32:12.018+0000] {task_command.py:467} INFO - Running <TaskInstance: tugas_kita.get_data_from_db scheduled__2025-02-25T18:31:00+00:00 [running]> on host d22a487e6b55
[2025-02-25T18:32:12.454+0000] {taskinstance.py:3132} INFO - Exporting env vars: AIRFLOW_CTX_DAG_OWNER='Dion Rikki' AIRFLOW_CTX_DAG_ID='tugas_kita' AIRFLOW_CTX_TASK_ID='get_data_from_db' AIRFLOW_CTX_EXECUTION_DATE='2025-02-25T18:31:00+00:00' AIRFLOW_CTX_TRY_NUMBER='1' AIRFLOW_CTX_DAG_RUN_ID='scheduled__2025-02-25T18:31:00+00:00'
[2025-02-25T18:32:12.458+0000] {logging_mixin.py:190} INFO - Task instance is in running state
[2025-02-25T18:32:12.460+0000] {logging_mixin.py:190} INFO -  Previous state of the Task instance: queued
[2025-02-25T18:32:12.462+0000] {logging_mixin.py:190} INFO - Current task name:get_data_from_db state:running start_date:2025-02-25 18:32:11.652343+00:00
[2025-02-25T18:32:12.464+0000] {logging_mixin.py:190} INFO - Dag name:tugas_kita and current dag run status:running
[2025-02-25T18:32:12.468+0000] {taskinstance.py:731} INFO - ::endgroup::
[2025-02-25T18:32:12.470+0000] {logging_mixin.py:190} INFO - 🔍 [1] Menghubungkan ke database MySQL...
[2025-02-25T18:32:12.560+0000] {logging_mixin.py:190} INFO - 📊 Data yang diambil dari MySQL:
   Humidity  Moisture
0      86.0      25.8
1      86.0      25.8
[2025-02-25T18:32:12.610+0000] {logging_mixin.py:190} INFO - ✅ Data berhasil disimpan ke XCom. Jumlah baris: 2
[2025-02-25T18:32:12.612+0000] {python.py:240} INFO - Done. Returned value was: None
[2025-02-25T18:32:12.640+0000] {taskinstance.py:340} INFO - ::group::Post task execution logs
[2025-02-25T18:32:12.642+0000] {taskinstance.py:352} INFO - Marking task as SUCCESS. dag_id=tugas_kita, task_id=get_data_from_db, run_id=scheduled__2025-02-25T18:31:00+00:00, execution_date=20250225T183100, start_date=20250225T183211, end_date=20250225T183212
[2025-02-25T18:32:12.681+0000] {logging_mixin.py:190} INFO - Task instance in success state
[2025-02-25T18:32:12.683+0000] {logging_mixin.py:190} INFO -  Previous state of the Task instance: running
[2025-02-25T18:32:12.685+0000] {logging_mixin.py:190} INFO - Dag name:tugas_kita queued_at:2025-02-25 18:32:01.048175+00:00
[2025-02-25T18:32:12.688+0000] {logging_mixin.py:190} INFO - Task hostname:d22a487e6b55 operator:PythonOperator
[2025-02-25T18:32:12.727+0000] {local_task_job_runner.py:266} INFO - Task exited with return code 0
[2025-02-25T18:32:12.787+0000] {taskinstance.py:3895} INFO - 1 downstream tasks scheduled from follow-on schedule check
[2025-02-25T18:32:12.811+0000] {local_task_job_runner.py:245} INFO - ::endgroup::
