[2025-04-07T17:13:42.013+0000] {local_task_job_runner.py:123} INFO - ::group::Pre task execution logs
[2025-04-07T17:13:42.118+0000] {taskinstance.py:2613} INFO - Dependencies all met for dep_context=non-requeueable deps ti=<TaskInstance: perbaikan_skripsi.get_data_from_db scheduled__2025-04-07T17:06:00+00:00 [queued]>
[2025-04-07T17:13:42.197+0000] {taskinstance.py:2613} INFO - Dependencies all met for dep_context=requeueable deps ti=<TaskInstance: perbaikan_skripsi.get_data_from_db scheduled__2025-04-07T17:06:00+00:00 [queued]>
[2025-04-07T17:13:42.199+0000] {taskinstance.py:2866} INFO - Starting attempt 1 of 4
[2025-04-07T17:13:42.265+0000] {taskinstance.py:2889} INFO - Executing <Task(PythonOperator): get_data_from_db> on 2025-04-07 17:06:00+00:00
[2025-04-07T17:13:42.302+0000] {logging_mixin.py:190} WARNING - /home/airflow/.local/lib/python3.12/site-packages/airflow/task/task_runner/standard_task_runner.py:70 DeprecationWarning: This process (pid=75243) is multi-threaded, use of fork() may lead to deadlocks in the child.
[2025-04-07T17:13:42.305+0000] {standard_task_runner.py:72} INFO - Started process 75302 to run task
[2025-04-07T17:13:42.306+0000] {standard_task_runner.py:104} INFO - Running: ['airflow', 'tasks', 'run', 'perbaikan_skripsi', 'get_data_from_db', 'scheduled__2025-04-07T17:06:00+00:00', '--job-id', '3128', '--raw', '--subdir', 'DAGS_FOLDER/tugas_akhir.py', '--cfg-path', '/tmp/tmpq0rz_5c8']
[2025-04-07T17:13:42.309+0000] {standard_task_runner.py:105} INFO - Job 3128: Subtask get_data_from_db
[2025-04-07T17:13:42.465+0000] {task_command.py:467} INFO - Running <TaskInstance: perbaikan_skripsi.get_data_from_db scheduled__2025-04-07T17:06:00+00:00 [running]> on host a9576c91091e
[2025-04-07T17:13:42.742+0000] {taskinstance.py:3132} INFO - Exporting env vars: AIRFLOW_CTX_DAG_OWNER='Dion Rikki' AIRFLOW_CTX_DAG_ID='perbaikan_skripsi' AIRFLOW_CTX_TASK_ID='get_data_from_db' AIRFLOW_CTX_EXECUTION_DATE='2025-04-07T17:06:00+00:00' AIRFLOW_CTX_TRY_NUMBER='1' AIRFLOW_CTX_DAG_RUN_ID='scheduled__2025-04-07T17:06:00+00:00'
[2025-04-07T17:13:42.746+0000] {logging_mixin.py:190} INFO - Task instance is in running state
[2025-04-07T17:13:42.748+0000] {logging_mixin.py:190} INFO -  Previous state of the Task instance: queued
[2025-04-07T17:13:42.749+0000] {logging_mixin.py:190} INFO - Current task name:get_data_from_db state:running start_date:2025-04-07 17:13:42.125356+00:00
[2025-04-07T17:13:42.749+0000] {logging_mixin.py:190} INFO - Dag name:perbaikan_skripsi and current dag run status:running
[2025-04-07T17:13:42.750+0000] {taskinstance.py:731} INFO - ::endgroup::
[2025-04-07T17:13:42.752+0000] {logging_mixin.py:190} INFO - 🔍 [1] Mengambil data sensor terbaru yang lengkap dan belum diprediksi...
[2025-04-07T17:13:42.787+0000] {logging_mixin.py:190} INFO - 📊 Data ditemukan: 2 baris
[2025-04-07T17:13:42.817+0000] {python.py:240} INFO - Done. Returned value was: None
[2025-04-07T17:13:42.834+0000] {taskinstance.py:340} INFO - ::group::Post task execution logs
[2025-04-07T17:13:42.835+0000] {taskinstance.py:352} INFO - Marking task as SUCCESS. dag_id=perbaikan_skripsi, task_id=get_data_from_db, run_id=scheduled__2025-04-07T17:06:00+00:00, execution_date=20250407T170600, start_date=20250407T171342, end_date=20250407T171342
[2025-04-07T17:13:42.859+0000] {logging_mixin.py:190} INFO - Task instance in success state
[2025-04-07T17:13:42.860+0000] {logging_mixin.py:190} INFO -  Previous state of the Task instance: running
[2025-04-07T17:13:42.861+0000] {logging_mixin.py:190} INFO - Dag name:perbaikan_skripsi queued_at:2025-04-07 17:08:00.570258+00:00
[2025-04-07T17:13:42.862+0000] {logging_mixin.py:190} INFO - Task hostname:a9576c91091e operator:PythonOperator
[2025-04-07T17:13:42.910+0000] {local_task_job_runner.py:266} INFO - Task exited with return code 0
[2025-04-07T17:13:42.950+0000] {taskinstance.py:3895} INFO - 1 downstream tasks scheduled from follow-on schedule check
[2025-04-07T17:13:42.957+0000] {local_task_job_runner.py:245} INFO - ::endgroup::
