[2025-02-27T15:03:52.793+0000] {local_task_job_runner.py:123} INFO - ::group::Pre task execution logs
[2025-02-27T15:03:52.984+0000] {taskinstance.py:2613} INFO - Dependencies all met for dep_context=non-requeueable deps ti=<TaskInstance: skripsi_akhir_perbaikan.get_data_from_db scheduled__2025-02-27T14:46:00+00:00 [queued]>
[2025-02-27T15:03:53.088+0000] {taskinstance.py:2613} INFO - Dependencies all met for dep_context=requeueable deps ti=<TaskInstance: skripsi_akhir_perbaikan.get_data_from_db scheduled__2025-02-27T14:46:00+00:00 [queued]>
[2025-02-27T15:03:53.090+0000] {taskinstance.py:2866} INFO - Starting attempt 1 of 6
[2025-02-27T15:03:53.288+0000] {taskinstance.py:2889} INFO - Executing <Task(PythonOperator): get_data_from_db> on 2025-02-27 14:46:00+00:00
[2025-02-27T15:03:53.388+0000] {standard_task_runner.py:104} INFO - Running: ['airflow', 'tasks', 'run', 'skripsi_akhir_perbaikan', 'get_data_from_db', 'scheduled__2025-02-27T14:46:00+00:00', '--job-id', '32', '--raw', '--subdir', 'DAGS_FOLDER/tugas_akhir.py', '--cfg-path', '/tmp/tmpp_wlkeyq']
[2025-02-27T15:03:53.416+0000] {standard_task_runner.py:105} INFO - Job 32: Subtask get_data_from_db
[2025-02-27T15:03:53.449+0000] {logging_mixin.py:190} WARNING - /home/airflow/.local/lib/python3.12/site-packages/airflow/task/task_runner/standard_task_runner.py:70 DeprecationWarning: This process (pid=60998) is multi-threaded, use of fork() may lead to deadlocks in the child.
[2025-02-27T15:03:53.461+0000] {standard_task_runner.py:72} INFO - Started process 61092 to run task
[2025-02-27T15:03:53.744+0000] {task_command.py:467} INFO - Running <TaskInstance: skripsi_akhir_perbaikan.get_data_from_db scheduled__2025-02-27T14:46:00+00:00 [running]> on host 75f595111fc8
[2025-02-27T15:03:54.292+0000] {taskinstance.py:3132} INFO - Exporting env vars: AIRFLOW_CTX_DAG_OWNER='Dion Rikki' AIRFLOW_CTX_DAG_ID='skripsi_akhir_perbaikan' AIRFLOW_CTX_TASK_ID='get_data_from_db' AIRFLOW_CTX_EXECUTION_DATE='2025-02-27T14:46:00+00:00' AIRFLOW_CTX_TRY_NUMBER='1' AIRFLOW_CTX_DAG_RUN_ID='scheduled__2025-02-27T14:46:00+00:00'
[2025-02-27T15:03:54.302+0000] {logging_mixin.py:190} INFO - Task instance is in running state
[2025-02-27T15:03:54.305+0000] {logging_mixin.py:190} INFO -  Previous state of the Task instance: queued
[2025-02-27T15:03:54.311+0000] {logging_mixin.py:190} INFO - Current task name:get_data_from_db state:running start_date:2025-02-27 15:03:52.996076+00:00
[2025-02-27T15:03:54.316+0000] {logging_mixin.py:190} INFO - Dag name:skripsi_akhir_perbaikan and current dag run status:running
[2025-02-27T15:03:54.319+0000] {taskinstance.py:731} INFO - ::endgroup::
[2025-02-27T15:03:54.324+0000] {logging_mixin.py:190} INFO - 🔍 [1] Menghubungkan ke database MySQL...
[2025-02-27T15:03:54.457+0000] {logging_mixin.py:190} INFO - 📊 Data yang diambil dari MySQL:
   Temperature  Humidity  Moisture_level
0         25.3      88.0               0
1         27.1      90.0               0
2         27.6      89.0               0
3         27.6      79.0               0
4         27.1      79.0               0
[2025-02-27T15:03:54.533+0000] {logging_mixin.py:190} INFO - ✅ Data berhasil disimpan ke XCom. Jumlah baris: 11
[2025-02-27T15:03:54.542+0000] {python.py:240} INFO - Done. Returned value was: None
[2025-02-27T15:03:54.582+0000] {taskinstance.py:340} INFO - ::group::Post task execution logs
[2025-02-27T15:03:54.585+0000] {taskinstance.py:352} INFO - Marking task as SUCCESS. dag_id=skripsi_akhir_perbaikan, task_id=get_data_from_db, run_id=scheduled__2025-02-27T14:46:00+00:00, execution_date=20250227T144600, start_date=20250227T150352, end_date=20250227T150354
[2025-02-27T15:03:54.652+0000] {logging_mixin.py:190} INFO - Task instance in success state
[2025-02-27T15:03:54.659+0000] {logging_mixin.py:190} INFO -  Previous state of the Task instance: running
[2025-02-27T15:03:54.666+0000] {logging_mixin.py:190} INFO - Dag name:skripsi_akhir_perbaikan queued_at:2025-02-27 14:48:00.320185+00:00
[2025-02-27T15:03:54.672+0000] {logging_mixin.py:190} INFO - Task hostname:75f595111fc8 operator:PythonOperator
[2025-02-27T15:03:54.745+0000] {local_task_job_runner.py:266} INFO - Task exited with return code 0
[2025-02-27T15:03:54.914+0000] {taskinstance.py:3895} INFO - 1 downstream tasks scheduled from follow-on schedule check
[2025-02-27T15:03:54.934+0000] {local_task_job_runner.py:245} INFO - ::endgroup::
