[2025-03-02T14:50:22.756+0000] {local_task_job_runner.py:123} INFO - ::group::Pre task execution logs
[2025-03-02T14:50:22.790+0000] {taskinstance.py:2613} INFO - Dependencies all met for dep_context=non-requeueable deps ti=<TaskInstance: skripsi_2.wait_for_new_data scheduled__2025-03-02T14:46:00+00:00 [queued]>
[2025-03-02T14:50:22.813+0000] {taskinstance.py:2613} INFO - Dependencies all met for dep_context=requeueable deps ti=<TaskInstance: skripsi_2.wait_for_new_data scheduled__2025-03-02T14:46:00+00:00 [queued]>
[2025-03-02T14:50:22.814+0000] {taskinstance.py:2866} INFO - Starting attempt 3 of 6
[2025-03-02T14:50:22.873+0000] {taskinstance.py:2889} INFO - Executing <Task(SqlSensor): wait_for_new_data> on 2025-03-02 14:46:00+00:00
[2025-03-02T14:50:22.892+0000] {logging_mixin.py:190} WARNING - /home/airflow/.local/lib/python3.12/site-packages/airflow/task/task_runner/standard_task_runner.py:70 DeprecationWarning: This process (pid=2493) is multi-threaded, use of fork() may lead to deadlocks in the child.
[2025-03-02T14:50:22.893+0000] {standard_task_runner.py:104} INFO - Running: ['airflow', 'tasks', 'run', 'skripsi_2', 'wait_for_new_data', 'scheduled__2025-03-02T14:46:00+00:00', '--job-id', '18425', '--raw', '--subdir', 'DAGS_FOLDER/tugas_akhir.py', '--cfg-path', '/tmp/tmp6vlawso7']
[2025-03-02T14:50:22.897+0000] {standard_task_runner.py:105} INFO - Job 18425: Subtask wait_for_new_data
[2025-03-02T14:50:22.896+0000] {standard_task_runner.py:72} INFO - Started process 2527 to run task
[2025-03-02T14:50:22.998+0000] {task_command.py:467} INFO - Running <TaskInstance: skripsi_2.wait_for_new_data scheduled__2025-03-02T14:46:00+00:00 [running]> on host ef7692401a0a
[2025-03-02T14:50:23.161+0000] {taskinstance.py:3132} INFO - Exporting env vars: AIRFLOW_CTX_DAG_OWNER='Dion Rikki' AIRFLOW_CTX_DAG_ID='skripsi_2' AIRFLOW_CTX_TASK_ID='wait_for_new_data' AIRFLOW_CTX_EXECUTION_DATE='2025-03-02T14:46:00+00:00' AIRFLOW_CTX_TRY_NUMBER='3' AIRFLOW_CTX_DAG_RUN_ID='scheduled__2025-03-02T14:46:00+00:00'
[2025-03-02T14:50:23.165+0000] {logging_mixin.py:190} INFO - Task instance is in running state
[2025-03-02T14:50:23.166+0000] {logging_mixin.py:190} INFO -  Previous state of the Task instance: queued
[2025-03-02T14:50:23.168+0000] {logging_mixin.py:190} INFO - Current task name:wait_for_new_data state:running start_date:2025-03-02 14:50:22.791461+00:00
[2025-03-02T14:50:23.170+0000] {logging_mixin.py:190} INFO - Dag name:skripsi_2 and current dag run status:running
[2025-03-02T14:50:23.171+0000] {taskinstance.py:731} INFO - ::endgroup::
[2025-03-02T14:50:23.197+0000] {base.py:84} INFO - Retrieving connection 'mysql_default'
[2025-03-02T14:50:23.203+0000] {sql.py:101} INFO - Poking: 
            SELECT COUNT(*) 
            FROM tugas_akhir_sensordata s
            WHERE s.timestamp >= NOW() - INTERVAL 5 MINUTE
            AND NOT EXISTS (
                SELECT 1 
                FROM fertilizer_predictions f
                WHERE f.id = s.id
            )
         (with parameters None)
[2025-03-02T14:50:23.211+0000] {base.py:84} INFO - Retrieving connection 'mysql_default'
[2025-03-02T14:50:23.221+0000] {sql.py:553} INFO - Running statement: 
            SELECT COUNT(*) 
            FROM tugas_akhir_sensordata s
            WHERE s.timestamp >= NOW() - INTERVAL 5 MINUTE
            AND NOT EXISTS (
                SELECT 1 
                FROM fertilizer_predictions f
                WHERE f.id = s.id
            )
        , parameters: None
[2025-03-02T14:50:23.223+0000] {sql.py:562} INFO - Rows affected: 1
[2025-03-02T14:50:23.261+0000] {taskinstance.py:309} INFO - Rescheduling task, marking task as UP_FOR_RESCHEDULE
[2025-03-02T14:50:23.264+0000] {taskinstance.py:340} INFO - ::group::Post task execution logs
[2025-03-02T14:50:23.296+0000] {local_task_job_runner.py:266} INFO - Task exited with return code 0
[2025-03-02T14:50:23.357+0000] {taskinstance.py:3895} INFO - 0 downstream tasks scheduled from follow-on schedule check
[2025-03-02T14:50:23.360+0000] {local_task_job_runner.py:245} INFO - ::endgroup::
