[2025-04-07T15:09:59.074+0000] {local_task_job_runner.py:123} INFO - ::group::Pre task execution logs
[2025-04-07T15:09:59.303+0000] {taskinstance.py:2613} INFO - Dependencies all met for dep_context=non-requeueable deps ti=<TaskInstance: skripsi_perbaikan.predict_and_store_result scheduled__2025-03-16T13:46:00+00:00 [queued]>
[2025-04-07T15:09:59.461+0000] {taskinstance.py:2613} INFO - Dependencies all met for dep_context=requeueable deps ti=<TaskInstance: skripsi_perbaikan.predict_and_store_result scheduled__2025-03-16T13:46:00+00:00 [queued]>
[2025-04-07T15:09:59.470+0000] {taskinstance.py:2866} INFO - Starting attempt 2 of 5
[2025-04-07T15:09:59.895+0000] {taskinstance.py:2889} INFO - Executing <Task(PythonOperator): predict_and_store_result> on 2025-03-16 13:46:00+00:00
[2025-04-07T15:10:00.138+0000] {standard_task_runner.py:104} INFO - Running: ['airflow', 'tasks', 'run', 'skripsi_perbaikan', 'predict_and_store_result', 'scheduled__2025-03-16T13:46:00+00:00', '--job-id', '2526', '--raw', '--subdir', 'DAGS_FOLDER/tugas_akhir.py', '--cfg-path', '/tmp/tmpx9pwhzbg']
[2025-04-07T15:10:00.215+0000] {logging_mixin.py:190} WARNING - /home/airflow/.local/lib/python3.12/site-packages/airflow/task/task_runner/standard_task_runner.py:70 DeprecationWarning: This process (pid=4846) is multi-threaded, use of fork() may lead to deadlocks in the child.
[2025-04-07T15:10:00.235+0000] {standard_task_runner.py:72} INFO - Started process 4984 to run task
[2025-04-07T15:10:00.195+0000] {standard_task_runner.py:105} INFO - Job 2526: Subtask predict_and_store_result
[2025-04-07T15:10:01.250+0000] {task_command.py:467} INFO - Running <TaskInstance: skripsi_perbaikan.predict_and_store_result scheduled__2025-03-16T13:46:00+00:00 [running]> on host a9576c91091e
[2025-04-07T15:10:02.848+0000] {taskinstance.py:3132} INFO - Exporting env vars: AIRFLOW_CTX_DAG_OWNER='Dion Rikki' AIRFLOW_CTX_DAG_ID='skripsi_perbaikan' AIRFLOW_CTX_TASK_ID='predict_and_store_result' AIRFLOW_CTX_EXECUTION_DATE='2025-03-16T13:46:00+00:00' AIRFLOW_CTX_TRY_NUMBER='2' AIRFLOW_CTX_DAG_RUN_ID='scheduled__2025-03-16T13:46:00+00:00'
[2025-04-07T15:10:02.867+0000] {logging_mixin.py:190} INFO - Task instance is in running state
[2025-04-07T15:10:02.877+0000] {logging_mixin.py:190} INFO -  Previous state of the Task instance: queued
[2025-04-07T15:10:02.883+0000] {logging_mixin.py:190} INFO - Current task name:predict_and_store_result state:running start_date:2025-04-07 15:09:59.308792+00:00
[2025-04-07T15:10:02.900+0000] {logging_mixin.py:190} INFO - Dag name:skripsi_perbaikan and current dag run status:running
[2025-04-07T15:10:02.902+0000] {taskinstance.py:731} INFO - ::endgroup::
[2025-04-07T15:10:02.921+0000] {logging_mixin.py:190} INFO - 🔍 [2] Memproses data dan melakukan prediksi...
[2025-04-07T15:10:03.118+0000] {logging_mixin.py:190} INFO - ✅ Data siap diproses: 5 baris
    id  Temperature  Humidity  ...  nitrogen phosphorous potassium
0  343         26.2      84.0  ...     104.0       288.0     282.0
1  344         26.2      85.0  ...     104.0       287.0     281.0
2  345         26.2      85.0  ...     104.0       287.0     281.0
3  350         26.2      85.0  ...     104.0       287.0     281.0
4  351         26.2      85.0  ...     104.0       286.0     280.0

[5 rows x 9 columns]
[2025-04-07T15:10:03.124+0000] {logging_mixin.py:190} INFO - 📝 Menyesuaikan nama kolom dengan model training...
[2025-04-07T15:10:03.130+0000] {logging_mixin.py:190} INFO - 🔧 Melakukan encoding kategori Soil_Type dan Crop_Type...
[2025-04-07T15:10:03.149+0000] {logging_mixin.py:190} INFO - 🧠 Menyiapkan fitur untuk prediksi...
[2025-04-07T15:10:03.158+0000] {logging_mixin.py:190} INFO - 🤖 Menjalankan model prediksi...
[2025-04-07T15:10:03.262+0000] {logging_mixin.py:190} INFO - ✅ Prediksi selesai:
    id predicted_fertilizer
0  343                 Urea
1  344                 Urea
2  345                 Urea
3  350                 Urea
4  351                 Urea
[2025-04-07T15:10:03.264+0000] {logging_mixin.py:190} INFO - 💾 Menyimpan hasil ke tabel fertilizer_predictions...
[2025-04-07T15:10:03.612+0000] {logging_mixin.py:190} INFO - ❌ Error saat menyimpan ke database: (pymysql.err.IntegrityError) (1062, "Duplicate entry '343' for key 'fertilizer_predictions.sensor_data_id'")
[SQL: INSERT INTO fertilizer_predictions (sensor_data_id, predicted_fertilizer, created_at) VALUES (%(sensor_data_id)s, %(predicted_fertilizer)s, %(created_at)s)]
[parameters: ({'sensor_data_id': 343, 'predicted_fertilizer': 'Urea', 'created_at': datetime.datetime(2025, 4, 7, 15, 10, 3, 278844)}, {'sensor_data_id': 344, 'predicted_fertilizer': 'Urea', 'created_at': datetime.datetime(2025, 4, 7, 15, 10, 3, 278844)}, {'sensor_data_id': 345, 'predicted_fertilizer': 'Urea', 'created_at': datetime.datetime(2025, 4, 7, 15, 10, 3, 278844)}, {'sensor_data_id': 350, 'predicted_fertilizer': 'Urea', 'created_at': datetime.datetime(2025, 4, 7, 15, 10, 3, 278844)}, {'sensor_data_id': 351, 'predicted_fertilizer': 'Urea', 'created_at': datetime.datetime(2025, 4, 7, 15, 10, 3, 278844)})]
(Background on this error at: https://sqlalche.me/e/14/gkpj)
[2025-04-07T15:10:03.613+0000] {python.py:240} INFO - Done. Returned value was: None
[2025-04-07T15:10:03.752+0000] {taskinstance.py:340} INFO - ::group::Post task execution logs
[2025-04-07T15:10:03.774+0000] {taskinstance.py:352} INFO - Marking task as SUCCESS. dag_id=skripsi_perbaikan, task_id=predict_and_store_result, run_id=scheduled__2025-03-16T13:46:00+00:00, execution_date=20250316T134600, start_date=20250407T150959, end_date=20250407T151003
[2025-04-07T15:10:04.218+0000] {logging_mixin.py:190} INFO - Task instance in success state
[2025-04-07T15:10:04.222+0000] {logging_mixin.py:190} INFO -  Previous state of the Task instance: running
[2025-04-07T15:10:04.260+0000] {logging_mixin.py:190} INFO - Dag name:skripsi_perbaikan queued_at:2025-04-07 14:47:44.287070+00:00
[2025-04-07T15:10:04.267+0000] {logging_mixin.py:190} INFO - Task hostname:a9576c91091e operator:PythonOperator
[2025-04-07T15:10:04.366+0000] {local_task_job_runner.py:266} INFO - Task exited with return code 0
[2025-04-07T15:10:04.494+0000] {local_task_job_runner.py:245} INFO - ::endgroup::
