[2025-03-11T07:55:49.463+0000] {local_task_job_runner.py:123} INFO - ::group::Pre task execution logs
[2025-03-11T07:55:49.492+0000] {taskinstance.py:2613} INFO - Dependencies all met for dep_context=non-requeueable deps ti=<TaskInstance: skripsi_perbaikan.predict_and_store_result scheduled__2025-03-11T07:48:00+00:00 [queued]>
[2025-03-11T07:55:49.514+0000] {taskinstance.py:2613} INFO - Dependencies all met for dep_context=requeueable deps ti=<TaskInstance: skripsi_perbaikan.predict_and_store_result scheduled__2025-03-11T07:48:00+00:00 [queued]>
[2025-03-11T07:55:49.516+0000] {taskinstance.py:2866} INFO - Starting attempt 1 of 4
[2025-03-11T07:55:49.556+0000] {taskinstance.py:2889} INFO - Executing <Task(PythonOperator): predict_and_store_result> on 2025-03-11 07:48:00+00:00
[2025-03-11T07:55:49.578+0000] {logging_mixin.py:190} WARNING - /home/airflow/.local/lib/python3.12/site-packages/airflow/task/task_runner/standard_task_runner.py:70 DeprecationWarning: This process (pid=49685) is multi-threaded, use of fork() may lead to deadlocks in the child.
[2025-03-11T07:55:49.580+0000] {standard_task_runner.py:72} INFO - Started process 49728 to run task
[2025-03-11T07:55:49.579+0000] {standard_task_runner.py:104} INFO - Running: ['airflow', 'tasks', 'run', 'skripsi_perbaikan', 'predict_and_store_result', 'scheduled__2025-03-11T07:48:00+00:00', '--job-id', '4786', '--raw', '--subdir', 'DAGS_FOLDER/tugas_akhir.py', '--cfg-path', '/tmp/tmptp44cbj4']
[2025-03-11T07:55:49.583+0000] {standard_task_runner.py:105} INFO - Job 4786: Subtask predict_and_store_result
[2025-03-11T07:55:49.683+0000] {task_command.py:467} INFO - Running <TaskInstance: skripsi_perbaikan.predict_and_store_result scheduled__2025-03-11T07:48:00+00:00 [running]> on host b493651eb2c9
[2025-03-11T07:55:49.847+0000] {taskinstance.py:3132} INFO - Exporting env vars: AIRFLOW_CTX_DAG_OWNER='Dion Rikki' AIRFLOW_CTX_DAG_ID='skripsi_perbaikan' AIRFLOW_CTX_TASK_ID='predict_and_store_result' AIRFLOW_CTX_EXECUTION_DATE='2025-03-11T07:48:00+00:00' AIRFLOW_CTX_TRY_NUMBER='1' AIRFLOW_CTX_DAG_RUN_ID='scheduled__2025-03-11T07:48:00+00:00'
[2025-03-11T07:55:49.850+0000] {logging_mixin.py:190} INFO - Task instance is in running state
[2025-03-11T07:55:49.852+0000] {logging_mixin.py:190} INFO -  Previous state of the Task instance: queued
[2025-03-11T07:55:49.853+0000] {logging_mixin.py:190} INFO - Current task name:predict_and_store_result state:running start_date:2025-03-11 07:55:49.493541+00:00
[2025-03-11T07:55:49.854+0000] {logging_mixin.py:190} INFO - Dag name:skripsi_perbaikan and current dag run status:running
[2025-03-11T07:55:49.856+0000] {taskinstance.py:731} INFO - ::endgroup::
[2025-03-11T07:55:49.858+0000] {logging_mixin.py:190} INFO - 🔍 [2] Memproses data dan melakukan prediksi...
[2025-03-11T07:55:49.910+0000] {logging_mixin.py:190} INFO - ✅ Data siap diproses: 1 baris
   id  Temperature  Humidity  ...  nitrogen phosphorous potassium
0  36         25.8      86.0  ...       0.0         0.0       0.0

[1 rows x 9 columns]
[2025-03-11T07:55:49.911+0000] {logging_mixin.py:190} INFO - 🔧 Melakukan encoding kategori soil_type dan crop_type...
[2025-03-11T07:55:49.918+0000] {logging_mixin.py:190} INFO - 🧠 Menyiapkan fitur untuk prediksi...
[2025-03-11T07:55:49.920+0000] {logging_mixin.py:190} INFO - ❌ Kolom tidak ditemukan: "['Nitrogen', 'Potassium', 'Phosphorous'] not in index"
[2025-03-11T07:55:49.921+0000] {python.py:240} INFO - Done. Returned value was: None
[2025-03-11T07:55:49.934+0000] {taskinstance.py:340} INFO - ::group::Post task execution logs
[2025-03-11T07:55:49.935+0000] {taskinstance.py:352} INFO - Marking task as SUCCESS. dag_id=skripsi_perbaikan, task_id=predict_and_store_result, run_id=scheduled__2025-03-11T07:48:00+00:00, execution_date=20250311T074800, start_date=20250311T075549, end_date=20250311T075549
[2025-03-11T07:55:49.956+0000] {logging_mixin.py:190} INFO - Task instance in success state
[2025-03-11T07:55:49.957+0000] {logging_mixin.py:190} INFO -  Previous state of the Task instance: running
[2025-03-11T07:55:49.959+0000] {logging_mixin.py:190} INFO - Dag name:skripsi_perbaikan queued_at:2025-03-11 07:50:00.884610+00:00
[2025-03-11T07:55:49.961+0000] {logging_mixin.py:190} INFO - Task hostname:b493651eb2c9 operator:PythonOperator
[2025-03-11T07:55:50.017+0000] {local_task_job_runner.py:266} INFO - Task exited with return code 0
[2025-03-11T07:55:50.044+0000] {taskinstance.py:3895} INFO - 0 downstream tasks scheduled from follow-on schedule check
[2025-03-11T07:55:50.047+0000] {local_task_job_runner.py:245} INFO - ::endgroup::
