[2025-04-23T05:08:55.560+0000] {local_task_job_runner.py:123} INFO - ::group::Pre task execution logs
[2025-04-23T05:08:55.599+0000] {taskinstance.py:2613} INFO - Dependencies all met for dep_context=non-requeueable deps ti=<TaskInstance: perbaikan_skripsi.wait_for_new_data scheduled__2025-04-23T04:59:00+00:00 [queued]>
[2025-04-23T05:08:55.621+0000] {taskinstance.py:2613} INFO - Dependencies all met for dep_context=requeueable deps ti=<TaskInstance: perbaikan_skripsi.wait_for_new_data scheduled__2025-04-23T04:59:00+00:00 [queued]>
[2025-04-23T05:08:55.622+0000] {taskinstance.py:2866} INFO - Starting attempt 9 of 4
[2025-04-23T05:08:55.658+0000] {taskinstance.py:2889} INFO - Executing <Task(SqlSensor): wait_for_new_data> on 2025-04-23 04:59:00+00:00
[2025-04-23T05:08:55.677+0000] {logging_mixin.py:190} WARNING - /home/airflow/.local/lib/python3.12/site-packages/airflow/task/task_runner/standard_task_runner.py:70 DeprecationWarning: This process (pid=83496) is multi-threaded, use of fork() may lead to deadlocks in the child.
[2025-04-23T05:08:55.679+0000] {standard_task_runner.py:72} INFO - Started process 83521 to run task
[2025-04-23T05:08:55.678+0000] {standard_task_runner.py:104} INFO - Running: ['airflow', 'tasks', 'run', 'perbaikan_skripsi', 'wait_for_new_data', 'scheduled__2025-04-23T04:59:00+00:00', '--job-id', '6837', '--raw', '--subdir', 'DAGS_FOLDER/tugas_akhir.py', '--cfg-path', '/tmp/tmpwa227o45']
[2025-04-23T05:08:55.683+0000] {standard_task_runner.py:105} INFO - Job 6837: Subtask wait_for_new_data
[2025-04-23T05:08:55.773+0000] {task_command.py:467} INFO - Running <TaskInstance: perbaikan_skripsi.wait_for_new_data scheduled__2025-04-23T04:59:00+00:00 [running]> on host a38b69ba8f8a
[2025-04-23T05:08:55.918+0000] {taskinstance.py:3132} INFO - Exporting env vars: AIRFLOW_CTX_DAG_OWNER='Dion Rikki' AIRFLOW_CTX_DAG_ID='perbaikan_skripsi' AIRFLOW_CTX_TASK_ID='wait_for_new_data' AIRFLOW_CTX_EXECUTION_DATE='2025-04-23T04:59:00+00:00' AIRFLOW_CTX_TRY_NUMBER='9' AIRFLOW_CTX_DAG_RUN_ID='scheduled__2025-04-23T04:59:00+00:00'
[2025-04-23T05:08:55.921+0000] {logging_mixin.py:190} INFO - Task instance is in running state
[2025-04-23T05:08:55.922+0000] {logging_mixin.py:190} INFO -  Previous state of the Task instance: queued
[2025-04-23T05:08:55.923+0000] {logging_mixin.py:190} INFO - Current task name:wait_for_new_data state:running start_date:2025-04-23 05:08:55.601124+00:00
[2025-04-23T05:08:55.924+0000] {logging_mixin.py:190} INFO - Dag name:perbaikan_skripsi and current dag run status:running
[2025-04-23T05:08:55.925+0000] {taskinstance.py:731} INFO - ::endgroup::
[2025-04-23T05:08:55.953+0000] {base.py:84} INFO - Retrieving connection 'mysql_default'
[2025-04-23T05:08:55.960+0000] {sql.py:101} INFO - Poking: 
            SELECT COUNT(*) 
            FROM tugas_akhir_sensordata s
            WHERE s.timestamp >= NOW() - INTERVAL 3 MINUTE
            AND s.soil_type IS NOT NULL
            AND s.crop_type IS NOT NULL
            AND NOT EXISTS (
                SELECT 1 
                FROM fertilizer_predictions f
                WHERE f.sensor_data_id = s.id
            )
         (with parameters None)
[2025-04-23T05:08:55.973+0000] {base.py:84} INFO - Retrieving connection 'mysql_default'
[2025-04-23T05:08:55.982+0000] {sql.py:553} INFO - Running statement: 
            SELECT COUNT(*) 
            FROM tugas_akhir_sensordata s
            WHERE s.timestamp >= NOW() - INTERVAL 3 MINUTE
            AND s.soil_type IS NOT NULL
            AND s.crop_type IS NOT NULL
            AND NOT EXISTS (
                SELECT 1 
                FROM fertilizer_predictions f
                WHERE f.sensor_data_id = s.id
            )
        , parameters: None
[2025-04-23T05:08:55.984+0000] {sql.py:562} INFO - Rows affected: 1
[2025-04-23T05:08:56.241+0000] {taskinstance.py:309} INFO - Rescheduling task, marking task as UP_FOR_RESCHEDULE
[2025-04-23T05:08:56.242+0000] {taskinstance.py:340} INFO - ::group::Post task execution logs
[2025-04-23T05:08:56.281+0000] {local_task_job_runner.py:266} INFO - Task exited with return code 0
[2025-04-23T05:08:56.331+0000] {taskinstance.py:3895} INFO - 0 downstream tasks scheduled from follow-on schedule check
[2025-04-23T05:08:56.335+0000] {local_task_job_runner.py:245} INFO - ::endgroup::
