[2025-02-25T19:45:00.611+0000] {local_task_job_runner.py:123} INFO - ::group::Pre task execution logs
[2025-02-25T19:45:00.768+0000] {taskinstance.py:2613} INFO - Dependencies all met for dep_context=non-requeueable deps ti=<TaskInstance: skripsi.get_data_from_db scheduled__2025-02-25T19:35:00+00:00 [queued]>
[2025-02-25T19:45:00.836+0000] {taskinstance.py:2613} INFO - Dependencies all met for dep_context=requeueable deps ti=<TaskInstance: skripsi.get_data_from_db scheduled__2025-02-25T19:35:00+00:00 [queued]>
[2025-02-25T19:45:00.840+0000] {taskinstance.py:2866} INFO - Starting attempt 1 of 6
[2025-02-25T19:45:00.967+0000] {taskinstance.py:2889} INFO - Executing <Task(PythonOperator): get_data_from_db> on 2025-02-25 19:35:00+00:00
[2025-02-25T19:45:01.066+0000] {logging_mixin.py:190} WARNING - /home/airflow/.local/lib/python3.12/site-packages/airflow/task/task_runner/standard_task_runner.py:70 DeprecationWarning: This process (pid=90884) is multi-threaded, use of fork() may lead to deadlocks in the child.
[2025-02-25T19:45:01.075+0000] {standard_task_runner.py:72} INFO - Started process 90966 to run task
[2025-02-25T19:45:01.079+0000] {standard_task_runner.py:104} INFO - Running: ['airflow', 'tasks', 'run', 'skripsi', 'get_data_from_db', 'scheduled__2025-02-25T19:35:00+00:00', '--job-id', '431', '--raw', '--subdir', 'DAGS_FOLDER/tugas_akhir.py', '--cfg-path', '/tmp/tmpnz_vdo19']
[2025-02-25T19:45:01.089+0000] {standard_task_runner.py:105} INFO - Job 431: Subtask get_data_from_db
[2025-02-25T19:45:01.470+0000] {task_command.py:467} INFO - Running <TaskInstance: skripsi.get_data_from_db scheduled__2025-02-25T19:35:00+00:00 [running]> on host d22a487e6b55
[2025-02-25T19:45:02.221+0000] {taskinstance.py:3132} INFO - Exporting env vars: AIRFLOW_CTX_DAG_OWNER='Dion Rikki' AIRFLOW_CTX_DAG_ID='skripsi' AIRFLOW_CTX_TASK_ID='get_data_from_db' AIRFLOW_CTX_EXECUTION_DATE='2025-02-25T19:35:00+00:00' AIRFLOW_CTX_TRY_NUMBER='1' AIRFLOW_CTX_DAG_RUN_ID='scheduled__2025-02-25T19:35:00+00:00'
[2025-02-25T19:45:02.231+0000] {logging_mixin.py:190} INFO - Task instance is in running state
[2025-02-25T19:45:02.237+0000] {logging_mixin.py:190} INFO -  Previous state of the Task instance: queued
[2025-02-25T19:45:02.243+0000] {logging_mixin.py:190} INFO - Current task name:get_data_from_db state:running start_date:2025-02-25 19:45:00.771530+00:00
[2025-02-25T19:45:02.248+0000] {logging_mixin.py:190} INFO - Dag name:skripsi and current dag run status:running
[2025-02-25T19:45:02.251+0000] {taskinstance.py:731} INFO - ::endgroup::
[2025-02-25T19:45:02.256+0000] {logging_mixin.py:190} INFO - 🔍 [1] Menghubungkan ke database MySQL...
[2025-02-25T19:45:02.343+0000] {logging_mixin.py:190} INFO - 📊 Data yang diambil dari MySQL:
   Humidity  Moisture
0      86.0      25.8
[2025-02-25T19:45:02.391+0000] {logging_mixin.py:190} INFO - ✅ Data berhasil disimpan ke XCom. Jumlah baris: 1
[2025-02-25T19:45:02.395+0000] {python.py:240} INFO - Done. Returned value was: None
[2025-02-25T19:45:02.423+0000] {taskinstance.py:340} INFO - ::group::Post task execution logs
[2025-02-25T19:45:02.427+0000] {taskinstance.py:352} INFO - Marking task as SUCCESS. dag_id=skripsi, task_id=get_data_from_db, run_id=scheduled__2025-02-25T19:35:00+00:00, execution_date=20250225T193500, start_date=20250225T194500, end_date=20250225T194502
[2025-02-25T19:45:02.504+0000] {logging_mixin.py:190} INFO - Task instance in success state
[2025-02-25T19:45:02.506+0000] {logging_mixin.py:190} INFO -  Previous state of the Task instance: running
[2025-02-25T19:45:02.509+0000] {logging_mixin.py:190} INFO - Dag name:skripsi queued_at:2025-02-25 19:36:00.813299+00:00
[2025-02-25T19:45:02.512+0000] {logging_mixin.py:190} INFO - Task hostname:d22a487e6b55 operator:PythonOperator
[2025-02-25T19:45:02.618+0000] {local_task_job_runner.py:266} INFO - Task exited with return code 0
[2025-02-25T19:45:02.810+0000] {taskinstance.py:3895} INFO - 1 downstream tasks scheduled from follow-on schedule check
[2025-02-25T19:45:02.887+0000] {local_task_job_runner.py:245} INFO - ::endgroup::
