[2025-03-02T11:56:32.759+0000] {local_task_job_runner.py:123} INFO - ::group::Pre task execution logs
[2025-03-02T11:56:32.884+0000] {taskinstance.py:2613} INFO - Dependencies all met for dep_context=non-requeueable deps ti=<TaskInstance: skripsi_2.wait_for_new_data scheduled__2025-03-02T11:50:00+00:00 [queued]>
[2025-03-02T11:56:32.916+0000] {taskinstance.py:2613} INFO - Dependencies all met for dep_context=requeueable deps ti=<TaskInstance: skripsi_2.wait_for_new_data scheduled__2025-03-02T11:50:00+00:00 [queued]>
[2025-03-02T11:56:32.921+0000] {taskinstance.py:2866} INFO - Starting attempt 5 of 6
[2025-03-02T11:56:33.142+0000] {taskinstance.py:2889} INFO - Executing <Task(SqlSensor): wait_for_new_data> on 2025-03-02 11:50:00+00:00
[2025-03-02T11:56:33.200+0000] {logging_mixin.py:190} WARNING - /home/airflow/.local/lib/python3.12/site-packages/airflow/task/task_runner/standard_task_runner.py:70 DeprecationWarning: This process (pid=97078) is multi-threaded, use of fork() may lead to deadlocks in the child.
[2025-03-02T11:56:33.212+0000] {standard_task_runner.py:72} INFO - Started process 97153 to run task
[2025-03-02T11:56:33.220+0000] {standard_task_runner.py:104} INFO - Running: ['airflow', 'tasks', 'run', 'skripsi_2', 'wait_for_new_data', 'scheduled__2025-03-02T11:50:00+00:00', '--job-id', '17314', '--raw', '--subdir', 'DAGS_FOLDER/tugas_akhir.py', '--cfg-path', '/tmp/tmp4gv_xbu6']
[2025-03-02T11:56:33.235+0000] {standard_task_runner.py:105} INFO - Job 17314: Subtask wait_for_new_data
[2025-03-02T11:56:33.450+0000] {task_command.py:467} INFO - Running <TaskInstance: skripsi_2.wait_for_new_data scheduled__2025-03-02T11:50:00+00:00 [running]> on host ef7692401a0a
[2025-03-02T11:56:33.995+0000] {taskinstance.py:3132} INFO - Exporting env vars: AIRFLOW_CTX_DAG_OWNER='Dion Rikki' AIRFLOW_CTX_DAG_ID='skripsi_2' AIRFLOW_CTX_TASK_ID='wait_for_new_data' AIRFLOW_CTX_EXECUTION_DATE='2025-03-02T11:50:00+00:00' AIRFLOW_CTX_TRY_NUMBER='5' AIRFLOW_CTX_DAG_RUN_ID='scheduled__2025-03-02T11:50:00+00:00'
[2025-03-02T11:56:34.000+0000] {logging_mixin.py:190} INFO - Task instance is in running state
[2025-03-02T11:56:34.003+0000] {logging_mixin.py:190} INFO -  Previous state of the Task instance: queued
[2025-03-02T11:56:34.010+0000] {logging_mixin.py:190} INFO - Current task name:wait_for_new_data state:running start_date:2025-03-02 11:56:32.890174+00:00
[2025-03-02T11:56:34.017+0000] {logging_mixin.py:190} INFO - Dag name:skripsi_2 and current dag run status:running
[2025-03-02T11:56:34.018+0000] {taskinstance.py:731} INFO - ::endgroup::
[2025-03-02T11:56:34.076+0000] {base.py:84} INFO - Retrieving connection 'mysql_default'
[2025-03-02T11:56:34.087+0000] {sql.py:101} INFO - Poking: 
            SELECT COUNT(*) 
            FROM tugas_akhir_sensordata s
            WHERE s.timestamp >= NOW() - INTERVAL 5 MINUTE
            AND NOT EXISTS (
                SELECT 1 
                FROM fertilizer_predictions f
                WHERE f.id = s.id
            )
         (with parameters None)
[2025-03-02T11:56:34.109+0000] {base.py:84} INFO - Retrieving connection 'mysql_default'
[2025-03-02T11:56:34.146+0000] {sql.py:553} INFO - Running statement: 
            SELECT COUNT(*) 
            FROM tugas_akhir_sensordata s
            WHERE s.timestamp >= NOW() - INTERVAL 5 MINUTE
            AND NOT EXISTS (
                SELECT 1 
                FROM fertilizer_predictions f
                WHERE f.id = s.id
            )
        , parameters: None
[2025-03-02T11:56:34.151+0000] {sql.py:562} INFO - Rows affected: 1
[2025-03-02T11:56:34.265+0000] {taskinstance.py:309} INFO - Rescheduling task, marking task as UP_FOR_RESCHEDULE
[2025-03-02T11:56:34.271+0000] {taskinstance.py:340} INFO - ::group::Post task execution logs
[2025-03-02T11:56:34.328+0000] {local_task_job_runner.py:266} INFO - Task exited with return code 0
[2025-03-02T11:56:34.450+0000] {taskinstance.py:3895} INFO - 0 downstream tasks scheduled from follow-on schedule check
[2025-03-02T11:56:34.453+0000] {local_task_job_runner.py:245} INFO - ::endgroup::
