[2025-02-25T18:41:11.059+0000] {local_task_job_runner.py:123} INFO - ::group::Pre task execution logs
[2025-02-25T18:41:11.091+0000] {taskinstance.py:2613} INFO - Dependencies all met for dep_context=non-requeueable deps ti=<TaskInstance: skripsi.get_data_from_db scheduled__2025-02-25T18:40:00+00:00 [queued]>
[2025-02-25T18:41:11.112+0000] {taskinstance.py:2613} INFO - Dependencies all met for dep_context=requeueable deps ti=<TaskInstance: skripsi.get_data_from_db scheduled__2025-02-25T18:40:00+00:00 [queued]>
[2025-02-25T18:41:11.113+0000] {taskinstance.py:2866} INFO - Starting attempt 1 of 6
[2025-02-25T18:41:11.146+0000] {taskinstance.py:2889} INFO - Executing <Task(PythonOperator): get_data_from_db> on 2025-02-25 18:40:00+00:00
[2025-02-25T18:41:11.164+0000] {logging_mixin.py:190} WARNING - /home/airflow/.local/lib/python3.12/site-packages/airflow/task/task_runner/standard_task_runner.py:70 DeprecationWarning: This process (pid=53328) is multi-threaded, use of fork() may lead to deadlocks in the child.
[2025-02-25T18:41:11.165+0000] {standard_task_runner.py:104} INFO - Running: ['airflow', 'tasks', 'run', 'skripsi', 'get_data_from_db', 'scheduled__2025-02-25T18:40:00+00:00', '--job-id', '105', '--raw', '--subdir', 'DAGS_FOLDER/tugas_akhir.py', '--cfg-path', '/tmp/tmp1puxow8m']
[2025-02-25T18:41:11.168+0000] {standard_task_runner.py:105} INFO - Job 105: Subtask get_data_from_db
[2025-02-25T18:41:11.167+0000] {standard_task_runner.py:72} INFO - Started process 53347 to run task
[2025-02-25T18:41:11.249+0000] {task_command.py:467} INFO - Running <TaskInstance: skripsi.get_data_from_db scheduled__2025-02-25T18:40:00+00:00 [running]> on host d22a487e6b55
[2025-02-25T18:41:11.445+0000] {taskinstance.py:3132} INFO - Exporting env vars: AIRFLOW_CTX_DAG_OWNER='Dion Rikki' AIRFLOW_CTX_DAG_ID='skripsi' AIRFLOW_CTX_TASK_ID='get_data_from_db' AIRFLOW_CTX_EXECUTION_DATE='2025-02-25T18:40:00+00:00' AIRFLOW_CTX_TRY_NUMBER='1' AIRFLOW_CTX_DAG_RUN_ID='scheduled__2025-02-25T18:40:00+00:00'
[2025-02-25T18:41:11.450+0000] {logging_mixin.py:190} INFO - Task instance is in running state
[2025-02-25T18:41:11.452+0000] {logging_mixin.py:190} INFO -  Previous state of the Task instance: queued
[2025-02-25T18:41:11.454+0000] {logging_mixin.py:190} INFO - Current task name:get_data_from_db state:running start_date:2025-02-25 18:41:11.092765+00:00
[2025-02-25T18:41:11.455+0000] {logging_mixin.py:190} INFO - Dag name:skripsi and current dag run status:running
[2025-02-25T18:41:11.457+0000] {taskinstance.py:731} INFO - ::endgroup::
[2025-02-25T18:41:11.460+0000] {logging_mixin.py:190} INFO - 🔍 [1] Menghubungkan ke database MySQL...
[2025-02-25T18:41:11.522+0000] {logging_mixin.py:190} INFO - 📊 Data yang diambil dari MySQL:
   Humidity  Moisture
0      86.0      25.8
[2025-02-25T18:41:11.555+0000] {logging_mixin.py:190} INFO - ✅ Data berhasil disimpan ke XCom. Jumlah baris: 1
[2025-02-25T18:41:11.559+0000] {python.py:240} INFO - Done. Returned value was: None
[2025-02-25T18:41:11.593+0000] {taskinstance.py:340} INFO - ::group::Post task execution logs
[2025-02-25T18:41:11.596+0000] {taskinstance.py:352} INFO - Marking task as SUCCESS. dag_id=skripsi, task_id=get_data_from_db, run_id=scheduled__2025-02-25T18:40:00+00:00, execution_date=20250225T184000, start_date=20250225T184111, end_date=20250225T184111
[2025-02-25T18:41:11.671+0000] {logging_mixin.py:190} INFO - Task instance in success state
[2025-02-25T18:41:11.672+0000] {logging_mixin.py:190} INFO -  Previous state of the Task instance: running
[2025-02-25T18:41:11.679+0000] {logging_mixin.py:190} INFO - Dag name:skripsi queued_at:2025-02-25 18:41:00.720708+00:00
[2025-02-25T18:41:11.683+0000] {logging_mixin.py:190} INFO - Task hostname:d22a487e6b55 operator:PythonOperator
[2025-02-25T18:41:11.731+0000] {local_task_job_runner.py:266} INFO - Task exited with return code 0
[2025-02-25T18:41:11.793+0000] {taskinstance.py:3895} INFO - 1 downstream tasks scheduled from follow-on schedule check
[2025-02-25T18:41:11.838+0000] {local_task_job_runner.py:245} INFO - ::endgroup::
