[2025-03-01T03:35:10.546+0000] {local_task_job_runner.py:123} INFO - ::group::Pre task execution logs
[2025-03-01T03:35:10.573+0000] {taskinstance.py:2613} INFO - Dependencies all met for dep_context=non-requeueable deps ti=<TaskInstance: skripsi_akhir_perbaikan.wait_for_new_data scheduled__2025-03-01T03:32:00+00:00 [queued]>
[2025-03-01T03:35:10.590+0000] {taskinstance.py:2613} INFO - Dependencies all met for dep_context=requeueable deps ti=<TaskInstance: skripsi_akhir_perbaikan.wait_for_new_data scheduled__2025-03-01T03:32:00+00:00 [queued]>
[2025-03-01T03:35:10.591+0000] {taskinstance.py:2866} INFO - Starting attempt 2 of 6
[2025-03-01T03:35:10.623+0000] {taskinstance.py:2889} INFO - Executing <Task(SqlSensor): wait_for_new_data> on 2025-03-01 03:32:00+00:00
[2025-03-01T03:35:10.641+0000] {logging_mixin.py:190} WARNING - /home/airflow/.local/lib/python3.12/site-packages/airflow/task/task_runner/standard_task_runner.py:70 DeprecationWarning: This process (pid=60102) is multi-threaded, use of fork() may lead to deadlocks in the child.
[2025-03-01T03:35:10.642+0000] {standard_task_runner.py:104} INFO - Running: ['airflow', 'tasks', 'run', 'skripsi_akhir_perbaikan', 'wait_for_new_data', 'scheduled__2025-03-01T03:32:00+00:00', '--job-id', '9781', '--raw', '--subdir', 'DAGS_FOLDER/tugas_akhir.py', '--cfg-path', '/tmp/tmprjqt4rrf']
[2025-03-01T03:35:10.644+0000] {standard_task_runner.py:72} INFO - Started process 60135 to run task
[2025-03-01T03:35:10.645+0000] {standard_task_runner.py:105} INFO - Job 9781: Subtask wait_for_new_data
[2025-03-01T03:35:10.735+0000] {task_command.py:467} INFO - Running <TaskInstance: skripsi_akhir_perbaikan.wait_for_new_data scheduled__2025-03-01T03:32:00+00:00 [running]> on host 75f595111fc8
[2025-03-01T03:35:10.916+0000] {taskinstance.py:3132} INFO - Exporting env vars: AIRFLOW_CTX_DAG_OWNER='Dion Rikki' AIRFLOW_CTX_DAG_ID='skripsi_akhir_perbaikan' AIRFLOW_CTX_TASK_ID='wait_for_new_data' AIRFLOW_CTX_EXECUTION_DATE='2025-03-01T03:32:00+00:00' AIRFLOW_CTX_TRY_NUMBER='2' AIRFLOW_CTX_DAG_RUN_ID='scheduled__2025-03-01T03:32:00+00:00'
[2025-03-01T03:35:10.919+0000] {logging_mixin.py:190} INFO - Task instance is in running state
[2025-03-01T03:35:10.920+0000] {logging_mixin.py:190} INFO -  Previous state of the Task instance: queued
[2025-03-01T03:35:10.922+0000] {logging_mixin.py:190} INFO - Current task name:wait_for_new_data state:running start_date:2025-03-01 03:35:10.574392+00:00
[2025-03-01T03:35:10.923+0000] {logging_mixin.py:190} INFO - Dag name:skripsi_akhir_perbaikan and current dag run status:running
[2025-03-01T03:35:10.924+0000] {taskinstance.py:731} INFO - ::endgroup::
[2025-03-01T03:35:10.966+0000] {base.py:84} INFO - Retrieving connection 'mysql_default'
[2025-03-01T03:35:10.974+0000] {sql.py:101} INFO - Poking: 
        SELECT COUNT(*) 
        FROM tugas_akhir_sensordata s
        WHERE s.timestamp >= NOW() - INTERVAL 5 MINUTE
        AND NOT EXISTS (
            SELECT 1 
            FROM fertilizer_predictions f
            WHERE CAST(f.id AS SIGNED) = s.id  -- Menggunakan SIGNED di sini
        )
     (with parameters None)
[2025-03-01T03:35:10.992+0000] {base.py:84} INFO - Retrieving connection 'mysql_default'
[2025-03-01T03:35:11.011+0000] {sql.py:553} INFO - Running statement: 
        SELECT COUNT(*) 
        FROM tugas_akhir_sensordata s
        WHERE s.timestamp >= NOW() - INTERVAL 5 MINUTE
        AND NOT EXISTS (
            SELECT 1 
            FROM fertilizer_predictions f
            WHERE CAST(f.id AS SIGNED) = s.id  -- Menggunakan SIGNED di sini
        )
    , parameters: None
[2025-03-01T03:35:11.014+0000] {sql.py:562} INFO - Rows affected: 1
[2025-03-01T03:35:11.151+0000] {taskinstance.py:309} INFO - Rescheduling task, marking task as UP_FOR_RESCHEDULE
[2025-03-01T03:35:11.153+0000] {taskinstance.py:340} INFO - ::group::Post task execution logs
[2025-03-01T03:35:11.203+0000] {local_task_job_runner.py:266} INFO - Task exited with return code 0
[2025-03-01T03:35:11.252+0000] {taskinstance.py:3895} INFO - 0 downstream tasks scheduled from follow-on schedule check
[2025-03-01T03:35:11.255+0000] {local_task_job_runner.py:245} INFO - ::endgroup::
