[2025-03-16T13:13:29.609+0000] {local_task_job_runner.py:123} INFO - ::group::Pre task execution logs
[2025-03-16T13:13:29.816+0000] {taskinstance.py:2613} INFO - Dependencies all met for dep_context=non-requeueable deps ti=<TaskInstance: skripsi_perbaikan.wait_for_new_data scheduled__2025-03-16T12:46:00+00:00 [queued]>
[2025-03-16T13:13:30.017+0000] {taskinstance.py:2613} INFO - Dependencies all met for dep_context=requeueable deps ti=<TaskInstance: skripsi_perbaikan.wait_for_new_data scheduled__2025-03-16T12:46:00+00:00 [queued]>
[2025-03-16T13:13:30.026+0000] {taskinstance.py:2866} INFO - Starting attempt 11 of 4
[2025-03-16T13:13:30.727+0000] {taskinstance.py:2889} INFO - Executing <Task(SqlSensor): wait_for_new_data> on 2025-03-16 12:46:00+00:00
[2025-03-16T13:13:31.008+0000] {standard_task_runner.py:104} INFO - Running: ['airflow', 'tasks', 'run', 'skripsi_perbaikan', 'wait_for_new_data', 'scheduled__2025-03-16T12:46:00+00:00', '--job-id', '86', '--raw', '--subdir', 'DAGS_FOLDER/tugas_akhir.py', '--cfg-path', '/tmp/tmpy25fcdyk']
[2025-03-16T13:13:31.040+0000] {standard_task_runner.py:105} INFO - Job 86: Subtask wait_for_new_data
[2025-03-16T13:13:31.173+0000] {logging_mixin.py:190} WARNING - /home/airflow/.local/lib/python3.12/site-packages/airflow/task/task_runner/standard_task_runner.py:70 DeprecationWarning: This process (pid=173) is multi-threaded, use of fork() may lead to deadlocks in the child.
[2025-03-16T13:13:31.202+0000] {standard_task_runner.py:72} INFO - Started process 312 to run task
[2025-03-16T13:13:32.153+0000] {task_command.py:467} INFO - Running <TaskInstance: skripsi_perbaikan.wait_for_new_data scheduled__2025-03-16T12:46:00+00:00 [running]> on host 438c3ba1e399
[2025-03-16T13:13:34.273+0000] {taskinstance.py:3132} INFO - Exporting env vars: AIRFLOW_CTX_DAG_OWNER='Dion Rikki' AIRFLOW_CTX_DAG_ID='skripsi_perbaikan' AIRFLOW_CTX_TASK_ID='wait_for_new_data' AIRFLOW_CTX_EXECUTION_DATE='2025-03-16T12:46:00+00:00' AIRFLOW_CTX_TRY_NUMBER='11' AIRFLOW_CTX_DAG_RUN_ID='scheduled__2025-03-16T12:46:00+00:00'
[2025-03-16T13:13:34.294+0000] {logging_mixin.py:190} INFO - Task instance is in running state
[2025-03-16T13:13:34.307+0000] {logging_mixin.py:190} INFO -  Previous state of the Task instance: queued
[2025-03-16T13:13:34.322+0000] {logging_mixin.py:190} INFO - Current task name:wait_for_new_data state:running start_date:2025-03-16 13:13:29.825612+00:00
[2025-03-16T13:13:34.329+0000] {logging_mixin.py:190} INFO - Dag name:skripsi_perbaikan and current dag run status:running
[2025-03-16T13:13:34.388+0000] {taskinstance.py:731} INFO - ::endgroup::
[2025-03-16T13:13:35.145+0000] {base.py:84} INFO - Retrieving connection 'mysql_default'
[2025-03-16T13:13:35.264+0000] {sql.py:101} INFO - Poking: 
            SELECT COUNT(*) 
            FROM tugas_akhir_sensordata s
            WHERE s.timestamp >= NOW() - INTERVAL 5 MINUTE
            AND s.soil_type IS NOT NULL
            AND s.crop_type IS NOT NULL
            AND NOT EXISTS (
                SELECT 1 
                FROM fertilizer_predictions f
                WHERE f.sensor_data_id = s.id
            )
         (with parameters None)
[2025-03-16T13:13:35.674+0000] {base.py:84} INFO - Retrieving connection 'mysql_default'
[2025-03-16T13:13:35.741+0000] {sql.py:553} INFO - Running statement: 
            SELECT COUNT(*) 
            FROM tugas_akhir_sensordata s
            WHERE s.timestamp >= NOW() - INTERVAL 5 MINUTE
            AND s.soil_type IS NOT NULL
            AND s.crop_type IS NOT NULL
            AND NOT EXISTS (
                SELECT 1 
                FROM fertilizer_predictions f
                WHERE f.sensor_data_id = s.id
            )
        , parameters: None
[2025-03-16T13:13:35.770+0000] {sql.py:562} INFO - Rows affected: 1
[2025-03-16T13:13:35.786+0000] {base.py:336} INFO - Success criteria met. Exiting.
[2025-03-16T13:13:36.155+0000] {taskinstance.py:340} INFO - ::group::Post task execution logs
[2025-03-16T13:13:36.172+0000] {taskinstance.py:352} INFO - Marking task as SUCCESS. dag_id=skripsi_perbaikan, task_id=wait_for_new_data, run_id=scheduled__2025-03-16T12:46:00+00:00, execution_date=20250316T124600, start_date=20250316T131329, end_date=20250316T131336
[2025-03-16T13:13:36.619+0000] {logging_mixin.py:190} INFO - Task instance in success state
[2025-03-16T13:13:36.627+0000] {logging_mixin.py:190} INFO -  Previous state of the Task instance: running
[2025-03-16T13:13:36.649+0000] {logging_mixin.py:190} INFO - Dag name:skripsi_perbaikan queued_at:2025-03-16 12:48:33.865135+00:00
[2025-03-16T13:13:36.662+0000] {logging_mixin.py:190} INFO - Task hostname:438c3ba1e399 operator:SqlSensor
[2025-03-16T13:13:37.041+0000] {local_task_job_runner.py:266} INFO - Task exited with return code 0
[2025-03-16T13:13:37.140+0000] {local_task_job_runner.py:245} INFO - ::endgroup::
