[2025-04-07T15:02:57.758+0000] {local_task_job_runner.py:123} INFO - ::group::Pre task execution logs
[2025-04-07T15:02:58.044+0000] {taskinstance.py:2613} INFO - Dependencies all met for dep_context=non-requeueable deps ti=<TaskInstance: skripsi_perbaikan.wait_for_new_data scheduled__2025-03-16T12:46:00+00:00 [queued]>
[2025-04-07T15:02:58.168+0000] {taskinstance.py:2613} INFO - Dependencies all met for dep_context=requeueable deps ti=<TaskInstance: skripsi_perbaikan.wait_for_new_data scheduled__2025-03-16T12:46:00+00:00 [queued]>
[2025-04-07T15:02:58.172+0000] {taskinstance.py:2866} INFO - Starting attempt 16 of 15
[2025-04-07T15:02:58.342+0000] {taskinstance.py:2889} INFO - Executing <Task(SqlSensor): wait_for_new_data> on 2025-03-16 12:46:00+00:00
[2025-04-07T15:02:58.468+0000] {logging_mixin.py:190} WARNING - /home/airflow/.local/lib/python3.12/site-packages/airflow/task/task_runner/standard_task_runner.py:70 DeprecationWarning: This process (pid=2037) is multi-threaded, use of fork() may lead to deadlocks in the child.
[2025-04-07T15:02:58.490+0000] {standard_task_runner.py:72} INFO - Started process 2179 to run task
[2025-04-07T15:02:58.525+0000] {standard_task_runner.py:104} INFO - Running: ['airflow', 'tasks', 'run', 'skripsi_perbaikan', 'wait_for_new_data', 'scheduled__2025-03-16T12:46:00+00:00', '--job-id', '2401', '--raw', '--subdir', 'DAGS_FOLDER/tugas_akhir.py', '--cfg-path', '/tmp/tmp8i3h3rwe']
[2025-04-07T15:02:58.533+0000] {standard_task_runner.py:105} INFO - Job 2401: Subtask wait_for_new_data
[2025-04-07T15:02:59.116+0000] {task_command.py:467} INFO - Running <TaskInstance: skripsi_perbaikan.wait_for_new_data scheduled__2025-03-16T12:46:00+00:00 [running]> on host a9576c91091e
[2025-04-07T15:03:00.238+0000] {taskinstance.py:3132} INFO - Exporting env vars: AIRFLOW_CTX_DAG_OWNER='Dion Rikki' AIRFLOW_CTX_DAG_ID='skripsi_perbaikan' AIRFLOW_CTX_TASK_ID='wait_for_new_data' AIRFLOW_CTX_EXECUTION_DATE='2025-03-16T12:46:00+00:00' AIRFLOW_CTX_TRY_NUMBER='16' AIRFLOW_CTX_DAG_RUN_ID='scheduled__2025-03-16T12:46:00+00:00'
[2025-04-07T15:03:00.273+0000] {logging_mixin.py:190} INFO - Task instance is in running state
[2025-04-07T15:03:00.283+0000] {logging_mixin.py:190} INFO -  Previous state of the Task instance: queued
[2025-04-07T15:03:00.299+0000] {logging_mixin.py:190} INFO - Current task name:wait_for_new_data state:running start_date:2025-04-07 15:02:58.073790+00:00
[2025-04-07T15:03:00.300+0000] {logging_mixin.py:190} INFO - Dag name:skripsi_perbaikan and current dag run status:running
[2025-04-07T15:03:00.360+0000] {taskinstance.py:731} INFO - ::endgroup::
[2025-04-07T15:03:00.549+0000] {base.py:84} INFO - Retrieving connection 'mysql_default'
[2025-04-07T15:03:00.624+0000] {sql.py:101} INFO - Poking: 
            SELECT COUNT(*) 
            FROM tugas_akhir_sensordata s
            WHERE s.timestamp >= NOW() - INTERVAL 5 MINUTE
            AND s.soil_type IS NOT NULL
            AND s.crop_type IS NOT NULL
            AND NOT EXISTS (
                SELECT 1 
                FROM fertilizer_predictions f
                WHERE f.sensor_data_id = s.id
            )
         (with parameters None)
[2025-04-07T15:03:00.723+0000] {base.py:84} INFO - Retrieving connection 'mysql_default'
[2025-04-07T15:03:00.845+0000] {sql.py:553} INFO - Running statement: 
            SELECT COUNT(*) 
            FROM tugas_akhir_sensordata s
            WHERE s.timestamp >= NOW() - INTERVAL 5 MINUTE
            AND s.soil_type IS NOT NULL
            AND s.crop_type IS NOT NULL
            AND NOT EXISTS (
                SELECT 1 
                FROM fertilizer_predictions f
                WHERE f.sensor_data_id = s.id
            )
        , parameters: None
[2025-04-07T15:03:00.872+0000] {sql.py:562} INFO - Rows affected: 1
[2025-04-07T15:03:00.888+0000] {base.py:336} INFO - Success criteria met. Exiting.
[2025-04-07T15:03:00.947+0000] {taskinstance.py:340} INFO - ::group::Post task execution logs
[2025-04-07T15:03:00.960+0000] {taskinstance.py:352} INFO - Marking task as SUCCESS. dag_id=skripsi_perbaikan, task_id=wait_for_new_data, run_id=scheduled__2025-03-16T12:46:00+00:00, execution_date=20250316T124600, start_date=20250407T150258, end_date=20250407T150300
[2025-04-07T15:03:01.124+0000] {logging_mixin.py:190} INFO - Task instance in success state
[2025-04-07T15:03:01.135+0000] {logging_mixin.py:190} INFO -  Previous state of the Task instance: running
[2025-04-07T15:03:01.143+0000] {logging_mixin.py:190} INFO - Dag name:skripsi_perbaikan queued_at:2025-04-07 14:47:44.281011+00:00
[2025-04-07T15:03:01.155+0000] {logging_mixin.py:190} INFO - Task hostname:a9576c91091e operator:SqlSensor
[2025-04-07T15:03:01.320+0000] {local_task_job_runner.py:266} INFO - Task exited with return code 0
[2025-04-07T15:03:01.519+0000] {local_task_job_runner.py:245} INFO - ::endgroup::
