[2025-02-25T12:26:38.430+0000] {local_task_job_runner.py:123} INFO - ::group::Pre task execution logs
[2025-02-25T12:26:38.473+0000] {taskinstance.py:2613} INFO - Dependencies all met for dep_context=non-requeueable deps ti=<TaskInstance: percobaan_akhir.predict_and_store_result manual__2025-02-25T12:23:07.339957+00:00 [queued]>
[2025-02-25T12:26:38.514+0000] {taskinstance.py:2613} INFO - Dependencies all met for dep_context=requeueable deps ti=<TaskInstance: percobaan_akhir.predict_and_store_result manual__2025-02-25T12:23:07.339957+00:00 [queued]>
[2025-02-25T12:26:38.515+0000] {taskinstance.py:2866} INFO - Starting attempt 2 of 7
[2025-02-25T12:26:38.573+0000] {taskinstance.py:2889} INFO - Executing <Task(PythonOperator): predict_and_store_result> on 2025-02-25 12:23:07.339957+00:00
[2025-02-25T12:26:38.617+0000] {standard_task_runner.py:104} INFO - Running: ['airflow', 'tasks', 'run', 'percobaan_akhir', 'predict_and_store_result', 'manual__2025-02-25T12:23:07.339957+00:00', '--job-id', '22', '--raw', '--subdir', 'DAGS_FOLDER/tugas_akhir.py', '--cfg-path', '/tmp/tmpjumkd49g']
[2025-02-25T12:26:38.622+0000] {standard_task_runner.py:105} INFO - Job 22: Subtask predict_and_store_result
[2025-02-25T12:26:38.636+0000] {logging_mixin.py:190} WARNING - /home/airflow/.local/lib/python3.12/site-packages/airflow/task/task_runner/standard_task_runner.py:70 DeprecationWarning: This process (pid=48775) is multi-threaded, use of fork() may lead to deadlocks in the child.
[2025-02-25T12:26:38.639+0000] {standard_task_runner.py:72} INFO - Started process 48856 to run task
[2025-02-25T12:26:38.758+0000] {task_command.py:467} INFO - Running <TaskInstance: percobaan_akhir.predict_and_store_result manual__2025-02-25T12:23:07.339957+00:00 [running]> on host 15e5b1e5ccc7
[2025-02-25T12:26:38.932+0000] {taskinstance.py:3132} INFO - Exporting env vars: AIRFLOW_CTX_DAG_OWNER='Dion Rikki' AIRFLOW_CTX_DAG_ID='percobaan_akhir' AIRFLOW_CTX_TASK_ID='predict_and_store_result' AIRFLOW_CTX_EXECUTION_DATE='2025-02-25T12:23:07.339957+00:00' AIRFLOW_CTX_TRY_NUMBER='2' AIRFLOW_CTX_DAG_RUN_ID='manual__2025-02-25T12:23:07.339957+00:00'
[2025-02-25T12:26:38.936+0000] {logging_mixin.py:190} INFO - Task instance is in running state
[2025-02-25T12:26:38.937+0000] {logging_mixin.py:190} INFO -  Previous state of the Task instance: queued
[2025-02-25T12:26:38.939+0000] {logging_mixin.py:190} INFO - Current task name:predict_and_store_result state:running start_date:2025-02-25 12:26:38.476833+00:00
[2025-02-25T12:26:38.941+0000] {logging_mixin.py:190} INFO - Dag name:percobaan_akhir and current dag run status:running
[2025-02-25T12:26:38.942+0000] {taskinstance.py:731} INFO - ::endgroup::
[2025-02-25T12:26:38.945+0000] {logging_mixin.py:190} INFO - 🔍 [1] Mengambil data dari XCom...
[2025-02-25T12:26:38.965+0000] {logging_mixin.py:190} INFO - ✅ [2] Data diterima dari XCom. Jumlah baris: 7
[2025-02-25T12:26:38.966+0000] {logging_mixin.py:190} INFO - 📊 Data contoh:
[{'Humidity': 86.0, 'Moisture': 25.8}, {'Humidity': 86.0, 'Moisture': 25.8}, {'Humidity': 94.0, 'Moisture': 26.2}, {'Humidity': 88.0, 'Moisture': 26.2}, {'Humidity': 86.0, 'Moisture': 26.1}]
[2025-02-25T12:26:38.974+0000] {logging_mixin.py:190} INFO - 🔄 [3] Melakukan scaling pada data...
[2025-02-25T12:26:38.988+0000] {logging_mixin.py:190} INFO - 🔢 Data setelah scaling:
[[0.8        0.02      ]
 [0.8        0.02      ]
 [0.97777778 0.03      ]
 [0.84444444 0.03      ]
 [0.8        0.0275    ]]
[2025-02-25T12:26:38.989+0000] {logging_mixin.py:190} INFO - 🔍 Bentuk data sebelum prediksi: (7, 2)
[2025-02-25T12:26:38.991+0000] {logging_mixin.py:190} INFO - 🛠️ TensorFlow Version: 2.18.0
[2025-02-25T12:26:38.993+0000] {logging_mixin.py:190} INFO - 🖥️ Backend: tensorflow
[2025-02-25T12:26:38.994+0000] {logging_mixin.py:190} INFO - 🖥️ Devices yang tersedia: [PhysicalDevice(name='/physical_device:CPU:0', device_type='CPU')]
[2025-02-25T12:26:38.997+0000] {logging_mixin.py:190} INFO - 🖥️ Apakah model bisa dipakai di GPU? True
[2025-02-25T12:26:38.998+0000] {logging_mixin.py:190} INFO - 🖥️ Apakah ada GPU yang tersedia? []
[2025-02-25T12:26:39.000+0000] {logging_mixin.py:190} INFO - 🤖 [4] Melakukan prediksi dengan model...
[2025-02-25T12:26:49.009+0000] {logging_mixin.py:190} INFO - ❌ ERROR: Prediksi gagal dalam waktu 10 detik, kemungkinan terjadi deadlock atau masalah TensorFlow.
[2025-02-25T12:26:49.012+0000] {python.py:240} INFO - Done. Returned value was: None
[2025-02-25T12:26:49.060+0000] {taskinstance.py:340} INFO - ::group::Post task execution logs
[2025-02-25T12:26:49.062+0000] {taskinstance.py:352} INFO - Marking task as SUCCESS. dag_id=percobaan_akhir, task_id=predict_and_store_result, run_id=manual__2025-02-25T12:23:07.339957+00:00, execution_date=20250225T122307, start_date=20250225T122638, end_date=20250225T122649
[2025-02-25T12:26:49.142+0000] {logging_mixin.py:190} INFO - Task instance in success state
[2025-02-25T12:26:49.144+0000] {logging_mixin.py:190} INFO -  Previous state of the Task instance: running
[2025-02-25T12:26:49.155+0000] {logging_mixin.py:190} INFO - Dag name:percobaan_akhir queued_at:2025-02-25 12:23:07.368091+00:00
[2025-02-25T12:26:49.160+0000] {logging_mixin.py:190} INFO - Task hostname:15e5b1e5ccc7 operator:PythonOperator
[2025-02-25T12:26:49.257+0000] {local_task_job_runner.py:266} INFO - Task exited with return code 0
[2025-02-25T12:26:49.362+0000] {taskinstance.py:3895} INFO - 0 downstream tasks scheduled from follow-on schedule check
[2025-02-25T12:26:49.370+0000] {local_task_job_runner.py:245} INFO - ::endgroup::
