[2025-02-25T12:23:31.665+0000] {local_task_job_runner.py:123} INFO - ::group::Pre task execution logs
[2025-02-25T12:23:31.780+0000] {taskinstance.py:2613} INFO - Dependencies all met for dep_context=non-requeueable deps ti=<TaskInstance: percobaan_akhir.predict_and_store_result manual__2025-02-25T12:23:07.339957+00:00 [queued]>
[2025-02-25T12:23:31.845+0000] {taskinstance.py:2613} INFO - Dependencies all met for dep_context=requeueable deps ti=<TaskInstance: percobaan_akhir.predict_and_store_result manual__2025-02-25T12:23:07.339957+00:00 [queued]>
[2025-02-25T12:23:31.847+0000] {taskinstance.py:2866} INFO - Starting attempt 1 of 6
[2025-02-25T12:23:31.888+0000] {taskinstance.py:2889} INFO - Executing <Task(PythonOperator): predict_and_store_result> on 2025-02-25 12:23:07.339957+00:00
[2025-02-25T12:23:31.942+0000] {standard_task_runner.py:104} INFO - Running: ['airflow', 'tasks', 'run', 'percobaan_akhir', 'predict_and_store_result', 'manual__2025-02-25T12:23:07.339957+00:00', '--job-id', '21', '--raw', '--subdir', 'DAGS_FOLDER/tugas_akhir.py', '--cfg-path', '/tmp/tmp1o9hhig_']
[2025-02-25T12:23:31.947+0000] {standard_task_runner.py:105} INFO - Job 21: Subtask predict_and_store_result
[2025-02-25T12:23:31.952+0000] {logging_mixin.py:190} WARNING - /home/airflow/.local/lib/python3.12/site-packages/airflow/task/task_runner/standard_task_runner.py:70 DeprecationWarning: This process (pid=46926) is multi-threaded, use of fork() may lead to deadlocks in the child.
[2025-02-25T12:23:31.954+0000] {standard_task_runner.py:72} INFO - Started process 47072 to run task
[2025-02-25T12:23:32.040+0000] {task_command.py:467} INFO - Running <TaskInstance: percobaan_akhir.predict_and_store_result manual__2025-02-25T12:23:07.339957+00:00 [running]> on host 15e5b1e5ccc7
[2025-02-25T12:23:32.200+0000] {taskinstance.py:3132} INFO - Exporting env vars: AIRFLOW_CTX_DAG_OWNER='Dion Rikki' AIRFLOW_CTX_DAG_ID='percobaan_akhir' AIRFLOW_CTX_TASK_ID='predict_and_store_result' AIRFLOW_CTX_EXECUTION_DATE='2025-02-25T12:23:07.339957+00:00' AIRFLOW_CTX_TRY_NUMBER='1' AIRFLOW_CTX_DAG_RUN_ID='manual__2025-02-25T12:23:07.339957+00:00'
[2025-02-25T12:23:32.204+0000] {logging_mixin.py:190} INFO - Task instance is in running state
[2025-02-25T12:23:32.205+0000] {logging_mixin.py:190} INFO -  Previous state of the Task instance: queued
[2025-02-25T12:23:32.206+0000] {logging_mixin.py:190} INFO - Current task name:predict_and_store_result state:running start_date:2025-02-25 12:23:31.783217+00:00
[2025-02-25T12:23:32.208+0000] {logging_mixin.py:190} INFO - Dag name:percobaan_akhir and current dag run status:running
[2025-02-25T12:23:32.210+0000] {taskinstance.py:731} INFO - ::endgroup::
[2025-02-25T12:23:32.213+0000] {logging_mixin.py:190} INFO - 🔍 [1] Mengambil data dari XCom...
[2025-02-25T12:23:32.232+0000] {logging_mixin.py:190} INFO - ✅ [2] Data diterima dari XCom. Jumlah baris: 7
[2025-02-25T12:23:32.233+0000] {logging_mixin.py:190} INFO - 📊 Data contoh:
[{'Humidity': 86.0, 'Moisture': 25.8}, {'Humidity': 86.0, 'Moisture': 25.8}, {'Humidity': 94.0, 'Moisture': 26.2}, {'Humidity': 88.0, 'Moisture': 26.2}, {'Humidity': 86.0, 'Moisture': 26.1}]
[2025-02-25T12:23:32.239+0000] {logging_mixin.py:190} INFO - 🔄 [3] Melakukan scaling pada data...
[2025-02-25T12:23:32.253+0000] {logging_mixin.py:190} INFO - 🔢 Data setelah scaling:
[[0.8        0.02      ]
 [0.8        0.02      ]
 [0.97777778 0.03      ]
 [0.84444444 0.03      ]
 [0.8        0.0275    ]]
[2025-02-25T12:23:32.254+0000] {logging_mixin.py:190} INFO - 🔍 Bentuk data sebelum prediksi: (7, 2)
[2025-02-25T12:23:32.255+0000] {logging_mixin.py:190} INFO - 🛠️ TensorFlow Version: 2.18.0
[2025-02-25T12:23:32.256+0000] {logging_mixin.py:190} INFO - 🖥️ Backend: tensorflow
[2025-02-25T12:23:32.258+0000] {logging_mixin.py:190} INFO - 🖥️ Devices yang tersedia: [PhysicalDevice(name='/physical_device:CPU:0', device_type='CPU')]
[2025-02-25T12:23:32.259+0000] {taskinstance.py:3311} ERROR - Task failed with exception
Traceback (most recent call last):
  File "/home/airflow/.local/lib/python3.12/site-packages/airflow/models/taskinstance.py", line 767, in _execute_task
    result = _execute_callable(context=context, **execute_callable_kwargs)
             ^^^^^^^^^^^^^^^^^^^^^^^^^^^^^^^^^^^^^^^^^^^^^^^^^^^^^^^^^^^^^
  File "/home/airflow/.local/lib/python3.12/site-packages/airflow/models/taskinstance.py", line 733, in _execute_callable
    return ExecutionCallableRunner(
           ^^^^^^^^^^^^^^^^^^^^^^^^
  File "/home/airflow/.local/lib/python3.12/site-packages/airflow/utils/operator_helpers.py", line 252, in run
    return self.func(*args, **kwargs)
           ^^^^^^^^^^^^^^^^^^^^^^^^^^
  File "/home/airflow/.local/lib/python3.12/site-packages/airflow/models/baseoperator.py", line 422, in wrapper
    return func(self, *args, **kwargs)
           ^^^^^^^^^^^^^^^^^^^^^^^^^^^
  File "/home/airflow/.local/lib/python3.12/site-packages/airflow/operators/python.py", line 238, in execute
    return_value = self.execute_callable()
                   ^^^^^^^^^^^^^^^^^^^^^^^
  File "/home/airflow/.local/lib/python3.12/site-packages/airflow/operators/python.py", line 256, in execute_callable
    return runner.run(*self.op_args, **self.op_kwargs)
           ^^^^^^^^^^^^^^^^^^^^^^^^^^^^^^^^^^^^^^^^^^^
  File "/home/airflow/.local/lib/python3.12/site-packages/airflow/utils/operator_helpers.py", line 252, in run
    return self.func(*args, **kwargs)
           ^^^^^^^^^^^^^^^^^^^^^^^^^^
  File "/opt/airflow/dags/tugas_akhir.py", line 70, in predict_and_store_result
    print(f"🖥️ Apakah model bisa dipakai di CPU? {tf.test.is_built_with_cpu_support()}")
                                                  ^^^^^^^^^^^^^^^^^^^^^^^^^^^^^^^^^
AttributeError: module 'tensorflow._api.v2.test' has no attribute 'is_built_with_cpu_support'. Did you mean: 'is_built_with_gpu_support'?
[2025-02-25T12:23:32.293+0000] {logging_mixin.py:190} INFO - Task instance in failure state
[2025-02-25T12:23:32.294+0000] {logging_mixin.py:190} INFO - Task start:2025-02-25 12:23:31.783217+00:00 end:2025-02-25 12:23:32.292510+00:00 duration:0.509293
[2025-02-25T12:23:32.296+0000] {logging_mixin.py:190} INFO - Task:<Task(PythonOperator): predict_and_store_result> dag:<DAG: percobaan_akhir> dagrun:<DagRun percobaan_akhir @ 2025-02-25 12:23:07.339957+00:00: manual__2025-02-25T12:23:07.339957+00:00, state:running, queued_at: 2025-02-25 12:23:07.368091+00:00. externally triggered: True>
[2025-02-25T12:23:32.297+0000] {logging_mixin.py:190} INFO - Failure caused by module 'tensorflow._api.v2.test' has no attribute 'is_built_with_cpu_support'
[2025-02-25T12:23:32.298+0000] {taskinstance.py:1225} INFO - Marking task as UP_FOR_RETRY. dag_id=percobaan_akhir, task_id=predict_and_store_result, run_id=manual__2025-02-25T12:23:07.339957+00:00, execution_date=20250225T122307, start_date=20250225T122331, end_date=20250225T122332
[2025-02-25T12:23:32.334+0000] {taskinstance.py:340} INFO - ::group::Post task execution logs
[2025-02-25T12:23:32.335+0000] {standard_task_runner.py:124} ERROR - Failed to execute job 21 for task predict_and_store_result (module 'tensorflow._api.v2.test' has no attribute 'is_built_with_cpu_support'; 47072)
Traceback (most recent call last):
  File "/home/airflow/.local/lib/python3.12/site-packages/airflow/task/task_runner/standard_task_runner.py", line 117, in _start_by_fork
    ret = args.func(args, dag=self.dag)
          ^^^^^^^^^^^^^^^^^^^^^^^^^^^^^
  File "/home/airflow/.local/lib/python3.12/site-packages/airflow/cli/cli_config.py", line 49, in command
    return func(*args, **kwargs)
           ^^^^^^^^^^^^^^^^^^^^^
  File "/home/airflow/.local/lib/python3.12/site-packages/airflow/utils/cli.py", line 116, in wrapper
    return f(*args, **kwargs)
           ^^^^^^^^^^^^^^^^^^
  File "/home/airflow/.local/lib/python3.12/site-packages/airflow/cli/commands/task_command.py", line 483, in task_run
    task_return_code = _run_task_by_selected_method(args, _dag, ti)
                       ^^^^^^^^^^^^^^^^^^^^^^^^^^^^^^^^^^^^^^^^^^^^
  File "/home/airflow/.local/lib/python3.12/site-packages/airflow/cli/commands/task_command.py", line 256, in _run_task_by_selected_method
    return _run_raw_task(args, ti)
           ^^^^^^^^^^^^^^^^^^^^^^^
  File "/home/airflow/.local/lib/python3.12/site-packages/airflow/cli/commands/task_command.py", line 341, in _run_raw_task
    return ti._run_raw_task(
           ^^^^^^^^^^^^^^^^^
  File "/home/airflow/.local/lib/python3.12/site-packages/airflow/utils/session.py", line 97, in wrapper
    return func(*args, session=session, **kwargs)
           ^^^^^^^^^^^^^^^^^^^^^^^^^^^^^^^^^^^^^^
  File "/home/airflow/.local/lib/python3.12/site-packages/airflow/models/taskinstance.py", line 3005, in _run_raw_task
    return _run_raw_task(
           ^^^^^^^^^^^^^^
  File "/home/airflow/.local/lib/python3.12/site-packages/airflow/models/taskinstance.py", line 273, in _run_raw_task
    TaskInstance._execute_task_with_callbacks(
  File "/home/airflow/.local/lib/python3.12/site-packages/airflow/models/taskinstance.py", line 3159, in _execute_task_with_callbacks
    result = self._execute_task(context, task_orig)
             ^^^^^^^^^^^^^^^^^^^^^^^^^^^^^^^^^^^^^^
  File "/home/airflow/.local/lib/python3.12/site-packages/airflow/models/taskinstance.py", line 3183, in _execute_task
    return _execute_task(self, context, task_orig)
           ^^^^^^^^^^^^^^^^^^^^^^^^^^^^^^^^^^^^^^^
  File "/home/airflow/.local/lib/python3.12/site-packages/airflow/models/taskinstance.py", line 767, in _execute_task
    result = _execute_callable(context=context, **execute_callable_kwargs)
             ^^^^^^^^^^^^^^^^^^^^^^^^^^^^^^^^^^^^^^^^^^^^^^^^^^^^^^^^^^^^^
  File "/home/airflow/.local/lib/python3.12/site-packages/airflow/models/taskinstance.py", line 733, in _execute_callable
    return ExecutionCallableRunner(
           ^^^^^^^^^^^^^^^^^^^^^^^^
  File "/home/airflow/.local/lib/python3.12/site-packages/airflow/utils/operator_helpers.py", line 252, in run
    return self.func(*args, **kwargs)
           ^^^^^^^^^^^^^^^^^^^^^^^^^^
  File "/home/airflow/.local/lib/python3.12/site-packages/airflow/models/baseoperator.py", line 422, in wrapper
    return func(self, *args, **kwargs)
           ^^^^^^^^^^^^^^^^^^^^^^^^^^^
  File "/home/airflow/.local/lib/python3.12/site-packages/airflow/operators/python.py", line 238, in execute
    return_value = self.execute_callable()
                   ^^^^^^^^^^^^^^^^^^^^^^^
  File "/home/airflow/.local/lib/python3.12/site-packages/airflow/operators/python.py", line 256, in execute_callable
    return runner.run(*self.op_args, **self.op_kwargs)
           ^^^^^^^^^^^^^^^^^^^^^^^^^^^^^^^^^^^^^^^^^^^
  File "/home/airflow/.local/lib/python3.12/site-packages/airflow/utils/operator_helpers.py", line 252, in run
    return self.func(*args, **kwargs)
           ^^^^^^^^^^^^^^^^^^^^^^^^^^
  File "/opt/airflow/dags/tugas_akhir.py", line 70, in predict_and_store_result
    print(f"🖥️ Apakah model bisa dipakai di CPU? {tf.test.is_built_with_cpu_support()}")
                                                  ^^^^^^^^^^^^^^^^^^^^^^^^^^^^^^^^^
AttributeError: module 'tensorflow._api.v2.test' has no attribute 'is_built_with_cpu_support'. Did you mean: 'is_built_with_gpu_support'?
[2025-02-25T12:23:32.388+0000] {local_task_job_runner.py:266} INFO - Task exited with return code 1
[2025-02-25T12:23:32.449+0000] {taskinstance.py:3895} INFO - 0 downstream tasks scheduled from follow-on schedule check
[2025-02-25T12:23:32.455+0000] {local_task_job_runner.py:245} INFO - ::endgroup::
