[2025-04-21T14:50:15.927+0000] {local_task_job_runner.py:123} INFO - ::group::Pre task execution logs
[2025-04-21T14:50:16.092+0000] {taskinstance.py:2613} INFO - Dependencies all met for dep_context=non-requeueable deps ti=<TaskInstance: perbaikan_skripsi.wait_for_new_data scheduled__2025-04-21T14:40:00+00:00 [queued]>
[2025-04-21T14:50:16.160+0000] {taskinstance.py:2613} INFO - Dependencies all met for dep_context=requeueable deps ti=<TaskInstance: perbaikan_skripsi.wait_for_new_data scheduled__2025-04-21T14:40:00+00:00 [queued]>
[2025-04-21T14:50:16.164+0000] {taskinstance.py:2866} INFO - Starting attempt 9 of 4
[2025-04-21T14:50:16.297+0000] {taskinstance.py:2889} INFO - Executing <Task(SqlSensor): wait_for_new_data> on 2025-04-21 14:40:00+00:00
[2025-04-21T14:50:16.340+0000] {logging_mixin.py:190} WARNING - /home/airflow/.local/lib/python3.12/site-packages/airflow/task/task_runner/standard_task_runner.py:70 DeprecationWarning: This process (pid=28119) is multi-threaded, use of fork() may lead to deadlocks in the child.
[2025-04-21T14:50:16.345+0000] {standard_task_runner.py:72} INFO - Started process 28192 to run task
[2025-04-21T14:50:16.347+0000] {standard_task_runner.py:104} INFO - Running: ['airflow', 'tasks', 'run', 'perbaikan_skripsi', 'wait_for_new_data', 'scheduled__2025-04-21T14:40:00+00:00', '--job-id', '302', '--raw', '--subdir', 'DAGS_FOLDER/tugas_akhir.py', '--cfg-path', '/tmp/tmp_i75kbsi']
[2025-04-21T14:50:16.358+0000] {standard_task_runner.py:105} INFO - Job 302: Subtask wait_for_new_data
[2025-04-21T14:50:16.630+0000] {task_command.py:467} INFO - Running <TaskInstance: perbaikan_skripsi.wait_for_new_data scheduled__2025-04-21T14:40:00+00:00 [running]> on host 1daba33e39bb
[2025-04-21T14:50:17.478+0000] {taskinstance.py:3132} INFO - Exporting env vars: AIRFLOW_CTX_DAG_OWNER='Dion Rikki' AIRFLOW_CTX_DAG_ID='perbaikan_skripsi' AIRFLOW_CTX_TASK_ID='wait_for_new_data' AIRFLOW_CTX_EXECUTION_DATE='2025-04-21T14:40:00+00:00' AIRFLOW_CTX_TRY_NUMBER='9' AIRFLOW_CTX_DAG_RUN_ID='scheduled__2025-04-21T14:40:00+00:00'
[2025-04-21T14:50:17.486+0000] {logging_mixin.py:190} INFO - Task instance is in running state
[2025-04-21T14:50:17.491+0000] {logging_mixin.py:190} INFO -  Previous state of the Task instance: queued
[2025-04-21T14:50:17.495+0000] {logging_mixin.py:190} INFO - Current task name:wait_for_new_data state:running start_date:2025-04-21 14:50:16.105058+00:00
[2025-04-21T14:50:17.498+0000] {logging_mixin.py:190} INFO - Dag name:perbaikan_skripsi and current dag run status:running
[2025-04-21T14:50:17.501+0000] {taskinstance.py:731} INFO - ::endgroup::
[2025-04-21T14:50:17.578+0000] {base.py:84} INFO - Retrieving connection 'mysql_default'
[2025-04-21T14:50:17.592+0000] {sql.py:101} INFO - Poking: 
            SELECT COUNT(*) 
            FROM tugas_akhir_sensordata s
            WHERE s.timestamp >= NOW() - INTERVAL 3 MINUTE
            AND s.soil_type IS NOT NULL
            AND s.crop_type IS NOT NULL
            AND NOT EXISTS (
                SELECT 1 
                FROM fertilizer_predictions f
                WHERE f.sensor_data_id = s.id
            )
         (with parameters None)
[2025-04-21T14:50:17.613+0000] {base.py:84} INFO - Retrieving connection 'mysql_default'
[2025-04-21T14:50:17.631+0000] {sql.py:553} INFO - Running statement: 
            SELECT COUNT(*) 
            FROM tugas_akhir_sensordata s
            WHERE s.timestamp >= NOW() - INTERVAL 3 MINUTE
            AND s.soil_type IS NOT NULL
            AND s.crop_type IS NOT NULL
            AND NOT EXISTS (
                SELECT 1 
                FROM fertilizer_predictions f
                WHERE f.sensor_data_id = s.id
            )
        , parameters: None
[2025-04-21T14:50:17.638+0000] {sql.py:562} INFO - Rows affected: 1
[2025-04-21T14:50:17.640+0000] {base.py:336} INFO - Success criteria met. Exiting.
[2025-04-21T14:50:17.674+0000] {taskinstance.py:340} INFO - ::group::Post task execution logs
[2025-04-21T14:50:17.676+0000] {taskinstance.py:352} INFO - Marking task as SUCCESS. dag_id=perbaikan_skripsi, task_id=wait_for_new_data, run_id=scheduled__2025-04-21T14:40:00+00:00, execution_date=20250421T144000, start_date=20250421T145016, end_date=20250421T145017
[2025-04-21T14:50:17.729+0000] {logging_mixin.py:190} INFO - Task instance in success state
[2025-04-21T14:50:17.733+0000] {logging_mixin.py:190} INFO -  Previous state of the Task instance: running
[2025-04-21T14:50:17.739+0000] {logging_mixin.py:190} INFO - Dag name:perbaikan_skripsi queued_at:2025-04-21 14:41:00.423321+00:00
[2025-04-21T14:50:17.740+0000] {logging_mixin.py:190} INFO - Task hostname:1daba33e39bb operator:SqlSensor
[2025-04-21T14:50:17.794+0000] {local_task_job_runner.py:266} INFO - Task exited with return code 0
[2025-04-21T14:50:17.930+0000] {taskinstance.py:3895} INFO - 1 downstream tasks scheduled from follow-on schedule check
[2025-04-21T14:50:17.973+0000] {local_task_job_runner.py:245} INFO - ::endgroup::
