[2025-03-10T17:24:21.943+0000] {local_task_job_runner.py:123} INFO - ::group::Pre task execution logs
[2025-03-10T17:24:21.994+0000] {taskinstance.py:2613} INFO - Dependencies all met for dep_context=non-requeueable deps ti=<TaskInstance: skripsi_prediksi_fertilizer.wait_for_new_data scheduled__2025-03-10T17:20:00+00:00 [queued]>
[2025-03-10T17:24:22.018+0000] {taskinstance.py:2613} INFO - Dependencies all met for dep_context=requeueable deps ti=<TaskInstance: skripsi_prediksi_fertilizer.wait_for_new_data scheduled__2025-03-10T17:20:00+00:00 [queued]>
[2025-03-10T17:24:22.019+0000] {taskinstance.py:2866} INFO - Starting attempt 3 of 6
[2025-03-10T17:24:22.061+0000] {taskinstance.py:2889} INFO - Executing <Task(SqlSensor): wait_for_new_data> on 2025-03-10 17:20:00+00:00
[2025-03-10T17:24:22.086+0000] {standard_task_runner.py:104} INFO - Running: ['airflow', 'tasks', 'run', 'skripsi_prediksi_fertilizer', 'wait_for_new_data', 'scheduled__2025-03-10T17:20:00+00:00', '--job-id', '58', '--raw', '--subdir', 'DAGS_FOLDER/tugas_akhir.py', '--cfg-path', '/tmp/tmp204ns00i']
[2025-03-10T17:24:22.086+0000] {logging_mixin.py:190} WARNING - /home/airflow/.local/lib/python3.12/site-packages/airflow/task/task_runner/standard_task_runner.py:70 DeprecationWarning: This process (pid=26710) is multi-threaded, use of fork() may lead to deadlocks in the child.
[2025-03-10T17:24:22.090+0000] {standard_task_runner.py:72} INFO - Started process 26721 to run task
[2025-03-10T17:24:22.089+0000] {standard_task_runner.py:105} INFO - Job 58: Subtask wait_for_new_data
[2025-03-10T17:24:22.193+0000] {task_command.py:467} INFO - Running <TaskInstance: skripsi_prediksi_fertilizer.wait_for_new_data scheduled__2025-03-10T17:20:00+00:00 [running]> on host b493651eb2c9
[2025-03-10T17:24:22.743+0000] {taskinstance.py:3132} INFO - Exporting env vars: AIRFLOW_CTX_DAG_OWNER='Dion Rikki' AIRFLOW_CTX_DAG_ID='skripsi_prediksi_fertilizer' AIRFLOW_CTX_TASK_ID='wait_for_new_data' AIRFLOW_CTX_EXECUTION_DATE='2025-03-10T17:20:00+00:00' AIRFLOW_CTX_TRY_NUMBER='3' AIRFLOW_CTX_DAG_RUN_ID='scheduled__2025-03-10T17:20:00+00:00'
[2025-03-10T17:24:22.750+0000] {logging_mixin.py:190} INFO - Task instance is in running state
[2025-03-10T17:24:22.753+0000] {logging_mixin.py:190} INFO -  Previous state of the Task instance: queued
[2025-03-10T17:24:22.755+0000] {logging_mixin.py:190} INFO - Current task name:wait_for_new_data state:running start_date:2025-03-10 17:24:21.995759+00:00
[2025-03-10T17:24:22.757+0000] {logging_mixin.py:190} INFO - Dag name:skripsi_prediksi_fertilizer and current dag run status:running
[2025-03-10T17:24:22.760+0000] {taskinstance.py:731} INFO - ::endgroup::
[2025-03-10T17:24:22.802+0000] {base.py:84} INFO - Retrieving connection 'mysql_default'
[2025-03-10T17:24:22.810+0000] {sql.py:101} INFO - Poking: 
            SELECT COUNT(*) 
            FROM tugas_akhir_sensordata s
            WHERE s.timestamp >= NOW() - INTERVAL 5 MINUTE
            AND NOT EXISTS (
                SELECT 1 
                FROM fertilizer_predictions f
                WHERE f.id = s.id
            )
         (with parameters None)
[2025-03-10T17:24:22.820+0000] {base.py:84} INFO - Retrieving connection 'mysql_default'
[2025-03-10T17:24:22.829+0000] {sql.py:553} INFO - Running statement: 
            SELECT COUNT(*) 
            FROM tugas_akhir_sensordata s
            WHERE s.timestamp >= NOW() - INTERVAL 5 MINUTE
            AND NOT EXISTS (
                SELECT 1 
                FROM fertilizer_predictions f
                WHERE f.id = s.id
            )
        , parameters: None
[2025-03-10T17:24:22.831+0000] {sql.py:562} INFO - Rows affected: 1
[2025-03-10T17:24:22.879+0000] {taskinstance.py:309} INFO - Rescheduling task, marking task as UP_FOR_RESCHEDULE
[2025-03-10T17:24:22.881+0000] {taskinstance.py:340} INFO - ::group::Post task execution logs
[2025-03-10T17:24:22.932+0000] {local_task_job_runner.py:266} INFO - Task exited with return code 0
[2025-03-10T17:24:23.021+0000] {taskinstance.py:3895} INFO - 0 downstream tasks scheduled from follow-on schedule check
[2025-03-10T17:24:23.026+0000] {local_task_job_runner.py:245} INFO - ::endgroup::
