[2025-03-02T10:00:38.306+0000] {local_task_job_runner.py:123} INFO - ::group::Pre task execution logs
[2025-03-02T10:00:38.339+0000] {taskinstance.py:2613} INFO - Dependencies all met for dep_context=non-requeueable deps ti=<TaskInstance: skripsi_2.wait_for_new_data scheduled__2025-03-02T09:50:00+00:00 [queued]>
[2025-03-02T10:00:38.360+0000] {taskinstance.py:2613} INFO - Dependencies all met for dep_context=requeueable deps ti=<TaskInstance: skripsi_2.wait_for_new_data scheduled__2025-03-02T09:50:00+00:00 [queued]>
[2025-03-02T10:00:38.361+0000] {taskinstance.py:2866} INFO - Starting attempt 9 of 6
[2025-03-02T10:00:38.390+0000] {taskinstance.py:2889} INFO - Executing <Task(SqlSensor): wait_for_new_data> on 2025-03-02 09:50:00+00:00
[2025-03-02T10:00:38.410+0000] {logging_mixin.py:190} WARNING - /home/airflow/.local/lib/python3.12/site-packages/airflow/task/task_runner/standard_task_runner.py:70 DeprecationWarning: This process (pid=26894) is multi-threaded, use of fork() may lead to deadlocks in the child.
[2025-03-02T10:00:38.410+0000] {standard_task_runner.py:104} INFO - Running: ['airflow', 'tasks', 'run', 'skripsi_2', 'wait_for_new_data', 'scheduled__2025-03-02T09:50:00+00:00', '--job-id', '16571', '--raw', '--subdir', 'DAGS_FOLDER/tugas_akhir.py', '--cfg-path', '/tmp/tmp8rwi6p_l']
[2025-03-02T10:00:38.414+0000] {standard_task_runner.py:105} INFO - Job 16571: Subtask wait_for_new_data
[2025-03-02T10:00:38.412+0000] {standard_task_runner.py:72} INFO - Started process 26898 to run task
[2025-03-02T10:00:38.494+0000] {task_command.py:467} INFO - Running <TaskInstance: skripsi_2.wait_for_new_data scheduled__2025-03-02T09:50:00+00:00 [running]> on host ef7692401a0a
[2025-03-02T10:00:38.694+0000] {taskinstance.py:3132} INFO - Exporting env vars: AIRFLOW_CTX_DAG_OWNER='Dion Rikki' AIRFLOW_CTX_DAG_ID='skripsi_2' AIRFLOW_CTX_TASK_ID='wait_for_new_data' AIRFLOW_CTX_EXECUTION_DATE='2025-03-02T09:50:00+00:00' AIRFLOW_CTX_TRY_NUMBER='9' AIRFLOW_CTX_DAG_RUN_ID='scheduled__2025-03-02T09:50:00+00:00'
[2025-03-02T10:00:38.700+0000] {logging_mixin.py:190} INFO - Task instance is in running state
[2025-03-02T10:00:38.701+0000] {logging_mixin.py:190} INFO -  Previous state of the Task instance: queued
[2025-03-02T10:00:38.702+0000] {logging_mixin.py:190} INFO - Current task name:wait_for_new_data state:running start_date:2025-03-02 10:00:38.340980+00:00
[2025-03-02T10:00:38.703+0000] {logging_mixin.py:190} INFO - Dag name:skripsi_2 and current dag run status:running
[2025-03-02T10:00:38.704+0000] {taskinstance.py:731} INFO - ::endgroup::
[2025-03-02T10:00:38.740+0000] {base.py:84} INFO - Retrieving connection 'mysql_default'
[2025-03-02T10:00:38.746+0000] {sql.py:101} INFO - Poking: 
            SELECT COUNT(*) 
            FROM tugas_akhir_sensordata s
            WHERE s.timestamp >= NOW() - INTERVAL 5 MINUTE
            AND NOT EXISTS (
                SELECT 1 
                FROM fertilizer_predictions f
                WHERE f.id = s.id
            )
         (with parameters None)
[2025-03-02T10:00:38.758+0000] {base.py:84} INFO - Retrieving connection 'mysql_default'
[2025-03-02T10:00:38.769+0000] {sql.py:553} INFO - Running statement: 
            SELECT COUNT(*) 
            FROM tugas_akhir_sensordata s
            WHERE s.timestamp >= NOW() - INTERVAL 5 MINUTE
            AND NOT EXISTS (
                SELECT 1 
                FROM fertilizer_predictions f
                WHERE f.id = s.id
            )
        , parameters: None
[2025-03-02T10:00:38.772+0000] {sql.py:562} INFO - Rows affected: 1
[2025-03-02T10:00:38.823+0000] {taskinstance.py:309} INFO - Rescheduling task, marking task as UP_FOR_RESCHEDULE
[2025-03-02T10:00:38.826+0000] {taskinstance.py:340} INFO - ::group::Post task execution logs
[2025-03-02T10:00:38.893+0000] {local_task_job_runner.py:266} INFO - Task exited with return code 0
[2025-03-02T10:00:38.956+0000] {taskinstance.py:3895} INFO - 0 downstream tasks scheduled from follow-on schedule check
[2025-03-02T10:00:38.959+0000] {local_task_job_runner.py:245} INFO - ::endgroup::
