[2025-02-25T19:50:09.704+0000] {local_task_job_runner.py:123} INFO - ::group::Pre task execution logs
[2025-02-25T19:50:09.779+0000] {taskinstance.py:2613} INFO - Dependencies all met for dep_context=non-requeueable deps ti=<TaskInstance: skripsi_akhir.get_data_from_db scheduled__2025-02-25T19:48:00+00:00 [queued]>
[2025-02-25T19:50:09.807+0000] {taskinstance.py:2613} INFO - Dependencies all met for dep_context=requeueable deps ti=<TaskInstance: skripsi_akhir.get_data_from_db scheduled__2025-02-25T19:48:00+00:00 [queued]>
[2025-02-25T19:50:09.808+0000] {taskinstance.py:2866} INFO - Starting attempt 1 of 6
[2025-02-25T19:50:09.860+0000] {taskinstance.py:2889} INFO - Executing <Task(PythonOperator): get_data_from_db> on 2025-02-25 19:48:00+00:00
[2025-02-25T19:50:09.891+0000] {logging_mixin.py:190} WARNING - /home/airflow/.local/lib/python3.12/site-packages/airflow/task/task_runner/standard_task_runner.py:70 DeprecationWarning: This process (pid=93871) is multi-threaded, use of fork() may lead to deadlocks in the child.
[2025-02-25T19:50:09.891+0000] {standard_task_runner.py:104} INFO - Running: ['airflow', 'tasks', 'run', 'skripsi_akhir', 'get_data_from_db', 'scheduled__2025-02-25T19:48:00+00:00', '--job-id', '450', '--raw', '--subdir', 'DAGS_FOLDER/tugas_akhir.py', '--cfg-path', '/tmp/tmpuiqrcch8']
[2025-02-25T19:50:09.895+0000] {standard_task_runner.py:72} INFO - Started process 93931 to run task
[2025-02-25T19:50:09.896+0000] {standard_task_runner.py:105} INFO - Job 450: Subtask get_data_from_db
[2025-02-25T19:50:10.002+0000] {task_command.py:467} INFO - Running <TaskInstance: skripsi_akhir.get_data_from_db scheduled__2025-02-25T19:48:00+00:00 [running]> on host d22a487e6b55
[2025-02-25T19:50:10.182+0000] {taskinstance.py:3132} INFO - Exporting env vars: AIRFLOW_CTX_DAG_OWNER='Dion Rikki' AIRFLOW_CTX_DAG_ID='skripsi_akhir' AIRFLOW_CTX_TASK_ID='get_data_from_db' AIRFLOW_CTX_EXECUTION_DATE='2025-02-25T19:48:00+00:00' AIRFLOW_CTX_TRY_NUMBER='1' AIRFLOW_CTX_DAG_RUN_ID='scheduled__2025-02-25T19:48:00+00:00'
[2025-02-25T19:50:10.186+0000] {logging_mixin.py:190} INFO - Task instance is in running state
[2025-02-25T19:50:10.187+0000] {logging_mixin.py:190} INFO -  Previous state of the Task instance: queued
[2025-02-25T19:50:10.188+0000] {logging_mixin.py:190} INFO - Current task name:get_data_from_db state:running start_date:2025-02-25 19:50:09.781637+00:00
[2025-02-25T19:50:10.189+0000] {logging_mixin.py:190} INFO - Dag name:skripsi_akhir and current dag run status:running
[2025-02-25T19:50:10.190+0000] {taskinstance.py:731} INFO - ::endgroup::
[2025-02-25T19:50:10.193+0000] {logging_mixin.py:190} INFO - 🔍 [1] Menghubungkan ke database MySQL...
[2025-02-25T19:50:10.240+0000] {logging_mixin.py:190} INFO - 📊 Data yang diambil dari MySQL:
   Humidity  Moisture
0      86.0      25.8
1      85.0      25.8
[2025-02-25T19:50:10.267+0000] {logging_mixin.py:190} INFO - ✅ Data berhasil disimpan ke XCom. Jumlah baris: 2
[2025-02-25T19:50:10.268+0000] {python.py:240} INFO - Done. Returned value was: None
[2025-02-25T19:50:10.285+0000] {taskinstance.py:340} INFO - ::group::Post task execution logs
[2025-02-25T19:50:10.287+0000] {taskinstance.py:352} INFO - Marking task as SUCCESS. dag_id=skripsi_akhir, task_id=get_data_from_db, run_id=scheduled__2025-02-25T19:48:00+00:00, execution_date=20250225T194800, start_date=20250225T195009, end_date=20250225T195010
[2025-02-25T19:50:10.313+0000] {logging_mixin.py:190} INFO - Task instance in success state
[2025-02-25T19:50:10.317+0000] {logging_mixin.py:190} INFO -  Previous state of the Task instance: running
[2025-02-25T19:50:10.318+0000] {logging_mixin.py:190} INFO - Dag name:skripsi_akhir queued_at:2025-02-25 19:50:00.294326+00:00
[2025-02-25T19:50:10.319+0000] {logging_mixin.py:190} INFO - Task hostname:d22a487e6b55 operator:PythonOperator
[2025-02-25T19:50:10.370+0000] {local_task_job_runner.py:266} INFO - Task exited with return code 0
[2025-02-25T19:50:10.422+0000] {taskinstance.py:3895} INFO - 1 downstream tasks scheduled from follow-on schedule check
[2025-02-25T19:50:10.481+0000] {local_task_job_runner.py:245} INFO - ::endgroup::
