[2025-04-23T08:34:27.273+0000] {local_task_job_runner.py:123} INFO - ::group::Pre task execution logs
[2025-04-23T08:34:27.320+0000] {taskinstance.py:2613} INFO - Dependencies all met for dep_context=non-requeueable deps ti=<TaskInstance: perbaikan_skripsi.wait_for_new_data scheduled__2025-04-23T08:28:00+00:00 [queued]>
[2025-04-23T08:34:27.350+0000] {taskinstance.py:2613} INFO - Dependencies all met for dep_context=requeueable deps ti=<TaskInstance: perbaikan_skripsi.wait_for_new_data scheduled__2025-04-23T08:28:00+00:00 [queued]>
[2025-04-23T08:34:27.351+0000] {taskinstance.py:2866} INFO - Starting attempt 6 of 4
[2025-04-23T08:34:27.409+0000] {taskinstance.py:2889} INFO - Executing <Task(SqlSensor): wait_for_new_data> on 2025-04-23 08:28:00+00:00
[2025-04-23T08:34:27.453+0000] {logging_mixin.py:190} WARNING - /home/airflow/.local/lib/python3.12/site-packages/airflow/task/task_runner/standard_task_runner.py:70 DeprecationWarning: This process (pid=9709) is multi-threaded, use of fork() may lead to deadlocks in the child.
[2025-04-23T08:34:27.460+0000] {standard_task_runner.py:72} INFO - Started process 9763 to run task
[2025-04-23T08:34:27.459+0000] {standard_task_runner.py:104} INFO - Running: ['airflow', 'tasks', 'run', 'perbaikan_skripsi', 'wait_for_new_data', 'scheduled__2025-04-23T08:28:00+00:00', '--job-id', '8989', '--raw', '--subdir', 'DAGS_FOLDER/tugas_akhir.py', '--cfg-path', '/tmp/tmpda0qruv4']
[2025-04-23T08:34:27.465+0000] {standard_task_runner.py:105} INFO - Job 8989: Subtask wait_for_new_data
[2025-04-23T08:34:27.676+0000] {task_command.py:467} INFO - Running <TaskInstance: perbaikan_skripsi.wait_for_new_data scheduled__2025-04-23T08:28:00+00:00 [running]> on host a38b69ba8f8a
[2025-04-23T08:34:28.033+0000] {taskinstance.py:3132} INFO - Exporting env vars: AIRFLOW_CTX_DAG_OWNER='Dion Rikki' AIRFLOW_CTX_DAG_ID='perbaikan_skripsi' AIRFLOW_CTX_TASK_ID='wait_for_new_data' AIRFLOW_CTX_EXECUTION_DATE='2025-04-23T08:28:00+00:00' AIRFLOW_CTX_TRY_NUMBER='6' AIRFLOW_CTX_DAG_RUN_ID='scheduled__2025-04-23T08:28:00+00:00'
[2025-04-23T08:34:28.035+0000] {logging_mixin.py:190} INFO - Task instance is in running state
[2025-04-23T08:34:28.036+0000] {logging_mixin.py:190} INFO -  Previous state of the Task instance: queued
[2025-04-23T08:34:28.039+0000] {logging_mixin.py:190} INFO - Current task name:wait_for_new_data state:running start_date:2025-04-23 08:34:27.321456+00:00
[2025-04-23T08:34:28.039+0000] {logging_mixin.py:190} INFO - Dag name:perbaikan_skripsi and current dag run status:running
[2025-04-23T08:34:28.040+0000] {taskinstance.py:731} INFO - ::endgroup::
[2025-04-23T08:34:28.064+0000] {base.py:84} INFO - Retrieving connection 'mysql_default'
[2025-04-23T08:34:28.069+0000] {sql.py:101} INFO - Poking: 
            SELECT COUNT(*) 
            FROM tugas_akhir_sensordata s
            WHERE s.timestamp >= NOW() - INTERVAL 3 MINUTE
            AND s.soil_type IS NOT NULL
            AND s.crop_type IS NOT NULL
            AND NOT EXISTS (
                SELECT 1 
                FROM fertilizer_predictions f
                WHERE f.sensor_data_id = s.id
            )
         (with parameters None)
[2025-04-23T08:34:28.078+0000] {base.py:84} INFO - Retrieving connection 'mysql_default'
[2025-04-23T08:34:28.110+0000] {sql.py:553} INFO - Running statement: 
            SELECT COUNT(*) 
            FROM tugas_akhir_sensordata s
            WHERE s.timestamp >= NOW() - INTERVAL 3 MINUTE
            AND s.soil_type IS NOT NULL
            AND s.crop_type IS NOT NULL
            AND NOT EXISTS (
                SELECT 1 
                FROM fertilizer_predictions f
                WHERE f.sensor_data_id = s.id
            )
        , parameters: None
[2025-04-23T08:34:28.112+0000] {sql.py:562} INFO - Rows affected: 1
[2025-04-23T08:34:28.313+0000] {taskinstance.py:309} INFO - Rescheduling task, marking task as UP_FOR_RESCHEDULE
[2025-04-23T08:34:28.314+0000] {taskinstance.py:340} INFO - ::group::Post task execution logs
[2025-04-23T08:34:28.392+0000] {local_task_job_runner.py:266} INFO - Task exited with return code 0
[2025-04-23T08:34:28.484+0000] {taskinstance.py:3895} INFO - 0 downstream tasks scheduled from follow-on schedule check
[2025-04-23T08:34:28.487+0000] {local_task_job_runner.py:245} INFO - ::endgroup::
