[2025-02-25T21:03:22.972+0000] {local_task_job_runner.py:123} INFO - ::group::Pre task execution logs
[2025-02-25T21:03:23.007+0000] {taskinstance.py:2613} INFO - Dependencies all met for dep_context=non-requeueable deps ti=<TaskInstance: skripsi_akhir_perbaikan.wait_for_new_data scheduled__2025-02-25T20:58:00+00:00 [queued]>
[2025-02-25T21:03:23.035+0000] {taskinstance.py:2613} INFO - Dependencies all met for dep_context=requeueable deps ti=<TaskInstance: skripsi_akhir_perbaikan.wait_for_new_data scheduled__2025-02-25T20:58:00+00:00 [queued]>
[2025-02-25T21:03:23.036+0000] {taskinstance.py:2866} INFO - Starting attempt 3 of 6
[2025-02-25T21:03:23.093+0000] {taskinstance.py:2889} INFO - Executing <Task(SqlSensor): wait_for_new_data> on 2025-02-25 20:58:00+00:00
[2025-02-25T21:03:23.141+0000] {logging_mixin.py:190} WARNING - /home/airflow/.local/lib/python3.12/site-packages/airflow/task/task_runner/standard_task_runner.py:70 DeprecationWarning: This process (pid=36464) is multi-threaded, use of fork() may lead to deadlocks in the child.
[2025-02-25T21:03:23.146+0000] {standard_task_runner.py:72} INFO - Started process 36495 to run task
[2025-02-25T21:03:23.151+0000] {standard_task_runner.py:104} INFO - Running: ['airflow', 'tasks', 'run', 'skripsi_akhir_perbaikan', 'wait_for_new_data', 'scheduled__2025-02-25T20:58:00+00:00', '--job-id', '594', '--raw', '--subdir', 'DAGS_FOLDER/tugas_akhir.py', '--cfg-path', '/tmp/tmphzoxjs80']
[2025-02-25T21:03:23.156+0000] {standard_task_runner.py:105} INFO - Job 594: Subtask wait_for_new_data
[2025-02-25T21:03:23.260+0000] {task_command.py:467} INFO - Running <TaskInstance: skripsi_akhir_perbaikan.wait_for_new_data scheduled__2025-02-25T20:58:00+00:00 [running]> on host d22a487e6b55
[2025-02-25T21:03:23.418+0000] {taskinstance.py:3132} INFO - Exporting env vars: AIRFLOW_CTX_DAG_OWNER='Dion Rikki' AIRFLOW_CTX_DAG_ID='skripsi_akhir_perbaikan' AIRFLOW_CTX_TASK_ID='wait_for_new_data' AIRFLOW_CTX_EXECUTION_DATE='2025-02-25T20:58:00+00:00' AIRFLOW_CTX_TRY_NUMBER='3' AIRFLOW_CTX_DAG_RUN_ID='scheduled__2025-02-25T20:58:00+00:00'
[2025-02-25T21:03:23.421+0000] {logging_mixin.py:190} INFO - Task instance is in running state
[2025-02-25T21:03:23.422+0000] {logging_mixin.py:190} INFO -  Previous state of the Task instance: queued
[2025-02-25T21:03:23.423+0000] {logging_mixin.py:190} INFO - Current task name:wait_for_new_data state:running start_date:2025-02-25 21:03:23.009122+00:00
[2025-02-25T21:03:23.424+0000] {logging_mixin.py:190} INFO - Dag name:skripsi_akhir_perbaikan and current dag run status:running
[2025-02-25T21:03:23.425+0000] {taskinstance.py:731} INFO - ::endgroup::
[2025-02-25T21:03:23.452+0000] {base.py:84} INFO - Retrieving connection 'mysql_default'
[2025-02-25T21:03:23.459+0000] {sql.py:101} INFO - Poking: 
        SELECT COUNT(*) 
        FROM tugas_akhir_sensordata s
        WHERE s.timestamp >= NOW() - INTERVAL 5 MINUTE
        AND NOT EXISTS (
            SELECT 1 
            FROM fertilizer_predictions f
            WHERE CAST(f.id AS SIGNED) = s.id  -- Menggunakan SIGNED di sini
        )
     (with parameters None)
[2025-02-25T21:03:23.468+0000] {base.py:84} INFO - Retrieving connection 'mysql_default'
[2025-02-25T21:03:23.478+0000] {sql.py:553} INFO - Running statement: 
        SELECT COUNT(*) 
        FROM tugas_akhir_sensordata s
        WHERE s.timestamp >= NOW() - INTERVAL 5 MINUTE
        AND NOT EXISTS (
            SELECT 1 
            FROM fertilizer_predictions f
            WHERE CAST(f.id AS SIGNED) = s.id  -- Menggunakan SIGNED di sini
        )
    , parameters: None
[2025-02-25T21:03:23.480+0000] {sql.py:562} INFO - Rows affected: 1
[2025-02-25T21:03:23.482+0000] {base.py:336} INFO - Success criteria met. Exiting.
[2025-02-25T21:03:23.497+0000] {taskinstance.py:340} INFO - ::group::Post task execution logs
[2025-02-25T21:03:23.499+0000] {taskinstance.py:352} INFO - Marking task as SUCCESS. dag_id=skripsi_akhir_perbaikan, task_id=wait_for_new_data, run_id=scheduled__2025-02-25T20:58:00+00:00, execution_date=20250225T205800, start_date=20250225T210323, end_date=20250225T210323
[2025-02-25T21:03:23.526+0000] {logging_mixin.py:190} INFO - Task instance in success state
[2025-02-25T21:03:23.527+0000] {logging_mixin.py:190} INFO -  Previous state of the Task instance: running
[2025-02-25T21:03:23.530+0000] {logging_mixin.py:190} INFO - Dag name:skripsi_akhir_perbaikan queued_at:2025-02-25 21:01:07.025041+00:00
[2025-02-25T21:03:23.533+0000] {logging_mixin.py:190} INFO - Task hostname:d22a487e6b55 operator:SqlSensor
[2025-02-25T21:03:23.582+0000] {local_task_job_runner.py:266} INFO - Task exited with return code 0
[2025-02-25T21:03:23.642+0000] {taskinstance.py:3895} INFO - 1 downstream tasks scheduled from follow-on schedule check
[2025-02-25T21:03:23.656+0000] {local_task_job_runner.py:245} INFO - ::endgroup::
