[2025-02-25T18:56:26.580+0000] {local_task_job_runner.py:123} INFO - ::group::Pre task execution logs
[2025-02-25T18:56:26.840+0000] {taskinstance.py:2613} INFO - Dependencies all met for dep_context=non-requeueable deps ti=<TaskInstance: skripsi.predict_and_store_result scheduled__2025-02-25T18:47:00+00:00 [queued]>
[2025-02-25T18:56:26.939+0000] {taskinstance.py:2613} INFO - Dependencies all met for dep_context=requeueable deps ti=<TaskInstance: skripsi.predict_and_store_result scheduled__2025-02-25T18:47:00+00:00 [queued]>
[2025-02-25T18:56:26.946+0000] {taskinstance.py:2866} INFO - Starting attempt 1 of 6
[2025-02-25T18:56:27.076+0000] {taskinstance.py:2889} INFO - Executing <Task(PythonOperator): predict_and_store_result> on 2025-02-25 18:47:00+00:00
[2025-02-25T18:56:27.145+0000] {logging_mixin.py:190} WARNING - /home/airflow/.local/lib/python3.12/site-packages/airflow/task/task_runner/standard_task_runner.py:70 DeprecationWarning: This process (pid=62320) is multi-threaded, use of fork() may lead to deadlocks in the child.
[2025-02-25T18:56:27.155+0000] {standard_task_runner.py:72} INFO - Started process 62409 to run task
[2025-02-25T18:56:27.205+0000] {standard_task_runner.py:104} INFO - Running: ['airflow', 'tasks', 'run', 'skripsi', 'predict_and_store_result', 'scheduled__2025-02-25T18:47:00+00:00', '--job-id', '202', '--raw', '--subdir', 'DAGS_FOLDER/tugas_akhir.py', '--cfg-path', '/tmp/tmpayybregl']
[2025-02-25T18:56:27.212+0000] {standard_task_runner.py:105} INFO - Job 202: Subtask predict_and_store_result
[2025-02-25T18:56:27.405+0000] {task_command.py:467} INFO - Running <TaskInstance: skripsi.predict_and_store_result scheduled__2025-02-25T18:47:00+00:00 [running]> on host d22a487e6b55
[2025-02-25T18:56:27.743+0000] {taskinstance.py:3132} INFO - Exporting env vars: AIRFLOW_CTX_DAG_OWNER='Dion Rikki' AIRFLOW_CTX_DAG_ID='skripsi' AIRFLOW_CTX_TASK_ID='predict_and_store_result' AIRFLOW_CTX_EXECUTION_DATE='2025-02-25T18:47:00+00:00' AIRFLOW_CTX_TRY_NUMBER='1' AIRFLOW_CTX_DAG_RUN_ID='scheduled__2025-02-25T18:47:00+00:00'
[2025-02-25T18:56:27.761+0000] {logging_mixin.py:190} INFO - Task instance is in running state
[2025-02-25T18:56:27.764+0000] {logging_mixin.py:190} INFO -  Previous state of the Task instance: queued
[2025-02-25T18:56:27.775+0000] {logging_mixin.py:190} INFO - Current task name:predict_and_store_result state:running start_date:2025-02-25 18:56:26.846969+00:00
[2025-02-25T18:56:27.779+0000] {logging_mixin.py:190} INFO - Dag name:skripsi and current dag run status:running
[2025-02-25T18:56:27.784+0000] {taskinstance.py:731} INFO - ::endgroup::
[2025-02-25T18:56:27.794+0000] {logging_mixin.py:190} INFO - 🔍 [1] Mengambil data dari XCom...
[2025-02-25T18:56:27.836+0000] {logging_mixin.py:190} INFO - ✅ [2] Data diterima dari XCom. Jumlah baris: 2
[2025-02-25T18:56:27.838+0000] {logging_mixin.py:190} INFO - 📊 Data contoh:
[{'Humidity': 86.0, 'Moisture': 25.8}, {'Humidity': 86.0, 'Moisture': 25.8}]
[2025-02-25T18:56:27.856+0000] {logging_mixin.py:190} INFO - 🤖 [3] Melakukan prediksi dengan model RandomForest...
[2025-02-25T18:56:27.930+0000] {logging_mixin.py:190} INFO - 📌 [4] Hasil prediksi:
   Humidity  Moisture  Predicted_Fertilizer
0      86.0      25.8                     5
1      86.0      25.8                     5
[2025-02-25T18:56:27.932+0000] {logging_mixin.py:190} INFO - 💾 [5] Menyimpan hasil prediksi ke database...
[2025-02-25T18:56:27.997+0000] {logging_mixin.py:190} INFO - ✅ Hasil prediksi berhasil disimpan ke database!
[2025-02-25T18:56:27.998+0000] {python.py:240} INFO - Done. Returned value was: None
[2025-02-25T18:56:28.023+0000] {taskinstance.py:340} INFO - ::group::Post task execution logs
[2025-02-25T18:56:28.027+0000] {taskinstance.py:352} INFO - Marking task as SUCCESS. dag_id=skripsi, task_id=predict_and_store_result, run_id=scheduled__2025-02-25T18:47:00+00:00, execution_date=20250225T184700, start_date=20250225T185626, end_date=20250225T185628
[2025-02-25T18:56:28.206+0000] {logging_mixin.py:190} INFO - Task instance in success state
[2025-02-25T18:56:28.209+0000] {logging_mixin.py:190} INFO -  Previous state of the Task instance: running
[2025-02-25T18:56:28.211+0000] {logging_mixin.py:190} INFO - Dag name:skripsi queued_at:2025-02-25 18:48:00.663549+00:00
[2025-02-25T18:56:28.212+0000] {logging_mixin.py:190} INFO - Task hostname:d22a487e6b55 operator:PythonOperator
[2025-02-25T18:56:28.262+0000] {local_task_job_runner.py:266} INFO - Task exited with return code 0
[2025-02-25T18:56:28.314+0000] {taskinstance.py:3895} INFO - 0 downstream tasks scheduled from follow-on schedule check
[2025-02-25T18:56:28.320+0000] {local_task_job_runner.py:245} INFO - ::endgroup::
