[2025-03-16T13:14:02.770+0000] {local_task_job_runner.py:123} INFO - ::group::Pre task execution logs
[2025-03-16T13:14:03.525+0000] {taskinstance.py:2613} INFO - Dependencies all met for dep_context=non-requeueable deps ti=<TaskInstance: skripsi_perbaikan.get_data_from_db scheduled__2025-03-16T12:56:00+00:00 [queued]>
[2025-03-16T13:14:03.677+0000] {taskinstance.py:2613} INFO - Dependencies all met for dep_context=requeueable deps ti=<TaskInstance: skripsi_perbaikan.get_data_from_db scheduled__2025-03-16T12:56:00+00:00 [queued]>
[2025-03-16T13:14:03.685+0000] {taskinstance.py:2866} INFO - Starting attempt 1 of 4
[2025-03-16T13:14:04.179+0000] {taskinstance.py:2889} INFO - Executing <Task(PythonOperator): get_data_from_db> on 2025-03-16 12:56:00+00:00
[2025-03-16T13:14:04.501+0000] {logging_mixin.py:190} WARNING - /home/airflow/.local/lib/python3.12/site-packages/airflow/task/task_runner/standard_task_runner.py:70 DeprecationWarning: This process (pid=349) is multi-threaded, use of fork() may lead to deadlocks in the child.
[2025-03-16T13:14:04.505+0000] {standard_task_runner.py:104} INFO - Running: ['airflow', 'tasks', 'run', 'skripsi_perbaikan', 'get_data_from_db', 'scheduled__2025-03-16T12:56:00+00:00', '--job-id', '91', '--raw', '--subdir', 'DAGS_FOLDER/tugas_akhir.py', '--cfg-path', '/tmp/tmp65d9nzc1']
[2025-03-16T13:14:04.549+0000] {standard_task_runner.py:105} INFO - Job 91: Subtask get_data_from_db
[2025-03-16T13:14:04.566+0000] {standard_task_runner.py:72} INFO - Started process 482 to run task
[2025-03-16T13:14:05.345+0000] {task_command.py:467} INFO - Running <TaskInstance: skripsi_perbaikan.get_data_from_db scheduled__2025-03-16T12:56:00+00:00 [running]> on host 438c3ba1e399
[2025-03-16T13:14:08.590+0000] {taskinstance.py:3132} INFO - Exporting env vars: AIRFLOW_CTX_DAG_OWNER='Dion Rikki' AIRFLOW_CTX_DAG_ID='skripsi_perbaikan' AIRFLOW_CTX_TASK_ID='get_data_from_db' AIRFLOW_CTX_EXECUTION_DATE='2025-03-16T12:56:00+00:00' AIRFLOW_CTX_TRY_NUMBER='1' AIRFLOW_CTX_DAG_RUN_ID='scheduled__2025-03-16T12:56:00+00:00'
[2025-03-16T13:14:08.598+0000] {logging_mixin.py:190} INFO - Task instance is in running state
[2025-03-16T13:14:08.605+0000] {logging_mixin.py:190} INFO -  Previous state of the Task instance: queued
[2025-03-16T13:14:08.609+0000] {logging_mixin.py:190} INFO - Current task name:get_data_from_db state:running start_date:2025-03-16 13:14:03.528583+00:00
[2025-03-16T13:14:08.611+0000] {logging_mixin.py:190} INFO - Dag name:skripsi_perbaikan and current dag run status:running
[2025-03-16T13:14:08.613+0000] {taskinstance.py:731} INFO - ::endgroup::
[2025-03-16T13:14:08.619+0000] {logging_mixin.py:190} INFO - 🔍 [1] Mengambil data sensor terbaru yang lengkap dan belum diprediksi...
[2025-03-16T13:14:08.919+0000] {logging_mixin.py:190} INFO - 📊 Data ditemukan: 1 baris
[2025-03-16T13:14:09.153+0000] {python.py:240} INFO - Done. Returned value was: None
[2025-03-16T13:14:09.645+0000] {taskinstance.py:340} INFO - ::group::Post task execution logs
[2025-03-16T13:14:09.707+0000] {taskinstance.py:352} INFO - Marking task as SUCCESS. dag_id=skripsi_perbaikan, task_id=get_data_from_db, run_id=scheduled__2025-03-16T12:56:00+00:00, execution_date=20250316T125600, start_date=20250316T131403, end_date=20250316T131409
[2025-03-16T13:14:10.259+0000] {logging_mixin.py:190} INFO - Task instance in success state
[2025-03-16T13:14:10.272+0000] {logging_mixin.py:190} INFO -  Previous state of the Task instance: running
[2025-03-16T13:14:10.369+0000] {logging_mixin.py:190} INFO - Dag name:skripsi_perbaikan queued_at:2025-03-16 12:58:00.496811+00:00
[2025-03-16T13:14:10.418+0000] {logging_mixin.py:190} INFO - Task hostname:438c3ba1e399 operator:PythonOperator
[2025-03-16T13:14:10.592+0000] {local_task_job_runner.py:266} INFO - Task exited with return code 0
[2025-03-16T13:14:10.788+0000] {taskinstance.py:3895} INFO - 1 downstream tasks scheduled from follow-on schedule check
[2025-03-16T13:14:10.851+0000] {local_task_job_runner.py:245} INFO - ::endgroup::
