[2025-04-08T05:10:14.218+0000] {local_task_job_runner.py:123} INFO - ::group::Pre task execution logs
[2025-04-08T05:10:14.257+0000] {taskinstance.py:2613} INFO - Dependencies all met for dep_context=non-requeueable deps ti=<TaskInstance: perbaikan_skripsi.predict_and_store_result scheduled__2025-04-08T05:08:00+00:00 [queued]>
[2025-04-08T05:10:14.280+0000] {taskinstance.py:2613} INFO - Dependencies all met for dep_context=requeueable deps ti=<TaskInstance: perbaikan_skripsi.predict_and_store_result scheduled__2025-04-08T05:08:00+00:00 [queued]>
[2025-04-08T05:10:14.281+0000] {taskinstance.py:2866} INFO - Starting attempt 1 of 4
[2025-04-08T05:10:14.318+0000] {taskinstance.py:2889} INFO - Executing <Task(PythonOperator): predict_and_store_result> on 2025-04-08 05:08:00+00:00
[2025-04-08T05:10:14.352+0000] {standard_task_runner.py:104} INFO - Running: ['airflow', 'tasks', 'run', 'perbaikan_skripsi', 'predict_and_store_result', 'scheduled__2025-04-08T05:08:00+00:00', '--job-id', '3720', '--raw', '--subdir', 'DAGS_FOLDER/tugas_akhir.py', '--cfg-path', '/tmp/tmpxageb0jh']
[2025-04-08T05:10:14.356+0000] {standard_task_runner.py:105} INFO - Job 3720: Subtask predict_and_store_result
[2025-04-08T05:10:14.359+0000] {logging_mixin.py:190} WARNING - /home/airflow/.local/lib/python3.12/site-packages/airflow/task/task_runner/standard_task_runner.py:70 DeprecationWarning: This process (pid=23073) is multi-threaded, use of fork() may lead to deadlocks in the child.
[2025-04-08T05:10:14.362+0000] {standard_task_runner.py:72} INFO - Started process 23127 to run task
[2025-04-08T05:10:14.461+0000] {task_command.py:467} INFO - Running <TaskInstance: perbaikan_skripsi.predict_and_store_result scheduled__2025-04-08T05:08:00+00:00 [running]> on host a9576c91091e
[2025-04-08T05:10:14.632+0000] {taskinstance.py:3132} INFO - Exporting env vars: AIRFLOW_CTX_DAG_OWNER='Dion Rikki' AIRFLOW_CTX_DAG_ID='perbaikan_skripsi' AIRFLOW_CTX_TASK_ID='predict_and_store_result' AIRFLOW_CTX_EXECUTION_DATE='2025-04-08T05:08:00+00:00' AIRFLOW_CTX_TRY_NUMBER='1' AIRFLOW_CTX_DAG_RUN_ID='scheduled__2025-04-08T05:08:00+00:00'
[2025-04-08T05:10:14.635+0000] {logging_mixin.py:190} INFO - Task instance is in running state
[2025-04-08T05:10:14.635+0000] {logging_mixin.py:190} INFO -  Previous state of the Task instance: queued
[2025-04-08T05:10:14.636+0000] {logging_mixin.py:190} INFO - Current task name:predict_and_store_result state:running start_date:2025-04-08 05:10:14.259572+00:00
[2025-04-08T05:10:14.637+0000] {logging_mixin.py:190} INFO - Dag name:perbaikan_skripsi and current dag run status:running
[2025-04-08T05:10:14.637+0000] {taskinstance.py:731} INFO - ::endgroup::
[2025-04-08T05:10:14.639+0000] {logging_mixin.py:190} INFO - 🔍 [2] Memproses data dan melakukan prediksi...
[2025-04-08T05:10:14.694+0000] {logging_mixin.py:190} INFO - ✅ Data siap diproses: 5 baris
    id  Temperature  Humidity  ...  nitrogen phosphorous potassium
0  653         29.8      49.0  ...      56.0       175.0     169.0
1  654         29.5      49.0  ...      55.0       175.0     168.0
2  655         29.3      49.0  ...      55.0       175.0     168.0
3  656         29.3      48.0  ...      55.0       174.0     168.0
4  657         29.3      51.0  ...      55.0       174.0     168.0

[5 rows x 9 columns]
[2025-04-08T05:10:14.695+0000] {logging_mixin.py:190} INFO - 📝 Menyesuaikan nama kolom dengan model training...
[2025-04-08T05:10:14.696+0000] {logging_mixin.py:190} INFO - 🔧 Melakukan encoding kategori Soil_Type dan Crop_Type...
[2025-04-08T05:10:14.700+0000] {logging_mixin.py:190} INFO - 🧠 Menyiapkan fitur untuk prediksi...
[2025-04-08T05:10:14.702+0000] {logging_mixin.py:190} INFO - 🤖 Menjalankan model prediksi...
[2025-04-08T05:10:14.720+0000] {logging_mixin.py:190} INFO - ✅ Prediksi selesai:
    id predicted_fertilizer
0  653                 Urea
1  654                 Urea
2  655                 Urea
3  656                 Urea
4  657                 Urea
[2025-04-08T05:10:14.721+0000] {logging_mixin.py:190} INFO - 💾 Menyimpan hasil ke tabel fertilizer_predictions...
[2025-04-08T05:10:14.758+0000] {logging_mixin.py:190} INFO - ✅ Hasil prediksi berhasil disimpan.
[2025-04-08T05:10:14.759+0000] {python.py:240} INFO - Done. Returned value was: None
[2025-04-08T05:10:14.774+0000] {taskinstance.py:340} INFO - ::group::Post task execution logs
[2025-04-08T05:10:14.775+0000] {taskinstance.py:352} INFO - Marking task as SUCCESS. dag_id=perbaikan_skripsi, task_id=predict_and_store_result, run_id=scheduled__2025-04-08T05:08:00+00:00, execution_date=20250408T050800, start_date=20250408T051014, end_date=20250408T051014
[2025-04-08T05:10:14.800+0000] {logging_mixin.py:190} INFO - Task instance in success state
[2025-04-08T05:10:14.801+0000] {logging_mixin.py:190} INFO -  Previous state of the Task instance: running
[2025-04-08T05:10:14.802+0000] {logging_mixin.py:190} INFO - Dag name:perbaikan_skripsi queued_at:2025-04-08 05:10:00.915709+00:00
[2025-04-08T05:10:14.803+0000] {logging_mixin.py:190} INFO - Task hostname:a9576c91091e operator:PythonOperator
[2025-04-08T05:10:14.843+0000] {local_task_job_runner.py:266} INFO - Task exited with return code 0
[2025-04-08T05:10:14.873+0000] {taskinstance.py:3895} INFO - 0 downstream tasks scheduled from follow-on schedule check
[2025-04-08T05:10:14.877+0000] {local_task_job_runner.py:245} INFO - ::endgroup::
