[2025-03-11T00:07:37.139+0000] {local_task_job_runner.py:123} INFO - ::group::Pre task execution logs
[2025-03-11T00:07:37.184+0000] {taskinstance.py:2613} INFO - Dependencies all met for dep_context=non-requeueable deps ti=<TaskInstance: skripsi_perbaikan.wait_for_new_data scheduled__2025-03-10T23:58:00+00:00 [queued]>
[2025-03-11T00:07:37.210+0000] {taskinstance.py:2613} INFO - Dependencies all met for dep_context=requeueable deps ti=<TaskInstance: skripsi_perbaikan.wait_for_new_data scheduled__2025-03-10T23:58:00+00:00 [queued]>
[2025-03-11T00:07:37.211+0000] {taskinstance.py:2866} INFO - Starting attempt 8 of 6
[2025-03-11T00:07:37.255+0000] {taskinstance.py:2889} INFO - Executing <Task(SqlSensor): wait_for_new_data> on 2025-03-10 23:58:00+00:00
[2025-03-11T00:07:37.280+0000] {logging_mixin.py:190} WARNING - /home/airflow/.local/lib/python3.12/site-packages/airflow/task/task_runner/standard_task_runner.py:70 DeprecationWarning: This process (pid=68901) is multi-threaded, use of fork() may lead to deadlocks in the child.
[2025-03-11T00:07:37.280+0000] {standard_task_runner.py:104} INFO - Running: ['airflow', 'tasks', 'run', 'skripsi_perbaikan', 'wait_for_new_data', 'scheduled__2025-03-10T23:58:00+00:00', '--job-id', '2293', '--raw', '--subdir', 'DAGS_FOLDER/tugas_akhir.py', '--cfg-path', '/tmp/tmprd3flc4s']
[2025-03-11T00:07:37.283+0000] {standard_task_runner.py:72} INFO - Started process 68972 to run task
[2025-03-11T00:07:37.284+0000] {standard_task_runner.py:105} INFO - Job 2293: Subtask wait_for_new_data
[2025-03-11T00:07:37.380+0000] {task_command.py:467} INFO - Running <TaskInstance: skripsi_perbaikan.wait_for_new_data scheduled__2025-03-10T23:58:00+00:00 [running]> on host b493651eb2c9
[2025-03-11T00:07:37.519+0000] {taskinstance.py:3132} INFO - Exporting env vars: AIRFLOW_CTX_DAG_OWNER='Dion Rikki' AIRFLOW_CTX_DAG_ID='skripsi_perbaikan' AIRFLOW_CTX_TASK_ID='wait_for_new_data' AIRFLOW_CTX_EXECUTION_DATE='2025-03-10T23:58:00+00:00' AIRFLOW_CTX_TRY_NUMBER='8' AIRFLOW_CTX_DAG_RUN_ID='scheduled__2025-03-10T23:58:00+00:00'
[2025-03-11T00:07:37.522+0000] {logging_mixin.py:190} INFO - Task instance is in running state
[2025-03-11T00:07:37.523+0000] {logging_mixin.py:190} INFO -  Previous state of the Task instance: queued
[2025-03-11T00:07:37.525+0000] {logging_mixin.py:190} INFO - Current task name:wait_for_new_data state:running start_date:2025-03-11 00:07:37.186803+00:00
[2025-03-11T00:07:37.526+0000] {logging_mixin.py:190} INFO - Dag name:skripsi_perbaikan and current dag run status:running
[2025-03-11T00:07:37.527+0000] {taskinstance.py:731} INFO - ::endgroup::
[2025-03-11T00:07:37.551+0000] {base.py:84} INFO - Retrieving connection 'mysql_default'
[2025-03-11T00:07:37.558+0000] {sql.py:101} INFO - Poking: 
            SELECT COUNT(*) 
            FROM tugas_akhir_sensordata s
            WHERE s.timestamp >= NOW() - INTERVAL 5 MINUTE
            AND s.Soil_Type IS NOT NULL
            AND s.Crop_Type IS NOT NULL
            AND NOT EXISTS (
                SELECT 1 
                FROM fertilizer_predictions f
                WHERE f.id = s.id
            )
         (with parameters None)
[2025-03-11T00:07:37.567+0000] {base.py:84} INFO - Retrieving connection 'mysql_default'
[2025-03-11T00:07:37.575+0000] {sql.py:553} INFO - Running statement: 
            SELECT COUNT(*) 
            FROM tugas_akhir_sensordata s
            WHERE s.timestamp >= NOW() - INTERVAL 5 MINUTE
            AND s.Soil_Type IS NOT NULL
            AND s.Crop_Type IS NOT NULL
            AND NOT EXISTS (
                SELECT 1 
                FROM fertilizer_predictions f
                WHERE f.id = s.id
            )
        , parameters: None
[2025-03-11T00:07:37.577+0000] {sql.py:562} INFO - Rows affected: 1
[2025-03-11T00:07:37.611+0000] {taskinstance.py:309} INFO - Rescheduling task, marking task as UP_FOR_RESCHEDULE
[2025-03-11T00:07:37.613+0000] {taskinstance.py:340} INFO - ::group::Post task execution logs
[2025-03-11T00:07:37.641+0000] {local_task_job_runner.py:266} INFO - Task exited with return code 0
[2025-03-11T00:07:37.730+0000] {taskinstance.py:3895} INFO - 0 downstream tasks scheduled from follow-on schedule check
[2025-03-11T00:07:37.737+0000] {local_task_job_runner.py:245} INFO - ::endgroup::
