[2025-04-23T10:27:40.770+0000] {local_task_job_runner.py:123} INFO - ::group::Pre task execution logs
[2025-04-23T10:27:40.797+0000] {taskinstance.py:2613} INFO - Dependencies all met for dep_context=non-requeueable deps ti=<TaskInstance: perbaikan_skripsi.wait_for_new_data scheduled__2025-04-23T10:19:00+00:00 [queued]>
[2025-04-23T10:27:40.815+0000] {taskinstance.py:2613} INFO - Dependencies all met for dep_context=requeueable deps ti=<TaskInstance: perbaikan_skripsi.wait_for_new_data scheduled__2025-04-23T10:19:00+00:00 [queued]>
[2025-04-23T10:27:40.816+0000] {taskinstance.py:2866} INFO - Starting attempt 8 of 4
[2025-04-23T10:27:40.856+0000] {taskinstance.py:2889} INFO - Executing <Task(SqlSensor): wait_for_new_data> on 2025-04-23 10:19:00+00:00
[2025-04-23T10:27:40.878+0000] {logging_mixin.py:190} WARNING - /home/airflow/.local/lib/python3.12/site-packages/airflow/task/task_runner/standard_task_runner.py:70 DeprecationWarning: This process (pid=81049) is multi-threaded, use of fork() may lead to deadlocks in the child.
[2025-04-23T10:27:40.878+0000] {standard_task_runner.py:104} INFO - Running: ['airflow', 'tasks', 'run', 'perbaikan_skripsi', 'wait_for_new_data', 'scheduled__2025-04-23T10:19:00+00:00', '--job-id', '10225', '--raw', '--subdir', 'DAGS_FOLDER/tugas_akhir.py', '--cfg-path', '/tmp/tmpd1c1q0d9']
[2025-04-23T10:27:40.881+0000] {standard_task_runner.py:72} INFO - Started process 81084 to run task
[2025-04-23T10:27:40.881+0000] {standard_task_runner.py:105} INFO - Job 10225: Subtask wait_for_new_data
[2025-04-23T10:27:41.008+0000] {task_command.py:467} INFO - Running <TaskInstance: perbaikan_skripsi.wait_for_new_data scheduled__2025-04-23T10:19:00+00:00 [running]> on host a38b69ba8f8a
[2025-04-23T10:27:41.233+0000] {taskinstance.py:3132} INFO - Exporting env vars: AIRFLOW_CTX_DAG_OWNER='Dion Rikki' AIRFLOW_CTX_DAG_ID='perbaikan_skripsi' AIRFLOW_CTX_TASK_ID='wait_for_new_data' AIRFLOW_CTX_EXECUTION_DATE='2025-04-23T10:19:00+00:00' AIRFLOW_CTX_TRY_NUMBER='8' AIRFLOW_CTX_DAG_RUN_ID='scheduled__2025-04-23T10:19:00+00:00'
[2025-04-23T10:27:41.237+0000] {logging_mixin.py:190} INFO - Task instance is in running state
[2025-04-23T10:27:41.238+0000] {logging_mixin.py:190} INFO -  Previous state of the Task instance: queued
[2025-04-23T10:27:41.239+0000] {logging_mixin.py:190} INFO - Current task name:wait_for_new_data state:running start_date:2025-04-23 10:27:40.799107+00:00
[2025-04-23T10:27:41.239+0000] {logging_mixin.py:190} INFO - Dag name:perbaikan_skripsi and current dag run status:running
[2025-04-23T10:27:41.242+0000] {taskinstance.py:731} INFO - ::endgroup::
[2025-04-23T10:27:41.284+0000] {base.py:84} INFO - Retrieving connection 'mysql_default'
[2025-04-23T10:27:41.293+0000] {sql.py:101} INFO - Poking: 
            SELECT COUNT(*) 
            FROM tugas_akhir_sensordata s
            WHERE s.timestamp >= NOW() - INTERVAL 3 MINUTE
            AND s.soil_type IS NOT NULL
            AND s.crop_type IS NOT NULL
            AND NOT EXISTS (
                SELECT 1 
                FROM fertilizer_predictions f
                WHERE f.sensor_data_id = s.id
            )
         (with parameters None)
[2025-04-23T10:27:41.313+0000] {base.py:84} INFO - Retrieving connection 'mysql_default'
[2025-04-23T10:27:41.329+0000] {sql.py:553} INFO - Running statement: 
            SELECT COUNT(*) 
            FROM tugas_akhir_sensordata s
            WHERE s.timestamp >= NOW() - INTERVAL 3 MINUTE
            AND s.soil_type IS NOT NULL
            AND s.crop_type IS NOT NULL
            AND NOT EXISTS (
                SELECT 1 
                FROM fertilizer_predictions f
                WHERE f.sensor_data_id = s.id
            )
        , parameters: None
[2025-04-23T10:27:41.332+0000] {sql.py:562} INFO - Rows affected: 1
[2025-04-23T10:27:41.605+0000] {taskinstance.py:309} INFO - Rescheduling task, marking task as UP_FOR_RESCHEDULE
[2025-04-23T10:27:41.606+0000] {taskinstance.py:340} INFO - ::group::Post task execution logs
[2025-04-23T10:27:41.651+0000] {local_task_job_runner.py:266} INFO - Task exited with return code 0
[2025-04-23T10:27:41.683+0000] {local_task_job_runner.py:245} INFO - ::endgroup::
