[2025-02-25T15:47:12.327+0000] {local_task_job_runner.py:123} INFO - ::group::Pre task execution logs
[2025-02-25T15:47:12.369+0000] {taskinstance.py:2613} INFO - Dependencies all met for dep_context=non-requeueable deps ti=<TaskInstance: triggered_by_new_data.get_data_from_db manual__2025-02-25T15:46:58.169527+00:00 [queued]>
[2025-02-25T15:47:12.395+0000] {taskinstance.py:2613} INFO - Dependencies all met for dep_context=requeueable deps ti=<TaskInstance: triggered_by_new_data.get_data_from_db manual__2025-02-25T15:46:58.169527+00:00 [queued]>
[2025-02-25T15:47:12.395+0000] {taskinstance.py:2866} INFO - Starting attempt 1 of 6
[2025-02-25T15:47:12.432+0000] {taskinstance.py:2889} INFO - Executing <Task(PythonOperator): get_data_from_db> on 2025-02-25 15:46:58.169527+00:00
[2025-02-25T15:47:12.457+0000] {logging_mixin.py:190} WARNING - /home/airflow/.local/lib/python3.12/site-packages/airflow/task/task_runner/standard_task_runner.py:70 DeprecationWarning: This process (pid=62484) is multi-threaded, use of fork() may lead to deadlocks in the child.
[2025-02-25T15:47:12.457+0000] {standard_task_runner.py:104} INFO - Running: ['airflow', 'tasks', 'run', 'triggered_by_new_data', 'get_data_from_db', 'manual__2025-02-25T15:46:58.169527+00:00', '--job-id', '77', '--raw', '--subdir', 'DAGS_FOLDER/tugas_akhir.py', '--cfg-path', '/tmp/tmpu_f1l8nq']
[2025-02-25T15:47:12.464+0000] {standard_task_runner.py:105} INFO - Job 77: Subtask get_data_from_db
[2025-02-25T15:47:12.463+0000] {standard_task_runner.py:72} INFO - Started process 62518 to run task
[2025-02-25T15:47:12.566+0000] {task_command.py:467} INFO - Running <TaskInstance: triggered_by_new_data.get_data_from_db manual__2025-02-25T15:46:58.169527+00:00 [running]> on host 15e5b1e5ccc7
[2025-02-25T15:47:12.755+0000] {taskinstance.py:3132} INFO - Exporting env vars: AIRFLOW_CTX_DAG_OWNER='Dion Rikki' AIRFLOW_CTX_DAG_ID='triggered_by_new_data' AIRFLOW_CTX_TASK_ID='get_data_from_db' AIRFLOW_CTX_EXECUTION_DATE='2025-02-25T15:46:58.169527+00:00' AIRFLOW_CTX_TRY_NUMBER='1' AIRFLOW_CTX_DAG_RUN_ID='manual__2025-02-25T15:46:58.169527+00:00'
[2025-02-25T15:47:12.759+0000] {logging_mixin.py:190} INFO - Task instance is in running state
[2025-02-25T15:47:12.760+0000] {logging_mixin.py:190} INFO -  Previous state of the Task instance: queued
[2025-02-25T15:47:12.762+0000] {logging_mixin.py:190} INFO - Current task name:get_data_from_db state:running start_date:2025-02-25 15:47:12.370887+00:00
[2025-02-25T15:47:12.763+0000] {logging_mixin.py:190} INFO - Dag name:triggered_by_new_data and current dag run status:running
[2025-02-25T15:47:12.764+0000] {taskinstance.py:731} INFO - ::endgroup::
[2025-02-25T15:47:12.767+0000] {logging_mixin.py:190} INFO - 🔍 [1] Menghubungkan ke database MySQL...
[2025-02-25T15:47:12.840+0000] {logging_mixin.py:190} INFO - 📊 Data yang diambil dari MySQL:
   Humidity  Moisture
0      87.0      25.8
1      87.0      25.8
2      87.0      25.8
3      96.0      25.8
4      89.0      25.8
[2025-02-25T15:47:12.889+0000] {logging_mixin.py:190} INFO - ✅ Data berhasil disimpan ke XCom. Jumlah baris: 8
[2025-02-25T15:47:12.891+0000] {python.py:240} INFO - Done. Returned value was: None
[2025-02-25T15:47:12.921+0000] {taskinstance.py:340} INFO - ::group::Post task execution logs
[2025-02-25T15:47:12.927+0000] {taskinstance.py:352} INFO - Marking task as SUCCESS. dag_id=triggered_by_new_data, task_id=get_data_from_db, run_id=manual__2025-02-25T15:46:58.169527+00:00, execution_date=20250225T154658, start_date=20250225T154712, end_date=20250225T154712
[2025-02-25T15:47:12.971+0000] {logging_mixin.py:190} INFO - Task instance in success state
[2025-02-25T15:47:12.974+0000] {logging_mixin.py:190} INFO -  Previous state of the Task instance: running
[2025-02-25T15:47:12.978+0000] {logging_mixin.py:190} INFO - Dag name:triggered_by_new_data queued_at:2025-02-25 15:46:58.245923+00:00
[2025-02-25T15:47:12.981+0000] {logging_mixin.py:190} INFO - Task hostname:15e5b1e5ccc7 operator:PythonOperator
[2025-02-25T15:47:13.029+0000] {local_task_job_runner.py:266} INFO - Task exited with return code 0
[2025-02-25T15:47:13.098+0000] {taskinstance.py:3895} INFO - 1 downstream tasks scheduled from follow-on schedule check
[2025-02-25T15:47:13.110+0000] {local_task_job_runner.py:245} INFO - ::endgroup::
