[2025-03-16T14:55:20.818+0000] {local_task_job_runner.py:123} INFO - ::group::Pre task execution logs
[2025-03-16T14:55:20.877+0000] {taskinstance.py:2613} INFO - Dependencies all met for dep_context=non-requeueable deps ti=<TaskInstance: skripsi_perbaikan.get_data_from_db scheduled__2025-03-16T14:52:00+00:00 [queued]>
[2025-03-16T14:55:20.925+0000] {taskinstance.py:2613} INFO - Dependencies all met for dep_context=requeueable deps ti=<TaskInstance: skripsi_perbaikan.get_data_from_db scheduled__2025-03-16T14:52:00+00:00 [queued]>
[2025-03-16T14:55:20.929+0000] {taskinstance.py:2866} INFO - Starting attempt 1 of 4
[2025-03-16T14:55:21.010+0000] {taskinstance.py:2889} INFO - Executing <Task(PythonOperator): get_data_from_db> on 2025-03-16 14:52:00+00:00
[2025-03-16T14:55:21.043+0000] {logging_mixin.py:190} WARNING - /home/airflow/.local/lib/python3.12/site-packages/airflow/task/task_runner/standard_task_runner.py:70 DeprecationWarning: This process (pid=58612) is multi-threaded, use of fork() may lead to deadlocks in the child.
[2025-03-16T14:55:21.049+0000] {standard_task_runner.py:72} INFO - Started process 58648 to run task
[2025-03-16T14:55:21.054+0000] {standard_task_runner.py:104} INFO - Running: ['airflow', 'tasks', 'run', 'skripsi_perbaikan', 'get_data_from_db', 'scheduled__2025-03-16T14:52:00+00:00', '--job-id', '466', '--raw', '--subdir', 'DAGS_FOLDER/tugas_akhir.py', '--cfg-path', '/tmp/tmpynb34np_']
[2025-03-16T14:55:21.062+0000] {standard_task_runner.py:105} INFO - Job 466: Subtask get_data_from_db
[2025-03-16T14:55:21.421+0000] {task_command.py:467} INFO - Running <TaskInstance: skripsi_perbaikan.get_data_from_db scheduled__2025-03-16T14:52:00+00:00 [running]> on host 438c3ba1e399
[2025-03-16T14:55:21.982+0000] {taskinstance.py:3132} INFO - Exporting env vars: AIRFLOW_CTX_DAG_OWNER='Dion Rikki' AIRFLOW_CTX_DAG_ID='skripsi_perbaikan' AIRFLOW_CTX_TASK_ID='get_data_from_db' AIRFLOW_CTX_EXECUTION_DATE='2025-03-16T14:52:00+00:00' AIRFLOW_CTX_TRY_NUMBER='1' AIRFLOW_CTX_DAG_RUN_ID='scheduled__2025-03-16T14:52:00+00:00'
[2025-03-16T14:55:21.986+0000] {logging_mixin.py:190} INFO - Task instance is in running state
[2025-03-16T14:55:21.992+0000] {logging_mixin.py:190} INFO -  Previous state of the Task instance: queued
[2025-03-16T14:55:21.995+0000] {logging_mixin.py:190} INFO - Current task name:get_data_from_db state:running start_date:2025-03-16 14:55:20.878661+00:00
[2025-03-16T14:55:22.002+0000] {logging_mixin.py:190} INFO - Dag name:skripsi_perbaikan and current dag run status:running
[2025-03-16T14:55:22.004+0000] {taskinstance.py:731} INFO - ::endgroup::
[2025-03-16T14:55:22.011+0000] {logging_mixin.py:190} INFO - 🔍 [1] Mengambil data sensor terbaru yang lengkap dan belum diprediksi...
[2025-03-16T14:55:22.096+0000] {logging_mixin.py:190} INFO - 📊 Data ditemukan: 1 baris
[2025-03-16T14:55:22.153+0000] {python.py:240} INFO - Done. Returned value was: None
[2025-03-16T14:55:22.199+0000] {taskinstance.py:340} INFO - ::group::Post task execution logs
[2025-03-16T14:55:22.207+0000] {taskinstance.py:352} INFO - Marking task as SUCCESS. dag_id=skripsi_perbaikan, task_id=get_data_from_db, run_id=scheduled__2025-03-16T14:52:00+00:00, execution_date=20250316T145200, start_date=20250316T145520, end_date=20250316T145522
[2025-03-16T14:55:22.248+0000] {logging_mixin.py:190} INFO - Task instance in success state
[2025-03-16T14:55:22.250+0000] {logging_mixin.py:190} INFO -  Previous state of the Task instance: running
[2025-03-16T14:55:22.254+0000] {logging_mixin.py:190} INFO - Dag name:skripsi_perbaikan queued_at:2025-03-16 14:54:00.074382+00:00
[2025-03-16T14:55:22.257+0000] {logging_mixin.py:190} INFO - Task hostname:438c3ba1e399 operator:PythonOperator
[2025-03-16T14:55:22.298+0000] {local_task_job_runner.py:266} INFO - Task exited with return code 0
[2025-03-16T14:55:22.384+0000] {taskinstance.py:3895} INFO - 1 downstream tasks scheduled from follow-on schedule check
[2025-03-16T14:55:22.402+0000] {local_task_job_runner.py:245} INFO - ::endgroup::
