[2025-04-07T15:13:56.323+0000] {local_task_job_runner.py:123} INFO - ::group::Pre task execution logs
[2025-04-07T15:13:56.519+0000] {taskinstance.py:2613} INFO - Dependencies all met for dep_context=non-requeueable deps ti=<TaskInstance: skripsi_perbaikan.get_data_from_db scheduled__2025-03-16T14:48:00+00:00 [queued]>
[2025-04-07T15:13:56.579+0000] {taskinstance.py:2613} INFO - Dependencies all met for dep_context=requeueable deps ti=<TaskInstance: skripsi_perbaikan.get_data_from_db scheduled__2025-03-16T14:48:00+00:00 [queued]>
[2025-04-07T15:13:56.585+0000] {taskinstance.py:2866} INFO - Starting attempt 1 of 4
[2025-04-07T15:13:56.686+0000] {taskinstance.py:2889} INFO - Executing <Task(PythonOperator): get_data_from_db> on 2025-03-16 14:48:00+00:00
[2025-04-07T15:13:56.770+0000] {logging_mixin.py:190} WARNING - /home/airflow/.local/lib/python3.12/site-packages/airflow/task/task_runner/standard_task_runner.py:70 DeprecationWarning: This process (pid=5993) is multi-threaded, use of fork() may lead to deadlocks in the child.
[2025-04-07T15:13:56.791+0000] {standard_task_runner.py:72} INFO - Started process 6159 to run task
[2025-04-07T15:13:56.829+0000] {standard_task_runner.py:104} INFO - Running: ['airflow', 'tasks', 'run', 'skripsi_perbaikan', 'get_data_from_db', 'scheduled__2025-03-16T14:48:00+00:00', '--job-id', '2607', '--raw', '--subdir', 'DAGS_FOLDER/tugas_akhir.py', '--cfg-path', '/tmp/tmppg038job']
[2025-04-07T15:13:56.847+0000] {standard_task_runner.py:105} INFO - Job 2607: Subtask get_data_from_db
[2025-04-07T15:13:58.238+0000] {task_command.py:467} INFO - Running <TaskInstance: skripsi_perbaikan.get_data_from_db scheduled__2025-03-16T14:48:00+00:00 [running]> on host a9576c91091e
[2025-04-07T15:14:02.737+0000] {taskinstance.py:3132} INFO - Exporting env vars: AIRFLOW_CTX_DAG_OWNER='Dion Rikki' AIRFLOW_CTX_DAG_ID='skripsi_perbaikan' AIRFLOW_CTX_TASK_ID='get_data_from_db' AIRFLOW_CTX_EXECUTION_DATE='2025-03-16T14:48:00+00:00' AIRFLOW_CTX_TRY_NUMBER='1' AIRFLOW_CTX_DAG_RUN_ID='scheduled__2025-03-16T14:48:00+00:00'
[2025-04-07T15:14:02.763+0000] {logging_mixin.py:190} INFO - Task instance is in running state
[2025-04-07T15:14:02.783+0000] {logging_mixin.py:190} INFO -  Previous state of the Task instance: queued
[2025-04-07T15:14:02.798+0000] {logging_mixin.py:190} INFO - Current task name:get_data_from_db state:running start_date:2025-04-07 15:13:56.521953+00:00
[2025-04-07T15:14:02.809+0000] {logging_mixin.py:190} INFO - Dag name:skripsi_perbaikan and current dag run status:running
[2025-04-07T15:14:02.837+0000] {taskinstance.py:731} INFO - ::endgroup::
[2025-04-07T15:14:02.848+0000] {logging_mixin.py:190} INFO - 🔍 [1] Mengambil data sensor terbaru yang lengkap dan belum diprediksi...
[2025-04-07T15:14:03.436+0000] {logging_mixin.py:190} INFO - 📊 Data ditemukan: 1 baris
[2025-04-07T15:14:03.757+0000] {python.py:240} INFO - Done. Returned value was: None
[2025-04-07T15:14:03.862+0000] {taskinstance.py:340} INFO - ::group::Post task execution logs
[2025-04-07T15:14:03.876+0000] {taskinstance.py:352} INFO - Marking task as SUCCESS. dag_id=skripsi_perbaikan, task_id=get_data_from_db, run_id=scheduled__2025-03-16T14:48:00+00:00, execution_date=20250316T144800, start_date=20250407T151356, end_date=20250407T151403
[2025-04-07T15:14:04.049+0000] {logging_mixin.py:190} INFO - Task instance in success state
[2025-04-07T15:14:04.069+0000] {logging_mixin.py:190} INFO -  Previous state of the Task instance: running
[2025-04-07T15:14:04.073+0000] {logging_mixin.py:190} INFO - Dag name:skripsi_perbaikan queued_at:2025-04-07 14:47:44.290832+00:00
[2025-04-07T15:14:04.090+0000] {logging_mixin.py:190} INFO - Task hostname:a9576c91091e operator:PythonOperator
[2025-04-07T15:14:04.247+0000] {local_task_job_runner.py:266} INFO - Task exited with return code 0
[2025-04-07T15:14:04.386+0000] {local_task_job_runner.py:245} INFO - ::endgroup::
