[2025-03-16T16:44:05.327+0000] {local_task_job_runner.py:123} INFO - ::group::Pre task execution logs
[2025-03-16T16:44:05.363+0000] {taskinstance.py:2613} INFO - Dependencies all met for dep_context=non-requeueable deps ti=<TaskInstance: skripsi_perbaikan.wait_for_new_data scheduled__2025-03-16T16:42:00+00:00 [queued]>
[2025-03-16T16:44:05.382+0000] {taskinstance.py:2613} INFO - Dependencies all met for dep_context=requeueable deps ti=<TaskInstance: skripsi_perbaikan.wait_for_new_data scheduled__2025-03-16T16:42:00+00:00 [queued]>
[2025-03-16T16:44:05.383+0000] {taskinstance.py:2866} INFO - Starting attempt 1 of 4
[2025-03-16T16:44:05.420+0000] {taskinstance.py:2889} INFO - Executing <Task(SqlSensor): wait_for_new_data> on 2025-03-16 16:42:00+00:00
[2025-03-16T16:44:05.442+0000] {logging_mixin.py:190} WARNING - /home/airflow/.local/lib/python3.12/site-packages/airflow/task/task_runner/standard_task_runner.py:70 DeprecationWarning: This process (pid=22316) is multi-threaded, use of fork() may lead to deadlocks in the child.
[2025-03-16T16:44:05.442+0000] {standard_task_runner.py:104} INFO - Running: ['airflow', 'tasks', 'run', 'skripsi_perbaikan', 'wait_for_new_data', 'scheduled__2025-03-16T16:42:00+00:00', '--job-id', '878', '--raw', '--subdir', 'DAGS_FOLDER/tugas_akhir.py', '--cfg-path', '/tmp/tmpgi6emqb5']
[2025-03-16T16:44:05.446+0000] {standard_task_runner.py:105} INFO - Job 878: Subtask wait_for_new_data
[2025-03-16T16:44:05.445+0000] {standard_task_runner.py:72} INFO - Started process 22340 to run task
[2025-03-16T16:44:05.561+0000] {task_command.py:467} INFO - Running <TaskInstance: skripsi_perbaikan.wait_for_new_data scheduled__2025-03-16T16:42:00+00:00 [running]> on host 438c3ba1e399
[2025-03-16T16:44:05.791+0000] {taskinstance.py:3132} INFO - Exporting env vars: AIRFLOW_CTX_DAG_OWNER='Dion Rikki' AIRFLOW_CTX_DAG_ID='skripsi_perbaikan' AIRFLOW_CTX_TASK_ID='wait_for_new_data' AIRFLOW_CTX_EXECUTION_DATE='2025-03-16T16:42:00+00:00' AIRFLOW_CTX_TRY_NUMBER='1' AIRFLOW_CTX_DAG_RUN_ID='scheduled__2025-03-16T16:42:00+00:00'
[2025-03-16T16:44:05.794+0000] {logging_mixin.py:190} INFO - Task instance is in running state
[2025-03-16T16:44:05.795+0000] {logging_mixin.py:190} INFO -  Previous state of the Task instance: queued
[2025-03-16T16:44:05.797+0000] {logging_mixin.py:190} INFO - Current task name:wait_for_new_data state:running start_date:2025-03-16 16:44:05.364593+00:00
[2025-03-16T16:44:05.799+0000] {logging_mixin.py:190} INFO - Dag name:skripsi_perbaikan and current dag run status:running
[2025-03-16T16:44:05.800+0000] {taskinstance.py:731} INFO - ::endgroup::
[2025-03-16T16:44:05.828+0000] {base.py:84} INFO - Retrieving connection 'mysql_default'
[2025-03-16T16:44:05.834+0000] {sql.py:101} INFO - Poking: 
            SELECT COUNT(*) 
            FROM tugas_akhir_sensordata s
            WHERE s.timestamp >= NOW() - INTERVAL 5 MINUTE
            AND s.soil_type IS NOT NULL
            AND s.crop_type IS NOT NULL
            AND NOT EXISTS (
                SELECT 1 
                FROM fertilizer_predictions f
                WHERE f.sensor_data_id = s.id
            )
         (with parameters None)
[2025-03-16T16:44:05.843+0000] {base.py:84} INFO - Retrieving connection 'mysql_default'
[2025-03-16T16:44:05.852+0000] {sql.py:553} INFO - Running statement: 
            SELECT COUNT(*) 
            FROM tugas_akhir_sensordata s
            WHERE s.timestamp >= NOW() - INTERVAL 5 MINUTE
            AND s.soil_type IS NOT NULL
            AND s.crop_type IS NOT NULL
            AND NOT EXISTS (
                SELECT 1 
                FROM fertilizer_predictions f
                WHERE f.sensor_data_id = s.id
            )
        , parameters: None
[2025-03-16T16:44:05.854+0000] {sql.py:562} INFO - Rows affected: 1
[2025-03-16T16:44:05.887+0000] {taskinstance.py:309} INFO - Rescheduling task, marking task as UP_FOR_RESCHEDULE
[2025-03-16T16:44:05.888+0000] {taskinstance.py:340} INFO - ::group::Post task execution logs
[2025-03-16T16:44:05.927+0000] {local_task_job_runner.py:266} INFO - Task exited with return code 0
[2025-03-16T16:44:05.983+0000] {taskinstance.py:3895} INFO - 0 downstream tasks scheduled from follow-on schedule check
[2025-03-16T16:44:05.986+0000] {local_task_job_runner.py:245} INFO - ::endgroup::
