[2025-02-27T15:09:01.693+0000] {local_task_job_runner.py:123} INFO - ::group::Pre task execution logs
[2025-02-27T15:09:01.785+0000] {taskinstance.py:2613} INFO - Dependencies all met for dep_context=non-requeueable deps ti=<TaskInstance: skripsi_akhir_perbaikan.predict_and_store_result scheduled__2025-02-27T14:56:00+00:00 [queued]>
[2025-02-27T15:09:01.859+0000] {taskinstance.py:2613} INFO - Dependencies all met for dep_context=requeueable deps ti=<TaskInstance: skripsi_akhir_perbaikan.predict_and_store_result scheduled__2025-02-27T14:56:00+00:00 [queued]>
[2025-02-27T15:09:01.861+0000] {taskinstance.py:2866} INFO - Starting attempt 1 of 6
[2025-02-27T15:09:01.940+0000] {taskinstance.py:2889} INFO - Executing <Task(PythonOperator): predict_and_store_result> on 2025-02-27 14:56:00+00:00
[2025-02-27T15:09:01.986+0000] {logging_mixin.py:190} WARNING - /home/airflow/.local/lib/python3.12/site-packages/airflow/task/task_runner/standard_task_runner.py:70 DeprecationWarning: This process (pid=63700) is multi-threaded, use of fork() may lead to deadlocks in the child.
[2025-02-27T15:09:01.989+0000] {standard_task_runner.py:72} INFO - Started process 63815 to run task
[2025-02-27T15:09:01.989+0000] {standard_task_runner.py:104} INFO - Running: ['airflow', 'tasks', 'run', 'skripsi_akhir_perbaikan', 'predict_and_store_result', 'scheduled__2025-02-27T14:56:00+00:00', '--job-id', '76', '--raw', '--subdir', 'DAGS_FOLDER/tugas_akhir.py', '--cfg-path', '/tmp/tmpomf8j4z9']
[2025-02-27T15:09:01.997+0000] {standard_task_runner.py:105} INFO - Job 76: Subtask predict_and_store_result
[2025-02-27T15:09:02.185+0000] {task_command.py:467} INFO - Running <TaskInstance: skripsi_akhir_perbaikan.predict_and_store_result scheduled__2025-02-27T14:56:00+00:00 [running]> on host 75f595111fc8
[2025-02-27T15:09:02.580+0000] {taskinstance.py:3132} INFO - Exporting env vars: AIRFLOW_CTX_DAG_OWNER='Dion Rikki' AIRFLOW_CTX_DAG_ID='skripsi_akhir_perbaikan' AIRFLOW_CTX_TASK_ID='predict_and_store_result' AIRFLOW_CTX_EXECUTION_DATE='2025-02-27T14:56:00+00:00' AIRFLOW_CTX_TRY_NUMBER='1' AIRFLOW_CTX_DAG_RUN_ID='scheduled__2025-02-27T14:56:00+00:00'
[2025-02-27T15:09:02.587+0000] {logging_mixin.py:190} INFO - Task instance is in running state
[2025-02-27T15:09:02.590+0000] {logging_mixin.py:190} INFO -  Previous state of the Task instance: queued
[2025-02-27T15:09:02.596+0000] {logging_mixin.py:190} INFO - Current task name:predict_and_store_result state:running start_date:2025-02-27 15:09:01.786946+00:00
[2025-02-27T15:09:02.599+0000] {logging_mixin.py:190} INFO - Dag name:skripsi_akhir_perbaikan and current dag run status:running
[2025-02-27T15:09:02.607+0000] {taskinstance.py:731} INFO - ::endgroup::
[2025-02-27T15:09:02.612+0000] {logging_mixin.py:190} INFO - 🔍 [1] Mengambil data dari XCom...
[2025-02-27T15:09:02.637+0000] {logging_mixin.py:190} INFO - ✅ [2] Data diterima dari XCom. Jumlah baris: 2
[2025-02-27T15:09:02.639+0000] {logging_mixin.py:190} INFO - 📊 Data contoh:
[{'Temperature': 26.7, 'Humidity': 81.0, 'Moisture_level': 0}, {'Temperature': 26.7, 'Humidity': 81.0, 'Moisture_level': 0}]
[2025-02-27T15:09:02.655+0000] {logging_mixin.py:190} INFO - 🤖 [3] Melakukan prediksi dengan model RandomForest...
[2025-02-27T15:09:02.658+0000] {logging_mixin.py:190} INFO - ❌ ERROR saat prediksi atau menyimpan ke database: 'numpy.ndarray' object has no attribute 'predict'
[2025-02-27T15:09:02.660+0000] {python.py:240} INFO - Done. Returned value was: None
[2025-02-27T15:09:02.687+0000] {taskinstance.py:340} INFO - ::group::Post task execution logs
[2025-02-27T15:09:02.688+0000] {taskinstance.py:352} INFO - Marking task as SUCCESS. dag_id=skripsi_akhir_perbaikan, task_id=predict_and_store_result, run_id=scheduled__2025-02-27T14:56:00+00:00, execution_date=20250227T145600, start_date=20250227T150901, end_date=20250227T150902
[2025-02-27T15:09:02.743+0000] {logging_mixin.py:190} INFO - Task instance in success state
[2025-02-27T15:09:02.746+0000] {logging_mixin.py:190} INFO -  Previous state of the Task instance: running
[2025-02-27T15:09:02.749+0000] {logging_mixin.py:190} INFO - Dag name:skripsi_akhir_perbaikan queued_at:2025-02-27 14:58:00.502610+00:00
[2025-02-27T15:09:02.756+0000] {logging_mixin.py:190} INFO - Task hostname:75f595111fc8 operator:PythonOperator
[2025-02-27T15:09:02.812+0000] {local_task_job_runner.py:266} INFO - Task exited with return code 0
[2025-02-27T15:09:02.894+0000] {taskinstance.py:3895} INFO - 0 downstream tasks scheduled from follow-on schedule check
[2025-02-27T15:09:02.914+0000] {local_task_job_runner.py:245} INFO - ::endgroup::
