[2025-04-22T05:46:52.283+0000] {local_task_job_runner.py:123} INFO - ::group::Pre task execution logs
[2025-04-22T05:46:52.320+0000] {taskinstance.py:2613} INFO - Dependencies all met for dep_context=non-requeueable deps ti=<TaskInstance: perbaikan_skripsi.wait_for_new_data scheduled__2025-04-22T05:38:00+00:00 [queued]>
[2025-04-22T05:46:52.350+0000] {taskinstance.py:2613} INFO - Dependencies all met for dep_context=requeueable deps ti=<TaskInstance: perbaikan_skripsi.wait_for_new_data scheduled__2025-04-22T05:38:00+00:00 [queued]>
[2025-04-22T05:46:52.353+0000] {taskinstance.py:2866} INFO - Starting attempt 8 of 4
[2025-04-22T05:46:52.397+0000] {taskinstance.py:2889} INFO - Executing <Task(SqlSensor): wait_for_new_data> on 2025-04-22 05:38:00+00:00
[2025-04-22T05:46:52.431+0000] {logging_mixin.py:190} WARNING - /home/airflow/.local/lib/python3.12/site-packages/airflow/task/task_runner/standard_task_runner.py:70 DeprecationWarning: This process (pid=19456) is multi-threaded, use of fork() may lead to deadlocks in the child.
[2025-04-22T05:46:52.436+0000] {standard_task_runner.py:72} INFO - Started process 19466 to run task
[2025-04-22T05:46:52.437+0000] {standard_task_runner.py:104} INFO - Running: ['airflow', 'tasks', 'run', 'perbaikan_skripsi', 'wait_for_new_data', 'scheduled__2025-04-22T05:38:00+00:00', '--job-id', '3804', '--raw', '--subdir', 'DAGS_FOLDER/tugas_akhir.py', '--cfg-path', '/tmp/tmp3xm3jgku']
[2025-04-22T05:46:52.442+0000] {standard_task_runner.py:105} INFO - Job 3804: Subtask wait_for_new_data
[2025-04-22T05:46:52.565+0000] {task_command.py:467} INFO - Running <TaskInstance: perbaikan_skripsi.wait_for_new_data scheduled__2025-04-22T05:38:00+00:00 [running]> on host a38b69ba8f8a
[2025-04-22T05:46:52.824+0000] {taskinstance.py:3132} INFO - Exporting env vars: AIRFLOW_CTX_DAG_OWNER='Dion Rikki' AIRFLOW_CTX_DAG_ID='perbaikan_skripsi' AIRFLOW_CTX_TASK_ID='wait_for_new_data' AIRFLOW_CTX_EXECUTION_DATE='2025-04-22T05:38:00+00:00' AIRFLOW_CTX_TRY_NUMBER='8' AIRFLOW_CTX_DAG_RUN_ID='scheduled__2025-04-22T05:38:00+00:00'
[2025-04-22T05:46:52.827+0000] {logging_mixin.py:190} INFO - Task instance is in running state
[2025-04-22T05:46:52.828+0000] {logging_mixin.py:190} INFO -  Previous state of the Task instance: queued
[2025-04-22T05:46:52.829+0000] {logging_mixin.py:190} INFO - Current task name:wait_for_new_data state:running start_date:2025-04-22 05:46:52.321565+00:00
[2025-04-22T05:46:52.830+0000] {logging_mixin.py:190} INFO - Dag name:perbaikan_skripsi and current dag run status:running
[2025-04-22T05:46:52.831+0000] {taskinstance.py:731} INFO - ::endgroup::
[2025-04-22T05:46:52.872+0000] {base.py:84} INFO - Retrieving connection 'mysql_default'
[2025-04-22T05:46:52.879+0000] {sql.py:101} INFO - Poking: 
            SELECT COUNT(*) 
            FROM tugas_akhir_sensordata s
            WHERE s.timestamp >= NOW() - INTERVAL 3 MINUTE
            AND s.soil_type IS NOT NULL
            AND s.crop_type IS NOT NULL
            AND NOT EXISTS (
                SELECT 1 
                FROM fertilizer_predictions f
                WHERE f.sensor_data_id = s.id
            )
         (with parameters None)
[2025-04-22T05:46:52.895+0000] {base.py:84} INFO - Retrieving connection 'mysql_default'
[2025-04-22T05:46:52.908+0000] {sql.py:553} INFO - Running statement: 
            SELECT COUNT(*) 
            FROM tugas_akhir_sensordata s
            WHERE s.timestamp >= NOW() - INTERVAL 3 MINUTE
            AND s.soil_type IS NOT NULL
            AND s.crop_type IS NOT NULL
            AND NOT EXISTS (
                SELECT 1 
                FROM fertilizer_predictions f
                WHERE f.sensor_data_id = s.id
            )
        , parameters: None
[2025-04-22T05:46:52.912+0000] {sql.py:562} INFO - Rows affected: 1
[2025-04-22T05:46:52.980+0000] {taskinstance.py:309} INFO - Rescheduling task, marking task as UP_FOR_RESCHEDULE
[2025-04-22T05:46:52.984+0000] {taskinstance.py:340} INFO - ::group::Post task execution logs
[2025-04-22T05:46:53.039+0000] {local_task_job_runner.py:266} INFO - Task exited with return code 0
[2025-04-22T05:46:53.144+0000] {taskinstance.py:3895} INFO - 0 downstream tasks scheduled from follow-on schedule check
[2025-04-22T05:46:53.151+0000] {local_task_job_runner.py:245} INFO - ::endgroup::
