[2025-04-07T13:26:28.500+0000] {local_task_job_runner.py:123} INFO - ::group::Pre task execution logs
[2025-04-07T13:26:28.528+0000] {taskinstance.py:2613} INFO - Dependencies all met for dep_context=non-requeueable deps ti=<TaskInstance: skripsi_perbaikan.wait_for_new_data scheduled__2025-04-07T13:20:00+00:00 [queued]>
[2025-04-07T13:26:28.550+0000] {taskinstance.py:2613} INFO - Dependencies all met for dep_context=requeueable deps ti=<TaskInstance: skripsi_perbaikan.wait_for_new_data scheduled__2025-04-07T13:20:00+00:00 [queued]>
[2025-04-07T13:26:28.551+0000] {taskinstance.py:2866} INFO - Starting attempt 5 of 4
[2025-04-07T13:26:28.586+0000] {taskinstance.py:2889} INFO - Executing <Task(SqlSensor): wait_for_new_data> on 2025-04-07 13:20:00+00:00
[2025-04-07T13:26:28.607+0000] {standard_task_runner.py:104} INFO - Running: ['airflow', 'tasks', 'run', 'skripsi_perbaikan', 'wait_for_new_data', 'scheduled__2025-04-07T13:20:00+00:00', '--job-id', '1883', '--raw', '--subdir', 'DAGS_FOLDER/tugas_akhir.py', '--cfg-path', '/tmp/tmpgzv94fbj']
[2025-04-07T13:26:28.610+0000] {standard_task_runner.py:105} INFO - Job 1883: Subtask wait_for_new_data
[2025-04-07T13:26:28.608+0000] {logging_mixin.py:190} WARNING - /home/airflow/.local/lib/python3.12/site-packages/airflow/task/task_runner/standard_task_runner.py:70 DeprecationWarning: This process (pid=3485) is multi-threaded, use of fork() may lead to deadlocks in the child.
[2025-04-07T13:26:28.613+0000] {standard_task_runner.py:72} INFO - Started process 3543 to run task
[2025-04-07T13:26:28.697+0000] {task_command.py:467} INFO - Running <TaskInstance: skripsi_perbaikan.wait_for_new_data scheduled__2025-04-07T13:20:00+00:00 [running]> on host a9576c91091e
[2025-04-07T13:26:28.858+0000] {taskinstance.py:3132} INFO - Exporting env vars: AIRFLOW_CTX_DAG_OWNER='Dion Rikki' AIRFLOW_CTX_DAG_ID='skripsi_perbaikan' AIRFLOW_CTX_TASK_ID='wait_for_new_data' AIRFLOW_CTX_EXECUTION_DATE='2025-04-07T13:20:00+00:00' AIRFLOW_CTX_TRY_NUMBER='5' AIRFLOW_CTX_DAG_RUN_ID='scheduled__2025-04-07T13:20:00+00:00'
[2025-04-07T13:26:28.861+0000] {logging_mixin.py:190} INFO - Task instance is in running state
[2025-04-07T13:26:28.862+0000] {logging_mixin.py:190} INFO -  Previous state of the Task instance: queued
[2025-04-07T13:26:28.864+0000] {logging_mixin.py:190} INFO - Current task name:wait_for_new_data state:running start_date:2025-04-07 13:26:28.529866+00:00
[2025-04-07T13:26:28.865+0000] {logging_mixin.py:190} INFO - Dag name:skripsi_perbaikan and current dag run status:running
[2025-04-07T13:26:28.866+0000] {taskinstance.py:731} INFO - ::endgroup::
[2025-04-07T13:26:28.891+0000] {base.py:84} INFO - Retrieving connection 'mysql_default'
[2025-04-07T13:26:28.898+0000] {sql.py:101} INFO - Poking: 
            SELECT COUNT(*) 
            FROM tugas_akhir_sensordata s
            WHERE s.timestamp >= NOW() - INTERVAL 5 MINUTE
            AND s.soil_type IS NOT NULL
            AND s.crop_type IS NOT NULL
            AND NOT EXISTS (
                SELECT 1 
                FROM fertilizer_predictions f
                WHERE f.sensor_data_id = s.id
            )
         (with parameters None)
[2025-04-07T13:26:28.907+0000] {base.py:84} INFO - Retrieving connection 'mysql_default'
[2025-04-07T13:26:28.916+0000] {sql.py:553} INFO - Running statement: 
            SELECT COUNT(*) 
            FROM tugas_akhir_sensordata s
            WHERE s.timestamp >= NOW() - INTERVAL 5 MINUTE
            AND s.soil_type IS NOT NULL
            AND s.crop_type IS NOT NULL
            AND NOT EXISTS (
                SELECT 1 
                FROM fertilizer_predictions f
                WHERE f.sensor_data_id = s.id
            )
        , parameters: None
[2025-04-07T13:26:28.918+0000] {sql.py:562} INFO - Rows affected: 1
[2025-04-07T13:26:28.953+0000] {taskinstance.py:309} INFO - Rescheduling task, marking task as UP_FOR_RESCHEDULE
[2025-04-07T13:26:28.954+0000] {taskinstance.py:340} INFO - ::group::Post task execution logs
[2025-04-07T13:26:29.007+0000] {local_task_job_runner.py:266} INFO - Task exited with return code 0
[2025-04-07T13:26:29.068+0000] {taskinstance.py:3895} INFO - 0 downstream tasks scheduled from follow-on schedule check
[2025-04-07T13:26:29.072+0000] {local_task_job_runner.py:245} INFO - ::endgroup::
