[2025-03-11T00:45:18.629+0000] {local_task_job_runner.py:123} INFO - ::group::Pre task execution logs
[2025-03-11T00:45:18.668+0000] {taskinstance.py:2613} INFO - Dependencies all met for dep_context=non-requeueable deps ti=<TaskInstance: skripsi_perbaikan.wait_for_new_data scheduled__2025-03-11T00:40:00+00:00 [queued]>
[2025-03-11T00:45:18.689+0000] {taskinstance.py:2613} INFO - Dependencies all met for dep_context=requeueable deps ti=<TaskInstance: skripsi_perbaikan.wait_for_new_data scheduled__2025-03-11T00:40:00+00:00 [queued]>
[2025-03-11T00:45:18.690+0000] {taskinstance.py:2866} INFO - Starting attempt 4 of 6
[2025-03-11T00:45:18.726+0000] {taskinstance.py:2889} INFO - Executing <Task(SqlSensor): wait_for_new_data> on 2025-03-11 00:40:00+00:00
[2025-03-11T00:45:18.748+0000] {logging_mixin.py:190} WARNING - /home/airflow/.local/lib/python3.12/site-packages/airflow/task/task_runner/standard_task_runner.py:70 DeprecationWarning: This process (pid=91518) is multi-threaded, use of fork() may lead to deadlocks in the child.
[2025-03-11T00:45:18.751+0000] {standard_task_runner.py:72} INFO - Started process 91539 to run task
[2025-03-11T00:45:18.748+0000] {standard_task_runner.py:104} INFO - Running: ['airflow', 'tasks', 'run', 'skripsi_perbaikan', 'wait_for_new_data', 'scheduled__2025-03-11T00:40:00+00:00', '--job-id', '2500', '--raw', '--subdir', 'DAGS_FOLDER/tugas_akhir.py', '--cfg-path', '/tmp/tmp_semjd6i']
[2025-03-11T00:45:18.753+0000] {standard_task_runner.py:105} INFO - Job 2500: Subtask wait_for_new_data
[2025-03-11T00:45:18.834+0000] {task_command.py:467} INFO - Running <TaskInstance: skripsi_perbaikan.wait_for_new_data scheduled__2025-03-11T00:40:00+00:00 [running]> on host b493651eb2c9
[2025-03-11T00:45:18.997+0000] {taskinstance.py:3132} INFO - Exporting env vars: AIRFLOW_CTX_DAG_OWNER='Dion Rikki' AIRFLOW_CTX_DAG_ID='skripsi_perbaikan' AIRFLOW_CTX_TASK_ID='wait_for_new_data' AIRFLOW_CTX_EXECUTION_DATE='2025-03-11T00:40:00+00:00' AIRFLOW_CTX_TRY_NUMBER='4' AIRFLOW_CTX_DAG_RUN_ID='scheduled__2025-03-11T00:40:00+00:00'
[2025-03-11T00:45:19.001+0000] {logging_mixin.py:190} INFO - Task instance is in running state
[2025-03-11T00:45:19.002+0000] {logging_mixin.py:190} INFO -  Previous state of the Task instance: queued
[2025-03-11T00:45:19.003+0000] {logging_mixin.py:190} INFO - Current task name:wait_for_new_data state:running start_date:2025-03-11 00:45:18.669857+00:00
[2025-03-11T00:45:19.007+0000] {logging_mixin.py:190} INFO - Dag name:skripsi_perbaikan and current dag run status:running
[2025-03-11T00:45:19.008+0000] {taskinstance.py:731} INFO - ::endgroup::
[2025-03-11T00:45:19.037+0000] {base.py:84} INFO - Retrieving connection 'mysql_default'
[2025-03-11T00:45:19.045+0000] {sql.py:101} INFO - Poking: 
            SELECT COUNT(*) 
            FROM tugas_akhir_sensordata s
            WHERE s.timestamp >= NOW() - INTERVAL 5 MINUTE
            AND s.Soil_Type IS NOT NULL
            AND s.Crop_Type IS NOT NULL
            AND NOT EXISTS (
                SELECT 1 
                FROM fertilizer_predictions f
                WHERE f.id = s.id
            )
         (with parameters None)
[2025-03-11T00:45:19.057+0000] {base.py:84} INFO - Retrieving connection 'mysql_default'
[2025-03-11T00:45:19.067+0000] {sql.py:553} INFO - Running statement: 
            SELECT COUNT(*) 
            FROM tugas_akhir_sensordata s
            WHERE s.timestamp >= NOW() - INTERVAL 5 MINUTE
            AND s.Soil_Type IS NOT NULL
            AND s.Crop_Type IS NOT NULL
            AND NOT EXISTS (
                SELECT 1 
                FROM fertilizer_predictions f
                WHERE f.id = s.id
            )
        , parameters: None
[2025-03-11T00:45:19.069+0000] {sql.py:562} INFO - Rows affected: 1
[2025-03-11T00:45:19.208+0000] {taskinstance.py:309} INFO - Rescheduling task, marking task as UP_FOR_RESCHEDULE
[2025-03-11T00:45:19.209+0000] {taskinstance.py:340} INFO - ::group::Post task execution logs
[2025-03-11T00:45:19.269+0000] {local_task_job_runner.py:266} INFO - Task exited with return code 0
[2025-03-11T00:45:19.319+0000] {taskinstance.py:3895} INFO - 0 downstream tasks scheduled from follow-on schedule check
[2025-03-11T00:45:19.323+0000] {local_task_job_runner.py:245} INFO - ::endgroup::
