[2025-04-21T14:30:29.507+0000] {local_task_job_runner.py:123} INFO - ::group::Pre task execution logs
[2025-04-21T14:30:29.590+0000] {taskinstance.py:2613} INFO - Dependencies all met for dep_context=non-requeueable deps ti=<TaskInstance: perbaikan_skripsi.predict_and_store_result scheduled__2025-04-21T14:24:00+00:00 [queued]>
[2025-04-21T14:30:29.629+0000] {taskinstance.py:2613} INFO - Dependencies all met for dep_context=requeueable deps ti=<TaskInstance: perbaikan_skripsi.predict_and_store_result scheduled__2025-04-21T14:24:00+00:00 [queued]>
[2025-04-21T14:30:29.687+0000] {taskinstance.py:2866} INFO - Starting attempt 1 of 4
[2025-04-21T14:30:30.122+0000] {taskinstance.py:2889} INFO - Executing <Task(PythonOperator): predict_and_store_result> on 2025-04-21 14:24:00+00:00
[2025-04-21T14:30:30.269+0000] {standard_task_runner.py:104} INFO - Running: ['airflow', 'tasks', 'run', 'perbaikan_skripsi', 'predict_and_store_result', 'scheduled__2025-04-21T14:24:00+00:00', '--job-id', '134', '--raw', '--subdir', 'DAGS_FOLDER/tugas_akhir.py', '--cfg-path', '/tmp/tmpmzqz3zsd']
[2025-04-21T14:30:30.274+0000] {logging_mixin.py:190} WARNING - /home/airflow/.local/lib/python3.12/site-packages/airflow/task/task_runner/standard_task_runner.py:70 DeprecationWarning: This process (pid=16163) is multi-threaded, use of fork() may lead to deadlocks in the child.
[2025-04-21T14:30:30.282+0000] {standard_task_runner.py:72} INFO - Started process 16285 to run task
[2025-04-21T14:30:30.285+0000] {standard_task_runner.py:105} INFO - Job 134: Subtask predict_and_store_result
[2025-04-21T14:30:30.805+0000] {task_command.py:467} INFO - Running <TaskInstance: perbaikan_skripsi.predict_and_store_result scheduled__2025-04-21T14:24:00+00:00 [running]> on host 1daba33e39bb
[2025-04-21T14:30:31.718+0000] {taskinstance.py:3132} INFO - Exporting env vars: AIRFLOW_CTX_DAG_OWNER='Dion Rikki' AIRFLOW_CTX_DAG_ID='perbaikan_skripsi' AIRFLOW_CTX_TASK_ID='predict_and_store_result' AIRFLOW_CTX_EXECUTION_DATE='2025-04-21T14:24:00+00:00' AIRFLOW_CTX_TRY_NUMBER='1' AIRFLOW_CTX_DAG_RUN_ID='scheduled__2025-04-21T14:24:00+00:00'
[2025-04-21T14:30:31.725+0000] {logging_mixin.py:190} INFO - Task instance is in running state
[2025-04-21T14:30:31.730+0000] {logging_mixin.py:190} INFO -  Previous state of the Task instance: queued
[2025-04-21T14:30:31.733+0000] {logging_mixin.py:190} INFO - Current task name:predict_and_store_result state:running start_date:2025-04-21 14:30:29.598808+00:00
[2025-04-21T14:30:31.736+0000] {logging_mixin.py:190} INFO - Dag name:perbaikan_skripsi and current dag run status:running
[2025-04-21T14:30:31.739+0000] {taskinstance.py:731} INFO - ::endgroup::
[2025-04-21T14:30:31.750+0000] {logging_mixin.py:190} INFO - 🔍 [2] Memproses data dan melakukan prediksi...
[2025-04-21T14:30:31.995+0000] {logging_mixin.py:190} INFO - ✅ Data siap diproses: 2 baris
   id  Temperature  Humidity  ...  nitrogen phosphorous potassium
0  38         25.3      83.0  ...       0.0         0.0       0.0
1  39         25.3      83.0  ...       0.0         0.0       0.0

[2 rows x 9 columns]
[2025-04-21T14:30:31.997+0000] {logging_mixin.py:190} INFO - 📝 Menyesuaikan nama kolom dengan model training...
[2025-04-21T14:30:32.001+0000] {logging_mixin.py:190} INFO - 🔧 Melakukan encoding kategori Soil_Type dan Crop_Type...
[2025-04-21T14:30:32.035+0000] {logging_mixin.py:190} INFO - 🧠 Menyiapkan fitur untuk prediksi...
[2025-04-21T14:30:32.044+0000] {logging_mixin.py:190} INFO - 🤖 Menjalankan model prediksi...
[2025-04-21T14:30:32.118+0000] {logging_mixin.py:190} INFO - ✅ Prediksi selesai:
   id predicted_fertilizer
0  38             10-10-10
1  39             10-10-10
[2025-04-21T14:30:32.129+0000] {logging_mixin.py:190} INFO - 💾 Menyimpan hasil ke tabel fertilizer_predictions...
[2025-04-21T14:30:32.210+0000] {logging_mixin.py:190} INFO - ❌ Error saat menyimpan ke database: (pymysql.err.IntegrityError) (1062, "Duplicate entry '38' for key 'fertilizer_predictions.sensor_data_id'")
[SQL: INSERT INTO fertilizer_predictions (sensor_data_id, predicted_fertilizer, created_at) VALUES (%(sensor_data_id)s, %(predicted_fertilizer)s, %(created_at)s)]
[parameters: ({'sensor_data_id': 38, 'predicted_fertilizer': '10-10-10', 'created_at': datetime.datetime(2025, 4, 21, 14, 30, 32, 138939)}, {'sensor_data_id': 39, 'predicted_fertilizer': '10-10-10', 'created_at': datetime.datetime(2025, 4, 21, 14, 30, 32, 138939)})]
(Background on this error at: https://sqlalche.me/e/14/gkpj)
[2025-04-21T14:30:32.215+0000] {python.py:240} INFO - Done. Returned value was: None
[2025-04-21T14:30:32.259+0000] {taskinstance.py:340} INFO - ::group::Post task execution logs
[2025-04-21T14:30:32.260+0000] {taskinstance.py:352} INFO - Marking task as SUCCESS. dag_id=perbaikan_skripsi, task_id=predict_and_store_result, run_id=scheduled__2025-04-21T14:24:00+00:00, execution_date=20250421T142400, start_date=20250421T143029, end_date=20250421T143032
[2025-04-21T14:30:32.341+0000] {logging_mixin.py:190} INFO - Task instance in success state
[2025-04-21T14:30:32.346+0000] {logging_mixin.py:190} INFO -  Previous state of the Task instance: running
[2025-04-21T14:30:32.353+0000] {logging_mixin.py:190} INFO - Dag name:perbaikan_skripsi queued_at:2025-04-21 14:25:00.698535+00:00
[2025-04-21T14:30:32.354+0000] {logging_mixin.py:190} INFO - Task hostname:1daba33e39bb operator:PythonOperator
[2025-04-21T14:30:32.472+0000] {local_task_job_runner.py:266} INFO - Task exited with return code 0
[2025-04-21T14:30:32.574+0000] {taskinstance.py:3895} INFO - 0 downstream tasks scheduled from follow-on schedule check
[2025-04-21T14:30:32.580+0000] {local_task_job_runner.py:245} INFO - ::endgroup::
