[2025-04-07T15:08:15.979+0000] {local_task_job_runner.py:123} INFO - ::group::Pre task execution logs
[2025-04-07T15:08:16.185+0000] {taskinstance.py:2613} INFO - Dependencies all met for dep_context=non-requeueable deps ti=<TaskInstance: skripsi_perbaikan.get_data_from_db scheduled__2025-03-16T13:42:00+00:00 [queued]>
[2025-04-07T15:08:16.285+0000] {taskinstance.py:2613} INFO - Dependencies all met for dep_context=requeueable deps ti=<TaskInstance: skripsi_perbaikan.get_data_from_db scheduled__2025-03-16T13:42:00+00:00 [queued]>
[2025-04-07T15:08:16.286+0000] {taskinstance.py:2866} INFO - Starting attempt 1 of 4
[2025-04-07T15:08:16.442+0000] {taskinstance.py:2889} INFO - Executing <Task(PythonOperator): get_data_from_db> on 2025-03-16 13:42:00+00:00
[2025-04-07T15:08:16.539+0000] {standard_task_runner.py:104} INFO - Running: ['airflow', 'tasks', 'run', 'skripsi_perbaikan', 'get_data_from_db', 'scheduled__2025-03-16T13:42:00+00:00', '--job-id', '2491', '--raw', '--subdir', 'DAGS_FOLDER/tugas_akhir.py', '--cfg-path', '/tmp/tmpa4ut8_fz']
[2025-04-07T15:08:16.551+0000] {logging_mixin.py:190} WARNING - /home/airflow/.local/lib/python3.12/site-packages/airflow/task/task_runner/standard_task_runner.py:70 DeprecationWarning: This process (pid=4265) is multi-threaded, use of fork() may lead to deadlocks in the child.
[2025-04-07T15:08:16.550+0000] {standard_task_runner.py:105} INFO - Job 2491: Subtask get_data_from_db
[2025-04-07T15:08:16.560+0000] {standard_task_runner.py:72} INFO - Started process 4341 to run task
[2025-04-07T15:08:16.922+0000] {task_command.py:467} INFO - Running <TaskInstance: skripsi_perbaikan.get_data_from_db scheduled__2025-03-16T13:42:00+00:00 [running]> on host a9576c91091e
[2025-04-07T15:08:19.208+0000] {taskinstance.py:3132} INFO - Exporting env vars: AIRFLOW_CTX_DAG_OWNER='Dion Rikki' AIRFLOW_CTX_DAG_ID='skripsi_perbaikan' AIRFLOW_CTX_TASK_ID='get_data_from_db' AIRFLOW_CTX_EXECUTION_DATE='2025-03-16T13:42:00+00:00' AIRFLOW_CTX_TRY_NUMBER='1' AIRFLOW_CTX_DAG_RUN_ID='scheduled__2025-03-16T13:42:00+00:00'
[2025-04-07T15:08:19.223+0000] {logging_mixin.py:190} INFO - Task instance is in running state
[2025-04-07T15:08:19.231+0000] {logging_mixin.py:190} INFO -  Previous state of the Task instance: queued
[2025-04-07T15:08:19.235+0000] {logging_mixin.py:190} INFO - Current task name:get_data_from_db state:running start_date:2025-04-07 15:08:16.193771+00:00
[2025-04-07T15:08:19.236+0000] {logging_mixin.py:190} INFO - Dag name:skripsi_perbaikan and current dag run status:running
[2025-04-07T15:08:19.240+0000] {taskinstance.py:731} INFO - ::endgroup::
[2025-04-07T15:08:19.243+0000] {logging_mixin.py:190} INFO - 🔍 [1] Mengambil data sensor terbaru yang lengkap dan belum diprediksi...
[2025-04-07T15:08:19.349+0000] {logging_mixin.py:190} INFO - 📊 Data ditemukan: 1 baris
[2025-04-07T15:08:19.431+0000] {python.py:240} INFO - Done. Returned value was: None
[2025-04-07T15:08:19.523+0000] {taskinstance.py:340} INFO - ::group::Post task execution logs
[2025-04-07T15:08:19.530+0000] {taskinstance.py:352} INFO - Marking task as SUCCESS. dag_id=skripsi_perbaikan, task_id=get_data_from_db, run_id=scheduled__2025-03-16T13:42:00+00:00, execution_date=20250316T134200, start_date=20250407T150816, end_date=20250407T150819
[2025-04-07T15:08:20.314+0000] {logging_mixin.py:190} INFO - Task instance in success state
[2025-04-07T15:08:20.329+0000] {logging_mixin.py:190} INFO -  Previous state of the Task instance: running
[2025-04-07T15:08:20.349+0000] {logging_mixin.py:190} INFO - Dag name:skripsi_perbaikan queued_at:2025-04-07 14:47:44.286905+00:00
[2025-04-07T15:08:20.353+0000] {logging_mixin.py:190} INFO - Task hostname:a9576c91091e operator:PythonOperator
[2025-04-07T15:08:20.519+0000] {local_task_job_runner.py:266} INFO - Task exited with return code 0
[2025-04-07T15:08:20.593+0000] {local_task_job_runner.py:245} INFO - ::endgroup::
