[2025-03-01T12:51:50.878+0000] {local_task_job_runner.py:123} INFO - ::group::Pre task execution logs
[2025-03-01T12:51:50.968+0000] {taskinstance.py:2613} INFO - Dependencies all met for dep_context=non-requeueable deps ti=<TaskInstance: skripsi_2.predict_and_store_result manual__2025-03-01T12:50:21.120282+00:00 [queued]>
[2025-03-01T12:51:51.033+0000] {taskinstance.py:2613} INFO - Dependencies all met for dep_context=requeueable deps ti=<TaskInstance: skripsi_2.predict_and_store_result manual__2025-03-01T12:50:21.120282+00:00 [queued]>
[2025-03-01T12:51:51.043+0000] {taskinstance.py:2866} INFO - Starting attempt 1 of 6
[2025-03-01T12:51:51.128+0000] {taskinstance.py:2889} INFO - Executing <Task(PythonOperator): predict_and_store_result> on 2025-03-01 12:50:21.120282+00:00
[2025-03-01T12:51:51.166+0000] {logging_mixin.py:190} WARNING - /home/airflow/.local/lib/python3.12/site-packages/airflow/task/task_runner/standard_task_runner.py:70 DeprecationWarning: This process (pid=40355) is multi-threaded, use of fork() may lead to deadlocks in the child.
[2025-03-01T12:51:51.169+0000] {standard_task_runner.py:72} INFO - Started process 40390 to run task
[2025-03-01T12:51:51.176+0000] {standard_task_runner.py:104} INFO - Running: ['airflow', 'tasks', 'run', 'skripsi_2', 'predict_and_store_result', 'manual__2025-03-01T12:50:21.120282+00:00', '--job-id', '12446', '--raw', '--subdir', 'DAGS_FOLDER/tugas_akhir.py', '--cfg-path', '/tmp/tmpatplk0ja']
[2025-03-01T12:51:51.179+0000] {standard_task_runner.py:105} INFO - Job 12446: Subtask predict_and_store_result
[2025-03-01T12:51:51.429+0000] {task_command.py:467} INFO - Running <TaskInstance: skripsi_2.predict_and_store_result manual__2025-03-01T12:50:21.120282+00:00 [running]> on host ef7692401a0a
[2025-03-01T12:51:51.806+0000] {taskinstance.py:3132} INFO - Exporting env vars: AIRFLOW_CTX_DAG_OWNER='Dion Rikki' AIRFLOW_CTX_DAG_ID='skripsi_2' AIRFLOW_CTX_TASK_ID='predict_and_store_result' AIRFLOW_CTX_EXECUTION_DATE='2025-03-01T12:50:21.120282+00:00' AIRFLOW_CTX_TRY_NUMBER='1' AIRFLOW_CTX_DAG_RUN_ID='manual__2025-03-01T12:50:21.120282+00:00'
[2025-03-01T12:51:51.814+0000] {logging_mixin.py:190} INFO - Task instance is in running state
[2025-03-01T12:51:51.824+0000] {logging_mixin.py:190} INFO -  Previous state of the Task instance: queued
[2025-03-01T12:51:51.830+0000] {logging_mixin.py:190} INFO - Current task name:predict_and_store_result state:running start_date:2025-03-01 12:51:50.969336+00:00
[2025-03-01T12:51:51.841+0000] {logging_mixin.py:190} INFO - Dag name:skripsi_2 and current dag run status:running
[2025-03-01T12:51:51.846+0000] {taskinstance.py:731} INFO - ::endgroup::
[2025-03-01T12:51:51.856+0000] {logging_mixin.py:190} INFO - 🔍 [1] Mengambil data dari XCom...
[2025-03-01T12:51:51.934+0000] {logging_mixin.py:190} INFO - ✅ [2] Data diterima dari XCom. Jumlah baris: 3
[2025-03-01T12:51:51.937+0000] {logging_mixin.py:190} INFO - 📊 Data contoh:
[{'Temperature': 27.1, 'Humidity': 85.0, 'Moisture': 0}, {'Temperature': 27.1, 'Humidity': 81.0, 'Moisture': 0}, {'Temperature': 27.1, 'Humidity': 80.0, 'Moisture': 0}]
[2025-03-01T12:51:51.973+0000] {logging_mixin.py:190} INFO - 🤖 [3] Melakukan prediksi dengan model KNN...
[2025-03-01T12:51:52.005+0000] {logging_mixin.py:190} INFO - ❌ ERROR saat prediksi atau menyimpan ke database: The feature names should match those that were passed during fit.
Feature names unseen at fit time:
- Temperature
Feature names seen at fit time, yet now missing:
- Temparature
[2025-03-01T12:51:52.008+0000] {python.py:240} INFO - Done. Returned value was: None
[2025-03-01T12:51:52.068+0000] {taskinstance.py:340} INFO - ::group::Post task execution logs
[2025-03-01T12:51:52.075+0000] {taskinstance.py:352} INFO - Marking task as SUCCESS. dag_id=skripsi_2, task_id=predict_and_store_result, run_id=manual__2025-03-01T12:50:21.120282+00:00, execution_date=20250301T125021, start_date=20250301T125150, end_date=20250301T125152
[2025-03-01T12:51:52.140+0000] {logging_mixin.py:190} INFO - Task instance in success state
[2025-03-01T12:51:52.146+0000] {logging_mixin.py:190} INFO -  Previous state of the Task instance: running
[2025-03-01T12:51:52.151+0000] {logging_mixin.py:190} INFO - Dag name:skripsi_2 queued_at:2025-03-01 12:50:21.160840+00:00
[2025-03-01T12:51:52.156+0000] {logging_mixin.py:190} INFO - Task hostname:ef7692401a0a operator:PythonOperator
[2025-03-01T12:51:52.208+0000] {local_task_job_runner.py:266} INFO - Task exited with return code 0
[2025-03-01T12:51:52.330+0000] {taskinstance.py:3895} INFO - 0 downstream tasks scheduled from follow-on schedule check
[2025-03-01T12:51:52.335+0000] {local_task_job_runner.py:245} INFO - ::endgroup::
