[2025-03-10T18:31:20.232+0000] {local_task_job_runner.py:123} INFO - ::group::Pre task execution logs
[2025-03-10T18:31:20.289+0000] {taskinstance.py:2613} INFO - Dependencies all met for dep_context=non-requeueable deps ti=<TaskInstance: skripsi_perbaikan.wait_for_new_data scheduled__2025-03-10T18:26:00+00:00 [queued]>
[2025-03-10T18:31:20.321+0000] {taskinstance.py:2613} INFO - Dependencies all met for dep_context=requeueable deps ti=<TaskInstance: skripsi_perbaikan.wait_for_new_data scheduled__2025-03-10T18:26:00+00:00 [queued]>
[2025-03-10T18:31:20.335+0000] {taskinstance.py:2866} INFO - Starting attempt 4 of 6
[2025-03-10T18:31:20.378+0000] {taskinstance.py:2889} INFO - Executing <Task(SqlSensor): wait_for_new_data> on 2025-03-10 18:26:00+00:00
[2025-03-10T18:31:20.407+0000] {logging_mixin.py:190} WARNING - /home/airflow/.local/lib/python3.12/site-packages/airflow/task/task_runner/standard_task_runner.py:70 DeprecationWarning: This process (pid=66409) is multi-threaded, use of fork() may lead to deadlocks in the child.
[2025-03-10T18:31:20.411+0000] {standard_task_runner.py:72} INFO - Started process 66428 to run task
[2025-03-10T18:31:20.410+0000] {standard_task_runner.py:104} INFO - Running: ['airflow', 'tasks', 'run', 'skripsi_perbaikan', 'wait_for_new_data', 'scheduled__2025-03-10T18:26:00+00:00', '--job-id', '443', '--raw', '--subdir', 'DAGS_FOLDER/tugas_akhir.py', '--cfg-path', '/tmp/tmpozzdqbvp']
[2025-03-10T18:31:20.413+0000] {standard_task_runner.py:105} INFO - Job 443: Subtask wait_for_new_data
[2025-03-10T18:31:20.520+0000] {task_command.py:467} INFO - Running <TaskInstance: skripsi_perbaikan.wait_for_new_data scheduled__2025-03-10T18:26:00+00:00 [running]> on host b493651eb2c9
[2025-03-10T18:31:20.761+0000] {taskinstance.py:3132} INFO - Exporting env vars: AIRFLOW_CTX_DAG_OWNER='Dion Rikki' AIRFLOW_CTX_DAG_ID='skripsi_perbaikan' AIRFLOW_CTX_TASK_ID='wait_for_new_data' AIRFLOW_CTX_EXECUTION_DATE='2025-03-10T18:26:00+00:00' AIRFLOW_CTX_TRY_NUMBER='4' AIRFLOW_CTX_DAG_RUN_ID='scheduled__2025-03-10T18:26:00+00:00'
[2025-03-10T18:31:20.765+0000] {logging_mixin.py:190} INFO - Task instance is in running state
[2025-03-10T18:31:20.766+0000] {logging_mixin.py:190} INFO -  Previous state of the Task instance: queued
[2025-03-10T18:31:20.768+0000] {logging_mixin.py:190} INFO - Current task name:wait_for_new_data state:running start_date:2025-03-10 18:31:20.291504+00:00
[2025-03-10T18:31:20.770+0000] {logging_mixin.py:190} INFO - Dag name:skripsi_perbaikan and current dag run status:running
[2025-03-10T18:31:20.771+0000] {taskinstance.py:731} INFO - ::endgroup::
[2025-03-10T18:31:20.805+0000] {base.py:84} INFO - Retrieving connection 'mysql_default'
[2025-03-10T18:31:20.813+0000] {sql.py:101} INFO - Poking: 
            SELECT COUNT(*) 
            FROM tugas_akhir_sensordata s
            WHERE s.timestamp >= NOW() - INTERVAL 5 MINUTE
            AND s.Soil_Type IS NOT NULL
            AND s.Crop_Type IS NOT NULL
            AND NOT EXISTS (
                SELECT 1 
                FROM fertilizer_predictions f
                WHERE f.id = s.id
            )
         (with parameters None)
[2025-03-10T18:31:20.822+0000] {base.py:84} INFO - Retrieving connection 'mysql_default'
[2025-03-10T18:31:20.833+0000] {sql.py:553} INFO - Running statement: 
            SELECT COUNT(*) 
            FROM tugas_akhir_sensordata s
            WHERE s.timestamp >= NOW() - INTERVAL 5 MINUTE
            AND s.Soil_Type IS NOT NULL
            AND s.Crop_Type IS NOT NULL
            AND NOT EXISTS (
                SELECT 1 
                FROM fertilizer_predictions f
                WHERE f.id = s.id
            )
        , parameters: None
[2025-03-10T18:31:20.835+0000] {sql.py:562} INFO - Rows affected: 1
[2025-03-10T18:31:20.881+0000] {taskinstance.py:309} INFO - Rescheduling task, marking task as UP_FOR_RESCHEDULE
[2025-03-10T18:31:20.884+0000] {taskinstance.py:340} INFO - ::group::Post task execution logs
[2025-03-10T18:31:20.929+0000] {local_task_job_runner.py:266} INFO - Task exited with return code 0
[2025-03-10T18:31:21.063+0000] {taskinstance.py:3895} INFO - 0 downstream tasks scheduled from follow-on schedule check
[2025-03-10T18:31:21.069+0000] {local_task_job_runner.py:245} INFO - ::endgroup::
