[2025-03-11T07:26:14.520+0000] {local_task_job_runner.py:123} INFO - ::group::Pre task execution logs
[2025-03-11T07:26:14.581+0000] {taskinstance.py:2613} INFO - Dependencies all met for dep_context=non-requeueable deps ti=<TaskInstance: skripsi_perbaikan.predict_and_store_result scheduled__2025-03-11T07:24:00+00:00 [queued]>
[2025-03-11T07:26:14.613+0000] {taskinstance.py:2613} INFO - Dependencies all met for dep_context=requeueable deps ti=<TaskInstance: skripsi_perbaikan.predict_and_store_result scheduled__2025-03-11T07:24:00+00:00 [queued]>
[2025-03-11T07:26:14.615+0000] {taskinstance.py:2866} INFO - Starting attempt 1 of 4
[2025-03-11T07:26:14.675+0000] {taskinstance.py:2889} INFO - Executing <Task(PythonOperator): predict_and_store_result> on 2025-03-11 07:24:00+00:00
[2025-03-11T07:26:14.706+0000] {logging_mixin.py:190} WARNING - /home/airflow/.local/lib/python3.12/site-packages/airflow/task/task_runner/standard_task_runner.py:70 DeprecationWarning: This process (pid=32676) is multi-threaded, use of fork() may lead to deadlocks in the child.
[2025-03-11T07:26:14.718+0000] {standard_task_runner.py:72} INFO - Started process 32698 to run task
[2025-03-11T07:26:14.719+0000] {standard_task_runner.py:104} INFO - Running: ['airflow', 'tasks', 'run', 'skripsi_perbaikan', 'predict_and_store_result', 'scheduled__2025-03-11T07:24:00+00:00', '--job-id', '4731', '--raw', '--subdir', 'DAGS_FOLDER/tugas_akhir.py', '--cfg-path', '/tmp/tmpn5ij7sq8']
[2025-03-11T07:26:14.727+0000] {standard_task_runner.py:105} INFO - Job 4731: Subtask predict_and_store_result
[2025-03-11T07:26:14.912+0000] {task_command.py:467} INFO - Running <TaskInstance: skripsi_perbaikan.predict_and_store_result scheduled__2025-03-11T07:24:00+00:00 [running]> on host b493651eb2c9
[2025-03-11T07:26:15.246+0000] {taskinstance.py:3132} INFO - Exporting env vars: AIRFLOW_CTX_DAG_OWNER='Dion Rikki' AIRFLOW_CTX_DAG_ID='skripsi_perbaikan' AIRFLOW_CTX_TASK_ID='predict_and_store_result' AIRFLOW_CTX_EXECUTION_DATE='2025-03-11T07:24:00+00:00' AIRFLOW_CTX_TRY_NUMBER='1' AIRFLOW_CTX_DAG_RUN_ID='scheduled__2025-03-11T07:24:00+00:00'
[2025-03-11T07:26:15.259+0000] {logging_mixin.py:190} INFO - Task instance is in running state
[2025-03-11T07:26:15.263+0000] {logging_mixin.py:190} INFO -  Previous state of the Task instance: queued
[2025-03-11T07:26:15.264+0000] {logging_mixin.py:190} INFO - Current task name:predict_and_store_result state:running start_date:2025-03-11 07:26:14.583572+00:00
[2025-03-11T07:26:15.273+0000] {logging_mixin.py:190} INFO - Dag name:skripsi_perbaikan and current dag run status:running
[2025-03-11T07:26:15.280+0000] {taskinstance.py:731} INFO - ::endgroup::
[2025-03-11T07:26:15.288+0000] {logging_mixin.py:190} INFO - 🔍 [2] Memproses data dan melakukan prediksi...
[2025-03-11T07:26:15.557+0000] {logging_mixin.py:190} INFO - ✅ Data siap diproses: 1 baris
   id  Temperature  Humidity  ...  nitrogen phosphorous potassium
0  20         25.3      88.0  ...       0.0         0.0       0.0

[1 rows x 9 columns]
[2025-03-11T07:26:15.562+0000] {logging_mixin.py:190} INFO - 🔧 Melakukan encoding kategori soil_type dan crop_type...
[2025-03-11T07:26:15.568+0000] {logging_mixin.py:190} INFO - ❌ Gagal saat encoding: y contains previously unseen labels: 'lempung'
[2025-03-11T07:26:15.571+0000] {python.py:240} INFO - Done. Returned value was: None
[2025-03-11T07:26:15.591+0000] {taskinstance.py:340} INFO - ::group::Post task execution logs
[2025-03-11T07:26:15.593+0000] {taskinstance.py:352} INFO - Marking task as SUCCESS. dag_id=skripsi_perbaikan, task_id=predict_and_store_result, run_id=scheduled__2025-03-11T07:24:00+00:00, execution_date=20250311T072400, start_date=20250311T072614, end_date=20250311T072615
[2025-03-11T07:26:15.673+0000] {logging_mixin.py:190} INFO - Task instance in success state
[2025-03-11T07:26:15.678+0000] {logging_mixin.py:190} INFO -  Previous state of the Task instance: running
[2025-03-11T07:26:15.681+0000] {logging_mixin.py:190} INFO - Dag name:skripsi_perbaikan queued_at:2025-03-11 07:26:00.467730+00:00
[2025-03-11T07:26:15.683+0000] {logging_mixin.py:190} INFO - Task hostname:b493651eb2c9 operator:PythonOperator
[2025-03-11T07:26:15.739+0000] {local_task_job_runner.py:266} INFO - Task exited with return code 0
[2025-03-11T07:26:15.812+0000] {taskinstance.py:3895} INFO - 0 downstream tasks scheduled from follow-on schedule check
[2025-03-11T07:26:15.819+0000] {local_task_job_runner.py:245} INFO - ::endgroup::
