[2025-04-21T11:13:12.116+0000] {local_task_job_runner.py:123} INFO - ::group::Pre task execution logs
[2025-04-21T11:13:12.409+0000] {taskinstance.py:2613} INFO - Dependencies all met for dep_context=non-requeueable deps ti=<TaskInstance: perbaikan_skripsi.predict_and_store_result scheduled__2025-04-21T05:46:00+00:00 [queued]>
[2025-04-21T11:13:12.546+0000] {taskinstance.py:2613} INFO - Dependencies all met for dep_context=requeueable deps ti=<TaskInstance: perbaikan_skripsi.predict_and_store_result scheduled__2025-04-21T05:46:00+00:00 [queued]>
[2025-04-21T11:13:12.553+0000] {taskinstance.py:2866} INFO - Starting attempt 1 of 4
[2025-04-21T11:13:13.290+0000] {taskinstance.py:2889} INFO - Executing <Task(PythonOperator): predict_and_store_result> on 2025-04-21 05:46:00+00:00
[2025-04-21T11:13:13.342+0000] {standard_task_runner.py:104} INFO - Running: ['airflow', 'tasks', 'run', 'perbaikan_skripsi', 'predict_and_store_result', 'scheduled__2025-04-21T05:46:00+00:00', '--job-id', '9411', '--raw', '--subdir', 'DAGS_FOLDER/tugas_akhir.py', '--cfg-path', '/tmp/tmpfnj6k4_f']
[2025-04-21T11:13:13.363+0000] {standard_task_runner.py:105} INFO - Job 9411: Subtask predict_and_store_result
[2025-04-21T11:13:13.364+0000] {logging_mixin.py:190} WARNING - /home/airflow/.local/lib/python3.12/site-packages/airflow/task/task_runner/standard_task_runner.py:70 DeprecationWarning: This process (pid=8207) is multi-threaded, use of fork() may lead to deadlocks in the child.
[2025-04-21T11:13:13.388+0000] {standard_task_runner.py:72} INFO - Started process 8383 to run task
[2025-04-21T11:13:14.151+0000] {task_command.py:467} INFO - Running <TaskInstance: perbaikan_skripsi.predict_and_store_result scheduled__2025-04-21T05:46:00+00:00 [running]> on host a9576c91091e
[2025-04-21T11:13:15.392+0000] {taskinstance.py:3132} INFO - Exporting env vars: AIRFLOW_CTX_DAG_OWNER='Dion Rikki' AIRFLOW_CTX_DAG_ID='perbaikan_skripsi' AIRFLOW_CTX_TASK_ID='predict_and_store_result' AIRFLOW_CTX_EXECUTION_DATE='2025-04-21T05:46:00+00:00' AIRFLOW_CTX_TRY_NUMBER='1' AIRFLOW_CTX_DAG_RUN_ID='scheduled__2025-04-21T05:46:00+00:00'
[2025-04-21T11:13:15.405+0000] {logging_mixin.py:190} INFO - Task instance is in running state
[2025-04-21T11:13:15.417+0000] {logging_mixin.py:190} INFO -  Previous state of the Task instance: queued
[2025-04-21T11:13:15.426+0000] {logging_mixin.py:190} INFO - Current task name:predict_and_store_result state:running start_date:2025-04-21 11:13:12.425690+00:00
[2025-04-21T11:13:15.434+0000] {logging_mixin.py:190} INFO - Dag name:perbaikan_skripsi and current dag run status:running
[2025-04-21T11:13:15.438+0000] {taskinstance.py:731} INFO - ::endgroup::
[2025-04-21T11:13:15.445+0000] {logging_mixin.py:190} INFO - 🔍 [2] Memproses data dan melakukan prediksi...
[2025-04-21T11:13:15.669+0000] {logging_mixin.py:190} INFO - ✅ Data siap diproses: 1 baris
    id  Temperature  Humidity  ...  nitrogen phosphorous potassium
0  801         25.8      92.0  ...       0.0         0.0       0.0

[1 rows x 9 columns]
[2025-04-21T11:13:15.674+0000] {logging_mixin.py:190} INFO - 📝 Menyesuaikan nama kolom dengan model training...
[2025-04-21T11:13:15.684+0000] {logging_mixin.py:190} INFO - 🔧 Melakukan encoding kategori Soil_Type dan Crop_Type...
[2025-04-21T11:13:15.702+0000] {logging_mixin.py:190} INFO - 🧠 Menyiapkan fitur untuk prediksi...
[2025-04-21T11:13:15.718+0000] {logging_mixin.py:190} INFO - 🤖 Menjalankan model prediksi...
[2025-04-21T11:13:15.857+0000] {logging_mixin.py:190} INFO - ✅ Prediksi selesai:
    id predicted_fertilizer
0  801             10-10-10
[2025-04-21T11:13:15.863+0000] {logging_mixin.py:190} INFO - 💾 Menyimpan hasil ke tabel fertilizer_predictions...
[2025-04-21T11:13:16.045+0000] {logging_mixin.py:190} INFO - ❌ Error saat menyimpan ke database: (pymysql.err.IntegrityError) (1062, "Duplicate entry '801' for key 'fertilizer_predictions.sensor_data_id'")
[SQL: INSERT INTO fertilizer_predictions (sensor_data_id, predicted_fertilizer, created_at) VALUES (%(sensor_data_id)s, %(predicted_fertilizer)s, %(created_at)s)]
[parameters: {'sensor_data_id': 801, 'predicted_fertilizer': '10-10-10', 'created_at': datetime.datetime(2025, 4, 21, 11, 13, 15, 877301)}]
(Background on this error at: https://sqlalche.me/e/14/gkpj)
[2025-04-21T11:13:16.052+0000] {python.py:240} INFO - Done. Returned value was: None
[2025-04-21T11:13:16.118+0000] {taskinstance.py:340} INFO - ::group::Post task execution logs
[2025-04-21T11:13:16.120+0000] {taskinstance.py:352} INFO - Marking task as SUCCESS. dag_id=perbaikan_skripsi, task_id=predict_and_store_result, run_id=scheduled__2025-04-21T05:46:00+00:00, execution_date=20250421T054600, start_date=20250421T111312, end_date=20250421T111316
[2025-04-21T11:13:16.243+0000] {logging_mixin.py:190} INFO - Task instance in success state
[2025-04-21T11:13:16.252+0000] {logging_mixin.py:190} INFO -  Previous state of the Task instance: running
[2025-04-21T11:13:16.272+0000] {logging_mixin.py:190} INFO - Dag name:perbaikan_skripsi queued_at:2025-04-21 05:54:34.572322+00:00
[2025-04-21T11:13:16.284+0000] {logging_mixin.py:190} INFO - Task hostname:a9576c91091e operator:PythonOperator
[2025-04-21T11:13:16.520+0000] {local_task_job_runner.py:266} INFO - Task exited with return code 0
[2025-04-21T11:13:16.735+0000] {taskinstance.py:3895} INFO - 0 downstream tasks scheduled from follow-on schedule check
[2025-04-21T11:13:16.756+0000] {local_task_job_runner.py:245} INFO - ::endgroup::
