[2025-02-25T19:49:20.472+0000] {local_task_job_runner.py:123} INFO - ::group::Pre task execution logs
[2025-02-25T19:49:20.500+0000] {taskinstance.py:2613} INFO - Dependencies all met for dep_context=non-requeueable deps ti=<TaskInstance: skripsi_akhir.predict_and_store_result manual__2025-02-25T19:49:06.988250+00:00 [queued]>
[2025-02-25T19:49:20.522+0000] {taskinstance.py:2613} INFO - Dependencies all met for dep_context=requeueable deps ti=<TaskInstance: skripsi_akhir.predict_and_store_result manual__2025-02-25T19:49:06.988250+00:00 [queued]>
[2025-02-25T19:49:20.523+0000] {taskinstance.py:2866} INFO - Starting attempt 1 of 6
[2025-02-25T19:49:20.555+0000] {taskinstance.py:2889} INFO - Executing <Task(PythonOperator): predict_and_store_result> on 2025-02-25 19:49:06.988250+00:00
[2025-02-25T19:49:20.579+0000] {standard_task_runner.py:104} INFO - Running: ['airflow', 'tasks', 'run', 'skripsi_akhir', 'predict_and_store_result', 'manual__2025-02-25T19:49:06.988250+00:00', '--job-id', '448', '--raw', '--subdir', 'DAGS_FOLDER/tugas_akhir.py', '--cfg-path', '/tmp/tmp3sb2n1jg']
[2025-02-25T19:49:20.579+0000] {logging_mixin.py:190} WARNING - /home/airflow/.local/lib/python3.12/site-packages/airflow/task/task_runner/standard_task_runner.py:70 DeprecationWarning: This process (pid=93378) is multi-threaded, use of fork() may lead to deadlocks in the child.
[2025-02-25T19:49:20.585+0000] {standard_task_runner.py:72} INFO - Started process 93402 to run task
[2025-02-25T19:49:20.584+0000] {standard_task_runner.py:105} INFO - Job 448: Subtask predict_and_store_result
[2025-02-25T19:49:20.702+0000] {task_command.py:467} INFO - Running <TaskInstance: skripsi_akhir.predict_and_store_result manual__2025-02-25T19:49:06.988250+00:00 [running]> on host d22a487e6b55
[2025-02-25T19:49:20.985+0000] {taskinstance.py:3132} INFO - Exporting env vars: AIRFLOW_CTX_DAG_OWNER='Dion Rikki' AIRFLOW_CTX_DAG_ID='skripsi_akhir' AIRFLOW_CTX_TASK_ID='predict_and_store_result' AIRFLOW_CTX_EXECUTION_DATE='2025-02-25T19:49:06.988250+00:00' AIRFLOW_CTX_TRY_NUMBER='1' AIRFLOW_CTX_DAG_RUN_ID='manual__2025-02-25T19:49:06.988250+00:00'
[2025-02-25T19:49:20.990+0000] {logging_mixin.py:190} INFO - Task instance is in running state
[2025-02-25T19:49:20.993+0000] {logging_mixin.py:190} INFO -  Previous state of the Task instance: queued
[2025-02-25T19:49:20.998+0000] {logging_mixin.py:190} INFO - Current task name:predict_and_store_result state:running start_date:2025-02-25 19:49:20.502243+00:00
[2025-02-25T19:49:21.000+0000] {logging_mixin.py:190} INFO - Dag name:skripsi_akhir and current dag run status:running
[2025-02-25T19:49:21.003+0000] {taskinstance.py:731} INFO - ::endgroup::
[2025-02-25T19:49:21.007+0000] {logging_mixin.py:190} INFO - 🔍 [1] Mengambil data dari XCom...
[2025-02-25T19:49:21.030+0000] {logging_mixin.py:190} INFO - ✅ [2] Data diterima dari XCom. Jumlah baris: 3
[2025-02-25T19:49:21.033+0000] {logging_mixin.py:190} INFO - 📊 Data contoh:
[{'Humidity': 86.0, 'Moisture': 25.8}, {'Humidity': 86.0, 'Moisture': 25.8}, {'Humidity': 85.0, 'Moisture': 25.8}]
[2025-02-25T19:49:21.047+0000] {logging_mixin.py:190} INFO - 🤖 [3] Melakukan prediksi dengan model RandomForest...
[2025-02-25T19:49:21.092+0000] {logging_mixin.py:190} INFO - 📌 [4] Hasil prediksi:
   Humidity  Moisture  Predicted_Fertilizer
0      86.0      25.8                     5
1      86.0      25.8                     5
2      85.0      25.8                     5
[2025-02-25T19:49:21.093+0000] {logging_mixin.py:190} INFO - 💾 [5] Menyimpan hasil prediksi ke database...
[2025-02-25T19:49:21.134+0000] {logging_mixin.py:190} INFO - ✅ Hasil prediksi berhasil disimpan ke database!
[2025-02-25T19:49:21.135+0000] {python.py:240} INFO - Done. Returned value was: None
[2025-02-25T19:49:21.158+0000] {taskinstance.py:340} INFO - ::group::Post task execution logs
[2025-02-25T19:49:21.160+0000] {taskinstance.py:352} INFO - Marking task as SUCCESS. dag_id=skripsi_akhir, task_id=predict_and_store_result, run_id=manual__2025-02-25T19:49:06.988250+00:00, execution_date=20250225T194906, start_date=20250225T194920, end_date=20250225T194921
[2025-02-25T19:49:21.200+0000] {logging_mixin.py:190} INFO - Task instance in success state
[2025-02-25T19:49:21.201+0000] {logging_mixin.py:190} INFO -  Previous state of the Task instance: running
[2025-02-25T19:49:21.203+0000] {logging_mixin.py:190} INFO - Dag name:skripsi_akhir queued_at:2025-02-25 19:49:07.022466+00:00
[2025-02-25T19:49:21.204+0000] {logging_mixin.py:190} INFO - Task hostname:d22a487e6b55 operator:PythonOperator
[2025-02-25T19:49:21.236+0000] {local_task_job_runner.py:266} INFO - Task exited with return code 0
[2025-02-25T19:49:21.268+0000] {taskinstance.py:3895} INFO - 0 downstream tasks scheduled from follow-on schedule check
[2025-02-25T19:49:21.272+0000] {local_task_job_runner.py:245} INFO - ::endgroup::
