[2025-03-16T13:41:32.949+0000] {local_task_job_runner.py:123} INFO - ::group::Pre task execution logs
[2025-03-16T13:41:33.033+0000] {taskinstance.py:2613} INFO - Dependencies all met for dep_context=non-requeueable deps ti=<TaskInstance: skripsi_perbaikan.wait_for_new_data scheduled__2025-03-16T13:36:00+00:00 [queued]>
[2025-03-16T13:41:33.084+0000] {taskinstance.py:2613} INFO - Dependencies all met for dep_context=requeueable deps ti=<TaskInstance: skripsi_perbaikan.wait_for_new_data scheduled__2025-03-16T13:36:00+00:00 [queued]>
[2025-03-16T13:41:33.089+0000] {taskinstance.py:2866} INFO - Starting attempt 4 of 4
[2025-03-16T13:41:33.142+0000] {taskinstance.py:2889} INFO - Executing <Task(SqlSensor): wait_for_new_data> on 2025-03-16 13:36:00+00:00
[2025-03-16T13:41:33.176+0000] {standard_task_runner.py:104} INFO - Running: ['airflow', 'tasks', 'run', 'skripsi_perbaikan', 'wait_for_new_data', 'scheduled__2025-03-16T13:36:00+00:00', '--job-id', '182', '--raw', '--subdir', 'DAGS_FOLDER/tugas_akhir.py', '--cfg-path', '/tmp/tmphvg6hks6']
[2025-03-16T13:41:33.183+0000] {standard_task_runner.py:105} INFO - Job 182: Subtask wait_for_new_data
[2025-03-16T13:41:33.189+0000] {logging_mixin.py:190} WARNING - /home/airflow/.local/lib/python3.12/site-packages/airflow/task/task_runner/standard_task_runner.py:70 DeprecationWarning: This process (pid=15995) is multi-threaded, use of fork() may lead to deadlocks in the child.
[2025-03-16T13:41:33.193+0000] {standard_task_runner.py:72} INFO - Started process 16040 to run task
[2025-03-16T13:41:33.596+0000] {task_command.py:467} INFO - Running <TaskInstance: skripsi_perbaikan.wait_for_new_data scheduled__2025-03-16T13:36:00+00:00 [running]> on host 438c3ba1e399
[2025-03-16T13:41:34.079+0000] {taskinstance.py:3132} INFO - Exporting env vars: AIRFLOW_CTX_DAG_OWNER='Dion Rikki' AIRFLOW_CTX_DAG_ID='skripsi_perbaikan' AIRFLOW_CTX_TASK_ID='wait_for_new_data' AIRFLOW_CTX_EXECUTION_DATE='2025-03-16T13:36:00+00:00' AIRFLOW_CTX_TRY_NUMBER='4' AIRFLOW_CTX_DAG_RUN_ID='scheduled__2025-03-16T13:36:00+00:00'
[2025-03-16T13:41:34.087+0000] {logging_mixin.py:190} INFO - Task instance is in running state
[2025-03-16T13:41:34.089+0000] {logging_mixin.py:190} INFO -  Previous state of the Task instance: queued
[2025-03-16T13:41:34.091+0000] {logging_mixin.py:190} INFO - Current task name:wait_for_new_data state:running start_date:2025-03-16 13:41:33.035791+00:00
[2025-03-16T13:41:34.093+0000] {logging_mixin.py:190} INFO - Dag name:skripsi_perbaikan and current dag run status:running
[2025-03-16T13:41:34.096+0000] {taskinstance.py:731} INFO - ::endgroup::
[2025-03-16T13:41:34.178+0000] {base.py:84} INFO - Retrieving connection 'mysql_default'
[2025-03-16T13:41:34.191+0000] {sql.py:101} INFO - Poking: 
            SELECT COUNT(*) 
            FROM tugas_akhir_sensordata s
            WHERE s.timestamp >= NOW() - INTERVAL 5 MINUTE
            AND s.soil_type IS NOT NULL
            AND s.crop_type IS NOT NULL
            AND NOT EXISTS (
                SELECT 1 
                FROM fertilizer_predictions f
                WHERE f.sensor_data_id = s.id
            )
         (with parameters None)
[2025-03-16T13:41:34.212+0000] {base.py:84} INFO - Retrieving connection 'mysql_default'
[2025-03-16T13:41:34.231+0000] {sql.py:553} INFO - Running statement: 
            SELECT COUNT(*) 
            FROM tugas_akhir_sensordata s
            WHERE s.timestamp >= NOW() - INTERVAL 5 MINUTE
            AND s.soil_type IS NOT NULL
            AND s.crop_type IS NOT NULL
            AND NOT EXISTS (
                SELECT 1 
                FROM fertilizer_predictions f
                WHERE f.sensor_data_id = s.id
            )
        , parameters: None
[2025-03-16T13:41:34.234+0000] {sql.py:562} INFO - Rows affected: 1
[2025-03-16T13:41:34.336+0000] {taskinstance.py:309} INFO - Rescheduling task, marking task as UP_FOR_RESCHEDULE
[2025-03-16T13:41:34.339+0000] {taskinstance.py:340} INFO - ::group::Post task execution logs
[2025-03-16T13:41:34.407+0000] {local_task_job_runner.py:266} INFO - Task exited with return code 0
[2025-03-16T13:41:34.488+0000] {local_task_job_runner.py:245} INFO - ::endgroup::
