[2025-03-01T13:50:09.327+0000] {local_task_job_runner.py:123} INFO - ::group::Pre task execution logs
[2025-03-01T13:50:09.381+0000] {taskinstance.py:2613} INFO - Dependencies all met for dep_context=non-requeueable deps ti=<TaskInstance: skripsi_2.get_data_from_db scheduled__2025-03-01T13:48:00+00:00 [queued]>
[2025-03-01T13:50:09.402+0000] {taskinstance.py:2613} INFO - Dependencies all met for dep_context=requeueable deps ti=<TaskInstance: skripsi_2.get_data_from_db scheduled__2025-03-01T13:48:00+00:00 [queued]>
[2025-03-01T13:50:09.403+0000] {taskinstance.py:2866} INFO - Starting attempt 1 of 6
[2025-03-01T13:50:09.448+0000] {taskinstance.py:2889} INFO - Executing <Task(PythonOperator): get_data_from_db> on 2025-03-01 13:48:00+00:00
[2025-03-01T13:50:09.470+0000] {standard_task_runner.py:104} INFO - Running: ['airflow', 'tasks', 'run', 'skripsi_2', 'get_data_from_db', 'scheduled__2025-03-01T13:48:00+00:00', '--job-id', '12474', '--raw', '--subdir', 'DAGS_FOLDER/tugas_akhir.py', '--cfg-path', '/tmp/tmpilgfcwx5']
[2025-03-01T13:50:09.473+0000] {standard_task_runner.py:105} INFO - Job 12474: Subtask get_data_from_db
[2025-03-01T13:50:09.472+0000] {logging_mixin.py:190} WARNING - /home/airflow/.local/lib/python3.12/site-packages/airflow/task/task_runner/standard_task_runner.py:70 DeprecationWarning: This process (pid=73447) is multi-threaded, use of fork() may lead to deadlocks in the child.
[2025-03-01T13:50:09.478+0000] {standard_task_runner.py:72} INFO - Started process 73466 to run task
[2025-03-01T13:50:09.569+0000] {task_command.py:467} INFO - Running <TaskInstance: skripsi_2.get_data_from_db scheduled__2025-03-01T13:48:00+00:00 [running]> on host ef7692401a0a
[2025-03-01T13:50:09.743+0000] {taskinstance.py:3132} INFO - Exporting env vars: AIRFLOW_CTX_DAG_OWNER='Dion Rikki' AIRFLOW_CTX_DAG_ID='skripsi_2' AIRFLOW_CTX_TASK_ID='get_data_from_db' AIRFLOW_CTX_EXECUTION_DATE='2025-03-01T13:48:00+00:00' AIRFLOW_CTX_TRY_NUMBER='1' AIRFLOW_CTX_DAG_RUN_ID='scheduled__2025-03-01T13:48:00+00:00'
[2025-03-01T13:50:09.747+0000] {logging_mixin.py:190} INFO - Task instance is in running state
[2025-03-01T13:50:09.748+0000] {logging_mixin.py:190} INFO -  Previous state of the Task instance: queued
[2025-03-01T13:50:09.749+0000] {logging_mixin.py:190} INFO - Current task name:get_data_from_db state:running start_date:2025-03-01 13:50:09.382807+00:00
[2025-03-01T13:50:09.751+0000] {logging_mixin.py:190} INFO - Dag name:skripsi_2 and current dag run status:running
[2025-03-01T13:50:09.753+0000] {taskinstance.py:731} INFO - ::endgroup::
[2025-03-01T13:50:09.755+0000] {logging_mixin.py:190} INFO - 🔍 [1] Menghubungkan ke database MySQL...
[2025-03-01T13:50:09.811+0000] {logging_mixin.py:190} INFO - 📊 Data yang diambil dari MySQL:
   Temperature  Humidity  Moisture
0         27.1      81.0         0
1         28.0      76.0         0
2         28.5      73.0         0
[2025-03-01T13:50:09.840+0000] {logging_mixin.py:190} INFO - ✅ Data berhasil disimpan ke XCom. Jumlah baris: 3
[2025-03-01T13:50:09.842+0000] {python.py:240} INFO - Done. Returned value was: None
[2025-03-01T13:50:09.873+0000] {taskinstance.py:340} INFO - ::group::Post task execution logs
[2025-03-01T13:50:09.874+0000] {taskinstance.py:352} INFO - Marking task as SUCCESS. dag_id=skripsi_2, task_id=get_data_from_db, run_id=scheduled__2025-03-01T13:48:00+00:00, execution_date=20250301T134800, start_date=20250301T135009, end_date=20250301T135009
[2025-03-01T13:50:09.899+0000] {logging_mixin.py:190} INFO - Task instance in success state
[2025-03-01T13:50:09.900+0000] {logging_mixin.py:190} INFO -  Previous state of the Task instance: running
[2025-03-01T13:50:09.901+0000] {logging_mixin.py:190} INFO - Dag name:skripsi_2 queued_at:2025-03-01 13:50:00.246858+00:00
[2025-03-01T13:50:09.902+0000] {logging_mixin.py:190} INFO - Task hostname:ef7692401a0a operator:PythonOperator
[2025-03-01T13:50:09.955+0000] {local_task_job_runner.py:266} INFO - Task exited with return code 0
[2025-03-01T13:50:10.004+0000] {taskinstance.py:3895} INFO - 1 downstream tasks scheduled from follow-on schedule check
[2025-03-01T13:50:10.019+0000] {local_task_job_runner.py:245} INFO - ::endgroup::
