[2025-04-24T07:17:00.050+0000] {local_task_job_runner.py:123} INFO - ::group::Pre task execution logs
[2025-04-24T07:17:00.261+0000] {taskinstance.py:2613} INFO - Dependencies all met for dep_context=non-requeueable deps ti=<TaskInstance: perbaikan_skripsi.wait_for_new_data scheduled__2025-04-24T07:14:00+00:00 [queued]>
[2025-04-24T07:17:00.437+0000] {taskinstance.py:2613} INFO - Dependencies all met for dep_context=requeueable deps ti=<TaskInstance: perbaikan_skripsi.wait_for_new_data scheduled__2025-04-24T07:14:00+00:00 [queued]>
[2025-04-24T07:17:00.454+0000] {taskinstance.py:2866} INFO - Starting attempt 2 of 4
[2025-04-24T07:17:00.693+0000] {taskinstance.py:2889} INFO - Executing <Task(SqlSensor): wait_for_new_data> on 2025-04-24 07:14:00+00:00
[2025-04-24T07:17:00.813+0000] {standard_task_runner.py:104} INFO - Running: ['airflow', 'tasks', 'run', 'perbaikan_skripsi', 'wait_for_new_data', 'scheduled__2025-04-24T07:14:00+00:00', '--job-id', '13358', '--raw', '--subdir', 'DAGS_FOLDER/tugas_akhir.py', '--cfg-path', '/tmp/tmptslc586f']
[2025-04-24T07:17:00.834+0000] {logging_mixin.py:190} WARNING - /home/airflow/.local/lib/python3.12/site-packages/airflow/task/task_runner/standard_task_runner.py:70 DeprecationWarning: This process (pid=26006) is multi-threaded, use of fork() may lead to deadlocks in the child.
[2025-04-24T07:17:00.893+0000] {standard_task_runner.py:72} INFO - Started process 26103 to run task
[2025-04-24T07:17:00.892+0000] {standard_task_runner.py:105} INFO - Job 13358: Subtask wait_for_new_data
[2025-04-24T07:17:01.437+0000] {task_command.py:467} INFO - Running <TaskInstance: perbaikan_skripsi.wait_for_new_data scheduled__2025-04-24T07:14:00+00:00 [running]> on host a38b69ba8f8a
[2025-04-24T07:17:02.471+0000] {taskinstance.py:3132} INFO - Exporting env vars: AIRFLOW_CTX_DAG_OWNER='Dion Rikki' AIRFLOW_CTX_DAG_ID='perbaikan_skripsi' AIRFLOW_CTX_TASK_ID='wait_for_new_data' AIRFLOW_CTX_EXECUTION_DATE='2025-04-24T07:14:00+00:00' AIRFLOW_CTX_TRY_NUMBER='2' AIRFLOW_CTX_DAG_RUN_ID='scheduled__2025-04-24T07:14:00+00:00'
[2025-04-24T07:17:02.494+0000] {logging_mixin.py:190} INFO - Task instance is in running state
[2025-04-24T07:17:02.511+0000] {logging_mixin.py:190} INFO -  Previous state of the Task instance: queued
[2025-04-24T07:17:02.515+0000] {logging_mixin.py:190} INFO - Current task name:wait_for_new_data state:running start_date:2025-04-24 07:17:00.270291+00:00
[2025-04-24T07:17:02.516+0000] {logging_mixin.py:190} INFO - Dag name:perbaikan_skripsi and current dag run status:running
[2025-04-24T07:17:02.520+0000] {taskinstance.py:731} INFO - ::endgroup::
[2025-04-24T07:17:02.645+0000] {base.py:84} INFO - Retrieving connection 'mysql_default'
[2025-04-24T07:17:02.674+0000] {sql.py:101} INFO - Poking: 
            SELECT COUNT(*) 
            FROM tugas_akhir_sensordata s
            WHERE s.timestamp >= NOW() - INTERVAL 3 MINUTE
            AND s.soil_type IS NOT NULL
            AND s.crop_type IS NOT NULL
            AND NOT EXISTS (
                SELECT 1 
                FROM fertilizer_predictions f
                WHERE f.sensor_data_id = s.id
            )
         (with parameters None)
[2025-04-24T07:17:02.700+0000] {base.py:84} INFO - Retrieving connection 'mysql_default'
[2025-04-24T07:17:02.740+0000] {sql.py:553} INFO - Running statement: 
            SELECT COUNT(*) 
            FROM tugas_akhir_sensordata s
            WHERE s.timestamp >= NOW() - INTERVAL 3 MINUTE
            AND s.soil_type IS NOT NULL
            AND s.crop_type IS NOT NULL
            AND NOT EXISTS (
                SELECT 1 
                FROM fertilizer_predictions f
                WHERE f.sensor_data_id = s.id
            )
        , parameters: None
[2025-04-24T07:17:02.747+0000] {sql.py:562} INFO - Rows affected: 1
[2025-04-24T07:17:02.954+0000] {taskinstance.py:309} INFO - Rescheduling task, marking task as UP_FOR_RESCHEDULE
[2025-04-24T07:17:02.957+0000] {taskinstance.py:340} INFO - ::group::Post task execution logs
[2025-04-24T07:17:03.041+0000] {local_task_job_runner.py:266} INFO - Task exited with return code 0
[2025-04-24T07:17:03.143+0000] {local_task_job_runner.py:245} INFO - ::endgroup::
