[2025-03-02T13:16:03.399+0000] {local_task_job_runner.py:123} INFO - ::group::Pre task execution logs
[2025-03-02T13:16:03.429+0000] {taskinstance.py:2613} INFO - Dependencies all met for dep_context=non-requeueable deps ti=<TaskInstance: skripsi_2.wait_for_new_data scheduled__2025-03-02T13:14:00+00:00 [queued]>
[2025-03-02T13:16:03.447+0000] {taskinstance.py:2613} INFO - Dependencies all met for dep_context=requeueable deps ti=<TaskInstance: skripsi_2.wait_for_new_data scheduled__2025-03-02T13:14:00+00:00 [queued]>
[2025-03-02T13:16:03.448+0000] {taskinstance.py:2866} INFO - Starting attempt 1 of 6
[2025-03-02T13:16:03.598+0000] {taskinstance.py:2889} INFO - Executing <Task(SqlSensor): wait_for_new_data> on 2025-03-02 13:14:00+00:00
[2025-03-02T13:16:03.618+0000] {logging_mixin.py:190} WARNING - /home/airflow/.local/lib/python3.12/site-packages/airflow/task/task_runner/standard_task_runner.py:70 DeprecationWarning: This process (pid=45337) is multi-threaded, use of fork() may lead to deadlocks in the child.
[2025-03-02T13:16:03.617+0000] {standard_task_runner.py:104} INFO - Running: ['airflow', 'tasks', 'run', 'skripsi_2', 'wait_for_new_data', 'scheduled__2025-03-02T13:14:00+00:00', '--job-id', '17822', '--raw', '--subdir', 'DAGS_FOLDER/tugas_akhir.py', '--cfg-path', '/tmp/tmpauvv_v13']
[2025-03-02T13:16:03.621+0000] {standard_task_runner.py:105} INFO - Job 17822: Subtask wait_for_new_data
[2025-03-02T13:16:03.620+0000] {standard_task_runner.py:72} INFO - Started process 45351 to run task
[2025-03-02T13:16:03.713+0000] {task_command.py:467} INFO - Running <TaskInstance: skripsi_2.wait_for_new_data scheduled__2025-03-02T13:14:00+00:00 [running]> on host ef7692401a0a
[2025-03-02T13:16:03.859+0000] {taskinstance.py:3132} INFO - Exporting env vars: AIRFLOW_CTX_DAG_OWNER='Dion Rikki' AIRFLOW_CTX_DAG_ID='skripsi_2' AIRFLOW_CTX_TASK_ID='wait_for_new_data' AIRFLOW_CTX_EXECUTION_DATE='2025-03-02T13:14:00+00:00' AIRFLOW_CTX_TRY_NUMBER='1' AIRFLOW_CTX_DAG_RUN_ID='scheduled__2025-03-02T13:14:00+00:00'
[2025-03-02T13:16:03.863+0000] {logging_mixin.py:190} INFO - Task instance is in running state
[2025-03-02T13:16:03.864+0000] {logging_mixin.py:190} INFO -  Previous state of the Task instance: queued
[2025-03-02T13:16:03.865+0000] {logging_mixin.py:190} INFO - Current task name:wait_for_new_data state:running start_date:2025-03-02 13:16:03.430369+00:00
[2025-03-02T13:16:03.866+0000] {logging_mixin.py:190} INFO - Dag name:skripsi_2 and current dag run status:running
[2025-03-02T13:16:03.867+0000] {taskinstance.py:731} INFO - ::endgroup::
[2025-03-02T13:16:03.895+0000] {base.py:84} INFO - Retrieving connection 'mysql_default'
[2025-03-02T13:16:03.901+0000] {sql.py:101} INFO - Poking: 
            SELECT COUNT(*) 
            FROM tugas_akhir_sensordata s
            WHERE s.timestamp >= NOW() - INTERVAL 5 MINUTE
            AND NOT EXISTS (
                SELECT 1 
                FROM fertilizer_predictions f
                WHERE f.id = s.id
            )
         (with parameters None)
[2025-03-02T13:16:03.909+0000] {base.py:84} INFO - Retrieving connection 'mysql_default'
[2025-03-02T13:16:03.918+0000] {sql.py:553} INFO - Running statement: 
            SELECT COUNT(*) 
            FROM tugas_akhir_sensordata s
            WHERE s.timestamp >= NOW() - INTERVAL 5 MINUTE
            AND NOT EXISTS (
                SELECT 1 
                FROM fertilizer_predictions f
                WHERE f.id = s.id
            )
        , parameters: None
[2025-03-02T13:16:03.920+0000] {sql.py:562} INFO - Rows affected: 1
[2025-03-02T13:16:03.952+0000] {taskinstance.py:309} INFO - Rescheduling task, marking task as UP_FOR_RESCHEDULE
[2025-03-02T13:16:03.953+0000] {taskinstance.py:340} INFO - ::group::Post task execution logs
[2025-03-02T13:16:03.976+0000] {local_task_job_runner.py:266} INFO - Task exited with return code 0
[2025-03-02T13:16:04.024+0000] {taskinstance.py:3895} INFO - 0 downstream tasks scheduled from follow-on schedule check
[2025-03-02T13:16:04.027+0000] {local_task_job_runner.py:245} INFO - ::endgroup::
