[2025-02-25T18:55:34.452+0000] {local_task_job_runner.py:123} INFO - ::group::Pre task execution logs
[2025-02-25T18:55:34.568+0000] {taskinstance.py:2613} INFO - Dependencies all met for dep_context=non-requeueable deps ti=<TaskInstance: skripsi.predict_and_store_result scheduled__2025-02-25T18:44:00+00:00 [queued]>
[2025-02-25T18:55:34.758+0000] {taskinstance.py:2613} INFO - Dependencies all met for dep_context=requeueable deps ti=<TaskInstance: skripsi.predict_and_store_result scheduled__2025-02-25T18:44:00+00:00 [queued]>
[2025-02-25T18:55:34.767+0000] {taskinstance.py:2866} INFO - Starting attempt 1 of 6
[2025-02-25T18:55:35.373+0000] {taskinstance.py:2889} INFO - Executing <Task(PythonOperator): predict_and_store_result> on 2025-02-25 18:44:00+00:00
[2025-02-25T18:55:35.497+0000] {standard_task_runner.py:104} INFO - Running: ['airflow', 'tasks', 'run', 'skripsi', 'predict_and_store_result', 'scheduled__2025-02-25T18:44:00+00:00', '--job-id', '182', '--raw', '--subdir', 'DAGS_FOLDER/tugas_akhir.py', '--cfg-path', '/tmp/tmp6o9wy406']
[2025-02-25T18:55:35.510+0000] {standard_task_runner.py:105} INFO - Job 182: Subtask predict_and_store_result
[2025-02-25T18:55:35.496+0000] {logging_mixin.py:190} WARNING - /home/airflow/.local/lib/python3.12/site-packages/airflow/task/task_runner/standard_task_runner.py:70 DeprecationWarning: This process (pid=61790) is multi-threaded, use of fork() may lead to deadlocks in the child.
[2025-02-25T18:55:35.520+0000] {standard_task_runner.py:72} INFO - Started process 61928 to run task
[2025-02-25T18:55:35.757+0000] {task_command.py:467} INFO - Running <TaskInstance: skripsi.predict_and_store_result scheduled__2025-02-25T18:44:00+00:00 [running]> on host d22a487e6b55
[2025-02-25T18:55:36.470+0000] {taskinstance.py:3132} INFO - Exporting env vars: AIRFLOW_CTX_DAG_OWNER='Dion Rikki' AIRFLOW_CTX_DAG_ID='skripsi' AIRFLOW_CTX_TASK_ID='predict_and_store_result' AIRFLOW_CTX_EXECUTION_DATE='2025-02-25T18:44:00+00:00' AIRFLOW_CTX_TRY_NUMBER='1' AIRFLOW_CTX_DAG_RUN_ID='scheduled__2025-02-25T18:44:00+00:00'
[2025-02-25T18:55:36.478+0000] {logging_mixin.py:190} INFO - Task instance is in running state
[2025-02-25T18:55:36.483+0000] {logging_mixin.py:190} INFO -  Previous state of the Task instance: queued
[2025-02-25T18:55:36.484+0000] {logging_mixin.py:190} INFO - Current task name:predict_and_store_result state:running start_date:2025-02-25 18:55:34.584098+00:00
[2025-02-25T18:55:36.490+0000] {logging_mixin.py:190} INFO - Dag name:skripsi and current dag run status:running
[2025-02-25T18:55:36.492+0000] {taskinstance.py:731} INFO - ::endgroup::
[2025-02-25T18:55:36.508+0000] {logging_mixin.py:190} INFO - 🔍 [1] Mengambil data dari XCom...
[2025-02-25T18:55:36.586+0000] {logging_mixin.py:190} INFO - ✅ [2] Data diterima dari XCom. Jumlah baris: 1
[2025-02-25T18:55:36.591+0000] {logging_mixin.py:190} INFO - 📊 Data contoh:
[{'Humidity': 86.0, 'Moisture': 25.8}]
[2025-02-25T18:55:36.634+0000] {logging_mixin.py:190} INFO - 🤖 [3] Melakukan prediksi dengan model RandomForest...
[2025-02-25T18:55:36.840+0000] {logging_mixin.py:190} INFO - 📌 [4] Hasil prediksi:
   Humidity  Moisture  Predicted_Fertilizer
0      86.0      25.8                     5
[2025-02-25T18:55:36.844+0000] {logging_mixin.py:190} INFO - 💾 [5] Menyimpan hasil prediksi ke database...
[2025-02-25T18:55:36.904+0000] {logging_mixin.py:190} INFO - ✅ Hasil prediksi berhasil disimpan ke database!
[2025-02-25T18:55:36.913+0000] {python.py:240} INFO - Done. Returned value was: None
[2025-02-25T18:55:36.943+0000] {taskinstance.py:340} INFO - ::group::Post task execution logs
[2025-02-25T18:55:36.944+0000] {taskinstance.py:352} INFO - Marking task as SUCCESS. dag_id=skripsi, task_id=predict_and_store_result, run_id=scheduled__2025-02-25T18:44:00+00:00, execution_date=20250225T184400, start_date=20250225T185534, end_date=20250225T185536
[2025-02-25T18:55:37.904+0000] {logging_mixin.py:190} INFO - Task instance in success state
[2025-02-25T18:55:37.918+0000] {logging_mixin.py:190} INFO -  Previous state of the Task instance: running
[2025-02-25T18:55:37.925+0000] {logging_mixin.py:190} INFO - Dag name:skripsi queued_at:2025-02-25 18:45:00.879577+00:00
[2025-02-25T18:55:37.933+0000] {logging_mixin.py:190} INFO - Task hostname:d22a487e6b55 operator:PythonOperator
[2025-02-25T18:55:38.163+0000] {local_task_job_runner.py:266} INFO - Task exited with return code 0
[2025-02-25T18:55:38.369+0000] {taskinstance.py:3895} INFO - 0 downstream tasks scheduled from follow-on schedule check
[2025-02-25T18:55:38.391+0000] {local_task_job_runner.py:245} INFO - ::endgroup::
