[2025-03-11T16:10:35.935+0000] {local_task_job_runner.py:123} INFO - ::group::Pre task execution logs
[2025-03-11T16:10:35.975+0000] {taskinstance.py:2613} INFO - Dependencies all met for dep_context=non-requeueable deps ti=<TaskInstance: skripsi_perbaikan.wait_for_new_data scheduled__2025-03-11T16:02:00+00:00 [queued]>
[2025-03-11T16:10:36.004+0000] {taskinstance.py:2613} INFO - Dependencies all met for dep_context=requeueable deps ti=<TaskInstance: skripsi_perbaikan.wait_for_new_data scheduled__2025-03-11T16:02:00+00:00 [queued]>
[2025-03-11T16:10:36.005+0000] {taskinstance.py:2866} INFO - Starting attempt 7 of 4
[2025-03-11T16:10:36.064+0000] {taskinstance.py:2889} INFO - Executing <Task(SqlSensor): wait_for_new_data> on 2025-03-11 16:02:00+00:00
[2025-03-11T16:10:36.124+0000] {logging_mixin.py:190} WARNING - /home/airflow/.local/lib/python3.12/site-packages/airflow/task/task_runner/standard_task_runner.py:70 DeprecationWarning: This process (pid=46646) is multi-threaded, use of fork() may lead to deadlocks in the child.
[2025-03-11T16:10:36.129+0000] {standard_task_runner.py:72} INFO - Started process 46701 to run task
[2025-03-11T16:10:36.141+0000] {standard_task_runner.py:104} INFO - Running: ['airflow', 'tasks', 'run', 'skripsi_perbaikan', 'wait_for_new_data', 'scheduled__2025-03-11T16:02:00+00:00', '--job-id', '7406', '--raw', '--subdir', 'DAGS_FOLDER/tugas_akhir.py', '--cfg-path', '/tmp/tmpka6jvfbt']
[2025-03-11T16:10:36.146+0000] {standard_task_runner.py:105} INFO - Job 7406: Subtask wait_for_new_data
[2025-03-11T16:10:36.396+0000] {task_command.py:467} INFO - Running <TaskInstance: skripsi_perbaikan.wait_for_new_data scheduled__2025-03-11T16:02:00+00:00 [running]> on host b493651eb2c9
[2025-03-11T16:10:36.716+0000] {taskinstance.py:3132} INFO - Exporting env vars: AIRFLOW_CTX_DAG_OWNER='Dion Rikki' AIRFLOW_CTX_DAG_ID='skripsi_perbaikan' AIRFLOW_CTX_TASK_ID='wait_for_new_data' AIRFLOW_CTX_EXECUTION_DATE='2025-03-11T16:02:00+00:00' AIRFLOW_CTX_TRY_NUMBER='7' AIRFLOW_CTX_DAG_RUN_ID='scheduled__2025-03-11T16:02:00+00:00'
[2025-03-11T16:10:36.719+0000] {logging_mixin.py:190} INFO - Task instance is in running state
[2025-03-11T16:10:36.722+0000] {logging_mixin.py:190} INFO -  Previous state of the Task instance: queued
[2025-03-11T16:10:36.723+0000] {logging_mixin.py:190} INFO - Current task name:wait_for_new_data state:running start_date:2025-03-11 16:10:35.976841+00:00
[2025-03-11T16:10:36.724+0000] {logging_mixin.py:190} INFO - Dag name:skripsi_perbaikan and current dag run status:running
[2025-03-11T16:10:36.726+0000] {taskinstance.py:731} INFO - ::endgroup::
[2025-03-11T16:10:36.772+0000] {base.py:84} INFO - Retrieving connection 'mysql_default'
[2025-03-11T16:10:36.779+0000] {sql.py:101} INFO - Poking: 
            SELECT COUNT(*) 
            FROM tugas_akhir_sensordata s
            WHERE s.timestamp >= NOW() - INTERVAL 5 MINUTE
            AND s.soil_type IS NOT NULL
            AND s.crop_type IS NOT NULL
            AND NOT EXISTS (
                SELECT 1 
                FROM fertilizer_predictions f
                WHERE f.sensor_data_id = s.id
            )
         (with parameters None)
[2025-03-11T16:10:36.796+0000] {base.py:84} INFO - Retrieving connection 'mysql_default'
[2025-03-11T16:10:36.807+0000] {sql.py:553} INFO - Running statement: 
            SELECT COUNT(*) 
            FROM tugas_akhir_sensordata s
            WHERE s.timestamp >= NOW() - INTERVAL 5 MINUTE
            AND s.soil_type IS NOT NULL
            AND s.crop_type IS NOT NULL
            AND NOT EXISTS (
                SELECT 1 
                FROM fertilizer_predictions f
                WHERE f.sensor_data_id = s.id
            )
        , parameters: None
[2025-03-11T16:10:36.810+0000] {sql.py:562} INFO - Rows affected: 1
[2025-03-11T16:10:36.870+0000] {taskinstance.py:309} INFO - Rescheduling task, marking task as UP_FOR_RESCHEDULE
[2025-03-11T16:10:36.873+0000] {taskinstance.py:340} INFO - ::group::Post task execution logs
[2025-03-11T16:10:36.941+0000] {local_task_job_runner.py:266} INFO - Task exited with return code 0
[2025-03-11T16:10:37.056+0000] {taskinstance.py:3895} INFO - 0 downstream tasks scheduled from follow-on schedule check
[2025-03-11T16:10:37.061+0000] {local_task_job_runner.py:245} INFO - ::endgroup::
