[2025-04-21T19:04:09.319+0000] {local_task_job_runner.py:123} INFO - ::group::Pre task execution logs
[2025-04-21T19:04:09.341+0000] {taskinstance.py:2613} INFO - Dependencies all met for dep_context=non-requeueable deps ti=<TaskInstance: perbaikan_skripsi.wait_for_new_data scheduled__2025-04-21T19:02:00+00:00 [queued]>
[2025-04-21T19:04:09.357+0000] {taskinstance.py:2613} INFO - Dependencies all met for dep_context=requeueable deps ti=<TaskInstance: perbaikan_skripsi.wait_for_new_data scheduled__2025-04-21T19:02:00+00:00 [queued]>
[2025-04-21T19:04:09.358+0000] {taskinstance.py:2866} INFO - Starting attempt 2 of 4
[2025-04-21T19:04:09.385+0000] {taskinstance.py:2889} INFO - Executing <Task(SqlSensor): wait_for_new_data> on 2025-04-21 19:02:00+00:00
[2025-04-21T19:04:09.402+0000] {logging_mixin.py:190} WARNING - /home/airflow/.local/lib/python3.12/site-packages/airflow/task/task_runner/standard_task_runner.py:70 DeprecationWarning: This process (pid=87600) is multi-threaded, use of fork() may lead to deadlocks in the child.
[2025-04-21T19:04:09.402+0000] {standard_task_runner.py:104} INFO - Running: ['airflow', 'tasks', 'run', 'perbaikan_skripsi', 'wait_for_new_data', 'scheduled__2025-04-21T19:02:00+00:00', '--job-id', '2997', '--raw', '--subdir', 'DAGS_FOLDER/tugas_akhir.py', '--cfg-path', '/tmp/tmpguvwttqa']
[2025-04-21T19:04:09.405+0000] {standard_task_runner.py:105} INFO - Job 2997: Subtask wait_for_new_data
[2025-04-21T19:04:09.404+0000] {standard_task_runner.py:72} INFO - Started process 87604 to run task
[2025-04-21T19:04:09.484+0000] {task_command.py:467} INFO - Running <TaskInstance: perbaikan_skripsi.wait_for_new_data scheduled__2025-04-21T19:02:00+00:00 [running]> on host 1daba33e39bb
[2025-04-21T19:04:09.633+0000] {taskinstance.py:3132} INFO - Exporting env vars: AIRFLOW_CTX_DAG_OWNER='Dion Rikki' AIRFLOW_CTX_DAG_ID='perbaikan_skripsi' AIRFLOW_CTX_TASK_ID='wait_for_new_data' AIRFLOW_CTX_EXECUTION_DATE='2025-04-21T19:02:00+00:00' AIRFLOW_CTX_TRY_NUMBER='2' AIRFLOW_CTX_DAG_RUN_ID='scheduled__2025-04-21T19:02:00+00:00'
[2025-04-21T19:04:09.635+0000] {logging_mixin.py:190} INFO - Task instance is in running state
[2025-04-21T19:04:09.636+0000] {logging_mixin.py:190} INFO -  Previous state of the Task instance: queued
[2025-04-21T19:04:09.637+0000] {logging_mixin.py:190} INFO - Current task name:wait_for_new_data state:running start_date:2025-04-21 19:04:09.342482+00:00
[2025-04-21T19:04:09.638+0000] {logging_mixin.py:190} INFO - Dag name:perbaikan_skripsi and current dag run status:running
[2025-04-21T19:04:09.638+0000] {taskinstance.py:731} INFO - ::endgroup::
[2025-04-21T19:04:09.660+0000] {base.py:84} INFO - Retrieving connection 'mysql_default'
[2025-04-21T19:04:09.665+0000] {sql.py:101} INFO - Poking: 
            SELECT COUNT(*) 
            FROM tugas_akhir_sensordata s
            WHERE s.timestamp >= NOW() - INTERVAL 3 MINUTE
            AND s.soil_type IS NOT NULL
            AND s.crop_type IS NOT NULL
            AND NOT EXISTS (
                SELECT 1 
                FROM fertilizer_predictions f
                WHERE f.sensor_data_id = s.id
            )
         (with parameters None)
[2025-04-21T19:04:09.673+0000] {base.py:84} INFO - Retrieving connection 'mysql_default'
[2025-04-21T19:04:09.681+0000] {sql.py:553} INFO - Running statement: 
            SELECT COUNT(*) 
            FROM tugas_akhir_sensordata s
            WHERE s.timestamp >= NOW() - INTERVAL 3 MINUTE
            AND s.soil_type IS NOT NULL
            AND s.crop_type IS NOT NULL
            AND NOT EXISTS (
                SELECT 1 
                FROM fertilizer_predictions f
                WHERE f.sensor_data_id = s.id
            )
        , parameters: None
[2025-04-21T19:04:09.683+0000] {sql.py:562} INFO - Rows affected: 1
[2025-04-21T19:04:09.716+0000] {taskinstance.py:309} INFO - Rescheduling task, marking task as UP_FOR_RESCHEDULE
[2025-04-21T19:04:09.717+0000] {taskinstance.py:340} INFO - ::group::Post task execution logs
[2025-04-21T19:04:09.755+0000] {local_task_job_runner.py:266} INFO - Task exited with return code 0
[2025-04-21T19:04:09.800+0000] {taskinstance.py:3895} INFO - 0 downstream tasks scheduled from follow-on schedule check
[2025-04-21T19:04:09.802+0000] {local_task_job_runner.py:245} INFO - ::endgroup::
