[2025-02-25T15:56:19.924+0000] {local_task_job_runner.py:123} INFO - ::group::Pre task execution logs
[2025-02-25T15:56:19.983+0000] {taskinstance.py:2613} INFO - Dependencies all met for dep_context=non-requeueable deps ti=<TaskInstance: triggered_by_new_data.predict_and_store_result manual__2025-02-25T15:55:59.256307+00:00 [queued]>
[2025-02-25T15:56:20.021+0000] {taskinstance.py:2613} INFO - Dependencies all met for dep_context=requeueable deps ti=<TaskInstance: triggered_by_new_data.predict_and_store_result manual__2025-02-25T15:55:59.256307+00:00 [queued]>
[2025-02-25T15:56:20.025+0000] {taskinstance.py:2866} INFO - Starting attempt 1 of 6
[2025-02-25T15:56:20.106+0000] {taskinstance.py:2889} INFO - Executing <Task(PythonOperator): predict_and_store_result> on 2025-02-25 15:55:59.256307+00:00
[2025-02-25T15:56:20.166+0000] {logging_mixin.py:190} WARNING - /home/airflow/.local/lib/python3.12/site-packages/airflow/task/task_runner/standard_task_runner.py:70 DeprecationWarning: This process (pid=67618) is multi-threaded, use of fork() may lead to deadlocks in the child.
[2025-02-25T15:56:20.175+0000] {standard_task_runner.py:72} INFO - Started process 67692 to run task
[2025-02-25T15:56:20.167+0000] {standard_task_runner.py:104} INFO - Running: ['airflow', 'tasks', 'run', 'triggered_by_new_data', 'predict_and_store_result', 'manual__2025-02-25T15:55:59.256307+00:00', '--job-id', '84', '--raw', '--subdir', 'DAGS_FOLDER/tugas_akhir.py', '--cfg-path', '/tmp/tmp5wi2be13']
[2025-02-25T15:56:20.183+0000] {standard_task_runner.py:105} INFO - Job 84: Subtask predict_and_store_result
[2025-02-25T15:56:20.359+0000] {task_command.py:467} INFO - Running <TaskInstance: triggered_by_new_data.predict_and_store_result manual__2025-02-25T15:55:59.256307+00:00 [running]> on host 15e5b1e5ccc7
[2025-02-25T15:56:20.699+0000] {taskinstance.py:3132} INFO - Exporting env vars: AIRFLOW_CTX_DAG_OWNER='Dion Rikki' AIRFLOW_CTX_DAG_ID='triggered_by_new_data' AIRFLOW_CTX_TASK_ID='predict_and_store_result' AIRFLOW_CTX_EXECUTION_DATE='2025-02-25T15:55:59.256307+00:00' AIRFLOW_CTX_TRY_NUMBER='1' AIRFLOW_CTX_DAG_RUN_ID='manual__2025-02-25T15:55:59.256307+00:00'
[2025-02-25T15:56:20.704+0000] {logging_mixin.py:190} INFO - Task instance is in running state
[2025-02-25T15:56:20.706+0000] {logging_mixin.py:190} INFO -  Previous state of the Task instance: queued
[2025-02-25T15:56:20.709+0000] {logging_mixin.py:190} INFO - Current task name:predict_and_store_result state:running start_date:2025-02-25 15:56:19.985132+00:00
[2025-02-25T15:56:20.711+0000] {logging_mixin.py:190} INFO - Dag name:triggered_by_new_data and current dag run status:running
[2025-02-25T15:56:20.713+0000] {taskinstance.py:731} INFO - ::endgroup::
[2025-02-25T15:56:20.716+0000] {logging_mixin.py:190} INFO - 🔍 [1] Mengambil data dari XCom...
[2025-02-25T15:56:20.739+0000] {logging_mixin.py:190} INFO - ✅ [2] Data diterima dari XCom. Jumlah baris: 5
[2025-02-25T15:56:20.740+0000] {logging_mixin.py:190} INFO - 📊 Data contoh:
[{'Humidity': 87.0, 'Moisture': 25.8}, {'Humidity': 87.0, 'Moisture': 25.8}, {'Humidity': 87.0, 'Moisture': 25.8}, {'Humidity': 87.0, 'Moisture': 25.8}, {'Humidity': 87.0, 'Moisture': 25.8}]
[2025-02-25T15:56:20.756+0000] {logging_mixin.py:190} INFO - 🤖 [3] Melakukan prediksi dengan model RandomForest...
[2025-02-25T15:56:20.823+0000] {logging_mixin.py:190} INFO - 📌 [4] Hasil prediksi:
   Humidity  Moisture  Predicted_Fertilizer
0      87.0      25.8                     5
1      87.0      25.8                     5
2      87.0      25.8                     5
3      87.0      25.8                     5
4      87.0      25.8                     5
[2025-02-25T15:56:20.825+0000] {logging_mixin.py:190} INFO - 💾 [5] Menyimpan hasil prediksi ke database...
[2025-02-25T15:56:20.890+0000] {logging_mixin.py:190} INFO - ✅ Hasil prediksi berhasil disimpan ke database!
[2025-02-25T15:56:20.894+0000] {python.py:240} INFO - Done. Returned value was: None
[2025-02-25T15:56:20.933+0000] {taskinstance.py:340} INFO - ::group::Post task execution logs
[2025-02-25T15:56:20.939+0000] {taskinstance.py:352} INFO - Marking task as SUCCESS. dag_id=triggered_by_new_data, task_id=predict_and_store_result, run_id=manual__2025-02-25T15:55:59.256307+00:00, execution_date=20250225T155559, start_date=20250225T155619, end_date=20250225T155620
[2025-02-25T15:56:21.495+0000] {logging_mixin.py:190} INFO - Task instance in success state
[2025-02-25T15:56:21.498+0000] {logging_mixin.py:190} INFO -  Previous state of the Task instance: running
[2025-02-25T15:56:21.508+0000] {logging_mixin.py:190} INFO - Dag name:triggered_by_new_data queued_at:2025-02-25 15:55:59.289927+00:00
[2025-02-25T15:56:21.511+0000] {logging_mixin.py:190} INFO - Task hostname:15e5b1e5ccc7 operator:PythonOperator
[2025-02-25T15:56:21.573+0000] {local_task_job_runner.py:266} INFO - Task exited with return code 0
[2025-02-25T15:56:21.669+0000] {taskinstance.py:3895} INFO - 0 downstream tasks scheduled from follow-on schedule check
[2025-02-25T15:56:21.687+0000] {local_task_job_runner.py:245} INFO - ::endgroup::
