[2025-04-21T12:15:18.114+0000] {local_task_job_runner.py:123} INFO - ::group::Pre task execution logs
[2025-04-21T12:15:18.198+0000] {taskinstance.py:2613} INFO - Dependencies all met for dep_context=non-requeueable deps ti=<TaskInstance: perbaikan_skripsi.predict_and_store_result scheduled__2025-04-21T12:06:00+00:00 [queued]>
[2025-04-21T12:15:18.469+0000] {taskinstance.py:2613} INFO - Dependencies all met for dep_context=requeueable deps ti=<TaskInstance: perbaikan_skripsi.predict_and_store_result scheduled__2025-04-21T12:06:00+00:00 [queued]>
[2025-04-21T12:15:18.488+0000] {taskinstance.py:2866} INFO - Starting attempt 1 of 4
[2025-04-21T12:15:19.310+0000] {taskinstance.py:2889} INFO - Executing <Task(PythonOperator): predict_and_store_result> on 2025-04-21 12:06:00+00:00
[2025-04-21T12:15:19.490+0000] {standard_task_runner.py:104} INFO - Running: ['airflow', 'tasks', 'run', 'perbaikan_skripsi', 'predict_and_store_result', 'scheduled__2025-04-21T12:06:00+00:00', '--job-id', '10055', '--raw', '--subdir', 'DAGS_FOLDER/tugas_akhir.py', '--cfg-path', '/tmp/tmpwx8zaa_y']
[2025-04-21T12:15:19.503+0000] {standard_task_runner.py:105} INFO - Job 10055: Subtask predict_and_store_result
[2025-04-21T12:15:19.562+0000] {logging_mixin.py:190} WARNING - /home/airflow/.local/lib/python3.12/site-packages/airflow/task/task_runner/standard_task_runner.py:70 DeprecationWarning: This process (pid=47150) is multi-threaded, use of fork() may lead to deadlocks in the child.
[2025-04-21T12:15:19.585+0000] {standard_task_runner.py:72} INFO - Started process 47239 to run task
[2025-04-21T12:15:19.947+0000] {task_command.py:467} INFO - Running <TaskInstance: perbaikan_skripsi.predict_and_store_result scheduled__2025-04-21T12:06:00+00:00 [running]> on host a9576c91091e
[2025-04-21T12:15:20.970+0000] {taskinstance.py:3132} INFO - Exporting env vars: AIRFLOW_CTX_DAG_OWNER='Dion Rikki' AIRFLOW_CTX_DAG_ID='perbaikan_skripsi' AIRFLOW_CTX_TASK_ID='predict_and_store_result' AIRFLOW_CTX_EXECUTION_DATE='2025-04-21T12:06:00+00:00' AIRFLOW_CTX_TRY_NUMBER='1' AIRFLOW_CTX_DAG_RUN_ID='scheduled__2025-04-21T12:06:00+00:00'
[2025-04-21T12:15:20.981+0000] {logging_mixin.py:190} INFO - Task instance is in running state
[2025-04-21T12:15:20.991+0000] {logging_mixin.py:190} INFO -  Previous state of the Task instance: queued
[2025-04-21T12:15:20.994+0000] {logging_mixin.py:190} INFO - Current task name:predict_and_store_result state:running start_date:2025-04-21 12:15:18.204958+00:00
[2025-04-21T12:15:20.995+0000] {logging_mixin.py:190} INFO - Dag name:perbaikan_skripsi and current dag run status:running
[2025-04-21T12:15:21.002+0000] {taskinstance.py:731} INFO - ::endgroup::
[2025-04-21T12:15:21.016+0000] {logging_mixin.py:190} INFO - 🔍 [2] Memproses data dan melakukan prediksi...
[2025-04-21T12:15:21.148+0000] {logging_mixin.py:190} INFO - ✅ Data siap diproses: 1 baris
    id  Temperature  Humidity  ...  nitrogen phosphorous potassium
0  802         25.8      88.0  ...       0.0         0.0       0.0

[1 rows x 9 columns]
[2025-04-21T12:15:21.152+0000] {logging_mixin.py:190} INFO - 📝 Menyesuaikan nama kolom dengan model training...
[2025-04-21T12:15:21.156+0000] {logging_mixin.py:190} INFO - 🔧 Melakukan encoding kategori Soil_Type dan Crop_Type...
[2025-04-21T12:15:21.166+0000] {logging_mixin.py:190} INFO - 🧠 Menyiapkan fitur untuk prediksi...
[2025-04-21T12:15:21.177+0000] {logging_mixin.py:190} INFO - 🤖 Menjalankan model prediksi...
[2025-04-21T12:15:21.285+0000] {logging_mixin.py:190} INFO - ✅ Prediksi selesai:
    id predicted_fertilizer
0  802             10-10-10
[2025-04-21T12:15:21.290+0000] {logging_mixin.py:190} INFO - 💾 Menyimpan hasil ke tabel fertilizer_predictions...
[2025-04-21T12:15:21.468+0000] {logging_mixin.py:190} INFO - ✅ Hasil prediksi berhasil disimpan.
[2025-04-21T12:15:21.479+0000] {python.py:240} INFO - Done. Returned value was: None
[2025-04-21T12:15:21.549+0000] {taskinstance.py:340} INFO - ::group::Post task execution logs
[2025-04-21T12:15:21.553+0000] {taskinstance.py:352} INFO - Marking task as SUCCESS. dag_id=perbaikan_skripsi, task_id=predict_and_store_result, run_id=scheduled__2025-04-21T12:06:00+00:00, execution_date=20250421T120600, start_date=20250421T121518, end_date=20250421T121521
[2025-04-21T12:15:21.678+0000] {logging_mixin.py:190} INFO - Task instance in success state
[2025-04-21T12:15:21.679+0000] {logging_mixin.py:190} INFO -  Previous state of the Task instance: running
[2025-04-21T12:15:21.680+0000] {logging_mixin.py:190} INFO - Dag name:perbaikan_skripsi queued_at:2025-04-21 12:07:02.466112+00:00
[2025-04-21T12:15:21.683+0000] {logging_mixin.py:190} INFO - Task hostname:a9576c91091e operator:PythonOperator
[2025-04-21T12:15:21.766+0000] {local_task_job_runner.py:266} INFO - Task exited with return code 0
[2025-04-21T12:15:22.064+0000] {taskinstance.py:3895} INFO - 0 downstream tasks scheduled from follow-on schedule check
[2025-04-21T12:15:22.079+0000] {local_task_job_runner.py:245} INFO - ::endgroup::
