[2025-03-10T22:22:12.829+0000] {local_task_job_runner.py:123} INFO - ::group::Pre task execution logs
[2025-03-10T22:22:12.863+0000] {taskinstance.py:2613} INFO - Dependencies all met for dep_context=non-requeueable deps ti=<TaskInstance: skripsi_perbaikan.wait_for_new_data scheduled__2025-03-10T22:18:00+00:00 [queued]>
[2025-03-10T22:22:12.883+0000] {taskinstance.py:2613} INFO - Dependencies all met for dep_context=requeueable deps ti=<TaskInstance: skripsi_perbaikan.wait_for_new_data scheduled__2025-03-10T22:18:00+00:00 [queued]>
[2025-03-10T22:22:12.884+0000] {taskinstance.py:2866} INFO - Starting attempt 3 of 6
[2025-03-10T22:22:12.918+0000] {taskinstance.py:2889} INFO - Executing <Task(SqlSensor): wait_for_new_data> on 2025-03-10 22:18:00+00:00
[2025-03-10T22:22:12.938+0000] {logging_mixin.py:190} WARNING - /home/airflow/.local/lib/python3.12/site-packages/airflow/task/task_runner/standard_task_runner.py:70 DeprecationWarning: This process (pid=5630) is multi-threaded, use of fork() may lead to deadlocks in the child.
[2025-03-10T22:22:12.939+0000] {standard_task_runner.py:104} INFO - Running: ['airflow', 'tasks', 'run', 'skripsi_perbaikan', 'wait_for_new_data', 'scheduled__2025-03-10T22:18:00+00:00', '--job-id', '1713', '--raw', '--subdir', 'DAGS_FOLDER/tugas_akhir.py', '--cfg-path', '/tmp/tmpotwjiauw']
[2025-03-10T22:22:12.941+0000] {standard_task_runner.py:72} INFO - Started process 5649 to run task
[2025-03-10T22:22:12.942+0000] {standard_task_runner.py:105} INFO - Job 1713: Subtask wait_for_new_data
[2025-03-10T22:22:13.031+0000] {task_command.py:467} INFO - Running <TaskInstance: skripsi_perbaikan.wait_for_new_data scheduled__2025-03-10T22:18:00+00:00 [running]> on host b493651eb2c9
[2025-03-10T22:22:13.403+0000] {taskinstance.py:3132} INFO - Exporting env vars: AIRFLOW_CTX_DAG_OWNER='Dion Rikki' AIRFLOW_CTX_DAG_ID='skripsi_perbaikan' AIRFLOW_CTX_TASK_ID='wait_for_new_data' AIRFLOW_CTX_EXECUTION_DATE='2025-03-10T22:18:00+00:00' AIRFLOW_CTX_TRY_NUMBER='3' AIRFLOW_CTX_DAG_RUN_ID='scheduled__2025-03-10T22:18:00+00:00'
[2025-03-10T22:22:13.409+0000] {logging_mixin.py:190} INFO - Task instance is in running state
[2025-03-10T22:22:13.410+0000] {logging_mixin.py:190} INFO -  Previous state of the Task instance: queued
[2025-03-10T22:22:13.414+0000] {logging_mixin.py:190} INFO - Current task name:wait_for_new_data state:running start_date:2025-03-10 22:22:12.865329+00:00
[2025-03-10T22:22:13.417+0000] {logging_mixin.py:190} INFO - Dag name:skripsi_perbaikan and current dag run status:running
[2025-03-10T22:22:13.420+0000] {taskinstance.py:731} INFO - ::endgroup::
[2025-03-10T22:22:13.458+0000] {base.py:84} INFO - Retrieving connection 'mysql_default'
[2025-03-10T22:22:13.468+0000] {sql.py:101} INFO - Poking: 
            SELECT COUNT(*) 
            FROM tugas_akhir_sensordata s
            WHERE s.timestamp >= NOW() - INTERVAL 5 MINUTE
            AND s.Soil_Type IS NOT NULL
            AND s.Crop_Type IS NOT NULL
            AND NOT EXISTS (
                SELECT 1 
                FROM fertilizer_predictions f
                WHERE f.id = s.id
            )
         (with parameters None)
[2025-03-10T22:22:13.489+0000] {base.py:84} INFO - Retrieving connection 'mysql_default'
[2025-03-10T22:22:13.505+0000] {sql.py:553} INFO - Running statement: 
            SELECT COUNT(*) 
            FROM tugas_akhir_sensordata s
            WHERE s.timestamp >= NOW() - INTERVAL 5 MINUTE
            AND s.Soil_Type IS NOT NULL
            AND s.Crop_Type IS NOT NULL
            AND NOT EXISTS (
                SELECT 1 
                FROM fertilizer_predictions f
                WHERE f.id = s.id
            )
        , parameters: None
[2025-03-10T22:22:13.509+0000] {sql.py:562} INFO - Rows affected: 1
[2025-03-10T22:22:13.563+0000] {taskinstance.py:309} INFO - Rescheduling task, marking task as UP_FOR_RESCHEDULE
[2025-03-10T22:22:13.565+0000] {taskinstance.py:340} INFO - ::group::Post task execution logs
[2025-03-10T22:22:13.624+0000] {local_task_job_runner.py:266} INFO - Task exited with return code 0
[2025-03-10T22:22:13.687+0000] {taskinstance.py:3895} INFO - 0 downstream tasks scheduled from follow-on schedule check
[2025-03-10T22:22:13.692+0000] {local_task_job_runner.py:245} INFO - ::endgroup::
