[2025-04-22T06:34:00.841+0000] {local_task_job_runner.py:123} INFO - ::group::Pre task execution logs
[2025-04-22T06:34:00.991+0000] {taskinstance.py:2613} INFO - Dependencies all met for dep_context=non-requeueable deps ti=<TaskInstance: perbaikan_skripsi.get_data_from_db scheduled__2025-04-22T06:26:00+00:00 [queued]>
[2025-04-22T06:34:01.033+0000] {taskinstance.py:2613} INFO - Dependencies all met for dep_context=requeueable deps ti=<TaskInstance: perbaikan_skripsi.get_data_from_db scheduled__2025-04-22T06:26:00+00:00 [queued]>
[2025-04-22T06:34:01.034+0000] {taskinstance.py:2866} INFO - Starting attempt 1 of 4
[2025-04-22T06:34:01.097+0000] {taskinstance.py:2889} INFO - Executing <Task(PythonOperator): get_data_from_db> on 2025-04-22 06:26:00+00:00
[2025-04-22T06:34:01.187+0000] {logging_mixin.py:190} WARNING - /home/airflow/.local/lib/python3.12/site-packages/airflow/task/task_runner/standard_task_runner.py:70 DeprecationWarning: This process (pid=48566) is multi-threaded, use of fork() may lead to deadlocks in the child.
[2025-04-22T06:34:01.200+0000] {standard_task_runner.py:72} INFO - Started process 48664 to run task
[2025-04-22T06:34:01.194+0000] {standard_task_runner.py:104} INFO - Running: ['airflow', 'tasks', 'run', 'perbaikan_skripsi', 'get_data_from_db', 'scheduled__2025-04-22T06:26:00+00:00', '--job-id', '4282', '--raw', '--subdir', 'DAGS_FOLDER/tugas_akhir.py', '--cfg-path', '/tmp/tmp8ndn5t5h']
[2025-04-22T06:34:01.206+0000] {standard_task_runner.py:105} INFO - Job 4282: Subtask get_data_from_db
[2025-04-22T06:34:01.710+0000] {task_command.py:467} INFO - Running <TaskInstance: perbaikan_skripsi.get_data_from_db scheduled__2025-04-22T06:26:00+00:00 [running]> on host a38b69ba8f8a
[2025-04-22T06:34:03.944+0000] {taskinstance.py:3132} INFO - Exporting env vars: AIRFLOW_CTX_DAG_OWNER='Dion Rikki' AIRFLOW_CTX_DAG_ID='perbaikan_skripsi' AIRFLOW_CTX_TASK_ID='get_data_from_db' AIRFLOW_CTX_EXECUTION_DATE='2025-04-22T06:26:00+00:00' AIRFLOW_CTX_TRY_NUMBER='1' AIRFLOW_CTX_DAG_RUN_ID='scheduled__2025-04-22T06:26:00+00:00'
[2025-04-22T06:34:03.976+0000] {logging_mixin.py:190} INFO - Task instance is in running state
[2025-04-22T06:34:03.980+0000] {logging_mixin.py:190} INFO -  Previous state of the Task instance: queued
[2025-04-22T06:34:03.985+0000] {logging_mixin.py:190} INFO - Current task name:get_data_from_db state:running start_date:2025-04-22 06:34:00.993832+00:00
[2025-04-22T06:34:03.991+0000] {logging_mixin.py:190} INFO - Dag name:perbaikan_skripsi and current dag run status:running
[2025-04-22T06:34:04.003+0000] {taskinstance.py:731} INFO - ::endgroup::
[2025-04-22T06:34:04.005+0000] {logging_mixin.py:190} INFO - 🔍 [1] Mengambil data sensor terbaru yang lengkap dan belum diprediksi...
[2025-04-22T06:34:04.141+0000] {logging_mixin.py:190} INFO - 📊 Data ditemukan: 1 baris
[2025-04-22T06:34:04.241+0000] {python.py:240} INFO - Done. Returned value was: None
[2025-04-22T06:34:04.329+0000] {taskinstance.py:340} INFO - ::group::Post task execution logs
[2025-04-22T06:34:04.340+0000] {taskinstance.py:352} INFO - Marking task as SUCCESS. dag_id=perbaikan_skripsi, task_id=get_data_from_db, run_id=scheduled__2025-04-22T06:26:00+00:00, execution_date=20250422T062600, start_date=20250422T063400, end_date=20250422T063404
[2025-04-22T06:34:04.419+0000] {logging_mixin.py:190} INFO - Task instance in success state
[2025-04-22T06:34:04.423+0000] {logging_mixin.py:190} INFO -  Previous state of the Task instance: running
[2025-04-22T06:34:04.434+0000] {logging_mixin.py:190} INFO - Dag name:perbaikan_skripsi queued_at:2025-04-22 06:27:01.149838+00:00
[2025-04-22T06:34:04.438+0000] {logging_mixin.py:190} INFO - Task hostname:a38b69ba8f8a operator:PythonOperator
[2025-04-22T06:34:04.654+0000] {local_task_job_runner.py:266} INFO - Task exited with return code 0
[2025-04-22T06:34:04.755+0000] {local_task_job_runner.py:245} INFO - ::endgroup::
