[2025-02-25T20:00:09.262+0000] {local_task_job_runner.py:123} INFO - ::group::Pre task execution logs
[2025-02-25T20:00:09.333+0000] {taskinstance.py:2613} INFO - Dependencies all met for dep_context=non-requeueable deps ti=<TaskInstance: skripsi_akhir.get_data_from_db scheduled__2025-02-25T19:58:00+00:00 [queued]>
[2025-02-25T20:00:09.366+0000] {taskinstance.py:2613} INFO - Dependencies all met for dep_context=requeueable deps ti=<TaskInstance: skripsi_akhir.get_data_from_db scheduled__2025-02-25T19:58:00+00:00 [queued]>
[2025-02-25T20:00:09.368+0000] {taskinstance.py:2866} INFO - Starting attempt 1 of 6
[2025-02-25T20:00:09.426+0000] {taskinstance.py:2889} INFO - Executing <Task(PythonOperator): get_data_from_db> on 2025-02-25 19:58:00+00:00
[2025-02-25T20:00:09.466+0000] {logging_mixin.py:190} WARNING - /home/airflow/.local/lib/python3.12/site-packages/airflow/task/task_runner/standard_task_runner.py:70 DeprecationWarning: This process (pid=99613) is multi-threaded, use of fork() may lead to deadlocks in the child.
[2025-02-25T20:00:09.467+0000] {standard_task_runner.py:104} INFO - Running: ['airflow', 'tasks', 'run', 'skripsi_akhir', 'get_data_from_db', 'scheduled__2025-02-25T19:58:00+00:00', '--job-id', '465', '--raw', '--subdir', 'DAGS_FOLDER/tugas_akhir.py', '--cfg-path', '/tmp/tmpsq4094xq']
[2025-02-25T20:00:09.470+0000] {standard_task_runner.py:105} INFO - Job 465: Subtask get_data_from_db
[2025-02-25T20:00:09.472+0000] {standard_task_runner.py:72} INFO - Started process 99640 to run task
[2025-02-25T20:00:09.606+0000] {task_command.py:467} INFO - Running <TaskInstance: skripsi_akhir.get_data_from_db scheduled__2025-02-25T19:58:00+00:00 [running]> on host d22a487e6b55
[2025-02-25T20:00:09.887+0000] {taskinstance.py:3132} INFO - Exporting env vars: AIRFLOW_CTX_DAG_OWNER='Dion Rikki' AIRFLOW_CTX_DAG_ID='skripsi_akhir' AIRFLOW_CTX_TASK_ID='get_data_from_db' AIRFLOW_CTX_EXECUTION_DATE='2025-02-25T19:58:00+00:00' AIRFLOW_CTX_TRY_NUMBER='1' AIRFLOW_CTX_DAG_RUN_ID='scheduled__2025-02-25T19:58:00+00:00'
[2025-02-25T20:00:09.892+0000] {logging_mixin.py:190} INFO - Task instance is in running state
[2025-02-25T20:00:09.895+0000] {logging_mixin.py:190} INFO -  Previous state of the Task instance: queued
[2025-02-25T20:00:09.898+0000] {logging_mixin.py:190} INFO - Current task name:get_data_from_db state:running start_date:2025-02-25 20:00:09.334844+00:00
[2025-02-25T20:00:09.901+0000] {logging_mixin.py:190} INFO - Dag name:skripsi_akhir and current dag run status:running
[2025-02-25T20:00:09.905+0000] {taskinstance.py:731} INFO - ::endgroup::
[2025-02-25T20:00:09.907+0000] {logging_mixin.py:190} INFO - 🔍 [1] Menghubungkan ke database MySQL...
[2025-02-25T20:00:09.987+0000] {logging_mixin.py:190} INFO - 📊 Data yang diambil dari MySQL:
   Humidity  Moisture
0      85.0      25.8
[2025-02-25T20:00:10.021+0000] {logging_mixin.py:190} INFO - ✅ Data berhasil disimpan ke XCom. Jumlah baris: 1
[2025-02-25T20:00:10.023+0000] {python.py:240} INFO - Done. Returned value was: None
[2025-02-25T20:00:10.048+0000] {taskinstance.py:340} INFO - ::group::Post task execution logs
[2025-02-25T20:00:10.050+0000] {taskinstance.py:352} INFO - Marking task as SUCCESS. dag_id=skripsi_akhir, task_id=get_data_from_db, run_id=scheduled__2025-02-25T19:58:00+00:00, execution_date=20250225T195800, start_date=20250225T200009, end_date=20250225T200010
[2025-02-25T20:00:10.084+0000] {logging_mixin.py:190} INFO - Task instance in success state
[2025-02-25T20:00:10.085+0000] {logging_mixin.py:190} INFO -  Previous state of the Task instance: running
[2025-02-25T20:00:10.086+0000] {logging_mixin.py:190} INFO - Dag name:skripsi_akhir queued_at:2025-02-25 20:00:00.553718+00:00
[2025-02-25T20:00:10.089+0000] {logging_mixin.py:190} INFO - Task hostname:d22a487e6b55 operator:PythonOperator
[2025-02-25T20:00:10.159+0000] {local_task_job_runner.py:266} INFO - Task exited with return code 0
[2025-02-25T20:00:10.241+0000] {taskinstance.py:3895} INFO - 1 downstream tasks scheduled from follow-on schedule check
[2025-02-25T20:00:10.260+0000] {local_task_job_runner.py:245} INFO - ::endgroup::
