[2025-02-25T18:55:07.309+0000] {local_task_job_runner.py:123} INFO - ::group::Pre task execution logs
[2025-02-25T18:55:07.386+0000] {taskinstance.py:2613} INFO - Dependencies all met for dep_context=non-requeueable deps ti=<TaskInstance: skripsi.wait_for_new_data scheduled__2025-02-25T18:44:00+00:00 [queued]>
[2025-02-25T18:55:07.517+0000] {taskinstance.py:2613} INFO - Dependencies all met for dep_context=requeueable deps ti=<TaskInstance: skripsi.wait_for_new_data scheduled__2025-02-25T18:44:00+00:00 [queued]>
[2025-02-25T18:55:07.530+0000] {taskinstance.py:2866} INFO - Starting attempt 10 of 6
[2025-02-25T18:55:08.183+0000] {taskinstance.py:2889} INFO - Executing <Task(SqlSensor): wait_for_new_data> on 2025-02-25 18:44:00+00:00
[2025-02-25T18:55:08.217+0000] {logging_mixin.py:190} WARNING - /home/airflow/.local/lib/python3.12/site-packages/airflow/task/task_runner/standard_task_runner.py:70 DeprecationWarning: This process (pid=61530) is multi-threaded, use of fork() may lead to deadlocks in the child.
[2025-02-25T18:55:08.221+0000] {standard_task_runner.py:72} INFO - Started process 61636 to run task
[2025-02-25T18:55:08.231+0000] {standard_task_runner.py:104} INFO - Running: ['airflow', 'tasks', 'run', 'skripsi', 'wait_for_new_data', 'scheduled__2025-02-25T18:44:00+00:00', '--job-id', '173', '--raw', '--subdir', 'DAGS_FOLDER/tugas_akhir.py', '--cfg-path', '/tmp/tmpmz25acsj']
[2025-02-25T18:55:08.238+0000] {standard_task_runner.py:105} INFO - Job 173: Subtask wait_for_new_data
[2025-02-25T18:55:08.501+0000] {task_command.py:467} INFO - Running <TaskInstance: skripsi.wait_for_new_data scheduled__2025-02-25T18:44:00+00:00 [running]> on host d22a487e6b55
[2025-02-25T18:55:09.148+0000] {taskinstance.py:3132} INFO - Exporting env vars: AIRFLOW_CTX_DAG_OWNER='Dion Rikki' AIRFLOW_CTX_DAG_ID='skripsi' AIRFLOW_CTX_TASK_ID='wait_for_new_data' AIRFLOW_CTX_EXECUTION_DATE='2025-02-25T18:44:00+00:00' AIRFLOW_CTX_TRY_NUMBER='10' AIRFLOW_CTX_DAG_RUN_ID='scheduled__2025-02-25T18:44:00+00:00'
[2025-02-25T18:55:09.154+0000] {logging_mixin.py:190} INFO - Task instance is in running state
[2025-02-25T18:55:09.162+0000] {logging_mixin.py:190} INFO -  Previous state of the Task instance: queued
[2025-02-25T18:55:09.165+0000] {logging_mixin.py:190} INFO - Current task name:wait_for_new_data state:running start_date:2025-02-25 18:55:07.394821+00:00
[2025-02-25T18:55:09.173+0000] {logging_mixin.py:190} INFO - Dag name:skripsi and current dag run status:running
[2025-02-25T18:55:09.179+0000] {taskinstance.py:731} INFO - ::endgroup::
[2025-02-25T18:55:09.240+0000] {base.py:84} INFO - Retrieving connection 'mysql_default'
[2025-02-25T18:55:09.265+0000] {sql.py:101} INFO - Poking: SELECT COUNT(*) FROM tugas_akhir_sensordata WHERE timestamp >= NOW() - INTERVAL 5 MINUTE (with parameters None)
[2025-02-25T18:55:09.299+0000] {base.py:84} INFO - Retrieving connection 'mysql_default'
[2025-02-25T18:55:09.323+0000] {sql.py:553} INFO - Running statement: SELECT COUNT(*) FROM tugas_akhir_sensordata WHERE timestamp >= NOW() - INTERVAL 5 MINUTE, parameters: None
[2025-02-25T18:55:09.329+0000] {sql.py:562} INFO - Rows affected: 1
[2025-02-25T18:55:09.337+0000] {base.py:336} INFO - Success criteria met. Exiting.
[2025-02-25T18:55:09.385+0000] {taskinstance.py:340} INFO - ::group::Post task execution logs
[2025-02-25T18:55:09.391+0000] {taskinstance.py:352} INFO - Marking task as SUCCESS. dag_id=skripsi, task_id=wait_for_new_data, run_id=scheduled__2025-02-25T18:44:00+00:00, execution_date=20250225T184400, start_date=20250225T185507, end_date=20250225T185509
[2025-02-25T18:55:09.466+0000] {logging_mixin.py:190} INFO - Task instance in success state
[2025-02-25T18:55:09.469+0000] {logging_mixin.py:190} INFO -  Previous state of the Task instance: running
[2025-02-25T18:55:09.474+0000] {logging_mixin.py:190} INFO - Dag name:skripsi queued_at:2025-02-25 18:45:00.879577+00:00
[2025-02-25T18:55:09.479+0000] {logging_mixin.py:190} INFO - Task hostname:d22a487e6b55 operator:SqlSensor
[2025-02-25T18:55:09.549+0000] {local_task_job_runner.py:266} INFO - Task exited with return code 0
[2025-02-25T18:55:09.644+0000] {local_task_job_runner.py:245} INFO - ::endgroup::
