[2025-04-07T15:12:22.653+0000] {local_task_job_runner.py:123} INFO - ::group::Pre task execution logs
[2025-04-07T15:12:22.872+0000] {taskinstance.py:2613} INFO - Dependencies all met for dep_context=non-requeueable deps ti=<TaskInstance: skripsi_perbaikan.predict_and_store_result scheduled__2025-03-16T14:16:00+00:00 [queued]>
[2025-04-07T15:12:23.012+0000] {taskinstance.py:2613} INFO - Dependencies all met for dep_context=requeueable deps ti=<TaskInstance: skripsi_perbaikan.predict_and_store_result scheduled__2025-03-16T14:16:00+00:00 [queued]>
[2025-04-07T15:12:23.016+0000] {taskinstance.py:2866} INFO - Starting attempt 1 of 4
[2025-04-07T15:12:24.165+0000] {taskinstance.py:2889} INFO - Executing <Task(PythonOperator): predict_and_store_result> on 2025-03-16 14:16:00+00:00
[2025-04-07T15:12:24.245+0000] {logging_mixin.py:190} WARNING - /home/airflow/.local/lib/python3.12/site-packages/airflow/task/task_runner/standard_task_runner.py:70 DeprecationWarning: This process (pid=5548) is multi-threaded, use of fork() may lead to deadlocks in the child.
[2025-04-07T15:12:24.252+0000] {standard_task_runner.py:72} INFO - Started process 5714 to run task
[2025-04-07T15:12:24.358+0000] {standard_task_runner.py:104} INFO - Running: ['airflow', 'tasks', 'run', 'skripsi_perbaikan', 'predict_and_store_result', 'scheduled__2025-03-16T14:16:00+00:00', '--job-id', '2576', '--raw', '--subdir', 'DAGS_FOLDER/tugas_akhir.py', '--cfg-path', '/tmp/tmpl1kthnrh']
[2025-04-07T15:12:24.395+0000] {standard_task_runner.py:105} INFO - Job 2576: Subtask predict_and_store_result
[2025-04-07T15:12:25.154+0000] {task_command.py:467} INFO - Running <TaskInstance: skripsi_perbaikan.predict_and_store_result scheduled__2025-03-16T14:16:00+00:00 [running]> on host a9576c91091e
[2025-04-07T15:12:27.604+0000] {taskinstance.py:3132} INFO - Exporting env vars: AIRFLOW_CTX_DAG_OWNER='Dion Rikki' AIRFLOW_CTX_DAG_ID='skripsi_perbaikan' AIRFLOW_CTX_TASK_ID='predict_and_store_result' AIRFLOW_CTX_EXECUTION_DATE='2025-03-16T14:16:00+00:00' AIRFLOW_CTX_TRY_NUMBER='1' AIRFLOW_CTX_DAG_RUN_ID='scheduled__2025-03-16T14:16:00+00:00'
[2025-04-07T15:12:27.618+0000] {logging_mixin.py:190} INFO - Task instance is in running state
[2025-04-07T15:12:27.626+0000] {logging_mixin.py:190} INFO -  Previous state of the Task instance: queued
[2025-04-07T15:12:27.637+0000] {logging_mixin.py:190} INFO - Current task name:predict_and_store_result state:running start_date:2025-04-07 15:12:22.878911+00:00
[2025-04-07T15:12:27.647+0000] {logging_mixin.py:190} INFO - Dag name:skripsi_perbaikan and current dag run status:running
[2025-04-07T15:12:27.654+0000] {taskinstance.py:731} INFO - ::endgroup::
[2025-04-07T15:12:27.660+0000] {logging_mixin.py:190} INFO - 🔍 [2] Memproses data dan melakukan prediksi...
[2025-04-07T15:12:27.954+0000] {logging_mixin.py:190} INFO - ✅ Data siap diproses: 1 baris
    id  Temperature  Humidity  ...  nitrogen phosphorous potassium
0  356         26.2      85.0  ...     103.0       285.0     279.0

[1 rows x 9 columns]
[2025-04-07T15:12:27.958+0000] {logging_mixin.py:190} INFO - 📝 Menyesuaikan nama kolom dengan model training...
[2025-04-07T15:12:27.974+0000] {logging_mixin.py:190} INFO - 🔧 Melakukan encoding kategori Soil_Type dan Crop_Type...
[2025-04-07T15:12:28.017+0000] {logging_mixin.py:190} INFO - 🧠 Menyiapkan fitur untuk prediksi...
[2025-04-07T15:12:28.030+0000] {logging_mixin.py:190} INFO - 🤖 Menjalankan model prediksi...
[2025-04-07T15:12:28.230+0000] {logging_mixin.py:190} INFO - ✅ Prediksi selesai:
    id predicted_fertilizer
0  356                 Urea
[2025-04-07T15:12:28.239+0000] {logging_mixin.py:190} INFO - 💾 Menyimpan hasil ke tabel fertilizer_predictions...
[2025-04-07T15:12:28.648+0000] {logging_mixin.py:190} INFO - ❌ Error saat menyimpan ke database: (pymysql.err.IntegrityError) (1062, "Duplicate entry '356' for key 'fertilizer_predictions.sensor_data_id'")
[SQL: INSERT INTO fertilizer_predictions (sensor_data_id, predicted_fertilizer, created_at) VALUES (%(sensor_data_id)s, %(predicted_fertilizer)s, %(created_at)s)]
[parameters: {'sensor_data_id': 356, 'predicted_fertilizer': 'Urea', 'created_at': datetime.datetime(2025, 4, 7, 15, 12, 28, 271722)}]
(Background on this error at: https://sqlalche.me/e/14/gkpj)
[2025-04-07T15:12:28.650+0000] {python.py:240} INFO - Done. Returned value was: None
[2025-04-07T15:12:28.723+0000] {taskinstance.py:340} INFO - ::group::Post task execution logs
[2025-04-07T15:12:28.729+0000] {taskinstance.py:352} INFO - Marking task as SUCCESS. dag_id=skripsi_perbaikan, task_id=predict_and_store_result, run_id=scheduled__2025-03-16T14:16:00+00:00, execution_date=20250316T141600, start_date=20250407T151222, end_date=20250407T151228
[2025-04-07T15:12:28.825+0000] {logging_mixin.py:190} INFO - Task instance in success state
[2025-04-07T15:12:28.830+0000] {logging_mixin.py:190} INFO -  Previous state of the Task instance: running
[2025-04-07T15:12:28.833+0000] {logging_mixin.py:190} INFO - Dag name:skripsi_perbaikan queued_at:2025-04-07 14:47:44.288076+00:00
[2025-04-07T15:12:28.835+0000] {logging_mixin.py:190} INFO - Task hostname:a9576c91091e operator:PythonOperator
[2025-04-07T15:12:29.150+0000] {local_task_job_runner.py:266} INFO - Task exited with return code 0
[2025-04-07T15:12:29.279+0000] {local_task_job_runner.py:245} INFO - ::endgroup::
[2025-04-07T15:12:29.325+0000] {standard_task_runner.py:217} INFO - Process not found (most likely exited), stop collecting metrics
