[2025-03-16T15:21:46.904+0000] {local_task_job_runner.py:123} INFO - ::group::Pre task execution logs
[2025-03-16T15:21:46.954+0000] {taskinstance.py:2613} INFO - Dependencies all met for dep_context=non-requeueable deps ti=<TaskInstance: skripsi_perbaikan.wait_for_new_data scheduled__2025-03-16T15:14:00+00:00 [queued]>
[2025-03-16T15:21:47.000+0000] {taskinstance.py:2613} INFO - Dependencies all met for dep_context=requeueable deps ti=<TaskInstance: skripsi_perbaikan.wait_for_new_data scheduled__2025-03-16T15:14:00+00:00 [queued]>
[2025-03-16T15:21:47.002+0000] {taskinstance.py:2866} INFO - Starting attempt 6 of 4
[2025-03-16T15:21:47.080+0000] {taskinstance.py:2889} INFO - Executing <Task(SqlSensor): wait_for_new_data> on 2025-03-16 15:14:00+00:00
[2025-03-16T15:21:47.134+0000] {standard_task_runner.py:104} INFO - Running: ['airflow', 'tasks', 'run', 'skripsi_perbaikan', 'wait_for_new_data', 'scheduled__2025-03-16T15:14:00+00:00', '--job-id', '575', '--raw', '--subdir', 'DAGS_FOLDER/tugas_akhir.py', '--cfg-path', '/tmp/tmpf22nk_gm']
[2025-03-16T15:21:47.139+0000] {logging_mixin.py:190} WARNING - /home/airflow/.local/lib/python3.12/site-packages/airflow/task/task_runner/standard_task_runner.py:70 DeprecationWarning: This process (pid=73746) is multi-threaded, use of fork() may lead to deadlocks in the child.
[2025-03-16T15:21:47.143+0000] {standard_task_runner.py:105} INFO - Job 575: Subtask wait_for_new_data
[2025-03-16T15:21:47.145+0000] {standard_task_runner.py:72} INFO - Started process 73776 to run task
[2025-03-16T15:21:47.344+0000] {task_command.py:467} INFO - Running <TaskInstance: skripsi_perbaikan.wait_for_new_data scheduled__2025-03-16T15:14:00+00:00 [running]> on host 438c3ba1e399
[2025-03-16T15:21:47.779+0000] {taskinstance.py:3132} INFO - Exporting env vars: AIRFLOW_CTX_DAG_OWNER='Dion Rikki' AIRFLOW_CTX_DAG_ID='skripsi_perbaikan' AIRFLOW_CTX_TASK_ID='wait_for_new_data' AIRFLOW_CTX_EXECUTION_DATE='2025-03-16T15:14:00+00:00' AIRFLOW_CTX_TRY_NUMBER='6' AIRFLOW_CTX_DAG_RUN_ID='scheduled__2025-03-16T15:14:00+00:00'
[2025-03-16T15:21:47.796+0000] {logging_mixin.py:190} INFO - Task instance is in running state
[2025-03-16T15:21:47.799+0000] {logging_mixin.py:190} INFO -  Previous state of the Task instance: queued
[2025-03-16T15:21:47.810+0000] {logging_mixin.py:190} INFO - Current task name:wait_for_new_data state:running start_date:2025-03-16 15:21:46.956364+00:00
[2025-03-16T15:21:47.814+0000] {logging_mixin.py:190} INFO - Dag name:skripsi_perbaikan and current dag run status:running
[2025-03-16T15:21:47.822+0000] {taskinstance.py:731} INFO - ::endgroup::
[2025-03-16T15:21:47.896+0000] {base.py:84} INFO - Retrieving connection 'mysql_default'
[2025-03-16T15:21:47.925+0000] {sql.py:101} INFO - Poking: 
            SELECT COUNT(*) 
            FROM tugas_akhir_sensordata s
            WHERE s.timestamp >= NOW() - INTERVAL 5 MINUTE
            AND s.soil_type IS NOT NULL
            AND s.crop_type IS NOT NULL
            AND NOT EXISTS (
                SELECT 1 
                FROM fertilizer_predictions f
                WHERE f.sensor_data_id = s.id
            )
         (with parameters None)
[2025-03-16T15:21:47.960+0000] {base.py:84} INFO - Retrieving connection 'mysql_default'
[2025-03-16T15:21:47.995+0000] {sql.py:553} INFO - Running statement: 
            SELECT COUNT(*) 
            FROM tugas_akhir_sensordata s
            WHERE s.timestamp >= NOW() - INTERVAL 5 MINUTE
            AND s.soil_type IS NOT NULL
            AND s.crop_type IS NOT NULL
            AND NOT EXISTS (
                SELECT 1 
                FROM fertilizer_predictions f
                WHERE f.sensor_data_id = s.id
            )
        , parameters: None
[2025-03-16T15:21:48.011+0000] {sql.py:562} INFO - Rows affected: 1
[2025-03-16T15:21:48.029+0000] {base.py:336} INFO - Success criteria met. Exiting.
[2025-03-16T15:21:48.071+0000] {taskinstance.py:340} INFO - ::group::Post task execution logs
[2025-03-16T15:21:48.073+0000] {taskinstance.py:352} INFO - Marking task as SUCCESS. dag_id=skripsi_perbaikan, task_id=wait_for_new_data, run_id=scheduled__2025-03-16T15:14:00+00:00, execution_date=20250316T151400, start_date=20250316T152146, end_date=20250316T152148
[2025-03-16T15:21:48.111+0000] {logging_mixin.py:190} INFO - Task instance in success state
[2025-03-16T15:21:48.116+0000] {logging_mixin.py:190} INFO -  Previous state of the Task instance: running
[2025-03-16T15:21:48.118+0000] {logging_mixin.py:190} INFO - Dag name:skripsi_perbaikan queued_at:2025-03-16 15:16:01.040874+00:00
[2025-03-16T15:21:48.119+0000] {logging_mixin.py:190} INFO - Task hostname:438c3ba1e399 operator:SqlSensor
[2025-03-16T15:21:48.200+0000] {local_task_job_runner.py:266} INFO - Task exited with return code 0
[2025-03-16T15:21:48.319+0000] {taskinstance.py:3895} INFO - 1 downstream tasks scheduled from follow-on schedule check
[2025-03-16T15:21:48.335+0000] {local_task_job_runner.py:245} INFO - ::endgroup::
