[2025-02-27T15:08:51.578+0000] {local_task_job_runner.py:123} INFO - ::group::Pre task execution logs
[2025-02-27T15:08:51.712+0000] {taskinstance.py:2613} INFO - Dependencies all met for dep_context=non-requeueable deps ti=<TaskInstance: skripsi_akhir_perbaikan.get_data_from_db scheduled__2025-02-27T14:56:00+00:00 [queued]>
[2025-02-27T15:08:51.779+0000] {taskinstance.py:2613} INFO - Dependencies all met for dep_context=requeueable deps ti=<TaskInstance: skripsi_akhir_perbaikan.get_data_from_db scheduled__2025-02-27T14:56:00+00:00 [queued]>
[2025-02-27T15:08:51.784+0000] {taskinstance.py:2866} INFO - Starting attempt 1 of 6
[2025-02-27T15:08:51.889+0000] {taskinstance.py:2889} INFO - Executing <Task(PythonOperator): get_data_from_db> on 2025-02-27 14:56:00+00:00
[2025-02-27T15:08:52.001+0000] {standard_task_runner.py:104} INFO - Running: ['airflow', 'tasks', 'run', 'skripsi_akhir_perbaikan', 'get_data_from_db', 'scheduled__2025-02-27T14:56:00+00:00', '--job-id', '73', '--raw', '--subdir', 'DAGS_FOLDER/tugas_akhir.py', '--cfg-path', '/tmp/tmp087y_fbt']
[2025-02-27T15:08:52.015+0000] {standard_task_runner.py:105} INFO - Job 73: Subtask get_data_from_db
[2025-02-27T15:08:52.013+0000] {logging_mixin.py:190} WARNING - /home/airflow/.local/lib/python3.12/site-packages/airflow/task/task_runner/standard_task_runner.py:70 DeprecationWarning: This process (pid=63635) is multi-threaded, use of fork() may lead to deadlocks in the child.
[2025-02-27T15:08:52.050+0000] {standard_task_runner.py:72} INFO - Started process 63688 to run task
[2025-02-27T15:08:52.456+0000] {task_command.py:467} INFO - Running <TaskInstance: skripsi_akhir_perbaikan.get_data_from_db scheduled__2025-02-27T14:56:00+00:00 [running]> on host 75f595111fc8
[2025-02-27T15:08:52.977+0000] {taskinstance.py:3132} INFO - Exporting env vars: AIRFLOW_CTX_DAG_OWNER='Dion Rikki' AIRFLOW_CTX_DAG_ID='skripsi_akhir_perbaikan' AIRFLOW_CTX_TASK_ID='get_data_from_db' AIRFLOW_CTX_EXECUTION_DATE='2025-02-27T14:56:00+00:00' AIRFLOW_CTX_TRY_NUMBER='1' AIRFLOW_CTX_DAG_RUN_ID='scheduled__2025-02-27T14:56:00+00:00'
[2025-02-27T15:08:52.982+0000] {logging_mixin.py:190} INFO - Task instance is in running state
[2025-02-27T15:08:52.986+0000] {logging_mixin.py:190} INFO -  Previous state of the Task instance: queued
[2025-02-27T15:08:52.993+0000] {logging_mixin.py:190} INFO - Current task name:get_data_from_db state:running start_date:2025-02-27 15:08:51.714735+00:00
[2025-02-27T15:08:52.997+0000] {logging_mixin.py:190} INFO - Dag name:skripsi_akhir_perbaikan and current dag run status:running
[2025-02-27T15:08:53.004+0000] {taskinstance.py:731} INFO - ::endgroup::
[2025-02-27T15:08:53.013+0000] {logging_mixin.py:190} INFO - 🔍 [1] Menghubungkan ke database MySQL...
[2025-02-27T15:08:53.089+0000] {logging_mixin.py:190} INFO - 📊 Data yang diambil dari MySQL:
   Temperature  Humidity  Moisture_level
0         26.7      81.0               0
1         26.7      81.0               0
[2025-02-27T15:08:53.157+0000] {logging_mixin.py:190} INFO - ✅ Data berhasil disimpan ke XCom. Jumlah baris: 2
[2025-02-27T15:08:53.160+0000] {python.py:240} INFO - Done. Returned value was: None
[2025-02-27T15:08:53.247+0000] {taskinstance.py:340} INFO - ::group::Post task execution logs
[2025-02-27T15:08:53.250+0000] {taskinstance.py:352} INFO - Marking task as SUCCESS. dag_id=skripsi_akhir_perbaikan, task_id=get_data_from_db, run_id=scheduled__2025-02-27T14:56:00+00:00, execution_date=20250227T145600, start_date=20250227T150851, end_date=20250227T150853
[2025-02-27T15:08:53.340+0000] {logging_mixin.py:190} INFO - Task instance in success state
[2025-02-27T15:08:53.345+0000] {logging_mixin.py:190} INFO -  Previous state of the Task instance: running
[2025-02-27T15:08:53.361+0000] {logging_mixin.py:190} INFO - Dag name:skripsi_akhir_perbaikan queued_at:2025-02-27 14:58:00.502610+00:00
[2025-02-27T15:08:53.368+0000] {logging_mixin.py:190} INFO - Task hostname:75f595111fc8 operator:PythonOperator
[2025-02-27T15:08:53.464+0000] {local_task_job_runner.py:266} INFO - Task exited with return code 0
[2025-02-27T15:08:53.753+0000] {taskinstance.py:3895} INFO - 1 downstream tasks scheduled from follow-on schedule check
[2025-02-27T15:08:53.809+0000] {local_task_job_runner.py:245} INFO - ::endgroup::
