[2025-04-21T11:12:21.916+0000] {local_task_job_runner.py:123} INFO - ::group::Pre task execution logs
[2025-04-21T11:12:22.323+0000] {taskinstance.py:2613} INFO - Dependencies all met for dep_context=non-requeueable deps ti=<TaskInstance: perbaikan_skripsi.predict_and_store_result scheduled__2025-04-21T11:09:00+00:00 [queued]>
[2025-04-21T11:12:22.480+0000] {taskinstance.py:2613} INFO - Dependencies all met for dep_context=requeueable deps ti=<TaskInstance: perbaikan_skripsi.predict_and_store_result scheduled__2025-04-21T11:09:00+00:00 [queued]>
[2025-04-21T11:12:22.483+0000] {taskinstance.py:2866} INFO - Starting attempt 1 of 4
[2025-04-21T11:12:24.019+0000] {taskinstance.py:2889} INFO - Executing <Task(PythonOperator): predict_and_store_result> on 2025-04-21 11:09:00+00:00
[2025-04-21T11:12:24.204+0000] {standard_task_runner.py:104} INFO - Running: ['airflow', 'tasks', 'run', 'perbaikan_skripsi', 'predict_and_store_result', 'scheduled__2025-04-21T11:09:00+00:00', '--job-id', '9390', '--raw', '--subdir', 'DAGS_FOLDER/tugas_akhir.py', '--cfg-path', '/tmp/tmpilvhz94a']
[2025-04-21T11:12:24.228+0000] {standard_task_runner.py:105} INFO - Job 9390: Subtask predict_and_store_result
[2025-04-21T11:12:24.254+0000] {logging_mixin.py:190} WARNING - /home/airflow/.local/lib/python3.12/site-packages/airflow/task/task_runner/standard_task_runner.py:70 DeprecationWarning: This process (pid=7871) is multi-threaded, use of fork() may lead to deadlocks in the child.
[2025-04-21T11:12:24.269+0000] {standard_task_runner.py:72} INFO - Started process 8041 to run task
[2025-04-21T11:12:24.750+0000] {task_command.py:467} INFO - Running <TaskInstance: perbaikan_skripsi.predict_and_store_result scheduled__2025-04-21T11:09:00+00:00 [running]> on host a9576c91091e
[2025-04-21T11:12:26.755+0000] {taskinstance.py:3132} INFO - Exporting env vars: AIRFLOW_CTX_DAG_OWNER='Dion Rikki' AIRFLOW_CTX_DAG_ID='perbaikan_skripsi' AIRFLOW_CTX_TASK_ID='predict_and_store_result' AIRFLOW_CTX_EXECUTION_DATE='2025-04-21T11:09:00+00:00' AIRFLOW_CTX_TRY_NUMBER='1' AIRFLOW_CTX_DAG_RUN_ID='scheduled__2025-04-21T11:09:00+00:00'
[2025-04-21T11:12:26.772+0000] {logging_mixin.py:190} INFO - Task instance is in running state
[2025-04-21T11:12:26.796+0000] {logging_mixin.py:190} INFO -  Previous state of the Task instance: queued
[2025-04-21T11:12:26.808+0000] {logging_mixin.py:190} INFO - Current task name:predict_and_store_result state:running start_date:2025-04-21 11:12:22.337360+00:00
[2025-04-21T11:12:26.816+0000] {logging_mixin.py:190} INFO - Dag name:perbaikan_skripsi and current dag run status:running
[2025-04-21T11:12:26.836+0000] {taskinstance.py:731} INFO - ::endgroup::
[2025-04-21T11:12:26.844+0000] {logging_mixin.py:190} INFO - 🔍 [2] Memproses data dan melakukan prediksi...
[2025-04-21T11:12:27.532+0000] {logging_mixin.py:190} INFO - ✅ Data siap diproses: 1 baris
    id  Temperature  Humidity  ...  nitrogen phosphorous potassium
0  800         25.8      93.0  ...       0.0         0.0       0.0

[1 rows x 9 columns]
[2025-04-21T11:12:27.548+0000] {logging_mixin.py:190} INFO - 📝 Menyesuaikan nama kolom dengan model training...
[2025-04-21T11:12:27.556+0000] {logging_mixin.py:190} INFO - 🔧 Melakukan encoding kategori Soil_Type dan Crop_Type...
[2025-04-21T11:12:27.607+0000] {logging_mixin.py:190} INFO - 🧠 Menyiapkan fitur untuk prediksi...
[2025-04-21T11:12:27.622+0000] {logging_mixin.py:190} INFO - 🤖 Menjalankan model prediksi...
[2025-04-21T11:12:27.933+0000] {logging_mixin.py:190} INFO - ✅ Prediksi selesai:
    id predicted_fertilizer
0  800             10-10-10
[2025-04-21T11:12:27.955+0000] {logging_mixin.py:190} INFO - 💾 Menyimpan hasil ke tabel fertilizer_predictions...
[2025-04-21T11:12:28.229+0000] {logging_mixin.py:190} INFO - ✅ Hasil prediksi berhasil disimpan.
[2025-04-21T11:12:28.240+0000] {python.py:240} INFO - Done. Returned value was: None
[2025-04-21T11:12:28.374+0000] {taskinstance.py:340} INFO - ::group::Post task execution logs
[2025-04-21T11:12:28.380+0000] {taskinstance.py:352} INFO - Marking task as SUCCESS. dag_id=perbaikan_skripsi, task_id=predict_and_store_result, run_id=scheduled__2025-04-21T11:09:00+00:00, execution_date=20250421T110900, start_date=20250421T111222, end_date=20250421T111228
[2025-04-21T11:12:29.303+0000] {logging_mixin.py:190} INFO - Task instance in success state
[2025-04-21T11:12:29.307+0000] {logging_mixin.py:190} INFO -  Previous state of the Task instance: running
[2025-04-21T11:12:29.324+0000] {logging_mixin.py:190} INFO - Dag name:perbaikan_skripsi queued_at:2025-04-21 11:10:01.239293+00:00
[2025-04-21T11:12:29.331+0000] {logging_mixin.py:190} INFO - Task hostname:a9576c91091e operator:PythonOperator
[2025-04-21T11:12:29.639+0000] {local_task_job_runner.py:266} INFO - Task exited with return code 0
[2025-04-21T11:12:29.759+0000] {taskinstance.py:3895} INFO - 0 downstream tasks scheduled from follow-on schedule check
[2025-04-21T11:12:29.783+0000] {local_task_job_runner.py:245} INFO - ::endgroup::
