[2025-02-25T19:30:04.253+0000] {local_task_job_runner.py:123} INFO - ::group::Pre task execution logs
[2025-02-25T19:30:04.285+0000] {taskinstance.py:2613} INFO - Dependencies all met for dep_context=non-requeueable deps ti=<TaskInstance: skripsi.wait_for_new_data scheduled__2025-02-25T19:29:00+00:00 [queued]>
[2025-02-25T19:30:04.307+0000] {taskinstance.py:2613} INFO - Dependencies all met for dep_context=requeueable deps ti=<TaskInstance: skripsi.wait_for_new_data scheduled__2025-02-25T19:29:00+00:00 [queued]>
[2025-02-25T19:30:04.308+0000] {taskinstance.py:2866} INFO - Starting attempt 1 of 6
[2025-02-25T19:30:04.339+0000] {taskinstance.py:2889} INFO - Executing <Task(SqlSensor): wait_for_new_data> on 2025-02-25 19:29:00+00:00
[2025-02-25T19:30:04.361+0000] {logging_mixin.py:190} WARNING - /home/airflow/.local/lib/python3.12/site-packages/airflow/task/task_runner/standard_task_runner.py:70 DeprecationWarning: This process (pid=82063) is multi-threaded, use of fork() may lead to deadlocks in the child.
[2025-02-25T19:30:04.361+0000] {standard_task_runner.py:104} INFO - Running: ['airflow', 'tasks', 'run', 'skripsi', 'wait_for_new_data', 'scheduled__2025-02-25T19:29:00+00:00', '--job-id', '353', '--raw', '--subdir', 'DAGS_FOLDER/tugas_akhir.py', '--cfg-path', '/tmp/tmpvxl_52kc']
[2025-02-25T19:30:04.363+0000] {standard_task_runner.py:72} INFO - Started process 82092 to run task
[2025-02-25T19:30:04.364+0000] {standard_task_runner.py:105} INFO - Job 353: Subtask wait_for_new_data
[2025-02-25T19:30:04.443+0000] {task_command.py:467} INFO - Running <TaskInstance: skripsi.wait_for_new_data scheduled__2025-02-25T19:29:00+00:00 [running]> on host d22a487e6b55
[2025-02-25T19:30:04.601+0000] {taskinstance.py:3132} INFO - Exporting env vars: AIRFLOW_CTX_DAG_OWNER='Dion Rikki' AIRFLOW_CTX_DAG_ID='skripsi' AIRFLOW_CTX_TASK_ID='wait_for_new_data' AIRFLOW_CTX_EXECUTION_DATE='2025-02-25T19:29:00+00:00' AIRFLOW_CTX_TRY_NUMBER='1' AIRFLOW_CTX_DAG_RUN_ID='scheduled__2025-02-25T19:29:00+00:00'
[2025-02-25T19:30:04.605+0000] {logging_mixin.py:190} INFO - Task instance is in running state
[2025-02-25T19:30:04.606+0000] {logging_mixin.py:190} INFO -  Previous state of the Task instance: queued
[2025-02-25T19:30:04.607+0000] {logging_mixin.py:190} INFO - Current task name:wait_for_new_data state:running start_date:2025-02-25 19:30:04.286256+00:00
[2025-02-25T19:30:04.609+0000] {logging_mixin.py:190} INFO - Dag name:skripsi and current dag run status:running
[2025-02-25T19:30:04.610+0000] {taskinstance.py:731} INFO - ::endgroup::
[2025-02-25T19:30:04.634+0000] {base.py:84} INFO - Retrieving connection 'mysql_default'
[2025-02-25T19:30:04.640+0000] {sql.py:101} INFO - Poking: SELECT COUNT(*) FROM tugas_akhir_sensordata WHERE timestamp >= NOW() - INTERVAL 5 MINUTE (with parameters None)
[2025-02-25T19:30:04.648+0000] {base.py:84} INFO - Retrieving connection 'mysql_default'
[2025-02-25T19:30:04.658+0000] {sql.py:553} INFO - Running statement: SELECT COUNT(*) FROM tugas_akhir_sensordata WHERE timestamp >= NOW() - INTERVAL 5 MINUTE, parameters: None
[2025-02-25T19:30:04.660+0000] {sql.py:562} INFO - Rows affected: 1
[2025-02-25T19:30:04.662+0000] {base.py:336} INFO - Success criteria met. Exiting.
[2025-02-25T19:30:04.678+0000] {taskinstance.py:340} INFO - ::group::Post task execution logs
[2025-02-25T19:30:04.679+0000] {taskinstance.py:352} INFO - Marking task as SUCCESS. dag_id=skripsi, task_id=wait_for_new_data, run_id=scheduled__2025-02-25T19:29:00+00:00, execution_date=20250225T192900, start_date=20250225T193004, end_date=20250225T193004
[2025-02-25T19:30:04.699+0000] {logging_mixin.py:190} INFO - Task instance in success state
[2025-02-25T19:30:04.700+0000] {logging_mixin.py:190} INFO -  Previous state of the Task instance: running
[2025-02-25T19:30:04.701+0000] {logging_mixin.py:190} INFO - Dag name:skripsi queued_at:2025-02-25 19:30:00.873061+00:00
[2025-02-25T19:30:04.702+0000] {logging_mixin.py:190} INFO - Task hostname:d22a487e6b55 operator:SqlSensor
[2025-02-25T19:30:04.758+0000] {local_task_job_runner.py:266} INFO - Task exited with return code 0
[2025-02-25T19:30:04.809+0000] {taskinstance.py:3895} INFO - 1 downstream tasks scheduled from follow-on schedule check
[2025-02-25T19:30:04.818+0000] {local_task_job_runner.py:245} INFO - ::endgroup::
