[2025-04-22T06:55:36.756+0000] {local_task_job_runner.py:123} INFO - ::group::Pre task execution logs
[2025-04-22T06:55:36.799+0000] {taskinstance.py:2613} INFO - Dependencies all met for dep_context=non-requeueable deps ti=<TaskInstance: perbaikan_skripsi.wait_for_new_data scheduled__2025-04-22T06:49:00+00:00 [queued]>
[2025-04-22T06:55:36.828+0000] {taskinstance.py:2613} INFO - Dependencies all met for dep_context=requeueable deps ti=<TaskInstance: perbaikan_skripsi.wait_for_new_data scheduled__2025-04-22T06:49:00+00:00 [queued]>
[2025-04-22T06:55:36.829+0000] {taskinstance.py:2866} INFO - Starting attempt 6 of 4
[2025-04-22T06:55:36.885+0000] {taskinstance.py:2889} INFO - Executing <Task(SqlSensor): wait_for_new_data> on 2025-04-22 06:49:00+00:00
[2025-04-22T06:55:36.926+0000] {standard_task_runner.py:104} INFO - Running: ['airflow', 'tasks', 'run', 'perbaikan_skripsi', 'wait_for_new_data', 'scheduled__2025-04-22T06:49:00+00:00', '--job-id', '4493', '--raw', '--subdir', 'DAGS_FOLDER/tugas_akhir.py', '--cfg-path', '/tmp/tmptb81ou5z']
[2025-04-22T06:55:36.929+0000] {standard_task_runner.py:105} INFO - Job 4493: Subtask wait_for_new_data
[2025-04-22T06:55:36.926+0000] {logging_mixin.py:190} WARNING - /home/airflow/.local/lib/python3.12/site-packages/airflow/task/task_runner/standard_task_runner.py:70 DeprecationWarning: This process (pid=61663) is multi-threaded, use of fork() may lead to deadlocks in the child.
[2025-04-22T06:55:36.935+0000] {standard_task_runner.py:72} INFO - Started process 61713 to run task
[2025-04-22T06:55:37.119+0000] {task_command.py:467} INFO - Running <TaskInstance: perbaikan_skripsi.wait_for_new_data scheduled__2025-04-22T06:49:00+00:00 [running]> on host a38b69ba8f8a
[2025-04-22T06:55:37.494+0000] {taskinstance.py:3132} INFO - Exporting env vars: AIRFLOW_CTX_DAG_OWNER='Dion Rikki' AIRFLOW_CTX_DAG_ID='perbaikan_skripsi' AIRFLOW_CTX_TASK_ID='wait_for_new_data' AIRFLOW_CTX_EXECUTION_DATE='2025-04-22T06:49:00+00:00' AIRFLOW_CTX_TRY_NUMBER='6' AIRFLOW_CTX_DAG_RUN_ID='scheduled__2025-04-22T06:49:00+00:00'
[2025-04-22T06:55:37.497+0000] {logging_mixin.py:190} INFO - Task instance is in running state
[2025-04-22T06:55:37.498+0000] {logging_mixin.py:190} INFO -  Previous state of the Task instance: queued
[2025-04-22T06:55:37.499+0000] {logging_mixin.py:190} INFO - Current task name:wait_for_new_data state:running start_date:2025-04-22 06:55:36.800807+00:00
[2025-04-22T06:55:37.500+0000] {logging_mixin.py:190} INFO - Dag name:perbaikan_skripsi and current dag run status:running
[2025-04-22T06:55:37.502+0000] {taskinstance.py:731} INFO - ::endgroup::
[2025-04-22T06:55:37.541+0000] {base.py:84} INFO - Retrieving connection 'mysql_default'
[2025-04-22T06:55:37.550+0000] {sql.py:101} INFO - Poking: 
            SELECT COUNT(*) 
            FROM tugas_akhir_sensordata s
            WHERE s.timestamp >= NOW() - INTERVAL 3 MINUTE
            AND s.soil_type IS NOT NULL
            AND s.crop_type IS NOT NULL
            AND NOT EXISTS (
                SELECT 1 
                FROM fertilizer_predictions f
                WHERE f.sensor_data_id = s.id
            )
         (with parameters None)
[2025-04-22T06:55:37.580+0000] {base.py:84} INFO - Retrieving connection 'mysql_default'
[2025-04-22T06:55:37.602+0000] {sql.py:553} INFO - Running statement: 
            SELECT COUNT(*) 
            FROM tugas_akhir_sensordata s
            WHERE s.timestamp >= NOW() - INTERVAL 3 MINUTE
            AND s.soil_type IS NOT NULL
            AND s.crop_type IS NOT NULL
            AND NOT EXISTS (
                SELECT 1 
                FROM fertilizer_predictions f
                WHERE f.sensor_data_id = s.id
            )
        , parameters: None
[2025-04-22T06:55:37.608+0000] {sql.py:562} INFO - Rows affected: 1
[2025-04-22T06:55:37.610+0000] {base.py:336} INFO - Success criteria met. Exiting.
[2025-04-22T06:55:37.653+0000] {taskinstance.py:340} INFO - ::group::Post task execution logs
[2025-04-22T06:55:37.660+0000] {taskinstance.py:352} INFO - Marking task as SUCCESS. dag_id=perbaikan_skripsi, task_id=wait_for_new_data, run_id=scheduled__2025-04-22T06:49:00+00:00, execution_date=20250422T064900, start_date=20250422T065536, end_date=20250422T065537
[2025-04-22T06:55:37.734+0000] {logging_mixin.py:190} INFO - Task instance in success state
[2025-04-22T06:55:37.736+0000] {logging_mixin.py:190} INFO -  Previous state of the Task instance: running
[2025-04-22T06:55:37.742+0000] {logging_mixin.py:190} INFO - Dag name:perbaikan_skripsi queued_at:2025-04-22 06:50:00.977718+00:00
[2025-04-22T06:55:37.745+0000] {logging_mixin.py:190} INFO - Task hostname:a38b69ba8f8a operator:SqlSensor
[2025-04-22T06:55:37.805+0000] {local_task_job_runner.py:266} INFO - Task exited with return code 0
[2025-04-22T06:55:37.834+0000] {local_task_job_runner.py:245} INFO - ::endgroup::
