[2025-03-16T13:55:17.062+0000] {local_task_job_runner.py:123} INFO - ::group::Pre task execution logs
[2025-03-16T13:55:17.124+0000] {taskinstance.py:2613} INFO - Dependencies all met for dep_context=non-requeueable deps ti=<TaskInstance: skripsi_perbaikan.wait_for_new_data scheduled__2025-03-16T13:52:00+00:00 [queued]>
[2025-03-16T13:55:17.156+0000] {taskinstance.py:2613} INFO - Dependencies all met for dep_context=requeueable deps ti=<TaskInstance: skripsi_perbaikan.wait_for_new_data scheduled__2025-03-16T13:52:00+00:00 [queued]>
[2025-03-16T13:55:17.159+0000] {taskinstance.py:2866} INFO - Starting attempt 2 of 4
[2025-03-16T13:55:17.217+0000] {taskinstance.py:2889} INFO - Executing <Task(SqlSensor): wait_for_new_data> on 2025-03-16 13:52:00+00:00
[2025-03-16T13:55:17.247+0000] {standard_task_runner.py:104} INFO - Running: ['airflow', 'tasks', 'run', 'skripsi_perbaikan', 'wait_for_new_data', 'scheduled__2025-03-16T13:52:00+00:00', '--job-id', '229', '--raw', '--subdir', 'DAGS_FOLDER/tugas_akhir.py', '--cfg-path', '/tmp/tmpw5y03fha']
[2025-03-16T13:55:17.253+0000] {logging_mixin.py:190} WARNING - /home/airflow/.local/lib/python3.12/site-packages/airflow/task/task_runner/standard_task_runner.py:70 DeprecationWarning: This process (pid=23925) is multi-threaded, use of fork() may lead to deadlocks in the child.
[2025-03-16T13:55:17.255+0000] {standard_task_runner.py:105} INFO - Job 229: Subtask wait_for_new_data
[2025-03-16T13:55:17.256+0000] {standard_task_runner.py:72} INFO - Started process 23971 to run task
[2025-03-16T13:55:17.417+0000] {task_command.py:467} INFO - Running <TaskInstance: skripsi_perbaikan.wait_for_new_data scheduled__2025-03-16T13:52:00+00:00 [running]> on host 438c3ba1e399
[2025-03-16T13:55:17.876+0000] {taskinstance.py:3132} INFO - Exporting env vars: AIRFLOW_CTX_DAG_OWNER='Dion Rikki' AIRFLOW_CTX_DAG_ID='skripsi_perbaikan' AIRFLOW_CTX_TASK_ID='wait_for_new_data' AIRFLOW_CTX_EXECUTION_DATE='2025-03-16T13:52:00+00:00' AIRFLOW_CTX_TRY_NUMBER='2' AIRFLOW_CTX_DAG_RUN_ID='scheduled__2025-03-16T13:52:00+00:00'
[2025-03-16T13:55:17.886+0000] {logging_mixin.py:190} INFO - Task instance is in running state
[2025-03-16T13:55:17.889+0000] {logging_mixin.py:190} INFO -  Previous state of the Task instance: queued
[2025-03-16T13:55:17.892+0000] {logging_mixin.py:190} INFO - Current task name:wait_for_new_data state:running start_date:2025-03-16 13:55:17.125352+00:00
[2025-03-16T13:55:17.893+0000] {logging_mixin.py:190} INFO - Dag name:skripsi_perbaikan and current dag run status:running
[2025-03-16T13:55:17.894+0000] {taskinstance.py:731} INFO - ::endgroup::
[2025-03-16T13:55:17.947+0000] {base.py:84} INFO - Retrieving connection 'mysql_default'
[2025-03-16T13:55:17.957+0000] {sql.py:101} INFO - Poking: 
            SELECT COUNT(*) 
            FROM tugas_akhir_sensordata s
            WHERE s.timestamp >= NOW() - INTERVAL 5 MINUTE
            AND s.soil_type IS NOT NULL
            AND s.crop_type IS NOT NULL
            AND NOT EXISTS (
                SELECT 1 
                FROM fertilizer_predictions f
                WHERE f.sensor_data_id = s.id
            )
         (with parameters None)
[2025-03-16T13:55:17.974+0000] {base.py:84} INFO - Retrieving connection 'mysql_default'
[2025-03-16T13:55:17.987+0000] {sql.py:553} INFO - Running statement: 
            SELECT COUNT(*) 
            FROM tugas_akhir_sensordata s
            WHERE s.timestamp >= NOW() - INTERVAL 5 MINUTE
            AND s.soil_type IS NOT NULL
            AND s.crop_type IS NOT NULL
            AND NOT EXISTS (
                SELECT 1 
                FROM fertilizer_predictions f
                WHERE f.sensor_data_id = s.id
            )
        , parameters: None
[2025-03-16T13:55:17.990+0000] {sql.py:562} INFO - Rows affected: 1
[2025-03-16T13:55:18.065+0000] {taskinstance.py:309} INFO - Rescheduling task, marking task as UP_FOR_RESCHEDULE
[2025-03-16T13:55:18.066+0000] {taskinstance.py:340} INFO - ::group::Post task execution logs
[2025-03-16T13:55:18.110+0000] {local_task_job_runner.py:266} INFO - Task exited with return code 0
[2025-03-16T13:55:18.198+0000] {taskinstance.py:3895} INFO - 0 downstream tasks scheduled from follow-on schedule check
[2025-03-16T13:55:18.202+0000] {local_task_job_runner.py:245} INFO - ::endgroup::
