[2025-04-21T12:49:20.097+0000] {local_task_job_runner.py:123} INFO - ::group::Pre task execution logs
[2025-04-21T12:49:20.149+0000] {taskinstance.py:2613} INFO - Dependencies all met for dep_context=non-requeueable deps ti=<TaskInstance: perbaikan_skripsi.predict_and_store_result scheduled__2025-04-21T12:48:00+00:00 [queued]>
[2025-04-21T12:49:20.183+0000] {taskinstance.py:2613} INFO - Dependencies all met for dep_context=requeueable deps ti=<TaskInstance: perbaikan_skripsi.predict_and_store_result scheduled__2025-04-21T12:48:00+00:00 [queued]>
[2025-04-21T12:49:20.184+0000] {taskinstance.py:2866} INFO - Starting attempt 1 of 4
[2025-04-21T12:49:20.222+0000] {taskinstance.py:2889} INFO - Executing <Task(PythonOperator): predict_and_store_result> on 2025-04-21 12:48:00+00:00
[2025-04-21T12:49:20.248+0000] {logging_mixin.py:190} WARNING - /home/airflow/.local/lib/python3.12/site-packages/airflow/task/task_runner/standard_task_runner.py:70 DeprecationWarning: This process (pid=66966) is multi-threaded, use of fork() may lead to deadlocks in the child.
[2025-04-21T12:49:20.254+0000] {standard_task_runner.py:72} INFO - Started process 67004 to run task
[2025-04-21T12:49:20.254+0000] {standard_task_runner.py:104} INFO - Running: ['airflow', 'tasks', 'run', 'perbaikan_skripsi', 'predict_and_store_result', 'scheduled__2025-04-21T12:48:00+00:00', '--job-id', '10232', '--raw', '--subdir', 'DAGS_FOLDER/tugas_akhir.py', '--cfg-path', '/tmp/tmpy0tkpn87']
[2025-04-21T12:49:20.259+0000] {standard_task_runner.py:105} INFO - Job 10232: Subtask predict_and_store_result
[2025-04-21T12:49:20.380+0000] {task_command.py:467} INFO - Running <TaskInstance: perbaikan_skripsi.predict_and_store_result scheduled__2025-04-21T12:48:00+00:00 [running]> on host a9576c91091e
[2025-04-21T12:49:20.650+0000] {taskinstance.py:3132} INFO - Exporting env vars: AIRFLOW_CTX_DAG_OWNER='Dion Rikki' AIRFLOW_CTX_DAG_ID='perbaikan_skripsi' AIRFLOW_CTX_TASK_ID='predict_and_store_result' AIRFLOW_CTX_EXECUTION_DATE='2025-04-21T12:48:00+00:00' AIRFLOW_CTX_TRY_NUMBER='1' AIRFLOW_CTX_DAG_RUN_ID='scheduled__2025-04-21T12:48:00+00:00'
[2025-04-21T12:49:20.653+0000] {logging_mixin.py:190} INFO - Task instance is in running state
[2025-04-21T12:49:20.654+0000] {logging_mixin.py:190} INFO -  Previous state of the Task instance: queued
[2025-04-21T12:49:20.655+0000] {logging_mixin.py:190} INFO - Current task name:predict_and_store_result state:running start_date:2025-04-21 12:49:20.150276+00:00
[2025-04-21T12:49:20.656+0000] {logging_mixin.py:190} INFO - Dag name:perbaikan_skripsi and current dag run status:running
[2025-04-21T12:49:20.659+0000] {taskinstance.py:731} INFO - ::endgroup::
[2025-04-21T12:49:20.665+0000] {logging_mixin.py:190} INFO - 🔍 [2] Memproses data dan melakukan prediksi...
[2025-04-21T12:49:20.760+0000] {logging_mixin.py:190} INFO - ✅ Data siap diproses: 1 baris
    id  Temperature  Humidity  ...  nitrogen phosphorous potassium
0  869         25.8      85.0  ...       0.0         0.0       0.0

[1 rows x 9 columns]
[2025-04-21T12:49:20.761+0000] {logging_mixin.py:190} INFO - 📝 Menyesuaikan nama kolom dengan model training...
[2025-04-21T12:49:20.763+0000] {logging_mixin.py:190} INFO - 🔧 Melakukan encoding kategori Soil_Type dan Crop_Type...
[2025-04-21T12:49:20.770+0000] {logging_mixin.py:190} INFO - 🧠 Menyiapkan fitur untuk prediksi...
[2025-04-21T12:49:20.773+0000] {logging_mixin.py:190} INFO - 🤖 Menjalankan model prediksi...
[2025-04-21T12:49:20.803+0000] {logging_mixin.py:190} INFO - ✅ Prediksi selesai:
    id predicted_fertilizer
0  869                 Urea
[2025-04-21T12:49:20.804+0000] {logging_mixin.py:190} INFO - 💾 Menyimpan hasil ke tabel fertilizer_predictions...
[2025-04-21T12:49:20.855+0000] {logging_mixin.py:190} INFO - ✅ Hasil prediksi berhasil disimpan.
[2025-04-21T12:49:20.856+0000] {python.py:240} INFO - Done. Returned value was: None
[2025-04-21T12:49:20.885+0000] {taskinstance.py:340} INFO - ::group::Post task execution logs
[2025-04-21T12:49:20.888+0000] {taskinstance.py:352} INFO - Marking task as SUCCESS. dag_id=perbaikan_skripsi, task_id=predict_and_store_result, run_id=scheduled__2025-04-21T12:48:00+00:00, execution_date=20250421T124800, start_date=20250421T124920, end_date=20250421T124920
[2025-04-21T12:49:20.929+0000] {logging_mixin.py:190} INFO - Task instance in success state
[2025-04-21T12:49:20.930+0000] {logging_mixin.py:190} INFO -  Previous state of the Task instance: running
[2025-04-21T12:49:20.931+0000] {logging_mixin.py:190} INFO - Dag name:perbaikan_skripsi queued_at:2025-04-21 12:49:00.429658+00:00
[2025-04-21T12:49:20.932+0000] {logging_mixin.py:190} INFO - Task hostname:a9576c91091e operator:PythonOperator
[2025-04-21T12:49:20.980+0000] {local_task_job_runner.py:266} INFO - Task exited with return code 0
[2025-04-21T12:49:21.032+0000] {taskinstance.py:3895} INFO - 0 downstream tasks scheduled from follow-on schedule check
[2025-04-21T12:49:21.035+0000] {local_task_job_runner.py:245} INFO - ::endgroup::
