[2025-03-16T13:56:12.656+0000] {local_task_job_runner.py:123} INFO - ::group::Pre task execution logs
[2025-03-16T13:56:12.848+0000] {taskinstance.py:2613} INFO - Dependencies all met for dep_context=non-requeueable deps ti=<TaskInstance: skripsi_perbaikan.predict_and_store_result scheduled__2025-03-16T13:48:00+00:00 [queued]>
[2025-03-16T13:56:12.951+0000] {taskinstance.py:2613} INFO - Dependencies all met for dep_context=requeueable deps ti=<TaskInstance: skripsi_perbaikan.predict_and_store_result scheduled__2025-03-16T13:48:00+00:00 [queued]>
[2025-03-16T13:56:12.970+0000] {taskinstance.py:2866} INFO - Starting attempt 1 of 4
[2025-03-16T13:56:13.175+0000] {taskinstance.py:2889} INFO - Executing <Task(PythonOperator): predict_and_store_result> on 2025-03-16 13:48:00+00:00
[2025-03-16T13:56:13.250+0000] {logging_mixin.py:190} WARNING - /home/airflow/.local/lib/python3.12/site-packages/airflow/task/task_runner/standard_task_runner.py:70 DeprecationWarning: This process (pid=24380) is multi-threaded, use of fork() may lead to deadlocks in the child.
[2025-03-16T13:56:13.263+0000] {standard_task_runner.py:72} INFO - Started process 24486 to run task
[2025-03-16T13:56:13.266+0000] {standard_task_runner.py:104} INFO - Running: ['airflow', 'tasks', 'run', 'skripsi_perbaikan', 'predict_and_store_result', 'scheduled__2025-03-16T13:48:00+00:00', '--job-id', '235', '--raw', '--subdir', 'DAGS_FOLDER/tugas_akhir.py', '--cfg-path', '/tmp/tmpfdg_i8cq']
[2025-03-16T13:56:13.286+0000] {standard_task_runner.py:105} INFO - Job 235: Subtask predict_and_store_result
[2025-03-16T13:56:13.562+0000] {task_command.py:467} INFO - Running <TaskInstance: skripsi_perbaikan.predict_and_store_result scheduled__2025-03-16T13:48:00+00:00 [running]> on host 438c3ba1e399
[2025-03-16T13:56:14.154+0000] {taskinstance.py:3132} INFO - Exporting env vars: AIRFLOW_CTX_DAG_OWNER='Dion Rikki' AIRFLOW_CTX_DAG_ID='skripsi_perbaikan' AIRFLOW_CTX_TASK_ID='predict_and_store_result' AIRFLOW_CTX_EXECUTION_DATE='2025-03-16T13:48:00+00:00' AIRFLOW_CTX_TRY_NUMBER='1' AIRFLOW_CTX_DAG_RUN_ID='scheduled__2025-03-16T13:48:00+00:00'
[2025-03-16T13:56:14.167+0000] {logging_mixin.py:190} INFO - Task instance is in running state
[2025-03-16T13:56:14.171+0000] {logging_mixin.py:190} INFO -  Previous state of the Task instance: queued
[2025-03-16T13:56:14.175+0000] {logging_mixin.py:190} INFO - Current task name:predict_and_store_result state:running start_date:2025-03-16 13:56:12.855966+00:00
[2025-03-16T13:56:14.179+0000] {logging_mixin.py:190} INFO - Dag name:skripsi_perbaikan and current dag run status:running
[2025-03-16T13:56:14.183+0000] {taskinstance.py:731} INFO - ::endgroup::
[2025-03-16T13:56:14.191+0000] {logging_mixin.py:190} INFO - 🔍 [2] Memproses data dan melakukan prediksi...
[2025-03-16T13:56:14.404+0000] {logging_mixin.py:190} INFO - ✅ Data siap diproses: 1 baris
   id  Temperature  Humidity  ...  nitrogen phosphorous potassium
0  34         24.8      87.0  ...       0.0         0.0       0.0

[1 rows x 9 columns]
[2025-03-16T13:56:14.405+0000] {logging_mixin.py:190} INFO - 📝 Menyesuaikan nama kolom dengan model training...
[2025-03-16T13:56:14.413+0000] {logging_mixin.py:190} INFO - 🔧 Melakukan encoding kategori Soil_Type dan Crop_Type...
[2025-03-16T13:56:14.436+0000] {logging_mixin.py:190} INFO - 🧠 Menyiapkan fitur untuk prediksi...
[2025-03-16T13:56:14.444+0000] {logging_mixin.py:190} INFO - 🤖 Menjalankan model prediksi...
[2025-03-16T13:56:14.551+0000] {logging_mixin.py:190} INFO - ✅ Prediksi selesai:
   id predicted_fertilizer
0  34                20-20
[2025-03-16T13:56:14.559+0000] {logging_mixin.py:190} INFO - 💾 Menyimpan hasil ke tabel fertilizer_predictions...
[2025-03-16T13:56:14.860+0000] {logging_mixin.py:190} INFO - ✅ Hasil prediksi berhasil disimpan.
[2025-03-16T13:56:14.862+0000] {python.py:240} INFO - Done. Returned value was: None
[2025-03-16T13:56:14.975+0000] {taskinstance.py:340} INFO - ::group::Post task execution logs
[2025-03-16T13:56:14.978+0000] {taskinstance.py:352} INFO - Marking task as SUCCESS. dag_id=skripsi_perbaikan, task_id=predict_and_store_result, run_id=scheduled__2025-03-16T13:48:00+00:00, execution_date=20250316T134800, start_date=20250316T135612, end_date=20250316T135614
[2025-03-16T13:56:15.080+0000] {logging_mixin.py:190} INFO - Task instance in success state
[2025-03-16T13:56:15.086+0000] {logging_mixin.py:190} INFO -  Previous state of the Task instance: running
[2025-03-16T13:56:15.091+0000] {logging_mixin.py:190} INFO - Dag name:skripsi_perbaikan queued_at:2025-03-16 13:50:00.183446+00:00
[2025-03-16T13:56:15.096+0000] {logging_mixin.py:190} INFO - Task hostname:438c3ba1e399 operator:PythonOperator
[2025-03-16T13:56:15.217+0000] {local_task_job_runner.py:266} INFO - Task exited with return code 0
[2025-03-16T13:56:15.279+0000] {local_task_job_runner.py:245} INFO - ::endgroup::
