[2025-04-08T05:32:17.151+0000] {local_task_job_runner.py:123} INFO - ::group::Pre task execution logs
[2025-04-08T05:32:17.179+0000] {taskinstance.py:2613} INFO - Dependencies all met for dep_context=non-requeueable deps ti=<TaskInstance: perbaikan_skripsi.predict_and_store_result scheduled__2025-04-08T05:30:00+00:00 [queued]>
[2025-04-08T05:32:17.196+0000] {taskinstance.py:2613} INFO - Dependencies all met for dep_context=requeueable deps ti=<TaskInstance: perbaikan_skripsi.predict_and_store_result scheduled__2025-04-08T05:30:00+00:00 [queued]>
[2025-04-08T05:32:17.197+0000] {taskinstance.py:2866} INFO - Starting attempt 1 of 4
[2025-04-08T05:32:17.225+0000] {taskinstance.py:2889} INFO - Executing <Task(PythonOperator): predict_and_store_result> on 2025-04-08 05:30:00+00:00
[2025-04-08T05:32:17.247+0000] {standard_task_runner.py:104} INFO - Running: ['airflow', 'tasks', 'run', 'perbaikan_skripsi', 'predict_and_store_result', 'scheduled__2025-04-08T05:30:00+00:00', '--job-id', '3754', '--raw', '--subdir', 'DAGS_FOLDER/tugas_akhir.py', '--cfg-path', '/tmp/tmp6rvttpbi']
[2025-04-08T05:32:17.252+0000] {standard_task_runner.py:105} INFO - Job 3754: Subtask predict_and_store_result
[2025-04-08T05:32:17.249+0000] {logging_mixin.py:190} WARNING - /home/airflow/.local/lib/python3.12/site-packages/airflow/task/task_runner/standard_task_runner.py:70 DeprecationWarning: This process (pid=35822) is multi-threaded, use of fork() may lead to deadlocks in the child.
[2025-04-08T05:32:17.256+0000] {standard_task_runner.py:72} INFO - Started process 35841 to run task
[2025-04-08T05:32:17.349+0000] {task_command.py:467} INFO - Running <TaskInstance: perbaikan_skripsi.predict_and_store_result scheduled__2025-04-08T05:30:00+00:00 [running]> on host a9576c91091e
[2025-04-08T05:32:17.525+0000] {taskinstance.py:3132} INFO - Exporting env vars: AIRFLOW_CTX_DAG_OWNER='Dion Rikki' AIRFLOW_CTX_DAG_ID='perbaikan_skripsi' AIRFLOW_CTX_TASK_ID='predict_and_store_result' AIRFLOW_CTX_EXECUTION_DATE='2025-04-08T05:30:00+00:00' AIRFLOW_CTX_TRY_NUMBER='1' AIRFLOW_CTX_DAG_RUN_ID='scheduled__2025-04-08T05:30:00+00:00'
[2025-04-08T05:32:17.528+0000] {logging_mixin.py:190} INFO - Task instance is in running state
[2025-04-08T05:32:17.528+0000] {logging_mixin.py:190} INFO -  Previous state of the Task instance: queued
[2025-04-08T05:32:17.529+0000] {logging_mixin.py:190} INFO - Current task name:predict_and_store_result state:running start_date:2025-04-08 05:32:17.179971+00:00
[2025-04-08T05:32:17.530+0000] {logging_mixin.py:190} INFO - Dag name:perbaikan_skripsi and current dag run status:running
[2025-04-08T05:32:17.531+0000] {taskinstance.py:731} INFO - ::endgroup::
[2025-04-08T05:32:17.532+0000] {logging_mixin.py:190} INFO - 🔍 [2] Memproses data dan melakukan prediksi...
[2025-04-08T05:32:17.593+0000] {logging_mixin.py:190} INFO - ✅ Data siap diproses: 2 baris
    id  Temperature  Humidity  ...  nitrogen phosphorous potassium
0  698         29.8      50.0  ...      14.0        45.0      37.0
1  699         29.3      50.0  ...       0.0        45.0      37.0

[2 rows x 9 columns]
[2025-04-08T05:32:17.594+0000] {logging_mixin.py:190} INFO - 📝 Menyesuaikan nama kolom dengan model training...
[2025-04-08T05:32:17.596+0000] {logging_mixin.py:190} INFO - 🔧 Melakukan encoding kategori Soil_Type dan Crop_Type...
[2025-04-08T05:32:17.602+0000] {logging_mixin.py:190} INFO - 🧠 Menyiapkan fitur untuk prediksi...
[2025-04-08T05:32:17.605+0000] {logging_mixin.py:190} INFO - 🤖 Menjalankan model prediksi...
[2025-04-08T05:32:17.631+0000] {logging_mixin.py:190} INFO - ✅ Prediksi selesai:
    id predicted_fertilizer
0  698       Superphosphate
1  699       Superphosphate
[2025-04-08T05:32:17.632+0000] {logging_mixin.py:190} INFO - 💾 Menyimpan hasil ke tabel fertilizer_predictions...
[2025-04-08T05:32:17.676+0000] {logging_mixin.py:190} INFO - ✅ Hasil prediksi berhasil disimpan.
[2025-04-08T05:32:17.678+0000] {python.py:240} INFO - Done. Returned value was: None
[2025-04-08T05:32:17.695+0000] {taskinstance.py:340} INFO - ::group::Post task execution logs
[2025-04-08T05:32:17.696+0000] {taskinstance.py:352} INFO - Marking task as SUCCESS. dag_id=perbaikan_skripsi, task_id=predict_and_store_result, run_id=scheduled__2025-04-08T05:30:00+00:00, execution_date=20250408T053000, start_date=20250408T053217, end_date=20250408T053217
[2025-04-08T05:32:17.721+0000] {logging_mixin.py:190} INFO - Task instance in success state
[2025-04-08T05:32:17.722+0000] {logging_mixin.py:190} INFO -  Previous state of the Task instance: running
[2025-04-08T05:32:17.723+0000] {logging_mixin.py:190} INFO - Dag name:perbaikan_skripsi queued_at:2025-04-08 05:32:00.475515+00:00
[2025-04-08T05:32:17.724+0000] {logging_mixin.py:190} INFO - Task hostname:a9576c91091e operator:PythonOperator
[2025-04-08T05:32:17.771+0000] {local_task_job_runner.py:266} INFO - Task exited with return code 0
[2025-04-08T05:32:17.801+0000] {taskinstance.py:3895} INFO - 0 downstream tasks scheduled from follow-on schedule check
[2025-04-08T05:32:17.803+0000] {local_task_job_runner.py:245} INFO - ::endgroup::
