[2025-03-02T17:22:26.157+0000] {local_task_job_runner.py:123} INFO - ::group::Pre task execution logs
[2025-03-02T17:22:26.200+0000] {taskinstance.py:2613} INFO - Dependencies all met for dep_context=non-requeueable deps ti=<TaskInstance: skripsi_2.wait_for_new_data scheduled__2025-03-02T17:16:00+00:00 [queued]>
[2025-03-02T17:22:26.237+0000] {taskinstance.py:2613} INFO - Dependencies all met for dep_context=requeueable deps ti=<TaskInstance: skripsi_2.wait_for_new_data scheduled__2025-03-02T17:16:00+00:00 [queued]>
[2025-03-02T17:22:26.239+0000] {taskinstance.py:2866} INFO - Starting attempt 5 of 6
[2025-03-02T17:22:26.287+0000] {taskinstance.py:2889} INFO - Executing <Task(SqlSensor): wait_for_new_data> on 2025-03-02 17:16:00+00:00
[2025-03-02T17:22:26.316+0000] {logging_mixin.py:190} WARNING - /home/airflow/.local/lib/python3.12/site-packages/airflow/task/task_runner/standard_task_runner.py:70 DeprecationWarning: This process (pid=94468) is multi-threaded, use of fork() may lead to deadlocks in the child.
[2025-03-02T17:22:26.320+0000] {standard_task_runner.py:72} INFO - Started process 94537 to run task
[2025-03-02T17:22:26.322+0000] {standard_task_runner.py:104} INFO - Running: ['airflow', 'tasks', 'run', 'skripsi_2', 'wait_for_new_data', 'scheduled__2025-03-02T17:16:00+00:00', '--job-id', '19400', '--raw', '--subdir', 'DAGS_FOLDER/tugas_akhir.py', '--cfg-path', '/tmp/tmp2unwgdtg']
[2025-03-02T17:22:26.328+0000] {standard_task_runner.py:105} INFO - Job 19400: Subtask wait_for_new_data
[2025-03-02T17:22:26.461+0000] {task_command.py:467} INFO - Running <TaskInstance: skripsi_2.wait_for_new_data scheduled__2025-03-02T17:16:00+00:00 [running]> on host ef7692401a0a
[2025-03-02T17:22:26.696+0000] {taskinstance.py:3132} INFO - Exporting env vars: AIRFLOW_CTX_DAG_OWNER='Dion Rikki' AIRFLOW_CTX_DAG_ID='skripsi_2' AIRFLOW_CTX_TASK_ID='wait_for_new_data' AIRFLOW_CTX_EXECUTION_DATE='2025-03-02T17:16:00+00:00' AIRFLOW_CTX_TRY_NUMBER='5' AIRFLOW_CTX_DAG_RUN_ID='scheduled__2025-03-02T17:16:00+00:00'
[2025-03-02T17:22:26.701+0000] {logging_mixin.py:190} INFO - Task instance is in running state
[2025-03-02T17:22:26.703+0000] {logging_mixin.py:190} INFO -  Previous state of the Task instance: queued
[2025-03-02T17:22:26.704+0000] {logging_mixin.py:190} INFO - Current task name:wait_for_new_data state:running start_date:2025-03-02 17:22:26.202325+00:00
[2025-03-02T17:22:26.706+0000] {logging_mixin.py:190} INFO - Dag name:skripsi_2 and current dag run status:running
[2025-03-02T17:22:26.708+0000] {taskinstance.py:731} INFO - ::endgroup::
[2025-03-02T17:22:26.740+0000] {base.py:84} INFO - Retrieving connection 'mysql_default'
[2025-03-02T17:22:26.746+0000] {sql.py:101} INFO - Poking: 
            SELECT COUNT(*) 
            FROM tugas_akhir_sensordata s
            WHERE s.timestamp >= NOW() - INTERVAL 5 MINUTE
            AND NOT EXISTS (
                SELECT 1 
                FROM fertilizer_predictions f
                WHERE f.id = s.id
            )
         (with parameters None)
[2025-03-02T17:22:26.755+0000] {base.py:84} INFO - Retrieving connection 'mysql_default'
[2025-03-02T17:22:26.763+0000] {sql.py:553} INFO - Running statement: 
            SELECT COUNT(*) 
            FROM tugas_akhir_sensordata s
            WHERE s.timestamp >= NOW() - INTERVAL 5 MINUTE
            AND NOT EXISTS (
                SELECT 1 
                FROM fertilizer_predictions f
                WHERE f.id = s.id
            )
        , parameters: None
[2025-03-02T17:22:26.765+0000] {sql.py:562} INFO - Rows affected: 1
[2025-03-02T17:22:26.803+0000] {taskinstance.py:309} INFO - Rescheduling task, marking task as UP_FOR_RESCHEDULE
[2025-03-02T17:22:26.804+0000] {taskinstance.py:340} INFO - ::group::Post task execution logs
[2025-03-02T17:22:26.836+0000] {local_task_job_runner.py:266} INFO - Task exited with return code 0
[2025-03-02T17:22:26.883+0000] {taskinstance.py:3895} INFO - 0 downstream tasks scheduled from follow-on schedule check
[2025-03-02T17:22:26.886+0000] {local_task_job_runner.py:245} INFO - ::endgroup::
