[2025-02-27T15:12:13.174+0000] {local_task_job_runner.py:123} INFO - ::group::Pre task execution logs
[2025-02-27T15:12:13.221+0000] {taskinstance.py:2613} INFO - Dependencies all met for dep_context=non-requeueable deps ti=<TaskInstance: skripsi_akhir_perbaikan.get_data_from_db scheduled__2025-02-27T15:10:00+00:00 [queued]>
[2025-02-27T15:12:13.252+0000] {taskinstance.py:2613} INFO - Dependencies all met for dep_context=requeueable deps ti=<TaskInstance: skripsi_akhir_perbaikan.get_data_from_db scheduled__2025-02-27T15:10:00+00:00 [queued]>
[2025-02-27T15:12:13.253+0000] {taskinstance.py:2866} INFO - Starting attempt 1 of 6
[2025-02-27T15:12:13.294+0000] {taskinstance.py:2889} INFO - Executing <Task(PythonOperator): get_data_from_db> on 2025-02-27 15:10:00+00:00
[2025-02-27T15:12:13.319+0000] {logging_mixin.py:190} WARNING - /home/airflow/.local/lib/python3.12/site-packages/airflow/task/task_runner/standard_task_runner.py:70 DeprecationWarning: This process (pid=65580) is multi-threaded, use of fork() may lead to deadlocks in the child.
[2025-02-27T15:12:13.319+0000] {standard_task_runner.py:104} INFO - Running: ['airflow', 'tasks', 'run', 'skripsi_akhir_perbaikan', 'get_data_from_db', 'scheduled__2025-02-27T15:10:00+00:00', '--job-id', '82', '--raw', '--subdir', 'DAGS_FOLDER/tugas_akhir.py', '--cfg-path', '/tmp/tmp2fwj7lf9']
[2025-02-27T15:12:13.322+0000] {standard_task_runner.py:72} INFO - Started process 65664 to run task
[2025-02-27T15:12:13.322+0000] {standard_task_runner.py:105} INFO - Job 82: Subtask get_data_from_db
[2025-02-27T15:12:13.427+0000] {task_command.py:467} INFO - Running <TaskInstance: skripsi_akhir_perbaikan.get_data_from_db scheduled__2025-02-27T15:10:00+00:00 [running]> on host 75f595111fc8
[2025-02-27T15:12:13.631+0000] {taskinstance.py:3132} INFO - Exporting env vars: AIRFLOW_CTX_DAG_OWNER='Dion Rikki' AIRFLOW_CTX_DAG_ID='skripsi_akhir_perbaikan' AIRFLOW_CTX_TASK_ID='get_data_from_db' AIRFLOW_CTX_EXECUTION_DATE='2025-02-27T15:10:00+00:00' AIRFLOW_CTX_TRY_NUMBER='1' AIRFLOW_CTX_DAG_RUN_ID='scheduled__2025-02-27T15:10:00+00:00'
[2025-02-27T15:12:13.634+0000] {logging_mixin.py:190} INFO - Task instance is in running state
[2025-02-27T15:12:13.635+0000] {logging_mixin.py:190} INFO -  Previous state of the Task instance: queued
[2025-02-27T15:12:13.637+0000] {logging_mixin.py:190} INFO - Current task name:get_data_from_db state:running start_date:2025-02-27 15:12:13.222519+00:00
[2025-02-27T15:12:13.639+0000] {logging_mixin.py:190} INFO - Dag name:skripsi_akhir_perbaikan and current dag run status:running
[2025-02-27T15:12:13.640+0000] {taskinstance.py:731} INFO - ::endgroup::
[2025-02-27T15:12:13.645+0000] {logging_mixin.py:190} INFO - 🔍 [1] Menghubungkan ke database MySQL...
[2025-02-27T15:12:13.700+0000] {logging_mixin.py:190} INFO - 📊 Data yang diambil dari MySQL:
   Temperature  Humidity  Moisture_level
0         26.7      81.0               0
1         26.7      81.0               0
2         26.7      82.0               0
[2025-02-27T15:12:13.727+0000] {logging_mixin.py:190} INFO - ✅ Data berhasil disimpan ke XCom. Jumlah baris: 3
[2025-02-27T15:12:13.728+0000] {python.py:240} INFO - Done. Returned value was: None
[2025-02-27T15:12:13.746+0000] {taskinstance.py:340} INFO - ::group::Post task execution logs
[2025-02-27T15:12:13.748+0000] {taskinstance.py:352} INFO - Marking task as SUCCESS. dag_id=skripsi_akhir_perbaikan, task_id=get_data_from_db, run_id=scheduled__2025-02-27T15:10:00+00:00, execution_date=20250227T151000, start_date=20250227T151213, end_date=20250227T151213
[2025-02-27T15:12:13.775+0000] {logging_mixin.py:190} INFO - Task instance in success state
[2025-02-27T15:12:13.776+0000] {logging_mixin.py:190} INFO -  Previous state of the Task instance: running
[2025-02-27T15:12:13.777+0000] {logging_mixin.py:190} INFO - Dag name:skripsi_akhir_perbaikan queued_at:2025-02-27 15:12:00.032588+00:00
[2025-02-27T15:12:13.780+0000] {logging_mixin.py:190} INFO - Task hostname:75f595111fc8 operator:PythonOperator
[2025-02-27T15:12:13.800+0000] {local_task_job_runner.py:266} INFO - Task exited with return code 0
[2025-02-27T15:12:13.841+0000] {taskinstance.py:3895} INFO - 1 downstream tasks scheduled from follow-on schedule check
[2025-02-27T15:12:13.851+0000] {local_task_job_runner.py:245} INFO - ::endgroup::
