[2025-03-02T05:20:04.180+0000] {local_task_job_runner.py:123} INFO - ::group::Pre task execution logs
[2025-03-02T05:20:04.232+0000] {taskinstance.py:2613} INFO - Dependencies all met for dep_context=non-requeueable deps ti=<TaskInstance: skripsi_2.wait_for_new_data scheduled__2025-03-02T05:18:00+00:00 [queued]>
[2025-03-02T05:20:04.256+0000] {taskinstance.py:2613} INFO - Dependencies all met for dep_context=requeueable deps ti=<TaskInstance: skripsi_2.wait_for_new_data scheduled__2025-03-02T05:18:00+00:00 [queued]>
[2025-03-02T05:20:04.257+0000] {taskinstance.py:2866} INFO - Starting attempt 1 of 6
[2025-03-02T05:20:04.301+0000] {taskinstance.py:2889} INFO - Executing <Task(SqlSensor): wait_for_new_data> on 2025-03-02 05:18:00+00:00
[2025-03-02T05:20:04.326+0000] {standard_task_runner.py:104} INFO - Running: ['airflow', 'tasks', 'run', 'skripsi_2', 'wait_for_new_data', 'scheduled__2025-03-02T05:18:00+00:00', '--job-id', '14768', '--raw', '--subdir', 'DAGS_FOLDER/tugas_akhir.py', '--cfg-path', '/tmp/tmpq8bsizrs']
[2025-03-02T05:20:04.329+0000] {standard_task_runner.py:105} INFO - Job 14768: Subtask wait_for_new_data
[2025-03-02T05:20:04.326+0000] {logging_mixin.py:190} WARNING - /home/airflow/.local/lib/python3.12/site-packages/airflow/task/task_runner/standard_task_runner.py:70 DeprecationWarning: This process (pid=56213) is multi-threaded, use of fork() may lead to deadlocks in the child.
[2025-03-02T05:20:04.332+0000] {standard_task_runner.py:72} INFO - Started process 56230 to run task
[2025-03-02T05:20:04.439+0000] {task_command.py:467} INFO - Running <TaskInstance: skripsi_2.wait_for_new_data scheduled__2025-03-02T05:18:00+00:00 [running]> on host ef7692401a0a
[2025-03-02T05:20:04.635+0000] {taskinstance.py:3132} INFO - Exporting env vars: AIRFLOW_CTX_DAG_OWNER='Dion Rikki' AIRFLOW_CTX_DAG_ID='skripsi_2' AIRFLOW_CTX_TASK_ID='wait_for_new_data' AIRFLOW_CTX_EXECUTION_DATE='2025-03-02T05:18:00+00:00' AIRFLOW_CTX_TRY_NUMBER='1' AIRFLOW_CTX_DAG_RUN_ID='scheduled__2025-03-02T05:18:00+00:00'
[2025-03-02T05:20:04.639+0000] {logging_mixin.py:190} INFO - Task instance is in running state
[2025-03-02T05:20:04.640+0000] {logging_mixin.py:190} INFO -  Previous state of the Task instance: queued
[2025-03-02T05:20:04.642+0000] {logging_mixin.py:190} INFO - Current task name:wait_for_new_data state:running start_date:2025-03-02 05:20:04.234678+00:00
[2025-03-02T05:20:04.643+0000] {logging_mixin.py:190} INFO - Dag name:skripsi_2 and current dag run status:running
[2025-03-02T05:20:04.645+0000] {taskinstance.py:731} INFO - ::endgroup::
[2025-03-02T05:20:04.671+0000] {base.py:84} INFO - Retrieving connection 'mysql_default'
[2025-03-02T05:20:04.677+0000] {sql.py:101} INFO - Poking: 
            SELECT COUNT(*) 
            FROM tugas_akhir_sensordata s
            WHERE s.timestamp >= NOW() - INTERVAL 5 MINUTE
            AND NOT EXISTS (
                SELECT 1 
                FROM fertilizer_predictions f
                WHERE f.id = s.id
            )
         (with parameters None)
[2025-03-02T05:20:04.686+0000] {base.py:84} INFO - Retrieving connection 'mysql_default'
[2025-03-02T05:20:04.694+0000] {sql.py:553} INFO - Running statement: 
            SELECT COUNT(*) 
            FROM tugas_akhir_sensordata s
            WHERE s.timestamp >= NOW() - INTERVAL 5 MINUTE
            AND NOT EXISTS (
                SELECT 1 
                FROM fertilizer_predictions f
                WHERE f.id = s.id
            )
        , parameters: None
[2025-03-02T05:20:04.696+0000] {sql.py:562} INFO - Rows affected: 1
[2025-03-02T05:20:04.731+0000] {taskinstance.py:309} INFO - Rescheduling task, marking task as UP_FOR_RESCHEDULE
[2025-03-02T05:20:04.732+0000] {taskinstance.py:340} INFO - ::group::Post task execution logs
[2025-03-02T05:20:04.767+0000] {local_task_job_runner.py:266} INFO - Task exited with return code 0
[2025-03-02T05:20:04.821+0000] {taskinstance.py:3895} INFO - 0 downstream tasks scheduled from follow-on schedule check
[2025-03-02T05:20:04.824+0000] {local_task_job_runner.py:245} INFO - ::endgroup::
