[2025-04-22T04:31:16.132+0000] {local_task_job_runner.py:123} INFO - ::group::Pre task execution logs
[2025-04-22T04:31:16.237+0000] {taskinstance.py:2613} INFO - Dependencies all met for dep_context=non-requeueable deps ti=<TaskInstance: perbaikan_skripsi.predict_and_store_result scheduled__2025-04-22T04:30:00+00:00 [queued]>
[2025-04-22T04:31:16.306+0000] {taskinstance.py:2613} INFO - Dependencies all met for dep_context=requeueable deps ti=<TaskInstance: perbaikan_skripsi.predict_and_store_result scheduled__2025-04-22T04:30:00+00:00 [queued]>
[2025-04-22T04:31:16.311+0000] {taskinstance.py:2866} INFO - Starting attempt 1 of 4
[2025-04-22T04:31:16.440+0000] {taskinstance.py:2889} INFO - Executing <Task(PythonOperator): predict_and_store_result> on 2025-04-22 04:30:00+00:00
[2025-04-22T04:31:16.522+0000] {logging_mixin.py:190} WARNING - /home/airflow/.local/lib/python3.12/site-packages/airflow/task/task_runner/standard_task_runner.py:70 DeprecationWarning: This process (pid=19692) is multi-threaded, use of fork() may lead to deadlocks in the child.
[2025-04-22T04:31:16.527+0000] {standard_task_runner.py:72} INFO - Started process 19761 to run task
[2025-04-22T04:31:16.558+0000] {standard_task_runner.py:104} INFO - Running: ['airflow', 'tasks', 'run', 'perbaikan_skripsi', 'predict_and_store_result', 'scheduled__2025-04-22T04:30:00+00:00', '--job-id', '3355', '--raw', '--subdir', 'DAGS_FOLDER/tugas_akhir.py', '--cfg-path', '/tmp/tmpt7xozd2q']
[2025-04-22T04:31:16.565+0000] {standard_task_runner.py:105} INFO - Job 3355: Subtask predict_and_store_result
[2025-04-22T04:31:16.836+0000] {task_command.py:467} INFO - Running <TaskInstance: perbaikan_skripsi.predict_and_store_result scheduled__2025-04-22T04:30:00+00:00 [running]> on host d0938d3cd7ee
[2025-04-22T04:31:17.271+0000] {taskinstance.py:3132} INFO - Exporting env vars: AIRFLOW_CTX_DAG_OWNER='Dion Rikki' AIRFLOW_CTX_DAG_ID='perbaikan_skripsi' AIRFLOW_CTX_TASK_ID='predict_and_store_result' AIRFLOW_CTX_EXECUTION_DATE='2025-04-22T04:30:00+00:00' AIRFLOW_CTX_TRY_NUMBER='1' AIRFLOW_CTX_DAG_RUN_ID='scheduled__2025-04-22T04:30:00+00:00'
[2025-04-22T04:31:17.280+0000] {logging_mixin.py:190} INFO - Task instance is in running state
[2025-04-22T04:31:17.282+0000] {logging_mixin.py:190} INFO -  Previous state of the Task instance: queued
[2025-04-22T04:31:17.287+0000] {logging_mixin.py:190} INFO - Current task name:predict_and_store_result state:running start_date:2025-04-22 04:31:16.242393+00:00
[2025-04-22T04:31:17.289+0000] {logging_mixin.py:190} INFO - Dag name:perbaikan_skripsi and current dag run status:running
[2025-04-22T04:31:17.290+0000] {taskinstance.py:731} INFO - ::endgroup::
[2025-04-22T04:31:17.294+0000] {logging_mixin.py:190} INFO - 🔍 [2] Memproses data dan melakukan prediksi...
[2025-04-22T04:31:17.484+0000] {logging_mixin.py:190} INFO - ✅ Data siap diproses: 1 baris
    id  Temperature  Humidity  ...  nitrogen phosphorous potassium
0  138         25.3      86.0  ...       0.0         0.0       0.0

[1 rows x 9 columns]
[2025-04-22T04:31:17.485+0000] {logging_mixin.py:190} INFO - 📝 Menyesuaikan nama kolom dengan model training...
[2025-04-22T04:31:17.487+0000] {logging_mixin.py:190} INFO - 🔧 Melakukan encoding kategori Soil_Type dan Crop_Type...
[2025-04-22T04:31:17.504+0000] {logging_mixin.py:190} INFO - 🧠 Menyiapkan fitur untuk prediksi...
[2025-04-22T04:31:17.511+0000] {logging_mixin.py:190} INFO - 🤖 Menjalankan model prediksi...
[2025-04-22T04:31:17.583+0000] {logging_mixin.py:190} INFO - ✅ Prediksi selesai:
    id predicted_fertilizer
0  138             10-10-10
[2025-04-22T04:31:17.587+0000] {logging_mixin.py:190} INFO - 💾 Menyimpan hasil ke tabel fertilizer_predictions...
[2025-04-22T04:31:17.686+0000] {logging_mixin.py:190} INFO - ✅ Hasil prediksi berhasil disimpan.
[2025-04-22T04:31:17.688+0000] {python.py:240} INFO - Done. Returned value was: None
[2025-04-22T04:31:17.735+0000] {taskinstance.py:340} INFO - ::group::Post task execution logs
[2025-04-22T04:31:17.737+0000] {taskinstance.py:352} INFO - Marking task as SUCCESS. dag_id=perbaikan_skripsi, task_id=predict_and_store_result, run_id=scheduled__2025-04-22T04:30:00+00:00, execution_date=20250422T043000, start_date=20250422T043116, end_date=20250422T043117
[2025-04-22T04:31:17.787+0000] {logging_mixin.py:190} INFO - Task instance in success state
[2025-04-22T04:31:17.789+0000] {logging_mixin.py:190} INFO -  Previous state of the Task instance: running
[2025-04-22T04:31:17.791+0000] {logging_mixin.py:190} INFO - Dag name:perbaikan_skripsi queued_at:2025-04-22 04:31:00.729988+00:00
[2025-04-22T04:31:17.800+0000] {logging_mixin.py:190} INFO - Task hostname:d0938d3cd7ee operator:PythonOperator
[2025-04-22T04:31:17.872+0000] {local_task_job_runner.py:266} INFO - Task exited with return code 0
[2025-04-22T04:31:17.906+0000] {local_task_job_runner.py:245} INFO - ::endgroup::
