[2025-03-01T07:27:17.268+0000] {local_task_job_runner.py:123} INFO - ::group::Pre task execution logs
[2025-03-01T07:27:17.302+0000] {taskinstance.py:2613} INFO - Dependencies all met for dep_context=non-requeueable deps ti=<TaskInstance: skripsi_akhir_perbaikan.wait_for_new_data scheduled__2025-03-01T07:22:00+00:00 [queued]>
[2025-03-01T07:27:17.340+0000] {taskinstance.py:2613} INFO - Dependencies all met for dep_context=requeueable deps ti=<TaskInstance: skripsi_akhir_perbaikan.wait_for_new_data scheduled__2025-03-01T07:22:00+00:00 [queued]>
[2025-03-01T07:27:17.342+0000] {taskinstance.py:2866} INFO - Starting attempt 4 of 6
[2025-03-01T07:27:17.409+0000] {taskinstance.py:2889} INFO - Executing <Task(SqlSensor): wait_for_new_data> on 2025-03-01 07:22:00+00:00
[2025-03-01T07:27:17.458+0000] {standard_task_runner.py:104} INFO - Running: ['airflow', 'tasks', 'run', 'skripsi_akhir_perbaikan', 'wait_for_new_data', 'scheduled__2025-03-01T07:22:00+00:00', '--job-id', '11058', '--raw', '--subdir', 'DAGS_FOLDER/tugas_akhir.py', '--cfg-path', '/tmp/tmpdfbuhug5']
[2025-03-01T07:27:17.460+0000] {logging_mixin.py:190} WARNING - /home/airflow/.local/lib/python3.12/site-packages/airflow/task/task_runner/standard_task_runner.py:70 DeprecationWarning: This process (pid=99726) is multi-threaded, use of fork() may lead to deadlocks in the child.
[2025-03-01T07:27:17.462+0000] {standard_task_runner.py:105} INFO - Job 11058: Subtask wait_for_new_data
[2025-03-01T07:27:17.464+0000] {standard_task_runner.py:72} INFO - Started process 99765 to run task
[2025-03-01T07:27:17.555+0000] {task_command.py:467} INFO - Running <TaskInstance: skripsi_akhir_perbaikan.wait_for_new_data scheduled__2025-03-01T07:22:00+00:00 [running]> on host 75f595111fc8
[2025-03-01T07:27:17.716+0000] {taskinstance.py:3132} INFO - Exporting env vars: AIRFLOW_CTX_DAG_OWNER='Dion Rikki' AIRFLOW_CTX_DAG_ID='skripsi_akhir_perbaikan' AIRFLOW_CTX_TASK_ID='wait_for_new_data' AIRFLOW_CTX_EXECUTION_DATE='2025-03-01T07:22:00+00:00' AIRFLOW_CTX_TRY_NUMBER='4' AIRFLOW_CTX_DAG_RUN_ID='scheduled__2025-03-01T07:22:00+00:00'
[2025-03-01T07:27:17.720+0000] {logging_mixin.py:190} INFO - Task instance is in running state
[2025-03-01T07:27:17.721+0000] {logging_mixin.py:190} INFO -  Previous state of the Task instance: queued
[2025-03-01T07:27:17.722+0000] {logging_mixin.py:190} INFO - Current task name:wait_for_new_data state:running start_date:2025-03-01 07:27:17.306120+00:00
[2025-03-01T07:27:17.723+0000] {logging_mixin.py:190} INFO - Dag name:skripsi_akhir_perbaikan and current dag run status:running
[2025-03-01T07:27:17.725+0000] {taskinstance.py:731} INFO - ::endgroup::
[2025-03-01T07:27:17.750+0000] {base.py:84} INFO - Retrieving connection 'mysql_default'
[2025-03-01T07:27:17.755+0000] {sql.py:101} INFO - Poking: 
        SELECT COUNT(*) 
        FROM tugas_akhir_sensordata s
        WHERE s.timestamp >= NOW() - INTERVAL 5 MINUTE
        AND NOT EXISTS (
            SELECT 1 
            FROM fertilizer_predictions f
            WHERE CAST(f.id AS SIGNED) = s.id  -- Menggunakan SIGNED di sini
        )
     (with parameters None)
[2025-03-01T07:27:17.764+0000] {base.py:84} INFO - Retrieving connection 'mysql_default'
[2025-03-01T07:27:17.774+0000] {sql.py:553} INFO - Running statement: 
        SELECT COUNT(*) 
        FROM tugas_akhir_sensordata s
        WHERE s.timestamp >= NOW() - INTERVAL 5 MINUTE
        AND NOT EXISTS (
            SELECT 1 
            FROM fertilizer_predictions f
            WHERE CAST(f.id AS SIGNED) = s.id  -- Menggunakan SIGNED di sini
        )
    , parameters: None
[2025-03-01T07:27:17.776+0000] {sql.py:562} INFO - Rows affected: 1
[2025-03-01T07:27:17.811+0000] {taskinstance.py:309} INFO - Rescheduling task, marking task as UP_FOR_RESCHEDULE
[2025-03-01T07:27:17.812+0000] {taskinstance.py:340} INFO - ::group::Post task execution logs
[2025-03-01T07:27:17.862+0000] {local_task_job_runner.py:266} INFO - Task exited with return code 0
[2025-03-01T07:27:17.923+0000] {taskinstance.py:3895} INFO - 0 downstream tasks scheduled from follow-on schedule check
[2025-03-01T07:27:17.929+0000] {local_task_job_runner.py:245} INFO - ::endgroup::
