[2025-04-21T13:01:10.824+0000] {local_task_job_runner.py:123} INFO - ::group::Pre task execution logs
[2025-04-21T13:01:10.884+0000] {taskinstance.py:2613} INFO - Dependencies all met for dep_context=non-requeueable deps ti=<TaskInstance: perbaikan_skripsi.get_data_from_db scheduled__2025-04-21T13:00:00+00:00 [queued]>
[2025-04-21T13:01:10.922+0000] {taskinstance.py:2613} INFO - Dependencies all met for dep_context=requeueable deps ti=<TaskInstance: perbaikan_skripsi.get_data_from_db scheduled__2025-04-21T13:00:00+00:00 [queued]>
[2025-04-21T13:01:10.924+0000] {taskinstance.py:2866} INFO - Starting attempt 1 of 4
[2025-04-21T13:01:10.980+0000] {taskinstance.py:2889} INFO - Executing <Task(PythonOperator): get_data_from_db> on 2025-04-21 13:00:00+00:00
[2025-04-21T13:01:11.014+0000] {logging_mixin.py:190} WARNING - /home/airflow/.local/lib/python3.12/site-packages/airflow/task/task_runner/standard_task_runner.py:70 DeprecationWarning: This process (pid=73876) is multi-threaded, use of fork() may lead to deadlocks in the child.
[2025-04-21T13:01:11.022+0000] {standard_task_runner.py:104} INFO - Running: ['airflow', 'tasks', 'run', 'perbaikan_skripsi', 'get_data_from_db', 'scheduled__2025-04-21T13:00:00+00:00', '--job-id', '10269', '--raw', '--subdir', 'DAGS_FOLDER/tugas_akhir.py', '--cfg-path', '/tmp/tmp79bzhzz4']
[2025-04-21T13:01:11.026+0000] {standard_task_runner.py:72} INFO - Started process 73905 to run task
[2025-04-21T13:01:11.027+0000] {standard_task_runner.py:105} INFO - Job 10269: Subtask get_data_from_db
[2025-04-21T13:01:11.147+0000] {task_command.py:467} INFO - Running <TaskInstance: perbaikan_skripsi.get_data_from_db scheduled__2025-04-21T13:00:00+00:00 [running]> on host a9576c91091e
[2025-04-21T13:01:11.349+0000] {taskinstance.py:3132} INFO - Exporting env vars: AIRFLOW_CTX_DAG_OWNER='Dion Rikki' AIRFLOW_CTX_DAG_ID='perbaikan_skripsi' AIRFLOW_CTX_TASK_ID='get_data_from_db' AIRFLOW_CTX_EXECUTION_DATE='2025-04-21T13:00:00+00:00' AIRFLOW_CTX_TRY_NUMBER='1' AIRFLOW_CTX_DAG_RUN_ID='scheduled__2025-04-21T13:00:00+00:00'
[2025-04-21T13:01:11.352+0000] {logging_mixin.py:190} INFO - Task instance is in running state
[2025-04-21T13:01:11.353+0000] {logging_mixin.py:190} INFO -  Previous state of the Task instance: queued
[2025-04-21T13:01:11.354+0000] {logging_mixin.py:190} INFO - Current task name:get_data_from_db state:running start_date:2025-04-21 13:01:10.885839+00:00
[2025-04-21T13:01:11.355+0000] {logging_mixin.py:190} INFO - Dag name:perbaikan_skripsi and current dag run status:running
[2025-04-21T13:01:11.356+0000] {taskinstance.py:731} INFO - ::endgroup::
[2025-04-21T13:01:11.357+0000] {logging_mixin.py:190} INFO - 🔍 [1] Mengambil data sensor terbaru yang lengkap dan belum diprediksi...
[2025-04-21T13:01:11.398+0000] {logging_mixin.py:190} INFO - 📊 Data ditemukan: 3 baris
[2025-04-21T13:01:11.430+0000] {python.py:240} INFO - Done. Returned value was: None
[2025-04-21T13:01:11.448+0000] {taskinstance.py:340} INFO - ::group::Post task execution logs
[2025-04-21T13:01:11.449+0000] {taskinstance.py:352} INFO - Marking task as SUCCESS. dag_id=perbaikan_skripsi, task_id=get_data_from_db, run_id=scheduled__2025-04-21T13:00:00+00:00, execution_date=20250421T130000, start_date=20250421T130110, end_date=20250421T130111
[2025-04-21T13:01:11.472+0000] {logging_mixin.py:190} INFO - Task instance in success state
[2025-04-21T13:01:11.473+0000] {logging_mixin.py:190} INFO -  Previous state of the Task instance: running
[2025-04-21T13:01:11.474+0000] {logging_mixin.py:190} INFO - Dag name:perbaikan_skripsi queued_at:2025-04-21 13:01:00.258475+00:00
[2025-04-21T13:01:11.475+0000] {logging_mixin.py:190} INFO - Task hostname:a9576c91091e operator:PythonOperator
[2025-04-21T13:01:11.504+0000] {local_task_job_runner.py:266} INFO - Task exited with return code 0
[2025-04-21T13:01:11.560+0000] {taskinstance.py:3895} INFO - 1 downstream tasks scheduled from follow-on schedule check
[2025-04-21T13:01:11.569+0000] {local_task_job_runner.py:245} INFO - ::endgroup::
