[2025-04-22T04:26:25.222+0000] {local_task_job_runner.py:123} INFO - ::group::Pre task execution logs
[2025-04-22T04:26:25.340+0000] {taskinstance.py:2613} INFO - Dependencies all met for dep_context=non-requeueable deps ti=<TaskInstance: perbaikan_skripsi.get_data_from_db scheduled__2025-04-22T04:15:00+00:00 [queued]>
[2025-04-22T04:26:25.378+0000] {taskinstance.py:2613} INFO - Dependencies all met for dep_context=requeueable deps ti=<TaskInstance: perbaikan_skripsi.get_data_from_db scheduled__2025-04-22T04:15:00+00:00 [queued]>
[2025-04-22T04:26:25.380+0000] {taskinstance.py:2866} INFO - Starting attempt 1 of 4
[2025-04-22T04:26:25.443+0000] {taskinstance.py:2889} INFO - Executing <Task(PythonOperator): get_data_from_db> on 2025-04-22 04:15:00+00:00
[2025-04-22T04:26:25.471+0000] {logging_mixin.py:190} WARNING - /home/airflow/.local/lib/python3.12/site-packages/airflow/task/task_runner/standard_task_runner.py:70 DeprecationWarning: This process (pid=16730) is multi-threaded, use of fork() may lead to deadlocks in the child.
[2025-04-22T04:26:25.474+0000] {standard_task_runner.py:72} INFO - Started process 16823 to run task
[2025-04-22T04:26:25.485+0000] {standard_task_runner.py:104} INFO - Running: ['airflow', 'tasks', 'run', 'perbaikan_skripsi', 'get_data_from_db', 'scheduled__2025-04-22T04:15:00+00:00', '--job-id', '3321', '--raw', '--subdir', 'DAGS_FOLDER/tugas_akhir.py', '--cfg-path', '/tmp/tmpsmu7x1mh']
[2025-04-22T04:26:25.487+0000] {standard_task_runner.py:105} INFO - Job 3321: Subtask get_data_from_db
[2025-04-22T04:26:25.646+0000] {task_command.py:467} INFO - Running <TaskInstance: perbaikan_skripsi.get_data_from_db scheduled__2025-04-22T04:15:00+00:00 [running]> on host d0938d3cd7ee
[2025-04-22T04:26:25.967+0000] {taskinstance.py:3132} INFO - Exporting env vars: AIRFLOW_CTX_DAG_OWNER='Dion Rikki' AIRFLOW_CTX_DAG_ID='perbaikan_skripsi' AIRFLOW_CTX_TASK_ID='get_data_from_db' AIRFLOW_CTX_EXECUTION_DATE='2025-04-22T04:15:00+00:00' AIRFLOW_CTX_TRY_NUMBER='1' AIRFLOW_CTX_DAG_RUN_ID='scheduled__2025-04-22T04:15:00+00:00'
[2025-04-22T04:26:25.971+0000] {logging_mixin.py:190} INFO - Task instance is in running state
[2025-04-22T04:26:25.972+0000] {logging_mixin.py:190} INFO -  Previous state of the Task instance: queued
[2025-04-22T04:26:25.973+0000] {logging_mixin.py:190} INFO - Current task name:get_data_from_db state:running start_date:2025-04-22 04:26:25.342325+00:00
[2025-04-22T04:26:25.974+0000] {logging_mixin.py:190} INFO - Dag name:perbaikan_skripsi and current dag run status:running
[2025-04-22T04:26:25.975+0000] {taskinstance.py:731} INFO - ::endgroup::
[2025-04-22T04:26:25.977+0000] {logging_mixin.py:190} INFO - 🔍 [1] Mengambil data sensor terbaru yang lengkap dan belum diprediksi...
[2025-04-22T04:26:26.034+0000] {logging_mixin.py:190} INFO - 📊 Data ditemukan: 0 baris
[2025-04-22T04:26:26.067+0000] {python.py:240} INFO - Done. Returned value was: None
[2025-04-22T04:26:26.086+0000] {taskinstance.py:340} INFO - ::group::Post task execution logs
[2025-04-22T04:26:26.087+0000] {taskinstance.py:352} INFO - Marking task as SUCCESS. dag_id=perbaikan_skripsi, task_id=get_data_from_db, run_id=scheduled__2025-04-22T04:15:00+00:00, execution_date=20250422T041500, start_date=20250422T042625, end_date=20250422T042626
[2025-04-22T04:26:26.117+0000] {logging_mixin.py:190} INFO - Task instance in success state
[2025-04-22T04:26:26.119+0000] {logging_mixin.py:190} INFO -  Previous state of the Task instance: running
[2025-04-22T04:26:26.121+0000] {logging_mixin.py:190} INFO - Dag name:perbaikan_skripsi queued_at:2025-04-22 04:16:00.273508+00:00
[2025-04-22T04:26:26.122+0000] {logging_mixin.py:190} INFO - Task hostname:d0938d3cd7ee operator:PythonOperator
[2025-04-22T04:26:26.158+0000] {local_task_job_runner.py:266} INFO - Task exited with return code 0
[2025-04-22T04:26:26.210+0000] {taskinstance.py:3895} INFO - 1 downstream tasks scheduled from follow-on schedule check
[2025-04-22T04:26:26.220+0000] {local_task_job_runner.py:245} INFO - ::endgroup::
