[2025-02-25T15:36:13.868+0000] {local_task_job_runner.py:123} INFO - ::group::Pre task execution logs
[2025-02-25T15:36:13.914+0000] {taskinstance.py:2613} INFO - Dependencies all met for dep_context=non-requeueable deps ti=<TaskInstance: triggered_by_new_data.predict_and_store_result manual__2025-02-25T15:31:42.108291+00:00 [queued]>
[2025-02-25T15:36:13.947+0000] {taskinstance.py:2613} INFO - Dependencies all met for dep_context=requeueable deps ti=<TaskInstance: triggered_by_new_data.predict_and_store_result manual__2025-02-25T15:31:42.108291+00:00 [queued]>
[2025-02-25T15:36:13.949+0000] {taskinstance.py:2866} INFO - Starting attempt 1 of 6
[2025-02-25T15:36:14.538+0000] {taskinstance.py:2889} INFO - Executing <Task(PythonOperator): predict_and_store_result> on 2025-02-25 15:31:42.108291+00:00
[2025-02-25T15:36:14.590+0000] {logging_mixin.py:190} WARNING - /home/airflow/.local/lib/python3.12/site-packages/airflow/task/task_runner/standard_task_runner.py:70 DeprecationWarning: This process (pid=56160) is multi-threaded, use of fork() may lead to deadlocks in the child.
[2025-02-25T15:36:14.593+0000] {standard_task_runner.py:72} INFO - Started process 56251 to run task
[2025-02-25T15:36:14.588+0000] {standard_task_runner.py:104} INFO - Running: ['airflow', 'tasks', 'run', 'triggered_by_new_data', 'predict_and_store_result', 'manual__2025-02-25T15:31:42.108291+00:00', '--job-id', '69', '--raw', '--subdir', 'DAGS_FOLDER/tugas_akhir.py', '--cfg-path', '/tmp/tmpj055n_72']
[2025-02-25T15:36:14.599+0000] {standard_task_runner.py:105} INFO - Job 69: Subtask predict_and_store_result
[2025-02-25T15:36:15.304+0000] {task_command.py:467} INFO - Running <TaskInstance: triggered_by_new_data.predict_and_store_result manual__2025-02-25T15:31:42.108291+00:00 [running]> on host 15e5b1e5ccc7
[2025-02-25T15:36:16.048+0000] {taskinstance.py:3132} INFO - Exporting env vars: AIRFLOW_CTX_DAG_OWNER='Dion Rikki' AIRFLOW_CTX_DAG_ID='triggered_by_new_data' AIRFLOW_CTX_TASK_ID='predict_and_store_result' AIRFLOW_CTX_EXECUTION_DATE='2025-02-25T15:31:42.108291+00:00' AIRFLOW_CTX_TRY_NUMBER='1' AIRFLOW_CTX_DAG_RUN_ID='manual__2025-02-25T15:31:42.108291+00:00'
[2025-02-25T15:36:16.080+0000] {logging_mixin.py:190} INFO - Task instance is in running state
[2025-02-25T15:36:16.089+0000] {logging_mixin.py:190} INFO -  Previous state of the Task instance: queued
[2025-02-25T15:36:16.114+0000] {logging_mixin.py:190} INFO - Current task name:predict_and_store_result state:running start_date:2025-02-25 15:36:13.916764+00:00
[2025-02-25T15:36:16.118+0000] {logging_mixin.py:190} INFO - Dag name:triggered_by_new_data and current dag run status:running
[2025-02-25T15:36:16.122+0000] {taskinstance.py:731} INFO - ::endgroup::
[2025-02-25T15:36:16.126+0000] {logging_mixin.py:190} INFO - 🔍 [1] Mengambil data dari XCom...
[2025-02-25T15:36:16.244+0000] {logging_mixin.py:190} INFO - ✅ [2] Data diterima dari XCom. Jumlah baris: 3
[2025-02-25T15:36:16.248+0000] {logging_mixin.py:190} INFO - 📊 Data contoh:
[{'Humidity': 88.0, 'Moisture': 25.8}, {'Humidity': 88.0, 'Moisture': 25.8}, {'Humidity': 88.0, 'Moisture': 25.8}]
[2025-02-25T15:36:16.354+0000] {logging_mixin.py:190} INFO - 🤖 [3] Melakukan prediksi dengan model RandomForest...
[2025-02-25T15:36:16.459+0000] {logging_mixin.py:190} INFO - 📌 [4] Hasil prediksi:
   Humidity  Moisture  Predicted_Fertilizer
0      88.0      25.8                     5
1      88.0      25.8                     5
2      88.0      25.8                     5
[2025-02-25T15:36:16.464+0000] {logging_mixin.py:190} INFO - 💾 [5] Menyimpan hasil prediksi ke database...
[2025-02-25T15:36:16.609+0000] {logging_mixin.py:190} INFO - ✅ Hasil prediksi berhasil disimpan ke database!
[2025-02-25T15:36:16.624+0000] {python.py:240} INFO - Done. Returned value was: None
[2025-02-25T15:36:16.701+0000] {taskinstance.py:340} INFO - ::group::Post task execution logs
[2025-02-25T15:36:16.713+0000] {taskinstance.py:352} INFO - Marking task as SUCCESS. dag_id=triggered_by_new_data, task_id=predict_and_store_result, run_id=manual__2025-02-25T15:31:42.108291+00:00, execution_date=20250225T153142, start_date=20250225T153613, end_date=20250225T153616
[2025-02-25T15:36:16.957+0000] {logging_mixin.py:190} INFO - Task instance in success state
[2025-02-25T15:36:16.965+0000] {logging_mixin.py:190} INFO -  Previous state of the Task instance: running
[2025-02-25T15:36:16.989+0000] {logging_mixin.py:190} INFO - Dag name:triggered_by_new_data queued_at:2025-02-25 15:31:42.176917+00:00
[2025-02-25T15:36:16.997+0000] {logging_mixin.py:190} INFO - Task hostname:15e5b1e5ccc7 operator:PythonOperator
[2025-02-25T15:36:17.122+0000] {local_task_job_runner.py:266} INFO - Task exited with return code 0
[2025-02-25T15:36:17.358+0000] {local_task_job_runner.py:245} INFO - ::endgroup::
