[2025-04-22T04:27:40.697+0000] {local_task_job_runner.py:123} INFO - ::group::Pre task execution logs
[2025-04-22T04:27:40.720+0000] {taskinstance.py:2613} INFO - Dependencies all met for dep_context=non-requeueable deps ti=<TaskInstance: perbaikan_skripsi.predict_and_store_result manual__2025-04-22T04:23:52.081056+00:00 [queued]>
[2025-04-22T04:27:40.740+0000] {taskinstance.py:2613} INFO - Dependencies all met for dep_context=requeueable deps ti=<TaskInstance: perbaikan_skripsi.predict_and_store_result manual__2025-04-22T04:23:52.081056+00:00 [queued]>
[2025-04-22T04:27:40.741+0000] {taskinstance.py:2866} INFO - Starting attempt 1 of 4
[2025-04-22T04:27:40.779+0000] {taskinstance.py:2889} INFO - Executing <Task(PythonOperator): predict_and_store_result> on 2025-04-22 04:23:52.081056+00:00
[2025-04-22T04:27:40.804+0000] {logging_mixin.py:190} WARNING - /home/airflow/.local/lib/python3.12/site-packages/airflow/task/task_runner/standard_task_runner.py:70 DeprecationWarning: This process (pid=17607) is multi-threaded, use of fork() may lead to deadlocks in the child.
[2025-04-22T04:27:40.803+0000] {standard_task_runner.py:104} INFO - Running: ['airflow', 'tasks', 'run', 'perbaikan_skripsi', 'predict_and_store_result', 'manual__2025-04-22T04:23:52.081056+00:00', '--job-id', '3342', '--raw', '--subdir', 'DAGS_FOLDER/tugas_akhir.py', '--cfg-path', '/tmp/tmplktgisre']
[2025-04-22T04:27:40.807+0000] {standard_task_runner.py:105} INFO - Job 3342: Subtask predict_and_store_result
[2025-04-22T04:27:40.806+0000] {standard_task_runner.py:72} INFO - Started process 17668 to run task
[2025-04-22T04:27:40.882+0000] {task_command.py:467} INFO - Running <TaskInstance: perbaikan_skripsi.predict_and_store_result manual__2025-04-22T04:23:52.081056+00:00 [running]> on host d0938d3cd7ee
[2025-04-22T04:27:41.026+0000] {taskinstance.py:3132} INFO - Exporting env vars: AIRFLOW_CTX_DAG_OWNER='Dion Rikki' AIRFLOW_CTX_DAG_ID='perbaikan_skripsi' AIRFLOW_CTX_TASK_ID='predict_and_store_result' AIRFLOW_CTX_EXECUTION_DATE='2025-04-22T04:23:52.081056+00:00' AIRFLOW_CTX_TRY_NUMBER='1' AIRFLOW_CTX_DAG_RUN_ID='manual__2025-04-22T04:23:52.081056+00:00'
[2025-04-22T04:27:41.030+0000] {logging_mixin.py:190} INFO - Task instance is in running state
[2025-04-22T04:27:41.030+0000] {logging_mixin.py:190} INFO -  Previous state of the Task instance: queued
[2025-04-22T04:27:41.031+0000] {logging_mixin.py:190} INFO - Current task name:predict_and_store_result state:running start_date:2025-04-22 04:27:40.721273+00:00
[2025-04-22T04:27:41.032+0000] {logging_mixin.py:190} INFO - Dag name:perbaikan_skripsi and current dag run status:running
[2025-04-22T04:27:41.033+0000] {taskinstance.py:731} INFO - ::endgroup::
[2025-04-22T04:27:41.034+0000] {logging_mixin.py:190} INFO - 🔍 [2] Memproses data dan melakukan prediksi...
[2025-04-22T04:27:41.081+0000] {logging_mixin.py:190} INFO - ✅ Data siap diproses: 1 baris
    id  Temperature  Humidity  ...  nitrogen phosphorous potassium
0  129         25.3      86.0  ...       0.0         0.0       0.0

[1 rows x 9 columns]
[2025-04-22T04:27:41.082+0000] {logging_mixin.py:190} INFO - 📝 Menyesuaikan nama kolom dengan model training...
[2025-04-22T04:27:41.083+0000] {logging_mixin.py:190} INFO - 🔧 Melakukan encoding kategori Soil_Type dan Crop_Type...
[2025-04-22T04:27:41.088+0000] {logging_mixin.py:190} INFO - 🧠 Menyiapkan fitur untuk prediksi...
[2025-04-22T04:27:41.091+0000] {logging_mixin.py:190} INFO - 🤖 Menjalankan model prediksi...
[2025-04-22T04:27:41.113+0000] {logging_mixin.py:190} INFO - ✅ Prediksi selesai:
    id predicted_fertilizer
0  129             10-10-10
[2025-04-22T04:27:41.115+0000] {logging_mixin.py:190} INFO - 💾 Menyimpan hasil ke tabel fertilizer_predictions...
[2025-04-22T04:27:41.163+0000] {logging_mixin.py:190} INFO - ❌ Error saat menyimpan ke database: (pymysql.err.IntegrityError) (1062, "Duplicate entry '129' for key 'fertilizer_predictions.sensor_data_id'")
[SQL: INSERT INTO fertilizer_predictions (sensor_data_id, predicted_fertilizer, created_at) VALUES (%(sensor_data_id)s, %(predicted_fertilizer)s, %(created_at)s)]
[parameters: {'sensor_data_id': 129, 'predicted_fertilizer': '10-10-10', 'created_at': datetime.datetime(2025, 4, 22, 4, 27, 41, 120427)}]
(Background on this error at: https://sqlalche.me/e/14/gkpj)
[2025-04-22T04:27:41.165+0000] {python.py:240} INFO - Done. Returned value was: None
[2025-04-22T04:27:41.188+0000] {taskinstance.py:340} INFO - ::group::Post task execution logs
[2025-04-22T04:27:41.189+0000] {taskinstance.py:352} INFO - Marking task as SUCCESS. dag_id=perbaikan_skripsi, task_id=predict_and_store_result, run_id=manual__2025-04-22T04:23:52.081056+00:00, execution_date=20250422T042352, start_date=20250422T042740, end_date=20250422T042741
[2025-04-22T04:27:41.209+0000] {logging_mixin.py:190} INFO - Task instance in success state
[2025-04-22T04:27:41.210+0000] {logging_mixin.py:190} INFO -  Previous state of the Task instance: running
[2025-04-22T04:27:41.211+0000] {logging_mixin.py:190} INFO - Dag name:perbaikan_skripsi queued_at:2025-04-22 04:23:52.230268+00:00
[2025-04-22T04:27:41.211+0000] {logging_mixin.py:190} INFO - Task hostname:d0938d3cd7ee operator:PythonOperator
[2025-04-22T04:27:41.244+0000] {local_task_job_runner.py:266} INFO - Task exited with return code 0
[2025-04-22T04:27:41.270+0000] {taskinstance.py:3895} INFO - 0 downstream tasks scheduled from follow-on schedule check
[2025-04-22T04:27:41.272+0000] {local_task_job_runner.py:245} INFO - ::endgroup::
