[2025-02-25T14:34:32.850+0000] {local_task_job_runner.py:123} INFO - ::group::Pre task execution logs
[2025-02-25T14:34:32.901+0000] {taskinstance.py:2613} INFO - Dependencies all met for dep_context=non-requeueable deps ti=<TaskInstance: percobaan_akhir.get_data_from_db manual__2025-02-25T14:29:18.062613+00:00 [queued]>
[2025-02-25T14:34:32.930+0000] {taskinstance.py:2613} INFO - Dependencies all met for dep_context=requeueable deps ti=<TaskInstance: percobaan_akhir.get_data_from_db manual__2025-02-25T14:29:18.062613+00:00 [queued]>
[2025-02-25T14:34:32.933+0000] {taskinstance.py:2866} INFO - Starting attempt 2 of 6
[2025-02-25T14:34:32.975+0000] {taskinstance.py:2889} INFO - Executing <Task(PythonOperator): get_data_from_db> on 2025-02-25 14:29:18.062613+00:00
[2025-02-25T14:34:33.003+0000] {logging_mixin.py:190} WARNING - /home/airflow/.local/lib/python3.12/site-packages/airflow/task/task_runner/standard_task_runner.py:70 DeprecationWarning: This process (pid=21217) is multi-threaded, use of fork() may lead to deadlocks in the child.
[2025-02-25T14:34:33.002+0000] {standard_task_runner.py:104} INFO - Running: ['airflow', 'tasks', 'run', 'percobaan_akhir', 'get_data_from_db', 'manual__2025-02-25T14:29:18.062613+00:00', '--job-id', '43', '--raw', '--subdir', 'DAGS_FOLDER/tugas_akhir.py', '--cfg-path', '/tmp/tmpuwad9eoj']
[2025-02-25T14:34:33.007+0000] {standard_task_runner.py:105} INFO - Job 43: Subtask get_data_from_db
[2025-02-25T14:34:33.005+0000] {standard_task_runner.py:72} INFO - Started process 21296 to run task
[2025-02-25T14:34:33.096+0000] {task_command.py:467} INFO - Running <TaskInstance: percobaan_akhir.get_data_from_db manual__2025-02-25T14:29:18.062613+00:00 [running]> on host 15e5b1e5ccc7
[2025-02-25T14:34:33.314+0000] {taskinstance.py:3132} INFO - Exporting env vars: AIRFLOW_CTX_DAG_OWNER='Dion Rikki' AIRFLOW_CTX_DAG_ID='percobaan_akhir' AIRFLOW_CTX_TASK_ID='get_data_from_db' AIRFLOW_CTX_EXECUTION_DATE='2025-02-25T14:29:18.062613+00:00' AIRFLOW_CTX_TRY_NUMBER='2' AIRFLOW_CTX_DAG_RUN_ID='manual__2025-02-25T14:29:18.062613+00:00'
[2025-02-25T14:34:33.318+0000] {logging_mixin.py:190} INFO - Task instance is in running state
[2025-02-25T14:34:33.319+0000] {logging_mixin.py:190} INFO -  Previous state of the Task instance: queued
[2025-02-25T14:34:33.321+0000] {logging_mixin.py:190} INFO - Current task name:get_data_from_db state:running start_date:2025-02-25 14:34:32.903012+00:00
[2025-02-25T14:34:33.323+0000] {logging_mixin.py:190} INFO - Dag name:percobaan_akhir and current dag run status:running
[2025-02-25T14:34:33.325+0000] {taskinstance.py:731} INFO - ::endgroup::
[2025-02-25T14:34:33.328+0000] {logging_mixin.py:190} INFO - 🔍 [1] Menghubungkan ke database MySQL...
[2025-02-25T14:34:33.374+0000] {logging_mixin.py:190} INFO - 📊 Data yang diambil dari MySQL:
Empty DataFrame
Columns: [Humidity, Moisture]
Index: []
[2025-02-25T14:34:33.400+0000] {logging_mixin.py:190} INFO - ✅ Data berhasil disimpan ke XCom. Jumlah baris: 0
[2025-02-25T14:34:33.402+0000] {python.py:240} INFO - Done. Returned value was: None
[2025-02-25T14:34:33.419+0000] {taskinstance.py:340} INFO - ::group::Post task execution logs
[2025-02-25T14:34:33.421+0000] {taskinstance.py:352} INFO - Marking task as SUCCESS. dag_id=percobaan_akhir, task_id=get_data_from_db, run_id=manual__2025-02-25T14:29:18.062613+00:00, execution_date=20250225T142918, start_date=20250225T143432, end_date=20250225T143433
[2025-02-25T14:34:33.451+0000] {logging_mixin.py:190} INFO - Task instance in success state
[2025-02-25T14:34:33.452+0000] {logging_mixin.py:190} INFO -  Previous state of the Task instance: running
[2025-02-25T14:34:33.453+0000] {logging_mixin.py:190} INFO - Dag name:percobaan_akhir queued_at:2025-02-25 14:29:18.156422+00:00
[2025-02-25T14:34:33.457+0000] {logging_mixin.py:190} INFO - Task hostname:15e5b1e5ccc7 operator:PythonOperator
[2025-02-25T14:34:33.488+0000] {local_task_job_runner.py:266} INFO - Task exited with return code 0
[2025-02-25T14:34:33.542+0000] {taskinstance.py:3895} INFO - 1 downstream tasks scheduled from follow-on schedule check
[2025-02-25T14:34:33.555+0000] {local_task_job_runner.py:245} INFO - ::endgroup::
