[2025-02-25T17:40:54.361+0000] {local_task_job_runner.py:123} INFO - ::group::Pre task execution logs
[2025-02-25T17:40:54.410+0000] {taskinstance.py:2613} INFO - Dependencies all met for dep_context=non-requeueable deps ti=<TaskInstance: tugas_kita.predict_and_store_result manual__2025-02-25T17:34:36.682331+00:00 [queued]>
[2025-02-25T17:40:54.438+0000] {taskinstance.py:2613} INFO - Dependencies all met for dep_context=requeueable deps ti=<TaskInstance: tugas_kita.predict_and_store_result manual__2025-02-25T17:34:36.682331+00:00 [queued]>
[2025-02-25T17:40:54.439+0000] {taskinstance.py:2866} INFO - Starting attempt 1 of 6
[2025-02-25T17:40:54.509+0000] {taskinstance.py:2889} INFO - Executing <Task(PythonOperator): predict_and_store_result> on 2025-02-25 17:34:36.682331+00:00
[2025-02-25T17:40:54.556+0000] {standard_task_runner.py:104} INFO - Running: ['airflow', 'tasks', 'run', 'tugas_kita', 'predict_and_store_result', 'manual__2025-02-25T17:34:36.682331+00:00', '--job-id', '36', '--raw', '--subdir', 'DAGS_FOLDER/tugas_akhir.py', '--cfg-path', '/tmp/tmp3trltdie']
[2025-02-25T17:40:54.565+0000] {standard_task_runner.py:105} INFO - Job 36: Subtask predict_and_store_result
[2025-02-25T17:40:54.596+0000] {logging_mixin.py:190} WARNING - /home/airflow/.local/lib/python3.12/site-packages/airflow/task/task_runner/standard_task_runner.py:70 DeprecationWarning: This process (pid=18744) is multi-threaded, use of fork() may lead to deadlocks in the child.
[2025-02-25T17:40:54.600+0000] {standard_task_runner.py:72} INFO - Started process 18782 to run task
[2025-02-25T17:40:54.817+0000] {task_command.py:467} INFO - Running <TaskInstance: tugas_kita.predict_and_store_result manual__2025-02-25T17:34:36.682331+00:00 [running]> on host d22a487e6b55
[2025-02-25T17:40:55.015+0000] {taskinstance.py:3132} INFO - Exporting env vars: AIRFLOW_CTX_DAG_OWNER='Dion Rikki' AIRFLOW_CTX_DAG_ID='tugas_kita' AIRFLOW_CTX_TASK_ID='predict_and_store_result' AIRFLOW_CTX_EXECUTION_DATE='2025-02-25T17:34:36.682331+00:00' AIRFLOW_CTX_TRY_NUMBER='1' AIRFLOW_CTX_DAG_RUN_ID='manual__2025-02-25T17:34:36.682331+00:00'
[2025-02-25T17:40:55.019+0000] {logging_mixin.py:190} INFO - Task instance is in running state
[2025-02-25T17:40:55.020+0000] {logging_mixin.py:190} INFO -  Previous state of the Task instance: queued
[2025-02-25T17:40:55.022+0000] {logging_mixin.py:190} INFO - Current task name:predict_and_store_result state:running start_date:2025-02-25 17:40:54.413297+00:00
[2025-02-25T17:40:55.025+0000] {logging_mixin.py:190} INFO - Dag name:tugas_kita and current dag run status:running
[2025-02-25T17:40:55.027+0000] {taskinstance.py:731} INFO - ::endgroup::
[2025-02-25T17:40:55.031+0000] {logging_mixin.py:190} INFO - 🔍 [1] Mengambil data dari XCom...
[2025-02-25T17:40:55.049+0000] {logging_mixin.py:190} INFO - ✅ [2] Data diterima dari XCom. Jumlah baris: 1
[2025-02-25T17:40:55.050+0000] {logging_mixin.py:190} INFO - 📊 Data contoh:
[{'Humidity': 86.0, 'Moisture': 25.8}]
[2025-02-25T17:40:55.063+0000] {logging_mixin.py:190} INFO - 🤖 [3] Melakukan prediksi dengan model RandomForest...
[2025-02-25T17:40:55.103+0000] {logging_mixin.py:190} INFO - 📌 [4] Hasil prediksi:
   Humidity  Moisture  Predicted_Fertilizer
0      86.0      25.8                     5
[2025-02-25T17:40:55.104+0000] {logging_mixin.py:190} INFO - 💾 [5] Menyimpan hasil prediksi ke database...
[2025-02-25T17:40:55.148+0000] {logging_mixin.py:190} INFO - ✅ Hasil prediksi berhasil disimpan ke database!
[2025-02-25T17:40:55.149+0000] {python.py:240} INFO - Done. Returned value was: None
[2025-02-25T17:40:55.174+0000] {taskinstance.py:340} INFO - ::group::Post task execution logs
[2025-02-25T17:40:55.177+0000] {taskinstance.py:352} INFO - Marking task as SUCCESS. dag_id=tugas_kita, task_id=predict_and_store_result, run_id=manual__2025-02-25T17:34:36.682331+00:00, execution_date=20250225T173436, start_date=20250225T174054, end_date=20250225T174055
[2025-02-25T17:40:55.236+0000] {logging_mixin.py:190} INFO - Task instance in success state
[2025-02-25T17:40:55.240+0000] {logging_mixin.py:190} INFO -  Previous state of the Task instance: running
[2025-02-25T17:40:55.257+0000] {logging_mixin.py:190} INFO - Dag name:tugas_kita queued_at:2025-02-25 17:34:36.721068+00:00
[2025-02-25T17:40:55.261+0000] {logging_mixin.py:190} INFO - Task hostname:d22a487e6b55 operator:PythonOperator
[2025-02-25T17:40:55.306+0000] {local_task_job_runner.py:266} INFO - Task exited with return code 0
[2025-02-25T17:40:55.340+0000] {local_task_job_runner.py:245} INFO - ::endgroup::
