[2025-03-16T13:32:02.088+0000] {local_task_job_runner.py:123} INFO - ::group::Pre task execution logs
[2025-03-16T13:32:02.203+0000] {taskinstance.py:2613} INFO - Dependencies all met for dep_context=non-requeueable deps ti=<TaskInstance: skripsi_perbaikan.predict_and_store_result scheduled__2025-03-16T13:24:00+00:00 [queued]>
[2025-03-16T13:32:02.237+0000] {taskinstance.py:2613} INFO - Dependencies all met for dep_context=requeueable deps ti=<TaskInstance: skripsi_perbaikan.predict_and_store_result scheduled__2025-03-16T13:24:00+00:00 [queued]>
[2025-03-16T13:32:02.240+0000] {taskinstance.py:2866} INFO - Starting attempt 1 of 4
[2025-03-16T13:32:02.294+0000] {taskinstance.py:2889} INFO - Executing <Task(PythonOperator): predict_and_store_result> on 2025-03-16 13:24:00+00:00
[2025-03-16T13:32:02.360+0000] {logging_mixin.py:190} WARNING - /home/airflow/.local/lib/python3.12/site-packages/airflow/task/task_runner/standard_task_runner.py:70 DeprecationWarning: This process (pid=10597) is multi-threaded, use of fork() may lead to deadlocks in the child.
[2025-03-16T13:32:02.367+0000] {standard_task_runner.py:72} INFO - Started process 10613 to run task
[2025-03-16T13:32:02.361+0000] {standard_task_runner.py:104} INFO - Running: ['airflow', 'tasks', 'run', 'skripsi_perbaikan', 'predict_and_store_result', 'scheduled__2025-03-16T13:24:00+00:00', '--job-id', '162', '--raw', '--subdir', 'DAGS_FOLDER/tugas_akhir.py', '--cfg-path', '/tmp/tmp076nq4sb']
[2025-03-16T13:32:02.392+0000] {standard_task_runner.py:105} INFO - Job 162: Subtask predict_and_store_result
[2025-03-16T13:32:02.641+0000] {task_command.py:467} INFO - Running <TaskInstance: skripsi_perbaikan.predict_and_store_result scheduled__2025-03-16T13:24:00+00:00 [running]> on host 438c3ba1e399
[2025-03-16T13:32:03.020+0000] {taskinstance.py:3132} INFO - Exporting env vars: AIRFLOW_CTX_DAG_OWNER='Dion Rikki' AIRFLOW_CTX_DAG_ID='skripsi_perbaikan' AIRFLOW_CTX_TASK_ID='predict_and_store_result' AIRFLOW_CTX_EXECUTION_DATE='2025-03-16T13:24:00+00:00' AIRFLOW_CTX_TRY_NUMBER='1' AIRFLOW_CTX_DAG_RUN_ID='scheduled__2025-03-16T13:24:00+00:00'
[2025-03-16T13:32:03.026+0000] {logging_mixin.py:190} INFO - Task instance is in running state
[2025-03-16T13:32:03.028+0000] {logging_mixin.py:190} INFO -  Previous state of the Task instance: queued
[2025-03-16T13:32:03.030+0000] {logging_mixin.py:190} INFO - Current task name:predict_and_store_result state:running start_date:2025-03-16 13:32:02.205001+00:00
[2025-03-16T13:32:03.032+0000] {logging_mixin.py:190} INFO - Dag name:skripsi_perbaikan and current dag run status:running
[2025-03-16T13:32:03.034+0000] {taskinstance.py:731} INFO - ::endgroup::
[2025-03-16T13:32:03.037+0000] {logging_mixin.py:190} INFO - 🔍 [2] Memproses data dan melakukan prediksi...
[2025-03-16T13:32:03.070+0000] {logging_mixin.py:190} INFO - ⚠️ Tidak ada data untuk diproses.
[2025-03-16T13:32:03.075+0000] {python.py:240} INFO - Done. Returned value was: None
[2025-03-16T13:32:03.097+0000] {taskinstance.py:340} INFO - ::group::Post task execution logs
[2025-03-16T13:32:03.100+0000] {taskinstance.py:352} INFO - Marking task as SUCCESS. dag_id=skripsi_perbaikan, task_id=predict_and_store_result, run_id=scheduled__2025-03-16T13:24:00+00:00, execution_date=20250316T132400, start_date=20250316T133202, end_date=20250316T133203
[2025-03-16T13:32:03.132+0000] {logging_mixin.py:190} INFO - Task instance in success state
[2025-03-16T13:32:03.136+0000] {logging_mixin.py:190} INFO -  Previous state of the Task instance: running
[2025-03-16T13:32:03.140+0000] {logging_mixin.py:190} INFO - Dag name:skripsi_perbaikan queued_at:2025-03-16 13:26:00.418831+00:00
[2025-03-16T13:32:03.143+0000] {logging_mixin.py:190} INFO - Task hostname:438c3ba1e399 operator:PythonOperator
[2025-03-16T13:32:03.209+0000] {local_task_job_runner.py:266} INFO - Task exited with return code 0
[2025-03-16T13:32:03.288+0000] {taskinstance.py:3895} INFO - 0 downstream tasks scheduled from follow-on schedule check
[2025-03-16T13:32:03.294+0000] {local_task_job_runner.py:245} INFO - ::endgroup::
