[2025-03-10T23:00:24.962+0000] {local_task_job_runner.py:123} INFO - ::group::Pre task execution logs
[2025-03-10T23:00:24.995+0000] {taskinstance.py:2613} INFO - Dependencies all met for dep_context=non-requeueable deps ti=<TaskInstance: skripsi_perbaikan.wait_for_new_data scheduled__2025-03-10T22:54:00+00:00 [queued]>
[2025-03-10T23:00:25.013+0000] {taskinstance.py:2613} INFO - Dependencies all met for dep_context=requeueable deps ti=<TaskInstance: skripsi_perbaikan.wait_for_new_data scheduled__2025-03-10T22:54:00+00:00 [queued]>
[2025-03-10T23:00:25.014+0000] {taskinstance.py:2866} INFO - Starting attempt 5 of 6
[2025-03-10T23:00:25.044+0000] {taskinstance.py:2889} INFO - Executing <Task(SqlSensor): wait_for_new_data> on 2025-03-10 22:54:00+00:00
[2025-03-10T23:00:25.065+0000] {logging_mixin.py:190} WARNING - /home/airflow/.local/lib/python3.12/site-packages/airflow/task/task_runner/standard_task_runner.py:70 DeprecationWarning: This process (pid=28609) is multi-threaded, use of fork() may lead to deadlocks in the child.
[2025-03-10T23:00:25.065+0000] {standard_task_runner.py:104} INFO - Running: ['airflow', 'tasks', 'run', 'skripsi_perbaikan', 'wait_for_new_data', 'scheduled__2025-03-10T22:54:00+00:00', '--job-id', '1923', '--raw', '--subdir', 'DAGS_FOLDER/tugas_akhir.py', '--cfg-path', '/tmp/tmpolk77pp4']
[2025-03-10T23:00:25.068+0000] {standard_task_runner.py:72} INFO - Started process 28662 to run task
[2025-03-10T23:00:25.068+0000] {standard_task_runner.py:105} INFO - Job 1923: Subtask wait_for_new_data
[2025-03-10T23:00:25.175+0000] {task_command.py:467} INFO - Running <TaskInstance: skripsi_perbaikan.wait_for_new_data scheduled__2025-03-10T22:54:00+00:00 [running]> on host b493651eb2c9
[2025-03-10T23:00:25.552+0000] {taskinstance.py:3132} INFO - Exporting env vars: AIRFLOW_CTX_DAG_OWNER='Dion Rikki' AIRFLOW_CTX_DAG_ID='skripsi_perbaikan' AIRFLOW_CTX_TASK_ID='wait_for_new_data' AIRFLOW_CTX_EXECUTION_DATE='2025-03-10T22:54:00+00:00' AIRFLOW_CTX_TRY_NUMBER='5' AIRFLOW_CTX_DAG_RUN_ID='scheduled__2025-03-10T22:54:00+00:00'
[2025-03-10T23:00:25.561+0000] {logging_mixin.py:190} INFO - Task instance is in running state
[2025-03-10T23:00:25.564+0000] {logging_mixin.py:190} INFO -  Previous state of the Task instance: queued
[2025-03-10T23:00:25.569+0000] {logging_mixin.py:190} INFO - Current task name:wait_for_new_data state:running start_date:2025-03-10 23:00:24.996253+00:00
[2025-03-10T23:00:25.572+0000] {logging_mixin.py:190} INFO - Dag name:skripsi_perbaikan and current dag run status:running
[2025-03-10T23:00:25.574+0000] {taskinstance.py:731} INFO - ::endgroup::
[2025-03-10T23:00:25.613+0000] {base.py:84} INFO - Retrieving connection 'mysql_default'
[2025-03-10T23:00:25.620+0000] {sql.py:101} INFO - Poking: 
            SELECT COUNT(*) 
            FROM tugas_akhir_sensordata s
            WHERE s.timestamp >= NOW() - INTERVAL 5 MINUTE
            AND s.Soil_Type IS NOT NULL
            AND s.Crop_Type IS NOT NULL
            AND NOT EXISTS (
                SELECT 1 
                FROM fertilizer_predictions f
                WHERE f.id = s.id
            )
         (with parameters None)
[2025-03-10T23:00:25.635+0000] {base.py:84} INFO - Retrieving connection 'mysql_default'
[2025-03-10T23:00:25.648+0000] {sql.py:553} INFO - Running statement: 
            SELECT COUNT(*) 
            FROM tugas_akhir_sensordata s
            WHERE s.timestamp >= NOW() - INTERVAL 5 MINUTE
            AND s.Soil_Type IS NOT NULL
            AND s.Crop_Type IS NOT NULL
            AND NOT EXISTS (
                SELECT 1 
                FROM fertilizer_predictions f
                WHERE f.id = s.id
            )
        , parameters: None
[2025-03-10T23:00:25.650+0000] {sql.py:562} INFO - Rows affected: 1
[2025-03-10T23:00:25.705+0000] {taskinstance.py:309} INFO - Rescheduling task, marking task as UP_FOR_RESCHEDULE
[2025-03-10T23:00:25.707+0000] {taskinstance.py:340} INFO - ::group::Post task execution logs
[2025-03-10T23:00:25.752+0000] {local_task_job_runner.py:266} INFO - Task exited with return code 0
[2025-03-10T23:00:25.802+0000] {taskinstance.py:3895} INFO - 0 downstream tasks scheduled from follow-on schedule check
[2025-03-10T23:00:25.808+0000] {local_task_job_runner.py:245} INFO - ::endgroup::
