[2025-04-07T15:15:03.414+0000] {local_task_job_runner.py:123} INFO - ::group::Pre task execution logs
[2025-04-07T15:15:03.848+0000] {taskinstance.py:2613} INFO - Dependencies all met for dep_context=non-requeueable deps ti=<TaskInstance: skripsi_perbaikan.predict_and_store_result scheduled__2025-03-16T14:38:00+00:00 [queued]>
[2025-04-07T15:15:04.101+0000] {taskinstance.py:2613} INFO - Dependencies all met for dep_context=requeueable deps ti=<TaskInstance: skripsi_perbaikan.predict_and_store_result scheduled__2025-03-16T14:38:00+00:00 [queued]>
[2025-04-07T15:15:04.111+0000] {taskinstance.py:2866} INFO - Starting attempt 1 of 4
[2025-04-07T15:15:04.409+0000] {taskinstance.py:2889} INFO - Executing <Task(PythonOperator): predict_and_store_result> on 2025-03-16 14:38:00+00:00
[2025-04-07T15:15:04.827+0000] {logging_mixin.py:190} WARNING - /home/airflow/.local/lib/python3.12/site-packages/airflow/task/task_runner/standard_task_runner.py:70 DeprecationWarning: This process (pid=6270) is multi-threaded, use of fork() may lead to deadlocks in the child.
[2025-04-07T15:15:04.844+0000] {standard_task_runner.py:72} INFO - Started process 6453 to run task
[2025-04-07T15:15:04.833+0000] {standard_task_runner.py:104} INFO - Running: ['airflow', 'tasks', 'run', 'skripsi_perbaikan', 'predict_and_store_result', 'scheduled__2025-03-16T14:38:00+00:00', '--job-id', '2628', '--raw', '--subdir', 'DAGS_FOLDER/tugas_akhir.py', '--cfg-path', '/tmp/tmplmq22mby']
[2025-04-07T15:15:04.890+0000] {standard_task_runner.py:105} INFO - Job 2628: Subtask predict_and_store_result
[2025-04-07T15:15:06.196+0000] {task_command.py:467} INFO - Running <TaskInstance: skripsi_perbaikan.predict_and_store_result scheduled__2025-03-16T14:38:00+00:00 [running]> on host a9576c91091e
[2025-04-07T15:15:07.864+0000] {taskinstance.py:3132} INFO - Exporting env vars: AIRFLOW_CTX_DAG_OWNER='Dion Rikki' AIRFLOW_CTX_DAG_ID='skripsi_perbaikan' AIRFLOW_CTX_TASK_ID='predict_and_store_result' AIRFLOW_CTX_EXECUTION_DATE='2025-03-16T14:38:00+00:00' AIRFLOW_CTX_TRY_NUMBER='1' AIRFLOW_CTX_DAG_RUN_ID='scheduled__2025-03-16T14:38:00+00:00'
[2025-04-07T15:15:07.917+0000] {logging_mixin.py:190} INFO - Task instance is in running state
[2025-04-07T15:15:07.936+0000] {logging_mixin.py:190} INFO -  Previous state of the Task instance: queued
[2025-04-07T15:15:07.937+0000] {logging_mixin.py:190} INFO - Current task name:predict_and_store_result state:running start_date:2025-04-07 15:15:03.857214+00:00
[2025-04-07T15:15:07.939+0000] {logging_mixin.py:190} INFO - Dag name:skripsi_perbaikan and current dag run status:running
[2025-04-07T15:15:07.945+0000] {taskinstance.py:731} INFO - ::endgroup::
[2025-04-07T15:15:07.952+0000] {logging_mixin.py:190} INFO - 🔍 [2] Memproses data dan melakukan prediksi...
[2025-04-07T15:15:08.137+0000] {logging_mixin.py:190} INFO - ⚠️ Tidak ada data untuk diproses.
[2025-04-07T15:15:08.161+0000] {python.py:240} INFO - Done. Returned value was: None
[2025-04-07T15:15:08.319+0000] {taskinstance.py:340} INFO - ::group::Post task execution logs
[2025-04-07T15:15:08.332+0000] {taskinstance.py:352} INFO - Marking task as SUCCESS. dag_id=skripsi_perbaikan, task_id=predict_and_store_result, run_id=scheduled__2025-03-16T14:38:00+00:00, execution_date=20250316T143800, start_date=20250407T151503, end_date=20250407T151508
[2025-04-07T15:15:11.594+0000] {logging_mixin.py:190} INFO - Task instance in success state
[2025-04-07T15:15:11.602+0000] {logging_mixin.py:190} INFO -  Previous state of the Task instance: running
[2025-04-07T15:15:11.605+0000] {logging_mixin.py:190} INFO - Dag name:skripsi_perbaikan queued_at:2025-04-07 14:47:44.290315+00:00
[2025-04-07T15:15:11.616+0000] {logging_mixin.py:190} INFO - Task hostname:a9576c91091e operator:PythonOperator
[2025-04-07T15:15:11.952+0000] {local_task_job_runner.py:266} INFO - Task exited with return code 0
[2025-04-07T15:15:12.077+0000] {taskinstance.py:3895} INFO - 0 downstream tasks scheduled from follow-on schedule check
[2025-04-07T15:15:12.089+0000] {local_task_job_runner.py:245} INFO - ::endgroup::
