[2025-04-21T12:40:45.250+0000] {local_task_job_runner.py:123} INFO - ::group::Pre task execution logs
[2025-04-21T12:40:45.337+0000] {taskinstance.py:2613} INFO - Dependencies all met for dep_context=non-requeueable deps ti=<TaskInstance: perbaikan_skripsi.predict_and_store_result scheduled__2025-04-21T12:37:00+00:00 [queued]>
[2025-04-21T12:40:45.379+0000] {taskinstance.py:2613} INFO - Dependencies all met for dep_context=requeueable deps ti=<TaskInstance: perbaikan_skripsi.predict_and_store_result scheduled__2025-04-21T12:37:00+00:00 [queued]>
[2025-04-21T12:40:45.380+0000] {taskinstance.py:2866} INFO - Starting attempt 1 of 4
[2025-04-21T12:40:45.465+0000] {taskinstance.py:2889} INFO - Executing <Task(PythonOperator): predict_and_store_result> on 2025-04-21 12:37:00+00:00
[2025-04-21T12:40:45.517+0000] {logging_mixin.py:190} WARNING - /home/airflow/.local/lib/python3.12/site-packages/airflow/task/task_runner/standard_task_runner.py:70 DeprecationWarning: This process (pid=61957) is multi-threaded, use of fork() may lead to deadlocks in the child.
[2025-04-21T12:40:45.526+0000] {standard_task_runner.py:72} INFO - Started process 62076 to run task
[2025-04-21T12:40:45.522+0000] {standard_task_runner.py:104} INFO - Running: ['airflow', 'tasks', 'run', 'perbaikan_skripsi', 'predict_and_store_result', 'scheduled__2025-04-21T12:37:00+00:00', '--job-id', '10200', '--raw', '--subdir', 'DAGS_FOLDER/tugas_akhir.py', '--cfg-path', '/tmp/tmpp3rcjfs1']
[2025-04-21T12:40:45.534+0000] {standard_task_runner.py:105} INFO - Job 10200: Subtask predict_and_store_result
[2025-04-21T12:40:45.733+0000] {task_command.py:467} INFO - Running <TaskInstance: perbaikan_skripsi.predict_and_store_result scheduled__2025-04-21T12:37:00+00:00 [running]> on host a9576c91091e
[2025-04-21T12:40:46.203+0000] {taskinstance.py:3132} INFO - Exporting env vars: AIRFLOW_CTX_DAG_OWNER='Dion Rikki' AIRFLOW_CTX_DAG_ID='perbaikan_skripsi' AIRFLOW_CTX_TASK_ID='predict_and_store_result' AIRFLOW_CTX_EXECUTION_DATE='2025-04-21T12:37:00+00:00' AIRFLOW_CTX_TRY_NUMBER='1' AIRFLOW_CTX_DAG_RUN_ID='scheduled__2025-04-21T12:37:00+00:00'
[2025-04-21T12:40:46.230+0000] {logging_mixin.py:190} INFO - Task instance is in running state
[2025-04-21T12:40:46.235+0000] {logging_mixin.py:190} INFO -  Previous state of the Task instance: queued
[2025-04-21T12:40:46.243+0000] {logging_mixin.py:190} INFO - Current task name:predict_and_store_result state:running start_date:2025-04-21 12:40:45.341588+00:00
[2025-04-21T12:40:46.248+0000] {logging_mixin.py:190} INFO - Dag name:perbaikan_skripsi and current dag run status:running
[2025-04-21T12:40:46.251+0000] {taskinstance.py:731} INFO - ::endgroup::
[2025-04-21T12:40:46.255+0000] {logging_mixin.py:190} INFO - 🔍 [2] Memproses data dan melakukan prediksi...
[2025-04-21T12:40:46.339+0000] {logging_mixin.py:190} INFO - ⚠️ Tidak ada data untuk diproses.
[2025-04-21T12:40:46.341+0000] {python.py:240} INFO - Done. Returned value was: None
[2025-04-21T12:40:46.402+0000] {taskinstance.py:340} INFO - ::group::Post task execution logs
[2025-04-21T12:40:46.407+0000] {taskinstance.py:352} INFO - Marking task as SUCCESS. dag_id=perbaikan_skripsi, task_id=predict_and_store_result, run_id=scheduled__2025-04-21T12:37:00+00:00, execution_date=20250421T123700, start_date=20250421T124045, end_date=20250421T124046
[2025-04-21T12:40:46.517+0000] {logging_mixin.py:190} INFO - Task instance in success state
[2025-04-21T12:40:46.526+0000] {logging_mixin.py:190} INFO -  Previous state of the Task instance: running
[2025-04-21T12:40:46.528+0000] {logging_mixin.py:190} INFO - Dag name:perbaikan_skripsi queued_at:2025-04-21 12:38:00.395792+00:00
[2025-04-21T12:40:46.531+0000] {logging_mixin.py:190} INFO - Task hostname:a9576c91091e operator:PythonOperator
[2025-04-21T12:40:46.644+0000] {local_task_job_runner.py:266} INFO - Task exited with return code 0
[2025-04-21T12:40:46.731+0000] {taskinstance.py:3895} INFO - 0 downstream tasks scheduled from follow-on schedule check
[2025-04-21T12:40:46.738+0000] {local_task_job_runner.py:245} INFO - ::endgroup::
