[2025-02-25T18:40:10.628+0000] {local_task_job_runner.py:123} INFO - ::group::Pre task execution logs
[2025-02-25T18:40:10.679+0000] {taskinstance.py:2613} INFO - Dependencies all met for dep_context=non-requeueable deps ti=<TaskInstance: skripsi.get_data_from_db scheduled__2025-02-25T18:39:00+00:00 [queued]>
[2025-02-25T18:40:10.716+0000] {taskinstance.py:2613} INFO - Dependencies all met for dep_context=requeueable deps ti=<TaskInstance: skripsi.get_data_from_db scheduled__2025-02-25T18:39:00+00:00 [queued]>
[2025-02-25T18:40:10.719+0000] {taskinstance.py:2866} INFO - Starting attempt 1 of 6
[2025-02-25T18:40:10.768+0000] {taskinstance.py:2889} INFO - Executing <Task(PythonOperator): get_data_from_db> on 2025-02-25 18:39:00+00:00
[2025-02-25T18:40:10.795+0000] {standard_task_runner.py:104} INFO - Running: ['airflow', 'tasks', 'run', 'skripsi', 'get_data_from_db', 'scheduled__2025-02-25T18:39:00+00:00', '--job-id', '102', '--raw', '--subdir', 'DAGS_FOLDER/tugas_akhir.py', '--cfg-path', '/tmp/tmpzp9_k7p8']
[2025-02-25T18:40:10.799+0000] {logging_mixin.py:190} WARNING - /home/airflow/.local/lib/python3.12/site-packages/airflow/task/task_runner/standard_task_runner.py:70 DeprecationWarning: This process (pid=52727) is multi-threaded, use of fork() may lead to deadlocks in the child.
[2025-02-25T18:40:10.801+0000] {standard_task_runner.py:105} INFO - Job 102: Subtask get_data_from_db
[2025-02-25T18:40:10.802+0000] {standard_task_runner.py:72} INFO - Started process 52779 to run task
[2025-02-25T18:40:10.915+0000] {task_command.py:467} INFO - Running <TaskInstance: skripsi.get_data_from_db scheduled__2025-02-25T18:39:00+00:00 [running]> on host d22a487e6b55
[2025-02-25T18:40:11.100+0000] {taskinstance.py:3132} INFO - Exporting env vars: AIRFLOW_CTX_DAG_OWNER='Dion Rikki' AIRFLOW_CTX_DAG_ID='skripsi' AIRFLOW_CTX_TASK_ID='get_data_from_db' AIRFLOW_CTX_EXECUTION_DATE='2025-02-25T18:39:00+00:00' AIRFLOW_CTX_TRY_NUMBER='1' AIRFLOW_CTX_DAG_RUN_ID='scheduled__2025-02-25T18:39:00+00:00'
[2025-02-25T18:40:11.104+0000] {logging_mixin.py:190} INFO - Task instance is in running state
[2025-02-25T18:40:11.105+0000] {logging_mixin.py:190} INFO -  Previous state of the Task instance: queued
[2025-02-25T18:40:11.107+0000] {logging_mixin.py:190} INFO - Current task name:get_data_from_db state:running start_date:2025-02-25 18:40:10.680010+00:00
[2025-02-25T18:40:11.108+0000] {logging_mixin.py:190} INFO - Dag name:skripsi and current dag run status:running
[2025-02-25T18:40:11.110+0000] {taskinstance.py:731} INFO - ::endgroup::
[2025-02-25T18:40:11.113+0000] {logging_mixin.py:190} INFO - 🔍 [1] Menghubungkan ke database MySQL...
[2025-02-25T18:40:11.169+0000] {logging_mixin.py:190} INFO - 📊 Data yang diambil dari MySQL:
   Humidity  Moisture
0      86.0      25.8
[2025-02-25T18:40:11.194+0000] {logging_mixin.py:190} INFO - ✅ Data berhasil disimpan ke XCom. Jumlah baris: 1
[2025-02-25T18:40:11.195+0000] {python.py:240} INFO - Done. Returned value was: None
[2025-02-25T18:40:11.212+0000] {taskinstance.py:340} INFO - ::group::Post task execution logs
[2025-02-25T18:40:11.213+0000] {taskinstance.py:352} INFO - Marking task as SUCCESS. dag_id=skripsi, task_id=get_data_from_db, run_id=scheduled__2025-02-25T18:39:00+00:00, execution_date=20250225T183900, start_date=20250225T184010, end_date=20250225T184011
[2025-02-25T18:40:11.237+0000] {logging_mixin.py:190} INFO - Task instance in success state
[2025-02-25T18:40:11.238+0000] {logging_mixin.py:190} INFO -  Previous state of the Task instance: running
[2025-02-25T18:40:11.240+0000] {logging_mixin.py:190} INFO - Dag name:skripsi queued_at:2025-02-25 18:40:00.257357+00:00
[2025-02-25T18:40:11.242+0000] {logging_mixin.py:190} INFO - Task hostname:d22a487e6b55 operator:PythonOperator
[2025-02-25T18:40:11.281+0000] {local_task_job_runner.py:266} INFO - Task exited with return code 0
[2025-02-25T18:40:11.321+0000] {taskinstance.py:3895} INFO - 1 downstream tasks scheduled from follow-on schedule check
[2025-02-25T18:40:11.330+0000] {local_task_job_runner.py:245} INFO - ::endgroup::
