[2025-03-11T06:28:20.921+0000] {local_task_job_runner.py:123} INFO - ::group::Pre task execution logs
[2025-03-11T06:28:20.975+0000] {taskinstance.py:2613} INFO - Dependencies all met for dep_context=non-requeueable deps ti=<TaskInstance: skripsi_perbaikan.wait_for_new_data scheduled__2025-03-11T06:22:00+00:00 [queued]>
[2025-03-11T06:28:21.005+0000] {taskinstance.py:2613} INFO - Dependencies all met for dep_context=requeueable deps ti=<TaskInstance: skripsi_perbaikan.wait_for_new_data scheduled__2025-03-11T06:22:00+00:00 [queued]>
[2025-03-11T06:28:21.007+0000] {taskinstance.py:2866} INFO - Starting attempt 5 of 4
[2025-03-11T06:28:21.042+0000] {taskinstance.py:2889} INFO - Executing <Task(SqlSensor): wait_for_new_data> on 2025-03-11 06:22:00+00:00
[2025-03-11T06:28:21.067+0000] {logging_mixin.py:190} WARNING - /home/airflow/.local/lib/python3.12/site-packages/airflow/task/task_runner/standard_task_runner.py:70 DeprecationWarning: This process (pid=97862) is multi-threaded, use of fork() may lead to deadlocks in the child.
[2025-03-11T06:28:21.070+0000] {standard_task_runner.py:72} INFO - Started process 97896 to run task
[2025-03-11T06:28:21.070+0000] {standard_task_runner.py:104} INFO - Running: ['airflow', 'tasks', 'run', 'skripsi_perbaikan', 'wait_for_new_data', 'scheduled__2025-03-11T06:22:00+00:00', '--job-id', '4404', '--raw', '--subdir', 'DAGS_FOLDER/tugas_akhir.py', '--cfg-path', '/tmp/tmpws1i3rfe']
[2025-03-11T06:28:21.073+0000] {standard_task_runner.py:105} INFO - Job 4404: Subtask wait_for_new_data
[2025-03-11T06:28:21.170+0000] {task_command.py:467} INFO - Running <TaskInstance: skripsi_perbaikan.wait_for_new_data scheduled__2025-03-11T06:22:00+00:00 [running]> on host b493651eb2c9
[2025-03-11T06:28:21.307+0000] {taskinstance.py:3132} INFO - Exporting env vars: AIRFLOW_CTX_DAG_OWNER='Dion Rikki' AIRFLOW_CTX_DAG_ID='skripsi_perbaikan' AIRFLOW_CTX_TASK_ID='wait_for_new_data' AIRFLOW_CTX_EXECUTION_DATE='2025-03-11T06:22:00+00:00' AIRFLOW_CTX_TRY_NUMBER='5' AIRFLOW_CTX_DAG_RUN_ID='scheduled__2025-03-11T06:22:00+00:00'
[2025-03-11T06:28:21.310+0000] {logging_mixin.py:190} INFO - Task instance is in running state
[2025-03-11T06:28:21.311+0000] {logging_mixin.py:190} INFO -  Previous state of the Task instance: queued
[2025-03-11T06:28:21.313+0000] {logging_mixin.py:190} INFO - Current task name:wait_for_new_data state:running start_date:2025-03-11 06:28:20.977914+00:00
[2025-03-11T06:28:21.315+0000] {logging_mixin.py:190} INFO - Dag name:skripsi_perbaikan and current dag run status:running
[2025-03-11T06:28:21.316+0000] {taskinstance.py:731} INFO - ::endgroup::
[2025-03-11T06:28:21.338+0000] {base.py:84} INFO - Retrieving connection 'mysql_default'
[2025-03-11T06:28:21.344+0000] {sql.py:101} INFO - Poking: 
            SELECT COUNT(*) 
            FROM tugas_akhir_sensordata s
            WHERE s.timestamp >= NOW() - INTERVAL 5 MINUTE
            AND s.soil_type IS NOT NULL
            AND s.crop_type IS NOT NULL
            AND NOT EXISTS (
                SELECT 1 
                FROM fertilizer_predictions f
                WHERE f.sensor_data_id = s.id
            )
         (with parameters None)
[2025-03-11T06:28:21.353+0000] {base.py:84} INFO - Retrieving connection 'mysql_default'
[2025-03-11T06:28:21.362+0000] {sql.py:553} INFO - Running statement: 
            SELECT COUNT(*) 
            FROM tugas_akhir_sensordata s
            WHERE s.timestamp >= NOW() - INTERVAL 5 MINUTE
            AND s.soil_type IS NOT NULL
            AND s.crop_type IS NOT NULL
            AND NOT EXISTS (
                SELECT 1 
                FROM fertilizer_predictions f
                WHERE f.sensor_data_id = s.id
            )
        , parameters: None
[2025-03-11T06:28:21.364+0000] {sql.py:562} INFO - Rows affected: 1
[2025-03-11T06:28:21.397+0000] {taskinstance.py:309} INFO - Rescheduling task, marking task as UP_FOR_RESCHEDULE
[2025-03-11T06:28:21.398+0000] {taskinstance.py:340} INFO - ::group::Post task execution logs
[2025-03-11T06:28:21.419+0000] {local_task_job_runner.py:266} INFO - Task exited with return code 0
[2025-03-11T06:28:21.478+0000] {taskinstance.py:3895} INFO - 0 downstream tasks scheduled from follow-on schedule check
[2025-03-11T06:28:21.482+0000] {local_task_job_runner.py:245} INFO - ::endgroup::
