[2025-02-25T19:54:09.371+0000] {local_task_job_runner.py:123} INFO - ::group::Pre task execution logs
[2025-02-25T19:54:09.415+0000] {taskinstance.py:2613} INFO - Dependencies all met for dep_context=non-requeueable deps ti=<TaskInstance: skripsi_akhir.get_data_from_db scheduled__2025-02-25T19:52:00+00:00 [queued]>
[2025-02-25T19:54:09.447+0000] {taskinstance.py:2613} INFO - Dependencies all met for dep_context=requeueable deps ti=<TaskInstance: skripsi_akhir.get_data_from_db scheduled__2025-02-25T19:52:00+00:00 [queued]>
[2025-02-25T19:54:09.448+0000] {taskinstance.py:2866} INFO - Starting attempt 1 of 6
[2025-02-25T19:54:09.498+0000] {taskinstance.py:2889} INFO - Executing <Task(PythonOperator): get_data_from_db> on 2025-02-25 19:52:00+00:00
[2025-02-25T19:54:09.523+0000] {logging_mixin.py:190} WARNING - /home/airflow/.local/lib/python3.12/site-packages/airflow/task/task_runner/standard_task_runner.py:70 DeprecationWarning: This process (pid=96149) is multi-threaded, use of fork() may lead to deadlocks in the child.
[2025-02-25T19:54:09.523+0000] {standard_task_runner.py:104} INFO - Running: ['airflow', 'tasks', 'run', 'skripsi_akhir', 'get_data_from_db', 'scheduled__2025-02-25T19:52:00+00:00', '--job-id', '456', '--raw', '--subdir', 'DAGS_FOLDER/tugas_akhir.py', '--cfg-path', '/tmp/tmpusgw4iz6']
[2025-02-25T19:54:09.527+0000] {standard_task_runner.py:105} INFO - Job 456: Subtask get_data_from_db
[2025-02-25T19:54:09.526+0000] {standard_task_runner.py:72} INFO - Started process 96205 to run task
[2025-02-25T19:54:09.619+0000] {task_command.py:467} INFO - Running <TaskInstance: skripsi_akhir.get_data_from_db scheduled__2025-02-25T19:52:00+00:00 [running]> on host d22a487e6b55
[2025-02-25T19:54:09.814+0000] {taskinstance.py:3132} INFO - Exporting env vars: AIRFLOW_CTX_DAG_OWNER='Dion Rikki' AIRFLOW_CTX_DAG_ID='skripsi_akhir' AIRFLOW_CTX_TASK_ID='get_data_from_db' AIRFLOW_CTX_EXECUTION_DATE='2025-02-25T19:52:00+00:00' AIRFLOW_CTX_TRY_NUMBER='1' AIRFLOW_CTX_DAG_RUN_ID='scheduled__2025-02-25T19:52:00+00:00'
[2025-02-25T19:54:09.818+0000] {logging_mixin.py:190} INFO - Task instance is in running state
[2025-02-25T19:54:09.822+0000] {logging_mixin.py:190} INFO -  Previous state of the Task instance: queued
[2025-02-25T19:54:09.824+0000] {logging_mixin.py:190} INFO - Current task name:get_data_from_db state:running start_date:2025-02-25 19:54:09.416301+00:00
[2025-02-25T19:54:09.825+0000] {logging_mixin.py:190} INFO - Dag name:skripsi_akhir and current dag run status:running
[2025-02-25T19:54:09.827+0000] {taskinstance.py:731} INFO - ::endgroup::
[2025-02-25T19:54:09.832+0000] {logging_mixin.py:190} INFO - 🔍 [1] Menghubungkan ke database MySQL...
[2025-02-25T19:54:09.885+0000] {logging_mixin.py:190} INFO - 📊 Data yang diambil dari MySQL:
   Humidity  Moisture
0      86.0      25.8
1      85.0      25.8
[2025-02-25T19:54:09.913+0000] {logging_mixin.py:190} INFO - ✅ Data berhasil disimpan ke XCom. Jumlah baris: 2
[2025-02-25T19:54:09.915+0000] {python.py:240} INFO - Done. Returned value was: None
[2025-02-25T19:54:09.938+0000] {taskinstance.py:340} INFO - ::group::Post task execution logs
[2025-02-25T19:54:09.940+0000] {taskinstance.py:352} INFO - Marking task as SUCCESS. dag_id=skripsi_akhir, task_id=get_data_from_db, run_id=scheduled__2025-02-25T19:52:00+00:00, execution_date=20250225T195200, start_date=20250225T195409, end_date=20250225T195409
[2025-02-25T19:54:09.969+0000] {logging_mixin.py:190} INFO - Task instance in success state
[2025-02-25T19:54:09.970+0000] {logging_mixin.py:190} INFO -  Previous state of the Task instance: running
[2025-02-25T19:54:09.972+0000] {logging_mixin.py:190} INFO - Dag name:skripsi_akhir queued_at:2025-02-25 19:54:00.144110+00:00
[2025-02-25T19:54:09.973+0000] {logging_mixin.py:190} INFO - Task hostname:d22a487e6b55 operator:PythonOperator
[2025-02-25T19:54:10.003+0000] {local_task_job_runner.py:266} INFO - Task exited with return code 0
[2025-02-25T19:54:10.058+0000] {taskinstance.py:3895} INFO - 1 downstream tasks scheduled from follow-on schedule check
[2025-02-25T19:54:10.076+0000] {local_task_job_runner.py:245} INFO - ::endgroup::
