[2025-04-07T16:40:16.825+0000] {local_task_job_runner.py:123} INFO - ::group::Pre task execution logs
[2025-04-07T16:40:16.901+0000] {taskinstance.py:2613} INFO - Dependencies all met for dep_context=non-requeueable deps ti=<TaskInstance: perbaikan_skripsi.predict_and_store_result scheduled__2025-04-07T16:38:00+00:00 [queued]>
[2025-04-07T16:40:16.953+0000] {taskinstance.py:2613} INFO - Dependencies all met for dep_context=requeueable deps ti=<TaskInstance: perbaikan_skripsi.predict_and_store_result scheduled__2025-04-07T16:38:00+00:00 [queued]>
[2025-04-07T16:40:16.955+0000] {taskinstance.py:2866} INFO - Starting attempt 1 of 4
[2025-04-07T16:40:17.021+0000] {taskinstance.py:2889} INFO - Executing <Task(PythonOperator): predict_and_store_result> on 2025-04-07 16:38:00+00:00
[2025-04-07T16:40:17.057+0000] {logging_mixin.py:190} WARNING - /home/airflow/.local/lib/python3.12/site-packages/airflow/task/task_runner/standard_task_runner.py:70 DeprecationWarning: This process (pid=55943) is multi-threaded, use of fork() may lead to deadlocks in the child.
[2025-04-07T16:40:17.060+0000] {standard_task_runner.py:72} INFO - Started process 55975 to run task
[2025-04-07T16:40:17.053+0000] {standard_task_runner.py:104} INFO - Running: ['airflow', 'tasks', 'run', 'perbaikan_skripsi', 'predict_and_store_result', 'scheduled__2025-04-07T16:38:00+00:00', '--job-id', '3001', '--raw', '--subdir', 'DAGS_FOLDER/tugas_akhir.py', '--cfg-path', '/tmp/tmptqqoihdh']
[2025-04-07T16:40:17.065+0000] {standard_task_runner.py:105} INFO - Job 3001: Subtask predict_and_store_result
[2025-04-07T16:40:17.256+0000] {task_command.py:467} INFO - Running <TaskInstance: perbaikan_skripsi.predict_and_store_result scheduled__2025-04-07T16:38:00+00:00 [running]> on host a9576c91091e
[2025-04-07T16:40:17.578+0000] {taskinstance.py:3132} INFO - Exporting env vars: AIRFLOW_CTX_DAG_OWNER='Dion Rikki' AIRFLOW_CTX_DAG_ID='perbaikan_skripsi' AIRFLOW_CTX_TASK_ID='predict_and_store_result' AIRFLOW_CTX_EXECUTION_DATE='2025-04-07T16:38:00+00:00' AIRFLOW_CTX_TRY_NUMBER='1' AIRFLOW_CTX_DAG_RUN_ID='scheduled__2025-04-07T16:38:00+00:00'
[2025-04-07T16:40:17.587+0000] {logging_mixin.py:190} INFO - Task instance is in running state
[2025-04-07T16:40:17.588+0000] {logging_mixin.py:190} INFO -  Previous state of the Task instance: queued
[2025-04-07T16:40:17.591+0000] {logging_mixin.py:190} INFO - Current task name:predict_and_store_result state:running start_date:2025-04-07 16:40:16.904147+00:00
[2025-04-07T16:40:17.592+0000] {logging_mixin.py:190} INFO - Dag name:perbaikan_skripsi and current dag run status:running
[2025-04-07T16:40:17.593+0000] {taskinstance.py:731} INFO - ::endgroup::
[2025-04-07T16:40:17.596+0000] {logging_mixin.py:190} INFO - 🔍 [2] Memproses data dan melakukan prediksi...
[2025-04-07T16:40:17.709+0000] {logging_mixin.py:190} INFO - ✅ Data siap diproses: 2 baris
    id  Temperature  Humidity  ...  nitrogen phosphorous potassium
0  562         26.2      86.0  ...     102.0       281.0     275.0
1  563         26.2      86.0  ...      99.0       276.0     271.0

[2 rows x 9 columns]
[2025-04-07T16:40:17.719+0000] {logging_mixin.py:190} INFO - 📝 Menyesuaikan nama kolom dengan model training...
[2025-04-07T16:40:17.729+0000] {logging_mixin.py:190} INFO - 🔧 Melakukan encoding kategori Soil_Type dan Crop_Type...
[2025-04-07T16:40:17.753+0000] {logging_mixin.py:190} INFO - 🧠 Menyiapkan fitur untuk prediksi...
[2025-04-07T16:40:17.758+0000] {logging_mixin.py:190} INFO - 🤖 Menjalankan model prediksi...
[2025-04-07T16:40:17.805+0000] {logging_mixin.py:190} INFO - ✅ Prediksi selesai:
    id predicted_fertilizer
0  562                 Urea
1  563                 Urea
[2025-04-07T16:40:17.808+0000] {logging_mixin.py:190} INFO - 💾 Menyimpan hasil ke tabel fertilizer_predictions...
[2025-04-07T16:40:17.919+0000] {logging_mixin.py:190} INFO - ✅ Hasil prediksi berhasil disimpan.
[2025-04-07T16:40:17.925+0000] {python.py:240} INFO - Done. Returned value was: None
[2025-04-07T16:40:17.976+0000] {taskinstance.py:340} INFO - ::group::Post task execution logs
[2025-04-07T16:40:17.981+0000] {taskinstance.py:352} INFO - Marking task as SUCCESS. dag_id=perbaikan_skripsi, task_id=predict_and_store_result, run_id=scheduled__2025-04-07T16:38:00+00:00, execution_date=20250407T163800, start_date=20250407T164016, end_date=20250407T164017
[2025-04-07T16:40:18.044+0000] {logging_mixin.py:190} INFO - Task instance in success state
[2025-04-07T16:40:18.050+0000] {logging_mixin.py:190} INFO -  Previous state of the Task instance: running
[2025-04-07T16:40:18.054+0000] {logging_mixin.py:190} INFO - Dag name:perbaikan_skripsi queued_at:2025-04-07 16:40:01.135753+00:00
[2025-04-07T16:40:18.056+0000] {logging_mixin.py:190} INFO - Task hostname:a9576c91091e operator:PythonOperator
[2025-04-07T16:40:18.087+0000] {local_task_job_runner.py:266} INFO - Task exited with return code 0
[2025-04-07T16:40:18.144+0000] {taskinstance.py:3895} INFO - 0 downstream tasks scheduled from follow-on schedule check
[2025-04-07T16:40:18.151+0000] {local_task_job_runner.py:245} INFO - ::endgroup::
