[2025-04-22T04:32:10.063+0000] {local_task_job_runner.py:123} INFO - ::group::Pre task execution logs
[2025-04-22T04:32:10.094+0000] {taskinstance.py:2613} INFO - Dependencies all met for dep_context=non-requeueable deps ti=<TaskInstance: perbaikan_skripsi.get_data_from_db scheduled__2025-04-22T04:31:00+00:00 [queued]>
[2025-04-22T04:32:10.114+0000] {taskinstance.py:2613} INFO - Dependencies all met for dep_context=requeueable deps ti=<TaskInstance: perbaikan_skripsi.get_data_from_db scheduled__2025-04-22T04:31:00+00:00 [queued]>
[2025-04-22T04:32:10.115+0000] {taskinstance.py:2866} INFO - Starting attempt 1 of 4
[2025-04-22T04:32:10.142+0000] {taskinstance.py:2889} INFO - Executing <Task(PythonOperator): get_data_from_db> on 2025-04-22 04:31:00+00:00
[2025-04-22T04:32:10.163+0000] {standard_task_runner.py:104} INFO - Running: ['airflow', 'tasks', 'run', 'perbaikan_skripsi', 'get_data_from_db', 'scheduled__2025-04-22T04:31:00+00:00', '--job-id', '3365', '--raw', '--subdir', 'DAGS_FOLDER/tugas_akhir.py', '--cfg-path', '/tmp/tmpxiu8dws6']
[2025-04-22T04:32:10.165+0000] {logging_mixin.py:190} WARNING - /home/airflow/.local/lib/python3.12/site-packages/airflow/task/task_runner/standard_task_runner.py:70 DeprecationWarning: This process (pid=20294) is multi-threaded, use of fork() may lead to deadlocks in the child.
[2025-04-22T04:32:10.166+0000] {standard_task_runner.py:105} INFO - Job 3365: Subtask get_data_from_db
[2025-04-22T04:32:10.167+0000] {standard_task_runner.py:72} INFO - Started process 20328 to run task
[2025-04-22T04:32:10.249+0000] {task_command.py:467} INFO - Running <TaskInstance: perbaikan_skripsi.get_data_from_db scheduled__2025-04-22T04:31:00+00:00 [running]> on host d0938d3cd7ee
[2025-04-22T04:32:10.395+0000] {taskinstance.py:3132} INFO - Exporting env vars: AIRFLOW_CTX_DAG_OWNER='Dion Rikki' AIRFLOW_CTX_DAG_ID='perbaikan_skripsi' AIRFLOW_CTX_TASK_ID='get_data_from_db' AIRFLOW_CTX_EXECUTION_DATE='2025-04-22T04:31:00+00:00' AIRFLOW_CTX_TRY_NUMBER='1' AIRFLOW_CTX_DAG_RUN_ID='scheduled__2025-04-22T04:31:00+00:00'
[2025-04-22T04:32:10.398+0000] {logging_mixin.py:190} INFO - Task instance is in running state
[2025-04-22T04:32:10.399+0000] {logging_mixin.py:190} INFO -  Previous state of the Task instance: queued
[2025-04-22T04:32:10.399+0000] {logging_mixin.py:190} INFO - Current task name:get_data_from_db state:running start_date:2025-04-22 04:32:10.095646+00:00
[2025-04-22T04:32:10.400+0000] {logging_mixin.py:190} INFO - Dag name:perbaikan_skripsi and current dag run status:running
[2025-04-22T04:32:10.401+0000] {taskinstance.py:731} INFO - ::endgroup::
[2025-04-22T04:32:10.402+0000] {logging_mixin.py:190} INFO - 🔍 [1] Mengambil data sensor terbaru yang lengkap dan belum diprediksi...
[2025-04-22T04:32:10.432+0000] {logging_mixin.py:190} INFO - 📊 Data ditemukan: 1 baris
[2025-04-22T04:32:10.455+0000] {python.py:240} INFO - Done. Returned value was: None
[2025-04-22T04:32:10.472+0000] {taskinstance.py:340} INFO - ::group::Post task execution logs
[2025-04-22T04:32:10.473+0000] {taskinstance.py:352} INFO - Marking task as SUCCESS. dag_id=perbaikan_skripsi, task_id=get_data_from_db, run_id=scheduled__2025-04-22T04:31:00+00:00, execution_date=20250422T043100, start_date=20250422T043210, end_date=20250422T043210
[2025-04-22T04:32:10.495+0000] {logging_mixin.py:190} INFO - Task instance in success state
[2025-04-22T04:32:10.496+0000] {logging_mixin.py:190} INFO -  Previous state of the Task instance: running
[2025-04-22T04:32:10.497+0000] {logging_mixin.py:190} INFO - Dag name:perbaikan_skripsi queued_at:2025-04-22 04:32:00.830757+00:00
[2025-04-22T04:32:10.497+0000] {logging_mixin.py:190} INFO - Task hostname:d0938d3cd7ee operator:PythonOperator
[2025-04-22T04:32:10.520+0000] {local_task_job_runner.py:266} INFO - Task exited with return code 0
[2025-04-22T04:32:10.560+0000] {taskinstance.py:3895} INFO - 1 downstream tasks scheduled from follow-on schedule check
[2025-04-22T04:32:10.568+0000] {local_task_job_runner.py:245} INFO - ::endgroup::
