[2025-02-25T15:37:06.705+0000] {local_task_job_runner.py:123} INFO - ::group::Pre task execution logs
[2025-02-25T15:37:06.753+0000] {taskinstance.py:2613} INFO - Dependencies all met for dep_context=non-requeueable deps ti=<TaskInstance: triggered_by_new_data.wait_for_new_data manual__2025-02-25T15:36:59.907674+00:00 [queued]>
[2025-02-25T15:37:06.779+0000] {taskinstance.py:2613} INFO - Dependencies all met for dep_context=requeueable deps ti=<TaskInstance: triggered_by_new_data.wait_for_new_data manual__2025-02-25T15:36:59.907674+00:00 [queued]>
[2025-02-25T15:37:06.780+0000] {taskinstance.py:2866} INFO - Starting attempt 1 of 6
[2025-02-25T15:37:06.827+0000] {taskinstance.py:2889} INFO - Executing <Task(SqlSensor): wait_for_new_data> on 2025-02-25 15:36:59.907674+00:00
[2025-02-25T15:37:06.856+0000] {standard_task_runner.py:104} INFO - Running: ['airflow', 'tasks', 'run', 'triggered_by_new_data', 'wait_for_new_data', 'manual__2025-02-25T15:36:59.907674+00:00', '--job-id', '73', '--raw', '--subdir', 'DAGS_FOLDER/tugas_akhir.py', '--cfg-path', '/tmp/tmp47rv72r2']
[2025-02-25T15:37:06.857+0000] {logging_mixin.py:190} WARNING - /home/airflow/.local/lib/python3.12/site-packages/airflow/task/task_runner/standard_task_runner.py:70 DeprecationWarning: This process (pid=56721) is multi-threaded, use of fork() may lead to deadlocks in the child.
[2025-02-25T15:37:06.860+0000] {standard_task_runner.py:105} INFO - Job 73: Subtask wait_for_new_data
[2025-02-25T15:37:06.861+0000] {standard_task_runner.py:72} INFO - Started process 56768 to run task
[2025-02-25T15:37:06.988+0000] {task_command.py:467} INFO - Running <TaskInstance: triggered_by_new_data.wait_for_new_data manual__2025-02-25T15:36:59.907674+00:00 [running]> on host 15e5b1e5ccc7
[2025-02-25T15:37:07.360+0000] {taskinstance.py:3132} INFO - Exporting env vars: AIRFLOW_CTX_DAG_OWNER='Dion Rikki' AIRFLOW_CTX_DAG_ID='triggered_by_new_data' AIRFLOW_CTX_TASK_ID='wait_for_new_data' AIRFLOW_CTX_EXECUTION_DATE='2025-02-25T15:36:59.907674+00:00' AIRFLOW_CTX_TRY_NUMBER='1' AIRFLOW_CTX_DAG_RUN_ID='manual__2025-02-25T15:36:59.907674+00:00'
[2025-02-25T15:37:07.368+0000] {logging_mixin.py:190} INFO - Task instance is in running state
[2025-02-25T15:37:07.371+0000] {logging_mixin.py:190} INFO -  Previous state of the Task instance: queued
[2025-02-25T15:37:07.374+0000] {logging_mixin.py:190} INFO - Current task name:wait_for_new_data state:running start_date:2025-02-25 15:37:06.754536+00:00
[2025-02-25T15:37:07.376+0000] {logging_mixin.py:190} INFO - Dag name:triggered_by_new_data and current dag run status:running
[2025-02-25T15:37:07.379+0000] {taskinstance.py:731} INFO - ::endgroup::
[2025-02-25T15:37:07.408+0000] {base.py:84} INFO - Retrieving connection 'mysql_default'
[2025-02-25T15:37:07.421+0000] {sql.py:101} INFO - Poking: SELECT COUNT(*) FROM tugas_akhir_sensordata WHERE timestamp >= NOW() - INTERVAL 5 MINUTE (with parameters None)
[2025-02-25T15:37:07.441+0000] {base.py:84} INFO - Retrieving connection 'mysql_default'
[2025-02-25T15:37:07.457+0000] {sql.py:553} INFO - Running statement: SELECT COUNT(*) FROM tugas_akhir_sensordata WHERE timestamp >= NOW() - INTERVAL 5 MINUTE, parameters: None
[2025-02-25T15:37:07.459+0000] {sql.py:562} INFO - Rows affected: 1
[2025-02-25T15:37:07.465+0000] {base.py:336} INFO - Success criteria met. Exiting.
[2025-02-25T15:37:07.486+0000] {taskinstance.py:340} INFO - ::group::Post task execution logs
[2025-02-25T15:37:07.487+0000] {taskinstance.py:352} INFO - Marking task as SUCCESS. dag_id=triggered_by_new_data, task_id=wait_for_new_data, run_id=manual__2025-02-25T15:36:59.907674+00:00, execution_date=20250225T153659, start_date=20250225T153706, end_date=20250225T153707
[2025-02-25T15:37:07.533+0000] {logging_mixin.py:190} INFO - Task instance in success state
[2025-02-25T15:37:07.535+0000] {logging_mixin.py:190} INFO -  Previous state of the Task instance: running
[2025-02-25T15:37:07.538+0000] {logging_mixin.py:190} INFO - Dag name:triggered_by_new_data queued_at:2025-02-25 15:36:59.960932+00:00
[2025-02-25T15:37:07.540+0000] {logging_mixin.py:190} INFO - Task hostname:15e5b1e5ccc7 operator:SqlSensor
[2025-02-25T15:37:07.592+0000] {local_task_job_runner.py:266} INFO - Task exited with return code 0
[2025-02-25T15:37:07.685+0000] {taskinstance.py:3895} INFO - 1 downstream tasks scheduled from follow-on schedule check
[2025-02-25T15:37:07.718+0000] {local_task_job_runner.py:245} INFO - ::endgroup::
