[2025-04-11T19:27:12.882+0000] {local_task_job_runner.py:123} INFO - ::group::Pre task execution logs
[2025-04-11T19:27:12.938+0000] {taskinstance.py:2613} INFO - Dependencies all met for dep_context=non-requeueable deps ti=<TaskInstance: perbaikan_skripsi.wait_for_new_data scheduled__2025-04-11T19:24:00+00:00 [queued]>
[2025-04-11T19:27:12.982+0000] {taskinstance.py:2613} INFO - Dependencies all met for dep_context=requeueable deps ti=<TaskInstance: perbaikan_skripsi.wait_for_new_data scheduled__2025-04-11T19:24:00+00:00 [queued]>
[2025-04-11T19:27:12.984+0000] {taskinstance.py:2866} INFO - Starting attempt 2 of 4
[2025-04-11T19:27:13.041+0000] {taskinstance.py:2889} INFO - Executing <Task(SqlSensor): wait_for_new_data> on 2025-04-11 19:24:00+00:00
[2025-04-11T19:27:13.068+0000] {standard_task_runner.py:104} INFO - Running: ['airflow', 'tasks', 'run', 'perbaikan_skripsi', 'wait_for_new_data', 'scheduled__2025-04-11T19:24:00+00:00', '--job-id', '7566', '--raw', '--subdir', 'DAGS_FOLDER/tugas_akhir.py', '--cfg-path', '/tmp/tmp6047sivy']
[2025-04-11T19:27:13.071+0000] {standard_task_runner.py:105} INFO - Job 7566: Subtask wait_for_new_data
[2025-04-11T19:27:13.075+0000] {logging_mixin.py:190} WARNING - /home/airflow/.local/lib/python3.12/site-packages/airflow/task/task_runner/standard_task_runner.py:70 DeprecationWarning: This process (pid=75022) is multi-threaded, use of fork() may lead to deadlocks in the child.
[2025-04-11T19:27:13.078+0000] {standard_task_runner.py:72} INFO - Started process 75081 to run task
[2025-04-11T19:27:13.186+0000] {task_command.py:467} INFO - Running <TaskInstance: perbaikan_skripsi.wait_for_new_data scheduled__2025-04-11T19:24:00+00:00 [running]> on host a9576c91091e
[2025-04-11T19:27:13.411+0000] {taskinstance.py:3132} INFO - Exporting env vars: AIRFLOW_CTX_DAG_OWNER='Dion Rikki' AIRFLOW_CTX_DAG_ID='perbaikan_skripsi' AIRFLOW_CTX_TASK_ID='wait_for_new_data' AIRFLOW_CTX_EXECUTION_DATE='2025-04-11T19:24:00+00:00' AIRFLOW_CTX_TRY_NUMBER='2' AIRFLOW_CTX_DAG_RUN_ID='scheduled__2025-04-11T19:24:00+00:00'
[2025-04-11T19:27:13.415+0000] {logging_mixin.py:190} INFO - Task instance is in running state
[2025-04-11T19:27:13.416+0000] {logging_mixin.py:190} INFO -  Previous state of the Task instance: queued
[2025-04-11T19:27:13.417+0000] {logging_mixin.py:190} INFO - Current task name:wait_for_new_data state:running start_date:2025-04-11 19:27:12.941848+00:00
[2025-04-11T19:27:13.418+0000] {logging_mixin.py:190} INFO - Dag name:perbaikan_skripsi and current dag run status:running
[2025-04-11T19:27:13.419+0000] {taskinstance.py:731} INFO - ::endgroup::
[2025-04-11T19:27:13.452+0000] {base.py:84} INFO - Retrieving connection 'mysql_default'
[2025-04-11T19:27:13.459+0000] {sql.py:101} INFO - Poking: 
            SELECT COUNT(*) 
            FROM tugas_akhir_sensordata s
            WHERE s.timestamp >= NOW() - INTERVAL 3 MINUTE
            AND s.soil_type IS NOT NULL
            AND s.crop_type IS NOT NULL
            AND NOT EXISTS (
                SELECT 1 
                FROM fertilizer_predictions f
                WHERE f.sensor_data_id = s.id
            )
         (with parameters None)
[2025-04-11T19:27:13.469+0000] {base.py:84} INFO - Retrieving connection 'mysql_default'
[2025-04-11T19:27:13.478+0000] {sql.py:553} INFO - Running statement: 
            SELECT COUNT(*) 
            FROM tugas_akhir_sensordata s
            WHERE s.timestamp >= NOW() - INTERVAL 3 MINUTE
            AND s.soil_type IS NOT NULL
            AND s.crop_type IS NOT NULL
            AND NOT EXISTS (
                SELECT 1 
                FROM fertilizer_predictions f
                WHERE f.sensor_data_id = s.id
            )
        , parameters: None
[2025-04-11T19:27:13.481+0000] {sql.py:562} INFO - Rows affected: 1
[2025-04-11T19:27:13.517+0000] {taskinstance.py:309} INFO - Rescheduling task, marking task as UP_FOR_RESCHEDULE
[2025-04-11T19:27:13.518+0000] {taskinstance.py:340} INFO - ::group::Post task execution logs
[2025-04-11T19:27:13.548+0000] {local_task_job_runner.py:266} INFO - Task exited with return code 0
[2025-04-11T19:27:13.627+0000] {taskinstance.py:3895} INFO - 0 downstream tasks scheduled from follow-on schedule check
[2025-04-11T19:27:13.629+0000] {local_task_job_runner.py:245} INFO - ::endgroup::
