[2025-02-28T20:01:09.980+0000] {local_task_job_runner.py:123} INFO - ::group::Pre task execution logs
[2025-02-28T20:01:10.014+0000] {taskinstance.py:2613} INFO - Dependencies all met for dep_context=non-requeueable deps ti=<TaskInstance: skripsi_akhir_perbaikan.wait_for_new_data scheduled__2025-02-28T19:58:00+00:00 [queued]>
[2025-02-28T20:01:10.042+0000] {taskinstance.py:2613} INFO - Dependencies all met for dep_context=requeueable deps ti=<TaskInstance: skripsi_akhir_perbaikan.wait_for_new_data scheduled__2025-02-28T19:58:00+00:00 [queued]>
[2025-02-28T20:01:10.044+0000] {taskinstance.py:2866} INFO - Starting attempt 2 of 6
[2025-02-28T20:01:10.083+0000] {taskinstance.py:2889} INFO - Executing <Task(SqlSensor): wait_for_new_data> on 2025-02-28 19:58:00+00:00
[2025-02-28T20:01:10.105+0000] {logging_mixin.py:190} WARNING - /home/airflow/.local/lib/python3.12/site-packages/airflow/task/task_runner/standard_task_runner.py:70 DeprecationWarning: This process (pid=86716) is multi-threaded, use of fork() may lead to deadlocks in the child.
[2025-02-28T20:01:10.105+0000] {standard_task_runner.py:104} INFO - Running: ['airflow', 'tasks', 'run', 'skripsi_akhir_perbaikan', 'wait_for_new_data', 'scheduled__2025-02-28T19:58:00+00:00', '--job-id', '7284', '--raw', '--subdir', 'DAGS_FOLDER/tugas_akhir.py', '--cfg-path', '/tmp/tmpn7qs6sv2']
[2025-02-28T20:01:10.107+0000] {standard_task_runner.py:72} INFO - Started process 86750 to run task
[2025-02-28T20:01:10.108+0000] {standard_task_runner.py:105} INFO - Job 7284: Subtask wait_for_new_data
[2025-02-28T20:01:10.196+0000] {task_command.py:467} INFO - Running <TaskInstance: skripsi_akhir_perbaikan.wait_for_new_data scheduled__2025-02-28T19:58:00+00:00 [running]> on host 75f595111fc8
[2025-02-28T20:01:10.342+0000] {taskinstance.py:3132} INFO - Exporting env vars: AIRFLOW_CTX_DAG_OWNER='Dion Rikki' AIRFLOW_CTX_DAG_ID='skripsi_akhir_perbaikan' AIRFLOW_CTX_TASK_ID='wait_for_new_data' AIRFLOW_CTX_EXECUTION_DATE='2025-02-28T19:58:00+00:00' AIRFLOW_CTX_TRY_NUMBER='2' AIRFLOW_CTX_DAG_RUN_ID='scheduled__2025-02-28T19:58:00+00:00'
[2025-02-28T20:01:10.345+0000] {logging_mixin.py:190} INFO - Task instance is in running state
[2025-02-28T20:01:10.346+0000] {logging_mixin.py:190} INFO -  Previous state of the Task instance: queued
[2025-02-28T20:01:10.347+0000] {logging_mixin.py:190} INFO - Current task name:wait_for_new_data state:running start_date:2025-02-28 20:01:10.017206+00:00
[2025-02-28T20:01:10.348+0000] {logging_mixin.py:190} INFO - Dag name:skripsi_akhir_perbaikan and current dag run status:running
[2025-02-28T20:01:10.350+0000] {taskinstance.py:731} INFO - ::endgroup::
[2025-02-28T20:01:10.378+0000] {base.py:84} INFO - Retrieving connection 'mysql_default'
[2025-02-28T20:01:10.385+0000] {sql.py:101} INFO - Poking: 
        SELECT COUNT(*) 
        FROM tugas_akhir_sensordata s
        WHERE s.timestamp >= NOW() - INTERVAL 5 MINUTE
        AND NOT EXISTS (
            SELECT 1 
            FROM fertilizer_predictions f
            WHERE CAST(f.id AS SIGNED) = s.id  -- Menggunakan SIGNED di sini
        )
     (with parameters None)
[2025-02-28T20:01:10.395+0000] {base.py:84} INFO - Retrieving connection 'mysql_default'
[2025-02-28T20:01:10.405+0000] {sql.py:553} INFO - Running statement: 
        SELECT COUNT(*) 
        FROM tugas_akhir_sensordata s
        WHERE s.timestamp >= NOW() - INTERVAL 5 MINUTE
        AND NOT EXISTS (
            SELECT 1 
            FROM fertilizer_predictions f
            WHERE CAST(f.id AS SIGNED) = s.id  -- Menggunakan SIGNED di sini
        )
    , parameters: None
[2025-02-28T20:01:10.407+0000] {sql.py:562} INFO - Rows affected: 1
[2025-02-28T20:01:10.534+0000] {taskinstance.py:309} INFO - Rescheduling task, marking task as UP_FOR_RESCHEDULE
[2025-02-28T20:01:10.535+0000] {taskinstance.py:340} INFO - ::group::Post task execution logs
[2025-02-28T20:01:10.582+0000] {local_task_job_runner.py:266} INFO - Task exited with return code 0
[2025-02-28T20:01:10.628+0000] {taskinstance.py:3895} INFO - 0 downstream tasks scheduled from follow-on schedule check
[2025-02-28T20:01:10.631+0000] {local_task_job_runner.py:245} INFO - ::endgroup::
