[2025-04-07T15:20:03.978+0000] {local_task_job_runner.py:123} INFO - ::group::Pre task execution logs
[2025-04-07T15:20:04.023+0000] {taskinstance.py:2613} INFO - Dependencies all met for dep_context=non-requeueable deps ti=<TaskInstance: perbaikan_skripsi.wait_for_new_data scheduled__2025-04-07T15:18:00+00:00 [queued]>
[2025-04-07T15:20:04.055+0000] {taskinstance.py:2613} INFO - Dependencies all met for dep_context=requeueable deps ti=<TaskInstance: perbaikan_skripsi.wait_for_new_data scheduled__2025-04-07T15:18:00+00:00 [queued]>
[2025-04-07T15:20:04.060+0000] {taskinstance.py:2866} INFO - Starting attempt 1 of 4
[2025-04-07T15:20:04.117+0000] {taskinstance.py:2889} INFO - Executing <Task(SqlSensor): wait_for_new_data> on 2025-04-07 15:18:00+00:00
[2025-04-07T15:20:04.147+0000] {logging_mixin.py:190} WARNING - /home/airflow/.local/lib/python3.12/site-packages/airflow/task/task_runner/standard_task_runner.py:70 DeprecationWarning: This process (pid=9189) is multi-threaded, use of fork() may lead to deadlocks in the child.
[2025-04-07T15:20:04.150+0000] {standard_task_runner.py:72} INFO - Started process 9202 to run task
[2025-04-07T15:20:04.149+0000] {standard_task_runner.py:104} INFO - Running: ['airflow', 'tasks', 'run', 'perbaikan_skripsi', 'wait_for_new_data', 'scheduled__2025-04-07T15:18:00+00:00', '--job-id', '2666', '--raw', '--subdir', 'DAGS_FOLDER/tugas_akhir.py', '--cfg-path', '/tmp/tmp514du_z2']
[2025-04-07T15:20:04.152+0000] {standard_task_runner.py:105} INFO - Job 2666: Subtask wait_for_new_data
[2025-04-07T15:20:04.339+0000] {task_command.py:467} INFO - Running <TaskInstance: perbaikan_skripsi.wait_for_new_data scheduled__2025-04-07T15:18:00+00:00 [running]> on host a9576c91091e
[2025-04-07T15:20:04.680+0000] {taskinstance.py:3132} INFO - Exporting env vars: AIRFLOW_CTX_DAG_OWNER='Dion Rikki' AIRFLOW_CTX_DAG_ID='perbaikan_skripsi' AIRFLOW_CTX_TASK_ID='wait_for_new_data' AIRFLOW_CTX_EXECUTION_DATE='2025-04-07T15:18:00+00:00' AIRFLOW_CTX_TRY_NUMBER='1' AIRFLOW_CTX_DAG_RUN_ID='scheduled__2025-04-07T15:18:00+00:00'
[2025-04-07T15:20:04.687+0000] {logging_mixin.py:190} INFO - Task instance is in running state
[2025-04-07T15:20:04.688+0000] {logging_mixin.py:190} INFO -  Previous state of the Task instance: queued
[2025-04-07T15:20:04.689+0000] {logging_mixin.py:190} INFO - Current task name:wait_for_new_data state:running start_date:2025-04-07 15:20:04.024387+00:00
[2025-04-07T15:20:04.691+0000] {logging_mixin.py:190} INFO - Dag name:perbaikan_skripsi and current dag run status:running
[2025-04-07T15:20:04.692+0000] {taskinstance.py:731} INFO - ::endgroup::
[2025-04-07T15:20:04.730+0000] {base.py:84} INFO - Retrieving connection 'mysql_default'
[2025-04-07T15:20:04.738+0000] {sql.py:101} INFO - Poking: 
            SELECT COUNT(*) 
            FROM tugas_akhir_sensordata s
            WHERE s.timestamp >= NOW() - INTERVAL 3 MINUTE
            AND s.soil_type IS NOT NULL
            AND s.crop_type IS NOT NULL
            AND NOT EXISTS (
                SELECT 1 
                FROM fertilizer_predictions f
                WHERE f.sensor_data_id = s.id
            )
         (with parameters None)
[2025-04-07T15:20:04.749+0000] {base.py:84} INFO - Retrieving connection 'mysql_default'
[2025-04-07T15:20:04.770+0000] {sql.py:553} INFO - Running statement: 
            SELECT COUNT(*) 
            FROM tugas_akhir_sensordata s
            WHERE s.timestamp >= NOW() - INTERVAL 3 MINUTE
            AND s.soil_type IS NOT NULL
            AND s.crop_type IS NOT NULL
            AND NOT EXISTS (
                SELECT 1 
                FROM fertilizer_predictions f
                WHERE f.sensor_data_id = s.id
            )
        , parameters: None
[2025-04-07T15:20:04.775+0000] {sql.py:562} INFO - Rows affected: 1
[2025-04-07T15:20:04.777+0000] {base.py:336} INFO - Success criteria met. Exiting.
[2025-04-07T15:20:04.805+0000] {taskinstance.py:340} INFO - ::group::Post task execution logs
[2025-04-07T15:20:04.808+0000] {taskinstance.py:352} INFO - Marking task as SUCCESS. dag_id=perbaikan_skripsi, task_id=wait_for_new_data, run_id=scheduled__2025-04-07T15:18:00+00:00, execution_date=20250407T151800, start_date=20250407T152004, end_date=20250407T152004
[2025-04-07T15:20:04.859+0000] {logging_mixin.py:190} INFO - Task instance in success state
[2025-04-07T15:20:04.860+0000] {logging_mixin.py:190} INFO -  Previous state of the Task instance: running
[2025-04-07T15:20:04.863+0000] {logging_mixin.py:190} INFO - Dag name:perbaikan_skripsi queued_at:2025-04-07 15:20:00.152794+00:00
[2025-04-07T15:20:04.864+0000] {logging_mixin.py:190} INFO - Task hostname:a9576c91091e operator:SqlSensor
[2025-04-07T15:20:04.934+0000] {local_task_job_runner.py:266} INFO - Task exited with return code 0
[2025-04-07T15:20:05.107+0000] {taskinstance.py:3895} INFO - 1 downstream tasks scheduled from follow-on schedule check
[2025-04-07T15:20:05.116+0000] {local_task_job_runner.py:245} INFO - ::endgroup::
