[2025-03-11T04:14:31.787+0000] {local_task_job_runner.py:123} INFO - ::group::Pre task execution logs
[2025-03-11T04:14:31.819+0000] {taskinstance.py:2613} INFO - Dependencies all met for dep_context=non-requeueable deps ti=<TaskInstance: skripsi_perbaikan.wait_for_new_data scheduled__2025-03-11T04:08:00+00:00 [queued]>
[2025-03-11T04:14:31.837+0000] {taskinstance.py:2613} INFO - Dependencies all met for dep_context=requeueable deps ti=<TaskInstance: skripsi_perbaikan.wait_for_new_data scheduled__2025-03-11T04:08:00+00:00 [queued]>
[2025-03-11T04:14:31.838+0000] {taskinstance.py:2866} INFO - Starting attempt 5 of 6
[2025-03-11T04:14:31.865+0000] {taskinstance.py:2889} INFO - Executing <Task(SqlSensor): wait_for_new_data> on 2025-03-11 04:08:00+00:00
[2025-03-11T04:14:31.886+0000] {logging_mixin.py:190} WARNING - /home/airflow/.local/lib/python3.12/site-packages/airflow/task/task_runner/standard_task_runner.py:70 DeprecationWarning: This process (pid=17678) is multi-threaded, use of fork() may lead to deadlocks in the child.
[2025-03-11T04:14:31.886+0000] {standard_task_runner.py:104} INFO - Running: ['airflow', 'tasks', 'run', 'skripsi_perbaikan', 'wait_for_new_data', 'scheduled__2025-03-11T04:08:00+00:00', '--job-id', '3659', '--raw', '--subdir', 'DAGS_FOLDER/tugas_akhir.py', '--cfg-path', '/tmp/tmpr4amb06m']
[2025-03-11T04:14:31.889+0000] {standard_task_runner.py:105} INFO - Job 3659: Subtask wait_for_new_data
[2025-03-11T04:14:31.888+0000] {standard_task_runner.py:72} INFO - Started process 17714 to run task
[2025-03-11T04:14:31.977+0000] {task_command.py:467} INFO - Running <TaskInstance: skripsi_perbaikan.wait_for_new_data scheduled__2025-03-11T04:08:00+00:00 [running]> on host b493651eb2c9
[2025-03-11T04:14:32.246+0000] {taskinstance.py:3132} INFO - Exporting env vars: AIRFLOW_CTX_DAG_OWNER='Dion Rikki' AIRFLOW_CTX_DAG_ID='skripsi_perbaikan' AIRFLOW_CTX_TASK_ID='wait_for_new_data' AIRFLOW_CTX_EXECUTION_DATE='2025-03-11T04:08:00+00:00' AIRFLOW_CTX_TRY_NUMBER='5' AIRFLOW_CTX_DAG_RUN_ID='scheduled__2025-03-11T04:08:00+00:00'
[2025-03-11T04:14:32.251+0000] {logging_mixin.py:190} INFO - Task instance is in running state
[2025-03-11T04:14:32.252+0000] {logging_mixin.py:190} INFO -  Previous state of the Task instance: queued
[2025-03-11T04:14:32.254+0000] {logging_mixin.py:190} INFO - Current task name:wait_for_new_data state:running start_date:2025-03-11 04:14:31.820699+00:00
[2025-03-11T04:14:32.258+0000] {logging_mixin.py:190} INFO - Dag name:skripsi_perbaikan and current dag run status:running
[2025-03-11T04:14:32.259+0000] {taskinstance.py:731} INFO - ::endgroup::
[2025-03-11T04:14:32.293+0000] {base.py:84} INFO - Retrieving connection 'mysql_default'
[2025-03-11T04:14:32.299+0000] {sql.py:101} INFO - Poking: 
            SELECT COUNT(*) 
            FROM tugas_akhir_sensordata s
            WHERE s.timestamp >= NOW() - INTERVAL 5 MINUTE
            AND s.Soil_Type IS NOT NULL
            AND s.Crop_Type IS NOT NULL
            AND NOT EXISTS (
                SELECT 1 
                FROM fertilizer_predictions f
                WHERE f.id = s.id
            )
         (with parameters None)
[2025-03-11T04:14:32.311+0000] {base.py:84} INFO - Retrieving connection 'mysql_default'
[2025-03-11T04:14:32.322+0000] {sql.py:553} INFO - Running statement: 
            SELECT COUNT(*) 
            FROM tugas_akhir_sensordata s
            WHERE s.timestamp >= NOW() - INTERVAL 5 MINUTE
            AND s.Soil_Type IS NOT NULL
            AND s.Crop_Type IS NOT NULL
            AND NOT EXISTS (
                SELECT 1 
                FROM fertilizer_predictions f
                WHERE f.id = s.id
            )
        , parameters: None
[2025-03-11T04:14:32.324+0000] {sql.py:562} INFO - Rows affected: 1
[2025-03-11T04:14:32.360+0000] {taskinstance.py:309} INFO - Rescheduling task, marking task as UP_FOR_RESCHEDULE
[2025-03-11T04:14:32.361+0000] {taskinstance.py:340} INFO - ::group::Post task execution logs
[2025-03-11T04:14:32.411+0000] {local_task_job_runner.py:266} INFO - Task exited with return code 0
[2025-03-11T04:14:32.460+0000] {taskinstance.py:3895} INFO - 0 downstream tasks scheduled from follow-on schedule check
[2025-03-11T04:14:32.464+0000] {local_task_job_runner.py:245} INFO - ::endgroup::
