[2025-04-07T16:57:58.238+0000] {local_task_job_runner.py:123} INFO - ::group::Pre task execution logs
[2025-04-07T16:57:58.349+0000] {taskinstance.py:2613} INFO - Dependencies all met for dep_context=non-requeueable deps ti=<TaskInstance: perbaikan_skripsi.wait_for_new_data scheduled__2025-04-07T16:48:00+00:00 [queued]>
[2025-04-07T16:57:58.438+0000] {taskinstance.py:2613} INFO - Dependencies all met for dep_context=requeueable deps ti=<TaskInstance: perbaikan_skripsi.wait_for_new_data scheduled__2025-04-07T16:48:00+00:00 [queued]>
[2025-04-07T16:57:58.441+0000] {taskinstance.py:2866} INFO - Starting attempt 8 of 4
[2025-04-07T16:57:58.587+0000] {taskinstance.py:2889} INFO - Executing <Task(SqlSensor): wait_for_new_data> on 2025-04-07 16:48:00+00:00
[2025-04-07T16:57:58.654+0000] {logging_mixin.py:190} WARNING - /home/airflow/.local/lib/python3.12/site-packages/airflow/task/task_runner/standard_task_runner.py:70 DeprecationWarning: This process (pid=66101) is multi-threaded, use of fork() may lead to deadlocks in the child.
[2025-04-07T16:57:58.663+0000] {standard_task_runner.py:72} INFO - Started process 66225 to run task
[2025-04-07T16:57:58.669+0000] {standard_task_runner.py:104} INFO - Running: ['airflow', 'tasks', 'run', 'perbaikan_skripsi', 'wait_for_new_data', 'scheduled__2025-04-07T16:48:00+00:00', '--job-id', '3073', '--raw', '--subdir', 'DAGS_FOLDER/tugas_akhir.py', '--cfg-path', '/tmp/tmpvt1q0br2']
[2025-04-07T16:57:58.680+0000] {standard_task_runner.py:105} INFO - Job 3073: Subtask wait_for_new_data
[2025-04-07T16:57:59.025+0000] {task_command.py:467} INFO - Running <TaskInstance: perbaikan_skripsi.wait_for_new_data scheduled__2025-04-07T16:48:00+00:00 [running]> on host a9576c91091e
[2025-04-07T16:57:59.964+0000] {taskinstance.py:3132} INFO - Exporting env vars: AIRFLOW_CTX_DAG_OWNER='Dion Rikki' AIRFLOW_CTX_DAG_ID='perbaikan_skripsi' AIRFLOW_CTX_TASK_ID='wait_for_new_data' AIRFLOW_CTX_EXECUTION_DATE='2025-04-07T16:48:00+00:00' AIRFLOW_CTX_TRY_NUMBER='8' AIRFLOW_CTX_DAG_RUN_ID='scheduled__2025-04-07T16:48:00+00:00'
[2025-04-07T16:57:59.978+0000] {logging_mixin.py:190} INFO - Task instance is in running state
[2025-04-07T16:57:59.981+0000] {logging_mixin.py:190} INFO -  Previous state of the Task instance: queued
[2025-04-07T16:57:59.986+0000] {logging_mixin.py:190} INFO - Current task name:wait_for_new_data state:running start_date:2025-04-07 16:57:58.350752+00:00
[2025-04-07T16:57:59.987+0000] {logging_mixin.py:190} INFO - Dag name:perbaikan_skripsi and current dag run status:running
[2025-04-07T16:57:59.994+0000] {taskinstance.py:731} INFO - ::endgroup::
[2025-04-07T16:58:00.138+0000] {base.py:84} INFO - Retrieving connection 'mysql_default'
[2025-04-07T16:58:00.164+0000] {sql.py:101} INFO - Poking: 
            SELECT COUNT(*) 
            FROM tugas_akhir_sensordata s
            WHERE s.timestamp >= NOW() - INTERVAL 3 MINUTE
            AND s.soil_type IS NOT NULL
            AND s.crop_type IS NOT NULL
            AND NOT EXISTS (
                SELECT 1 
                FROM fertilizer_predictions f
                WHERE f.sensor_data_id = s.id
            )
         (with parameters None)
[2025-04-07T16:58:00.226+0000] {base.py:84} INFO - Retrieving connection 'mysql_default'
[2025-04-07T16:58:00.305+0000] {sql.py:553} INFO - Running statement: 
            SELECT COUNT(*) 
            FROM tugas_akhir_sensordata s
            WHERE s.timestamp >= NOW() - INTERVAL 3 MINUTE
            AND s.soil_type IS NOT NULL
            AND s.crop_type IS NOT NULL
            AND NOT EXISTS (
                SELECT 1 
                FROM fertilizer_predictions f
                WHERE f.sensor_data_id = s.id
            )
        , parameters: None
[2025-04-07T16:58:00.326+0000] {sql.py:562} INFO - Rows affected: 1
[2025-04-07T16:58:00.334+0000] {base.py:336} INFO - Success criteria met. Exiting.
[2025-04-07T16:58:00.412+0000] {taskinstance.py:340} INFO - ::group::Post task execution logs
[2025-04-07T16:58:00.415+0000] {taskinstance.py:352} INFO - Marking task as SUCCESS. dag_id=perbaikan_skripsi, task_id=wait_for_new_data, run_id=scheduled__2025-04-07T16:48:00+00:00, execution_date=20250407T164800, start_date=20250407T165758, end_date=20250407T165800
[2025-04-07T16:58:00.512+0000] {logging_mixin.py:190} INFO - Task instance in success state
[2025-04-07T16:58:00.520+0000] {logging_mixin.py:190} INFO -  Previous state of the Task instance: running
[2025-04-07T16:58:00.524+0000] {logging_mixin.py:190} INFO - Dag name:perbaikan_skripsi queued_at:2025-04-07 16:50:00.513454+00:00
[2025-04-07T16:58:00.526+0000] {logging_mixin.py:190} INFO - Task hostname:a9576c91091e operator:SqlSensor
[2025-04-07T16:58:00.623+0000] {local_task_job_runner.py:266} INFO - Task exited with return code 0
[2025-04-07T16:58:00.694+0000] {local_task_job_runner.py:245} INFO - ::endgroup::
