[2025-04-21T14:23:38.002+0000] {local_task_job_runner.py:123} INFO - ::group::Pre task execution logs
[2025-04-21T14:23:38.089+0000] {taskinstance.py:2613} INFO - Dependencies all met for dep_context=non-requeueable deps ti=<TaskInstance: perbaikan_skripsi.predict_and_store_result manual__2025-04-21T14:11:29.080747+00:00 [queued]>
[2025-04-21T14:23:38.118+0000] {taskinstance.py:2613} INFO - Dependencies all met for dep_context=requeueable deps ti=<TaskInstance: perbaikan_skripsi.predict_and_store_result manual__2025-04-21T14:11:29.080747+00:00 [queued]>
[2025-04-21T14:23:38.125+0000] {taskinstance.py:2866} INFO - Starting attempt 1 of 4
[2025-04-21T14:23:38.224+0000] {taskinstance.py:2889} INFO - Executing <Task(PythonOperator): predict_and_store_result> on 2025-04-21 14:11:29.080747+00:00
[2025-04-21T14:23:38.283+0000] {logging_mixin.py:190} WARNING - /home/airflow/.local/lib/python3.12/site-packages/airflow/task/task_runner/standard_task_runner.py:70 DeprecationWarning: This process (pid=12337) is multi-threaded, use of fork() may lead to deadlocks in the child.
[2025-04-21T14:23:38.290+0000] {standard_task_runner.py:72} INFO - Started process 12414 to run task
[2025-04-21T14:23:38.283+0000] {standard_task_runner.py:104} INFO - Running: ['airflow', 'tasks', 'run', 'perbaikan_skripsi', 'predict_and_store_result', 'manual__2025-04-21T14:11:29.080747+00:00', '--job-id', '69', '--raw', '--subdir', 'DAGS_FOLDER/tugas_akhir.py', '--cfg-path', '/tmp/tmpftmw8red']
[2025-04-21T14:23:38.294+0000] {standard_task_runner.py:105} INFO - Job 69: Subtask predict_and_store_result
[2025-04-21T14:23:38.435+0000] {task_command.py:467} INFO - Running <TaskInstance: perbaikan_skripsi.predict_and_store_result manual__2025-04-21T14:11:29.080747+00:00 [running]> on host 1daba33e39bb
[2025-04-21T14:23:38.665+0000] {taskinstance.py:3132} INFO - Exporting env vars: AIRFLOW_CTX_DAG_OWNER='Dion Rikki' AIRFLOW_CTX_DAG_ID='perbaikan_skripsi' AIRFLOW_CTX_TASK_ID='predict_and_store_result' AIRFLOW_CTX_EXECUTION_DATE='2025-04-21T14:11:29.080747+00:00' AIRFLOW_CTX_TRY_NUMBER='1' AIRFLOW_CTX_DAG_RUN_ID='manual__2025-04-21T14:11:29.080747+00:00'
[2025-04-21T14:23:38.673+0000] {logging_mixin.py:190} INFO - Task instance is in running state
[2025-04-21T14:23:38.674+0000] {logging_mixin.py:190} INFO -  Previous state of the Task instance: queued
[2025-04-21T14:23:38.676+0000] {logging_mixin.py:190} INFO - Current task name:predict_and_store_result state:running start_date:2025-04-21 14:23:38.090643+00:00
[2025-04-21T14:23:38.677+0000] {logging_mixin.py:190} INFO - Dag name:perbaikan_skripsi and current dag run status:running
[2025-04-21T14:23:38.678+0000] {taskinstance.py:731} INFO - ::endgroup::
[2025-04-21T14:23:38.681+0000] {logging_mixin.py:190} INFO - 🔍 [2] Memproses data dan melakukan prediksi...
[2025-04-21T14:23:38.701+0000] {logging_mixin.py:190} INFO - ⚠️ Tidak ada data untuk diproses.
[2025-04-21T14:23:38.704+0000] {python.py:240} INFO - Done. Returned value was: None
[2025-04-21T14:23:38.729+0000] {taskinstance.py:340} INFO - ::group::Post task execution logs
[2025-04-21T14:23:38.731+0000] {taskinstance.py:352} INFO - Marking task as SUCCESS. dag_id=perbaikan_skripsi, task_id=predict_and_store_result, run_id=manual__2025-04-21T14:11:29.080747+00:00, execution_date=20250421T141129, start_date=20250421T142338, end_date=20250421T142338
[2025-04-21T14:23:38.765+0000] {logging_mixin.py:190} INFO - Task instance in success state
[2025-04-21T14:23:38.767+0000] {logging_mixin.py:190} INFO -  Previous state of the Task instance: running
[2025-04-21T14:23:38.771+0000] {logging_mixin.py:190} INFO - Dag name:perbaikan_skripsi queued_at:2025-04-21 14:11:29.160076+00:00
[2025-04-21T14:23:38.772+0000] {logging_mixin.py:190} INFO - Task hostname:1daba33e39bb operator:PythonOperator
[2025-04-21T14:23:38.850+0000] {local_task_job_runner.py:266} INFO - Task exited with return code 0
[2025-04-21T14:23:38.891+0000] {taskinstance.py:3895} INFO - 0 downstream tasks scheduled from follow-on schedule check
[2025-04-21T14:23:38.894+0000] {local_task_job_runner.py:245} INFO - ::endgroup::
