[2025-03-02T16:07:16.415+0000] {local_task_job_runner.py:123} INFO - ::group::Pre task execution logs
[2025-03-02T16:07:16.456+0000] {taskinstance.py:2613} INFO - Dependencies all met for dep_context=non-requeueable deps ti=<TaskInstance: skripsi_2.wait_for_new_data scheduled__2025-03-02T16:02:00+00:00 [queued]>
[2025-03-02T16:07:16.478+0000] {taskinstance.py:2613} INFO - Dependencies all met for dep_context=requeueable deps ti=<TaskInstance: skripsi_2.wait_for_new_data scheduled__2025-03-02T16:02:00+00:00 [queued]>
[2025-03-02T16:07:16.479+0000] {taskinstance.py:2866} INFO - Starting attempt 4 of 6
[2025-03-02T16:07:16.512+0000] {taskinstance.py:2889} INFO - Executing <Task(SqlSensor): wait_for_new_data> on 2025-03-02 16:02:00+00:00
[2025-03-02T16:07:16.528+0000] {logging_mixin.py:190} WARNING - /home/airflow/.local/lib/python3.12/site-packages/airflow/task/task_runner/standard_task_runner.py:70 DeprecationWarning: This process (pid=48952) is multi-threaded, use of fork() may lead to deadlocks in the child.
[2025-03-02T16:07:16.529+0000] {standard_task_runner.py:104} INFO - Running: ['airflow', 'tasks', 'run', 'skripsi_2', 'wait_for_new_data', 'scheduled__2025-03-02T16:02:00+00:00', '--job-id', '18917', '--raw', '--subdir', 'DAGS_FOLDER/tugas_akhir.py', '--cfg-path', '/tmp/tmpsso1k69w']
[2025-03-02T16:07:16.531+0000] {standard_task_runner.py:72} INFO - Started process 48958 to run task
[2025-03-02T16:07:16.531+0000] {standard_task_runner.py:105} INFO - Job 18917: Subtask wait_for_new_data
[2025-03-02T16:07:16.611+0000] {task_command.py:467} INFO - Running <TaskInstance: skripsi_2.wait_for_new_data scheduled__2025-03-02T16:02:00+00:00 [running]> on host ef7692401a0a
[2025-03-02T16:07:16.756+0000] {taskinstance.py:3132} INFO - Exporting env vars: AIRFLOW_CTX_DAG_OWNER='Dion Rikki' AIRFLOW_CTX_DAG_ID='skripsi_2' AIRFLOW_CTX_TASK_ID='wait_for_new_data' AIRFLOW_CTX_EXECUTION_DATE='2025-03-02T16:02:00+00:00' AIRFLOW_CTX_TRY_NUMBER='4' AIRFLOW_CTX_DAG_RUN_ID='scheduled__2025-03-02T16:02:00+00:00'
[2025-03-02T16:07:16.759+0000] {logging_mixin.py:190} INFO - Task instance is in running state
[2025-03-02T16:07:16.760+0000] {logging_mixin.py:190} INFO -  Previous state of the Task instance: queued
[2025-03-02T16:07:16.761+0000] {logging_mixin.py:190} INFO - Current task name:wait_for_new_data state:running start_date:2025-03-02 16:07:16.457653+00:00
[2025-03-02T16:07:16.763+0000] {logging_mixin.py:190} INFO - Dag name:skripsi_2 and current dag run status:running
[2025-03-02T16:07:16.765+0000] {taskinstance.py:731} INFO - ::endgroup::
[2025-03-02T16:07:16.792+0000] {base.py:84} INFO - Retrieving connection 'mysql_default'
[2025-03-02T16:07:16.800+0000] {sql.py:101} INFO - Poking: 
            SELECT COUNT(*) 
            FROM tugas_akhir_sensordata s
            WHERE s.timestamp >= NOW() - INTERVAL 5 MINUTE
            AND NOT EXISTS (
                SELECT 1 
                FROM fertilizer_predictions f
                WHERE f.id = s.id
            )
         (with parameters None)
[2025-03-02T16:07:16.812+0000] {base.py:84} INFO - Retrieving connection 'mysql_default'
[2025-03-02T16:07:16.822+0000] {sql.py:553} INFO - Running statement: 
            SELECT COUNT(*) 
            FROM tugas_akhir_sensordata s
            WHERE s.timestamp >= NOW() - INTERVAL 5 MINUTE
            AND NOT EXISTS (
                SELECT 1 
                FROM fertilizer_predictions f
                WHERE f.id = s.id
            )
        , parameters: None
[2025-03-02T16:07:16.824+0000] {sql.py:562} INFO - Rows affected: 1
[2025-03-02T16:07:16.861+0000] {taskinstance.py:309} INFO - Rescheduling task, marking task as UP_FOR_RESCHEDULE
[2025-03-02T16:07:16.862+0000] {taskinstance.py:340} INFO - ::group::Post task execution logs
[2025-03-02T16:07:16.885+0000] {local_task_job_runner.py:266} INFO - Task exited with return code 0
[2025-03-02T16:07:16.948+0000] {taskinstance.py:3895} INFO - 0 downstream tasks scheduled from follow-on schedule check
[2025-03-02T16:07:16.951+0000] {local_task_job_runner.py:245} INFO - ::endgroup::
