[2025-03-11T08:14:14.853+0000] {local_task_job_runner.py:123} INFO - ::group::Pre task execution logs
[2025-03-11T08:14:14.890+0000] {taskinstance.py:2613} INFO - Dependencies all met for dep_context=non-requeueable deps ti=<TaskInstance: skripsi_perbaikan.predict_and_store_result scheduled__2025-03-11T08:12:00+00:00 [queued]>
[2025-03-11T08:14:14.911+0000] {taskinstance.py:2613} INFO - Dependencies all met for dep_context=requeueable deps ti=<TaskInstance: skripsi_perbaikan.predict_and_store_result scheduled__2025-03-11T08:12:00+00:00 [queued]>
[2025-03-11T08:14:14.911+0000] {taskinstance.py:2866} INFO - Starting attempt 1 of 4
[2025-03-11T08:14:14.941+0000] {taskinstance.py:2889} INFO - Executing <Task(PythonOperator): predict_and_store_result> on 2025-03-11 08:12:00+00:00
[2025-03-11T08:14:14.960+0000] {logging_mixin.py:190} WARNING - /home/airflow/.local/lib/python3.12/site-packages/airflow/task/task_runner/standard_task_runner.py:70 DeprecationWarning: This process (pid=60317) is multi-threaded, use of fork() may lead to deadlocks in the child.
[2025-03-11T08:14:14.962+0000] {standard_task_runner.py:72} INFO - Started process 60398 to run task
[2025-03-11T08:14:14.961+0000] {standard_task_runner.py:104} INFO - Running: ['airflow', 'tasks', 'run', 'skripsi_perbaikan', 'predict_and_store_result', 'scheduled__2025-03-11T08:12:00+00:00', '--job-id', '4823', '--raw', '--subdir', 'DAGS_FOLDER/tugas_akhir.py', '--cfg-path', '/tmp/tmpg2j6hm2_']
[2025-03-11T08:14:14.965+0000] {standard_task_runner.py:105} INFO - Job 4823: Subtask predict_and_store_result
[2025-03-11T08:14:15.089+0000] {task_command.py:467} INFO - Running <TaskInstance: skripsi_perbaikan.predict_and_store_result scheduled__2025-03-11T08:12:00+00:00 [running]> on host b493651eb2c9
[2025-03-11T08:14:15.363+0000] {taskinstance.py:3132} INFO - Exporting env vars: AIRFLOW_CTX_DAG_OWNER='Dion Rikki' AIRFLOW_CTX_DAG_ID='skripsi_perbaikan' AIRFLOW_CTX_TASK_ID='predict_and_store_result' AIRFLOW_CTX_EXECUTION_DATE='2025-03-11T08:12:00+00:00' AIRFLOW_CTX_TRY_NUMBER='1' AIRFLOW_CTX_DAG_RUN_ID='scheduled__2025-03-11T08:12:00+00:00'
[2025-03-11T08:14:15.370+0000] {logging_mixin.py:190} INFO - Task instance is in running state
[2025-03-11T08:14:15.372+0000] {logging_mixin.py:190} INFO -  Previous state of the Task instance: queued
[2025-03-11T08:14:15.374+0000] {logging_mixin.py:190} INFO - Current task name:predict_and_store_result state:running start_date:2025-03-11 08:14:14.891856+00:00
[2025-03-11T08:14:15.378+0000] {logging_mixin.py:190} INFO - Dag name:skripsi_perbaikan and current dag run status:running
[2025-03-11T08:14:15.383+0000] {taskinstance.py:731} INFO - ::endgroup::
[2025-03-11T08:14:15.386+0000] {logging_mixin.py:190} INFO - 🔍 [2] Memproses data dan melakukan prediksi...
[2025-03-11T08:14:15.510+0000] {logging_mixin.py:190} INFO - ✅ Data siap diproses: 1 baris
   id  Temperature  Humidity  ...  nitrogen phosphorous potassium
0  46         25.8      86.0  ...       0.0         0.0       0.0

[1 rows x 9 columns]
[2025-03-11T08:14:15.513+0000] {logging_mixin.py:190} INFO - 📝 Menyesuaikan nama kolom dengan model training...
[2025-03-11T08:14:15.518+0000] {logging_mixin.py:190} INFO - 🔧 Melakukan encoding kategori Soil_Type dan Crop_Type...
[2025-03-11T08:14:15.531+0000] {logging_mixin.py:190} INFO - 🧠 Menyiapkan fitur untuk prediksi...
[2025-03-11T08:14:15.537+0000] {logging_mixin.py:190} INFO - 🤖 Menjalankan model prediksi...
[2025-03-11T08:14:15.573+0000] {logging_mixin.py:190} INFO - ✅ Prediksi selesai:
   id predicted_fertilizer
0  46             10-10-10
[2025-03-11T08:14:15.575+0000] {logging_mixin.py:190} INFO - 💾 Menyimpan hasil ke tabel fertilizer_predictions...
[2025-03-11T08:14:15.638+0000] {logging_mixin.py:190} INFO - ✅ Hasil prediksi berhasil disimpan.
[2025-03-11T08:14:15.641+0000] {python.py:240} INFO - Done. Returned value was: None
[2025-03-11T08:14:15.665+0000] {taskinstance.py:340} INFO - ::group::Post task execution logs
[2025-03-11T08:14:15.667+0000] {taskinstance.py:352} INFO - Marking task as SUCCESS. dag_id=skripsi_perbaikan, task_id=predict_and_store_result, run_id=scheduled__2025-03-11T08:12:00+00:00, execution_date=20250311T081200, start_date=20250311T081414, end_date=20250311T081415
[2025-03-11T08:14:15.708+0000] {logging_mixin.py:190} INFO - Task instance in success state
[2025-03-11T08:14:15.711+0000] {logging_mixin.py:190} INFO -  Previous state of the Task instance: running
[2025-03-11T08:14:15.715+0000] {logging_mixin.py:190} INFO - Dag name:skripsi_perbaikan queued_at:2025-03-11 08:14:00.845289+00:00
[2025-03-11T08:14:15.719+0000] {logging_mixin.py:190} INFO - Task hostname:b493651eb2c9 operator:PythonOperator
[2025-03-11T08:14:15.773+0000] {local_task_job_runner.py:266} INFO - Task exited with return code 0
[2025-03-11T08:14:15.812+0000] {taskinstance.py:3895} INFO - 0 downstream tasks scheduled from follow-on schedule check
[2025-03-11T08:14:15.817+0000] {local_task_job_runner.py:245} INFO - ::endgroup::
