[2025-03-05T17:22:58.528+0000] {local_task_job_runner.py:123} INFO - ::group::Pre task execution logs
[2025-03-05T17:22:58.599+0000] {taskinstance.py:2613} INFO - Dependencies all met for dep_context=non-requeueable deps ti=<TaskInstance: skripsi_2.wait_for_new_data scheduled__2025-03-01T19:24:00+00:00 [queued]>
[2025-03-05T17:22:58.638+0000] {taskinstance.py:2613} INFO - Dependencies all met for dep_context=requeueable deps ti=<TaskInstance: skripsi_2.wait_for_new_data scheduled__2025-03-01T19:24:00+00:00 [queued]>
[2025-03-05T17:22:58.640+0000] {taskinstance.py:2866} INFO - Starting attempt 953 of 6
[2025-03-05T17:22:58.711+0000] {taskinstance.py:2889} INFO - Executing <Task(SqlSensor): wait_for_new_data> on 2025-03-01 19:24:00+00:00
[2025-03-05T17:22:58.734+0000] {logging_mixin.py:190} WARNING - /home/airflow/.local/lib/python3.12/site-packages/airflow/task/task_runner/standard_task_runner.py:70 DeprecationWarning: This process (pid=21926) is multi-threaded, use of fork() may lead to deadlocks in the child.
[2025-03-05T17:22:58.737+0000] {standard_task_runner.py:72} INFO - Started process 21974 to run task
[2025-03-05T17:22:58.738+0000] {standard_task_runner.py:104} INFO - Running: ['airflow', 'tasks', 'run', 'skripsi_2', 'wait_for_new_data', 'scheduled__2025-03-01T19:24:00+00:00', '--job-id', '20782', '--raw', '--subdir', 'DAGS_FOLDER/tugas_akhir.py', '--cfg-path', '/tmp/tmp9qvo8l0c']
[2025-03-05T17:22:58.742+0000] {standard_task_runner.py:105} INFO - Job 20782: Subtask wait_for_new_data
[2025-03-05T17:22:58.842+0000] {task_command.py:467} INFO - Running <TaskInstance: skripsi_2.wait_for_new_data scheduled__2025-03-01T19:24:00+00:00 [running]> on host ef7692401a0a
[2025-03-05T17:22:59.015+0000] {taskinstance.py:3132} INFO - Exporting env vars: AIRFLOW_CTX_DAG_OWNER='Dion Rikki' AIRFLOW_CTX_DAG_ID='skripsi_2' AIRFLOW_CTX_TASK_ID='wait_for_new_data' AIRFLOW_CTX_EXECUTION_DATE='2025-03-01T19:24:00+00:00' AIRFLOW_CTX_TRY_NUMBER='953' AIRFLOW_CTX_DAG_RUN_ID='scheduled__2025-03-01T19:24:00+00:00'
[2025-03-05T17:22:59.019+0000] {logging_mixin.py:190} INFO - Task instance is in running state
[2025-03-05T17:22:59.020+0000] {logging_mixin.py:190} INFO -  Previous state of the Task instance: queued
[2025-03-05T17:22:59.021+0000] {logging_mixin.py:190} INFO - Current task name:wait_for_new_data state:running start_date:2025-03-05 17:22:58.603762+00:00
[2025-03-05T17:22:59.022+0000] {logging_mixin.py:190} INFO - Dag name:skripsi_2 and current dag run status:running
[2025-03-05T17:22:59.024+0000] {taskinstance.py:731} INFO - ::endgroup::
[2025-03-05T17:22:59.056+0000] {base.py:84} INFO - Retrieving connection 'mysql_default'
[2025-03-05T17:22:59.062+0000] {sql.py:101} INFO - Poking: 
            SELECT COUNT(*) 
            FROM tugas_akhir_sensordata s
            WHERE s.timestamp >= NOW() - INTERVAL 5 MINUTE
            AND NOT EXISTS (
                SELECT 1 
                FROM fertilizer_predictions f
                WHERE f.id = s.id
            )
         (with parameters None)
[2025-03-05T17:22:59.071+0000] {base.py:84} INFO - Retrieving connection 'mysql_default'
[2025-03-05T17:22:59.080+0000] {sql.py:553} INFO - Running statement: 
            SELECT COUNT(*) 
            FROM tugas_akhir_sensordata s
            WHERE s.timestamp >= NOW() - INTERVAL 5 MINUTE
            AND NOT EXISTS (
                SELECT 1 
                FROM fertilizer_predictions f
                WHERE f.id = s.id
            )
        , parameters: None
[2025-03-05T17:22:59.082+0000] {sql.py:562} INFO - Rows affected: 1
[2025-03-05T17:22:59.116+0000] {taskinstance.py:309} INFO - Rescheduling task, marking task as UP_FOR_RESCHEDULE
[2025-03-05T17:22:59.117+0000] {taskinstance.py:340} INFO - ::group::Post task execution logs
[2025-03-05T17:22:59.134+0000] {local_task_job_runner.py:266} INFO - Task exited with return code 0
[2025-03-05T17:22:59.179+0000] {taskinstance.py:3895} INFO - 0 downstream tasks scheduled from follow-on schedule check
[2025-03-05T17:22:59.181+0000] {local_task_job_runner.py:245} INFO - ::endgroup::
