[2025-03-03T19:17:39.431+0000] {local_task_job_runner.py:123} INFO - ::group::Pre task execution logs
[2025-03-03T19:17:39.668+0000] {taskinstance.py:2613} INFO - Dependencies all met for dep_context=non-requeueable deps ti=<TaskInstance: skripsi_2.wait_for_new_data scheduled__2025-03-01T19:24:00+00:00 [queued]>
[2025-03-03T19:17:39.844+0000] {taskinstance.py:2613} INFO - Dependencies all met for dep_context=requeueable deps ti=<TaskInstance: skripsi_2.wait_for_new_data scheduled__2025-03-01T19:24:00+00:00 [queued]>
[2025-03-03T19:17:39.859+0000] {taskinstance.py:2866} INFO - Starting attempt 904 of 6
[2025-03-03T19:17:41.194+0000] {taskinstance.py:2889} INFO - Executing <Task(SqlSensor): wait_for_new_data> on 2025-03-01 19:24:00+00:00
[2025-03-03T19:17:41.344+0000] {standard_task_runner.py:104} INFO - Running: ['airflow', 'tasks', 'run', 'skripsi_2', 'wait_for_new_data', 'scheduled__2025-03-01T19:24:00+00:00', '--job-id', '20451', '--raw', '--subdir', 'DAGS_FOLDER/tugas_akhir.py', '--cfg-path', '/tmp/tmpjx_z13i0']
[2025-03-03T19:17:41.404+0000] {standard_task_runner.py:105} INFO - Job 20451: Subtask wait_for_new_data
[2025-03-03T19:17:41.466+0000] {logging_mixin.py:190} WARNING - /home/airflow/.local/lib/python3.12/site-packages/airflow/task/task_runner/standard_task_runner.py:70 DeprecationWarning: This process (pid=171) is multi-threaded, use of fork() may lead to deadlocks in the child.
[2025-03-03T19:17:41.471+0000] {standard_task_runner.py:72} INFO - Started process 291 to run task
[2025-03-03T19:17:42.535+0000] {task_command.py:467} INFO - Running <TaskInstance: skripsi_2.wait_for_new_data scheduled__2025-03-01T19:24:00+00:00 [running]> on host ef7692401a0a
[2025-03-03T19:17:44.109+0000] {taskinstance.py:3132} INFO - Exporting env vars: AIRFLOW_CTX_DAG_OWNER='Dion Rikki' AIRFLOW_CTX_DAG_ID='skripsi_2' AIRFLOW_CTX_TASK_ID='wait_for_new_data' AIRFLOW_CTX_EXECUTION_DATE='2025-03-01T19:24:00+00:00' AIRFLOW_CTX_TRY_NUMBER='904' AIRFLOW_CTX_DAG_RUN_ID='scheduled__2025-03-01T19:24:00+00:00'
[2025-03-03T19:17:44.133+0000] {logging_mixin.py:190} INFO - Task instance is in running state
[2025-03-03T19:17:44.134+0000] {logging_mixin.py:190} INFO -  Previous state of the Task instance: queued
[2025-03-03T19:17:44.180+0000] {logging_mixin.py:190} INFO - Current task name:wait_for_new_data state:running start_date:2025-03-03 19:17:39.674882+00:00
[2025-03-03T19:17:44.182+0000] {logging_mixin.py:190} INFO - Dag name:skripsi_2 and current dag run status:running
[2025-03-03T19:17:44.190+0000] {taskinstance.py:731} INFO - ::endgroup::
[2025-03-03T19:17:44.500+0000] {base.py:84} INFO - Retrieving connection 'mysql_default'
[2025-03-03T19:17:44.592+0000] {sql.py:101} INFO - Poking: 
            SELECT COUNT(*) 
            FROM tugas_akhir_sensordata s
            WHERE s.timestamp >= NOW() - INTERVAL 5 MINUTE
            AND NOT EXISTS (
                SELECT 1 
                FROM fertilizer_predictions f
                WHERE f.id = s.id
            )
         (with parameters None)
[2025-03-03T19:17:44.629+0000] {base.py:84} INFO - Retrieving connection 'mysql_default'
[2025-03-03T19:17:44.665+0000] {sql.py:553} INFO - Running statement: 
            SELECT COUNT(*) 
            FROM tugas_akhir_sensordata s
            WHERE s.timestamp >= NOW() - INTERVAL 5 MINUTE
            AND NOT EXISTS (
                SELECT 1 
                FROM fertilizer_predictions f
                WHERE f.id = s.id
            )
        , parameters: None
[2025-03-03T19:17:44.670+0000] {sql.py:562} INFO - Rows affected: 1
[2025-03-03T19:17:44.874+0000] {taskinstance.py:309} INFO - Rescheduling task, marking task as UP_FOR_RESCHEDULE
[2025-03-03T19:17:44.887+0000] {taskinstance.py:340} INFO - ::group::Post task execution logs
[2025-03-03T19:17:45.044+0000] {local_task_job_runner.py:266} INFO - Task exited with return code 0
[2025-03-03T19:17:45.448+0000] {taskinstance.py:3895} INFO - 0 downstream tasks scheduled from follow-on schedule check
[2025-03-03T19:17:45.471+0000] {local_task_job_runner.py:245} INFO - ::endgroup::
