[2025-03-06T11:22:10.734+0000] {local_task_job_runner.py:123} INFO - ::group::Pre task execution logs
[2025-03-06T11:22:10.797+0000] {taskinstance.py:2613} INFO - Dependencies all met for dep_context=non-requeueable deps ti=<TaskInstance: skripsi_2.wait_for_new_data scheduled__2025-03-01T19:24:00+00:00 [queued]>
[2025-03-06T11:22:10.825+0000] {taskinstance.py:2613} INFO - Dependencies all met for dep_context=requeueable deps ti=<TaskInstance: skripsi_2.wait_for_new_data scheduled__2025-03-01T19:24:00+00:00 [queued]>
[2025-03-06T11:22:10.826+0000] {taskinstance.py:2866} INFO - Starting attempt 1516 of 6
[2025-03-06T11:22:10.878+0000] {taskinstance.py:2889} INFO - Executing <Task(SqlSensor): wait_for_new_data> on 2025-03-01 19:24:00+00:00
[2025-03-06T11:22:10.907+0000] {logging_mixin.py:190} WARNING - /home/airflow/.local/lib/python3.12/site-packages/airflow/task/task_runner/standard_task_runner.py:70 DeprecationWarning: This process (pid=44217) is multi-threaded, use of fork() may lead to deadlocks in the child.
[2025-03-06T11:22:10.910+0000] {standard_task_runner.py:72} INFO - Started process 44256 to run task
[2025-03-06T11:22:10.909+0000] {standard_task_runner.py:104} INFO - Running: ['airflow', 'tasks', 'run', 'skripsi_2', 'wait_for_new_data', 'scheduled__2025-03-01T19:24:00+00:00', '--job-id', '24679', '--raw', '--subdir', 'DAGS_FOLDER/tugas_akhir.py', '--cfg-path', '/tmp/tmp2kq7aje2']
[2025-03-06T11:22:10.913+0000] {standard_task_runner.py:105} INFO - Job 24679: Subtask wait_for_new_data
[2025-03-06T11:22:11.012+0000] {task_command.py:467} INFO - Running <TaskInstance: skripsi_2.wait_for_new_data scheduled__2025-03-01T19:24:00+00:00 [running]> on host ef7692401a0a
[2025-03-06T11:22:11.185+0000] {taskinstance.py:3132} INFO - Exporting env vars: AIRFLOW_CTX_DAG_OWNER='Dion Rikki' AIRFLOW_CTX_DAG_ID='skripsi_2' AIRFLOW_CTX_TASK_ID='wait_for_new_data' AIRFLOW_CTX_EXECUTION_DATE='2025-03-01T19:24:00+00:00' AIRFLOW_CTX_TRY_NUMBER='1516' AIRFLOW_CTX_DAG_RUN_ID='scheduled__2025-03-01T19:24:00+00:00'
[2025-03-06T11:22:11.189+0000] {logging_mixin.py:190} INFO - Task instance is in running state
[2025-03-06T11:22:11.190+0000] {logging_mixin.py:190} INFO -  Previous state of the Task instance: queued
[2025-03-06T11:22:11.191+0000] {logging_mixin.py:190} INFO - Current task name:wait_for_new_data state:running start_date:2025-03-06 11:22:10.799022+00:00
[2025-03-06T11:22:11.192+0000] {logging_mixin.py:190} INFO - Dag name:skripsi_2 and current dag run status:running
[2025-03-06T11:22:11.193+0000] {taskinstance.py:731} INFO - ::endgroup::
[2025-03-06T11:22:11.227+0000] {base.py:84} INFO - Retrieving connection 'mysql_default'
[2025-03-06T11:22:11.234+0000] {sql.py:101} INFO - Poking: 
            SELECT COUNT(*) 
            FROM tugas_akhir_sensordata s
            WHERE s.timestamp >= NOW() - INTERVAL 5 MINUTE
            AND NOT EXISTS (
                SELECT 1 
                FROM fertilizer_predictions f
                WHERE f.id = s.id
            )
         (with parameters None)
[2025-03-06T11:22:11.243+0000] {base.py:84} INFO - Retrieving connection 'mysql_default'
[2025-03-06T11:22:11.251+0000] {sql.py:553} INFO - Running statement: 
            SELECT COUNT(*) 
            FROM tugas_akhir_sensordata s
            WHERE s.timestamp >= NOW() - INTERVAL 5 MINUTE
            AND NOT EXISTS (
                SELECT 1 
                FROM fertilizer_predictions f
                WHERE f.id = s.id
            )
        , parameters: None
[2025-03-06T11:22:11.253+0000] {sql.py:562} INFO - Rows affected: 1
[2025-03-06T11:22:11.288+0000] {taskinstance.py:309} INFO - Rescheduling task, marking task as UP_FOR_RESCHEDULE
[2025-03-06T11:22:11.289+0000] {taskinstance.py:340} INFO - ::group::Post task execution logs
[2025-03-06T11:22:11.343+0000] {local_task_job_runner.py:266} INFO - Task exited with return code 0
[2025-03-06T11:22:11.404+0000] {taskinstance.py:3895} INFO - 0 downstream tasks scheduled from follow-on schedule check
[2025-03-06T11:22:11.408+0000] {local_task_job_runner.py:245} INFO - ::endgroup::
