[2025-03-02T16:19:20.933+0000] {local_task_job_runner.py:123} INFO - ::group::Pre task execution logs
[2025-03-02T16:19:20.967+0000] {taskinstance.py:2613} INFO - Dependencies all met for dep_context=non-requeueable deps ti=<TaskInstance: skripsi_2.wait_for_new_data scheduled__2025-03-01T19:24:00+00:00 [queued]>
[2025-03-02T16:19:20.996+0000] {taskinstance.py:2613} INFO - Dependencies all met for dep_context=requeueable deps ti=<TaskInstance: skripsi_2.wait_for_new_data scheduled__2025-03-01T19:24:00+00:00 [queued]>
[2025-03-02T16:19:21.000+0000] {taskinstance.py:2866} INFO - Starting attempt 695 of 6
[2025-03-02T16:19:21.041+0000] {taskinstance.py:2889} INFO - Executing <Task(SqlSensor): wait_for_new_data> on 2025-03-01 19:24:00+00:00
[2025-03-02T16:19:21.079+0000] {logging_mixin.py:190} WARNING - /home/airflow/.local/lib/python3.12/site-packages/airflow/task/task_runner/standard_task_runner.py:70 DeprecationWarning: This process (pid=56228) is multi-threaded, use of fork() may lead to deadlocks in the child.
[2025-03-02T16:19:21.083+0000] {standard_task_runner.py:72} INFO - Started process 56238 to run task
[2025-03-02T16:19:21.087+0000] {standard_task_runner.py:104} INFO - Running: ['airflow', 'tasks', 'run', 'skripsi_2', 'wait_for_new_data', 'scheduled__2025-03-01T19:24:00+00:00', '--job-id', '18995', '--raw', '--subdir', 'DAGS_FOLDER/tugas_akhir.py', '--cfg-path', '/tmp/tmpku9cejt_']
[2025-03-02T16:19:21.098+0000] {standard_task_runner.py:105} INFO - Job 18995: Subtask wait_for_new_data
[2025-03-02T16:19:21.231+0000] {task_command.py:467} INFO - Running <TaskInstance: skripsi_2.wait_for_new_data scheduled__2025-03-01T19:24:00+00:00 [running]> on host ef7692401a0a
[2025-03-02T16:19:21.660+0000] {taskinstance.py:3132} INFO - Exporting env vars: AIRFLOW_CTX_DAG_OWNER='Dion Rikki' AIRFLOW_CTX_DAG_ID='skripsi_2' AIRFLOW_CTX_TASK_ID='wait_for_new_data' AIRFLOW_CTX_EXECUTION_DATE='2025-03-01T19:24:00+00:00' AIRFLOW_CTX_TRY_NUMBER='695' AIRFLOW_CTX_DAG_RUN_ID='scheduled__2025-03-01T19:24:00+00:00'
[2025-03-02T16:19:21.670+0000] {logging_mixin.py:190} INFO - Task instance is in running state
[2025-03-02T16:19:21.674+0000] {logging_mixin.py:190} INFO -  Previous state of the Task instance: queued
[2025-03-02T16:19:21.677+0000] {logging_mixin.py:190} INFO - Current task name:wait_for_new_data state:running start_date:2025-03-02 16:19:20.969980+00:00
[2025-03-02T16:19:21.681+0000] {logging_mixin.py:190} INFO - Dag name:skripsi_2 and current dag run status:running
[2025-03-02T16:19:21.684+0000] {taskinstance.py:731} INFO - ::endgroup::
[2025-03-02T16:19:21.751+0000] {base.py:84} INFO - Retrieving connection 'mysql_default'
[2025-03-02T16:19:21.764+0000] {sql.py:101} INFO - Poking: 
            SELECT COUNT(*) 
            FROM tugas_akhir_sensordata s
            WHERE s.timestamp >= NOW() - INTERVAL 5 MINUTE
            AND NOT EXISTS (
                SELECT 1 
                FROM fertilizer_predictions f
                WHERE f.id = s.id
            )
         (with parameters None)
[2025-03-02T16:19:21.784+0000] {base.py:84} INFO - Retrieving connection 'mysql_default'
[2025-03-02T16:19:21.801+0000] {sql.py:553} INFO - Running statement: 
            SELECT COUNT(*) 
            FROM tugas_akhir_sensordata s
            WHERE s.timestamp >= NOW() - INTERVAL 5 MINUTE
            AND NOT EXISTS (
                SELECT 1 
                FROM fertilizer_predictions f
                WHERE f.id = s.id
            )
        , parameters: None
[2025-03-02T16:19:21.805+0000] {sql.py:562} INFO - Rows affected: 1
[2025-03-02T16:19:21.908+0000] {taskinstance.py:309} INFO - Rescheduling task, marking task as UP_FOR_RESCHEDULE
[2025-03-02T16:19:21.910+0000] {taskinstance.py:340} INFO - ::group::Post task execution logs
[2025-03-02T16:19:21.979+0000] {local_task_job_runner.py:266} INFO - Task exited with return code 0
[2025-03-02T16:19:22.048+0000] {taskinstance.py:3895} INFO - 0 downstream tasks scheduled from follow-on schedule check
[2025-03-02T16:19:22.052+0000] {local_task_job_runner.py:245} INFO - ::endgroup::
