[2025-03-02T09:55:53.307+0000] {local_task_job_runner.py:123} INFO - ::group::Pre task execution logs
[2025-03-02T09:55:53.353+0000] {taskinstance.py:2613} INFO - Dependencies all met for dep_context=non-requeueable deps ti=<TaskInstance: skripsi_2.wait_for_new_data scheduled__2025-03-01T19:24:00+00:00 [queued]>
[2025-03-02T09:55:53.384+0000] {taskinstance.py:2613} INFO - Dependencies all met for dep_context=requeueable deps ti=<TaskInstance: skripsi_2.wait_for_new_data scheduled__2025-03-01T19:24:00+00:00 [queued]>
[2025-03-02T09:55:53.385+0000] {taskinstance.py:2866} INFO - Starting attempt 342 of 6
[2025-03-02T09:55:53.423+0000] {taskinstance.py:2889} INFO - Executing <Task(SqlSensor): wait_for_new_data> on 2025-03-01 19:24:00+00:00
[2025-03-02T09:55:53.452+0000] {standard_task_runner.py:104} INFO - Running: ['airflow', 'tasks', 'run', 'skripsi_2', 'wait_for_new_data', 'scheduled__2025-03-01T19:24:00+00:00', '--job-id', '16540', '--raw', '--subdir', 'DAGS_FOLDER/tugas_akhir.py', '--cfg-path', '/tmp/tmpr9n3ukyl']
[2025-03-02T09:55:53.454+0000] {logging_mixin.py:190} WARNING - /home/airflow/.local/lib/python3.12/site-packages/airflow/task/task_runner/standard_task_runner.py:70 DeprecationWarning: This process (pid=23991) is multi-threaded, use of fork() may lead to deadlocks in the child.
[2025-03-02T09:55:53.456+0000] {standard_task_runner.py:105} INFO - Job 16540: Subtask wait_for_new_data
[2025-03-02T09:55:53.456+0000] {standard_task_runner.py:72} INFO - Started process 24015 to run task
[2025-03-02T09:55:53.544+0000] {task_command.py:467} INFO - Running <TaskInstance: skripsi_2.wait_for_new_data scheduled__2025-03-01T19:24:00+00:00 [running]> on host ef7692401a0a
[2025-03-02T09:55:53.713+0000] {taskinstance.py:3132} INFO - Exporting env vars: AIRFLOW_CTX_DAG_OWNER='Dion Rikki' AIRFLOW_CTX_DAG_ID='skripsi_2' AIRFLOW_CTX_TASK_ID='wait_for_new_data' AIRFLOW_CTX_EXECUTION_DATE='2025-03-01T19:24:00+00:00' AIRFLOW_CTX_TRY_NUMBER='342' AIRFLOW_CTX_DAG_RUN_ID='scheduled__2025-03-01T19:24:00+00:00'
[2025-03-02T09:55:53.717+0000] {logging_mixin.py:190} INFO - Task instance is in running state
[2025-03-02T09:55:53.718+0000] {logging_mixin.py:190} INFO -  Previous state of the Task instance: queued
[2025-03-02T09:55:53.719+0000] {logging_mixin.py:190} INFO - Current task name:wait_for_new_data state:running start_date:2025-03-02 09:55:53.354912+00:00
[2025-03-02T09:55:53.720+0000] {logging_mixin.py:190} INFO - Dag name:skripsi_2 and current dag run status:running
[2025-03-02T09:55:53.721+0000] {taskinstance.py:731} INFO - ::endgroup::
[2025-03-02T09:55:53.755+0000] {base.py:84} INFO - Retrieving connection 'mysql_default'
[2025-03-02T09:55:53.763+0000] {sql.py:101} INFO - Poking: 
            SELECT COUNT(*) 
            FROM tugas_akhir_sensordata s
            WHERE s.timestamp >= NOW() - INTERVAL 5 MINUTE
            AND NOT EXISTS (
                SELECT 1 
                FROM fertilizer_predictions f
                WHERE f.id = s.id
            )
         (with parameters None)
[2025-03-02T09:55:53.774+0000] {base.py:84} INFO - Retrieving connection 'mysql_default'
[2025-03-02T09:55:53.785+0000] {sql.py:553} INFO - Running statement: 
            SELECT COUNT(*) 
            FROM tugas_akhir_sensordata s
            WHERE s.timestamp >= NOW() - INTERVAL 5 MINUTE
            AND NOT EXISTS (
                SELECT 1 
                FROM fertilizer_predictions f
                WHERE f.id = s.id
            )
        , parameters: None
[2025-03-02T09:55:53.787+0000] {sql.py:562} INFO - Rows affected: 1
[2025-03-02T09:55:53.835+0000] {taskinstance.py:309} INFO - Rescheduling task, marking task as UP_FOR_RESCHEDULE
[2025-03-02T09:55:53.837+0000] {taskinstance.py:340} INFO - ::group::Post task execution logs
[2025-03-02T09:55:53.895+0000] {local_task_job_runner.py:266} INFO - Task exited with return code 0
[2025-03-02T09:55:53.950+0000] {taskinstance.py:3895} INFO - 0 downstream tasks scheduled from follow-on schedule check
[2025-03-02T09:55:53.953+0000] {local_task_job_runner.py:245} INFO - ::endgroup::
