[2025-03-02T14:36:52.150+0000] {local_task_job_runner.py:123} INFO - ::group::Pre task execution logs
[2025-03-02T14:36:52.255+0000] {taskinstance.py:2613} INFO - Dependencies all met for dep_context=non-requeueable deps ti=<TaskInstance: skripsi_2.wait_for_new_data scheduled__2025-03-01T19:24:00+00:00 [queued]>
[2025-03-02T14:36:52.317+0000] {taskinstance.py:2613} INFO - Dependencies all met for dep_context=requeueable deps ti=<TaskInstance: skripsi_2.wait_for_new_data scheduled__2025-03-01T19:24:00+00:00 [queued]>
[2025-03-02T14:36:52.324+0000] {taskinstance.py:2866} INFO - Starting attempt 601 of 6
[2025-03-02T14:36:52.654+0000] {taskinstance.py:2889} INFO - Executing <Task(SqlSensor): wait_for_new_data> on 2025-03-01 19:24:00+00:00
[2025-03-02T14:36:52.715+0000] {logging_mixin.py:190} WARNING - /home/airflow/.local/lib/python3.12/site-packages/airflow/task/task_runner/standard_task_runner.py:70 DeprecationWarning: This process (pid=94307) is multi-threaded, use of fork() may lead to deadlocks in the child.
[2025-03-02T14:36:52.723+0000] {standard_task_runner.py:72} INFO - Started process 94347 to run task
[2025-03-02T14:36:52.734+0000] {standard_task_runner.py:104} INFO - Running: ['airflow', 'tasks', 'run', 'skripsi_2', 'wait_for_new_data', 'scheduled__2025-03-01T19:24:00+00:00', '--job-id', '18342', '--raw', '--subdir', 'DAGS_FOLDER/tugas_akhir.py', '--cfg-path', '/tmp/tmpovbgc3x9']
[2025-03-02T14:36:52.740+0000] {standard_task_runner.py:105} INFO - Job 18342: Subtask wait_for_new_data
[2025-03-02T14:36:52.897+0000] {task_command.py:467} INFO - Running <TaskInstance: skripsi_2.wait_for_new_data scheduled__2025-03-01T19:24:00+00:00 [running]> on host ef7692401a0a
[2025-03-02T14:36:53.215+0000] {taskinstance.py:3132} INFO - Exporting env vars: AIRFLOW_CTX_DAG_OWNER='Dion Rikki' AIRFLOW_CTX_DAG_ID='skripsi_2' AIRFLOW_CTX_TASK_ID='wait_for_new_data' AIRFLOW_CTX_EXECUTION_DATE='2025-03-01T19:24:00+00:00' AIRFLOW_CTX_TRY_NUMBER='601' AIRFLOW_CTX_DAG_RUN_ID='scheduled__2025-03-01T19:24:00+00:00'
[2025-03-02T14:36:53.222+0000] {logging_mixin.py:190} INFO - Task instance is in running state
[2025-03-02T14:36:53.227+0000] {logging_mixin.py:190} INFO -  Previous state of the Task instance: queued
[2025-03-02T14:36:53.229+0000] {logging_mixin.py:190} INFO - Current task name:wait_for_new_data state:running start_date:2025-03-02 14:36:52.263518+00:00
[2025-03-02T14:36:53.231+0000] {logging_mixin.py:190} INFO - Dag name:skripsi_2 and current dag run status:running
[2025-03-02T14:36:53.236+0000] {taskinstance.py:731} INFO - ::endgroup::
[2025-03-02T14:36:53.312+0000] {base.py:84} INFO - Retrieving connection 'mysql_default'
[2025-03-02T14:36:53.328+0000] {sql.py:101} INFO - Poking: 
            SELECT COUNT(*) 
            FROM tugas_akhir_sensordata s
            WHERE s.timestamp >= NOW() - INTERVAL 5 MINUTE
            AND NOT EXISTS (
                SELECT 1 
                FROM fertilizer_predictions f
                WHERE f.id = s.id
            )
         (with parameters None)
[2025-03-02T14:36:53.357+0000] {base.py:84} INFO - Retrieving connection 'mysql_default'
[2025-03-02T14:36:53.373+0000] {sql.py:553} INFO - Running statement: 
            SELECT COUNT(*) 
            FROM tugas_akhir_sensordata s
            WHERE s.timestamp >= NOW() - INTERVAL 5 MINUTE
            AND NOT EXISTS (
                SELECT 1 
                FROM fertilizer_predictions f
                WHERE f.id = s.id
            )
        , parameters: None
[2025-03-02T14:36:53.376+0000] {sql.py:562} INFO - Rows affected: 1
[2025-03-02T14:36:53.438+0000] {taskinstance.py:309} INFO - Rescheduling task, marking task as UP_FOR_RESCHEDULE
[2025-03-02T14:36:53.444+0000] {taskinstance.py:340} INFO - ::group::Post task execution logs
[2025-03-02T14:36:53.506+0000] {local_task_job_runner.py:266} INFO - Task exited with return code 0
[2025-03-02T14:36:53.623+0000] {taskinstance.py:3895} INFO - 0 downstream tasks scheduled from follow-on schedule check
[2025-03-02T14:36:53.631+0000] {local_task_job_runner.py:245} INFO - ::endgroup::
