[2025-03-06T10:33:48.733+0000] {local_task_job_runner.py:123} INFO - ::group::Pre task execution logs
[2025-03-06T10:33:48.760+0000] {taskinstance.py:2613} INFO - Dependencies all met for dep_context=non-requeueable deps ti=<TaskInstance: skripsi_2.wait_for_new_data scheduled__2025-03-01T19:24:00+00:00 [queued]>
[2025-03-06T10:33:48.779+0000] {taskinstance.py:2613} INFO - Dependencies all met for dep_context=requeueable deps ti=<TaskInstance: skripsi_2.wait_for_new_data scheduled__2025-03-01T19:24:00+00:00 [queued]>
[2025-03-06T10:33:48.780+0000] {taskinstance.py:2866} INFO - Starting attempt 1471 of 6
[2025-03-06T10:33:48.810+0000] {taskinstance.py:2889} INFO - Executing <Task(SqlSensor): wait_for_new_data> on 2025-03-01 19:24:00+00:00
[2025-03-06T10:33:48.827+0000] {logging_mixin.py:190} WARNING - /home/airflow/.local/lib/python3.12/site-packages/airflow/task/task_runner/standard_task_runner.py:70 DeprecationWarning: This process (pid=14856) is multi-threaded, use of fork() may lead to deadlocks in the child.
[2025-03-06T10:33:48.827+0000] {standard_task_runner.py:104} INFO - Running: ['airflow', 'tasks', 'run', 'skripsi_2', 'wait_for_new_data', 'scheduled__2025-03-01T19:24:00+00:00', '--job-id', '24368', '--raw', '--subdir', 'DAGS_FOLDER/tugas_akhir.py', '--cfg-path', '/tmp/tmpd2xr6sk2']
[2025-03-06T10:33:48.829+0000] {standard_task_runner.py:72} INFO - Started process 14900 to run task
[2025-03-06T10:33:48.829+0000] {standard_task_runner.py:105} INFO - Job 24368: Subtask wait_for_new_data
[2025-03-06T10:33:48.907+0000] {task_command.py:467} INFO - Running <TaskInstance: skripsi_2.wait_for_new_data scheduled__2025-03-01T19:24:00+00:00 [running]> on host ef7692401a0a
[2025-03-06T10:33:49.052+0000] {taskinstance.py:3132} INFO - Exporting env vars: AIRFLOW_CTX_DAG_OWNER='Dion Rikki' AIRFLOW_CTX_DAG_ID='skripsi_2' AIRFLOW_CTX_TASK_ID='wait_for_new_data' AIRFLOW_CTX_EXECUTION_DATE='2025-03-01T19:24:00+00:00' AIRFLOW_CTX_TRY_NUMBER='1471' AIRFLOW_CTX_DAG_RUN_ID='scheduled__2025-03-01T19:24:00+00:00'
[2025-03-06T10:33:49.055+0000] {logging_mixin.py:190} INFO - Task instance is in running state
[2025-03-06T10:33:49.056+0000] {logging_mixin.py:190} INFO -  Previous state of the Task instance: queued
[2025-03-06T10:33:49.057+0000] {logging_mixin.py:190} INFO - Current task name:wait_for_new_data state:running start_date:2025-03-06 10:33:48.761202+00:00
[2025-03-06T10:33:49.058+0000] {logging_mixin.py:190} INFO - Dag name:skripsi_2 and current dag run status:running
[2025-03-06T10:33:49.060+0000] {taskinstance.py:731} INFO - ::endgroup::
[2025-03-06T10:33:49.090+0000] {base.py:84} INFO - Retrieving connection 'mysql_default'
[2025-03-06T10:33:49.096+0000] {sql.py:101} INFO - Poking: 
            SELECT COUNT(*) 
            FROM tugas_akhir_sensordata s
            WHERE s.timestamp >= NOW() - INTERVAL 5 MINUTE
            AND NOT EXISTS (
                SELECT 1 
                FROM fertilizer_predictions f
                WHERE f.id = s.id
            )
         (with parameters None)
[2025-03-06T10:33:49.105+0000] {base.py:84} INFO - Retrieving connection 'mysql_default'
[2025-03-06T10:33:49.113+0000] {sql.py:553} INFO - Running statement: 
            SELECT COUNT(*) 
            FROM tugas_akhir_sensordata s
            WHERE s.timestamp >= NOW() - INTERVAL 5 MINUTE
            AND NOT EXISTS (
                SELECT 1 
                FROM fertilizer_predictions f
                WHERE f.id = s.id
            )
        , parameters: None
[2025-03-06T10:33:49.115+0000] {sql.py:562} INFO - Rows affected: 1
[2025-03-06T10:33:49.146+0000] {taskinstance.py:309} INFO - Rescheduling task, marking task as UP_FOR_RESCHEDULE
[2025-03-06T10:33:49.147+0000] {taskinstance.py:340} INFO - ::group::Post task execution logs
[2025-03-06T10:33:49.183+0000] {local_task_job_runner.py:266} INFO - Task exited with return code 0
[2025-03-06T10:33:49.283+0000] {taskinstance.py:3895} INFO - 0 downstream tasks scheduled from follow-on schedule check
[2025-03-06T10:33:49.292+0000] {local_task_job_runner.py:245} INFO - ::endgroup::
