[2025-03-03T19:16:56.161+0000] {processor.py:186} INFO - Started process (PID=164) to work on /opt/airflow/dags/tugas_akhir.py
[2025-03-03T19:16:56.171+0000] {processor.py:914} INFO - Processing file /opt/airflow/dags/tugas_akhir.py for tasks to queue
[2025-03-03T19:16:56.231+0000] {logging_mixin.py:190} INFO - [2025-03-03T19:16:56.215+0000] {dagbag.py:588} INFO - Filling up the DagBag from /opt/airflow/dags/tugas_akhir.py
[2025-03-03T19:16:57.021+0000] {logging_mixin.py:190} INFO - 🔍 Memuat model KNN dan encoder...
[2025-03-03T19:17:15.453+0000] {logging_mixin.py:190} INFO - ✅ Model dan encoder berhasil dimuat.
[2025-03-03T19:17:15.740+0000] {processor.py:925} INFO - DAG(s) 'skripsi_2' retrieved from /opt/airflow/dags/tugas_akhir.py
[2025-03-03T19:17:16.230+0000] {logging_mixin.py:190} INFO - [2025-03-03T19:17:16.229+0000] {dag.py:3239} INFO - Sync 1 DAGs
[2025-03-03T19:17:21.470+0000] {logging_mixin.py:190} INFO - [2025-03-03T19:17:21.469+0000] {dag.py:4180} INFO - Setting next_dagrun for skripsi_2 to 2025-03-03 19:16:00+00:00, run_after=2025-03-03 19:18:00+00:00
[2025-03-03T19:17:22.325+0000] {processor.py:208} INFO - Processing /opt/airflow/dags/tugas_akhir.py took 26.340 seconds
[2025-03-03T19:18:03.560+0000] {processor.py:186} INFO - Started process (PID=516) to work on /opt/airflow/dags/tugas_akhir.py
[2025-03-03T19:18:03.568+0000] {processor.py:914} INFO - Processing file /opt/airflow/dags/tugas_akhir.py for tasks to queue
[2025-03-03T19:18:03.590+0000] {logging_mixin.py:190} INFO - [2025-03-03T19:18:03.586+0000] {dagbag.py:588} INFO - Filling up the DagBag from /opt/airflow/dags/tugas_akhir.py
[2025-03-03T19:18:03.785+0000] {logging_mixin.py:190} INFO - 🔍 Memuat model KNN dan encoder...
[2025-03-03T19:18:07.669+0000] {logging_mixin.py:190} INFO - ✅ Model dan encoder berhasil dimuat.
[2025-03-03T19:18:07.711+0000] {processor.py:925} INFO - DAG(s) 'skripsi_2' retrieved from /opt/airflow/dags/tugas_akhir.py
[2025-03-03T19:18:07.900+0000] {logging_mixin.py:190} INFO - [2025-03-03T19:18:07.894+0000] {dag.py:3239} INFO - Sync 1 DAGs
[2025-03-03T19:18:07.978+0000] {logging_mixin.py:190} INFO - [2025-03-03T19:18:07.977+0000] {dag.py:4180} INFO - Setting next_dagrun for skripsi_2 to 2025-03-03 19:18:00+00:00, run_after=2025-03-03 19:20:00+00:00
[2025-03-03T19:18:08.094+0000] {processor.py:208} INFO - Processing /opt/airflow/dags/tugas_akhir.py took 4.550 seconds
[2025-03-03T19:18:38.481+0000] {processor.py:186} INFO - Started process (PID=826) to work on /opt/airflow/dags/tugas_akhir.py
[2025-03-03T19:18:38.483+0000] {processor.py:914} INFO - Processing file /opt/airflow/dags/tugas_akhir.py for tasks to queue
[2025-03-03T19:18:38.489+0000] {logging_mixin.py:190} INFO - [2025-03-03T19:18:38.488+0000] {dagbag.py:588} INFO - Filling up the DagBag from /opt/airflow/dags/tugas_akhir.py
[2025-03-03T19:18:38.560+0000] {logging_mixin.py:190} INFO - 🔍 Memuat model KNN dan encoder...
[2025-03-03T19:18:40.899+0000] {logging_mixin.py:190} INFO - ✅ Model dan encoder berhasil dimuat.
[2025-03-03T19:18:40.937+0000] {processor.py:925} INFO - DAG(s) 'skripsi_2' retrieved from /opt/airflow/dags/tugas_akhir.py
[2025-03-03T19:18:40.982+0000] {logging_mixin.py:190} INFO - [2025-03-03T19:18:40.980+0000] {dag.py:3239} INFO - Sync 1 DAGs
[2025-03-03T19:18:41.082+0000] {logging_mixin.py:190} INFO - [2025-03-03T19:18:41.082+0000] {dag.py:4180} INFO - Setting next_dagrun for skripsi_2 to 2025-03-03 19:18:00+00:00, run_after=2025-03-03 19:20:00+00:00
[2025-03-03T19:18:41.165+0000] {processor.py:208} INFO - Processing /opt/airflow/dags/tugas_akhir.py took 2.697 seconds
[2025-03-03T19:19:11.491+0000] {processor.py:186} INFO - Started process (PID=1137) to work on /opt/airflow/dags/tugas_akhir.py
[2025-03-03T19:19:11.493+0000] {processor.py:914} INFO - Processing file /opt/airflow/dags/tugas_akhir.py for tasks to queue
[2025-03-03T19:19:11.499+0000] {logging_mixin.py:190} INFO - [2025-03-03T19:19:11.498+0000] {dagbag.py:588} INFO - Filling up the DagBag from /opt/airflow/dags/tugas_akhir.py
[2025-03-03T19:19:11.547+0000] {logging_mixin.py:190} INFO - 🔍 Memuat model KNN dan encoder...
[2025-03-03T19:19:14.649+0000] {logging_mixin.py:190} INFO - ✅ Model dan encoder berhasil dimuat.
[2025-03-03T19:19:14.688+0000] {processor.py:925} INFO - DAG(s) 'skripsi_2' retrieved from /opt/airflow/dags/tugas_akhir.py
[2025-03-03T19:19:14.795+0000] {logging_mixin.py:190} INFO - [2025-03-03T19:19:14.793+0000] {dag.py:3239} INFO - Sync 1 DAGs
[2025-03-03T19:19:14.967+0000] {logging_mixin.py:190} INFO - [2025-03-03T19:19:14.964+0000] {dag.py:4180} INFO - Setting next_dagrun for skripsi_2 to 2025-03-03 19:18:00+00:00, run_after=2025-03-03 19:20:00+00:00
[2025-03-03T19:19:15.260+0000] {processor.py:208} INFO - Processing /opt/airflow/dags/tugas_akhir.py took 3.781 seconds
[2025-03-03T19:19:45.649+0000] {processor.py:186} INFO - Started process (PID=1434) to work on /opt/airflow/dags/tugas_akhir.py
[2025-03-03T19:19:45.654+0000] {processor.py:914} INFO - Processing file /opt/airflow/dags/tugas_akhir.py for tasks to queue
[2025-03-03T19:19:45.664+0000] {logging_mixin.py:190} INFO - [2025-03-03T19:19:45.663+0000] {dagbag.py:588} INFO - Filling up the DagBag from /opt/airflow/dags/tugas_akhir.py
[2025-03-03T19:19:45.753+0000] {logging_mixin.py:190} INFO - 🔍 Memuat model KNN dan encoder...
[2025-03-03T19:19:48.410+0000] {logging_mixin.py:190} INFO - ✅ Model dan encoder berhasil dimuat.
[2025-03-03T19:19:48.433+0000] {processor.py:925} INFO - DAG(s) 'skripsi_2' retrieved from /opt/airflow/dags/tugas_akhir.py
[2025-03-03T19:19:48.485+0000] {logging_mixin.py:190} INFO - [2025-03-03T19:19:48.483+0000] {dag.py:3239} INFO - Sync 1 DAGs
[2025-03-03T19:19:48.578+0000] {logging_mixin.py:190} INFO - [2025-03-03T19:19:48.578+0000] {dag.py:4180} INFO - Setting next_dagrun for skripsi_2 to 2025-03-03 19:18:00+00:00, run_after=2025-03-03 19:20:00+00:00
[2025-03-03T19:19:48.647+0000] {processor.py:208} INFO - Processing /opt/airflow/dags/tugas_akhir.py took 3.017 seconds
[2025-03-03T19:20:21.380+0000] {processor.py:186} INFO - Started process (PID=1711) to work on /opt/airflow/dags/tugas_akhir.py
[2025-03-03T19:20:21.386+0000] {processor.py:914} INFO - Processing file /opt/airflow/dags/tugas_akhir.py for tasks to queue
[2025-03-03T19:20:21.401+0000] {logging_mixin.py:190} INFO - [2025-03-03T19:20:21.399+0000] {dagbag.py:588} INFO - Filling up the DagBag from /opt/airflow/dags/tugas_akhir.py
[2025-03-03T19:20:21.536+0000] {logging_mixin.py:190} INFO - 🔍 Memuat model KNN dan encoder...
[2025-03-03T19:20:25.019+0000] {logging_mixin.py:190} INFO - ✅ Model dan encoder berhasil dimuat.
[2025-03-03T19:20:25.041+0000] {processor.py:925} INFO - DAG(s) 'skripsi_2' retrieved from /opt/airflow/dags/tugas_akhir.py
[2025-03-03T19:20:25.210+0000] {logging_mixin.py:190} INFO - [2025-03-03T19:20:25.209+0000] {dag.py:3239} INFO - Sync 1 DAGs
[2025-03-03T19:20:25.393+0000] {logging_mixin.py:190} INFO - [2025-03-03T19:20:25.393+0000] {dag.py:4180} INFO - Setting next_dagrun for skripsi_2 to 2025-03-03 19:20:00+00:00, run_after=2025-03-03 19:22:00+00:00
[2025-03-03T19:20:25.524+0000] {processor.py:208} INFO - Processing /opt/airflow/dags/tugas_akhir.py took 4.166 seconds
[2025-03-03T19:20:56.226+0000] {processor.py:186} INFO - Started process (PID=2012) to work on /opt/airflow/dags/tugas_akhir.py
[2025-03-03T19:20:56.235+0000] {processor.py:914} INFO - Processing file /opt/airflow/dags/tugas_akhir.py for tasks to queue
[2025-03-03T19:20:56.247+0000] {logging_mixin.py:190} INFO - [2025-03-03T19:20:56.246+0000] {dagbag.py:588} INFO - Filling up the DagBag from /opt/airflow/dags/tugas_akhir.py
[2025-03-03T19:20:56.357+0000] {logging_mixin.py:190} INFO - 🔍 Memuat model KNN dan encoder...
[2025-03-03T19:20:59.169+0000] {logging_mixin.py:190} INFO - ✅ Model dan encoder berhasil dimuat.
[2025-03-03T19:20:59.199+0000] {processor.py:925} INFO - DAG(s) 'skripsi_2' retrieved from /opt/airflow/dags/tugas_akhir.py
[2025-03-03T19:20:59.300+0000] {logging_mixin.py:190} INFO - [2025-03-03T19:20:59.298+0000] {dag.py:3239} INFO - Sync 1 DAGs
[2025-03-03T19:20:59.414+0000] {logging_mixin.py:190} INFO - [2025-03-03T19:20:59.414+0000] {dag.py:4180} INFO - Setting next_dagrun for skripsi_2 to 2025-03-03 19:20:00+00:00, run_after=2025-03-03 19:22:00+00:00
[2025-03-03T19:20:59.529+0000] {processor.py:208} INFO - Processing /opt/airflow/dags/tugas_akhir.py took 3.320 seconds
[2025-03-03T19:21:31.679+0000] {processor.py:186} INFO - Started process (PID=2300) to work on /opt/airflow/dags/tugas_akhir.py
[2025-03-03T19:21:31.701+0000] {processor.py:914} INFO - Processing file /opt/airflow/dags/tugas_akhir.py for tasks to queue
[2025-03-03T19:21:31.732+0000] {logging_mixin.py:190} INFO - [2025-03-03T19:21:31.727+0000] {dagbag.py:588} INFO - Filling up the DagBag from /opt/airflow/dags/tugas_akhir.py
[2025-03-03T19:21:31.914+0000] {logging_mixin.py:190} INFO - 🔍 Memuat model KNN dan encoder...
[2025-03-03T19:21:37.239+0000] {logging_mixin.py:190} INFO - ✅ Model dan encoder berhasil dimuat.
[2025-03-03T19:21:37.393+0000] {processor.py:925} INFO - DAG(s) 'skripsi_2' retrieved from /opt/airflow/dags/tugas_akhir.py
[2025-03-03T19:21:37.530+0000] {logging_mixin.py:190} INFO - [2025-03-03T19:21:37.529+0000] {dag.py:3239} INFO - Sync 1 DAGs
[2025-03-03T19:21:37.764+0000] {logging_mixin.py:190} INFO - [2025-03-03T19:21:37.764+0000] {dag.py:4180} INFO - Setting next_dagrun for skripsi_2 to 2025-03-03 19:20:00+00:00, run_after=2025-03-03 19:22:00+00:00
[2025-03-03T19:21:38.089+0000] {processor.py:208} INFO - Processing /opt/airflow/dags/tugas_akhir.py took 6.442 seconds
[2025-03-03T19:22:09.139+0000] {processor.py:186} INFO - Started process (PID=2607) to work on /opt/airflow/dags/tugas_akhir.py
[2025-03-03T19:22:09.163+0000] {processor.py:914} INFO - Processing file /opt/airflow/dags/tugas_akhir.py for tasks to queue
[2025-03-03T19:22:09.187+0000] {logging_mixin.py:190} INFO - [2025-03-03T19:22:09.186+0000] {dagbag.py:588} INFO - Filling up the DagBag from /opt/airflow/dags/tugas_akhir.py
[2025-03-03T19:22:09.341+0000] {logging_mixin.py:190} INFO - 🔍 Memuat model KNN dan encoder...
[2025-03-03T19:22:12.882+0000] {logging_mixin.py:190} INFO - ✅ Model dan encoder berhasil dimuat.
[2025-03-03T19:22:12.934+0000] {processor.py:925} INFO - DAG(s) 'skripsi_2' retrieved from /opt/airflow/dags/tugas_akhir.py
[2025-03-03T19:22:13.068+0000] {logging_mixin.py:190} INFO - [2025-03-03T19:22:13.067+0000] {dag.py:3239} INFO - Sync 1 DAGs
[2025-03-03T19:22:13.207+0000] {logging_mixin.py:190} INFO - [2025-03-03T19:22:13.206+0000] {dag.py:4180} INFO - Setting next_dagrun for skripsi_2 to 2025-03-03 19:22:00+00:00, run_after=2025-03-03 19:24:00+00:00
[2025-03-03T19:22:13.296+0000] {processor.py:208} INFO - Processing /opt/airflow/dags/tugas_akhir.py took 4.210 seconds
[2025-03-03T19:22:43.596+0000] {processor.py:186} INFO - Started process (PID=2928) to work on /opt/airflow/dags/tugas_akhir.py
[2025-03-03T19:22:43.600+0000] {processor.py:914} INFO - Processing file /opt/airflow/dags/tugas_akhir.py for tasks to queue
[2025-03-03T19:22:43.612+0000] {logging_mixin.py:190} INFO - [2025-03-03T19:22:43.611+0000] {dagbag.py:588} INFO - Filling up the DagBag from /opt/airflow/dags/tugas_akhir.py
[2025-03-03T19:22:43.696+0000] {logging_mixin.py:190} INFO - 🔍 Memuat model KNN dan encoder...
[2025-03-03T19:22:45.286+0000] {logging_mixin.py:190} INFO - ✅ Model dan encoder berhasil dimuat.
[2025-03-03T19:22:45.303+0000] {processor.py:925} INFO - DAG(s) 'skripsi_2' retrieved from /opt/airflow/dags/tugas_akhir.py
[2025-03-03T19:22:45.345+0000] {logging_mixin.py:190} INFO - [2025-03-03T19:22:45.344+0000] {dag.py:3239} INFO - Sync 1 DAGs
[2025-03-03T19:22:45.414+0000] {logging_mixin.py:190} INFO - [2025-03-03T19:22:45.414+0000] {dag.py:4180} INFO - Setting next_dagrun for skripsi_2 to 2025-03-03 19:22:00+00:00, run_after=2025-03-03 19:24:00+00:00
[2025-03-03T19:22:45.456+0000] {processor.py:208} INFO - Processing /opt/airflow/dags/tugas_akhir.py took 1.886 seconds
[2025-03-03T19:23:16.234+0000] {processor.py:186} INFO - Started process (PID=3239) to work on /opt/airflow/dags/tugas_akhir.py
[2025-03-03T19:23:16.237+0000] {processor.py:914} INFO - Processing file /opt/airflow/dags/tugas_akhir.py for tasks to queue
[2025-03-03T19:23:16.249+0000] {logging_mixin.py:190} INFO - [2025-03-03T19:23:16.248+0000] {dagbag.py:588} INFO - Filling up the DagBag from /opt/airflow/dags/tugas_akhir.py
[2025-03-03T19:23:16.331+0000] {logging_mixin.py:190} INFO - 🔍 Memuat model KNN dan encoder...
[2025-03-03T19:23:18.790+0000] {logging_mixin.py:190} INFO - ✅ Model dan encoder berhasil dimuat.
[2025-03-03T19:23:18.806+0000] {processor.py:925} INFO - DAG(s) 'skripsi_2' retrieved from /opt/airflow/dags/tugas_akhir.py
[2025-03-03T19:23:18.851+0000] {logging_mixin.py:190} INFO - [2025-03-03T19:23:18.850+0000] {dag.py:3239} INFO - Sync 1 DAGs
[2025-03-03T19:23:18.937+0000] {logging_mixin.py:190} INFO - [2025-03-03T19:23:18.936+0000] {dag.py:4180} INFO - Setting next_dagrun for skripsi_2 to 2025-03-03 19:22:00+00:00, run_after=2025-03-03 19:24:00+00:00
[2025-03-03T19:23:19.053+0000] {processor.py:208} INFO - Processing /opt/airflow/dags/tugas_akhir.py took 2.836 seconds
[2025-03-03T19:23:49.394+0000] {processor.py:186} INFO - Started process (PID=3555) to work on /opt/airflow/dags/tugas_akhir.py
[2025-03-03T19:23:49.400+0000] {processor.py:914} INFO - Processing file /opt/airflow/dags/tugas_akhir.py for tasks to queue
[2025-03-03T19:23:49.411+0000] {logging_mixin.py:190} INFO - [2025-03-03T19:23:49.407+0000] {dagbag.py:588} INFO - Filling up the DagBag from /opt/airflow/dags/tugas_akhir.py
[2025-03-03T19:23:49.489+0000] {logging_mixin.py:190} INFO - 🔍 Memuat model KNN dan encoder...
[2025-03-03T19:23:52.385+0000] {logging_mixin.py:190} INFO - ✅ Model dan encoder berhasil dimuat.
[2025-03-03T19:23:52.401+0000] {processor.py:925} INFO - DAG(s) 'skripsi_2' retrieved from /opt/airflow/dags/tugas_akhir.py
[2025-03-03T19:23:52.469+0000] {logging_mixin.py:190} INFO - [2025-03-03T19:23:52.468+0000] {dag.py:3239} INFO - Sync 1 DAGs
[2025-03-03T19:23:52.579+0000] {logging_mixin.py:190} INFO - [2025-03-03T19:23:52.579+0000] {dag.py:4180} INFO - Setting next_dagrun for skripsi_2 to 2025-03-03 19:22:00+00:00, run_after=2025-03-03 19:24:00+00:00
[2025-03-03T19:23:52.663+0000] {processor.py:208} INFO - Processing /opt/airflow/dags/tugas_akhir.py took 3.291 seconds
[2025-03-03T19:24:23.042+0000] {processor.py:186} INFO - Started process (PID=3887) to work on /opt/airflow/dags/tugas_akhir.py
[2025-03-03T19:24:23.045+0000] {processor.py:914} INFO - Processing file /opt/airflow/dags/tugas_akhir.py for tasks to queue
[2025-03-03T19:24:23.052+0000] {logging_mixin.py:190} INFO - [2025-03-03T19:24:23.051+0000] {dagbag.py:588} INFO - Filling up the DagBag from /opt/airflow/dags/tugas_akhir.py
[2025-03-03T19:24:23.131+0000] {logging_mixin.py:190} INFO - 🔍 Memuat model KNN dan encoder...
[2025-03-03T19:24:25.050+0000] {logging_mixin.py:190} INFO - ✅ Model dan encoder berhasil dimuat.
[2025-03-03T19:24:25.065+0000] {processor.py:925} INFO - DAG(s) 'skripsi_2' retrieved from /opt/airflow/dags/tugas_akhir.py
[2025-03-03T19:24:25.097+0000] {logging_mixin.py:190} INFO - [2025-03-03T19:24:25.096+0000] {dag.py:3239} INFO - Sync 1 DAGs
[2025-03-03T19:24:25.164+0000] {logging_mixin.py:190} INFO - [2025-03-03T19:24:25.164+0000] {dag.py:4180} INFO - Setting next_dagrun for skripsi_2 to 2025-03-03 19:24:00+00:00, run_after=2025-03-03 19:26:00+00:00
[2025-03-03T19:24:25.213+0000] {processor.py:208} INFO - Processing /opt/airflow/dags/tugas_akhir.py took 2.201 seconds
[2025-03-03T19:24:58.481+0000] {processor.py:186} INFO - Started process (PID=4227) to work on /opt/airflow/dags/tugas_akhir.py
[2025-03-03T19:24:58.487+0000] {processor.py:914} INFO - Processing file /opt/airflow/dags/tugas_akhir.py for tasks to queue
[2025-03-03T19:24:58.495+0000] {logging_mixin.py:190} INFO - [2025-03-03T19:24:58.493+0000] {dagbag.py:588} INFO - Filling up the DagBag from /opt/airflow/dags/tugas_akhir.py
[2025-03-03T19:24:58.602+0000] {logging_mixin.py:190} INFO - 🔍 Memuat model KNN dan encoder...
[2025-03-03T19:25:00.895+0000] {logging_mixin.py:190} INFO - ✅ Model dan encoder berhasil dimuat.
[2025-03-03T19:25:00.908+0000] {processor.py:925} INFO - DAG(s) 'skripsi_2' retrieved from /opt/airflow/dags/tugas_akhir.py
[2025-03-03T19:25:00.984+0000] {logging_mixin.py:190} INFO - [2025-03-03T19:25:00.983+0000] {dag.py:3239} INFO - Sync 1 DAGs
[2025-03-03T19:25:01.073+0000] {logging_mixin.py:190} INFO - [2025-03-03T19:25:01.072+0000] {dag.py:4180} INFO - Setting next_dagrun for skripsi_2 to 2025-03-03 19:24:00+00:00, run_after=2025-03-03 19:26:00+00:00
[2025-03-03T19:25:01.393+0000] {processor.py:208} INFO - Processing /opt/airflow/dags/tugas_akhir.py took 2.928 seconds
[2025-03-03T19:25:31.565+0000] {processor.py:186} INFO - Started process (PID=4562) to work on /opt/airflow/dags/tugas_akhir.py
[2025-03-03T19:25:31.568+0000] {processor.py:914} INFO - Processing file /opt/airflow/dags/tugas_akhir.py for tasks to queue
[2025-03-03T19:25:31.577+0000] {logging_mixin.py:190} INFO - [2025-03-03T19:25:31.576+0000] {dagbag.py:588} INFO - Filling up the DagBag from /opt/airflow/dags/tugas_akhir.py
[2025-03-03T19:25:31.671+0000] {logging_mixin.py:190} INFO - 🔍 Memuat model KNN dan encoder...
[2025-03-03T19:25:33.545+0000] {logging_mixin.py:190} INFO - ✅ Model dan encoder berhasil dimuat.
[2025-03-03T19:25:33.567+0000] {processor.py:925} INFO - DAG(s) 'skripsi_2' retrieved from /opt/airflow/dags/tugas_akhir.py
[2025-03-03T19:25:33.648+0000] {logging_mixin.py:190} INFO - [2025-03-03T19:25:33.647+0000] {dag.py:3239} INFO - Sync 1 DAGs
[2025-03-03T19:25:33.709+0000] {logging_mixin.py:190} INFO - [2025-03-03T19:25:33.708+0000] {dag.py:4180} INFO - Setting next_dagrun for skripsi_2 to 2025-03-03 19:24:00+00:00, run_after=2025-03-03 19:26:00+00:00
[2025-03-03T19:25:33.765+0000] {processor.py:208} INFO - Processing /opt/airflow/dags/tugas_akhir.py took 2.219 seconds
[2025-03-03T19:26:04.208+0000] {processor.py:186} INFO - Started process (PID=4888) to work on /opt/airflow/dags/tugas_akhir.py
[2025-03-03T19:26:04.220+0000] {processor.py:914} INFO - Processing file /opt/airflow/dags/tugas_akhir.py for tasks to queue
[2025-03-03T19:26:04.253+0000] {logging_mixin.py:190} INFO - [2025-03-03T19:26:04.243+0000] {dagbag.py:588} INFO - Filling up the DagBag from /opt/airflow/dags/tugas_akhir.py
[2025-03-03T19:26:04.364+0000] {logging_mixin.py:190} INFO - 🔍 Memuat model KNN dan encoder...
[2025-03-03T19:26:09.768+0000] {logging_mixin.py:190} INFO - ✅ Model dan encoder berhasil dimuat.
[2025-03-03T19:26:09.829+0000] {processor.py:925} INFO - DAG(s) 'skripsi_2' retrieved from /opt/airflow/dags/tugas_akhir.py
[2025-03-03T19:26:10.012+0000] {logging_mixin.py:190} INFO - [2025-03-03T19:26:10.005+0000] {dag.py:3239} INFO - Sync 1 DAGs
[2025-03-03T19:26:10.280+0000] {logging_mixin.py:190} INFO - [2025-03-03T19:26:10.279+0000] {dag.py:4180} INFO - Setting next_dagrun for skripsi_2 to 2025-03-03 19:26:00+00:00, run_after=2025-03-03 19:28:00+00:00
[2025-03-03T19:26:10.421+0000] {processor.py:208} INFO - Processing /opt/airflow/dags/tugas_akhir.py took 6.249 seconds
[2025-03-03T19:26:40.654+0000] {processor.py:186} INFO - Started process (PID=5251) to work on /opt/airflow/dags/tugas_akhir.py
[2025-03-03T19:26:40.656+0000] {processor.py:914} INFO - Processing file /opt/airflow/dags/tugas_akhir.py for tasks to queue
[2025-03-03T19:26:40.663+0000] {logging_mixin.py:190} INFO - [2025-03-03T19:26:40.662+0000] {dagbag.py:588} INFO - Filling up the DagBag from /opt/airflow/dags/tugas_akhir.py
[2025-03-03T19:26:40.721+0000] {logging_mixin.py:190} INFO - 🔍 Memuat model KNN dan encoder...
[2025-03-03T19:26:42.464+0000] {logging_mixin.py:190} INFO - ✅ Model dan encoder berhasil dimuat.
[2025-03-03T19:26:42.476+0000] {processor.py:925} INFO - DAG(s) 'skripsi_2' retrieved from /opt/airflow/dags/tugas_akhir.py
[2025-03-03T19:26:42.509+0000] {logging_mixin.py:190} INFO - [2025-03-03T19:26:42.509+0000] {dag.py:3239} INFO - Sync 1 DAGs
[2025-03-03T19:26:42.555+0000] {logging_mixin.py:190} INFO - [2025-03-03T19:26:42.555+0000] {dag.py:4180} INFO - Setting next_dagrun for skripsi_2 to 2025-03-03 19:26:00+00:00, run_after=2025-03-03 19:28:00+00:00
[2025-03-03T19:26:42.593+0000] {processor.py:208} INFO - Processing /opt/airflow/dags/tugas_akhir.py took 1.953 seconds
[2025-03-03T19:27:12.985+0000] {processor.py:186} INFO - Started process (PID=5558) to work on /opt/airflow/dags/tugas_akhir.py
[2025-03-03T19:27:12.987+0000] {processor.py:914} INFO - Processing file /opt/airflow/dags/tugas_akhir.py for tasks to queue
[2025-03-03T19:27:12.993+0000] {logging_mixin.py:190} INFO - [2025-03-03T19:27:12.992+0000] {dagbag.py:588} INFO - Filling up the DagBag from /opt/airflow/dags/tugas_akhir.py
[2025-03-03T19:27:13.062+0000] {logging_mixin.py:190} INFO - 🔍 Memuat model KNN dan encoder...
[2025-03-03T19:27:15.427+0000] {logging_mixin.py:190} INFO - ✅ Model dan encoder berhasil dimuat.
[2025-03-03T19:27:15.438+0000] {processor.py:925} INFO - DAG(s) 'skripsi_2' retrieved from /opt/airflow/dags/tugas_akhir.py
[2025-03-03T19:27:15.468+0000] {logging_mixin.py:190} INFO - [2025-03-03T19:27:15.467+0000] {dag.py:3239} INFO - Sync 1 DAGs
[2025-03-03T19:27:15.515+0000] {logging_mixin.py:190} INFO - [2025-03-03T19:27:15.514+0000] {dag.py:4180} INFO - Setting next_dagrun for skripsi_2 to 2025-03-03 19:26:00+00:00, run_after=2025-03-03 19:28:00+00:00
[2025-03-03T19:27:15.555+0000] {processor.py:208} INFO - Processing /opt/airflow/dags/tugas_akhir.py took 2.584 seconds
[2025-03-03T19:27:45.996+0000] {processor.py:186} INFO - Started process (PID=5905) to work on /opt/airflow/dags/tugas_akhir.py
[2025-03-03T19:27:45.999+0000] {processor.py:914} INFO - Processing file /opt/airflow/dags/tugas_akhir.py for tasks to queue
[2025-03-03T19:27:46.007+0000] {logging_mixin.py:190} INFO - [2025-03-03T19:27:46.007+0000] {dagbag.py:588} INFO - Filling up the DagBag from /opt/airflow/dags/tugas_akhir.py
[2025-03-03T19:27:46.081+0000] {logging_mixin.py:190} INFO - 🔍 Memuat model KNN dan encoder...
[2025-03-03T19:27:47.783+0000] {logging_mixin.py:190} INFO - ✅ Model dan encoder berhasil dimuat.
[2025-03-03T19:27:47.798+0000] {processor.py:925} INFO - DAG(s) 'skripsi_2' retrieved from /opt/airflow/dags/tugas_akhir.py
[2025-03-03T19:27:47.834+0000] {logging_mixin.py:190} INFO - [2025-03-03T19:27:47.833+0000] {dag.py:3239} INFO - Sync 1 DAGs
[2025-03-03T19:27:47.902+0000] {logging_mixin.py:190} INFO - [2025-03-03T19:27:47.901+0000] {dag.py:4180} INFO - Setting next_dagrun for skripsi_2 to 2025-03-03 19:26:00+00:00, run_after=2025-03-03 19:28:00+00:00
[2025-03-03T19:27:47.972+0000] {processor.py:208} INFO - Processing /opt/airflow/dags/tugas_akhir.py took 1.992 seconds
[2025-03-03T19:28:18.339+0000] {processor.py:186} INFO - Started process (PID=6219) to work on /opt/airflow/dags/tugas_akhir.py
[2025-03-03T19:28:18.343+0000] {processor.py:914} INFO - Processing file /opt/airflow/dags/tugas_akhir.py for tasks to queue
[2025-03-03T19:28:18.352+0000] {logging_mixin.py:190} INFO - [2025-03-03T19:28:18.351+0000] {dagbag.py:588} INFO - Filling up the DagBag from /opt/airflow/dags/tugas_akhir.py
[2025-03-03T19:28:18.434+0000] {logging_mixin.py:190} INFO - 🔍 Memuat model KNN dan encoder...
[2025-03-03T19:28:20.781+0000] {logging_mixin.py:190} INFO - ✅ Model dan encoder berhasil dimuat.
[2025-03-03T19:28:20.796+0000] {processor.py:925} INFO - DAG(s) 'skripsi_2' retrieved from /opt/airflow/dags/tugas_akhir.py
[2025-03-03T19:28:20.831+0000] {logging_mixin.py:190} INFO - [2025-03-03T19:28:20.831+0000] {dag.py:3239} INFO - Sync 1 DAGs
[2025-03-03T19:28:20.883+0000] {logging_mixin.py:190} INFO - [2025-03-03T19:28:20.882+0000] {dag.py:4180} INFO - Setting next_dagrun for skripsi_2 to 2025-03-03 19:28:00+00:00, run_after=2025-03-03 19:30:00+00:00
[2025-03-03T19:28:20.946+0000] {processor.py:208} INFO - Processing /opt/airflow/dags/tugas_akhir.py took 2.622 seconds
[2025-03-03T19:28:51.563+0000] {processor.py:186} INFO - Started process (PID=6544) to work on /opt/airflow/dags/tugas_akhir.py
[2025-03-03T19:28:51.567+0000] {processor.py:914} INFO - Processing file /opt/airflow/dags/tugas_akhir.py for tasks to queue
[2025-03-03T19:28:51.579+0000] {logging_mixin.py:190} INFO - [2025-03-03T19:28:51.578+0000] {dagbag.py:588} INFO - Filling up the DagBag from /opt/airflow/dags/tugas_akhir.py
[2025-03-03T19:28:51.669+0000] {logging_mixin.py:190} INFO - 🔍 Memuat model KNN dan encoder...
[2025-03-03T19:28:53.841+0000] {logging_mixin.py:190} INFO - ✅ Model dan encoder berhasil dimuat.
[2025-03-03T19:28:53.858+0000] {processor.py:925} INFO - DAG(s) 'skripsi_2' retrieved from /opt/airflow/dags/tugas_akhir.py
[2025-03-03T19:28:53.930+0000] {logging_mixin.py:190} INFO - [2025-03-03T19:28:53.930+0000] {dag.py:3239} INFO - Sync 1 DAGs
[2025-03-03T19:28:54.052+0000] {logging_mixin.py:190} INFO - [2025-03-03T19:28:54.052+0000] {dag.py:4180} INFO - Setting next_dagrun for skripsi_2 to 2025-03-03 19:28:00+00:00, run_after=2025-03-03 19:30:00+00:00
[2025-03-03T19:28:54.111+0000] {processor.py:208} INFO - Processing /opt/airflow/dags/tugas_akhir.py took 2.566 seconds
[2025-03-03T19:29:24.904+0000] {processor.py:186} INFO - Started process (PID=6867) to work on /opt/airflow/dags/tugas_akhir.py
[2025-03-03T19:29:24.907+0000] {processor.py:914} INFO - Processing file /opt/airflow/dags/tugas_akhir.py for tasks to queue
[2025-03-03T19:29:24.920+0000] {logging_mixin.py:190} INFO - [2025-03-03T19:29:24.916+0000] {dagbag.py:588} INFO - Filling up the DagBag from /opt/airflow/dags/tugas_akhir.py
[2025-03-03T19:29:24.994+0000] {logging_mixin.py:190} INFO - 🔍 Memuat model KNN dan encoder...
[2025-03-03T19:29:27.190+0000] {logging_mixin.py:190} INFO - ✅ Model dan encoder berhasil dimuat.
[2025-03-03T19:29:27.213+0000] {processor.py:925} INFO - DAG(s) 'skripsi_2' retrieved from /opt/airflow/dags/tugas_akhir.py
[2025-03-03T19:29:27.307+0000] {logging_mixin.py:190} INFO - [2025-03-03T19:29:27.306+0000] {dag.py:3239} INFO - Sync 1 DAGs
[2025-03-03T19:29:27.462+0000] {logging_mixin.py:190} INFO - [2025-03-03T19:29:27.461+0000] {dag.py:4180} INFO - Setting next_dagrun for skripsi_2 to 2025-03-03 19:28:00+00:00, run_after=2025-03-03 19:30:00+00:00
[2025-03-03T19:29:27.645+0000] {processor.py:208} INFO - Processing /opt/airflow/dags/tugas_akhir.py took 2.763 seconds
[2025-03-03T19:29:59.097+0000] {processor.py:186} INFO - Started process (PID=7168) to work on /opt/airflow/dags/tugas_akhir.py
[2025-03-03T19:29:59.104+0000] {processor.py:914} INFO - Processing file /opt/airflow/dags/tugas_akhir.py for tasks to queue
[2025-03-03T19:29:59.125+0000] {logging_mixin.py:190} INFO - [2025-03-03T19:29:59.120+0000] {dagbag.py:588} INFO - Filling up the DagBag from /opt/airflow/dags/tugas_akhir.py
[2025-03-03T19:29:59.228+0000] {logging_mixin.py:190} INFO - 🔍 Memuat model KNN dan encoder...
[2025-03-03T19:30:02.047+0000] {logging_mixin.py:190} INFO - ✅ Model dan encoder berhasil dimuat.
[2025-03-03T19:30:02.102+0000] {processor.py:925} INFO - DAG(s) 'skripsi_2' retrieved from /opt/airflow/dags/tugas_akhir.py
[2025-03-03T19:30:02.172+0000] {logging_mixin.py:190} INFO - [2025-03-03T19:30:02.170+0000] {dag.py:3239} INFO - Sync 1 DAGs
[2025-03-03T19:30:02.254+0000] {logging_mixin.py:190} INFO - [2025-03-03T19:30:02.253+0000] {dag.py:4180} INFO - Setting next_dagrun for skripsi_2 to 2025-03-03 19:30:00+00:00, run_after=2025-03-03 19:32:00+00:00
[2025-03-03T19:30:02.319+0000] {processor.py:208} INFO - Processing /opt/airflow/dags/tugas_akhir.py took 3.242 seconds
[2025-03-03T19:30:32.668+0000] {processor.py:186} INFO - Started process (PID=7497) to work on /opt/airflow/dags/tugas_akhir.py
[2025-03-03T19:30:32.670+0000] {processor.py:914} INFO - Processing file /opt/airflow/dags/tugas_akhir.py for tasks to queue
[2025-03-03T19:30:32.679+0000] {logging_mixin.py:190} INFO - [2025-03-03T19:30:32.678+0000] {dagbag.py:588} INFO - Filling up the DagBag from /opt/airflow/dags/tugas_akhir.py
[2025-03-03T19:30:32.748+0000] {logging_mixin.py:190} INFO - 🔍 Memuat model KNN dan encoder...
[2025-03-03T19:30:34.684+0000] {logging_mixin.py:190} INFO - ✅ Model dan encoder berhasil dimuat.
[2025-03-03T19:30:34.721+0000] {processor.py:925} INFO - DAG(s) 'skripsi_2' retrieved from /opt/airflow/dags/tugas_akhir.py
[2025-03-03T19:30:34.846+0000] {logging_mixin.py:190} INFO - [2025-03-03T19:30:34.845+0000] {dag.py:3239} INFO - Sync 1 DAGs
[2025-03-03T19:30:34.936+0000] {logging_mixin.py:190} INFO - [2025-03-03T19:30:34.936+0000] {dag.py:4180} INFO - Setting next_dagrun for skripsi_2 to 2025-03-03 19:30:00+00:00, run_after=2025-03-03 19:32:00+00:00
[2025-03-03T19:30:35.022+0000] {processor.py:208} INFO - Processing /opt/airflow/dags/tugas_akhir.py took 2.368 seconds
[2025-03-03T19:31:06.007+0000] {processor.py:186} INFO - Started process (PID=7846) to work on /opt/airflow/dags/tugas_akhir.py
[2025-03-03T19:31:06.011+0000] {processor.py:914} INFO - Processing file /opt/airflow/dags/tugas_akhir.py for tasks to queue
[2025-03-03T19:31:06.024+0000] {logging_mixin.py:190} INFO - [2025-03-03T19:31:06.023+0000] {dagbag.py:588} INFO - Filling up the DagBag from /opt/airflow/dags/tugas_akhir.py
[2025-03-03T19:31:06.101+0000] {logging_mixin.py:190} INFO - 🔍 Memuat model KNN dan encoder...
[2025-03-03T19:31:08.414+0000] {logging_mixin.py:190} INFO - ✅ Model dan encoder berhasil dimuat.
[2025-03-03T19:31:08.425+0000] {processor.py:925} INFO - DAG(s) 'skripsi_2' retrieved from /opt/airflow/dags/tugas_akhir.py
[2025-03-03T19:31:08.462+0000] {logging_mixin.py:190} INFO - [2025-03-03T19:31:08.461+0000] {dag.py:3239} INFO - Sync 1 DAGs
[2025-03-03T19:31:08.538+0000] {logging_mixin.py:190} INFO - [2025-03-03T19:31:08.538+0000] {dag.py:4180} INFO - Setting next_dagrun for skripsi_2 to 2025-03-03 19:30:00+00:00, run_after=2025-03-03 19:32:00+00:00
[2025-03-03T19:31:08.615+0000] {processor.py:208} INFO - Processing /opt/airflow/dags/tugas_akhir.py took 2.624 seconds
[2025-03-03T19:31:38.751+0000] {processor.py:186} INFO - Started process (PID=8185) to work on /opt/airflow/dags/tugas_akhir.py
[2025-03-03T19:31:38.753+0000] {processor.py:914} INFO - Processing file /opt/airflow/dags/tugas_akhir.py for tasks to queue
[2025-03-03T19:31:38.759+0000] {logging_mixin.py:190} INFO - [2025-03-03T19:31:38.759+0000] {dagbag.py:588} INFO - Filling up the DagBag from /opt/airflow/dags/tugas_akhir.py
[2025-03-03T19:31:38.812+0000] {logging_mixin.py:190} INFO - 🔍 Memuat model KNN dan encoder...
[2025-03-03T19:31:40.881+0000] {logging_mixin.py:190} INFO - ✅ Model dan encoder berhasil dimuat.
[2025-03-03T19:31:40.903+0000] {processor.py:925} INFO - DAG(s) 'skripsi_2' retrieved from /opt/airflow/dags/tugas_akhir.py
[2025-03-03T19:31:41.009+0000] {logging_mixin.py:190} INFO - [2025-03-03T19:31:41.008+0000] {dag.py:3239} INFO - Sync 1 DAGs
[2025-03-03T19:31:41.103+0000] {logging_mixin.py:190} INFO - [2025-03-03T19:31:41.102+0000] {dag.py:4180} INFO - Setting next_dagrun for skripsi_2 to 2025-03-03 19:30:00+00:00, run_after=2025-03-03 19:32:00+00:00
[2025-03-03T19:31:41.169+0000] {processor.py:208} INFO - Processing /opt/airflow/dags/tugas_akhir.py took 2.433 seconds
[2025-03-03T19:32:12.969+0000] {processor.py:186} INFO - Started process (PID=8509) to work on /opt/airflow/dags/tugas_akhir.py
[2025-03-03T19:32:12.972+0000] {processor.py:914} INFO - Processing file /opt/airflow/dags/tugas_akhir.py for tasks to queue
[2025-03-03T19:32:12.984+0000] {logging_mixin.py:190} INFO - [2025-03-03T19:32:12.981+0000] {dagbag.py:588} INFO - Filling up the DagBag from /opt/airflow/dags/tugas_akhir.py
[2025-03-03T19:32:13.103+0000] {logging_mixin.py:190} INFO - 🔍 Memuat model KNN dan encoder...
[2025-03-03T19:32:16.043+0000] {logging_mixin.py:190} INFO - ✅ Model dan encoder berhasil dimuat.
[2025-03-03T19:32:16.069+0000] {processor.py:925} INFO - DAG(s) 'skripsi_2' retrieved from /opt/airflow/dags/tugas_akhir.py
[2025-03-03T19:32:16.194+0000] {logging_mixin.py:190} INFO - [2025-03-03T19:32:16.191+0000] {dag.py:3239} INFO - Sync 1 DAGs
[2025-03-03T19:32:16.478+0000] {logging_mixin.py:190} INFO - [2025-03-03T19:32:16.478+0000] {dag.py:4180} INFO - Setting next_dagrun for skripsi_2 to 2025-03-03 19:32:00+00:00, run_after=2025-03-03 19:34:00+00:00
[2025-03-03T19:32:16.670+0000] {processor.py:208} INFO - Processing /opt/airflow/dags/tugas_akhir.py took 3.729 seconds
[2025-03-03T19:32:47.076+0000] {processor.py:186} INFO - Started process (PID=8837) to work on /opt/airflow/dags/tugas_akhir.py
[2025-03-03T19:32:47.079+0000] {processor.py:914} INFO - Processing file /opt/airflow/dags/tugas_akhir.py for tasks to queue
[2025-03-03T19:32:47.085+0000] {logging_mixin.py:190} INFO - [2025-03-03T19:32:47.084+0000] {dagbag.py:588} INFO - Filling up the DagBag from /opt/airflow/dags/tugas_akhir.py
[2025-03-03T19:32:47.151+0000] {logging_mixin.py:190} INFO - 🔍 Memuat model KNN dan encoder...
[2025-03-03T19:32:49.302+0000] {logging_mixin.py:190} INFO - ✅ Model dan encoder berhasil dimuat.
[2025-03-03T19:32:49.337+0000] {processor.py:925} INFO - DAG(s) 'skripsi_2' retrieved from /opt/airflow/dags/tugas_akhir.py
[2025-03-03T19:32:49.385+0000] {logging_mixin.py:190} INFO - [2025-03-03T19:32:49.384+0000] {dag.py:3239} INFO - Sync 1 DAGs
[2025-03-03T19:32:49.492+0000] {logging_mixin.py:190} INFO - [2025-03-03T19:32:49.492+0000] {dag.py:4180} INFO - Setting next_dagrun for skripsi_2 to 2025-03-03 19:32:00+00:00, run_after=2025-03-03 19:34:00+00:00
[2025-03-03T19:32:49.552+0000] {processor.py:208} INFO - Processing /opt/airflow/dags/tugas_akhir.py took 2.490 seconds
[2025-03-03T19:33:20.024+0000] {processor.py:186} INFO - Started process (PID=9180) to work on /opt/airflow/dags/tugas_akhir.py
[2025-03-03T19:33:20.028+0000] {processor.py:914} INFO - Processing file /opt/airflow/dags/tugas_akhir.py for tasks to queue
[2025-03-03T19:33:20.036+0000] {logging_mixin.py:190} INFO - [2025-03-03T19:33:20.035+0000] {dagbag.py:588} INFO - Filling up the DagBag from /opt/airflow/dags/tugas_akhir.py
[2025-03-03T19:33:20.105+0000] {logging_mixin.py:190} INFO - 🔍 Memuat model KNN dan encoder...
[2025-03-03T19:33:22.860+0000] {logging_mixin.py:190} INFO - ✅ Model dan encoder berhasil dimuat.
[2025-03-03T19:33:22.887+0000] {processor.py:925} INFO - DAG(s) 'skripsi_2' retrieved from /opt/airflow/dags/tugas_akhir.py
[2025-03-03T19:33:22.998+0000] {logging_mixin.py:190} INFO - [2025-03-03T19:33:22.997+0000] {dag.py:3239} INFO - Sync 1 DAGs
[2025-03-03T19:33:23.083+0000] {logging_mixin.py:190} INFO - [2025-03-03T19:33:23.082+0000] {dag.py:4180} INFO - Setting next_dagrun for skripsi_2 to 2025-03-03 19:32:00+00:00, run_after=2025-03-03 19:34:00+00:00
[2025-03-03T19:33:23.158+0000] {processor.py:208} INFO - Processing /opt/airflow/dags/tugas_akhir.py took 3.147 seconds
[2025-03-03T19:33:53.689+0000] {processor.py:186} INFO - Started process (PID=9514) to work on /opt/airflow/dags/tugas_akhir.py
[2025-03-03T19:33:53.694+0000] {processor.py:914} INFO - Processing file /opt/airflow/dags/tugas_akhir.py for tasks to queue
[2025-03-03T19:33:53.701+0000] {logging_mixin.py:190} INFO - [2025-03-03T19:33:53.700+0000] {dagbag.py:588} INFO - Filling up the DagBag from /opt/airflow/dags/tugas_akhir.py
[2025-03-03T19:33:53.786+0000] {logging_mixin.py:190} INFO - 🔍 Memuat model KNN dan encoder...
[2025-03-03T19:33:56.108+0000] {logging_mixin.py:190} INFO - ✅ Model dan encoder berhasil dimuat.
[2025-03-03T19:33:56.120+0000] {processor.py:925} INFO - DAG(s) 'skripsi_2' retrieved from /opt/airflow/dags/tugas_akhir.py
[2025-03-03T19:33:56.154+0000] {logging_mixin.py:190} INFO - [2025-03-03T19:33:56.153+0000] {dag.py:3239} INFO - Sync 1 DAGs
[2025-03-03T19:33:56.215+0000] {logging_mixin.py:190} INFO - [2025-03-03T19:33:56.215+0000] {dag.py:4180} INFO - Setting next_dagrun for skripsi_2 to 2025-03-03 19:32:00+00:00, run_after=2025-03-03 19:34:00+00:00
[2025-03-03T19:33:56.254+0000] {processor.py:208} INFO - Processing /opt/airflow/dags/tugas_akhir.py took 2.581 seconds
[2025-03-03T19:34:28.310+0000] {processor.py:186} INFO - Started process (PID=9819) to work on /opt/airflow/dags/tugas_akhir.py
[2025-03-03T19:34:28.332+0000] {processor.py:914} INFO - Processing file /opt/airflow/dags/tugas_akhir.py for tasks to queue
[2025-03-03T19:34:28.352+0000] {logging_mixin.py:190} INFO - [2025-03-03T19:34:28.351+0000] {dagbag.py:588} INFO - Filling up the DagBag from /opt/airflow/dags/tugas_akhir.py
[2025-03-03T19:34:28.512+0000] {logging_mixin.py:190} INFO - 🔍 Memuat model KNN dan encoder...
[2025-03-03T19:34:32.042+0000] {logging_mixin.py:190} INFO - ✅ Model dan encoder berhasil dimuat.
[2025-03-03T19:34:32.089+0000] {processor.py:925} INFO - DAG(s) 'skripsi_2' retrieved from /opt/airflow/dags/tugas_akhir.py
[2025-03-03T19:34:32.206+0000] {logging_mixin.py:190} INFO - [2025-03-03T19:34:32.205+0000] {dag.py:3239} INFO - Sync 1 DAGs
[2025-03-03T19:34:32.320+0000] {logging_mixin.py:190} INFO - [2025-03-03T19:34:32.317+0000] {dag.py:4180} INFO - Setting next_dagrun for skripsi_2 to 2025-03-03 19:34:00+00:00, run_after=2025-03-03 19:36:00+00:00
[2025-03-03T19:34:32.641+0000] {processor.py:208} INFO - Processing /opt/airflow/dags/tugas_akhir.py took 4.376 seconds
[2025-03-03T19:35:02.860+0000] {processor.py:186} INFO - Started process (PID=10147) to work on /opt/airflow/dags/tugas_akhir.py
[2025-03-03T19:35:02.864+0000] {processor.py:914} INFO - Processing file /opt/airflow/dags/tugas_akhir.py for tasks to queue
[2025-03-03T19:35:02.873+0000] {logging_mixin.py:190} INFO - [2025-03-03T19:35:02.871+0000] {dagbag.py:588} INFO - Filling up the DagBag from /opt/airflow/dags/tugas_akhir.py
[2025-03-03T19:35:03.027+0000] {logging_mixin.py:190} INFO - 🔍 Memuat model KNN dan encoder...
[2025-03-03T19:35:05.158+0000] {logging_mixin.py:190} INFO - ✅ Model dan encoder berhasil dimuat.
[2025-03-03T19:35:05.179+0000] {processor.py:925} INFO - DAG(s) 'skripsi_2' retrieved from /opt/airflow/dags/tugas_akhir.py
[2025-03-03T19:35:05.264+0000] {logging_mixin.py:190} INFO - [2025-03-03T19:35:05.262+0000] {dag.py:3239} INFO - Sync 1 DAGs
[2025-03-03T19:35:05.362+0000] {logging_mixin.py:190} INFO - [2025-03-03T19:35:05.359+0000] {dag.py:4180} INFO - Setting next_dagrun for skripsi_2 to 2025-03-03 19:34:00+00:00, run_after=2025-03-03 19:36:00+00:00
[2025-03-03T19:35:05.454+0000] {processor.py:208} INFO - Processing /opt/airflow/dags/tugas_akhir.py took 2.615 seconds
