[2025-02-25T15:32:15.207+0000] {local_task_job_runner.py:123} INFO - ::group::Pre task execution logs
[2025-02-25T15:32:15.258+0000] {taskinstance.py:2613} INFO - Dependencies all met for dep_context=non-requeueable deps ti=<TaskInstance: triggered_by_new_data.wait_for_new_data manual__2025-02-25T15:27:01.679918+00:00 [queued]>
[2025-02-25T15:32:15.281+0000] {taskinstance.py:2613} INFO - Dependencies all met for dep_context=requeueable deps ti=<TaskInstance: triggered_by_new_data.wait_for_new_data manual__2025-02-25T15:27:01.679918+00:00 [queued]>
[2025-02-25T15:32:15.283+0000] {taskinstance.py:2866} INFO - Starting attempt 2 of 6
[2025-02-25T15:32:15.321+0000] {taskinstance.py:2889} INFO - Executing <Task(SqlSensor): wait_for_new_data> on 2025-02-25 15:27:01.679918+00:00
[2025-02-25T15:32:15.357+0000] {logging_mixin.py:190} WARNING - /home/airflow/.local/lib/python3.12/site-packages/airflow/task/task_runner/standard_task_runner.py:70 DeprecationWarning: This process (pid=53927) is multi-threaded, use of fork() may lead to deadlocks in the child.
[2025-02-25T15:32:15.365+0000] {standard_task_runner.py:72} INFO - Started process 53972 to run task
[2025-02-25T15:32:15.362+0000] {standard_task_runner.py:104} INFO - Running: ['airflow', 'tasks', 'run', 'triggered_by_new_data', 'wait_for_new_data', 'manual__2025-02-25T15:27:01.679918+00:00', '--job-id', '59', '--raw', '--subdir', 'DAGS_FOLDER/tugas_akhir.py', '--cfg-path', '/tmp/tmp0r2r_gh9']
[2025-02-25T15:32:15.369+0000] {standard_task_runner.py:105} INFO - Job 59: Subtask wait_for_new_data
[2025-02-25T15:32:15.621+0000] {task_command.py:467} INFO - Running <TaskInstance: triggered_by_new_data.wait_for_new_data manual__2025-02-25T15:27:01.679918+00:00 [running]> on host 15e5b1e5ccc7
[2025-02-25T15:32:15.850+0000] {taskinstance.py:3132} INFO - Exporting env vars: AIRFLOW_CTX_DAG_OWNER='Dion Rikki' AIRFLOW_CTX_DAG_ID='triggered_by_new_data' AIRFLOW_CTX_TASK_ID='wait_for_new_data' AIRFLOW_CTX_EXECUTION_DATE='2025-02-25T15:27:01.679918+00:00' AIRFLOW_CTX_TRY_NUMBER='2' AIRFLOW_CTX_DAG_RUN_ID='manual__2025-02-25T15:27:01.679918+00:00'
[2025-02-25T15:32:15.856+0000] {logging_mixin.py:190} INFO - Task instance is in running state
[2025-02-25T15:32:15.857+0000] {logging_mixin.py:190} INFO -  Previous state of the Task instance: queued
[2025-02-25T15:32:15.861+0000] {logging_mixin.py:190} INFO - Current task name:wait_for_new_data state:running start_date:2025-02-25 15:32:15.260292+00:00
[2025-02-25T15:32:15.862+0000] {logging_mixin.py:190} INFO - Dag name:triggered_by_new_data and current dag run status:running
[2025-02-25T15:32:15.865+0000] {taskinstance.py:731} INFO - ::endgroup::
[2025-02-25T15:32:15.885+0000] {base.py:84} INFO - Retrieving connection 'mysql_default'
[2025-02-25T15:32:15.892+0000] {sql.py:101} INFO - Poking: SELECT COUNT(*) FROM tugas_akhir_sensordata WHERE timestamp >= NOW() - INTERVAL 5 MINUTE (with parameters None)
[2025-02-25T15:32:15.904+0000] {base.py:84} INFO - Retrieving connection 'mysql_default'
[2025-02-25T15:32:15.922+0000] {sql.py:553} INFO - Running statement: SELECT COUNT(*) FROM tugas_akhir_sensordata WHERE timestamp >= NOW() - INTERVAL 5 MINUTE, parameters: None
[2025-02-25T15:32:15.926+0000] {sql.py:562} INFO - Rows affected: 1
[2025-02-25T15:33:15.953+0000] {base.py:84} INFO - Retrieving connection 'mysql_default'
[2025-02-25T15:33:15.961+0000] {sql.py:101} INFO - Poking: SELECT COUNT(*) FROM tugas_akhir_sensordata WHERE timestamp >= NOW() - INTERVAL 5 MINUTE (with parameters None)
[2025-02-25T15:33:15.983+0000] {base.py:84} INFO - Retrieving connection 'mysql_default'
[2025-02-25T15:33:15.996+0000] {sql.py:553} INFO - Running statement: SELECT COUNT(*) FROM tugas_akhir_sensordata WHERE timestamp >= NOW() - INTERVAL 5 MINUTE, parameters: None
[2025-02-25T15:33:15.998+0000] {sql.py:562} INFO - Rows affected: 1
[2025-02-25T15:34:16.048+0000] {base.py:84} INFO - Retrieving connection 'mysql_default'
[2025-02-25T15:34:16.055+0000] {sql.py:101} INFO - Poking: SELECT COUNT(*) FROM tugas_akhir_sensordata WHERE timestamp >= NOW() - INTERVAL 5 MINUTE (with parameters None)
[2025-02-25T15:34:16.097+0000] {base.py:84} INFO - Retrieving connection 'mysql_default'
[2025-02-25T15:34:16.108+0000] {sql.py:553} INFO - Running statement: SELECT COUNT(*) FROM tugas_akhir_sensordata WHERE timestamp >= NOW() - INTERVAL 5 MINUTE, parameters: None
[2025-02-25T15:34:16.111+0000] {sql.py:562} INFO - Rows affected: 1
[2025-02-25T15:35:16.123+0000] {base.py:84} INFO - Retrieving connection 'mysql_default'
[2025-02-25T15:35:16.124+0000] {sql.py:101} INFO - Poking: SELECT COUNT(*) FROM tugas_akhir_sensordata WHERE timestamp >= NOW() - INTERVAL 5 MINUTE (with parameters None)
[2025-02-25T15:35:16.140+0000] {base.py:84} INFO - Retrieving connection 'mysql_default'
[2025-02-25T15:35:16.144+0000] {sql.py:553} INFO - Running statement: SELECT COUNT(*) FROM tugas_akhir_sensordata WHERE timestamp >= NOW() - INTERVAL 5 MINUTE, parameters: None
[2025-02-25T15:35:16.148+0000] {sql.py:562} INFO - Rows affected: 1
[2025-02-25T15:36:16.264+0000] {base.py:84} INFO - Retrieving connection 'mysql_default'
[2025-02-25T15:36:16.292+0000] {sql.py:101} INFO - Poking: SELECT COUNT(*) FROM tugas_akhir_sensordata WHERE timestamp >= NOW() - INTERVAL 5 MINUTE (with parameters None)
[2025-02-25T15:36:16.359+0000] {base.py:84} INFO - Retrieving connection 'mysql_default'
[2025-02-25T15:36:16.413+0000] {sql.py:553} INFO - Running statement: SELECT COUNT(*) FROM tugas_akhir_sensordata WHERE timestamp >= NOW() - INTERVAL 5 MINUTE, parameters: None
[2025-02-25T15:36:16.431+0000] {sql.py:562} INFO - Rows affected: 1
[2025-02-25T15:36:16.442+0000] {base.py:336} INFO - Success criteria met. Exiting.
[2025-02-25T15:36:16.486+0000] {taskinstance.py:340} INFO - ::group::Post task execution logs
[2025-02-25T15:36:16.490+0000] {taskinstance.py:352} INFO - Marking task as SUCCESS. dag_id=triggered_by_new_data, task_id=wait_for_new_data, run_id=manual__2025-02-25T15:27:01.679918+00:00, execution_date=20250225T152701, start_date=20250225T153215, end_date=20250225T153616
[2025-02-25T15:36:16.911+0000] {logging_mixin.py:190} INFO - Task instance in success state
[2025-02-25T15:36:16.931+0000] {logging_mixin.py:190} INFO -  Previous state of the Task instance: running
[2025-02-25T15:36:16.942+0000] {logging_mixin.py:190} INFO - Dag name:triggered_by_new_data queued_at:2025-02-25 15:27:01.704594+00:00
[2025-02-25T15:36:16.955+0000] {logging_mixin.py:190} INFO - Task hostname:15e5b1e5ccc7 operator:SqlSensor
[2025-02-25T15:36:17.131+0000] {local_task_job_runner.py:266} INFO - Task exited with return code 0
[2025-02-25T15:36:17.281+0000] {local_task_job_runner.py:245} INFO - ::endgroup::
