[2025-04-22T06:21:31.804+0000] {local_task_job_runner.py:123} INFO - ::group::Pre task execution logs
[2025-04-22T06:21:31.902+0000] {taskinstance.py:2613} INFO - Dependencies all met for dep_context=non-requeueable deps ti=<TaskInstance: perbaikan_skripsi.get_data_from_db scheduled__2025-04-22T06:18:00+00:00 [queued]>
[2025-04-22T06:21:31.943+0000] {taskinstance.py:2613} INFO - Dependencies all met for dep_context=requeueable deps ti=<TaskInstance: perbaikan_skripsi.get_data_from_db scheduled__2025-04-22T06:18:00+00:00 [queued]>
[2025-04-22T06:21:31.944+0000] {taskinstance.py:2866} INFO - Starting attempt 1 of 4
[2025-04-22T06:21:32.013+0000] {taskinstance.py:2889} INFO - Executing <Task(PythonOperator): get_data_from_db> on 2025-04-22 06:18:00+00:00
[2025-04-22T06:21:32.078+0000] {logging_mixin.py:190} WARNING - /home/airflow/.local/lib/python3.12/site-packages/airflow/task/task_runner/standard_task_runner.py:70 DeprecationWarning: This process (pid=40980) is multi-threaded, use of fork() may lead to deadlocks in the child.
[2025-04-22T06:21:32.074+0000] {standard_task_runner.py:104} INFO - Running: ['airflow', 'tasks', 'run', 'perbaikan_skripsi', 'get_data_from_db', 'scheduled__2025-04-22T06:18:00+00:00', '--job-id', '4180', '--raw', '--subdir', 'DAGS_FOLDER/tugas_akhir.py', '--cfg-path', '/tmp/tmpe55pteo0']
[2025-04-22T06:21:32.082+0000] {standard_task_runner.py:72} INFO - Started process 41085 to run task
[2025-04-22T06:21:32.082+0000] {standard_task_runner.py:105} INFO - Job 4180: Subtask get_data_from_db
[2025-04-22T06:21:32.400+0000] {task_command.py:467} INFO - Running <TaskInstance: perbaikan_skripsi.get_data_from_db scheduled__2025-04-22T06:18:00+00:00 [running]> on host a38b69ba8f8a
[2025-04-22T06:21:33.063+0000] {taskinstance.py:3132} INFO - Exporting env vars: AIRFLOW_CTX_DAG_OWNER='Dion Rikki' AIRFLOW_CTX_DAG_ID='perbaikan_skripsi' AIRFLOW_CTX_TASK_ID='get_data_from_db' AIRFLOW_CTX_EXECUTION_DATE='2025-04-22T06:18:00+00:00' AIRFLOW_CTX_TRY_NUMBER='1' AIRFLOW_CTX_DAG_RUN_ID='scheduled__2025-04-22T06:18:00+00:00'
[2025-04-22T06:21:33.071+0000] {logging_mixin.py:190} INFO - Task instance is in running state
[2025-04-22T06:21:33.072+0000] {logging_mixin.py:190} INFO -  Previous state of the Task instance: queued
[2025-04-22T06:21:33.075+0000] {logging_mixin.py:190} INFO - Current task name:get_data_from_db state:running start_date:2025-04-22 06:21:31.903846+00:00
[2025-04-22T06:21:33.078+0000] {logging_mixin.py:190} INFO - Dag name:perbaikan_skripsi and current dag run status:running
[2025-04-22T06:21:33.080+0000] {taskinstance.py:731} INFO - ::endgroup::
[2025-04-22T06:21:33.083+0000] {logging_mixin.py:190} INFO - 🔍 [1] Mengambil data sensor terbaru yang lengkap dan belum diprediksi...
[2025-04-22T06:21:33.207+0000] {logging_mixin.py:190} INFO - 📊 Data ditemukan: 1 baris
[2025-04-22T06:21:33.357+0000] {python.py:240} INFO - Done. Returned value was: None
[2025-04-22T06:21:33.490+0000] {taskinstance.py:340} INFO - ::group::Post task execution logs
[2025-04-22T06:21:33.501+0000] {taskinstance.py:352} INFO - Marking task as SUCCESS. dag_id=perbaikan_skripsi, task_id=get_data_from_db, run_id=scheduled__2025-04-22T06:18:00+00:00, execution_date=20250422T061800, start_date=20250422T062131, end_date=20250422T062133
[2025-04-22T06:21:33.953+0000] {logging_mixin.py:190} INFO - Task instance in success state
[2025-04-22T06:21:33.957+0000] {logging_mixin.py:190} INFO -  Previous state of the Task instance: running
[2025-04-22T06:21:33.960+0000] {logging_mixin.py:190} INFO - Dag name:perbaikan_skripsi queued_at:2025-04-22 06:19:00.900416+00:00
[2025-04-22T06:21:33.965+0000] {logging_mixin.py:190} INFO - Task hostname:a38b69ba8f8a operator:PythonOperator
[2025-04-22T06:21:34.065+0000] {local_task_job_runner.py:266} INFO - Task exited with return code 0
[2025-04-22T06:21:34.235+0000] {taskinstance.py:3895} INFO - 1 downstream tasks scheduled from follow-on schedule check
[2025-04-22T06:21:34.267+0000] {local_task_job_runner.py:245} INFO - ::endgroup::
