[2025-02-25T15:36:28.615+0000] {local_task_job_runner.py:123} INFO - ::group::Pre task execution logs
[2025-02-25T15:36:28.718+0000] {taskinstance.py:2613} INFO - Dependencies all met for dep_context=non-requeueable deps ti=<TaskInstance: triggered_by_new_data.predict_and_store_result manual__2025-02-25T15:21:38.673440+00:00 [queued]>
[2025-02-25T15:36:28.791+0000] {taskinstance.py:2613} INFO - Dependencies all met for dep_context=requeueable deps ti=<TaskInstance: triggered_by_new_data.predict_and_store_result manual__2025-02-25T15:21:38.673440+00:00 [queued]>
[2025-02-25T15:36:28.794+0000] {taskinstance.py:2866} INFO - Starting attempt 1 of 6
[2025-02-25T15:36:28.881+0000] {taskinstance.py:2889} INFO - Executing <Task(PythonOperator): predict_and_store_result> on 2025-02-25 15:21:38.673440+00:00
[2025-02-25T15:36:28.917+0000] {logging_mixin.py:190} WARNING - /home/airflow/.local/lib/python3.12/site-packages/airflow/task/task_runner/standard_task_runner.py:70 DeprecationWarning: This process (pid=56307) is multi-threaded, use of fork() may lead to deadlocks in the child.
[2025-02-25T15:36:28.918+0000] {standard_task_runner.py:104} INFO - Running: ['airflow', 'tasks', 'run', 'triggered_by_new_data', 'predict_and_store_result', 'manual__2025-02-25T15:21:38.673440+00:00', '--job-id', '71', '--raw', '--subdir', 'DAGS_FOLDER/tugas_akhir.py', '--cfg-path', '/tmp/tmppcg_94sa']
[2025-02-25T15:36:28.920+0000] {standard_task_runner.py:72} INFO - Started process 56404 to run task
[2025-02-25T15:36:28.922+0000] {standard_task_runner.py:105} INFO - Job 71: Subtask predict_and_store_result
[2025-02-25T15:36:29.122+0000] {task_command.py:467} INFO - Running <TaskInstance: triggered_by_new_data.predict_and_store_result manual__2025-02-25T15:21:38.673440+00:00 [running]> on host 15e5b1e5ccc7
[2025-02-25T15:36:29.381+0000] {taskinstance.py:3132} INFO - Exporting env vars: AIRFLOW_CTX_DAG_OWNER='Dion Rikki' AIRFLOW_CTX_DAG_ID='triggered_by_new_data' AIRFLOW_CTX_TASK_ID='predict_and_store_result' AIRFLOW_CTX_EXECUTION_DATE='2025-02-25T15:21:38.673440+00:00' AIRFLOW_CTX_TRY_NUMBER='1' AIRFLOW_CTX_DAG_RUN_ID='manual__2025-02-25T15:21:38.673440+00:00'
[2025-02-25T15:36:29.384+0000] {logging_mixin.py:190} INFO - Task instance is in running state
[2025-02-25T15:36:29.387+0000] {logging_mixin.py:190} INFO -  Previous state of the Task instance: queued
[2025-02-25T15:36:29.389+0000] {logging_mixin.py:190} INFO - Current task name:predict_and_store_result state:running start_date:2025-02-25 15:36:28.728041+00:00
[2025-02-25T15:36:29.395+0000] {logging_mixin.py:190} INFO - Dag name:triggered_by_new_data and current dag run status:running
[2025-02-25T15:36:29.396+0000] {taskinstance.py:731} INFO - ::endgroup::
[2025-02-25T15:36:29.401+0000] {logging_mixin.py:190} INFO - 🔍 [1] Mengambil data dari XCom...
[2025-02-25T15:36:29.428+0000] {logging_mixin.py:190} INFO - ✅ [2] Data diterima dari XCom. Jumlah baris: 3
[2025-02-25T15:36:29.429+0000] {logging_mixin.py:190} INFO - 📊 Data contoh:
[{'Humidity': 88.0, 'Moisture': 25.8}, {'Humidity': 88.0, 'Moisture': 25.8}, {'Humidity': 88.0, 'Moisture': 25.8}]
[2025-02-25T15:36:29.444+0000] {logging_mixin.py:190} INFO - 🤖 [3] Melakukan prediksi dengan model RandomForest...
[2025-02-25T15:36:29.505+0000] {logging_mixin.py:190} INFO - 📌 [4] Hasil prediksi:
   Humidity  Moisture  Predicted_Fertilizer
0      88.0      25.8                     5
1      88.0      25.8                     5
2      88.0      25.8                     5
[2025-02-25T15:36:29.507+0000] {logging_mixin.py:190} INFO - 💾 [5] Menyimpan hasil prediksi ke database...
[2025-02-25T15:36:29.566+0000] {logging_mixin.py:190} INFO - ✅ Hasil prediksi berhasil disimpan ke database!
[2025-02-25T15:36:29.568+0000] {python.py:240} INFO - Done. Returned value was: None
[2025-02-25T15:36:29.589+0000] {taskinstance.py:340} INFO - ::group::Post task execution logs
[2025-02-25T15:36:29.592+0000] {taskinstance.py:352} INFO - Marking task as SUCCESS. dag_id=triggered_by_new_data, task_id=predict_and_store_result, run_id=manual__2025-02-25T15:21:38.673440+00:00, execution_date=20250225T152138, start_date=20250225T153628, end_date=20250225T153629
[2025-02-25T15:36:30.391+0000] {logging_mixin.py:190} INFO - Task instance in success state
[2025-02-25T15:36:30.393+0000] {logging_mixin.py:190} INFO -  Previous state of the Task instance: running
[2025-02-25T15:36:30.400+0000] {logging_mixin.py:190} INFO - Dag name:triggered_by_new_data queued_at:2025-02-25 15:21:38.723821+00:00
[2025-02-25T15:36:30.404+0000] {logging_mixin.py:190} INFO - Task hostname:15e5b1e5ccc7 operator:PythonOperator
[2025-02-25T15:36:30.478+0000] {local_task_job_runner.py:266} INFO - Task exited with return code 0
[2025-02-25T15:36:30.524+0000] {taskinstance.py:3895} INFO - 0 downstream tasks scheduled from follow-on schedule check
[2025-02-25T15:36:30.535+0000] {local_task_job_runner.py:245} INFO - ::endgroup::
