[2025-04-24T21:56:35.768+0000] {local_task_job_runner.py:123} INFO - ::group::Pre task execution logs
[2025-04-24T21:56:35.813+0000] {taskinstance.py:2613} INFO - Dependencies all met for dep_context=non-requeueable deps ti=<TaskInstance: perbaikan_skripsi.wait_for_new_data scheduled__2025-04-24T21:52:00+00:00 [queued]>
[2025-04-24T21:56:35.836+0000] {taskinstance.py:2613} INFO - Dependencies all met for dep_context=requeueable deps ti=<TaskInstance: perbaikan_skripsi.wait_for_new_data scheduled__2025-04-24T21:52:00+00:00 [queued]>
[2025-04-24T21:56:35.838+0000] {taskinstance.py:2866} INFO - Starting attempt 4 of 4
[2025-04-24T21:56:35.875+0000] {taskinstance.py:2889} INFO - Executing <Task(SqlSensor): wait_for_new_data> on 2025-04-24 21:52:00+00:00
[2025-04-24T21:56:35.900+0000] {logging_mixin.py:190} WARNING - /home/airflow/.local/lib/python3.12/site-packages/airflow/task/task_runner/standard_task_runner.py:70 DeprecationWarning: This process (pid=84254) is multi-threaded, use of fork() may lead to deadlocks in the child.
[2025-04-24T21:56:35.906+0000] {standard_task_runner.py:72} INFO - Started process 84344 to run task
[2025-04-24T21:56:35.903+0000] {standard_task_runner.py:104} INFO - Running: ['airflow', 'tasks', 'run', 'perbaikan_skripsi', 'wait_for_new_data', 'scheduled__2025-04-24T21:52:00+00:00', '--job-id', '25326', '--raw', '--subdir', 'DAGS_FOLDER/tugas_akhir.py', '--cfg-path', '/tmp/tmpr2o3ci7t']
[2025-04-24T21:56:35.909+0000] {standard_task_runner.py:105} INFO - Job 25326: Subtask wait_for_new_data
[2025-04-24T21:56:36.030+0000] {task_command.py:467} INFO - Running <TaskInstance: perbaikan_skripsi.wait_for_new_data scheduled__2025-04-24T21:52:00+00:00 [running]> on host a38b69ba8f8a
[2025-04-24T21:56:36.748+0000] {taskinstance.py:3132} INFO - Exporting env vars: AIRFLOW_CTX_DAG_OWNER='Dion Rikki' AIRFLOW_CTX_DAG_ID='perbaikan_skripsi' AIRFLOW_CTX_TASK_ID='wait_for_new_data' AIRFLOW_CTX_EXECUTION_DATE='2025-04-24T21:52:00+00:00' AIRFLOW_CTX_TRY_NUMBER='4' AIRFLOW_CTX_DAG_RUN_ID='scheduled__2025-04-24T21:52:00+00:00'
[2025-04-24T21:56:36.754+0000] {logging_mixin.py:190} INFO - Task instance is in running state
[2025-04-24T21:56:36.757+0000] {logging_mixin.py:190} INFO -  Previous state of the Task instance: queued
[2025-04-24T21:56:36.758+0000] {logging_mixin.py:190} INFO - Current task name:wait_for_new_data state:running start_date:2025-04-24 21:56:35.814971+00:00
[2025-04-24T21:56:36.763+0000] {logging_mixin.py:190} INFO - Dag name:perbaikan_skripsi and current dag run status:running
[2025-04-24T21:56:36.767+0000] {taskinstance.py:731} INFO - ::endgroup::
[2025-04-24T21:56:36.835+0000] {base.py:84} INFO - Retrieving connection 'mysql_default'
[2025-04-24T21:56:36.846+0000] {sql.py:101} INFO - Poking: 
            SELECT COUNT(*) 
            FROM tugas_akhir_sensordata s
            WHERE s.timestamp >= NOW() - INTERVAL 3 MINUTE
            AND s.soil_type IS NOT NULL
            AND s.crop_type IS NOT NULL
            AND NOT EXISTS (
                SELECT 1 
                FROM fertilizer_predictions f
                WHERE f.sensor_data_id = s.id
            )
         (with parameters None)
[2025-04-24T21:56:36.875+0000] {base.py:84} INFO - Retrieving connection 'mysql_default'
[2025-04-24T21:56:36.903+0000] {sql.py:553} INFO - Running statement: 
            SELECT COUNT(*) 
            FROM tugas_akhir_sensordata s
            WHERE s.timestamp >= NOW() - INTERVAL 3 MINUTE
            AND s.soil_type IS NOT NULL
            AND s.crop_type IS NOT NULL
            AND NOT EXISTS (
                SELECT 1 
                FROM fertilizer_predictions f
                WHERE f.sensor_data_id = s.id
            )
        , parameters: None
[2025-04-24T21:56:36.909+0000] {sql.py:562} INFO - Rows affected: 1
[2025-04-24T21:56:37.511+0000] {taskinstance.py:309} INFO - Rescheduling task, marking task as UP_FOR_RESCHEDULE
[2025-04-24T21:56:37.512+0000] {taskinstance.py:340} INFO - ::group::Post task execution logs
[2025-04-24T21:56:37.548+0000] {local_task_job_runner.py:266} INFO - Task exited with return code 0
[2025-04-24T21:56:37.681+0000] {taskinstance.py:3895} INFO - 0 downstream tasks scheduled from follow-on schedule check
[2025-04-24T21:56:37.697+0000] {local_task_job_runner.py:245} INFO - ::endgroup::
