[2025-04-07T15:03:28.362+0000] {local_task_job_runner.py:123} INFO - ::group::Pre task execution logs
[2025-04-07T15:03:28.658+0000] {taskinstance.py:2613} INFO - Dependencies all met for dep_context=non-requeueable deps ti=<TaskInstance: skripsi_perbaikan.predict_and_store_result scheduled__2025-03-16T13:22:00+00:00 [queued]>
[2025-04-07T15:03:28.877+0000] {taskinstance.py:2613} INFO - Dependencies all met for dep_context=requeueable deps ti=<TaskInstance: skripsi_perbaikan.predict_and_store_result scheduled__2025-03-16T13:22:00+00:00 [queued]>
[2025-04-07T15:03:28.889+0000] {taskinstance.py:2866} INFO - Starting attempt 2 of 5
[2025-04-07T15:03:29.149+0000] {taskinstance.py:2889} INFO - Executing <Task(PythonOperator): predict_and_store_result> on 2025-03-16 13:22:00+00:00
[2025-04-07T15:03:29.231+0000] {logging_mixin.py:190} WARNING - /home/airflow/.local/lib/python3.12/site-packages/airflow/task/task_runner/standard_task_runner.py:70 DeprecationWarning: This process (pid=2253) is multi-threaded, use of fork() may lead to deadlocks in the child.
[2025-04-07T15:03:29.241+0000] {standard_task_runner.py:72} INFO - Started process 2376 to run task
[2025-04-07T15:03:29.250+0000] {standard_task_runner.py:104} INFO - Running: ['airflow', 'tasks', 'run', 'skripsi_perbaikan', 'predict_and_store_result', 'scheduled__2025-03-16T13:22:00+00:00', '--job-id', '2411', '--raw', '--subdir', 'DAGS_FOLDER/tugas_akhir.py', '--cfg-path', '/tmp/tmp4zr7nzkg']
[2025-04-07T15:03:29.272+0000] {standard_task_runner.py:105} INFO - Job 2411: Subtask predict_and_store_result
[2025-04-07T15:03:29.651+0000] {task_command.py:467} INFO - Running <TaskInstance: skripsi_perbaikan.predict_and_store_result scheduled__2025-03-16T13:22:00+00:00 [running]> on host a9576c91091e
[2025-04-07T15:03:33.270+0000] {taskinstance.py:3132} INFO - Exporting env vars: AIRFLOW_CTX_DAG_OWNER='Dion Rikki' AIRFLOW_CTX_DAG_ID='skripsi_perbaikan' AIRFLOW_CTX_TASK_ID='predict_and_store_result' AIRFLOW_CTX_EXECUTION_DATE='2025-03-16T13:22:00+00:00' AIRFLOW_CTX_TRY_NUMBER='2' AIRFLOW_CTX_DAG_RUN_ID='scheduled__2025-03-16T13:22:00+00:00'
[2025-04-07T15:03:33.318+0000] {logging_mixin.py:190} INFO - Task instance is in running state
[2025-04-07T15:03:33.352+0000] {logging_mixin.py:190} INFO -  Previous state of the Task instance: queued
[2025-04-07T15:03:33.364+0000] {logging_mixin.py:190} INFO - Current task name:predict_and_store_result state:running start_date:2025-04-07 15:03:28.668795+00:00
[2025-04-07T15:03:33.385+0000] {logging_mixin.py:190} INFO - Dag name:skripsi_perbaikan and current dag run status:running
[2025-04-07T15:03:33.432+0000] {taskinstance.py:731} INFO - ::endgroup::
[2025-04-07T15:03:33.484+0000] {logging_mixin.py:190} INFO - 🔍 [2] Memproses data dan melakukan prediksi...
[2025-04-07T15:03:34.438+0000] {logging_mixin.py:190} INFO - ✅ Data siap diproses: 6 baris
    id  Temperature  Humidity  ...  nitrogen phosphorous potassium
0  272         26.2      81.0  ...     112.0       305.0     300.0
1  274         26.2      81.0  ...     112.0       305.0     300.0
2  275         26.2      81.0  ...     112.0       305.0     300.0
3  276         26.2      81.0  ...     112.0       305.0     300.0
4  277         26.2      81.0  ...     112.0       305.0     300.0

[5 rows x 9 columns]
[2025-04-07T15:03:34.489+0000] {logging_mixin.py:190} INFO - 📝 Menyesuaikan nama kolom dengan model training...
[2025-04-07T15:03:34.534+0000] {logging_mixin.py:190} INFO - 🔧 Melakukan encoding kategori Soil_Type dan Crop_Type...
[2025-04-07T15:03:34.577+0000] {logging_mixin.py:190} INFO - 🧠 Menyiapkan fitur untuk prediksi...
[2025-04-07T15:03:34.689+0000] {logging_mixin.py:190} INFO - 🤖 Menjalankan model prediksi...
[2025-04-07T15:03:35.163+0000] {logging_mixin.py:190} INFO - ✅ Prediksi selesai:
    id predicted_fertilizer
0  272                 Urea
1  274                 Urea
2  275                 Urea
3  276                 Urea
4  277                 Urea
5  278                 Urea
[2025-04-07T15:03:35.188+0000] {logging_mixin.py:190} INFO - 💾 Menyimpan hasil ke tabel fertilizer_predictions...
[2025-04-07T15:03:35.838+0000] {logging_mixin.py:190} INFO - ❌ Error saat menyimpan ke database: (pymysql.err.IntegrityError) (1062, "Duplicate entry '272' for key 'fertilizer_predictions.sensor_data_id'")
[SQL: INSERT INTO fertilizer_predictions (sensor_data_id, predicted_fertilizer, created_at) VALUES (%(sensor_data_id)s, %(predicted_fertilizer)s, %(created_at)s)]
[parameters: ({'sensor_data_id': 272, 'predicted_fertilizer': 'Urea', 'created_at': datetime.datetime(2025, 4, 7, 15, 3, 35, 240449)}, {'sensor_data_id': 274, 'predicted_fertilizer': 'Urea', 'created_at': datetime.datetime(2025, 4, 7, 15, 3, 35, 240449)}, {'sensor_data_id': 275, 'predicted_fertilizer': 'Urea', 'created_at': datetime.datetime(2025, 4, 7, 15, 3, 35, 240449)}, {'sensor_data_id': 276, 'predicted_fertilizer': 'Urea', 'created_at': datetime.datetime(2025, 4, 7, 15, 3, 35, 240449)}, {'sensor_data_id': 277, 'predicted_fertilizer': 'Urea', 'created_at': datetime.datetime(2025, 4, 7, 15, 3, 35, 240449)}, {'sensor_data_id': 278, 'predicted_fertilizer': 'Urea', 'created_at': datetime.datetime(2025, 4, 7, 15, 3, 35, 240449)})]
(Background on this error at: https://sqlalche.me/e/14/gkpj)
[2025-04-07T15:03:35.844+0000] {python.py:240} INFO - Done. Returned value was: None
[2025-04-07T15:03:35.975+0000] {taskinstance.py:340} INFO - ::group::Post task execution logs
[2025-04-07T15:03:35.987+0000] {taskinstance.py:352} INFO - Marking task as SUCCESS. dag_id=skripsi_perbaikan, task_id=predict_and_store_result, run_id=scheduled__2025-03-16T13:22:00+00:00, execution_date=20250316T132200, start_date=20250407T150328, end_date=20250407T150335
[2025-04-07T15:03:36.839+0000] {logging_mixin.py:190} INFO - Task instance in success state
[2025-04-07T15:03:36.859+0000] {logging_mixin.py:190} INFO -  Previous state of the Task instance: running
[2025-04-07T15:03:36.897+0000] {logging_mixin.py:190} INFO - Dag name:skripsi_perbaikan queued_at:2025-04-07 14:47:44.283098+00:00
[2025-04-07T15:03:36.983+0000] {logging_mixin.py:190} INFO - Task hostname:a9576c91091e operator:PythonOperator
[2025-04-07T15:03:37.343+0000] {local_task_job_runner.py:266} INFO - Task exited with return code 0
[2025-04-07T15:03:37.660+0000] {taskinstance.py:3895} INFO - 0 downstream tasks scheduled from follow-on schedule check
[2025-04-07T15:03:37.668+0000] {local_task_job_runner.py:245} INFO - ::endgroup::
