[2025-03-01T17:02:32.304+0000] {local_task_job_runner.py:123} INFO - ::group::Pre task execution logs
[2025-03-01T17:02:32.354+0000] {taskinstance.py:2613} INFO - Dependencies all met for dep_context=non-requeueable deps ti=<TaskInstance: skripsi_2.wait_for_new_data scheduled__2025-03-01T16:54:00+00:00 [queued]>
[2025-03-01T17:02:32.382+0000] {taskinstance.py:2613} INFO - Dependencies all met for dep_context=requeueable deps ti=<TaskInstance: skripsi_2.wait_for_new_data scheduled__2025-03-01T16:54:00+00:00 [queued]>
[2025-03-01T17:02:32.383+0000] {taskinstance.py:2866} INFO - Starting attempt 7 of 6
[2025-03-01T17:02:32.418+0000] {taskinstance.py:2889} INFO - Executing <Task(SqlSensor): wait_for_new_data> on 2025-03-01 16:54:00+00:00
[2025-03-01T17:02:32.446+0000] {logging_mixin.py:190} WARNING - /home/airflow/.local/lib/python3.12/site-packages/airflow/task/task_runner/standard_task_runner.py:70 DeprecationWarning: This process (pid=88199) is multi-threaded, use of fork() may lead to deadlocks in the child.
[2025-03-01T17:02:32.447+0000] {standard_task_runner.py:104} INFO - Running: ['airflow', 'tasks', 'run', 'skripsi_2', 'wait_for_new_data', 'scheduled__2025-03-01T16:54:00+00:00', '--job-id', '13386', '--raw', '--subdir', 'DAGS_FOLDER/tugas_akhir.py', '--cfg-path', '/tmp/tmpycog26__']
[2025-03-01T17:02:32.450+0000] {standard_task_runner.py:105} INFO - Job 13386: Subtask wait_for_new_data
[2025-03-01T17:02:32.449+0000] {standard_task_runner.py:72} INFO - Started process 88213 to run task
[2025-03-01T17:02:32.564+0000] {task_command.py:467} INFO - Running <TaskInstance: skripsi_2.wait_for_new_data scheduled__2025-03-01T16:54:00+00:00 [running]> on host ef7692401a0a
[2025-03-01T17:02:32.781+0000] {taskinstance.py:3132} INFO - Exporting env vars: AIRFLOW_CTX_DAG_OWNER='Dion Rikki' AIRFLOW_CTX_DAG_ID='skripsi_2' AIRFLOW_CTX_TASK_ID='wait_for_new_data' AIRFLOW_CTX_EXECUTION_DATE='2025-03-01T16:54:00+00:00' AIRFLOW_CTX_TRY_NUMBER='7' AIRFLOW_CTX_DAG_RUN_ID='scheduled__2025-03-01T16:54:00+00:00'
[2025-03-01T17:02:32.784+0000] {logging_mixin.py:190} INFO - Task instance is in running state
[2025-03-01T17:02:32.785+0000] {logging_mixin.py:190} INFO -  Previous state of the Task instance: queued
[2025-03-01T17:02:32.787+0000] {logging_mixin.py:190} INFO - Current task name:wait_for_new_data state:running start_date:2025-03-01 17:02:32.361662+00:00
[2025-03-01T17:02:32.788+0000] {logging_mixin.py:190} INFO - Dag name:skripsi_2 and current dag run status:running
[2025-03-01T17:02:32.789+0000] {taskinstance.py:731} INFO - ::endgroup::
[2025-03-01T17:02:32.814+0000] {base.py:84} INFO - Retrieving connection 'mysql_default'
[2025-03-01T17:02:32.820+0000] {sql.py:101} INFO - Poking: 
            SELECT COUNT(*) 
            FROM tugas_akhir_sensordata s
            WHERE s.timestamp >= NOW() - INTERVAL 5 MINUTE
            AND NOT EXISTS (
                SELECT 1 
                FROM fertilizer_predictions f
                WHERE f.id = s.id
            )
         (with parameters None)
[2025-03-01T17:02:32.829+0000] {base.py:84} INFO - Retrieving connection 'mysql_default'
[2025-03-01T17:02:32.839+0000] {sql.py:553} INFO - Running statement: 
            SELECT COUNT(*) 
            FROM tugas_akhir_sensordata s
            WHERE s.timestamp >= NOW() - INTERVAL 5 MINUTE
            AND NOT EXISTS (
                SELECT 1 
                FROM fertilizer_predictions f
                WHERE f.id = s.id
            )
        , parameters: None
[2025-03-01T17:02:32.841+0000] {sql.py:562} INFO - Rows affected: 1
[2025-03-01T17:02:32.887+0000] {taskinstance.py:309} INFO - Rescheduling task, marking task as UP_FOR_RESCHEDULE
[2025-03-01T17:02:32.888+0000] {taskinstance.py:340} INFO - ::group::Post task execution logs
[2025-03-01T17:02:32.935+0000] {local_task_job_runner.py:266} INFO - Task exited with return code 0
[2025-03-01T17:02:32.955+0000] {local_task_job_runner.py:245} INFO - ::endgroup::
