[2025-02-25T19:28:40.775+0000] {local_task_job_runner.py:123} INFO - ::group::Pre task execution logs
[2025-02-25T19:28:40.864+0000] {taskinstance.py:2613} INFO - Dependencies all met for dep_context=non-requeueable deps ti=<TaskInstance: skripsi.predict_and_store_result scheduled__2025-02-25T19:25:00+00:00 [queued]>
[2025-02-25T19:28:40.995+0000] {taskinstance.py:2613} INFO - Dependencies all met for dep_context=requeueable deps ti=<TaskInstance: skripsi.predict_and_store_result scheduled__2025-02-25T19:25:00+00:00 [queued]>
[2025-02-25T19:28:41.010+0000] {taskinstance.py:2866} INFO - Starting attempt 1 of 6
[2025-02-25T19:28:41.654+0000] {taskinstance.py:2889} INFO - Executing <Task(PythonOperator): predict_and_store_result> on 2025-02-25 19:25:00+00:00
[2025-02-25T19:28:41.761+0000] {standard_task_runner.py:104} INFO - Running: ['airflow', 'tasks', 'run', 'skripsi', 'predict_and_store_result', 'scheduled__2025-02-25T19:25:00+00:00', '--job-id', '343', '--raw', '--subdir', 'DAGS_FOLDER/tugas_akhir.py', '--cfg-path', '/tmp/tmpijh1cc7_']
[2025-02-25T19:28:41.767+0000] {logging_mixin.py:190} WARNING - /home/airflow/.local/lib/python3.12/site-packages/airflow/task/task_runner/standard_task_runner.py:70 DeprecationWarning: This process (pid=81136) is multi-threaded, use of fork() may lead to deadlocks in the child.
[2025-02-25T19:28:41.777+0000] {standard_task_runner.py:72} INFO - Started process 81245 to run task
[2025-02-25T19:28:41.774+0000] {standard_task_runner.py:105} INFO - Job 343: Subtask predict_and_store_result
[2025-02-25T19:28:42.199+0000] {task_command.py:467} INFO - Running <TaskInstance: skripsi.predict_and_store_result scheduled__2025-02-25T19:25:00+00:00 [running]> on host d22a487e6b55
[2025-02-25T19:28:42.974+0000] {taskinstance.py:3132} INFO - Exporting env vars: AIRFLOW_CTX_DAG_OWNER='Dion Rikki' AIRFLOW_CTX_DAG_ID='skripsi' AIRFLOW_CTX_TASK_ID='predict_and_store_result' AIRFLOW_CTX_EXECUTION_DATE='2025-02-25T19:25:00+00:00' AIRFLOW_CTX_TRY_NUMBER='1' AIRFLOW_CTX_DAG_RUN_ID='scheduled__2025-02-25T19:25:00+00:00'
[2025-02-25T19:28:42.984+0000] {logging_mixin.py:190} INFO - Task instance is in running state
[2025-02-25T19:28:42.993+0000] {logging_mixin.py:190} INFO -  Previous state of the Task instance: queued
[2025-02-25T19:28:42.996+0000] {logging_mixin.py:190} INFO - Current task name:predict_and_store_result state:running start_date:2025-02-25 19:28:40.868534+00:00
[2025-02-25T19:28:43.000+0000] {logging_mixin.py:190} INFO - Dag name:skripsi and current dag run status:running
[2025-02-25T19:28:43.005+0000] {taskinstance.py:731} INFO - ::endgroup::
[2025-02-25T19:28:43.012+0000] {logging_mixin.py:190} INFO - 🔍 [1] Mengambil data dari XCom...
[2025-02-25T19:28:43.063+0000] {logging_mixin.py:190} INFO - ✅ [2] Data diterima dari XCom. Jumlah baris: 2
[2025-02-25T19:28:43.066+0000] {logging_mixin.py:190} INFO - 📊 Data contoh:
[{'Humidity': 85.0, 'Moisture': 25.8}, {'Humidity': 94.0, 'Moisture': 25.8}]
[2025-02-25T19:28:43.082+0000] {logging_mixin.py:190} INFO - 🤖 [3] Melakukan prediksi dengan model RandomForest...
[2025-02-25T19:28:43.145+0000] {logging_mixin.py:190} INFO - 📌 [4] Hasil prediksi:
   Humidity  Moisture  Predicted_Fertilizer
0      85.0      25.8                     5
1      94.0      25.8                     5
[2025-02-25T19:28:43.147+0000] {logging_mixin.py:190} INFO - 💾 [5] Menyimpan hasil prediksi ke database...
[2025-02-25T19:28:43.270+0000] {logging_mixin.py:190} INFO - ✅ Hasil prediksi berhasil disimpan ke database!
[2025-02-25T19:28:43.272+0000] {python.py:240} INFO - Done. Returned value was: None
[2025-02-25T19:28:43.331+0000] {taskinstance.py:340} INFO - ::group::Post task execution logs
[2025-02-25T19:28:43.336+0000] {taskinstance.py:352} INFO - Marking task as SUCCESS. dag_id=skripsi, task_id=predict_and_store_result, run_id=scheduled__2025-02-25T19:25:00+00:00, execution_date=20250225T192500, start_date=20250225T192840, end_date=20250225T192843
[2025-02-25T19:28:44.589+0000] {logging_mixin.py:190} INFO - Task instance in success state
[2025-02-25T19:28:44.599+0000] {logging_mixin.py:190} INFO -  Previous state of the Task instance: running
[2025-02-25T19:28:44.607+0000] {logging_mixin.py:190} INFO - Dag name:skripsi queued_at:2025-02-25 19:26:00.833803+00:00
[2025-02-25T19:28:44.621+0000] {logging_mixin.py:190} INFO - Task hostname:d22a487e6b55 operator:PythonOperator
[2025-02-25T19:28:44.723+0000] {local_task_job_runner.py:266} INFO - Task exited with return code 0
[2025-02-25T19:28:44.815+0000] {taskinstance.py:3895} INFO - 0 downstream tasks scheduled from follow-on schedule check
[2025-02-25T19:28:44.824+0000] {local_task_job_runner.py:245} INFO - ::endgroup::
