[2025-04-22T04:49:34.532+0000] {local_task_job_runner.py:123} INFO - ::group::Pre task execution logs
[2025-04-22T04:49:34.598+0000] {taskinstance.py:2613} INFO - Dependencies all met for dep_context=non-requeueable deps ti=<TaskInstance: perbaikan_skripsi.get_data_from_db scheduled__2025-04-22T04:46:00+00:00 [queued]>
[2025-04-22T04:49:34.636+0000] {taskinstance.py:2613} INFO - Dependencies all met for dep_context=requeueable deps ti=<TaskInstance: perbaikan_skripsi.get_data_from_db scheduled__2025-04-22T04:46:00+00:00 [queued]>
[2025-04-22T04:49:34.637+0000] {taskinstance.py:2866} INFO - Starting attempt 1 of 4
[2025-04-22T04:49:34.719+0000] {taskinstance.py:2889} INFO - Executing <Task(PythonOperator): get_data_from_db> on 2025-04-22 04:46:00+00:00
[2025-04-22T04:49:34.790+0000] {standard_task_runner.py:104} INFO - Running: ['airflow', 'tasks', 'run', 'perbaikan_skripsi', 'get_data_from_db', 'scheduled__2025-04-22T04:46:00+00:00', '--job-id', '3425', '--raw', '--subdir', 'DAGS_FOLDER/tugas_akhir.py', '--cfg-path', '/tmp/tmpiaz1a_y4']
[2025-04-22T04:49:34.800+0000] {standard_task_runner.py:105} INFO - Job 3425: Subtask get_data_from_db
[2025-04-22T04:49:34.812+0000] {logging_mixin.py:190} WARNING - /home/airflow/.local/lib/python3.12/site-packages/airflow/task/task_runner/standard_task_runner.py:70 DeprecationWarning: This process (pid=1980) is multi-threaded, use of fork() may lead to deadlocks in the child.
[2025-04-22T04:49:34.815+0000] {standard_task_runner.py:72} INFO - Started process 2053 to run task
[2025-04-22T04:49:35.037+0000] {task_command.py:467} INFO - Running <TaskInstance: perbaikan_skripsi.get_data_from_db scheduled__2025-04-22T04:46:00+00:00 [running]> on host 4921186b41fa
[2025-04-22T04:49:35.412+0000] {taskinstance.py:3132} INFO - Exporting env vars: AIRFLOW_CTX_DAG_OWNER='Dion Rikki' AIRFLOW_CTX_DAG_ID='perbaikan_skripsi' AIRFLOW_CTX_TASK_ID='get_data_from_db' AIRFLOW_CTX_EXECUTION_DATE='2025-04-22T04:46:00+00:00' AIRFLOW_CTX_TRY_NUMBER='1' AIRFLOW_CTX_DAG_RUN_ID='scheduled__2025-04-22T04:46:00+00:00'
[2025-04-22T04:49:35.418+0000] {logging_mixin.py:190} INFO - Task instance is in running state
[2025-04-22T04:49:35.419+0000] {logging_mixin.py:190} INFO -  Previous state of the Task instance: queued
[2025-04-22T04:49:35.420+0000] {logging_mixin.py:190} INFO - Current task name:get_data_from_db state:running start_date:2025-04-22 04:49:34.600408+00:00
[2025-04-22T04:49:35.422+0000] {logging_mixin.py:190} INFO - Dag name:perbaikan_skripsi and current dag run status:running
[2025-04-22T04:49:35.425+0000] {taskinstance.py:731} INFO - ::endgroup::
[2025-04-22T04:49:35.428+0000] {logging_mixin.py:190} INFO - 🔍 [1] Mengambil data sensor terbaru yang lengkap dan belum diprediksi...
[2025-04-22T04:49:35.497+0000] {logging_mixin.py:190} INFO - 📊 Data ditemukan: 0 baris
[2025-04-22T04:49:35.574+0000] {python.py:240} INFO - Done. Returned value was: None
[2025-04-22T04:49:35.611+0000] {taskinstance.py:340} INFO - ::group::Post task execution logs
[2025-04-22T04:49:35.615+0000] {taskinstance.py:352} INFO - Marking task as SUCCESS. dag_id=perbaikan_skripsi, task_id=get_data_from_db, run_id=scheduled__2025-04-22T04:46:00+00:00, execution_date=20250422T044600, start_date=20250422T044934, end_date=20250422T044935
[2025-04-22T04:49:35.649+0000] {logging_mixin.py:190} INFO - Task instance in success state
[2025-04-22T04:49:35.650+0000] {logging_mixin.py:190} INFO -  Previous state of the Task instance: running
[2025-04-22T04:49:35.651+0000] {logging_mixin.py:190} INFO - Dag name:perbaikan_skripsi queued_at:2025-04-22 04:47:01.404649+00:00
[2025-04-22T04:49:35.653+0000] {logging_mixin.py:190} INFO - Task hostname:4921186b41fa operator:PythonOperator
[2025-04-22T04:49:35.681+0000] {local_task_job_runner.py:266} INFO - Task exited with return code 0
[2025-04-22T04:49:35.749+0000] {taskinstance.py:3895} INFO - 1 downstream tasks scheduled from follow-on schedule check
[2025-04-22T04:49:35.769+0000] {local_task_job_runner.py:245} INFO - ::endgroup::
