[2025-03-03T19:17:54.689+0000] {processor.py:186} INFO - Started process (PID=410) to work on /home/airflow/.local/lib/python3.12/site-packages/airflow/example_dags/example_latest_only.py
[2025-03-03T19:17:54.692+0000] {processor.py:914} INFO - Processing file /home/airflow/.local/lib/python3.12/site-packages/airflow/example_dags/example_latest_only.py for tasks to queue
[2025-03-03T19:17:54.715+0000] {logging_mixin.py:190} INFO - [2025-03-03T19:17:54.713+0000] {dagbag.py:588} INFO - Filling up the DagBag from /home/airflow/.local/lib/python3.12/site-packages/airflow/example_dags/example_latest_only.py
[2025-03-03T19:17:54.763+0000] {processor.py:925} INFO - DAG(s) 'latest_only' retrieved from /home/airflow/.local/lib/python3.12/site-packages/airflow/example_dags/example_latest_only.py
[2025-03-03T19:17:54.862+0000] {logging_mixin.py:190} INFO - [2025-03-03T19:17:54.857+0000] {dag.py:3239} INFO - Sync 1 DAGs
[2025-03-03T19:17:54.939+0000] {logging_mixin.py:190} INFO - [2025-03-03T19:17:54.939+0000] {dag.py:4180} INFO - Setting next_dagrun for latest_only to 2025-03-03 12:00:00+00:00, run_after=2025-03-03 16:00:00+00:00
[2025-03-03T19:17:54.995+0000] {processor.py:208} INFO - Processing /home/airflow/.local/lib/python3.12/site-packages/airflow/example_dags/example_latest_only.py took 0.342 seconds
[2025-03-03T19:18:25.472+0000] {processor.py:186} INFO - Started process (PID=704) to work on /home/airflow/.local/lib/python3.12/site-packages/airflow/example_dags/example_latest_only.py
[2025-03-03T19:18:25.476+0000] {processor.py:914} INFO - Processing file /home/airflow/.local/lib/python3.12/site-packages/airflow/example_dags/example_latest_only.py for tasks to queue
[2025-03-03T19:18:25.486+0000] {logging_mixin.py:190} INFO - [2025-03-03T19:18:25.485+0000] {dagbag.py:588} INFO - Filling up the DagBag from /home/airflow/.local/lib/python3.12/site-packages/airflow/example_dags/example_latest_only.py
[2025-03-03T19:18:25.508+0000] {processor.py:925} INFO - DAG(s) 'latest_only' retrieved from /home/airflow/.local/lib/python3.12/site-packages/airflow/example_dags/example_latest_only.py
[2025-03-03T19:18:25.579+0000] {logging_mixin.py:190} INFO - [2025-03-03T19:18:25.578+0000] {dag.py:3239} INFO - Sync 1 DAGs
[2025-03-03T19:18:25.648+0000] {logging_mixin.py:190} INFO - [2025-03-03T19:18:25.648+0000] {dag.py:4180} INFO - Setting next_dagrun for latest_only to 2025-03-03 12:00:00+00:00, run_after=2025-03-03 16:00:00+00:00
[2025-03-03T19:18:25.711+0000] {processor.py:208} INFO - Processing /home/airflow/.local/lib/python3.12/site-packages/airflow/example_dags/example_latest_only.py took 0.254 seconds
[2025-03-03T19:18:58.360+0000] {processor.py:186} INFO - Started process (PID=1013) to work on /home/airflow/.local/lib/python3.12/site-packages/airflow/example_dags/example_latest_only.py
[2025-03-03T19:18:58.366+0000] {processor.py:914} INFO - Processing file /home/airflow/.local/lib/python3.12/site-packages/airflow/example_dags/example_latest_only.py for tasks to queue
[2025-03-03T19:18:58.391+0000] {logging_mixin.py:190} INFO - [2025-03-03T19:18:58.384+0000] {dagbag.py:588} INFO - Filling up the DagBag from /home/airflow/.local/lib/python3.12/site-packages/airflow/example_dags/example_latest_only.py
[2025-03-03T19:18:58.447+0000] {processor.py:925} INFO - DAG(s) 'latest_only' retrieved from /home/airflow/.local/lib/python3.12/site-packages/airflow/example_dags/example_latest_only.py
[2025-03-03T19:18:58.524+0000] {logging_mixin.py:190} INFO - [2025-03-03T19:18:58.523+0000] {dag.py:3239} INFO - Sync 1 DAGs
[2025-03-03T19:18:58.679+0000] {logging_mixin.py:190} INFO - [2025-03-03T19:18:58.678+0000] {dag.py:4180} INFO - Setting next_dagrun for latest_only to 2025-03-03 12:00:00+00:00, run_after=2025-03-03 16:00:00+00:00
[2025-03-03T19:18:58.853+0000] {processor.py:208} INFO - Processing /home/airflow/.local/lib/python3.12/site-packages/airflow/example_dags/example_latest_only.py took 0.524 seconds
[2025-03-03T19:19:35.570+0000] {processor.py:186} INFO - Started process (PID=1314) to work on /home/airflow/.local/lib/python3.12/site-packages/airflow/example_dags/example_latest_only.py
[2025-03-03T19:19:35.575+0000] {processor.py:914} INFO - Processing file /home/airflow/.local/lib/python3.12/site-packages/airflow/example_dags/example_latest_only.py for tasks to queue
[2025-03-03T19:19:35.600+0000] {logging_mixin.py:190} INFO - [2025-03-03T19:19:35.599+0000] {dagbag.py:588} INFO - Filling up the DagBag from /home/airflow/.local/lib/python3.12/site-packages/airflow/example_dags/example_latest_only.py
[2025-03-03T19:19:35.639+0000] {processor.py:925} INFO - DAG(s) 'latest_only' retrieved from /home/airflow/.local/lib/python3.12/site-packages/airflow/example_dags/example_latest_only.py
[2025-03-03T19:19:35.723+0000] {logging_mixin.py:190} INFO - [2025-03-03T19:19:35.722+0000] {dag.py:3239} INFO - Sync 1 DAGs
[2025-03-03T19:19:35.815+0000] {logging_mixin.py:190} INFO - [2025-03-03T19:19:35.814+0000] {dag.py:4180} INFO - Setting next_dagrun for latest_only to 2025-03-03 12:00:00+00:00, run_after=2025-03-03 16:00:00+00:00
[2025-03-03T19:19:36.065+0000] {processor.py:208} INFO - Processing /home/airflow/.local/lib/python3.12/site-packages/airflow/example_dags/example_latest_only.py took 0.524 seconds
[2025-03-03T19:20:11.637+0000] {processor.py:186} INFO - Started process (PID=1634) to work on /home/airflow/.local/lib/python3.12/site-packages/airflow/example_dags/example_latest_only.py
[2025-03-03T19:20:11.663+0000] {processor.py:914} INFO - Processing file /home/airflow/.local/lib/python3.12/site-packages/airflow/example_dags/example_latest_only.py for tasks to queue
[2025-03-03T19:20:11.677+0000] {logging_mixin.py:190} INFO - [2025-03-03T19:20:11.673+0000] {dagbag.py:588} INFO - Filling up the DagBag from /home/airflow/.local/lib/python3.12/site-packages/airflow/example_dags/example_latest_only.py
[2025-03-03T19:20:11.718+0000] {processor.py:925} INFO - DAG(s) 'latest_only' retrieved from /home/airflow/.local/lib/python3.12/site-packages/airflow/example_dags/example_latest_only.py
[2025-03-03T19:20:11.922+0000] {logging_mixin.py:190} INFO - [2025-03-03T19:20:11.921+0000] {dag.py:3239} INFO - Sync 1 DAGs
[2025-03-03T19:20:12.281+0000] {logging_mixin.py:190} INFO - [2025-03-03T19:20:12.281+0000] {dag.py:4180} INFO - Setting next_dagrun for latest_only to 2025-03-03 12:00:00+00:00, run_after=2025-03-03 16:00:00+00:00
[2025-03-03T19:20:12.477+0000] {processor.py:208} INFO - Processing /home/airflow/.local/lib/python3.12/site-packages/airflow/example_dags/example_latest_only.py took 0.935 seconds
[2025-03-03T19:20:43.713+0000] {processor.py:186} INFO - Started process (PID=1940) to work on /home/airflow/.local/lib/python3.12/site-packages/airflow/example_dags/example_latest_only.py
[2025-03-03T19:20:43.724+0000] {processor.py:914} INFO - Processing file /home/airflow/.local/lib/python3.12/site-packages/airflow/example_dags/example_latest_only.py for tasks to queue
[2025-03-03T19:20:43.741+0000] {logging_mixin.py:190} INFO - [2025-03-03T19:20:43.739+0000] {dagbag.py:588} INFO - Filling up the DagBag from /home/airflow/.local/lib/python3.12/site-packages/airflow/example_dags/example_latest_only.py
[2025-03-03T19:20:43.778+0000] {processor.py:925} INFO - DAG(s) 'latest_only' retrieved from /home/airflow/.local/lib/python3.12/site-packages/airflow/example_dags/example_latest_only.py
[2025-03-03T19:20:43.880+0000] {logging_mixin.py:190} INFO - [2025-03-03T19:20:43.880+0000] {dag.py:3239} INFO - Sync 1 DAGs
[2025-03-03T19:20:43.973+0000] {logging_mixin.py:190} INFO - [2025-03-03T19:20:43.972+0000] {dag.py:4180} INFO - Setting next_dagrun for latest_only to 2025-03-03 12:00:00+00:00, run_after=2025-03-03 16:00:00+00:00
[2025-03-03T19:20:44.061+0000] {processor.py:208} INFO - Processing /home/airflow/.local/lib/python3.12/site-packages/airflow/example_dags/example_latest_only.py took 0.392 seconds
[2025-03-03T19:21:15.549+0000] {processor.py:186} INFO - Started process (PID=2237) to work on /home/airflow/.local/lib/python3.12/site-packages/airflow/example_dags/example_latest_only.py
[2025-03-03T19:21:15.562+0000] {processor.py:914} INFO - Processing file /home/airflow/.local/lib/python3.12/site-packages/airflow/example_dags/example_latest_only.py for tasks to queue
[2025-03-03T19:21:15.580+0000] {logging_mixin.py:190} INFO - [2025-03-03T19:21:15.575+0000] {dagbag.py:588} INFO - Filling up the DagBag from /home/airflow/.local/lib/python3.12/site-packages/airflow/example_dags/example_latest_only.py
[2025-03-03T19:21:15.636+0000] {processor.py:925} INFO - DAG(s) 'latest_only' retrieved from /home/airflow/.local/lib/python3.12/site-packages/airflow/example_dags/example_latest_only.py
[2025-03-03T19:21:15.752+0000] {logging_mixin.py:190} INFO - [2025-03-03T19:21:15.752+0000] {dag.py:3239} INFO - Sync 1 DAGs
[2025-03-03T19:21:15.893+0000] {logging_mixin.py:190} INFO - [2025-03-03T19:21:15.892+0000] {dag.py:4180} INFO - Setting next_dagrun for latest_only to 2025-03-03 12:00:00+00:00, run_after=2025-03-03 16:00:00+00:00
[2025-03-03T19:21:16.037+0000] {processor.py:208} INFO - Processing /home/airflow/.local/lib/python3.12/site-packages/airflow/example_dags/example_latest_only.py took 0.536 seconds
[2025-03-03T19:21:59.897+0000] {processor.py:186} INFO - Started process (PID=2561) to work on /home/airflow/.local/lib/python3.12/site-packages/airflow/example_dags/example_latest_only.py
[2025-03-03T19:21:59.905+0000] {processor.py:914} INFO - Processing file /home/airflow/.local/lib/python3.12/site-packages/airflow/example_dags/example_latest_only.py for tasks to queue
[2025-03-03T19:21:59.922+0000] {logging_mixin.py:190} INFO - [2025-03-03T19:21:59.921+0000] {dagbag.py:588} INFO - Filling up the DagBag from /home/airflow/.local/lib/python3.12/site-packages/airflow/example_dags/example_latest_only.py
[2025-03-03T19:21:59.958+0000] {processor.py:925} INFO - DAG(s) 'latest_only' retrieved from /home/airflow/.local/lib/python3.12/site-packages/airflow/example_dags/example_latest_only.py
[2025-03-03T19:22:00.040+0000] {logging_mixin.py:190} INFO - [2025-03-03T19:22:00.040+0000] {dag.py:3239} INFO - Sync 1 DAGs
[2025-03-03T19:22:00.165+0000] {logging_mixin.py:190} INFO - [2025-03-03T19:22:00.164+0000] {dag.py:4180} INFO - Setting next_dagrun for latest_only to 2025-03-03 12:00:00+00:00, run_after=2025-03-03 16:00:00+00:00
[2025-03-03T19:22:00.293+0000] {processor.py:208} INFO - Processing /home/airflow/.local/lib/python3.12/site-packages/airflow/example_dags/example_latest_only.py took 0.433 seconds
[2025-03-03T19:22:30.897+0000] {processor.py:186} INFO - Started process (PID=2857) to work on /home/airflow/.local/lib/python3.12/site-packages/airflow/example_dags/example_latest_only.py
[2025-03-03T19:22:30.899+0000] {processor.py:914} INFO - Processing file /home/airflow/.local/lib/python3.12/site-packages/airflow/example_dags/example_latest_only.py for tasks to queue
[2025-03-03T19:22:30.905+0000] {logging_mixin.py:190} INFO - [2025-03-03T19:22:30.904+0000] {dagbag.py:588} INFO - Filling up the DagBag from /home/airflow/.local/lib/python3.12/site-packages/airflow/example_dags/example_latest_only.py
[2025-03-03T19:22:30.921+0000] {processor.py:925} INFO - DAG(s) 'latest_only' retrieved from /home/airflow/.local/lib/python3.12/site-packages/airflow/example_dags/example_latest_only.py
[2025-03-03T19:22:30.967+0000] {logging_mixin.py:190} INFO - [2025-03-03T19:22:30.966+0000] {dag.py:3239} INFO - Sync 1 DAGs
[2025-03-03T19:22:31.033+0000] {logging_mixin.py:190} INFO - [2025-03-03T19:22:31.033+0000] {dag.py:4180} INFO - Setting next_dagrun for latest_only to 2025-03-03 12:00:00+00:00, run_after=2025-03-03 16:00:00+00:00
[2025-03-03T19:22:31.078+0000] {processor.py:208} INFO - Processing /home/airflow/.local/lib/python3.12/site-packages/airflow/example_dags/example_latest_only.py took 0.197 seconds
[2025-03-03T19:23:01.760+0000] {processor.py:186} INFO - Started process (PID=3178) to work on /home/airflow/.local/lib/python3.12/site-packages/airflow/example_dags/example_latest_only.py
[2025-03-03T19:23:01.769+0000] {processor.py:914} INFO - Processing file /home/airflow/.local/lib/python3.12/site-packages/airflow/example_dags/example_latest_only.py for tasks to queue
[2025-03-03T19:23:01.778+0000] {logging_mixin.py:190} INFO - [2025-03-03T19:23:01.777+0000] {dagbag.py:588} INFO - Filling up the DagBag from /home/airflow/.local/lib/python3.12/site-packages/airflow/example_dags/example_latest_only.py
[2025-03-03T19:23:01.805+0000] {processor.py:925} INFO - DAG(s) 'latest_only' retrieved from /home/airflow/.local/lib/python3.12/site-packages/airflow/example_dags/example_latest_only.py
[2025-03-03T19:23:01.857+0000] {logging_mixin.py:190} INFO - [2025-03-03T19:23:01.856+0000] {dag.py:3239} INFO - Sync 1 DAGs
[2025-03-03T19:23:01.941+0000] {logging_mixin.py:190} INFO - [2025-03-03T19:23:01.940+0000] {dag.py:4180} INFO - Setting next_dagrun for latest_only to 2025-03-03 12:00:00+00:00, run_after=2025-03-03 16:00:00+00:00
[2025-03-03T19:23:02.012+0000] {processor.py:208} INFO - Processing /home/airflow/.local/lib/python3.12/site-packages/airflow/example_dags/example_latest_only.py took 0.270 seconds
[2025-03-03T19:23:32.724+0000] {processor.py:186} INFO - Started process (PID=3474) to work on /home/airflow/.local/lib/python3.12/site-packages/airflow/example_dags/example_latest_only.py
[2025-03-03T19:23:32.727+0000] {processor.py:914} INFO - Processing file /home/airflow/.local/lib/python3.12/site-packages/airflow/example_dags/example_latest_only.py for tasks to queue
[2025-03-03T19:23:32.742+0000] {logging_mixin.py:190} INFO - [2025-03-03T19:23:32.741+0000] {dagbag.py:588} INFO - Filling up the DagBag from /home/airflow/.local/lib/python3.12/site-packages/airflow/example_dags/example_latest_only.py
[2025-03-03T19:23:32.779+0000] {processor.py:925} INFO - DAG(s) 'latest_only' retrieved from /home/airflow/.local/lib/python3.12/site-packages/airflow/example_dags/example_latest_only.py
[2025-03-03T19:23:32.840+0000] {logging_mixin.py:190} INFO - [2025-03-03T19:23:32.840+0000] {dag.py:3239} INFO - Sync 1 DAGs
[2025-03-03T19:23:32.904+0000] {logging_mixin.py:190} INFO - [2025-03-03T19:23:32.903+0000] {dag.py:4180} INFO - Setting next_dagrun for latest_only to 2025-03-03 12:00:00+00:00, run_after=2025-03-03 16:00:00+00:00
[2025-03-03T19:23:32.971+0000] {processor.py:208} INFO - Processing /home/airflow/.local/lib/python3.12/site-packages/airflow/example_dags/example_latest_only.py took 0.264 seconds
[2025-03-03T19:24:03.753+0000] {processor.py:186} INFO - Started process (PID=3801) to work on /home/airflow/.local/lib/python3.12/site-packages/airflow/example_dags/example_latest_only.py
[2025-03-03T19:24:03.759+0000] {processor.py:914} INFO - Processing file /home/airflow/.local/lib/python3.12/site-packages/airflow/example_dags/example_latest_only.py for tasks to queue
[2025-03-03T19:24:03.768+0000] {logging_mixin.py:190} INFO - [2025-03-03T19:24:03.768+0000] {dagbag.py:588} INFO - Filling up the DagBag from /home/airflow/.local/lib/python3.12/site-packages/airflow/example_dags/example_latest_only.py
[2025-03-03T19:24:03.804+0000] {processor.py:925} INFO - DAG(s) 'latest_only' retrieved from /home/airflow/.local/lib/python3.12/site-packages/airflow/example_dags/example_latest_only.py
[2025-03-03T19:24:03.924+0000] {logging_mixin.py:190} INFO - [2025-03-03T19:24:03.923+0000] {dag.py:3239} INFO - Sync 1 DAGs
[2025-03-03T19:24:04.069+0000] {logging_mixin.py:190} INFO - [2025-03-03T19:24:04.069+0000] {dag.py:4180} INFO - Setting next_dagrun for latest_only to 2025-03-03 12:00:00+00:00, run_after=2025-03-03 16:00:00+00:00
[2025-03-03T19:24:04.178+0000] {processor.py:208} INFO - Processing /home/airflow/.local/lib/python3.12/site-packages/airflow/example_dags/example_latest_only.py took 0.446 seconds
[2025-03-03T19:24:34.447+0000] {processor.py:186} INFO - Started process (PID=4102) to work on /home/airflow/.local/lib/python3.12/site-packages/airflow/example_dags/example_latest_only.py
[2025-03-03T19:24:34.449+0000] {processor.py:914} INFO - Processing file /home/airflow/.local/lib/python3.12/site-packages/airflow/example_dags/example_latest_only.py for tasks to queue
[2025-03-03T19:24:34.455+0000] {logging_mixin.py:190} INFO - [2025-03-03T19:24:34.454+0000] {dagbag.py:588} INFO - Filling up the DagBag from /home/airflow/.local/lib/python3.12/site-packages/airflow/example_dags/example_latest_only.py
[2025-03-03T19:24:34.484+0000] {processor.py:925} INFO - DAG(s) 'latest_only' retrieved from /home/airflow/.local/lib/python3.12/site-packages/airflow/example_dags/example_latest_only.py
[2025-03-03T19:24:34.523+0000] {logging_mixin.py:190} INFO - [2025-03-03T19:24:34.522+0000] {dag.py:3239} INFO - Sync 1 DAGs
[2025-03-03T19:24:34.592+0000] {logging_mixin.py:190} INFO - [2025-03-03T19:24:34.592+0000] {dag.py:4180} INFO - Setting next_dagrun for latest_only to 2025-03-03 12:00:00+00:00, run_after=2025-03-03 16:00:00+00:00
[2025-03-03T19:24:34.649+0000] {processor.py:208} INFO - Processing /home/airflow/.local/lib/python3.12/site-packages/airflow/example_dags/example_latest_only.py took 0.216 seconds
[2025-03-03T19:25:10.528+0000] {processor.py:186} INFO - Started process (PID=4394) to work on /home/airflow/.local/lib/python3.12/site-packages/airflow/example_dags/example_latest_only.py
[2025-03-03T19:25:10.536+0000] {processor.py:914} INFO - Processing file /home/airflow/.local/lib/python3.12/site-packages/airflow/example_dags/example_latest_only.py for tasks to queue
[2025-03-03T19:25:10.551+0000] {logging_mixin.py:190} INFO - [2025-03-03T19:25:10.550+0000] {dagbag.py:588} INFO - Filling up the DagBag from /home/airflow/.local/lib/python3.12/site-packages/airflow/example_dags/example_latest_only.py
[2025-03-03T19:25:10.598+0000] {processor.py:925} INFO - DAG(s) 'latest_only' retrieved from /home/airflow/.local/lib/python3.12/site-packages/airflow/example_dags/example_latest_only.py
[2025-03-03T19:25:10.687+0000] {logging_mixin.py:190} INFO - [2025-03-03T19:25:10.686+0000] {dag.py:3239} INFO - Sync 1 DAGs
[2025-03-03T19:25:10.780+0000] {logging_mixin.py:190} INFO - [2025-03-03T19:25:10.780+0000] {dag.py:4180} INFO - Setting next_dagrun for latest_only to 2025-03-03 12:00:00+00:00, run_after=2025-03-03 16:00:00+00:00
[2025-03-03T19:25:11.096+0000] {processor.py:208} INFO - Processing /home/airflow/.local/lib/python3.12/site-packages/airflow/example_dags/example_latest_only.py took 0.594 seconds
[2025-03-03T19:25:41.342+0000] {processor.py:186} INFO - Started process (PID=4693) to work on /home/airflow/.local/lib/python3.12/site-packages/airflow/example_dags/example_latest_only.py
[2025-03-03T19:25:41.352+0000] {processor.py:914} INFO - Processing file /home/airflow/.local/lib/python3.12/site-packages/airflow/example_dags/example_latest_only.py for tasks to queue
[2025-03-03T19:25:41.366+0000] {logging_mixin.py:190} INFO - [2025-03-03T19:25:41.363+0000] {dagbag.py:588} INFO - Filling up the DagBag from /home/airflow/.local/lib/python3.12/site-packages/airflow/example_dags/example_latest_only.py
[2025-03-03T19:25:41.392+0000] {processor.py:925} INFO - DAG(s) 'latest_only' retrieved from /home/airflow/.local/lib/python3.12/site-packages/airflow/example_dags/example_latest_only.py
[2025-03-03T19:25:41.470+0000] {logging_mixin.py:190} INFO - [2025-03-03T19:25:41.469+0000] {dag.py:3239} INFO - Sync 1 DAGs
[2025-03-03T19:25:41.537+0000] {logging_mixin.py:190} INFO - [2025-03-03T19:25:41.537+0000] {dag.py:4180} INFO - Setting next_dagrun for latest_only to 2025-03-03 12:00:00+00:00, run_after=2025-03-03 16:00:00+00:00
[2025-03-03T19:25:41.605+0000] {processor.py:208} INFO - Processing /home/airflow/.local/lib/python3.12/site-packages/airflow/example_dags/example_latest_only.py took 0.292 seconds
[2025-03-03T19:26:18.565+0000] {processor.py:186} INFO - Started process (PID=5019) to work on /home/airflow/.local/lib/python3.12/site-packages/airflow/example_dags/example_latest_only.py
[2025-03-03T19:26:18.588+0000] {processor.py:914} INFO - Processing file /home/airflow/.local/lib/python3.12/site-packages/airflow/example_dags/example_latest_only.py for tasks to queue
[2025-03-03T19:26:18.608+0000] {logging_mixin.py:190} INFO - [2025-03-03T19:26:18.607+0000] {dagbag.py:588} INFO - Filling up the DagBag from /home/airflow/.local/lib/python3.12/site-packages/airflow/example_dags/example_latest_only.py
[2025-03-03T19:26:18.700+0000] {processor.py:925} INFO - DAG(s) 'latest_only' retrieved from /home/airflow/.local/lib/python3.12/site-packages/airflow/example_dags/example_latest_only.py
[2025-03-03T19:26:18.870+0000] {logging_mixin.py:190} INFO - [2025-03-03T19:26:18.870+0000] {dag.py:3239} INFO - Sync 1 DAGs
[2025-03-03T19:26:19.091+0000] {logging_mixin.py:190} INFO - [2025-03-03T19:26:19.090+0000] {dag.py:4180} INFO - Setting next_dagrun for latest_only to 2025-03-03 12:00:00+00:00, run_after=2025-03-03 16:00:00+00:00
[2025-03-03T19:26:19.223+0000] {processor.py:208} INFO - Processing /home/airflow/.local/lib/python3.12/site-packages/airflow/example_dags/example_latest_only.py took 0.723 seconds
[2025-03-03T19:26:49.354+0000] {processor.py:186} INFO - Started process (PID=5329) to work on /home/airflow/.local/lib/python3.12/site-packages/airflow/example_dags/example_latest_only.py
[2025-03-03T19:26:49.357+0000] {processor.py:914} INFO - Processing file /home/airflow/.local/lib/python3.12/site-packages/airflow/example_dags/example_latest_only.py for tasks to queue
[2025-03-03T19:26:49.364+0000] {logging_mixin.py:190} INFO - [2025-03-03T19:26:49.363+0000] {dagbag.py:588} INFO - Filling up the DagBag from /home/airflow/.local/lib/python3.12/site-packages/airflow/example_dags/example_latest_only.py
[2025-03-03T19:26:49.382+0000] {processor.py:925} INFO - DAG(s) 'latest_only' retrieved from /home/airflow/.local/lib/python3.12/site-packages/airflow/example_dags/example_latest_only.py
[2025-03-03T19:26:49.426+0000] {logging_mixin.py:190} INFO - [2025-03-03T19:26:49.426+0000] {dag.py:3239} INFO - Sync 1 DAGs
[2025-03-03T19:26:49.490+0000] {logging_mixin.py:190} INFO - [2025-03-03T19:26:49.489+0000] {dag.py:4180} INFO - Setting next_dagrun for latest_only to 2025-03-03 12:00:00+00:00, run_after=2025-03-03 16:00:00+00:00
[2025-03-03T19:26:49.538+0000] {processor.py:208} INFO - Processing /home/airflow/.local/lib/python3.12/site-packages/airflow/example_dags/example_latest_only.py took 0.199 seconds
[2025-03-03T19:27:20.429+0000] {processor.py:186} INFO - Started process (PID=5638) to work on /home/airflow/.local/lib/python3.12/site-packages/airflow/example_dags/example_latest_only.py
[2025-03-03T19:27:20.436+0000] {processor.py:914} INFO - Processing file /home/airflow/.local/lib/python3.12/site-packages/airflow/example_dags/example_latest_only.py for tasks to queue
[2025-03-03T19:27:20.450+0000] {logging_mixin.py:190} INFO - [2025-03-03T19:27:20.449+0000] {dagbag.py:588} INFO - Filling up the DagBag from /home/airflow/.local/lib/python3.12/site-packages/airflow/example_dags/example_latest_only.py
[2025-03-03T19:27:20.533+0000] {processor.py:925} INFO - DAG(s) 'latest_only' retrieved from /home/airflow/.local/lib/python3.12/site-packages/airflow/example_dags/example_latest_only.py
[2025-03-03T19:27:20.654+0000] {logging_mixin.py:190} INFO - [2025-03-03T19:27:20.650+0000] {dag.py:3239} INFO - Sync 1 DAGs
[2025-03-03T19:27:20.827+0000] {logging_mixin.py:190} INFO - [2025-03-03T19:27:20.826+0000] {dag.py:4180} INFO - Setting next_dagrun for latest_only to 2025-03-03 12:00:00+00:00, run_after=2025-03-03 16:00:00+00:00
[2025-03-03T19:27:20.973+0000] {processor.py:208} INFO - Processing /home/airflow/.local/lib/python3.12/site-packages/airflow/example_dags/example_latest_only.py took 0.585 seconds
[2025-03-03T19:27:51.700+0000] {processor.py:186} INFO - Started process (PID=5961) to work on /home/airflow/.local/lib/python3.12/site-packages/airflow/example_dags/example_latest_only.py
[2025-03-03T19:27:51.703+0000] {processor.py:914} INFO - Processing file /home/airflow/.local/lib/python3.12/site-packages/airflow/example_dags/example_latest_only.py for tasks to queue
[2025-03-03T19:27:51.711+0000] {logging_mixin.py:190} INFO - [2025-03-03T19:27:51.710+0000] {dagbag.py:588} INFO - Filling up the DagBag from /home/airflow/.local/lib/python3.12/site-packages/airflow/example_dags/example_latest_only.py
[2025-03-03T19:27:51.729+0000] {processor.py:925} INFO - DAG(s) 'latest_only' retrieved from /home/airflow/.local/lib/python3.12/site-packages/airflow/example_dags/example_latest_only.py
[2025-03-03T19:27:51.773+0000] {logging_mixin.py:190} INFO - [2025-03-03T19:27:51.772+0000] {dag.py:3239} INFO - Sync 1 DAGs
[2025-03-03T19:27:51.822+0000] {logging_mixin.py:190} INFO - [2025-03-03T19:27:51.822+0000] {dag.py:4180} INFO - Setting next_dagrun for latest_only to 2025-03-03 12:00:00+00:00, run_after=2025-03-03 16:00:00+00:00
[2025-03-03T19:27:51.878+0000] {processor.py:208} INFO - Processing /home/airflow/.local/lib/python3.12/site-packages/airflow/example_dags/example_latest_only.py took 0.193 seconds
[2025-03-03T19:28:22.619+0000] {processor.py:186} INFO - Started process (PID=6263) to work on /home/airflow/.local/lib/python3.12/site-packages/airflow/example_dags/example_latest_only.py
[2025-03-03T19:28:22.625+0000] {processor.py:914} INFO - Processing file /home/airflow/.local/lib/python3.12/site-packages/airflow/example_dags/example_latest_only.py for tasks to queue
[2025-03-03T19:28:22.643+0000] {logging_mixin.py:190} INFO - [2025-03-03T19:28:22.639+0000] {dagbag.py:588} INFO - Filling up the DagBag from /home/airflow/.local/lib/python3.12/site-packages/airflow/example_dags/example_latest_only.py
[2025-03-03T19:28:22.673+0000] {processor.py:925} INFO - DAG(s) 'latest_only' retrieved from /home/airflow/.local/lib/python3.12/site-packages/airflow/example_dags/example_latest_only.py
[2025-03-03T19:28:22.782+0000] {logging_mixin.py:190} INFO - [2025-03-03T19:28:22.782+0000] {dag.py:3239} INFO - Sync 1 DAGs
[2025-03-03T19:28:22.900+0000] {logging_mixin.py:190} INFO - [2025-03-03T19:28:22.899+0000] {dag.py:4180} INFO - Setting next_dagrun for latest_only to 2025-03-03 12:00:00+00:00, run_after=2025-03-03 16:00:00+00:00
[2025-03-03T19:28:22.989+0000] {processor.py:208} INFO - Processing /home/airflow/.local/lib/python3.12/site-packages/airflow/example_dags/example_latest_only.py took 0.407 seconds
[2025-03-03T19:28:54.414+0000] {processor.py:186} INFO - Started process (PID=6601) to work on /home/airflow/.local/lib/python3.12/site-packages/airflow/example_dags/example_latest_only.py
[2025-03-03T19:28:54.418+0000] {processor.py:914} INFO - Processing file /home/airflow/.local/lib/python3.12/site-packages/airflow/example_dags/example_latest_only.py for tasks to queue
[2025-03-03T19:28:54.424+0000] {logging_mixin.py:190} INFO - [2025-03-03T19:28:54.423+0000] {dagbag.py:588} INFO - Filling up the DagBag from /home/airflow/.local/lib/python3.12/site-packages/airflow/example_dags/example_latest_only.py
[2025-03-03T19:28:54.444+0000] {processor.py:925} INFO - DAG(s) 'latest_only' retrieved from /home/airflow/.local/lib/python3.12/site-packages/airflow/example_dags/example_latest_only.py
[2025-03-03T19:28:54.490+0000] {logging_mixin.py:190} INFO - [2025-03-03T19:28:54.489+0000] {dag.py:3239} INFO - Sync 1 DAGs
[2025-03-03T19:28:54.537+0000] {logging_mixin.py:190} INFO - [2025-03-03T19:28:54.536+0000] {dag.py:4180} INFO - Setting next_dagrun for latest_only to 2025-03-03 12:00:00+00:00, run_after=2025-03-03 16:00:00+00:00
[2025-03-03T19:28:54.589+0000] {processor.py:208} INFO - Processing /home/airflow/.local/lib/python3.12/site-packages/airflow/example_dags/example_latest_only.py took 0.200 seconds
[2025-03-03T19:29:26.519+0000] {processor.py:186} INFO - Started process (PID=6901) to work on /home/airflow/.local/lib/python3.12/site-packages/airflow/example_dags/example_latest_only.py
[2025-03-03T19:29:26.521+0000] {processor.py:914} INFO - Processing file /home/airflow/.local/lib/python3.12/site-packages/airflow/example_dags/example_latest_only.py for tasks to queue
[2025-03-03T19:29:26.528+0000] {logging_mixin.py:190} INFO - [2025-03-03T19:29:26.527+0000] {dagbag.py:588} INFO - Filling up the DagBag from /home/airflow/.local/lib/python3.12/site-packages/airflow/example_dags/example_latest_only.py
[2025-03-03T19:29:26.559+0000] {processor.py:925} INFO - DAG(s) 'latest_only' retrieved from /home/airflow/.local/lib/python3.12/site-packages/airflow/example_dags/example_latest_only.py
[2025-03-03T19:29:26.631+0000] {logging_mixin.py:190} INFO - [2025-03-03T19:29:26.630+0000] {dag.py:3239} INFO - Sync 1 DAGs
[2025-03-03T19:29:26.702+0000] {logging_mixin.py:190} INFO - [2025-03-03T19:29:26.702+0000] {dag.py:4180} INFO - Setting next_dagrun for latest_only to 2025-03-03 12:00:00+00:00, run_after=2025-03-03 16:00:00+00:00
[2025-03-03T19:29:26.783+0000] {processor.py:208} INFO - Processing /home/airflow/.local/lib/python3.12/site-packages/airflow/example_dags/example_latest_only.py took 0.283 seconds
[2025-03-03T19:30:01.881+0000] {processor.py:186} INFO - Started process (PID=7204) to work on /home/airflow/.local/lib/python3.12/site-packages/airflow/example_dags/example_latest_only.py
[2025-03-03T19:30:01.887+0000] {processor.py:914} INFO - Processing file /home/airflow/.local/lib/python3.12/site-packages/airflow/example_dags/example_latest_only.py for tasks to queue
[2025-03-03T19:30:01.899+0000] {logging_mixin.py:190} INFO - [2025-03-03T19:30:01.898+0000] {dagbag.py:588} INFO - Filling up the DagBag from /home/airflow/.local/lib/python3.12/site-packages/airflow/example_dags/example_latest_only.py
[2025-03-03T19:30:01.954+0000] {processor.py:925} INFO - DAG(s) 'latest_only' retrieved from /home/airflow/.local/lib/python3.12/site-packages/airflow/example_dags/example_latest_only.py
[2025-03-03T19:30:02.126+0000] {logging_mixin.py:190} INFO - [2025-03-03T19:30:02.126+0000] {dag.py:3239} INFO - Sync 1 DAGs
[2025-03-03T19:30:02.201+0000] {logging_mixin.py:190} INFO - [2025-03-03T19:30:02.200+0000] {dag.py:4180} INFO - Setting next_dagrun for latest_only to 2025-03-03 12:00:00+00:00, run_after=2025-03-03 16:00:00+00:00
[2025-03-03T19:30:02.276+0000] {processor.py:208} INFO - Processing /home/airflow/.local/lib/python3.12/site-packages/airflow/example_dags/example_latest_only.py took 0.416 seconds
[2025-03-03T19:30:33.023+0000] {processor.py:186} INFO - Started process (PID=7508) to work on /home/airflow/.local/lib/python3.12/site-packages/airflow/example_dags/example_latest_only.py
[2025-03-03T19:30:33.026+0000] {processor.py:914} INFO - Processing file /home/airflow/.local/lib/python3.12/site-packages/airflow/example_dags/example_latest_only.py for tasks to queue
[2025-03-03T19:30:33.035+0000] {logging_mixin.py:190} INFO - [2025-03-03T19:30:33.034+0000] {dagbag.py:588} INFO - Filling up the DagBag from /home/airflow/.local/lib/python3.12/site-packages/airflow/example_dags/example_latest_only.py
[2025-03-03T19:30:33.059+0000] {processor.py:925} INFO - DAG(s) 'latest_only' retrieved from /home/airflow/.local/lib/python3.12/site-packages/airflow/example_dags/example_latest_only.py
[2025-03-03T19:30:33.151+0000] {logging_mixin.py:190} INFO - [2025-03-03T19:30:33.150+0000] {dag.py:3239} INFO - Sync 1 DAGs
[2025-03-03T19:30:33.225+0000] {logging_mixin.py:190} INFO - [2025-03-03T19:30:33.225+0000] {dag.py:4180} INFO - Setting next_dagrun for latest_only to 2025-03-03 12:00:00+00:00, run_after=2025-03-03 16:00:00+00:00
[2025-03-03T19:30:33.286+0000] {processor.py:208} INFO - Processing /home/airflow/.local/lib/python3.12/site-packages/airflow/example_dags/example_latest_only.py took 0.281 seconds
[2025-03-03T19:31:05.208+0000] {processor.py:186} INFO - Started process (PID=7823) to work on /home/airflow/.local/lib/python3.12/site-packages/airflow/example_dags/example_latest_only.py
[2025-03-03T19:31:05.216+0000] {processor.py:914} INFO - Processing file /home/airflow/.local/lib/python3.12/site-packages/airflow/example_dags/example_latest_only.py for tasks to queue
[2025-03-03T19:31:05.230+0000] {logging_mixin.py:190} INFO - [2025-03-03T19:31:05.229+0000] {dagbag.py:588} INFO - Filling up the DagBag from /home/airflow/.local/lib/python3.12/site-packages/airflow/example_dags/example_latest_only.py
[2025-03-03T19:31:05.256+0000] {processor.py:925} INFO - DAG(s) 'latest_only' retrieved from /home/airflow/.local/lib/python3.12/site-packages/airflow/example_dags/example_latest_only.py
[2025-03-03T19:31:05.347+0000] {logging_mixin.py:190} INFO - [2025-03-03T19:31:05.346+0000] {dag.py:3239} INFO - Sync 1 DAGs
[2025-03-03T19:31:05.432+0000] {logging_mixin.py:190} INFO - [2025-03-03T19:31:05.432+0000] {dag.py:4180} INFO - Setting next_dagrun for latest_only to 2025-03-03 12:00:00+00:00, run_after=2025-03-03 16:00:00+00:00
[2025-03-03T19:31:05.514+0000] {processor.py:208} INFO - Processing /home/airflow/.local/lib/python3.12/site-packages/airflow/example_dags/example_latest_only.py took 0.340 seconds
[2025-03-03T19:31:35.769+0000] {processor.py:186} INFO - Started process (PID=8123) to work on /home/airflow/.local/lib/python3.12/site-packages/airflow/example_dags/example_latest_only.py
[2025-03-03T19:31:35.773+0000] {processor.py:914} INFO - Processing file /home/airflow/.local/lib/python3.12/site-packages/airflow/example_dags/example_latest_only.py for tasks to queue
[2025-03-03T19:31:35.779+0000] {logging_mixin.py:190} INFO - [2025-03-03T19:31:35.778+0000] {dagbag.py:588} INFO - Filling up the DagBag from /home/airflow/.local/lib/python3.12/site-packages/airflow/example_dags/example_latest_only.py
[2025-03-03T19:31:35.798+0000] {processor.py:925} INFO - DAG(s) 'latest_only' retrieved from /home/airflow/.local/lib/python3.12/site-packages/airflow/example_dags/example_latest_only.py
[2025-03-03T19:31:35.839+0000] {logging_mixin.py:190} INFO - [2025-03-03T19:31:35.839+0000] {dag.py:3239} INFO - Sync 1 DAGs
[2025-03-03T19:31:35.887+0000] {logging_mixin.py:190} INFO - [2025-03-03T19:31:35.886+0000] {dag.py:4180} INFO - Setting next_dagrun for latest_only to 2025-03-03 12:00:00+00:00, run_after=2025-03-03 16:00:00+00:00
[2025-03-03T19:31:35.943+0000] {processor.py:208} INFO - Processing /home/airflow/.local/lib/python3.12/site-packages/airflow/example_dags/example_latest_only.py took 0.190 seconds
[2025-03-03T19:32:06.725+0000] {processor.py:186} INFO - Started process (PID=8436) to work on /home/airflow/.local/lib/python3.12/site-packages/airflow/example_dags/example_latest_only.py
[2025-03-03T19:32:06.728+0000] {processor.py:914} INFO - Processing file /home/airflow/.local/lib/python3.12/site-packages/airflow/example_dags/example_latest_only.py for tasks to queue
[2025-03-03T19:32:06.745+0000] {logging_mixin.py:190} INFO - [2025-03-03T19:32:06.744+0000] {dagbag.py:588} INFO - Filling up the DagBag from /home/airflow/.local/lib/python3.12/site-packages/airflow/example_dags/example_latest_only.py
[2025-03-03T19:32:06.770+0000] {processor.py:925} INFO - DAG(s) 'latest_only' retrieved from /home/airflow/.local/lib/python3.12/site-packages/airflow/example_dags/example_latest_only.py
[2025-03-03T19:32:06.869+0000] {logging_mixin.py:190} INFO - [2025-03-03T19:32:06.862+0000] {dag.py:3239} INFO - Sync 1 DAGs
[2025-03-03T19:32:07.045+0000] {logging_mixin.py:190} INFO - [2025-03-03T19:32:07.041+0000] {dag.py:4180} INFO - Setting next_dagrun for latest_only to 2025-03-03 12:00:00+00:00, run_after=2025-03-03 16:00:00+00:00
[2025-03-03T19:32:07.129+0000] {processor.py:208} INFO - Processing /home/airflow/.local/lib/python3.12/site-packages/airflow/example_dags/example_latest_only.py took 0.429 seconds
[2025-03-03T19:32:37.549+0000] {processor.py:186} INFO - Started process (PID=8746) to work on /home/airflow/.local/lib/python3.12/site-packages/airflow/example_dags/example_latest_only.py
[2025-03-03T19:32:37.553+0000] {processor.py:914} INFO - Processing file /home/airflow/.local/lib/python3.12/site-packages/airflow/example_dags/example_latest_only.py for tasks to queue
[2025-03-03T19:32:37.569+0000] {logging_mixin.py:190} INFO - [2025-03-03T19:32:37.568+0000] {dagbag.py:588} INFO - Filling up the DagBag from /home/airflow/.local/lib/python3.12/site-packages/airflow/example_dags/example_latest_only.py
[2025-03-03T19:32:37.641+0000] {processor.py:925} INFO - DAG(s) 'latest_only' retrieved from /home/airflow/.local/lib/python3.12/site-packages/airflow/example_dags/example_latest_only.py
[2025-03-03T19:32:37.731+0000] {logging_mixin.py:190} INFO - [2025-03-03T19:32:37.731+0000] {dag.py:3239} INFO - Sync 1 DAGs
[2025-03-03T19:32:37.808+0000] {logging_mixin.py:190} INFO - [2025-03-03T19:32:37.807+0000] {dag.py:4180} INFO - Setting next_dagrun for latest_only to 2025-03-03 12:00:00+00:00, run_after=2025-03-03 16:00:00+00:00
[2025-03-03T19:32:37.887+0000] {processor.py:208} INFO - Processing /home/airflow/.local/lib/python3.12/site-packages/airflow/example_dags/example_latest_only.py took 0.377 seconds
[2025-03-03T19:33:08.185+0000] {processor.py:186} INFO - Started process (PID=9051) to work on /home/airflow/.local/lib/python3.12/site-packages/airflow/example_dags/example_latest_only.py
[2025-03-03T19:33:08.196+0000] {processor.py:914} INFO - Processing file /home/airflow/.local/lib/python3.12/site-packages/airflow/example_dags/example_latest_only.py for tasks to queue
[2025-03-03T19:33:08.208+0000] {logging_mixin.py:190} INFO - [2025-03-03T19:33:08.207+0000] {dagbag.py:588} INFO - Filling up the DagBag from /home/airflow/.local/lib/python3.12/site-packages/airflow/example_dags/example_latest_only.py
[2025-03-03T19:33:08.232+0000] {processor.py:925} INFO - DAG(s) 'latest_only' retrieved from /home/airflow/.local/lib/python3.12/site-packages/airflow/example_dags/example_latest_only.py
[2025-03-03T19:33:08.286+0000] {logging_mixin.py:190} INFO - [2025-03-03T19:33:08.285+0000] {dag.py:3239} INFO - Sync 1 DAGs
[2025-03-03T19:33:08.354+0000] {logging_mixin.py:190} INFO - [2025-03-03T19:33:08.353+0000] {dag.py:4180} INFO - Setting next_dagrun for latest_only to 2025-03-03 12:00:00+00:00, run_after=2025-03-03 16:00:00+00:00
[2025-03-03T19:33:08.425+0000] {processor.py:208} INFO - Processing /home/airflow/.local/lib/python3.12/site-packages/airflow/example_dags/example_latest_only.py took 0.254 seconds
[2025-03-03T19:33:38.749+0000] {processor.py:186} INFO - Started process (PID=9368) to work on /home/airflow/.local/lib/python3.12/site-packages/airflow/example_dags/example_latest_only.py
[2025-03-03T19:33:38.753+0000] {processor.py:914} INFO - Processing file /home/airflow/.local/lib/python3.12/site-packages/airflow/example_dags/example_latest_only.py for tasks to queue
[2025-03-03T19:33:38.762+0000] {logging_mixin.py:190} INFO - [2025-03-03T19:33:38.761+0000] {dagbag.py:588} INFO - Filling up the DagBag from /home/airflow/.local/lib/python3.12/site-packages/airflow/example_dags/example_latest_only.py
[2025-03-03T19:33:38.785+0000] {processor.py:925} INFO - DAG(s) 'latest_only' retrieved from /home/airflow/.local/lib/python3.12/site-packages/airflow/example_dags/example_latest_only.py
[2025-03-03T19:33:38.842+0000] {logging_mixin.py:190} INFO - [2025-03-03T19:33:38.841+0000] {dag.py:3239} INFO - Sync 1 DAGs
[2025-03-03T19:33:38.932+0000] {logging_mixin.py:190} INFO - [2025-03-03T19:33:38.932+0000] {dag.py:4180} INFO - Setting next_dagrun for latest_only to 2025-03-03 12:00:00+00:00, run_after=2025-03-03 16:00:00+00:00
[2025-03-03T19:33:39.009+0000] {processor.py:208} INFO - Processing /home/airflow/.local/lib/python3.12/site-packages/airflow/example_dags/example_latest_only.py took 0.280 seconds
[2025-03-03T19:34:09.527+0000] {processor.py:186} INFO - Started process (PID=9676) to work on /home/airflow/.local/lib/python3.12/site-packages/airflow/example_dags/example_latest_only.py
[2025-03-03T19:34:09.530+0000] {processor.py:914} INFO - Processing file /home/airflow/.local/lib/python3.12/site-packages/airflow/example_dags/example_latest_only.py for tasks to queue
[2025-03-03T19:34:09.538+0000] {logging_mixin.py:190} INFO - [2025-03-03T19:34:09.537+0000] {dagbag.py:588} INFO - Filling up the DagBag from /home/airflow/.local/lib/python3.12/site-packages/airflow/example_dags/example_latest_only.py
[2025-03-03T19:34:09.560+0000] {processor.py:925} INFO - DAG(s) 'latest_only' retrieved from /home/airflow/.local/lib/python3.12/site-packages/airflow/example_dags/example_latest_only.py
[2025-03-03T19:34:09.609+0000] {logging_mixin.py:190} INFO - [2025-03-03T19:34:09.609+0000] {dag.py:3239} INFO - Sync 1 DAGs
[2025-03-03T19:34:09.677+0000] {logging_mixin.py:190} INFO - [2025-03-03T19:34:09.677+0000] {dag.py:4180} INFO - Setting next_dagrun for latest_only to 2025-03-03 12:00:00+00:00, run_after=2025-03-03 16:00:00+00:00
[2025-03-03T19:34:09.750+0000] {processor.py:208} INFO - Processing /home/airflow/.local/lib/python3.12/site-packages/airflow/example_dags/example_latest_only.py took 0.249 seconds
[2025-03-03T19:34:42.123+0000] {processor.py:186} INFO - Started process (PID=9996) to work on /home/airflow/.local/lib/python3.12/site-packages/airflow/example_dags/example_latest_only.py
[2025-03-03T19:34:42.126+0000] {processor.py:914} INFO - Processing file /home/airflow/.local/lib/python3.12/site-packages/airflow/example_dags/example_latest_only.py for tasks to queue
[2025-03-03T19:34:42.136+0000] {logging_mixin.py:190} INFO - [2025-03-03T19:34:42.135+0000] {dagbag.py:588} INFO - Filling up the DagBag from /home/airflow/.local/lib/python3.12/site-packages/airflow/example_dags/example_latest_only.py
[2025-03-03T19:34:42.154+0000] {processor.py:925} INFO - DAG(s) 'latest_only' retrieved from /home/airflow/.local/lib/python3.12/site-packages/airflow/example_dags/example_latest_only.py
[2025-03-03T19:34:42.211+0000] {logging_mixin.py:190} INFO - [2025-03-03T19:34:42.211+0000] {dag.py:3239} INFO - Sync 1 DAGs
[2025-03-03T19:34:42.260+0000] {logging_mixin.py:190} INFO - [2025-03-03T19:34:42.260+0000] {dag.py:4180} INFO - Setting next_dagrun for latest_only to 2025-03-03 12:00:00+00:00, run_after=2025-03-03 16:00:00+00:00
[2025-03-03T19:34:42.305+0000] {processor.py:208} INFO - Processing /home/airflow/.local/lib/python3.12/site-packages/airflow/example_dags/example_latest_only.py took 0.197 seconds
[2025-03-03T19:35:15.433+0000] {processor.py:186} INFO - Started process (PID=10300) to work on /home/airflow/.local/lib/python3.12/site-packages/airflow/example_dags/example_latest_only.py
[2025-03-03T19:35:15.440+0000] {processor.py:914} INFO - Processing file /home/airflow/.local/lib/python3.12/site-packages/airflow/example_dags/example_latest_only.py for tasks to queue
[2025-03-03T19:35:15.454+0000] {logging_mixin.py:190} INFO - [2025-03-03T19:35:15.453+0000] {dagbag.py:588} INFO - Filling up the DagBag from /home/airflow/.local/lib/python3.12/site-packages/airflow/example_dags/example_latest_only.py
[2025-03-03T19:35:15.503+0000] {processor.py:925} INFO - DAG(s) 'latest_only' retrieved from /home/airflow/.local/lib/python3.12/site-packages/airflow/example_dags/example_latest_only.py
[2025-03-03T19:35:15.565+0000] {logging_mixin.py:190} INFO - [2025-03-03T19:35:15.565+0000] {dag.py:3239} INFO - Sync 1 DAGs
[2025-03-03T19:35:15.684+0000] {logging_mixin.py:190} INFO - [2025-03-03T19:35:15.683+0000] {dag.py:4180} INFO - Setting next_dagrun for latest_only to 2025-03-03 12:00:00+00:00, run_after=2025-03-03 16:00:00+00:00
[2025-03-03T19:35:15.779+0000] {processor.py:208} INFO - Processing /home/airflow/.local/lib/python3.12/site-packages/airflow/example_dags/example_latest_only.py took 0.380 seconds
