[2025-03-03T19:17:46.848+0000] {processor.py:186} INFO - Started process (PID=325) to work on /home/airflow/.local/lib/python3.12/site-packages/airflow/example_dags/example_skip_dag.py
[2025-03-03T19:17:46.853+0000] {processor.py:914} INFO - Processing file /home/airflow/.local/lib/python3.12/site-packages/airflow/example_dags/example_skip_dag.py for tasks to queue
[2025-03-03T19:17:46.874+0000] {logging_mixin.py:190} INFO - [2025-03-03T19:17:46.867+0000] {dagbag.py:588} INFO - Filling up the DagBag from /home/airflow/.local/lib/python3.12/site-packages/airflow/example_dags/example_skip_dag.py
[2025-03-03T19:17:46.915+0000] {processor.py:925} INFO - DAG(s) 'example_skip_dag' retrieved from /home/airflow/.local/lib/python3.12/site-packages/airflow/example_dags/example_skip_dag.py
[2025-03-03T19:17:47.097+0000] {logging_mixin.py:190} INFO - [2025-03-03T19:17:47.097+0000] {dag.py:3239} INFO - Sync 1 DAGs
[2025-03-03T19:17:47.282+0000] {logging_mixin.py:190} INFO - [2025-03-03T19:17:47.282+0000] {dag.py:4180} INFO - Setting next_dagrun for example_skip_dag to 2025-03-02 00:00:00+00:00, run_after=2025-03-03 00:00:00+00:00
[2025-03-03T19:17:47.455+0000] {processor.py:208} INFO - Processing /home/airflow/.local/lib/python3.12/site-packages/airflow/example_dags/example_skip_dag.py took 0.638 seconds
[2025-03-03T19:18:17.905+0000] {processor.py:186} INFO - Started process (PID=623) to work on /home/airflow/.local/lib/python3.12/site-packages/airflow/example_dags/example_skip_dag.py
[2025-03-03T19:18:17.911+0000] {processor.py:914} INFO - Processing file /home/airflow/.local/lib/python3.12/site-packages/airflow/example_dags/example_skip_dag.py for tasks to queue
[2025-03-03T19:18:17.926+0000] {logging_mixin.py:190} INFO - [2025-03-03T19:18:17.926+0000] {dagbag.py:588} INFO - Filling up the DagBag from /home/airflow/.local/lib/python3.12/site-packages/airflow/example_dags/example_skip_dag.py
[2025-03-03T19:18:17.960+0000] {processor.py:925} INFO - DAG(s) 'example_skip_dag' retrieved from /home/airflow/.local/lib/python3.12/site-packages/airflow/example_dags/example_skip_dag.py
[2025-03-03T19:18:18.056+0000] {logging_mixin.py:190} INFO - [2025-03-03T19:18:18.056+0000] {dag.py:3239} INFO - Sync 1 DAGs
[2025-03-03T19:18:18.137+0000] {logging_mixin.py:190} INFO - [2025-03-03T19:18:18.137+0000] {dag.py:4180} INFO - Setting next_dagrun for example_skip_dag to 2025-03-02 00:00:00+00:00, run_after=2025-03-03 00:00:00+00:00
[2025-03-03T19:18:18.192+0000] {processor.py:208} INFO - Processing /home/airflow/.local/lib/python3.12/site-packages/airflow/example_dags/example_skip_dag.py took 0.321 seconds
[2025-03-03T19:18:48.538+0000] {processor.py:186} INFO - Started process (PID=920) to work on /home/airflow/.local/lib/python3.12/site-packages/airflow/example_dags/example_skip_dag.py
[2025-03-03T19:18:48.550+0000] {processor.py:914} INFO - Processing file /home/airflow/.local/lib/python3.12/site-packages/airflow/example_dags/example_skip_dag.py for tasks to queue
[2025-03-03T19:18:48.577+0000] {logging_mixin.py:190} INFO - [2025-03-03T19:18:48.576+0000] {dagbag.py:588} INFO - Filling up the DagBag from /home/airflow/.local/lib/python3.12/site-packages/airflow/example_dags/example_skip_dag.py
[2025-03-03T19:18:48.637+0000] {processor.py:925} INFO - DAG(s) 'example_skip_dag' retrieved from /home/airflow/.local/lib/python3.12/site-packages/airflow/example_dags/example_skip_dag.py
[2025-03-03T19:18:48.753+0000] {logging_mixin.py:190} INFO - [2025-03-03T19:18:48.752+0000] {dag.py:3239} INFO - Sync 1 DAGs
[2025-03-03T19:18:48.889+0000] {logging_mixin.py:190} INFO - [2025-03-03T19:18:48.889+0000] {dag.py:4180} INFO - Setting next_dagrun for example_skip_dag to 2025-03-02 00:00:00+00:00, run_after=2025-03-03 00:00:00+00:00
[2025-03-03T19:18:49.087+0000] {processor.py:208} INFO - Processing /home/airflow/.local/lib/python3.12/site-packages/airflow/example_dags/example_skip_dag.py took 0.629 seconds
[2025-03-03T19:19:22.430+0000] {processor.py:186} INFO - Started process (PID=1229) to work on /home/airflow/.local/lib/python3.12/site-packages/airflow/example_dags/example_skip_dag.py
[2025-03-03T19:19:22.433+0000] {processor.py:914} INFO - Processing file /home/airflow/.local/lib/python3.12/site-packages/airflow/example_dags/example_skip_dag.py for tasks to queue
[2025-03-03T19:19:22.442+0000] {logging_mixin.py:190} INFO - [2025-03-03T19:19:22.441+0000] {dagbag.py:588} INFO - Filling up the DagBag from /home/airflow/.local/lib/python3.12/site-packages/airflow/example_dags/example_skip_dag.py
[2025-03-03T19:19:22.461+0000] {processor.py:925} INFO - DAG(s) 'example_skip_dag' retrieved from /home/airflow/.local/lib/python3.12/site-packages/airflow/example_dags/example_skip_dag.py
[2025-03-03T19:19:22.495+0000] {logging_mixin.py:190} INFO - [2025-03-03T19:19:22.494+0000] {dag.py:3239} INFO - Sync 1 DAGs
[2025-03-03T19:19:22.579+0000] {logging_mixin.py:190} INFO - [2025-03-03T19:19:22.579+0000] {dag.py:4180} INFO - Setting next_dagrun for example_skip_dag to 2025-03-02 00:00:00+00:00, run_after=2025-03-03 00:00:00+00:00
[2025-03-03T19:19:22.993+0000] {processor.py:208} INFO - Processing /home/airflow/.local/lib/python3.12/site-packages/airflow/example_dags/example_skip_dag.py took 0.580 seconds
[2025-03-03T19:19:53.592+0000] {processor.py:186} INFO - Started process (PID=1522) to work on /home/airflow/.local/lib/python3.12/site-packages/airflow/example_dags/example_skip_dag.py
[2025-03-03T19:19:53.601+0000] {processor.py:914} INFO - Processing file /home/airflow/.local/lib/python3.12/site-packages/airflow/example_dags/example_skip_dag.py for tasks to queue
[2025-03-03T19:19:53.621+0000] {logging_mixin.py:190} INFO - [2025-03-03T19:19:53.619+0000] {dagbag.py:588} INFO - Filling up the DagBag from /home/airflow/.local/lib/python3.12/site-packages/airflow/example_dags/example_skip_dag.py
[2025-03-03T19:19:53.709+0000] {processor.py:925} INFO - DAG(s) 'example_skip_dag' retrieved from /home/airflow/.local/lib/python3.12/site-packages/airflow/example_dags/example_skip_dag.py
[2025-03-03T19:19:53.856+0000] {logging_mixin.py:190} INFO - [2025-03-03T19:19:53.855+0000] {dag.py:3239} INFO - Sync 1 DAGs
[2025-03-03T19:19:54.011+0000] {logging_mixin.py:190} INFO - [2025-03-03T19:19:54.010+0000] {dag.py:4180} INFO - Setting next_dagrun for example_skip_dag to 2025-03-02 00:00:00+00:00, run_after=2025-03-03 00:00:00+00:00
[2025-03-03T19:19:54.107+0000] {processor.py:208} INFO - Processing /home/airflow/.local/lib/python3.12/site-packages/airflow/example_dags/example_skip_dag.py took 0.558 seconds
[2025-03-03T19:20:36.246+0000] {processor.py:186} INFO - Started process (PID=1850) to work on /home/airflow/.local/lib/python3.12/site-packages/airflow/example_dags/example_skip_dag.py
[2025-03-03T19:20:36.258+0000] {processor.py:914} INFO - Processing file /home/airflow/.local/lib/python3.12/site-packages/airflow/example_dags/example_skip_dag.py for tasks to queue
[2025-03-03T19:20:36.290+0000] {logging_mixin.py:190} INFO - [2025-03-03T19:20:36.273+0000] {dagbag.py:588} INFO - Filling up the DagBag from /home/airflow/.local/lib/python3.12/site-packages/airflow/example_dags/example_skip_dag.py
[2025-03-03T19:20:36.338+0000] {processor.py:925} INFO - DAG(s) 'example_skip_dag' retrieved from /home/airflow/.local/lib/python3.12/site-packages/airflow/example_dags/example_skip_dag.py
[2025-03-03T19:20:36.469+0000] {logging_mixin.py:190} INFO - [2025-03-03T19:20:36.468+0000] {dag.py:3239} INFO - Sync 1 DAGs
[2025-03-03T19:20:36.593+0000] {logging_mixin.py:190} INFO - [2025-03-03T19:20:36.591+0000] {dag.py:4180} INFO - Setting next_dagrun for example_skip_dag to 2025-03-02 00:00:00+00:00, run_after=2025-03-03 00:00:00+00:00
[2025-03-03T19:20:36.761+0000] {processor.py:208} INFO - Processing /home/airflow/.local/lib/python3.12/site-packages/airflow/example_dags/example_skip_dag.py took 0.569 seconds
[2025-03-03T19:21:07.719+0000] {processor.py:186} INFO - Started process (PID=2143) to work on /home/airflow/.local/lib/python3.12/site-packages/airflow/example_dags/example_skip_dag.py
[2025-03-03T19:21:07.725+0000] {processor.py:914} INFO - Processing file /home/airflow/.local/lib/python3.12/site-packages/airflow/example_dags/example_skip_dag.py for tasks to queue
[2025-03-03T19:21:07.740+0000] {logging_mixin.py:190} INFO - [2025-03-03T19:21:07.737+0000] {dagbag.py:588} INFO - Filling up the DagBag from /home/airflow/.local/lib/python3.12/site-packages/airflow/example_dags/example_skip_dag.py
[2025-03-03T19:21:07.810+0000] {processor.py:925} INFO - DAG(s) 'example_skip_dag' retrieved from /home/airflow/.local/lib/python3.12/site-packages/airflow/example_dags/example_skip_dag.py
[2025-03-03T19:21:07.938+0000] {logging_mixin.py:190} INFO - [2025-03-03T19:21:07.937+0000] {dag.py:3239} INFO - Sync 1 DAGs
[2025-03-03T19:21:08.041+0000] {logging_mixin.py:190} INFO - [2025-03-03T19:21:08.040+0000] {dag.py:4180} INFO - Setting next_dagrun for example_skip_dag to 2025-03-02 00:00:00+00:00, run_after=2025-03-03 00:00:00+00:00
[2025-03-03T19:21:08.207+0000] {processor.py:208} INFO - Processing /home/airflow/.local/lib/python3.12/site-packages/airflow/example_dags/example_skip_dag.py took 0.530 seconds
[2025-03-03T19:21:48.920+0000] {processor.py:186} INFO - Started process (PID=2431) to work on /home/airflow/.local/lib/python3.12/site-packages/airflow/example_dags/example_skip_dag.py
[2025-03-03T19:21:48.924+0000] {processor.py:914} INFO - Processing file /home/airflow/.local/lib/python3.12/site-packages/airflow/example_dags/example_skip_dag.py for tasks to queue
[2025-03-03T19:21:48.933+0000] {logging_mixin.py:190} INFO - [2025-03-03T19:21:48.932+0000] {dagbag.py:588} INFO - Filling up the DagBag from /home/airflow/.local/lib/python3.12/site-packages/airflow/example_dags/example_skip_dag.py
[2025-03-03T19:21:48.978+0000] {processor.py:925} INFO - DAG(s) 'example_skip_dag' retrieved from /home/airflow/.local/lib/python3.12/site-packages/airflow/example_dags/example_skip_dag.py
[2025-03-03T19:21:49.088+0000] {logging_mixin.py:190} INFO - [2025-03-03T19:21:49.088+0000] {dag.py:3239} INFO - Sync 1 DAGs
[2025-03-03T19:21:49.166+0000] {logging_mixin.py:190} INFO - [2025-03-03T19:21:49.165+0000] {dag.py:4180} INFO - Setting next_dagrun for example_skip_dag to 2025-03-02 00:00:00+00:00, run_after=2025-03-03 00:00:00+00:00
[2025-03-03T19:21:49.491+0000] {processor.py:208} INFO - Processing /home/airflow/.local/lib/python3.12/site-packages/airflow/example_dags/example_skip_dag.py took 0.595 seconds
[2025-03-03T19:22:19.872+0000] {processor.py:186} INFO - Started process (PID=2730) to work on /home/airflow/.local/lib/python3.12/site-packages/airflow/example_dags/example_skip_dag.py
[2025-03-03T19:22:19.874+0000] {processor.py:914} INFO - Processing file /home/airflow/.local/lib/python3.12/site-packages/airflow/example_dags/example_skip_dag.py for tasks to queue
[2025-03-03T19:22:19.883+0000] {logging_mixin.py:190} INFO - [2025-03-03T19:22:19.882+0000] {dagbag.py:588} INFO - Filling up the DagBag from /home/airflow/.local/lib/python3.12/site-packages/airflow/example_dags/example_skip_dag.py
[2025-03-03T19:22:19.906+0000] {processor.py:925} INFO - DAG(s) 'example_skip_dag' retrieved from /home/airflow/.local/lib/python3.12/site-packages/airflow/example_dags/example_skip_dag.py
[2025-03-03T19:22:19.954+0000] {logging_mixin.py:190} INFO - [2025-03-03T19:22:19.954+0000] {dag.py:3239} INFO - Sync 1 DAGs
[2025-03-03T19:22:20.019+0000] {logging_mixin.py:190} INFO - [2025-03-03T19:22:20.018+0000] {dag.py:4180} INFO - Setting next_dagrun for example_skip_dag to 2025-03-02 00:00:00+00:00, run_after=2025-03-03 00:00:00+00:00
[2025-03-03T19:22:20.063+0000] {processor.py:208} INFO - Processing /home/airflow/.local/lib/python3.12/site-packages/airflow/example_dags/example_skip_dag.py took 0.207 seconds
[2025-03-03T19:22:52.791+0000] {processor.py:186} INFO - Started process (PID=3051) to work on /home/airflow/.local/lib/python3.12/site-packages/airflow/example_dags/example_skip_dag.py
[2025-03-03T19:22:52.795+0000] {processor.py:914} INFO - Processing file /home/airflow/.local/lib/python3.12/site-packages/airflow/example_dags/example_skip_dag.py for tasks to queue
[2025-03-03T19:22:52.808+0000] {logging_mixin.py:190} INFO - [2025-03-03T19:22:52.805+0000] {dagbag.py:588} INFO - Filling up the DagBag from /home/airflow/.local/lib/python3.12/site-packages/airflow/example_dags/example_skip_dag.py
[2025-03-03T19:22:52.842+0000] {processor.py:925} INFO - DAG(s) 'example_skip_dag' retrieved from /home/airflow/.local/lib/python3.12/site-packages/airflow/example_dags/example_skip_dag.py
[2025-03-03T19:22:52.921+0000] {logging_mixin.py:190} INFO - [2025-03-03T19:22:52.920+0000] {dag.py:3239} INFO - Sync 1 DAGs
[2025-03-03T19:22:52.984+0000] {logging_mixin.py:190} INFO - [2025-03-03T19:22:52.983+0000] {dag.py:4180} INFO - Setting next_dagrun for example_skip_dag to 2025-03-02 00:00:00+00:00, run_after=2025-03-03 00:00:00+00:00
[2025-03-03T19:22:53.042+0000] {processor.py:208} INFO - Processing /home/airflow/.local/lib/python3.12/site-packages/airflow/example_dags/example_skip_dag.py took 0.271 seconds
[2025-03-03T19:23:23.622+0000] {processor.py:186} INFO - Started process (PID=3352) to work on /home/airflow/.local/lib/python3.12/site-packages/airflow/example_dags/example_skip_dag.py
[2025-03-03T19:23:23.624+0000] {processor.py:914} INFO - Processing file /home/airflow/.local/lib/python3.12/site-packages/airflow/example_dags/example_skip_dag.py for tasks to queue
[2025-03-03T19:23:23.635+0000] {logging_mixin.py:190} INFO - [2025-03-03T19:23:23.634+0000] {dagbag.py:588} INFO - Filling up the DagBag from /home/airflow/.local/lib/python3.12/site-packages/airflow/example_dags/example_skip_dag.py
[2025-03-03T19:23:23.665+0000] {processor.py:925} INFO - DAG(s) 'example_skip_dag' retrieved from /home/airflow/.local/lib/python3.12/site-packages/airflow/example_dags/example_skip_dag.py
[2025-03-03T19:23:23.739+0000] {logging_mixin.py:190} INFO - [2025-03-03T19:23:23.739+0000] {dag.py:3239} INFO - Sync 1 DAGs
[2025-03-03T19:23:23.820+0000] {logging_mixin.py:190} INFO - [2025-03-03T19:23:23.819+0000] {dag.py:4180} INFO - Setting next_dagrun for example_skip_dag to 2025-03-02 00:00:00+00:00, run_after=2025-03-03 00:00:00+00:00
[2025-03-03T19:23:23.903+0000] {processor.py:208} INFO - Processing /home/airflow/.local/lib/python3.12/site-packages/airflow/example_dags/example_skip_dag.py took 0.302 seconds
[2025-03-03T19:23:56.690+0000] {processor.py:186} INFO - Started process (PID=3673) to work on /home/airflow/.local/lib/python3.12/site-packages/airflow/example_dags/example_skip_dag.py
[2025-03-03T19:23:56.706+0000] {processor.py:914} INFO - Processing file /home/airflow/.local/lib/python3.12/site-packages/airflow/example_dags/example_skip_dag.py for tasks to queue
[2025-03-03T19:23:56.734+0000] {logging_mixin.py:190} INFO - [2025-03-03T19:23:56.726+0000] {dagbag.py:588} INFO - Filling up the DagBag from /home/airflow/.local/lib/python3.12/site-packages/airflow/example_dags/example_skip_dag.py
[2025-03-03T19:23:56.788+0000] {processor.py:925} INFO - DAG(s) 'example_skip_dag' retrieved from /home/airflow/.local/lib/python3.12/site-packages/airflow/example_dags/example_skip_dag.py
[2025-03-03T19:23:56.879+0000] {logging_mixin.py:190} INFO - [2025-03-03T19:23:56.879+0000] {dag.py:3239} INFO - Sync 1 DAGs
[2025-03-03T19:23:56.963+0000] {logging_mixin.py:190} INFO - [2025-03-03T19:23:56.962+0000] {dag.py:4180} INFO - Setting next_dagrun for example_skip_dag to 2025-03-02 00:00:00+00:00, run_after=2025-03-03 00:00:00+00:00
[2025-03-03T19:23:57.076+0000] {processor.py:208} INFO - Processing /home/airflow/.local/lib/python3.12/site-packages/airflow/example_dags/example_skip_dag.py took 0.412 seconds
[2025-03-03T19:24:27.656+0000] {processor.py:186} INFO - Started process (PID=3982) to work on /home/airflow/.local/lib/python3.12/site-packages/airflow/example_dags/example_skip_dag.py
[2025-03-03T19:24:27.659+0000] {processor.py:914} INFO - Processing file /home/airflow/.local/lib/python3.12/site-packages/airflow/example_dags/example_skip_dag.py for tasks to queue
[2025-03-03T19:24:27.668+0000] {logging_mixin.py:190} INFO - [2025-03-03T19:24:27.667+0000] {dagbag.py:588} INFO - Filling up the DagBag from /home/airflow/.local/lib/python3.12/site-packages/airflow/example_dags/example_skip_dag.py
[2025-03-03T19:24:27.694+0000] {processor.py:925} INFO - DAG(s) 'example_skip_dag' retrieved from /home/airflow/.local/lib/python3.12/site-packages/airflow/example_dags/example_skip_dag.py
[2025-03-03T19:24:27.750+0000] {logging_mixin.py:190} INFO - [2025-03-03T19:24:27.750+0000] {dag.py:3239} INFO - Sync 1 DAGs
[2025-03-03T19:24:27.806+0000] {logging_mixin.py:190} INFO - [2025-03-03T19:24:27.805+0000] {dag.py:4180} INFO - Setting next_dagrun for example_skip_dag to 2025-03-02 00:00:00+00:00, run_after=2025-03-03 00:00:00+00:00
[2025-03-03T19:24:27.866+0000] {processor.py:208} INFO - Processing /home/airflow/.local/lib/python3.12/site-packages/airflow/example_dags/example_skip_dag.py took 0.226 seconds
[2025-03-03T19:25:01.608+0000] {processor.py:186} INFO - Started process (PID=4270) to work on /home/airflow/.local/lib/python3.12/site-packages/airflow/example_dags/example_skip_dag.py
[2025-03-03T19:25:01.610+0000] {processor.py:914} INFO - Processing file /home/airflow/.local/lib/python3.12/site-packages/airflow/example_dags/example_skip_dag.py for tasks to queue
[2025-03-03T19:25:01.618+0000] {logging_mixin.py:190} INFO - [2025-03-03T19:25:01.618+0000] {dagbag.py:588} INFO - Filling up the DagBag from /home/airflow/.local/lib/python3.12/site-packages/airflow/example_dags/example_skip_dag.py
[2025-03-03T19:25:01.649+0000] {processor.py:925} INFO - DAG(s) 'example_skip_dag' retrieved from /home/airflow/.local/lib/python3.12/site-packages/airflow/example_dags/example_skip_dag.py
[2025-03-03T19:25:01.757+0000] {logging_mixin.py:190} INFO - [2025-03-03T19:25:01.756+0000] {dag.py:3239} INFO - Sync 1 DAGs
[2025-03-03T19:25:01.834+0000] {logging_mixin.py:190} INFO - [2025-03-03T19:25:01.833+0000] {dag.py:4180} INFO - Setting next_dagrun for example_skip_dag to 2025-03-02 00:00:00+00:00, run_after=2025-03-03 00:00:00+00:00
[2025-03-03T19:25:02.145+0000] {processor.py:208} INFO - Processing /home/airflow/.local/lib/python3.12/site-packages/airflow/example_dags/example_skip_dag.py took 0.551 seconds
[2025-03-03T19:25:32.591+0000] {processor.py:186} INFO - Started process (PID=4583) to work on /home/airflow/.local/lib/python3.12/site-packages/airflow/example_dags/example_skip_dag.py
[2025-03-03T19:25:32.597+0000] {processor.py:914} INFO - Processing file /home/airflow/.local/lib/python3.12/site-packages/airflow/example_dags/example_skip_dag.py for tasks to queue
[2025-03-03T19:25:32.604+0000] {logging_mixin.py:190} INFO - [2025-03-03T19:25:32.603+0000] {dagbag.py:588} INFO - Filling up the DagBag from /home/airflow/.local/lib/python3.12/site-packages/airflow/example_dags/example_skip_dag.py
[2025-03-03T19:25:32.626+0000] {processor.py:925} INFO - DAG(s) 'example_skip_dag' retrieved from /home/airflow/.local/lib/python3.12/site-packages/airflow/example_dags/example_skip_dag.py
[2025-03-03T19:25:32.685+0000] {logging_mixin.py:190} INFO - [2025-03-03T19:25:32.684+0000] {dag.py:3239} INFO - Sync 1 DAGs
[2025-03-03T19:25:32.749+0000] {logging_mixin.py:190} INFO - [2025-03-03T19:25:32.748+0000] {dag.py:4180} INFO - Setting next_dagrun for example_skip_dag to 2025-03-02 00:00:00+00:00, run_after=2025-03-03 00:00:00+00:00
[2025-03-03T19:25:32.800+0000] {processor.py:208} INFO - Processing /home/airflow/.local/lib/python3.12/site-packages/airflow/example_dags/example_skip_dag.py took 0.229 seconds
[2025-03-03T19:26:03.294+0000] {processor.py:186} INFO - Started process (PID=4874) to work on /home/airflow/.local/lib/python3.12/site-packages/airflow/example_dags/example_skip_dag.py
[2025-03-03T19:26:03.303+0000] {processor.py:914} INFO - Processing file /home/airflow/.local/lib/python3.12/site-packages/airflow/example_dags/example_skip_dag.py for tasks to queue
[2025-03-03T19:26:03.333+0000] {logging_mixin.py:190} INFO - [2025-03-03T19:26:03.333+0000] {dagbag.py:588} INFO - Filling up the DagBag from /home/airflow/.local/lib/python3.12/site-packages/airflow/example_dags/example_skip_dag.py
[2025-03-03T19:26:03.492+0000] {processor.py:925} INFO - DAG(s) 'example_skip_dag' retrieved from /home/airflow/.local/lib/python3.12/site-packages/airflow/example_dags/example_skip_dag.py
[2025-03-03T19:26:03.673+0000] {logging_mixin.py:190} INFO - [2025-03-03T19:26:03.671+0000] {dag.py:3239} INFO - Sync 1 DAGs
[2025-03-03T19:26:03.879+0000] {logging_mixin.py:190} INFO - [2025-03-03T19:26:03.878+0000] {dag.py:4180} INFO - Setting next_dagrun for example_skip_dag to 2025-03-02 00:00:00+00:00, run_after=2025-03-03 00:00:00+00:00
[2025-03-03T19:26:03.986+0000] {processor.py:208} INFO - Processing /home/airflow/.local/lib/python3.12/site-packages/airflow/example_dags/example_skip_dag.py took 0.740 seconds
[2025-03-03T19:26:34.877+0000] {processor.py:186} INFO - Started process (PID=5209) to work on /home/airflow/.local/lib/python3.12/site-packages/airflow/example_dags/example_skip_dag.py
[2025-03-03T19:26:34.879+0000] {processor.py:914} INFO - Processing file /home/airflow/.local/lib/python3.12/site-packages/airflow/example_dags/example_skip_dag.py for tasks to queue
[2025-03-03T19:26:34.885+0000] {logging_mixin.py:190} INFO - [2025-03-03T19:26:34.884+0000] {dagbag.py:588} INFO - Filling up the DagBag from /home/airflow/.local/lib/python3.12/site-packages/airflow/example_dags/example_skip_dag.py
[2025-03-03T19:26:34.907+0000] {processor.py:925} INFO - DAG(s) 'example_skip_dag' retrieved from /home/airflow/.local/lib/python3.12/site-packages/airflow/example_dags/example_skip_dag.py
[2025-03-03T19:26:34.969+0000] {logging_mixin.py:190} INFO - [2025-03-03T19:26:34.969+0000] {dag.py:3239} INFO - Sync 1 DAGs
[2025-03-03T19:26:35.034+0000] {logging_mixin.py:190} INFO - [2025-03-03T19:26:35.034+0000] {dag.py:4180} INFO - Setting next_dagrun for example_skip_dag to 2025-03-02 00:00:00+00:00, run_after=2025-03-03 00:00:00+00:00
[2025-03-03T19:26:35.105+0000] {processor.py:208} INFO - Processing /home/airflow/.local/lib/python3.12/site-packages/airflow/example_dags/example_skip_dag.py took 0.254 seconds
[2025-03-03T19:27:05.381+0000] {processor.py:186} INFO - Started process (PID=5502) to work on /home/airflow/.local/lib/python3.12/site-packages/airflow/example_dags/example_skip_dag.py
[2025-03-03T19:27:05.387+0000] {processor.py:914} INFO - Processing file /home/airflow/.local/lib/python3.12/site-packages/airflow/example_dags/example_skip_dag.py for tasks to queue
[2025-03-03T19:27:05.395+0000] {logging_mixin.py:190} INFO - [2025-03-03T19:27:05.394+0000] {dagbag.py:588} INFO - Filling up the DagBag from /home/airflow/.local/lib/python3.12/site-packages/airflow/example_dags/example_skip_dag.py
[2025-03-03T19:27:05.418+0000] {processor.py:925} INFO - DAG(s) 'example_skip_dag' retrieved from /home/airflow/.local/lib/python3.12/site-packages/airflow/example_dags/example_skip_dag.py
[2025-03-03T19:27:05.468+0000] {logging_mixin.py:190} INFO - [2025-03-03T19:27:05.467+0000] {dag.py:3239} INFO - Sync 1 DAGs
[2025-03-03T19:27:05.535+0000] {logging_mixin.py:190} INFO - [2025-03-03T19:27:05.535+0000] {dag.py:4180} INFO - Setting next_dagrun for example_skip_dag to 2025-03-02 00:00:00+00:00, run_after=2025-03-03 00:00:00+00:00
[2025-03-03T19:27:05.604+0000] {processor.py:208} INFO - Processing /home/airflow/.local/lib/python3.12/site-packages/airflow/example_dags/example_skip_dag.py took 0.245 seconds
[2025-03-03T19:27:39.255+0000] {processor.py:186} INFO - Started process (PID=5843) to work on /home/airflow/.local/lib/python3.12/site-packages/airflow/example_dags/example_skip_dag.py
[2025-03-03T19:27:39.258+0000] {processor.py:914} INFO - Processing file /home/airflow/.local/lib/python3.12/site-packages/airflow/example_dags/example_skip_dag.py for tasks to queue
[2025-03-03T19:27:39.267+0000] {logging_mixin.py:190} INFO - [2025-03-03T19:27:39.266+0000] {dagbag.py:588} INFO - Filling up the DagBag from /home/airflow/.local/lib/python3.12/site-packages/airflow/example_dags/example_skip_dag.py
[2025-03-03T19:27:39.290+0000] {processor.py:925} INFO - DAG(s) 'example_skip_dag' retrieved from /home/airflow/.local/lib/python3.12/site-packages/airflow/example_dags/example_skip_dag.py
[2025-03-03T19:27:39.373+0000] {logging_mixin.py:190} INFO - [2025-03-03T19:27:39.373+0000] {dag.py:3239} INFO - Sync 1 DAGs
[2025-03-03T19:27:39.489+0000] {logging_mixin.py:190} INFO - [2025-03-03T19:27:39.488+0000] {dag.py:4180} INFO - Setting next_dagrun for example_skip_dag to 2025-03-02 00:00:00+00:00, run_after=2025-03-03 00:00:00+00:00
[2025-03-03T19:27:39.551+0000] {processor.py:208} INFO - Processing /home/airflow/.local/lib/python3.12/site-packages/airflow/example_dags/example_skip_dag.py took 0.314 seconds
[2025-03-03T19:28:11.933+0000] {processor.py:186} INFO - Started process (PID=6147) to work on /home/airflow/.local/lib/python3.12/site-packages/airflow/example_dags/example_skip_dag.py
[2025-03-03T19:28:11.937+0000] {processor.py:914} INFO - Processing file /home/airflow/.local/lib/python3.12/site-packages/airflow/example_dags/example_skip_dag.py for tasks to queue
[2025-03-03T19:28:11.944+0000] {logging_mixin.py:190} INFO - [2025-03-03T19:28:11.942+0000] {dagbag.py:588} INFO - Filling up the DagBag from /home/airflow/.local/lib/python3.12/site-packages/airflow/example_dags/example_skip_dag.py
[2025-03-03T19:28:11.966+0000] {processor.py:925} INFO - DAG(s) 'example_skip_dag' retrieved from /home/airflow/.local/lib/python3.12/site-packages/airflow/example_dags/example_skip_dag.py
[2025-03-03T19:28:12.050+0000] {logging_mixin.py:190} INFO - [2025-03-03T19:28:12.049+0000] {dag.py:3239} INFO - Sync 1 DAGs
[2025-03-03T19:28:12.113+0000] {logging_mixin.py:190} INFO - [2025-03-03T19:28:12.113+0000] {dag.py:4180} INFO - Setting next_dagrun for example_skip_dag to 2025-03-02 00:00:00+00:00, run_after=2025-03-03 00:00:00+00:00
[2025-03-03T19:28:12.168+0000] {processor.py:208} INFO - Processing /home/airflow/.local/lib/python3.12/site-packages/airflow/example_dags/example_skip_dag.py took 0.250 seconds
[2025-03-03T19:28:49.587+0000] {processor.py:186} INFO - Started process (PID=6491) to work on /home/airflow/.local/lib/python3.12/site-packages/airflow/example_dags/example_skip_dag.py
[2025-03-03T19:28:49.593+0000] {processor.py:914} INFO - Processing file /home/airflow/.local/lib/python3.12/site-packages/airflow/example_dags/example_skip_dag.py for tasks to queue
[2025-03-03T19:28:49.599+0000] {logging_mixin.py:190} INFO - [2025-03-03T19:28:49.598+0000] {dagbag.py:588} INFO - Filling up the DagBag from /home/airflow/.local/lib/python3.12/site-packages/airflow/example_dags/example_skip_dag.py
[2025-03-03T19:28:49.622+0000] {processor.py:925} INFO - DAG(s) 'example_skip_dag' retrieved from /home/airflow/.local/lib/python3.12/site-packages/airflow/example_dags/example_skip_dag.py
[2025-03-03T19:28:49.692+0000] {logging_mixin.py:190} INFO - [2025-03-03T19:28:49.691+0000] {dag.py:3239} INFO - Sync 1 DAGs
[2025-03-03T19:28:49.737+0000] {logging_mixin.py:190} INFO - [2025-03-03T19:28:49.736+0000] {dag.py:4180} INFO - Setting next_dagrun for example_skip_dag to 2025-03-02 00:00:00+00:00, run_after=2025-03-03 00:00:00+00:00
[2025-03-03T19:28:49.934+0000] {processor.py:208} INFO - Processing /home/airflow/.local/lib/python3.12/site-packages/airflow/example_dags/example_skip_dag.py took 0.367 seconds
[2025-03-03T19:29:21.977+0000] {processor.py:186} INFO - Started process (PID=6792) to work on /home/airflow/.local/lib/python3.12/site-packages/airflow/example_dags/example_skip_dag.py
[2025-03-03T19:29:21.979+0000] {processor.py:914} INFO - Processing file /home/airflow/.local/lib/python3.12/site-packages/airflow/example_dags/example_skip_dag.py for tasks to queue
[2025-03-03T19:29:21.985+0000] {logging_mixin.py:190} INFO - [2025-03-03T19:29:21.984+0000] {dagbag.py:588} INFO - Filling up the DagBag from /home/airflow/.local/lib/python3.12/site-packages/airflow/example_dags/example_skip_dag.py
[2025-03-03T19:29:22.005+0000] {processor.py:925} INFO - DAG(s) 'example_skip_dag' retrieved from /home/airflow/.local/lib/python3.12/site-packages/airflow/example_dags/example_skip_dag.py
[2025-03-03T19:29:22.049+0000] {logging_mixin.py:190} INFO - [2025-03-03T19:29:22.049+0000] {dag.py:3239} INFO - Sync 1 DAGs
[2025-03-03T19:29:22.100+0000] {logging_mixin.py:190} INFO - [2025-03-03T19:29:22.100+0000] {dag.py:4180} INFO - Setting next_dagrun for example_skip_dag to 2025-03-02 00:00:00+00:00, run_after=2025-03-03 00:00:00+00:00
[2025-03-03T19:29:22.160+0000] {processor.py:208} INFO - Processing /home/airflow/.local/lib/python3.12/site-packages/airflow/example_dags/example_skip_dag.py took 0.194 seconds
[2025-03-03T19:29:52.832+0000] {processor.py:186} INFO - Started process (PID=7106) to work on /home/airflow/.local/lib/python3.12/site-packages/airflow/example_dags/example_skip_dag.py
[2025-03-03T19:29:52.835+0000] {processor.py:914} INFO - Processing file /home/airflow/.local/lib/python3.12/site-packages/airflow/example_dags/example_skip_dag.py for tasks to queue
[2025-03-03T19:29:52.849+0000] {logging_mixin.py:190} INFO - [2025-03-03T19:29:52.848+0000] {dagbag.py:588} INFO - Filling up the DagBag from /home/airflow/.local/lib/python3.12/site-packages/airflow/example_dags/example_skip_dag.py
[2025-03-03T19:29:52.878+0000] {processor.py:925} INFO - DAG(s) 'example_skip_dag' retrieved from /home/airflow/.local/lib/python3.12/site-packages/airflow/example_dags/example_skip_dag.py
[2025-03-03T19:29:52.982+0000] {logging_mixin.py:190} INFO - [2025-03-03T19:29:52.979+0000] {dag.py:3239} INFO - Sync 1 DAGs
[2025-03-03T19:29:53.124+0000] {logging_mixin.py:190} INFO - [2025-03-03T19:29:53.123+0000] {dag.py:4180} INFO - Setting next_dagrun for example_skip_dag to 2025-03-02 00:00:00+00:00, run_after=2025-03-03 00:00:00+00:00
[2025-03-03T19:29:53.209+0000] {processor.py:208} INFO - Processing /home/airflow/.local/lib/python3.12/site-packages/airflow/example_dags/example_skip_dag.py took 0.393 seconds
[2025-03-03T19:30:23.331+0000] {processor.py:186} INFO - Started process (PID=7412) to work on /home/airflow/.local/lib/python3.12/site-packages/airflow/example_dags/example_skip_dag.py
[2025-03-03T19:30:23.334+0000] {processor.py:914} INFO - Processing file /home/airflow/.local/lib/python3.12/site-packages/airflow/example_dags/example_skip_dag.py for tasks to queue
[2025-03-03T19:30:23.342+0000] {logging_mixin.py:190} INFO - [2025-03-03T19:30:23.341+0000] {dagbag.py:588} INFO - Filling up the DagBag from /home/airflow/.local/lib/python3.12/site-packages/airflow/example_dags/example_skip_dag.py
[2025-03-03T19:30:23.362+0000] {processor.py:925} INFO - DAG(s) 'example_skip_dag' retrieved from /home/airflow/.local/lib/python3.12/site-packages/airflow/example_dags/example_skip_dag.py
[2025-03-03T19:30:23.404+0000] {logging_mixin.py:190} INFO - [2025-03-03T19:30:23.403+0000] {dag.py:3239} INFO - Sync 1 DAGs
[2025-03-03T19:30:23.447+0000] {logging_mixin.py:190} INFO - [2025-03-03T19:30:23.447+0000] {dag.py:4180} INFO - Setting next_dagrun for example_skip_dag to 2025-03-02 00:00:00+00:00, run_after=2025-03-03 00:00:00+00:00
[2025-03-03T19:30:23.491+0000] {processor.py:208} INFO - Processing /home/airflow/.local/lib/python3.12/site-packages/airflow/example_dags/example_skip_dag.py took 0.174 seconds
[2025-03-03T19:30:54.628+0000] {processor.py:186} INFO - Started process (PID=7721) to work on /home/airflow/.local/lib/python3.12/site-packages/airflow/example_dags/example_skip_dag.py
[2025-03-03T19:30:54.641+0000] {processor.py:914} INFO - Processing file /home/airflow/.local/lib/python3.12/site-packages/airflow/example_dags/example_skip_dag.py for tasks to queue
[2025-03-03T19:30:54.666+0000] {logging_mixin.py:190} INFO - [2025-03-03T19:30:54.665+0000] {dagbag.py:588} INFO - Filling up the DagBag from /home/airflow/.local/lib/python3.12/site-packages/airflow/example_dags/example_skip_dag.py
[2025-03-03T19:30:54.733+0000] {processor.py:925} INFO - DAG(s) 'example_skip_dag' retrieved from /home/airflow/.local/lib/python3.12/site-packages/airflow/example_dags/example_skip_dag.py
[2025-03-03T19:30:54.939+0000] {logging_mixin.py:190} INFO - [2025-03-03T19:30:54.939+0000] {dag.py:3239} INFO - Sync 1 DAGs
[2025-03-03T19:30:55.018+0000] {logging_mixin.py:190} INFO - [2025-03-03T19:30:55.018+0000] {dag.py:4180} INFO - Setting next_dagrun for example_skip_dag to 2025-03-02 00:00:00+00:00, run_after=2025-03-03 00:00:00+00:00
[2025-03-03T19:30:55.107+0000] {processor.py:208} INFO - Processing /home/airflow/.local/lib/python3.12/site-packages/airflow/example_dags/example_skip_dag.py took 0.511 seconds
[2025-03-03T19:31:25.382+0000] {processor.py:186} INFO - Started process (PID=8035) to work on /home/airflow/.local/lib/python3.12/site-packages/airflow/example_dags/example_skip_dag.py
[2025-03-03T19:31:25.385+0000] {processor.py:914} INFO - Processing file /home/airflow/.local/lib/python3.12/site-packages/airflow/example_dags/example_skip_dag.py for tasks to queue
[2025-03-03T19:31:25.391+0000] {logging_mixin.py:190} INFO - [2025-03-03T19:31:25.390+0000] {dagbag.py:588} INFO - Filling up the DagBag from /home/airflow/.local/lib/python3.12/site-packages/airflow/example_dags/example_skip_dag.py
[2025-03-03T19:31:25.408+0000] {processor.py:925} INFO - DAG(s) 'example_skip_dag' retrieved from /home/airflow/.local/lib/python3.12/site-packages/airflow/example_dags/example_skip_dag.py
[2025-03-03T19:31:25.445+0000] {logging_mixin.py:190} INFO - [2025-03-03T19:31:25.444+0000] {dag.py:3239} INFO - Sync 1 DAGs
[2025-03-03T19:31:25.495+0000] {logging_mixin.py:190} INFO - [2025-03-03T19:31:25.494+0000] {dag.py:4180} INFO - Setting next_dagrun for example_skip_dag to 2025-03-02 00:00:00+00:00, run_after=2025-03-03 00:00:00+00:00
[2025-03-03T19:31:25.535+0000] {processor.py:208} INFO - Processing /home/airflow/.local/lib/python3.12/site-packages/airflow/example_dags/example_skip_dag.py took 0.165 seconds
[2025-03-03T19:31:56.332+0000] {processor.py:186} INFO - Started process (PID=8336) to work on /home/airflow/.local/lib/python3.12/site-packages/airflow/example_dags/example_skip_dag.py
[2025-03-03T19:31:56.337+0000] {processor.py:914} INFO - Processing file /home/airflow/.local/lib/python3.12/site-packages/airflow/example_dags/example_skip_dag.py for tasks to queue
[2025-03-03T19:31:56.352+0000] {logging_mixin.py:190} INFO - [2025-03-03T19:31:56.350+0000] {dagbag.py:588} INFO - Filling up the DagBag from /home/airflow/.local/lib/python3.12/site-packages/airflow/example_dags/example_skip_dag.py
[2025-03-03T19:31:56.383+0000] {processor.py:925} INFO - DAG(s) 'example_skip_dag' retrieved from /home/airflow/.local/lib/python3.12/site-packages/airflow/example_dags/example_skip_dag.py
[2025-03-03T19:31:56.452+0000] {logging_mixin.py:190} INFO - [2025-03-03T19:31:56.451+0000] {dag.py:3239} INFO - Sync 1 DAGs
[2025-03-03T19:31:56.517+0000] {logging_mixin.py:190} INFO - [2025-03-03T19:31:56.516+0000] {dag.py:4180} INFO - Setting next_dagrun for example_skip_dag to 2025-03-02 00:00:00+00:00, run_after=2025-03-03 00:00:00+00:00
[2025-03-03T19:31:56.573+0000] {processor.py:208} INFO - Processing /home/airflow/.local/lib/python3.12/site-packages/airflow/example_dags/example_skip_dag.py took 0.282 seconds
[2025-03-03T19:32:27.029+0000] {processor.py:186} INFO - Started process (PID=8656) to work on /home/airflow/.local/lib/python3.12/site-packages/airflow/example_dags/example_skip_dag.py
[2025-03-03T19:32:27.036+0000] {processor.py:914} INFO - Processing file /home/airflow/.local/lib/python3.12/site-packages/airflow/example_dags/example_skip_dag.py for tasks to queue
[2025-03-03T19:32:27.048+0000] {logging_mixin.py:190} INFO - [2025-03-03T19:32:27.047+0000] {dagbag.py:588} INFO - Filling up the DagBag from /home/airflow/.local/lib/python3.12/site-packages/airflow/example_dags/example_skip_dag.py
[2025-03-03T19:32:27.078+0000] {processor.py:925} INFO - DAG(s) 'example_skip_dag' retrieved from /home/airflow/.local/lib/python3.12/site-packages/airflow/example_dags/example_skip_dag.py
[2025-03-03T19:32:27.177+0000] {logging_mixin.py:190} INFO - [2025-03-03T19:32:27.177+0000] {dag.py:3239} INFO - Sync 1 DAGs
[2025-03-03T19:32:27.280+0000] {logging_mixin.py:190} INFO - [2025-03-03T19:32:27.279+0000] {dag.py:4180} INFO - Setting next_dagrun for example_skip_dag to 2025-03-02 00:00:00+00:00, run_after=2025-03-03 00:00:00+00:00
[2025-03-03T19:32:27.413+0000] {processor.py:208} INFO - Processing /home/airflow/.local/lib/python3.12/site-packages/airflow/example_dags/example_skip_dag.py took 0.402 seconds
[2025-03-03T19:32:57.660+0000] {processor.py:186} INFO - Started process (PID=8950) to work on /home/airflow/.local/lib/python3.12/site-packages/airflow/example_dags/example_skip_dag.py
[2025-03-03T19:32:57.664+0000] {processor.py:914} INFO - Processing file /home/airflow/.local/lib/python3.12/site-packages/airflow/example_dags/example_skip_dag.py for tasks to queue
[2025-03-03T19:32:57.671+0000] {logging_mixin.py:190} INFO - [2025-03-03T19:32:57.669+0000] {dagbag.py:588} INFO - Filling up the DagBag from /home/airflow/.local/lib/python3.12/site-packages/airflow/example_dags/example_skip_dag.py
[2025-03-03T19:32:57.687+0000] {processor.py:925} INFO - DAG(s) 'example_skip_dag' retrieved from /home/airflow/.local/lib/python3.12/site-packages/airflow/example_dags/example_skip_dag.py
[2025-03-03T19:32:57.735+0000] {logging_mixin.py:190} INFO - [2025-03-03T19:32:57.735+0000] {dag.py:3239} INFO - Sync 1 DAGs
[2025-03-03T19:32:57.784+0000] {logging_mixin.py:190} INFO - [2025-03-03T19:32:57.784+0000] {dag.py:4180} INFO - Setting next_dagrun for example_skip_dag to 2025-03-02 00:00:00+00:00, run_after=2025-03-03 00:00:00+00:00
[2025-03-03T19:32:57.842+0000] {processor.py:208} INFO - Processing /home/airflow/.local/lib/python3.12/site-packages/airflow/example_dags/example_skip_dag.py took 0.199 seconds
[2025-03-03T19:33:28.272+0000] {processor.py:186} INFO - Started process (PID=9271) to work on /home/airflow/.local/lib/python3.12/site-packages/airflow/example_dags/example_skip_dag.py
[2025-03-03T19:33:28.275+0000] {processor.py:914} INFO - Processing file /home/airflow/.local/lib/python3.12/site-packages/airflow/example_dags/example_skip_dag.py for tasks to queue
[2025-03-03T19:33:28.285+0000] {logging_mixin.py:190} INFO - [2025-03-03T19:33:28.284+0000] {dagbag.py:588} INFO - Filling up the DagBag from /home/airflow/.local/lib/python3.12/site-packages/airflow/example_dags/example_skip_dag.py
[2025-03-03T19:33:28.311+0000] {processor.py:925} INFO - DAG(s) 'example_skip_dag' retrieved from /home/airflow/.local/lib/python3.12/site-packages/airflow/example_dags/example_skip_dag.py
[2025-03-03T19:33:28.388+0000] {logging_mixin.py:190} INFO - [2025-03-03T19:33:28.388+0000] {dag.py:3239} INFO - Sync 1 DAGs
[2025-03-03T19:33:28.457+0000] {logging_mixin.py:190} INFO - [2025-03-03T19:33:28.456+0000] {dag.py:4180} INFO - Setting next_dagrun for example_skip_dag to 2025-03-02 00:00:00+00:00, run_after=2025-03-03 00:00:00+00:00
[2025-03-03T19:33:28.516+0000] {processor.py:208} INFO - Processing /home/airflow/.local/lib/python3.12/site-packages/airflow/example_dags/example_skip_dag.py took 0.262 seconds
[2025-03-03T19:33:58.940+0000] {processor.py:186} INFO - Started process (PID=9572) to work on /home/airflow/.local/lib/python3.12/site-packages/airflow/example_dags/example_skip_dag.py
[2025-03-03T19:33:58.943+0000] {processor.py:914} INFO - Processing file /home/airflow/.local/lib/python3.12/site-packages/airflow/example_dags/example_skip_dag.py for tasks to queue
[2025-03-03T19:33:58.952+0000] {logging_mixin.py:190} INFO - [2025-03-03T19:33:58.951+0000] {dagbag.py:588} INFO - Filling up the DagBag from /home/airflow/.local/lib/python3.12/site-packages/airflow/example_dags/example_skip_dag.py
[2025-03-03T19:33:58.976+0000] {processor.py:925} INFO - DAG(s) 'example_skip_dag' retrieved from /home/airflow/.local/lib/python3.12/site-packages/airflow/example_dags/example_skip_dag.py
[2025-03-03T19:33:59.038+0000] {logging_mixin.py:190} INFO - [2025-03-03T19:33:59.037+0000] {dag.py:3239} INFO - Sync 1 DAGs
[2025-03-03T19:33:59.104+0000] {logging_mixin.py:190} INFO - [2025-03-03T19:33:59.104+0000] {dag.py:4180} INFO - Setting next_dagrun for example_skip_dag to 2025-03-02 00:00:00+00:00, run_after=2025-03-03 00:00:00+00:00
[2025-03-03T19:33:59.183+0000] {processor.py:208} INFO - Processing /home/airflow/.local/lib/python3.12/site-packages/airflow/example_dags/example_skip_dag.py took 0.259 seconds
[2025-03-03T19:34:35.175+0000] {processor.py:186} INFO - Started process (PID=9897) to work on /home/airflow/.local/lib/python3.12/site-packages/airflow/example_dags/example_skip_dag.py
[2025-03-03T19:34:35.180+0000] {processor.py:914} INFO - Processing file /home/airflow/.local/lib/python3.12/site-packages/airflow/example_dags/example_skip_dag.py for tasks to queue
[2025-03-03T19:34:35.192+0000] {logging_mixin.py:190} INFO - [2025-03-03T19:34:35.191+0000] {dagbag.py:588} INFO - Filling up the DagBag from /home/airflow/.local/lib/python3.12/site-packages/airflow/example_dags/example_skip_dag.py
[2025-03-03T19:34:35.223+0000] {processor.py:925} INFO - DAG(s) 'example_skip_dag' retrieved from /home/airflow/.local/lib/python3.12/site-packages/airflow/example_dags/example_skip_dag.py
[2025-03-03T19:34:35.305+0000] {logging_mixin.py:190} INFO - [2025-03-03T19:34:35.304+0000] {dag.py:3239} INFO - Sync 1 DAGs
[2025-03-03T19:34:35.386+0000] {logging_mixin.py:190} INFO - [2025-03-03T19:34:35.385+0000] {dag.py:4180} INFO - Setting next_dagrun for example_skip_dag to 2025-03-02 00:00:00+00:00, run_after=2025-03-03 00:00:00+00:00
[2025-03-03T19:34:35.817+0000] {processor.py:208} INFO - Processing /home/airflow/.local/lib/python3.12/site-packages/airflow/example_dags/example_skip_dag.py took 0.664 seconds
[2025-03-03T19:35:06.040+0000] {processor.py:186} INFO - Started process (PID=10193) to work on /home/airflow/.local/lib/python3.12/site-packages/airflow/example_dags/example_skip_dag.py
[2025-03-03T19:35:06.046+0000] {processor.py:914} INFO - Processing file /home/airflow/.local/lib/python3.12/site-packages/airflow/example_dags/example_skip_dag.py for tasks to queue
[2025-03-03T19:35:06.066+0000] {logging_mixin.py:190} INFO - [2025-03-03T19:35:06.062+0000] {dagbag.py:588} INFO - Filling up the DagBag from /home/airflow/.local/lib/python3.12/site-packages/airflow/example_dags/example_skip_dag.py
[2025-03-03T19:35:06.110+0000] {processor.py:925} INFO - DAG(s) 'example_skip_dag' retrieved from /home/airflow/.local/lib/python3.12/site-packages/airflow/example_dags/example_skip_dag.py
[2025-03-03T19:35:06.177+0000] {logging_mixin.py:190} INFO - [2025-03-03T19:35:06.176+0000] {dag.py:3239} INFO - Sync 1 DAGs
[2025-03-03T19:35:06.314+0000] {logging_mixin.py:190} INFO - [2025-03-03T19:35:06.314+0000] {dag.py:4180} INFO - Setting next_dagrun for example_skip_dag to 2025-03-02 00:00:00+00:00, run_after=2025-03-03 00:00:00+00:00
[2025-03-03T19:35:06.441+0000] {processor.py:208} INFO - Processing /home/airflow/.local/lib/python3.12/site-packages/airflow/example_dags/example_skip_dag.py took 0.423 seconds
