[2025-03-03T19:17:46.232+0000] {processor.py:186} INFO - Started process (PID=320) to work on /home/airflow/.local/lib/python3.12/site-packages/airflow/example_dags/example_branch_operator_decorator.py
[2025-03-03T19:17:46.236+0000] {processor.py:914} INFO - Processing file /home/airflow/.local/lib/python3.12/site-packages/airflow/example_dags/example_branch_operator_decorator.py for tasks to queue
[2025-03-03T19:17:46.253+0000] {logging_mixin.py:190} INFO - [2025-03-03T19:17:46.251+0000] {dagbag.py:588} INFO - Filling up the DagBag from /home/airflow/.local/lib/python3.12/site-packages/airflow/example_dags/example_branch_operator_decorator.py
[2025-03-03T19:17:46.451+0000] {processor.py:925} INFO - DAG(s) 'example_branch_python_operator_decorator' retrieved from /home/airflow/.local/lib/python3.12/site-packages/airflow/example_dags/example_branch_operator_decorator.py
[2025-03-03T19:17:47.199+0000] {logging_mixin.py:190} INFO - [2025-03-03T19:17:47.199+0000] {dag.py:3239} INFO - Sync 1 DAGs
[2025-03-03T19:17:47.357+0000] {logging_mixin.py:190} INFO - [2025-03-03T19:17:47.355+0000] {dag.py:4180} INFO - Setting next_dagrun for example_branch_python_operator_decorator to 2025-03-02 00:00:00+00:00, run_after=2025-03-03 00:00:00+00:00
[2025-03-03T19:17:47.531+0000] {processor.py:208} INFO - Processing /home/airflow/.local/lib/python3.12/site-packages/airflow/example_dags/example_branch_operator_decorator.py took 1.368 seconds
[2025-03-03T19:18:17.868+0000] {processor.py:186} INFO - Started process (PID=621) to work on /home/airflow/.local/lib/python3.12/site-packages/airflow/example_dags/example_branch_operator_decorator.py
[2025-03-03T19:18:17.877+0000] {processor.py:914} INFO - Processing file /home/airflow/.local/lib/python3.12/site-packages/airflow/example_dags/example_branch_operator_decorator.py for tasks to queue
[2025-03-03T19:18:17.887+0000] {logging_mixin.py:190} INFO - [2025-03-03T19:18:17.886+0000] {dagbag.py:588} INFO - Filling up the DagBag from /home/airflow/.local/lib/python3.12/site-packages/airflow/example_dags/example_branch_operator_decorator.py
[2025-03-03T19:18:18.028+0000] {processor.py:925} INFO - DAG(s) 'example_branch_python_operator_decorator' retrieved from /home/airflow/.local/lib/python3.12/site-packages/airflow/example_dags/example_branch_operator_decorator.py
[2025-03-03T19:18:18.144+0000] {logging_mixin.py:190} INFO - [2025-03-03T19:18:18.144+0000] {dag.py:3239} INFO - Sync 1 DAGs
[2025-03-03T19:18:18.218+0000] {logging_mixin.py:190} INFO - [2025-03-03T19:18:18.218+0000] {dag.py:4180} INFO - Setting next_dagrun for example_branch_python_operator_decorator to 2025-03-02 00:00:00+00:00, run_after=2025-03-03 00:00:00+00:00
[2025-03-03T19:18:18.356+0000] {processor.py:208} INFO - Processing /home/airflow/.local/lib/python3.12/site-packages/airflow/example_dags/example_branch_operator_decorator.py took 0.535 seconds
[2025-03-03T19:18:49.316+0000] {processor.py:186} INFO - Started process (PID=929) to work on /home/airflow/.local/lib/python3.12/site-packages/airflow/example_dags/example_branch_operator_decorator.py
[2025-03-03T19:18:49.324+0000] {processor.py:914} INFO - Processing file /home/airflow/.local/lib/python3.12/site-packages/airflow/example_dags/example_branch_operator_decorator.py for tasks to queue
[2025-03-03T19:18:49.388+0000] {logging_mixin.py:190} INFO - [2025-03-03T19:18:49.349+0000] {dagbag.py:588} INFO - Filling up the DagBag from /home/airflow/.local/lib/python3.12/site-packages/airflow/example_dags/example_branch_operator_decorator.py
[2025-03-03T19:18:49.683+0000] {processor.py:925} INFO - DAG(s) 'example_branch_python_operator_decorator' retrieved from /home/airflow/.local/lib/python3.12/site-packages/airflow/example_dags/example_branch_operator_decorator.py
[2025-03-03T19:18:49.879+0000] {logging_mixin.py:190} INFO - [2025-03-03T19:18:49.879+0000] {dag.py:3239} INFO - Sync 1 DAGs
[2025-03-03T19:18:50.152+0000] {logging_mixin.py:190} INFO - [2025-03-03T19:18:50.148+0000] {dag.py:4180} INFO - Setting next_dagrun for example_branch_python_operator_decorator to 2025-03-02 00:00:00+00:00, run_after=2025-03-03 00:00:00+00:00
[2025-03-03T19:18:50.296+0000] {processor.py:208} INFO - Processing /home/airflow/.local/lib/python3.12/site-packages/airflow/example_dags/example_branch_operator_decorator.py took 1.040 seconds
[2025-03-03T19:19:22.957+0000] {processor.py:186} INFO - Started process (PID=1234) to work on /home/airflow/.local/lib/python3.12/site-packages/airflow/example_dags/example_branch_operator_decorator.py
[2025-03-03T19:19:22.962+0000] {processor.py:914} INFO - Processing file /home/airflow/.local/lib/python3.12/site-packages/airflow/example_dags/example_branch_operator_decorator.py for tasks to queue
[2025-03-03T19:19:22.982+0000] {logging_mixin.py:190} INFO - [2025-03-03T19:19:22.978+0000] {dagbag.py:588} INFO - Filling up the DagBag from /home/airflow/.local/lib/python3.12/site-packages/airflow/example_dags/example_branch_operator_decorator.py
[2025-03-03T19:19:23.079+0000] {processor.py:925} INFO - DAG(s) 'example_branch_python_operator_decorator' retrieved from /home/airflow/.local/lib/python3.12/site-packages/airflow/example_dags/example_branch_operator_decorator.py
[2025-03-03T19:19:23.187+0000] {logging_mixin.py:190} INFO - [2025-03-03T19:19:23.186+0000] {dag.py:3239} INFO - Sync 1 DAGs
[2025-03-03T19:19:23.292+0000] {logging_mixin.py:190} INFO - [2025-03-03T19:19:23.291+0000] {dag.py:4180} INFO - Setting next_dagrun for example_branch_python_operator_decorator to 2025-03-02 00:00:00+00:00, run_after=2025-03-03 00:00:00+00:00
[2025-03-03T19:19:23.690+0000] {processor.py:208} INFO - Processing /home/airflow/.local/lib/python3.12/site-packages/airflow/example_dags/example_branch_operator_decorator.py took 0.762 seconds
[2025-03-03T19:19:54.151+0000] {processor.py:186} INFO - Started process (PID=1527) to work on /home/airflow/.local/lib/python3.12/site-packages/airflow/example_dags/example_branch_operator_decorator.py
[2025-03-03T19:19:54.155+0000] {processor.py:914} INFO - Processing file /home/airflow/.local/lib/python3.12/site-packages/airflow/example_dags/example_branch_operator_decorator.py for tasks to queue
[2025-03-03T19:19:54.173+0000] {logging_mixin.py:190} INFO - [2025-03-03T19:19:54.172+0000] {dagbag.py:588} INFO - Filling up the DagBag from /home/airflow/.local/lib/python3.12/site-packages/airflow/example_dags/example_branch_operator_decorator.py
[2025-03-03T19:19:54.276+0000] {processor.py:925} INFO - DAG(s) 'example_branch_python_operator_decorator' retrieved from /home/airflow/.local/lib/python3.12/site-packages/airflow/example_dags/example_branch_operator_decorator.py
[2025-03-03T19:19:54.455+0000] {logging_mixin.py:190} INFO - [2025-03-03T19:19:54.454+0000] {dag.py:3239} INFO - Sync 1 DAGs
[2025-03-03T19:19:54.539+0000] {logging_mixin.py:190} INFO - [2025-03-03T19:19:54.538+0000] {dag.py:4180} INFO - Setting next_dagrun for example_branch_python_operator_decorator to 2025-03-02 00:00:00+00:00, run_after=2025-03-03 00:00:00+00:00
[2025-03-03T19:19:54.599+0000] {processor.py:208} INFO - Processing /home/airflow/.local/lib/python3.12/site-packages/airflow/example_dags/example_branch_operator_decorator.py took 0.484 seconds
[2025-03-03T19:20:35.960+0000] {processor.py:186} INFO - Started process (PID=1845) to work on /home/airflow/.local/lib/python3.12/site-packages/airflow/example_dags/example_branch_operator_decorator.py
[2025-03-03T19:20:35.975+0000] {processor.py:914} INFO - Processing file /home/airflow/.local/lib/python3.12/site-packages/airflow/example_dags/example_branch_operator_decorator.py for tasks to queue
[2025-03-03T19:20:35.994+0000] {logging_mixin.py:190} INFO - [2025-03-03T19:20:35.992+0000] {dagbag.py:588} INFO - Filling up the DagBag from /home/airflow/.local/lib/python3.12/site-packages/airflow/example_dags/example_branch_operator_decorator.py
[2025-03-03T19:20:36.079+0000] {processor.py:925} INFO - DAG(s) 'example_branch_python_operator_decorator' retrieved from /home/airflow/.local/lib/python3.12/site-packages/airflow/example_dags/example_branch_operator_decorator.py
[2025-03-03T19:20:36.308+0000] {logging_mixin.py:190} INFO - [2025-03-03T19:20:36.307+0000] {dag.py:3239} INFO - Sync 1 DAGs
[2025-03-03T19:20:36.416+0000] {logging_mixin.py:190} INFO - [2025-03-03T19:20:36.415+0000] {dag.py:4180} INFO - Setting next_dagrun for example_branch_python_operator_decorator to 2025-03-02 00:00:00+00:00, run_after=2025-03-03 00:00:00+00:00
[2025-03-03T19:20:36.496+0000] {processor.py:208} INFO - Processing /home/airflow/.local/lib/python3.12/site-packages/airflow/example_dags/example_branch_operator_decorator.py took 0.571 seconds
[2025-03-03T19:21:07.366+0000] {processor.py:186} INFO - Started process (PID=2138) to work on /home/airflow/.local/lib/python3.12/site-packages/airflow/example_dags/example_branch_operator_decorator.py
[2025-03-03T19:21:07.373+0000] {processor.py:914} INFO - Processing file /home/airflow/.local/lib/python3.12/site-packages/airflow/example_dags/example_branch_operator_decorator.py for tasks to queue
[2025-03-03T19:21:07.387+0000] {logging_mixin.py:190} INFO - [2025-03-03T19:21:07.383+0000] {dagbag.py:588} INFO - Filling up the DagBag from /home/airflow/.local/lib/python3.12/site-packages/airflow/example_dags/example_branch_operator_decorator.py
[2025-03-03T19:21:07.496+0000] {processor.py:925} INFO - DAG(s) 'example_branch_python_operator_decorator' retrieved from /home/airflow/.local/lib/python3.12/site-packages/airflow/example_dags/example_branch_operator_decorator.py
[2025-03-03T19:21:07.680+0000] {logging_mixin.py:190} INFO - [2025-03-03T19:21:07.679+0000] {dag.py:3239} INFO - Sync 1 DAGs
[2025-03-03T19:21:07.815+0000] {logging_mixin.py:190} INFO - [2025-03-03T19:21:07.815+0000] {dag.py:4180} INFO - Setting next_dagrun for example_branch_python_operator_decorator to 2025-03-02 00:00:00+00:00, run_after=2025-03-03 00:00:00+00:00
[2025-03-03T19:21:07.899+0000] {processor.py:208} INFO - Processing /home/airflow/.local/lib/python3.12/site-packages/airflow/example_dags/example_branch_operator_decorator.py took 0.561 seconds
[2025-03-03T19:21:48.669+0000] {processor.py:186} INFO - Started process (PID=2426) to work on /home/airflow/.local/lib/python3.12/site-packages/airflow/example_dags/example_branch_operator_decorator.py
[2025-03-03T19:21:48.675+0000] {processor.py:914} INFO - Processing file /home/airflow/.local/lib/python3.12/site-packages/airflow/example_dags/example_branch_operator_decorator.py for tasks to queue
[2025-03-03T19:21:48.689+0000] {logging_mixin.py:190} INFO - [2025-03-03T19:21:48.688+0000] {dagbag.py:588} INFO - Filling up the DagBag from /home/airflow/.local/lib/python3.12/site-packages/airflow/example_dags/example_branch_operator_decorator.py
[2025-03-03T19:21:48.799+0000] {processor.py:925} INFO - DAG(s) 'example_branch_python_operator_decorator' retrieved from /home/airflow/.local/lib/python3.12/site-packages/airflow/example_dags/example_branch_operator_decorator.py
[2025-03-03T19:21:48.952+0000] {logging_mixin.py:190} INFO - [2025-03-03T19:21:48.949+0000] {dag.py:3239} INFO - Sync 1 DAGs
[2025-03-03T19:21:49.076+0000] {logging_mixin.py:190} INFO - [2025-03-03T19:21:49.076+0000] {dag.py:4180} INFO - Setting next_dagrun for example_branch_python_operator_decorator to 2025-03-02 00:00:00+00:00, run_after=2025-03-03 00:00:00+00:00
[2025-03-03T19:21:49.408+0000] {processor.py:208} INFO - Processing /home/airflow/.local/lib/python3.12/site-packages/airflow/example_dags/example_branch_operator_decorator.py took 0.783 seconds
[2025-03-03T19:22:19.718+0000] {processor.py:186} INFO - Started process (PID=2725) to work on /home/airflow/.local/lib/python3.12/site-packages/airflow/example_dags/example_branch_operator_decorator.py
[2025-03-03T19:22:19.722+0000] {processor.py:914} INFO - Processing file /home/airflow/.local/lib/python3.12/site-packages/airflow/example_dags/example_branch_operator_decorator.py for tasks to queue
[2025-03-03T19:22:19.730+0000] {logging_mixin.py:190} INFO - [2025-03-03T19:22:19.729+0000] {dagbag.py:588} INFO - Filling up the DagBag from /home/airflow/.local/lib/python3.12/site-packages/airflow/example_dags/example_branch_operator_decorator.py
[2025-03-03T19:22:19.795+0000] {processor.py:925} INFO - DAG(s) 'example_branch_python_operator_decorator' retrieved from /home/airflow/.local/lib/python3.12/site-packages/airflow/example_dags/example_branch_operator_decorator.py
[2025-03-03T19:22:19.881+0000] {logging_mixin.py:190} INFO - [2025-03-03T19:22:19.880+0000] {dag.py:3239} INFO - Sync 1 DAGs
[2025-03-03T19:22:19.947+0000] {logging_mixin.py:190} INFO - [2025-03-03T19:22:19.947+0000] {dag.py:4180} INFO - Setting next_dagrun for example_branch_python_operator_decorator to 2025-03-02 00:00:00+00:00, run_after=2025-03-03 00:00:00+00:00
[2025-03-03T19:22:20.008+0000] {processor.py:208} INFO - Processing /home/airflow/.local/lib/python3.12/site-packages/airflow/example_dags/example_branch_operator_decorator.py took 0.301 seconds
[2025-03-03T19:22:52.425+0000] {processor.py:186} INFO - Started process (PID=3046) to work on /home/airflow/.local/lib/python3.12/site-packages/airflow/example_dags/example_branch_operator_decorator.py
[2025-03-03T19:22:52.430+0000] {processor.py:914} INFO - Processing file /home/airflow/.local/lib/python3.12/site-packages/airflow/example_dags/example_branch_operator_decorator.py for tasks to queue
[2025-03-03T19:22:52.445+0000] {logging_mixin.py:190} INFO - [2025-03-03T19:22:52.444+0000] {dagbag.py:588} INFO - Filling up the DagBag from /home/airflow/.local/lib/python3.12/site-packages/airflow/example_dags/example_branch_operator_decorator.py
[2025-03-03T19:22:52.526+0000] {processor.py:925} INFO - DAG(s) 'example_branch_python_operator_decorator' retrieved from /home/airflow/.local/lib/python3.12/site-packages/airflow/example_dags/example_branch_operator_decorator.py
[2025-03-03T19:22:52.616+0000] {logging_mixin.py:190} INFO - [2025-03-03T19:22:52.616+0000] {dag.py:3239} INFO - Sync 1 DAGs
[2025-03-03T19:22:52.693+0000] {logging_mixin.py:190} INFO - [2025-03-03T19:22:52.692+0000] {dag.py:4180} INFO - Setting next_dagrun for example_branch_python_operator_decorator to 2025-03-02 00:00:00+00:00, run_after=2025-03-03 00:00:00+00:00
[2025-03-03T19:22:52.755+0000] {processor.py:208} INFO - Processing /home/airflow/.local/lib/python3.12/site-packages/airflow/example_dags/example_branch_operator_decorator.py took 0.346 seconds
[2025-03-03T19:23:23.330+0000] {processor.py:186} INFO - Started process (PID=3347) to work on /home/airflow/.local/lib/python3.12/site-packages/airflow/example_dags/example_branch_operator_decorator.py
[2025-03-03T19:23:23.336+0000] {processor.py:914} INFO - Processing file /home/airflow/.local/lib/python3.12/site-packages/airflow/example_dags/example_branch_operator_decorator.py for tasks to queue
[2025-03-03T19:23:23.345+0000] {logging_mixin.py:190} INFO - [2025-03-03T19:23:23.344+0000] {dagbag.py:588} INFO - Filling up the DagBag from /home/airflow/.local/lib/python3.12/site-packages/airflow/example_dags/example_branch_operator_decorator.py
[2025-03-03T19:23:23.440+0000] {processor.py:925} INFO - DAG(s) 'example_branch_python_operator_decorator' retrieved from /home/airflow/.local/lib/python3.12/site-packages/airflow/example_dags/example_branch_operator_decorator.py
[2025-03-03T19:23:23.528+0000] {logging_mixin.py:190} INFO - [2025-03-03T19:23:23.528+0000] {dag.py:3239} INFO - Sync 1 DAGs
[2025-03-03T19:23:23.604+0000] {logging_mixin.py:190} INFO - [2025-03-03T19:23:23.604+0000] {dag.py:4180} INFO - Setting next_dagrun for example_branch_python_operator_decorator to 2025-03-02 00:00:00+00:00, run_after=2025-03-03 00:00:00+00:00
[2025-03-03T19:23:23.691+0000] {processor.py:208} INFO - Processing /home/airflow/.local/lib/python3.12/site-packages/airflow/example_dags/example_branch_operator_decorator.py took 0.378 seconds
[2025-03-03T19:23:55.313+0000] {processor.py:186} INFO - Started process (PID=3652) to work on /home/airflow/.local/lib/python3.12/site-packages/airflow/example_dags/example_branch_operator_decorator.py
[2025-03-03T19:23:55.317+0000] {processor.py:914} INFO - Processing file /home/airflow/.local/lib/python3.12/site-packages/airflow/example_dags/example_branch_operator_decorator.py for tasks to queue
[2025-03-03T19:23:55.327+0000] {logging_mixin.py:190} INFO - [2025-03-03T19:23:55.326+0000] {dagbag.py:588} INFO - Filling up the DagBag from /home/airflow/.local/lib/python3.12/site-packages/airflow/example_dags/example_branch_operator_decorator.py
[2025-03-03T19:23:55.486+0000] {processor.py:925} INFO - DAG(s) 'example_branch_python_operator_decorator' retrieved from /home/airflow/.local/lib/python3.12/site-packages/airflow/example_dags/example_branch_operator_decorator.py
[2025-03-03T19:23:55.639+0000] {logging_mixin.py:190} INFO - [2025-03-03T19:23:55.638+0000] {dag.py:3239} INFO - Sync 1 DAGs
[2025-03-03T19:23:55.804+0000] {logging_mixin.py:190} INFO - [2025-03-03T19:23:55.803+0000] {dag.py:4180} INFO - Setting next_dagrun for example_branch_python_operator_decorator to 2025-03-02 00:00:00+00:00, run_after=2025-03-03 00:00:00+00:00
[2025-03-03T19:23:55.904+0000] {processor.py:208} INFO - Processing /home/airflow/.local/lib/python3.12/site-packages/airflow/example_dags/example_branch_operator_decorator.py took 0.617 seconds
[2025-03-03T19:24:26.937+0000] {processor.py:186} INFO - Started process (PID=3962) to work on /home/airflow/.local/lib/python3.12/site-packages/airflow/example_dags/example_branch_operator_decorator.py
[2025-03-03T19:24:26.943+0000] {processor.py:914} INFO - Processing file /home/airflow/.local/lib/python3.12/site-packages/airflow/example_dags/example_branch_operator_decorator.py for tasks to queue
[2025-03-03T19:24:26.950+0000] {logging_mixin.py:190} INFO - [2025-03-03T19:24:26.950+0000] {dagbag.py:588} INFO - Filling up the DagBag from /home/airflow/.local/lib/python3.12/site-packages/airflow/example_dags/example_branch_operator_decorator.py
[2025-03-03T19:24:27.007+0000] {processor.py:925} INFO - DAG(s) 'example_branch_python_operator_decorator' retrieved from /home/airflow/.local/lib/python3.12/site-packages/airflow/example_dags/example_branch_operator_decorator.py
[2025-03-03T19:24:27.066+0000] {logging_mixin.py:190} INFO - [2025-03-03T19:24:27.066+0000] {dag.py:3239} INFO - Sync 1 DAGs
[2025-03-03T19:24:27.115+0000] {logging_mixin.py:190} INFO - [2025-03-03T19:24:27.115+0000] {dag.py:4180} INFO - Setting next_dagrun for example_branch_python_operator_decorator to 2025-03-02 00:00:00+00:00, run_after=2025-03-03 00:00:00+00:00
[2025-03-03T19:24:27.176+0000] {processor.py:208} INFO - Processing /home/airflow/.local/lib/python3.12/site-packages/airflow/example_dags/example_branch_operator_decorator.py took 0.256 seconds
[2025-03-03T19:25:01.472+0000] {processor.py:186} INFO - Started process (PID=4265) to work on /home/airflow/.local/lib/python3.12/site-packages/airflow/example_dags/example_branch_operator_decorator.py
[2025-03-03T19:25:01.474+0000] {processor.py:914} INFO - Processing file /home/airflow/.local/lib/python3.12/site-packages/airflow/example_dags/example_branch_operator_decorator.py for tasks to queue
[2025-03-03T19:25:01.481+0000] {logging_mixin.py:190} INFO - [2025-03-03T19:25:01.480+0000] {dagbag.py:588} INFO - Filling up the DagBag from /home/airflow/.local/lib/python3.12/site-packages/airflow/example_dags/example_branch_operator_decorator.py
[2025-03-03T19:25:01.543+0000] {processor.py:925} INFO - DAG(s) 'example_branch_python_operator_decorator' retrieved from /home/airflow/.local/lib/python3.12/site-packages/airflow/example_dags/example_branch_operator_decorator.py
[2025-03-03T19:25:01.621+0000] {logging_mixin.py:190} INFO - [2025-03-03T19:25:01.621+0000] {dag.py:3239} INFO - Sync 1 DAGs
[2025-03-03T19:25:01.719+0000] {logging_mixin.py:190} INFO - [2025-03-03T19:25:01.718+0000] {dag.py:4180} INFO - Setting next_dagrun for example_branch_python_operator_decorator to 2025-03-02 00:00:00+00:00, run_after=2025-03-03 00:00:00+00:00
[2025-03-03T19:25:02.045+0000] {processor.py:208} INFO - Processing /home/airflow/.local/lib/python3.12/site-packages/airflow/example_dags/example_branch_operator_decorator.py took 0.588 seconds
[2025-03-03T19:25:32.258+0000] {processor.py:186} INFO - Started process (PID=4578) to work on /home/airflow/.local/lib/python3.12/site-packages/airflow/example_dags/example_branch_operator_decorator.py
[2025-03-03T19:25:32.261+0000] {processor.py:914} INFO - Processing file /home/airflow/.local/lib/python3.12/site-packages/airflow/example_dags/example_branch_operator_decorator.py for tasks to queue
[2025-03-03T19:25:32.269+0000] {logging_mixin.py:190} INFO - [2025-03-03T19:25:32.268+0000] {dagbag.py:588} INFO - Filling up the DagBag from /home/airflow/.local/lib/python3.12/site-packages/airflow/example_dags/example_branch_operator_decorator.py
[2025-03-03T19:25:32.348+0000] {processor.py:925} INFO - DAG(s) 'example_branch_python_operator_decorator' retrieved from /home/airflow/.local/lib/python3.12/site-packages/airflow/example_dags/example_branch_operator_decorator.py
[2025-03-03T19:25:32.413+0000] {logging_mixin.py:190} INFO - [2025-03-03T19:25:32.413+0000] {dag.py:3239} INFO - Sync 1 DAGs
[2025-03-03T19:25:32.464+0000] {logging_mixin.py:190} INFO - [2025-03-03T19:25:32.463+0000] {dag.py:4180} INFO - Setting next_dagrun for example_branch_python_operator_decorator to 2025-03-02 00:00:00+00:00, run_after=2025-03-03 00:00:00+00:00
[2025-03-03T19:25:32.510+0000] {processor.py:208} INFO - Processing /home/airflow/.local/lib/python3.12/site-packages/airflow/example_dags/example_branch_operator_decorator.py took 0.263 seconds
[2025-03-03T19:26:02.951+0000] {processor.py:186} INFO - Started process (PID=4869) to work on /home/airflow/.local/lib/python3.12/site-packages/airflow/example_dags/example_branch_operator_decorator.py
[2025-03-03T19:26:02.953+0000] {processor.py:914} INFO - Processing file /home/airflow/.local/lib/python3.12/site-packages/airflow/example_dags/example_branch_operator_decorator.py for tasks to queue
[2025-03-03T19:26:02.961+0000] {logging_mixin.py:190} INFO - [2025-03-03T19:26:02.960+0000] {dagbag.py:588} INFO - Filling up the DagBag from /home/airflow/.local/lib/python3.12/site-packages/airflow/example_dags/example_branch_operator_decorator.py
[2025-03-03T19:26:03.177+0000] {processor.py:925} INFO - DAG(s) 'example_branch_python_operator_decorator' retrieved from /home/airflow/.local/lib/python3.12/site-packages/airflow/example_dags/example_branch_operator_decorator.py
[2025-03-03T19:26:03.576+0000] {logging_mixin.py:190} INFO - [2025-03-03T19:26:03.572+0000] {dag.py:3239} INFO - Sync 1 DAGs
[2025-03-03T19:26:03.795+0000] {logging_mixin.py:190} INFO - [2025-03-03T19:26:03.794+0000] {dag.py:4180} INFO - Setting next_dagrun for example_branch_python_operator_decorator to 2025-03-02 00:00:00+00:00, run_after=2025-03-03 00:00:00+00:00
[2025-03-03T19:26:03.957+0000] {processor.py:208} INFO - Processing /home/airflow/.local/lib/python3.12/site-packages/airflow/example_dags/example_branch_operator_decorator.py took 1.029 seconds
[2025-03-03T19:26:34.837+0000] {processor.py:186} INFO - Started process (PID=5206) to work on /home/airflow/.local/lib/python3.12/site-packages/airflow/example_dags/example_branch_operator_decorator.py
[2025-03-03T19:26:34.841+0000] {processor.py:914} INFO - Processing file /home/airflow/.local/lib/python3.12/site-packages/airflow/example_dags/example_branch_operator_decorator.py for tasks to queue
[2025-03-03T19:26:34.853+0000] {logging_mixin.py:190} INFO - [2025-03-03T19:26:34.852+0000] {dagbag.py:588} INFO - Filling up the DagBag from /home/airflow/.local/lib/python3.12/site-packages/airflow/example_dags/example_branch_operator_decorator.py
[2025-03-03T19:26:34.939+0000] {processor.py:925} INFO - DAG(s) 'example_branch_python_operator_decorator' retrieved from /home/airflow/.local/lib/python3.12/site-packages/airflow/example_dags/example_branch_operator_decorator.py
[2025-03-03T19:26:35.015+0000] {logging_mixin.py:190} INFO - [2025-03-03T19:26:35.015+0000] {dag.py:3239} INFO - Sync 1 DAGs
[2025-03-03T19:26:35.083+0000] {logging_mixin.py:190} INFO - [2025-03-03T19:26:35.082+0000] {dag.py:4180} INFO - Setting next_dagrun for example_branch_python_operator_decorator to 2025-03-02 00:00:00+00:00, run_after=2025-03-03 00:00:00+00:00
[2025-03-03T19:26:35.143+0000] {processor.py:208} INFO - Processing /home/airflow/.local/lib/python3.12/site-packages/airflow/example_dags/example_branch_operator_decorator.py took 0.322 seconds
[2025-03-03T19:27:05.271+0000] {processor.py:186} INFO - Started process (PID=5497) to work on /home/airflow/.local/lib/python3.12/site-packages/airflow/example_dags/example_branch_operator_decorator.py
[2025-03-03T19:27:05.275+0000] {processor.py:914} INFO - Processing file /home/airflow/.local/lib/python3.12/site-packages/airflow/example_dags/example_branch_operator_decorator.py for tasks to queue
[2025-03-03T19:27:05.289+0000] {logging_mixin.py:190} INFO - [2025-03-03T19:27:05.287+0000] {dagbag.py:588} INFO - Filling up the DagBag from /home/airflow/.local/lib/python3.12/site-packages/airflow/example_dags/example_branch_operator_decorator.py
[2025-03-03T19:27:05.362+0000] {processor.py:925} INFO - DAG(s) 'example_branch_python_operator_decorator' retrieved from /home/airflow/.local/lib/python3.12/site-packages/airflow/example_dags/example_branch_operator_decorator.py
[2025-03-03T19:27:05.456+0000] {logging_mixin.py:190} INFO - [2025-03-03T19:27:05.456+0000] {dag.py:3239} INFO - Sync 1 DAGs
[2025-03-03T19:27:05.522+0000] {logging_mixin.py:190} INFO - [2025-03-03T19:27:05.521+0000] {dag.py:4180} INFO - Setting next_dagrun for example_branch_python_operator_decorator to 2025-03-02 00:00:00+00:00, run_after=2025-03-03 00:00:00+00:00
[2025-03-03T19:27:05.581+0000] {processor.py:208} INFO - Processing /home/airflow/.local/lib/python3.12/site-packages/airflow/example_dags/example_branch_operator_decorator.py took 0.330 seconds
[2025-03-03T19:27:38.856+0000] {processor.py:186} INFO - Started process (PID=5838) to work on /home/airflow/.local/lib/python3.12/site-packages/airflow/example_dags/example_branch_operator_decorator.py
[2025-03-03T19:27:38.859+0000] {processor.py:914} INFO - Processing file /home/airflow/.local/lib/python3.12/site-packages/airflow/example_dags/example_branch_operator_decorator.py for tasks to queue
[2025-03-03T19:27:38.868+0000] {logging_mixin.py:190} INFO - [2025-03-03T19:27:38.867+0000] {dagbag.py:588} INFO - Filling up the DagBag from /home/airflow/.local/lib/python3.12/site-packages/airflow/example_dags/example_branch_operator_decorator.py
[2025-03-03T19:27:38.944+0000] {processor.py:925} INFO - DAG(s) 'example_branch_python_operator_decorator' retrieved from /home/airflow/.local/lib/python3.12/site-packages/airflow/example_dags/example_branch_operator_decorator.py
[2025-03-03T19:27:39.038+0000] {logging_mixin.py:190} INFO - [2025-03-03T19:27:39.037+0000] {dag.py:3239} INFO - Sync 1 DAGs
[2025-03-03T19:27:39.111+0000] {logging_mixin.py:190} INFO - [2025-03-03T19:27:39.111+0000] {dag.py:4180} INFO - Setting next_dagrun for example_branch_python_operator_decorator to 2025-03-02 00:00:00+00:00, run_after=2025-03-03 00:00:00+00:00
[2025-03-03T19:27:39.178+0000] {processor.py:208} INFO - Processing /home/airflow/.local/lib/python3.12/site-packages/airflow/example_dags/example_branch_operator_decorator.py took 0.336 seconds
[2025-03-03T19:28:11.531+0000] {processor.py:186} INFO - Started process (PID=6137) to work on /home/airflow/.local/lib/python3.12/site-packages/airflow/example_dags/example_branch_operator_decorator.py
[2025-03-03T19:28:11.536+0000] {processor.py:914} INFO - Processing file /home/airflow/.local/lib/python3.12/site-packages/airflow/example_dags/example_branch_operator_decorator.py for tasks to queue
[2025-03-03T19:28:11.550+0000] {logging_mixin.py:190} INFO - [2025-03-03T19:28:11.549+0000] {dagbag.py:588} INFO - Filling up the DagBag from /home/airflow/.local/lib/python3.12/site-packages/airflow/example_dags/example_branch_operator_decorator.py
[2025-03-03T19:28:11.627+0000] {processor.py:925} INFO - DAG(s) 'example_branch_python_operator_decorator' retrieved from /home/airflow/.local/lib/python3.12/site-packages/airflow/example_dags/example_branch_operator_decorator.py
[2025-03-03T19:28:11.716+0000] {logging_mixin.py:190} INFO - [2025-03-03T19:28:11.716+0000] {dag.py:3239} INFO - Sync 1 DAGs
[2025-03-03T19:28:11.795+0000] {logging_mixin.py:190} INFO - [2025-03-03T19:28:11.794+0000] {dag.py:4180} INFO - Setting next_dagrun for example_branch_python_operator_decorator to 2025-03-02 00:00:00+00:00, run_after=2025-03-03 00:00:00+00:00
[2025-03-03T19:28:11.849+0000] {processor.py:208} INFO - Processing /home/airflow/.local/lib/python3.12/site-packages/airflow/example_dags/example_branch_operator_decorator.py took 0.339 seconds
[2025-03-03T19:28:49.562+0000] {processor.py:186} INFO - Started process (PID=6488) to work on /home/airflow/.local/lib/python3.12/site-packages/airflow/example_dags/example_branch_operator_decorator.py
[2025-03-03T19:28:49.565+0000] {processor.py:914} INFO - Processing file /home/airflow/.local/lib/python3.12/site-packages/airflow/example_dags/example_branch_operator_decorator.py for tasks to queue
[2025-03-03T19:28:49.577+0000] {logging_mixin.py:190} INFO - [2025-03-03T19:28:49.575+0000] {dagbag.py:588} INFO - Filling up the DagBag from /home/airflow/.local/lib/python3.12/site-packages/airflow/example_dags/example_branch_operator_decorator.py
[2025-03-03T19:28:49.650+0000] {processor.py:925} INFO - DAG(s) 'example_branch_python_operator_decorator' retrieved from /home/airflow/.local/lib/python3.12/site-packages/airflow/example_dags/example_branch_operator_decorator.py
[2025-03-03T19:28:49.739+0000] {logging_mixin.py:190} INFO - [2025-03-03T19:28:49.737+0000] {dag.py:3239} INFO - Sync 1 DAGs
[2025-03-03T19:28:49.800+0000] {logging_mixin.py:190} INFO - [2025-03-03T19:28:49.799+0000] {dag.py:4180} INFO - Setting next_dagrun for example_branch_python_operator_decorator to 2025-03-02 00:00:00+00:00, run_after=2025-03-03 00:00:00+00:00
[2025-03-03T19:28:49.966+0000] {processor.py:208} INFO - Processing /home/airflow/.local/lib/python3.12/site-packages/airflow/example_dags/example_branch_operator_decorator.py took 0.425 seconds
[2025-03-03T19:29:21.672+0000] {processor.py:186} INFO - Started process (PID=6787) to work on /home/airflow/.local/lib/python3.12/site-packages/airflow/example_dags/example_branch_operator_decorator.py
[2025-03-03T19:29:21.675+0000] {processor.py:914} INFO - Processing file /home/airflow/.local/lib/python3.12/site-packages/airflow/example_dags/example_branch_operator_decorator.py for tasks to queue
[2025-03-03T19:29:21.685+0000] {logging_mixin.py:190} INFO - [2025-03-03T19:29:21.684+0000] {dagbag.py:588} INFO - Filling up the DagBag from /home/airflow/.local/lib/python3.12/site-packages/airflow/example_dags/example_branch_operator_decorator.py
[2025-03-03T19:29:21.760+0000] {processor.py:925} INFO - DAG(s) 'example_branch_python_operator_decorator' retrieved from /home/airflow/.local/lib/python3.12/site-packages/airflow/example_dags/example_branch_operator_decorator.py
[2025-03-03T19:29:21.816+0000] {logging_mixin.py:190} INFO - [2025-03-03T19:29:21.815+0000] {dag.py:3239} INFO - Sync 1 DAGs
[2025-03-03T19:29:21.877+0000] {logging_mixin.py:190} INFO - [2025-03-03T19:29:21.877+0000] {dag.py:4180} INFO - Setting next_dagrun for example_branch_python_operator_decorator to 2025-03-02 00:00:00+00:00, run_after=2025-03-03 00:00:00+00:00
[2025-03-03T19:29:21.923+0000] {processor.py:208} INFO - Processing /home/airflow/.local/lib/python3.12/site-packages/airflow/example_dags/example_branch_operator_decorator.py took 0.273 seconds
[2025-03-03T19:29:52.152+0000] {processor.py:186} INFO - Started process (PID=7098) to work on /home/airflow/.local/lib/python3.12/site-packages/airflow/example_dags/example_branch_operator_decorator.py
[2025-03-03T19:29:52.155+0000] {processor.py:914} INFO - Processing file /home/airflow/.local/lib/python3.12/site-packages/airflow/example_dags/example_branch_operator_decorator.py for tasks to queue
[2025-03-03T19:29:52.165+0000] {logging_mixin.py:190} INFO - [2025-03-03T19:29:52.161+0000] {dagbag.py:588} INFO - Filling up the DagBag from /home/airflow/.local/lib/python3.12/site-packages/airflow/example_dags/example_branch_operator_decorator.py
[2025-03-03T19:29:52.367+0000] {processor.py:925} INFO - DAG(s) 'example_branch_python_operator_decorator' retrieved from /home/airflow/.local/lib/python3.12/site-packages/airflow/example_dags/example_branch_operator_decorator.py
[2025-03-03T19:29:52.457+0000] {logging_mixin.py:190} INFO - [2025-03-03T19:29:52.456+0000] {dag.py:3239} INFO - Sync 1 DAGs
[2025-03-03T19:29:52.563+0000] {logging_mixin.py:190} INFO - [2025-03-03T19:29:52.562+0000] {dag.py:4180} INFO - Setting next_dagrun for example_branch_python_operator_decorator to 2025-03-02 00:00:00+00:00, run_after=2025-03-03 00:00:00+00:00
[2025-03-03T19:29:52.663+0000] {processor.py:208} INFO - Processing /home/airflow/.local/lib/python3.12/site-packages/airflow/example_dags/example_branch_operator_decorator.py took 0.538 seconds
[2025-03-03T19:30:22.967+0000] {processor.py:186} INFO - Started process (PID=7407) to work on /home/airflow/.local/lib/python3.12/site-packages/airflow/example_dags/example_branch_operator_decorator.py
[2025-03-03T19:30:22.970+0000] {processor.py:914} INFO - Processing file /home/airflow/.local/lib/python3.12/site-packages/airflow/example_dags/example_branch_operator_decorator.py for tasks to queue
[2025-03-03T19:30:22.977+0000] {logging_mixin.py:190} INFO - [2025-03-03T19:30:22.976+0000] {dagbag.py:588} INFO - Filling up the DagBag from /home/airflow/.local/lib/python3.12/site-packages/airflow/example_dags/example_branch_operator_decorator.py
[2025-03-03T19:30:23.046+0000] {processor.py:925} INFO - DAG(s) 'example_branch_python_operator_decorator' retrieved from /home/airflow/.local/lib/python3.12/site-packages/airflow/example_dags/example_branch_operator_decorator.py
[2025-03-03T19:30:23.114+0000] {logging_mixin.py:190} INFO - [2025-03-03T19:30:23.114+0000] {dag.py:3239} INFO - Sync 1 DAGs
[2025-03-03T19:30:23.206+0000] {logging_mixin.py:190} INFO - [2025-03-03T19:30:23.205+0000] {dag.py:4180} INFO - Setting next_dagrun for example_branch_python_operator_decorator to 2025-03-02 00:00:00+00:00, run_after=2025-03-03 00:00:00+00:00
[2025-03-03T19:30:23.260+0000] {processor.py:208} INFO - Processing /home/airflow/.local/lib/python3.12/site-packages/airflow/example_dags/example_branch_operator_decorator.py took 0.305 seconds
[2025-03-03T19:30:54.136+0000] {processor.py:186} INFO - Started process (PID=7716) to work on /home/airflow/.local/lib/python3.12/site-packages/airflow/example_dags/example_branch_operator_decorator.py
[2025-03-03T19:30:54.141+0000] {processor.py:914} INFO - Processing file /home/airflow/.local/lib/python3.12/site-packages/airflow/example_dags/example_branch_operator_decorator.py for tasks to queue
[2025-03-03T19:30:54.149+0000] {logging_mixin.py:190} INFO - [2025-03-03T19:30:54.148+0000] {dagbag.py:588} INFO - Filling up the DagBag from /home/airflow/.local/lib/python3.12/site-packages/airflow/example_dags/example_branch_operator_decorator.py
[2025-03-03T19:30:54.249+0000] {processor.py:925} INFO - DAG(s) 'example_branch_python_operator_decorator' retrieved from /home/airflow/.local/lib/python3.12/site-packages/airflow/example_dags/example_branch_operator_decorator.py
[2025-03-03T19:30:54.330+0000] {logging_mixin.py:190} INFO - [2025-03-03T19:30:54.330+0000] {dag.py:3239} INFO - Sync 1 DAGs
[2025-03-03T19:30:54.437+0000] {logging_mixin.py:190} INFO - [2025-03-03T19:30:54.436+0000] {dag.py:4180} INFO - Setting next_dagrun for example_branch_python_operator_decorator to 2025-03-02 00:00:00+00:00, run_after=2025-03-03 00:00:00+00:00
[2025-03-03T19:30:54.513+0000] {processor.py:208} INFO - Processing /home/airflow/.local/lib/python3.12/site-packages/airflow/example_dags/example_branch_operator_decorator.py took 0.401 seconds
[2025-03-03T19:31:25.062+0000] {processor.py:186} INFO - Started process (PID=8030) to work on /home/airflow/.local/lib/python3.12/site-packages/airflow/example_dags/example_branch_operator_decorator.py
[2025-03-03T19:31:25.064+0000] {processor.py:914} INFO - Processing file /home/airflow/.local/lib/python3.12/site-packages/airflow/example_dags/example_branch_operator_decorator.py for tasks to queue
[2025-03-03T19:31:25.073+0000] {logging_mixin.py:190} INFO - [2025-03-03T19:31:25.071+0000] {dagbag.py:588} INFO - Filling up the DagBag from /home/airflow/.local/lib/python3.12/site-packages/airflow/example_dags/example_branch_operator_decorator.py
[2025-03-03T19:31:25.141+0000] {processor.py:925} INFO - DAG(s) 'example_branch_python_operator_decorator' retrieved from /home/airflow/.local/lib/python3.12/site-packages/airflow/example_dags/example_branch_operator_decorator.py
[2025-03-03T19:31:25.232+0000] {logging_mixin.py:190} INFO - [2025-03-03T19:31:25.232+0000] {dag.py:3239} INFO - Sync 1 DAGs
[2025-03-03T19:31:25.287+0000] {logging_mixin.py:190} INFO - [2025-03-03T19:31:25.286+0000] {dag.py:4180} INFO - Setting next_dagrun for example_branch_python_operator_decorator to 2025-03-02 00:00:00+00:00, run_after=2025-03-03 00:00:00+00:00
[2025-03-03T19:31:25.327+0000] {processor.py:208} INFO - Processing /home/airflow/.local/lib/python3.12/site-packages/airflow/example_dags/example_branch_operator_decorator.py took 0.279 seconds
[2025-03-03T19:31:55.701+0000] {processor.py:186} INFO - Started process (PID=8328) to work on /home/airflow/.local/lib/python3.12/site-packages/airflow/example_dags/example_branch_operator_decorator.py
[2025-03-03T19:31:55.707+0000] {processor.py:914} INFO - Processing file /home/airflow/.local/lib/python3.12/site-packages/airflow/example_dags/example_branch_operator_decorator.py for tasks to queue
[2025-03-03T19:31:55.719+0000] {logging_mixin.py:190} INFO - [2025-03-03T19:31:55.718+0000] {dagbag.py:588} INFO - Filling up the DagBag from /home/airflow/.local/lib/python3.12/site-packages/airflow/example_dags/example_branch_operator_decorator.py
[2025-03-03T19:31:55.801+0000] {processor.py:925} INFO - DAG(s) 'example_branch_python_operator_decorator' retrieved from /home/airflow/.local/lib/python3.12/site-packages/airflow/example_dags/example_branch_operator_decorator.py
[2025-03-03T19:31:55.885+0000] {logging_mixin.py:190} INFO - [2025-03-03T19:31:55.885+0000] {dag.py:3239} INFO - Sync 1 DAGs
[2025-03-03T19:31:56.007+0000] {logging_mixin.py:190} INFO - [2025-03-03T19:31:56.006+0000] {dag.py:4180} INFO - Setting next_dagrun for example_branch_python_operator_decorator to 2025-03-02 00:00:00+00:00, run_after=2025-03-03 00:00:00+00:00
[2025-03-03T19:31:56.121+0000] {processor.py:208} INFO - Processing /home/airflow/.local/lib/python3.12/site-packages/airflow/example_dags/example_branch_operator_decorator.py took 0.450 seconds
[2025-03-03T19:32:26.535+0000] {processor.py:186} INFO - Started process (PID=8651) to work on /home/airflow/.local/lib/python3.12/site-packages/airflow/example_dags/example_branch_operator_decorator.py
[2025-03-03T19:32:26.538+0000] {processor.py:914} INFO - Processing file /home/airflow/.local/lib/python3.12/site-packages/airflow/example_dags/example_branch_operator_decorator.py for tasks to queue
[2025-03-03T19:32:26.548+0000] {logging_mixin.py:190} INFO - [2025-03-03T19:32:26.547+0000] {dagbag.py:588} INFO - Filling up the DagBag from /home/airflow/.local/lib/python3.12/site-packages/airflow/example_dags/example_branch_operator_decorator.py
[2025-03-03T19:32:26.614+0000] {processor.py:925} INFO - DAG(s) 'example_branch_python_operator_decorator' retrieved from /home/airflow/.local/lib/python3.12/site-packages/airflow/example_dags/example_branch_operator_decorator.py
[2025-03-03T19:32:26.727+0000] {logging_mixin.py:190} INFO - [2025-03-03T19:32:26.726+0000] {dag.py:3239} INFO - Sync 1 DAGs
[2025-03-03T19:32:26.855+0000] {logging_mixin.py:190} INFO - [2025-03-03T19:32:26.855+0000] {dag.py:4180} INFO - Setting next_dagrun for example_branch_python_operator_decorator to 2025-03-02 00:00:00+00:00, run_after=2025-03-03 00:00:00+00:00
[2025-03-03T19:32:26.932+0000] {processor.py:208} INFO - Processing /home/airflow/.local/lib/python3.12/site-packages/airflow/example_dags/example_branch_operator_decorator.py took 0.414 seconds
[2025-03-03T19:32:57.639+0000] {processor.py:186} INFO - Started process (PID=8947) to work on /home/airflow/.local/lib/python3.12/site-packages/airflow/example_dags/example_branch_operator_decorator.py
[2025-03-03T19:32:57.641+0000] {processor.py:914} INFO - Processing file /home/airflow/.local/lib/python3.12/site-packages/airflow/example_dags/example_branch_operator_decorator.py for tasks to queue
[2025-03-03T19:32:57.648+0000] {logging_mixin.py:190} INFO - [2025-03-03T19:32:57.647+0000] {dagbag.py:588} INFO - Filling up the DagBag from /home/airflow/.local/lib/python3.12/site-packages/airflow/example_dags/example_branch_operator_decorator.py
[2025-03-03T19:32:57.709+0000] {processor.py:925} INFO - DAG(s) 'example_branch_python_operator_decorator' retrieved from /home/airflow/.local/lib/python3.12/site-packages/airflow/example_dags/example_branch_operator_decorator.py
[2025-03-03T19:32:57.781+0000] {logging_mixin.py:190} INFO - [2025-03-03T19:32:57.780+0000] {dag.py:3239} INFO - Sync 1 DAGs
[2025-03-03T19:32:57.859+0000] {logging_mixin.py:190} INFO - [2025-03-03T19:32:57.858+0000] {dag.py:4180} INFO - Setting next_dagrun for example_branch_python_operator_decorator to 2025-03-02 00:00:00+00:00, run_after=2025-03-03 00:00:00+00:00
[2025-03-03T19:32:57.912+0000] {processor.py:208} INFO - Processing /home/airflow/.local/lib/python3.12/site-packages/airflow/example_dags/example_branch_operator_decorator.py took 0.285 seconds
[2025-03-03T19:33:28.254+0000] {processor.py:186} INFO - Started process (PID=9268) to work on /home/airflow/.local/lib/python3.12/site-packages/airflow/example_dags/example_branch_operator_decorator.py
[2025-03-03T19:33:28.260+0000] {processor.py:914} INFO - Processing file /home/airflow/.local/lib/python3.12/site-packages/airflow/example_dags/example_branch_operator_decorator.py for tasks to queue
[2025-03-03T19:33:28.273+0000] {logging_mixin.py:190} INFO - [2025-03-03T19:33:28.272+0000] {dagbag.py:588} INFO - Filling up the DagBag from /home/airflow/.local/lib/python3.12/site-packages/airflow/example_dags/example_branch_operator_decorator.py
[2025-03-03T19:33:28.360+0000] {processor.py:925} INFO - DAG(s) 'example_branch_python_operator_decorator' retrieved from /home/airflow/.local/lib/python3.12/site-packages/airflow/example_dags/example_branch_operator_decorator.py
[2025-03-03T19:33:28.450+0000] {logging_mixin.py:190} INFO - [2025-03-03T19:33:28.449+0000] {dag.py:3239} INFO - Sync 1 DAGs
[2025-03-03T19:33:28.526+0000] {logging_mixin.py:190} INFO - [2025-03-03T19:33:28.525+0000] {dag.py:4180} INFO - Setting next_dagrun for example_branch_python_operator_decorator to 2025-03-02 00:00:00+00:00, run_after=2025-03-03 00:00:00+00:00
[2025-03-03T19:33:28.577+0000] {processor.py:208} INFO - Processing /home/airflow/.local/lib/python3.12/site-packages/airflow/example_dags/example_branch_operator_decorator.py took 0.341 seconds
[2025-03-03T19:33:58.931+0000] {processor.py:186} INFO - Started process (PID=9569) to work on /home/airflow/.local/lib/python3.12/site-packages/airflow/example_dags/example_branch_operator_decorator.py
[2025-03-03T19:33:58.933+0000] {processor.py:914} INFO - Processing file /home/airflow/.local/lib/python3.12/site-packages/airflow/example_dags/example_branch_operator_decorator.py for tasks to queue
[2025-03-03T19:33:58.941+0000] {logging_mixin.py:190} INFO - [2025-03-03T19:33:58.940+0000] {dagbag.py:588} INFO - Filling up the DagBag from /home/airflow/.local/lib/python3.12/site-packages/airflow/example_dags/example_branch_operator_decorator.py
[2025-03-03T19:33:59.008+0000] {processor.py:925} INFO - DAG(s) 'example_branch_python_operator_decorator' retrieved from /home/airflow/.local/lib/python3.12/site-packages/airflow/example_dags/example_branch_operator_decorator.py
[2025-03-03T19:33:59.095+0000] {logging_mixin.py:190} INFO - [2025-03-03T19:33:59.094+0000] {dag.py:3239} INFO - Sync 1 DAGs
[2025-03-03T19:33:59.197+0000] {logging_mixin.py:190} INFO - [2025-03-03T19:33:59.196+0000] {dag.py:4180} INFO - Setting next_dagrun for example_branch_python_operator_decorator to 2025-03-02 00:00:00+00:00, run_after=2025-03-03 00:00:00+00:00
[2025-03-03T19:33:59.260+0000] {processor.py:208} INFO - Processing /home/airflow/.local/lib/python3.12/site-packages/airflow/example_dags/example_branch_operator_decorator.py took 0.346 seconds
[2025-03-03T19:34:35.119+0000] {processor.py:186} INFO - Started process (PID=9892) to work on /home/airflow/.local/lib/python3.12/site-packages/airflow/example_dags/example_branch_operator_decorator.py
[2025-03-03T19:34:35.132+0000] {processor.py:914} INFO - Processing file /home/airflow/.local/lib/python3.12/site-packages/airflow/example_dags/example_branch_operator_decorator.py for tasks to queue
[2025-03-03T19:34:35.143+0000] {logging_mixin.py:190} INFO - [2025-03-03T19:34:35.142+0000] {dagbag.py:588} INFO - Filling up the DagBag from /home/airflow/.local/lib/python3.12/site-packages/airflow/example_dags/example_branch_operator_decorator.py
[2025-03-03T19:34:35.244+0000] {processor.py:925} INFO - DAG(s) 'example_branch_python_operator_decorator' retrieved from /home/airflow/.local/lib/python3.12/site-packages/airflow/example_dags/example_branch_operator_decorator.py
[2025-03-03T19:34:35.342+0000] {logging_mixin.py:190} INFO - [2025-03-03T19:34:35.341+0000] {dag.py:3239} INFO - Sync 1 DAGs
[2025-03-03T19:34:35.432+0000] {logging_mixin.py:190} INFO - [2025-03-03T19:34:35.431+0000] {dag.py:4180} INFO - Setting next_dagrun for example_branch_python_operator_decorator to 2025-03-02 00:00:00+00:00, run_after=2025-03-03 00:00:00+00:00
[2025-03-03T19:34:36.024+0000] {processor.py:208} INFO - Processing /home/airflow/.local/lib/python3.12/site-packages/airflow/example_dags/example_branch_operator_decorator.py took 0.926 seconds
[2025-03-03T19:35:06.725+0000] {processor.py:186} INFO - Started process (PID=10206) to work on /home/airflow/.local/lib/python3.12/site-packages/airflow/example_dags/example_branch_operator_decorator.py
[2025-03-03T19:35:06.727+0000] {processor.py:914} INFO - Processing file /home/airflow/.local/lib/python3.12/site-packages/airflow/example_dags/example_branch_operator_decorator.py for tasks to queue
[2025-03-03T19:35:06.735+0000] {logging_mixin.py:190} INFO - [2025-03-03T19:35:06.734+0000] {dagbag.py:588} INFO - Filling up the DagBag from /home/airflow/.local/lib/python3.12/site-packages/airflow/example_dags/example_branch_operator_decorator.py
[2025-03-03T19:35:06.837+0000] {processor.py:925} INFO - DAG(s) 'example_branch_python_operator_decorator' retrieved from /home/airflow/.local/lib/python3.12/site-packages/airflow/example_dags/example_branch_operator_decorator.py
[2025-03-03T19:35:06.970+0000] {logging_mixin.py:190} INFO - [2025-03-03T19:35:06.969+0000] {dag.py:3239} INFO - Sync 1 DAGs
[2025-03-03T19:35:07.059+0000] {logging_mixin.py:190} INFO - [2025-03-03T19:35:07.058+0000] {dag.py:4180} INFO - Setting next_dagrun for example_branch_python_operator_decorator to 2025-03-02 00:00:00+00:00, run_after=2025-03-03 00:00:00+00:00
[2025-03-03T19:35:07.212+0000] {processor.py:208} INFO - Processing /home/airflow/.local/lib/python3.12/site-packages/airflow/example_dags/example_branch_operator_decorator.py took 0.507 seconds
