[2025-03-03T19:17:49.523+0000] {processor.py:186} INFO - Started process (PID=355) to work on /home/airflow/.local/lib/python3.12/site-packages/airflow/example_dags/example_complex.py
[2025-03-03T19:17:49.528+0000] {processor.py:914} INFO - Processing file /home/airflow/.local/lib/python3.12/site-packages/airflow/example_dags/example_complex.py for tasks to queue
[2025-03-03T19:17:49.544+0000] {logging_mixin.py:190} INFO - [2025-03-03T19:17:49.543+0000] {dagbag.py:588} INFO - Filling up the DagBag from /home/airflow/.local/lib/python3.12/site-packages/airflow/example_dags/example_complex.py
[2025-03-03T19:17:49.645+0000] {processor.py:925} INFO - DAG(s) 'example_complex' retrieved from /home/airflow/.local/lib/python3.12/site-packages/airflow/example_dags/example_complex.py
[2025-03-03T19:17:49.822+0000] {logging_mixin.py:190} INFO - [2025-03-03T19:17:49.821+0000] {dag.py:3239} INFO - Sync 1 DAGs
[2025-03-03T19:17:49.876+0000] {logging_mixin.py:190} INFO - [2025-03-03T19:17:49.876+0000] {dag.py:4180} INFO - Setting next_dagrun for example_complex to None, run_after=None
[2025-03-03T19:17:50.002+0000] {processor.py:208} INFO - Processing /home/airflow/.local/lib/python3.12/site-packages/airflow/example_dags/example_complex.py took 0.497 seconds
[2025-03-03T19:18:20.187+0000] {processor.py:186} INFO - Started process (PID=654) to work on /home/airflow/.local/lib/python3.12/site-packages/airflow/example_dags/example_complex.py
[2025-03-03T19:18:20.190+0000] {processor.py:914} INFO - Processing file /home/airflow/.local/lib/python3.12/site-packages/airflow/example_dags/example_complex.py for tasks to queue
[2025-03-03T19:18:20.202+0000] {logging_mixin.py:190} INFO - [2025-03-03T19:18:20.201+0000] {dagbag.py:588} INFO - Filling up the DagBag from /home/airflow/.local/lib/python3.12/site-packages/airflow/example_dags/example_complex.py
[2025-03-03T19:18:20.249+0000] {processor.py:925} INFO - DAG(s) 'example_complex' retrieved from /home/airflow/.local/lib/python3.12/site-packages/airflow/example_dags/example_complex.py
[2025-03-03T19:18:20.380+0000] {logging_mixin.py:190} INFO - [2025-03-03T19:18:20.379+0000] {dag.py:3239} INFO - Sync 1 DAGs
[2025-03-03T19:18:20.446+0000] {logging_mixin.py:190} INFO - [2025-03-03T19:18:20.445+0000] {dag.py:4180} INFO - Setting next_dagrun for example_complex to None, run_after=None
[2025-03-03T19:18:20.544+0000] {processor.py:208} INFO - Processing /home/airflow/.local/lib/python3.12/site-packages/airflow/example_dags/example_complex.py took 0.373 seconds
[2025-03-03T19:18:52.730+0000] {processor.py:186} INFO - Started process (PID=959) to work on /home/airflow/.local/lib/python3.12/site-packages/airflow/example_dags/example_complex.py
[2025-03-03T19:18:52.743+0000] {processor.py:914} INFO - Processing file /home/airflow/.local/lib/python3.12/site-packages/airflow/example_dags/example_complex.py for tasks to queue
[2025-03-03T19:18:52.798+0000] {logging_mixin.py:190} INFO - [2025-03-03T19:18:52.787+0000] {dagbag.py:588} INFO - Filling up the DagBag from /home/airflow/.local/lib/python3.12/site-packages/airflow/example_dags/example_complex.py
[2025-03-03T19:18:52.889+0000] {processor.py:925} INFO - DAG(s) 'example_complex' retrieved from /home/airflow/.local/lib/python3.12/site-packages/airflow/example_dags/example_complex.py
[2025-03-03T19:18:53.110+0000] {logging_mixin.py:190} INFO - [2025-03-03T19:18:53.110+0000] {dag.py:3239} INFO - Sync 1 DAGs
[2025-03-03T19:18:53.166+0000] {logging_mixin.py:190} INFO - [2025-03-03T19:18:53.166+0000] {dag.py:4180} INFO - Setting next_dagrun for example_complex to None, run_after=None
[2025-03-03T19:18:53.460+0000] {processor.py:208} INFO - Processing /home/airflow/.local/lib/python3.12/site-packages/airflow/example_dags/example_complex.py took 0.779 seconds
[2025-03-03T19:19:25.217+0000] {processor.py:186} INFO - Started process (PID=1264) to work on /home/airflow/.local/lib/python3.12/site-packages/airflow/example_dags/example_complex.py
[2025-03-03T19:19:25.276+0000] {processor.py:914} INFO - Processing file /home/airflow/.local/lib/python3.12/site-packages/airflow/example_dags/example_complex.py for tasks to queue
[2025-03-03T19:19:25.284+0000] {logging_mixin.py:190} INFO - [2025-03-03T19:19:25.283+0000] {dagbag.py:588} INFO - Filling up the DagBag from /home/airflow/.local/lib/python3.12/site-packages/airflow/example_dags/example_complex.py
[2025-03-03T19:19:25.349+0000] {processor.py:925} INFO - DAG(s) 'example_complex' retrieved from /home/airflow/.local/lib/python3.12/site-packages/airflow/example_dags/example_complex.py
[2025-03-03T19:19:25.438+0000] {logging_mixin.py:190} INFO - [2025-03-03T19:19:25.437+0000] {dag.py:3239} INFO - Sync 1 DAGs
[2025-03-03T19:19:25.738+0000] {logging_mixin.py:190} INFO - [2025-03-03T19:19:25.737+0000] {dag.py:4180} INFO - Setting next_dagrun for example_complex to None, run_after=None
[2025-03-03T19:19:31.580+0000] {processor.py:208} INFO - Processing /home/airflow/.local/lib/python3.12/site-packages/airflow/example_dags/example_complex.py took 6.382 seconds
[2025-03-03T19:20:02.453+0000] {processor.py:186} INFO - Started process (PID=1569) to work on /home/airflow/.local/lib/python3.12/site-packages/airflow/example_dags/example_complex.py
[2025-03-03T19:20:02.460+0000] {processor.py:914} INFO - Processing file /home/airflow/.local/lib/python3.12/site-packages/airflow/example_dags/example_complex.py for tasks to queue
[2025-03-03T19:20:02.486+0000] {logging_mixin.py:190} INFO - [2025-03-03T19:20:02.485+0000] {dagbag.py:588} INFO - Filling up the DagBag from /home/airflow/.local/lib/python3.12/site-packages/airflow/example_dags/example_complex.py
[2025-03-03T19:20:02.611+0000] {processor.py:925} INFO - DAG(s) 'example_complex' retrieved from /home/airflow/.local/lib/python3.12/site-packages/airflow/example_dags/example_complex.py
[2025-03-03T19:20:03.159+0000] {logging_mixin.py:190} INFO - [2025-03-03T19:20:03.155+0000] {dag.py:3239} INFO - Sync 1 DAGs
[2025-03-03T19:20:03.347+0000] {logging_mixin.py:190} INFO - [2025-03-03T19:20:03.347+0000] {dag.py:4180} INFO - Setting next_dagrun for example_complex to None, run_after=None
[2025-03-03T19:20:03.655+0000] {processor.py:208} INFO - Processing /home/airflow/.local/lib/python3.12/site-packages/airflow/example_dags/example_complex.py took 1.231 seconds
[2025-03-03T19:20:38.302+0000] {processor.py:186} INFO - Started process (PID=1880) to work on /home/airflow/.local/lib/python3.12/site-packages/airflow/example_dags/example_complex.py
[2025-03-03T19:20:38.311+0000] {processor.py:914} INFO - Processing file /home/airflow/.local/lib/python3.12/site-packages/airflow/example_dags/example_complex.py for tasks to queue
[2025-03-03T19:20:38.336+0000] {logging_mixin.py:190} INFO - [2025-03-03T19:20:38.335+0000] {dagbag.py:588} INFO - Filling up the DagBag from /home/airflow/.local/lib/python3.12/site-packages/airflow/example_dags/example_complex.py
[2025-03-03T19:20:38.431+0000] {processor.py:925} INFO - DAG(s) 'example_complex' retrieved from /home/airflow/.local/lib/python3.12/site-packages/airflow/example_dags/example_complex.py
[2025-03-03T19:20:38.565+0000] {logging_mixin.py:190} INFO - [2025-03-03T19:20:38.564+0000] {dag.py:3239} INFO - Sync 1 DAGs
[2025-03-03T19:20:38.615+0000] {logging_mixin.py:190} INFO - [2025-03-03T19:20:38.614+0000] {dag.py:4180} INFO - Setting next_dagrun for example_complex to None, run_after=None
[2025-03-03T19:20:38.784+0000] {processor.py:208} INFO - Processing /home/airflow/.local/lib/python3.12/site-packages/airflow/example_dags/example_complex.py took 0.513 seconds
[2025-03-03T19:21:09.856+0000] {processor.py:186} INFO - Started process (PID=2173) to work on /home/airflow/.local/lib/python3.12/site-packages/airflow/example_dags/example_complex.py
[2025-03-03T19:21:09.860+0000] {processor.py:914} INFO - Processing file /home/airflow/.local/lib/python3.12/site-packages/airflow/example_dags/example_complex.py for tasks to queue
[2025-03-03T19:21:09.883+0000] {logging_mixin.py:190} INFO - [2025-03-03T19:21:09.879+0000] {dagbag.py:588} INFO - Filling up the DagBag from /home/airflow/.local/lib/python3.12/site-packages/airflow/example_dags/example_complex.py
[2025-03-03T19:21:09.968+0000] {processor.py:925} INFO - DAG(s) 'example_complex' retrieved from /home/airflow/.local/lib/python3.12/site-packages/airflow/example_dags/example_complex.py
[2025-03-03T19:21:10.103+0000] {logging_mixin.py:190} INFO - [2025-03-03T19:21:10.103+0000] {dag.py:3239} INFO - Sync 1 DAGs
[2025-03-03T19:21:10.174+0000] {logging_mixin.py:190} INFO - [2025-03-03T19:21:10.173+0000] {dag.py:4180} INFO - Setting next_dagrun for example_complex to None, run_after=None
[2025-03-03T19:21:10.359+0000] {processor.py:208} INFO - Processing /home/airflow/.local/lib/python3.12/site-packages/airflow/example_dags/example_complex.py took 0.529 seconds
[2025-03-03T19:21:52.442+0000] {processor.py:186} INFO - Started process (PID=2461) to work on /home/airflow/.local/lib/python3.12/site-packages/airflow/example_dags/example_complex.py
[2025-03-03T19:21:52.445+0000] {processor.py:914} INFO - Processing file /home/airflow/.local/lib/python3.12/site-packages/airflow/example_dags/example_complex.py for tasks to queue
[2025-03-03T19:21:52.460+0000] {logging_mixin.py:190} INFO - [2025-03-03T19:21:52.459+0000] {dagbag.py:588} INFO - Filling up the DagBag from /home/airflow/.local/lib/python3.12/site-packages/airflow/example_dags/example_complex.py
[2025-03-03T19:21:52.534+0000] {processor.py:925} INFO - DAG(s) 'example_complex' retrieved from /home/airflow/.local/lib/python3.12/site-packages/airflow/example_dags/example_complex.py
[2025-03-03T19:21:52.705+0000] {logging_mixin.py:190} INFO - [2025-03-03T19:21:52.705+0000] {dag.py:3239} INFO - Sync 1 DAGs
[2025-03-03T19:21:52.776+0000] {logging_mixin.py:190} INFO - [2025-03-03T19:21:52.775+0000] {dag.py:4180} INFO - Setting next_dagrun for example_complex to None, run_after=None
[2025-03-03T19:21:53.070+0000] {processor.py:208} INFO - Processing /home/airflow/.local/lib/python3.12/site-packages/airflow/example_dags/example_complex.py took 0.650 seconds
[2025-03-03T19:22:23.354+0000] {processor.py:186} INFO - Started process (PID=2760) to work on /home/airflow/.local/lib/python3.12/site-packages/airflow/example_dags/example_complex.py
[2025-03-03T19:22:23.359+0000] {processor.py:914} INFO - Processing file /home/airflow/.local/lib/python3.12/site-packages/airflow/example_dags/example_complex.py for tasks to queue
[2025-03-03T19:22:23.379+0000] {logging_mixin.py:190} INFO - [2025-03-03T19:22:23.377+0000] {dagbag.py:588} INFO - Filling up the DagBag from /home/airflow/.local/lib/python3.12/site-packages/airflow/example_dags/example_complex.py
[2025-03-03T19:22:23.445+0000] {processor.py:925} INFO - DAG(s) 'example_complex' retrieved from /home/airflow/.local/lib/python3.12/site-packages/airflow/example_dags/example_complex.py
[2025-03-03T19:22:23.537+0000] {logging_mixin.py:190} INFO - [2025-03-03T19:22:23.536+0000] {dag.py:3239} INFO - Sync 1 DAGs
[2025-03-03T19:22:23.579+0000] {logging_mixin.py:190} INFO - [2025-03-03T19:22:23.578+0000] {dag.py:4180} INFO - Setting next_dagrun for example_complex to None, run_after=None
[2025-03-03T19:22:23.669+0000] {processor.py:208} INFO - Processing /home/airflow/.local/lib/python3.12/site-packages/airflow/example_dags/example_complex.py took 0.357 seconds
[2025-03-03T19:22:54.243+0000] {processor.py:186} INFO - Started process (PID=3085) to work on /home/airflow/.local/lib/python3.12/site-packages/airflow/example_dags/example_complex.py
[2025-03-03T19:22:54.246+0000] {processor.py:914} INFO - Processing file /home/airflow/.local/lib/python3.12/site-packages/airflow/example_dags/example_complex.py for tasks to queue
[2025-03-03T19:22:54.257+0000] {logging_mixin.py:190} INFO - [2025-03-03T19:22:54.256+0000] {dagbag.py:588} INFO - Filling up the DagBag from /home/airflow/.local/lib/python3.12/site-packages/airflow/example_dags/example_complex.py
[2025-03-03T19:22:54.308+0000] {processor.py:925} INFO - DAG(s) 'example_complex' retrieved from /home/airflow/.local/lib/python3.12/site-packages/airflow/example_dags/example_complex.py
[2025-03-03T19:22:54.423+0000] {logging_mixin.py:190} INFO - [2025-03-03T19:22:54.422+0000] {dag.py:3239} INFO - Sync 1 DAGs
[2025-03-03T19:22:54.457+0000] {logging_mixin.py:190} INFO - [2025-03-03T19:22:54.457+0000] {dag.py:4180} INFO - Setting next_dagrun for example_complex to None, run_after=None
[2025-03-03T19:22:54.521+0000] {processor.py:208} INFO - Processing /home/airflow/.local/lib/python3.12/site-packages/airflow/example_dags/example_complex.py took 0.293 seconds
[2025-03-03T19:23:24.877+0000] {processor.py:186} INFO - Started process (PID=3382) to work on /home/airflow/.local/lib/python3.12/site-packages/airflow/example_dags/example_complex.py
[2025-03-03T19:23:24.886+0000] {processor.py:914} INFO - Processing file /home/airflow/.local/lib/python3.12/site-packages/airflow/example_dags/example_complex.py for tasks to queue
[2025-03-03T19:23:24.904+0000] {logging_mixin.py:190} INFO - [2025-03-03T19:23:24.902+0000] {dagbag.py:588} INFO - Filling up the DagBag from /home/airflow/.local/lib/python3.12/site-packages/airflow/example_dags/example_complex.py
[2025-03-03T19:23:24.965+0000] {processor.py:925} INFO - DAG(s) 'example_complex' retrieved from /home/airflow/.local/lib/python3.12/site-packages/airflow/example_dags/example_complex.py
[2025-03-03T19:23:25.083+0000] {logging_mixin.py:190} INFO - [2025-03-03T19:23:25.082+0000] {dag.py:3239} INFO - Sync 1 DAGs
[2025-03-03T19:23:25.140+0000] {logging_mixin.py:190} INFO - [2025-03-03T19:23:25.139+0000] {dag.py:4180} INFO - Setting next_dagrun for example_complex to None, run_after=None
[2025-03-03T19:23:25.236+0000] {processor.py:208} INFO - Processing /home/airflow/.local/lib/python3.12/site-packages/airflow/example_dags/example_complex.py took 0.384 seconds
[2025-03-03T19:23:58.367+0000] {processor.py:186} INFO - Started process (PID=3703) to work on /home/airflow/.local/lib/python3.12/site-packages/airflow/example_dags/example_complex.py
[2025-03-03T19:23:58.381+0000] {processor.py:914} INFO - Processing file /home/airflow/.local/lib/python3.12/site-packages/airflow/example_dags/example_complex.py for tasks to queue
[2025-03-03T19:23:58.394+0000] {logging_mixin.py:190} INFO - [2025-03-03T19:23:58.392+0000] {dagbag.py:588} INFO - Filling up the DagBag from /home/airflow/.local/lib/python3.12/site-packages/airflow/example_dags/example_complex.py
[2025-03-03T19:23:58.481+0000] {processor.py:925} INFO - DAG(s) 'example_complex' retrieved from /home/airflow/.local/lib/python3.12/site-packages/airflow/example_dags/example_complex.py
[2025-03-03T19:23:58.697+0000] {logging_mixin.py:190} INFO - [2025-03-03T19:23:58.696+0000] {dag.py:3239} INFO - Sync 1 DAGs
[2025-03-03T19:23:58.771+0000] {logging_mixin.py:190} INFO - [2025-03-03T19:23:58.771+0000] {dag.py:4180} INFO - Setting next_dagrun for example_complex to None, run_after=None
[2025-03-03T19:23:58.894+0000] {processor.py:208} INFO - Processing /home/airflow/.local/lib/python3.12/site-packages/airflow/example_dags/example_complex.py took 0.561 seconds
[2025-03-03T19:24:29.436+0000] {processor.py:186} INFO - Started process (PID=4012) to work on /home/airflow/.local/lib/python3.12/site-packages/airflow/example_dags/example_complex.py
[2025-03-03T19:24:29.440+0000] {processor.py:914} INFO - Processing file /home/airflow/.local/lib/python3.12/site-packages/airflow/example_dags/example_complex.py for tasks to queue
[2025-03-03T19:24:29.446+0000] {logging_mixin.py:190} INFO - [2025-03-03T19:24:29.445+0000] {dagbag.py:588} INFO - Filling up the DagBag from /home/airflow/.local/lib/python3.12/site-packages/airflow/example_dags/example_complex.py
[2025-03-03T19:24:29.480+0000] {processor.py:925} INFO - DAG(s) 'example_complex' retrieved from /home/airflow/.local/lib/python3.12/site-packages/airflow/example_dags/example_complex.py
[2025-03-03T19:24:29.567+0000] {logging_mixin.py:190} INFO - [2025-03-03T19:24:29.567+0000] {dag.py:3239} INFO - Sync 1 DAGs
[2025-03-03T19:24:29.609+0000] {logging_mixin.py:190} INFO - [2025-03-03T19:24:29.609+0000] {dag.py:4180} INFO - Setting next_dagrun for example_complex to None, run_after=None
[2025-03-03T19:24:29.664+0000] {processor.py:208} INFO - Processing /home/airflow/.local/lib/python3.12/site-packages/airflow/example_dags/example_complex.py took 0.243 seconds
[2025-03-03T19:25:06.970+0000] {processor.py:186} INFO - Started process (PID=4341) to work on /home/airflow/.local/lib/python3.12/site-packages/airflow/example_dags/example_complex.py
[2025-03-03T19:25:06.973+0000] {processor.py:914} INFO - Processing file /home/airflow/.local/lib/python3.12/site-packages/airflow/example_dags/example_complex.py for tasks to queue
[2025-03-03T19:25:06.980+0000] {logging_mixin.py:190} INFO - [2025-03-03T19:25:06.979+0000] {dagbag.py:588} INFO - Filling up the DagBag from /home/airflow/.local/lib/python3.12/site-packages/airflow/example_dags/example_complex.py
[2025-03-03T19:25:07.011+0000] {processor.py:925} INFO - DAG(s) 'example_complex' retrieved from /home/airflow/.local/lib/python3.12/site-packages/airflow/example_dags/example_complex.py
[2025-03-03T19:25:07.085+0000] {logging_mixin.py:190} INFO - [2025-03-03T19:25:07.085+0000] {dag.py:3239} INFO - Sync 1 DAGs
[2025-03-03T19:25:07.129+0000] {logging_mixin.py:190} INFO - [2025-03-03T19:25:07.128+0000] {dag.py:4180} INFO - Setting next_dagrun for example_complex to None, run_after=None
[2025-03-03T19:25:07.611+0000] {processor.py:208} INFO - Processing /home/airflow/.local/lib/python3.12/site-packages/airflow/example_dags/example_complex.py took 0.656 seconds
[2025-03-03T19:25:37.929+0000] {processor.py:186} INFO - Started process (PID=4648) to work on /home/airflow/.local/lib/python3.12/site-packages/airflow/example_dags/example_complex.py
[2025-03-03T19:25:37.933+0000] {processor.py:914} INFO - Processing file /home/airflow/.local/lib/python3.12/site-packages/airflow/example_dags/example_complex.py for tasks to queue
[2025-03-03T19:25:37.940+0000] {logging_mixin.py:190} INFO - [2025-03-03T19:25:37.939+0000] {dagbag.py:588} INFO - Filling up the DagBag from /home/airflow/.local/lib/python3.12/site-packages/airflow/example_dags/example_complex.py
[2025-03-03T19:25:37.973+0000] {processor.py:925} INFO - DAG(s) 'example_complex' retrieved from /home/airflow/.local/lib/python3.12/site-packages/airflow/example_dags/example_complex.py
[2025-03-03T19:25:38.066+0000] {logging_mixin.py:190} INFO - [2025-03-03T19:25:38.066+0000] {dag.py:3239} INFO - Sync 1 DAGs
[2025-03-03T19:25:38.101+0000] {logging_mixin.py:190} INFO - [2025-03-03T19:25:38.101+0000] {dag.py:4180} INFO - Setting next_dagrun for example_complex to None, run_after=None
[2025-03-03T19:25:38.145+0000] {processor.py:208} INFO - Processing /home/airflow/.local/lib/python3.12/site-packages/airflow/example_dags/example_complex.py took 0.231 seconds
[2025-03-03T19:26:12.974+0000] {processor.py:186} INFO - Started process (PID=4967) to work on /home/airflow/.local/lib/python3.12/site-packages/airflow/example_dags/example_complex.py
[2025-03-03T19:26:12.980+0000] {processor.py:914} INFO - Processing file /home/airflow/.local/lib/python3.12/site-packages/airflow/example_dags/example_complex.py for tasks to queue
[2025-03-03T19:26:13.002+0000] {logging_mixin.py:190} INFO - [2025-03-03T19:26:13.001+0000] {dagbag.py:588} INFO - Filling up the DagBag from /home/airflow/.local/lib/python3.12/site-packages/airflow/example_dags/example_complex.py
[2025-03-03T19:26:13.159+0000] {processor.py:925} INFO - DAG(s) 'example_complex' retrieved from /home/airflow/.local/lib/python3.12/site-packages/airflow/example_dags/example_complex.py
[2025-03-03T19:26:13.650+0000] {logging_mixin.py:190} INFO - [2025-03-03T19:26:13.649+0000] {dag.py:3239} INFO - Sync 1 DAGs
[2025-03-03T19:26:13.812+0000] {logging_mixin.py:190} INFO - [2025-03-03T19:26:13.811+0000] {dag.py:4180} INFO - Setting next_dagrun for example_complex to None, run_after=None
[2025-03-03T19:26:14.116+0000] {processor.py:208} INFO - Processing /home/airflow/.local/lib/python3.12/site-packages/airflow/example_dags/example_complex.py took 1.185 seconds
[2025-03-03T19:26:45.064+0000] {processor.py:186} INFO - Started process (PID=5284) to work on /home/airflow/.local/lib/python3.12/site-packages/airflow/example_dags/example_complex.py
[2025-03-03T19:26:45.066+0000] {processor.py:914} INFO - Processing file /home/airflow/.local/lib/python3.12/site-packages/airflow/example_dags/example_complex.py for tasks to queue
[2025-03-03T19:26:45.074+0000] {logging_mixin.py:190} INFO - [2025-03-03T19:26:45.073+0000] {dagbag.py:588} INFO - Filling up the DagBag from /home/airflow/.local/lib/python3.12/site-packages/airflow/example_dags/example_complex.py
[2025-03-03T19:26:45.113+0000] {processor.py:925} INFO - DAG(s) 'example_complex' retrieved from /home/airflow/.local/lib/python3.12/site-packages/airflow/example_dags/example_complex.py
[2025-03-03T19:26:45.176+0000] {logging_mixin.py:190} INFO - [2025-03-03T19:26:45.176+0000] {dag.py:3239} INFO - Sync 1 DAGs
[2025-03-03T19:26:45.211+0000] {logging_mixin.py:190} INFO - [2025-03-03T19:26:45.210+0000] {dag.py:4180} INFO - Setting next_dagrun for example_complex to None, run_after=None
[2025-03-03T19:26:45.276+0000] {processor.py:208} INFO - Processing /home/airflow/.local/lib/python3.12/site-packages/airflow/example_dags/example_complex.py took 0.223 seconds
[2025-03-03T19:27:15.641+0000] {processor.py:186} INFO - Started process (PID=5581) to work on /home/airflow/.local/lib/python3.12/site-packages/airflow/example_dags/example_complex.py
[2025-03-03T19:27:15.646+0000] {processor.py:914} INFO - Processing file /home/airflow/.local/lib/python3.12/site-packages/airflow/example_dags/example_complex.py for tasks to queue
[2025-03-03T19:27:15.662+0000] {logging_mixin.py:190} INFO - [2025-03-03T19:27:15.661+0000] {dagbag.py:588} INFO - Filling up the DagBag from /home/airflow/.local/lib/python3.12/site-packages/airflow/example_dags/example_complex.py
[2025-03-03T19:27:15.749+0000] {processor.py:925} INFO - DAG(s) 'example_complex' retrieved from /home/airflow/.local/lib/python3.12/site-packages/airflow/example_dags/example_complex.py
[2025-03-03T19:27:15.916+0000] {logging_mixin.py:190} INFO - [2025-03-03T19:27:15.916+0000] {dag.py:3239} INFO - Sync 1 DAGs
[2025-03-03T19:27:15.969+0000] {logging_mixin.py:190} INFO - [2025-03-03T19:27:15.969+0000] {dag.py:4180} INFO - Setting next_dagrun for example_complex to None, run_after=None
[2025-03-03T19:27:16.054+0000] {processor.py:208} INFO - Processing /home/airflow/.local/lib/python3.12/site-packages/airflow/example_dags/example_complex.py took 0.433 seconds
[2025-03-03T19:27:46.253+0000] {processor.py:186} INFO - Started process (PID=5916) to work on /home/airflow/.local/lib/python3.12/site-packages/airflow/example_dags/example_complex.py
[2025-03-03T19:27:46.257+0000] {processor.py:914} INFO - Processing file /home/airflow/.local/lib/python3.12/site-packages/airflow/example_dags/example_complex.py for tasks to queue
[2025-03-03T19:27:46.272+0000] {logging_mixin.py:190} INFO - [2025-03-03T19:27:46.268+0000] {dagbag.py:588} INFO - Filling up the DagBag from /home/airflow/.local/lib/python3.12/site-packages/airflow/example_dags/example_complex.py
[2025-03-03T19:27:46.329+0000] {processor.py:925} INFO - DAG(s) 'example_complex' retrieved from /home/airflow/.local/lib/python3.12/site-packages/airflow/example_dags/example_complex.py
[2025-03-03T19:27:46.396+0000] {logging_mixin.py:190} INFO - [2025-03-03T19:27:46.395+0000] {dag.py:3239} INFO - Sync 1 DAGs
[2025-03-03T19:27:46.424+0000] {logging_mixin.py:190} INFO - [2025-03-03T19:27:46.424+0000] {dag.py:4180} INFO - Setting next_dagrun for example_complex to None, run_after=None
[2025-03-03T19:27:46.467+0000] {processor.py:208} INFO - Processing /home/airflow/.local/lib/python3.12/site-packages/airflow/example_dags/example_complex.py took 0.237 seconds
[2025-03-03T19:28:16.949+0000] {processor.py:186} INFO - Started process (PID=6207) to work on /home/airflow/.local/lib/python3.12/site-packages/airflow/example_dags/example_complex.py
[2025-03-03T19:28:16.954+0000] {processor.py:914} INFO - Processing file /home/airflow/.local/lib/python3.12/site-packages/airflow/example_dags/example_complex.py for tasks to queue
[2025-03-03T19:28:16.962+0000] {logging_mixin.py:190} INFO - [2025-03-03T19:28:16.961+0000] {dagbag.py:588} INFO - Filling up the DagBag from /home/airflow/.local/lib/python3.12/site-packages/airflow/example_dags/example_complex.py
[2025-03-03T19:28:17.004+0000] {processor.py:925} INFO - DAG(s) 'example_complex' retrieved from /home/airflow/.local/lib/python3.12/site-packages/airflow/example_dags/example_complex.py
[2025-03-03T19:28:17.102+0000] {logging_mixin.py:190} INFO - [2025-03-03T19:28:17.102+0000] {dag.py:3239} INFO - Sync 1 DAGs
[2025-03-03T19:28:17.142+0000] {logging_mixin.py:190} INFO - [2025-03-03T19:28:17.142+0000] {dag.py:4180} INFO - Setting next_dagrun for example_complex to None, run_after=None
[2025-03-03T19:28:17.226+0000] {processor.py:208} INFO - Processing /home/airflow/.local/lib/python3.12/site-packages/airflow/example_dags/example_complex.py took 0.305 seconds
[2025-03-03T19:28:52.019+0000] {processor.py:186} INFO - Started process (PID=6556) to work on /home/airflow/.local/lib/python3.12/site-packages/airflow/example_dags/example_complex.py
[2025-03-03T19:28:52.027+0000] {processor.py:914} INFO - Processing file /home/airflow/.local/lib/python3.12/site-packages/airflow/example_dags/example_complex.py for tasks to queue
[2025-03-03T19:28:52.044+0000] {logging_mixin.py:190} INFO - [2025-03-03T19:28:52.041+0000] {dagbag.py:588} INFO - Filling up the DagBag from /home/airflow/.local/lib/python3.12/site-packages/airflow/example_dags/example_complex.py
[2025-03-03T19:28:52.079+0000] {processor.py:925} INFO - DAG(s) 'example_complex' retrieved from /home/airflow/.local/lib/python3.12/site-packages/airflow/example_dags/example_complex.py
[2025-03-03T19:28:52.170+0000] {logging_mixin.py:190} INFO - [2025-03-03T19:28:52.170+0000] {dag.py:3239} INFO - Sync 1 DAGs
[2025-03-03T19:28:52.210+0000] {logging_mixin.py:190} INFO - [2025-03-03T19:28:52.210+0000] {dag.py:4180} INFO - Setting next_dagrun for example_complex to None, run_after=None
[2025-03-03T19:28:52.260+0000] {processor.py:208} INFO - Processing /home/airflow/.local/lib/python3.12/site-packages/airflow/example_dags/example_complex.py took 0.279 seconds
[2025-03-03T19:29:23.394+0000] {processor.py:186} INFO - Started process (PID=6827) to work on /home/airflow/.local/lib/python3.12/site-packages/airflow/example_dags/example_complex.py
[2025-03-03T19:29:23.398+0000] {processor.py:914} INFO - Processing file /home/airflow/.local/lib/python3.12/site-packages/airflow/example_dags/example_complex.py for tasks to queue
[2025-03-03T19:29:23.411+0000] {logging_mixin.py:190} INFO - [2025-03-03T19:29:23.410+0000] {dagbag.py:588} INFO - Filling up the DagBag from /home/airflow/.local/lib/python3.12/site-packages/airflow/example_dags/example_complex.py
[2025-03-03T19:29:23.478+0000] {processor.py:925} INFO - DAG(s) 'example_complex' retrieved from /home/airflow/.local/lib/python3.12/site-packages/airflow/example_dags/example_complex.py
[2025-03-03T19:29:23.610+0000] {logging_mixin.py:190} INFO - [2025-03-03T19:29:23.610+0000] {dag.py:3239} INFO - Sync 1 DAGs
[2025-03-03T19:29:23.677+0000] {logging_mixin.py:190} INFO - [2025-03-03T19:29:23.677+0000] {dag.py:4180} INFO - Setting next_dagrun for example_complex to None, run_after=None
[2025-03-03T19:29:23.815+0000] {processor.py:208} INFO - Processing /home/airflow/.local/lib/python3.12/site-packages/airflow/example_dags/example_complex.py took 0.470 seconds
[2025-03-03T19:29:57.494+0000] {processor.py:186} INFO - Started process (PID=7143) to work on /home/airflow/.local/lib/python3.12/site-packages/airflow/example_dags/example_complex.py
[2025-03-03T19:29:57.501+0000] {processor.py:914} INFO - Processing file /home/airflow/.local/lib/python3.12/site-packages/airflow/example_dags/example_complex.py for tasks to queue
[2025-03-03T19:29:57.520+0000] {logging_mixin.py:190} INFO - [2025-03-03T19:29:57.516+0000] {dagbag.py:588} INFO - Filling up the DagBag from /home/airflow/.local/lib/python3.12/site-packages/airflow/example_dags/example_complex.py
[2025-03-03T19:29:57.594+0000] {processor.py:925} INFO - DAG(s) 'example_complex' retrieved from /home/airflow/.local/lib/python3.12/site-packages/airflow/example_dags/example_complex.py
[2025-03-03T19:29:57.781+0000] {logging_mixin.py:190} INFO - [2025-03-03T19:29:57.781+0000] {dag.py:3239} INFO - Sync 1 DAGs
[2025-03-03T19:29:57.834+0000] {logging_mixin.py:190} INFO - [2025-03-03T19:29:57.834+0000] {dag.py:4180} INFO - Setting next_dagrun for example_complex to None, run_after=None
[2025-03-03T19:29:57.942+0000] {processor.py:208} INFO - Processing /home/airflow/.local/lib/python3.12/site-packages/airflow/example_dags/example_complex.py took 0.495 seconds
[2025-03-03T19:30:28.605+0000] {processor.py:186} INFO - Started process (PID=7450) to work on /home/airflow/.local/lib/python3.12/site-packages/airflow/example_dags/example_complex.py
[2025-03-03T19:30:28.607+0000] {processor.py:914} INFO - Processing file /home/airflow/.local/lib/python3.12/site-packages/airflow/example_dags/example_complex.py for tasks to queue
[2025-03-03T19:30:28.615+0000] {logging_mixin.py:190} INFO - [2025-03-03T19:30:28.614+0000] {dagbag.py:588} INFO - Filling up the DagBag from /home/airflow/.local/lib/python3.12/site-packages/airflow/example_dags/example_complex.py
[2025-03-03T19:30:28.643+0000] {processor.py:925} INFO - DAG(s) 'example_complex' retrieved from /home/airflow/.local/lib/python3.12/site-packages/airflow/example_dags/example_complex.py
[2025-03-03T19:30:28.706+0000] {logging_mixin.py:190} INFO - [2025-03-03T19:30:28.706+0000] {dag.py:3239} INFO - Sync 1 DAGs
[2025-03-03T19:30:28.732+0000] {logging_mixin.py:190} INFO - [2025-03-03T19:30:28.731+0000] {dag.py:4180} INFO - Setting next_dagrun for example_complex to None, run_after=None
[2025-03-03T19:30:28.778+0000] {processor.py:208} INFO - Processing /home/airflow/.local/lib/python3.12/site-packages/airflow/example_dags/example_complex.py took 0.190 seconds
[2025-03-03T19:30:59.331+0000] {processor.py:186} INFO - Started process (PID=7760) to work on /home/airflow/.local/lib/python3.12/site-packages/airflow/example_dags/example_complex.py
[2025-03-03T19:30:59.340+0000] {processor.py:914} INFO - Processing file /home/airflow/.local/lib/python3.12/site-packages/airflow/example_dags/example_complex.py for tasks to queue
[2025-03-03T19:30:59.363+0000] {logging_mixin.py:190} INFO - [2025-03-03T19:30:59.362+0000] {dagbag.py:588} INFO - Filling up the DagBag from /home/airflow/.local/lib/python3.12/site-packages/airflow/example_dags/example_complex.py
[2025-03-03T19:30:59.486+0000] {processor.py:925} INFO - DAG(s) 'example_complex' retrieved from /home/airflow/.local/lib/python3.12/site-packages/airflow/example_dags/example_complex.py
[2025-03-03T19:30:59.624+0000] {logging_mixin.py:190} INFO - [2025-03-03T19:30:59.621+0000] {dag.py:3239} INFO - Sync 1 DAGs
[2025-03-03T19:30:59.701+0000] {logging_mixin.py:190} INFO - [2025-03-03T19:30:59.700+0000] {dag.py:4180} INFO - Setting next_dagrun for example_complex to None, run_after=None
[2025-03-03T19:30:59.766+0000] {processor.py:208} INFO - Processing /home/airflow/.local/lib/python3.12/site-packages/airflow/example_dags/example_complex.py took 0.477 seconds
[2025-03-03T19:31:30.060+0000] {processor.py:186} INFO - Started process (PID=8068) to work on /home/airflow/.local/lib/python3.12/site-packages/airflow/example_dags/example_complex.py
[2025-03-03T19:31:30.062+0000] {processor.py:914} INFO - Processing file /home/airflow/.local/lib/python3.12/site-packages/airflow/example_dags/example_complex.py for tasks to queue
[2025-03-03T19:31:30.069+0000] {logging_mixin.py:190} INFO - [2025-03-03T19:31:30.068+0000] {dagbag.py:588} INFO - Filling up the DagBag from /home/airflow/.local/lib/python3.12/site-packages/airflow/example_dags/example_complex.py
[2025-03-03T19:31:30.110+0000] {processor.py:925} INFO - DAG(s) 'example_complex' retrieved from /home/airflow/.local/lib/python3.12/site-packages/airflow/example_dags/example_complex.py
[2025-03-03T19:31:30.181+0000] {logging_mixin.py:190} INFO - [2025-03-03T19:31:30.181+0000] {dag.py:3239} INFO - Sync 1 DAGs
[2025-03-03T19:31:30.231+0000] {logging_mixin.py:190} INFO - [2025-03-03T19:31:30.230+0000] {dag.py:4180} INFO - Setting next_dagrun for example_complex to None, run_after=None
[2025-03-03T19:31:30.339+0000] {processor.py:208} INFO - Processing /home/airflow/.local/lib/python3.12/site-packages/airflow/example_dags/example_complex.py took 0.295 seconds
[2025-03-03T19:32:00.850+0000] {processor.py:186} INFO - Started process (PID=8373) to work on /home/airflow/.local/lib/python3.12/site-packages/airflow/example_dags/example_complex.py
[2025-03-03T19:32:00.853+0000] {processor.py:914} INFO - Processing file /home/airflow/.local/lib/python3.12/site-packages/airflow/example_dags/example_complex.py for tasks to queue
[2025-03-03T19:32:00.860+0000] {logging_mixin.py:190} INFO - [2025-03-03T19:32:00.859+0000] {dagbag.py:588} INFO - Filling up the DagBag from /home/airflow/.local/lib/python3.12/site-packages/airflow/example_dags/example_complex.py
[2025-03-03T19:32:00.895+0000] {processor.py:925} INFO - DAG(s) 'example_complex' retrieved from /home/airflow/.local/lib/python3.12/site-packages/airflow/example_dags/example_complex.py
[2025-03-03T19:32:01.003+0000] {logging_mixin.py:190} INFO - [2025-03-03T19:32:01.002+0000] {dag.py:3239} INFO - Sync 1 DAGs
[2025-03-03T19:32:01.047+0000] {logging_mixin.py:190} INFO - [2025-03-03T19:32:01.046+0000] {dag.py:4180} INFO - Setting next_dagrun for example_complex to None, run_after=None
[2025-03-03T19:32:01.106+0000] {processor.py:208} INFO - Processing /home/airflow/.local/lib/python3.12/site-packages/airflow/example_dags/example_complex.py took 0.278 seconds
[2025-03-03T19:32:31.420+0000] {processor.py:186} INFO - Started process (PID=8696) to work on /home/airflow/.local/lib/python3.12/site-packages/airflow/example_dags/example_complex.py
[2025-03-03T19:32:31.422+0000] {processor.py:914} INFO - Processing file /home/airflow/.local/lib/python3.12/site-packages/airflow/example_dags/example_complex.py for tasks to queue
[2025-03-03T19:32:31.433+0000] {logging_mixin.py:190} INFO - [2025-03-03T19:32:31.432+0000] {dagbag.py:588} INFO - Filling up the DagBag from /home/airflow/.local/lib/python3.12/site-packages/airflow/example_dags/example_complex.py
[2025-03-03T19:32:31.491+0000] {processor.py:925} INFO - DAG(s) 'example_complex' retrieved from /home/airflow/.local/lib/python3.12/site-packages/airflow/example_dags/example_complex.py
[2025-03-03T19:32:31.612+0000] {logging_mixin.py:190} INFO - [2025-03-03T19:32:31.612+0000] {dag.py:3239} INFO - Sync 1 DAGs
[2025-03-03T19:32:31.663+0000] {logging_mixin.py:190} INFO - [2025-03-03T19:32:31.658+0000] {dag.py:4180} INFO - Setting next_dagrun for example_complex to None, run_after=None
[2025-03-03T19:32:31.723+0000] {processor.py:208} INFO - Processing /home/airflow/.local/lib/python3.12/site-packages/airflow/example_dags/example_complex.py took 0.321 seconds
[2025-03-03T19:33:02.209+0000] {processor.py:186} INFO - Started process (PID=8999) to work on /home/airflow/.local/lib/python3.12/site-packages/airflow/example_dags/example_complex.py
[2025-03-03T19:33:02.211+0000] {processor.py:914} INFO - Processing file /home/airflow/.local/lib/python3.12/site-packages/airflow/example_dags/example_complex.py for tasks to queue
[2025-03-03T19:33:02.226+0000] {logging_mixin.py:190} INFO - [2025-03-03T19:33:02.225+0000] {dagbag.py:588} INFO - Filling up the DagBag from /home/airflow/.local/lib/python3.12/site-packages/airflow/example_dags/example_complex.py
[2025-03-03T19:33:02.268+0000] {processor.py:925} INFO - DAG(s) 'example_complex' retrieved from /home/airflow/.local/lib/python3.12/site-packages/airflow/example_dags/example_complex.py
[2025-03-03T19:33:02.372+0000] {logging_mixin.py:190} INFO - [2025-03-03T19:33:02.372+0000] {dag.py:3239} INFO - Sync 1 DAGs
[2025-03-03T19:33:02.425+0000] {logging_mixin.py:190} INFO - [2025-03-03T19:33:02.424+0000] {dag.py:4180} INFO - Setting next_dagrun for example_complex to None, run_after=None
[2025-03-03T19:33:02.494+0000] {processor.py:208} INFO - Processing /home/airflow/.local/lib/python3.12/site-packages/airflow/example_dags/example_complex.py took 0.323 seconds
[2025-03-03T19:33:32.786+0000] {processor.py:186} INFO - Started process (PID=9313) to work on /home/airflow/.local/lib/python3.12/site-packages/airflow/example_dags/example_complex.py
[2025-03-03T19:33:32.788+0000] {processor.py:914} INFO - Processing file /home/airflow/.local/lib/python3.12/site-packages/airflow/example_dags/example_complex.py for tasks to queue
[2025-03-03T19:33:32.795+0000] {logging_mixin.py:190} INFO - [2025-03-03T19:33:32.794+0000] {dagbag.py:588} INFO - Filling up the DagBag from /home/airflow/.local/lib/python3.12/site-packages/airflow/example_dags/example_complex.py
[2025-03-03T19:33:32.839+0000] {processor.py:925} INFO - DAG(s) 'example_complex' retrieved from /home/airflow/.local/lib/python3.12/site-packages/airflow/example_dags/example_complex.py
[2025-03-03T19:33:32.956+0000] {logging_mixin.py:190} INFO - [2025-03-03T19:33:32.955+0000] {dag.py:3239} INFO - Sync 1 DAGs
[2025-03-03T19:33:32.995+0000] {logging_mixin.py:190} INFO - [2025-03-03T19:33:32.994+0000] {dag.py:4180} INFO - Setting next_dagrun for example_complex to None, run_after=None
[2025-03-03T19:33:33.097+0000] {processor.py:208} INFO - Processing /home/airflow/.local/lib/python3.12/site-packages/airflow/example_dags/example_complex.py took 0.324 seconds
[2025-03-03T19:34:03.219+0000] {processor.py:186} INFO - Started process (PID=9611) to work on /home/airflow/.local/lib/python3.12/site-packages/airflow/example_dags/example_complex.py
[2025-03-03T19:34:03.221+0000] {processor.py:914} INFO - Processing file /home/airflow/.local/lib/python3.12/site-packages/airflow/example_dags/example_complex.py for tasks to queue
[2025-03-03T19:34:03.231+0000] {logging_mixin.py:190} INFO - [2025-03-03T19:34:03.230+0000] {dagbag.py:588} INFO - Filling up the DagBag from /home/airflow/.local/lib/python3.12/site-packages/airflow/example_dags/example_complex.py
[2025-03-03T19:34:03.275+0000] {processor.py:925} INFO - DAG(s) 'example_complex' retrieved from /home/airflow/.local/lib/python3.12/site-packages/airflow/example_dags/example_complex.py
[2025-03-03T19:34:03.366+0000] {logging_mixin.py:190} INFO - [2025-03-03T19:34:03.366+0000] {dag.py:3239} INFO - Sync 1 DAGs
[2025-03-03T19:34:03.407+0000] {logging_mixin.py:190} INFO - [2025-03-03T19:34:03.407+0000] {dag.py:4180} INFO - Setting next_dagrun for example_complex to None, run_after=None
[2025-03-03T19:34:03.469+0000] {processor.py:208} INFO - Processing /home/airflow/.local/lib/python3.12/site-packages/airflow/example_dags/example_complex.py took 0.269 seconds
[2025-03-03T19:34:37.350+0000] {processor.py:186} INFO - Started process (PID=9929) to work on /home/airflow/.local/lib/python3.12/site-packages/airflow/example_dags/example_complex.py
[2025-03-03T19:34:37.353+0000] {processor.py:914} INFO - Processing file /home/airflow/.local/lib/python3.12/site-packages/airflow/example_dags/example_complex.py for tasks to queue
[2025-03-03T19:34:37.359+0000] {logging_mixin.py:190} INFO - [2025-03-03T19:34:37.358+0000] {dagbag.py:588} INFO - Filling up the DagBag from /home/airflow/.local/lib/python3.12/site-packages/airflow/example_dags/example_complex.py
[2025-03-03T19:34:37.393+0000] {processor.py:925} INFO - DAG(s) 'example_complex' retrieved from /home/airflow/.local/lib/python3.12/site-packages/airflow/example_dags/example_complex.py
[2025-03-03T19:34:37.460+0000] {logging_mixin.py:190} INFO - [2025-03-03T19:34:37.460+0000] {dag.py:3239} INFO - Sync 1 DAGs
[2025-03-03T19:34:37.500+0000] {logging_mixin.py:190} INFO - [2025-03-03T19:34:37.499+0000] {dag.py:4180} INFO - Setting next_dagrun for example_complex to None, run_after=None
[2025-03-03T19:34:37.970+0000] {processor.py:208} INFO - Processing /home/airflow/.local/lib/python3.12/site-packages/airflow/example_dags/example_complex.py took 0.635 seconds
[2025-03-03T19:35:08.644+0000] {processor.py:186} INFO - Started process (PID=10236) to work on /home/airflow/.local/lib/python3.12/site-packages/airflow/example_dags/example_complex.py
[2025-03-03T19:35:08.648+0000] {processor.py:914} INFO - Processing file /home/airflow/.local/lib/python3.12/site-packages/airflow/example_dags/example_complex.py for tasks to queue
[2025-03-03T19:35:08.658+0000] {logging_mixin.py:190} INFO - [2025-03-03T19:35:08.657+0000] {dagbag.py:588} INFO - Filling up the DagBag from /home/airflow/.local/lib/python3.12/site-packages/airflow/example_dags/example_complex.py
[2025-03-03T19:35:08.704+0000] {processor.py:925} INFO - DAG(s) 'example_complex' retrieved from /home/airflow/.local/lib/python3.12/site-packages/airflow/example_dags/example_complex.py
[2025-03-03T19:35:08.817+0000] {logging_mixin.py:190} INFO - [2025-03-03T19:35:08.816+0000] {dag.py:3239} INFO - Sync 1 DAGs
[2025-03-03T19:35:08.866+0000] {logging_mixin.py:190} INFO - [2025-03-03T19:35:08.865+0000] {dag.py:4180} INFO - Setting next_dagrun for example_complex to None, run_after=None
[2025-03-03T19:35:08.928+0000] {processor.py:208} INFO - Processing /home/airflow/.local/lib/python3.12/site-packages/airflow/example_dags/example_complex.py took 0.303 seconds
