[2025-03-03T19:18:01.079+0000] {processor.py:186} INFO - Started process (PID=470) to work on /home/airflow/.local/lib/python3.12/site-packages/airflow/example_dags/example_sensors.py
[2025-03-03T19:18:01.083+0000] {processor.py:914} INFO - Processing file /home/airflow/.local/lib/python3.12/site-packages/airflow/example_dags/example_sensors.py for tasks to queue
[2025-03-03T19:18:01.092+0000] {logging_mixin.py:190} INFO - [2025-03-03T19:18:01.091+0000] {dagbag.py:588} INFO - Filling up the DagBag from /home/airflow/.local/lib/python3.12/site-packages/airflow/example_dags/example_sensors.py
[2025-03-03T19:18:01.139+0000] {processor.py:925} INFO - DAG(s) 'example_sensors' retrieved from /home/airflow/.local/lib/python3.12/site-packages/airflow/example_dags/example_sensors.py
[2025-03-03T19:18:01.270+0000] {logging_mixin.py:190} INFO - [2025-03-03T19:18:01.270+0000] {dag.py:3239} INFO - Sync 1 DAGs
[2025-03-03T19:18:01.329+0000] {logging_mixin.py:190} INFO - [2025-03-03T19:18:01.328+0000] {dag.py:4180} INFO - Setting next_dagrun for example_sensors to None, run_after=None
[2025-03-03T19:18:01.430+0000] {processor.py:208} INFO - Processing /home/airflow/.local/lib/python3.12/site-packages/airflow/example_dags/example_sensors.py took 0.369 seconds
[2025-03-03T19:18:33.299+0000] {processor.py:186} INFO - Started process (PID=769) to work on /home/airflow/.local/lib/python3.12/site-packages/airflow/example_dags/example_sensors.py
[2025-03-03T19:18:33.303+0000] {processor.py:914} INFO - Processing file /home/airflow/.local/lib/python3.12/site-packages/airflow/example_dags/example_sensors.py for tasks to queue
[2025-03-03T19:18:33.317+0000] {logging_mixin.py:190} INFO - [2025-03-03T19:18:33.316+0000] {dagbag.py:588} INFO - Filling up the DagBag from /home/airflow/.local/lib/python3.12/site-packages/airflow/example_dags/example_sensors.py
[2025-03-03T19:18:33.393+0000] {processor.py:925} INFO - DAG(s) 'example_sensors' retrieved from /home/airflow/.local/lib/python3.12/site-packages/airflow/example_dags/example_sensors.py
[2025-03-03T19:18:33.494+0000] {logging_mixin.py:190} INFO - [2025-03-03T19:18:33.494+0000] {dag.py:3239} INFO - Sync 1 DAGs
[2025-03-03T19:18:33.543+0000] {logging_mixin.py:190} INFO - [2025-03-03T19:18:33.542+0000] {dag.py:4180} INFO - Setting next_dagrun for example_sensors to None, run_after=None
[2025-03-03T19:18:33.747+0000] {processor.py:208} INFO - Processing /home/airflow/.local/lib/python3.12/site-packages/airflow/example_dags/example_sensors.py took 0.508 seconds
[2025-03-03T19:19:07.641+0000] {processor.py:186} INFO - Started process (PID=1090) to work on /home/airflow/.local/lib/python3.12/site-packages/airflow/example_dags/example_sensors.py
[2025-03-03T19:19:07.649+0000] {processor.py:914} INFO - Processing file /home/airflow/.local/lib/python3.12/site-packages/airflow/example_dags/example_sensors.py for tasks to queue
[2025-03-03T19:19:07.674+0000] {logging_mixin.py:190} INFO - [2025-03-03T19:19:07.669+0000] {dagbag.py:588} INFO - Filling up the DagBag from /home/airflow/.local/lib/python3.12/site-packages/airflow/example_dags/example_sensors.py
[2025-03-03T19:19:07.736+0000] {processor.py:925} INFO - DAG(s) 'example_sensors' retrieved from /home/airflow/.local/lib/python3.12/site-packages/airflow/example_dags/example_sensors.py
[2025-03-03T19:19:07.824+0000] {logging_mixin.py:190} INFO - [2025-03-03T19:19:07.823+0000] {dag.py:3239} INFO - Sync 1 DAGs
[2025-03-03T19:19:07.866+0000] {logging_mixin.py:190} INFO - [2025-03-03T19:19:07.865+0000] {dag.py:4180} INFO - Setting next_dagrun for example_sensors to None, run_after=None
[2025-03-03T19:19:08.009+0000] {processor.py:208} INFO - Processing /home/airflow/.local/lib/python3.12/site-packages/airflow/example_dags/example_sensors.py took 0.397 seconds
[2025-03-03T19:19:43.089+0000] {processor.py:186} INFO - Started process (PID=1394) to work on /home/airflow/.local/lib/python3.12/site-packages/airflow/example_dags/example_sensors.py
[2025-03-03T19:19:43.094+0000] {processor.py:914} INFO - Processing file /home/airflow/.local/lib/python3.12/site-packages/airflow/example_dags/example_sensors.py for tasks to queue
[2025-03-03T19:19:43.112+0000] {logging_mixin.py:190} INFO - [2025-03-03T19:19:43.111+0000] {dagbag.py:588} INFO - Filling up the DagBag from /home/airflow/.local/lib/python3.12/site-packages/airflow/example_dags/example_sensors.py
[2025-03-03T19:19:43.177+0000] {processor.py:925} INFO - DAG(s) 'example_sensors' retrieved from /home/airflow/.local/lib/python3.12/site-packages/airflow/example_dags/example_sensors.py
[2025-03-03T19:19:43.318+0000] {logging_mixin.py:190} INFO - [2025-03-03T19:19:43.318+0000] {dag.py:3239} INFO - Sync 1 DAGs
[2025-03-03T19:19:43.449+0000] {logging_mixin.py:190} INFO - [2025-03-03T19:19:43.449+0000] {dag.py:4180} INFO - Setting next_dagrun for example_sensors to None, run_after=None
[2025-03-03T19:19:43.577+0000] {processor.py:208} INFO - Processing /home/airflow/.local/lib/python3.12/site-packages/airflow/example_dags/example_sensors.py took 0.519 seconds
[2025-03-03T19:20:21.066+0000] {processor.py:186} INFO - Started process (PID=1706) to work on /home/airflow/.local/lib/python3.12/site-packages/airflow/example_dags/example_sensors.py
[2025-03-03T19:20:21.070+0000] {processor.py:914} INFO - Processing file /home/airflow/.local/lib/python3.12/site-packages/airflow/example_dags/example_sensors.py for tasks to queue
[2025-03-03T19:20:21.081+0000] {logging_mixin.py:190} INFO - [2025-03-03T19:20:21.080+0000] {dagbag.py:588} INFO - Filling up the DagBag from /home/airflow/.local/lib/python3.12/site-packages/airflow/example_dags/example_sensors.py
[2025-03-03T19:20:21.122+0000] {processor.py:925} INFO - DAG(s) 'example_sensors' retrieved from /home/airflow/.local/lib/python3.12/site-packages/airflow/example_dags/example_sensors.py
[2025-03-03T19:20:21.280+0000] {logging_mixin.py:190} INFO - [2025-03-03T19:20:21.280+0000] {dag.py:3239} INFO - Sync 1 DAGs
[2025-03-03T19:20:21.361+0000] {logging_mixin.py:190} INFO - [2025-03-03T19:20:21.360+0000] {dag.py:4180} INFO - Setting next_dagrun for example_sensors to None, run_after=None
[2025-03-03T19:20:21.527+0000] {processor.py:208} INFO - Processing /home/airflow/.local/lib/python3.12/site-packages/airflow/example_dags/example_sensors.py took 0.505 seconds
[2025-03-03T19:20:53.766+0000] {processor.py:186} INFO - Started process (PID=2005) to work on /home/airflow/.local/lib/python3.12/site-packages/airflow/example_dags/example_sensors.py
[2025-03-03T19:20:53.773+0000] {processor.py:914} INFO - Processing file /home/airflow/.local/lib/python3.12/site-packages/airflow/example_dags/example_sensors.py for tasks to queue
[2025-03-03T19:20:53.786+0000] {logging_mixin.py:190} INFO - [2025-03-03T19:20:53.785+0000] {dagbag.py:588} INFO - Filling up the DagBag from /home/airflow/.local/lib/python3.12/site-packages/airflow/example_dags/example_sensors.py
[2025-03-03T19:20:53.844+0000] {processor.py:925} INFO - DAG(s) 'example_sensors' retrieved from /home/airflow/.local/lib/python3.12/site-packages/airflow/example_dags/example_sensors.py
[2025-03-03T19:20:53.972+0000] {logging_mixin.py:190} INFO - [2025-03-03T19:20:53.971+0000] {dag.py:3239} INFO - Sync 1 DAGs
[2025-03-03T19:20:54.025+0000] {logging_mixin.py:190} INFO - [2025-03-03T19:20:54.024+0000] {dag.py:4180} INFO - Setting next_dagrun for example_sensors to None, run_after=None
[2025-03-03T19:20:54.161+0000] {processor.py:208} INFO - Processing /home/airflow/.local/lib/python3.12/site-packages/airflow/example_dags/example_sensors.py took 0.415 seconds
[2025-03-03T19:21:43.944+0000] {processor.py:186} INFO - Started process (PID=2369) to work on /home/airflow/.local/lib/python3.12/site-packages/airflow/example_dags/example_sensors.py
[2025-03-03T19:21:43.958+0000] {processor.py:914} INFO - Processing file /home/airflow/.local/lib/python3.12/site-packages/airflow/example_dags/example_sensors.py for tasks to queue
[2025-03-03T19:21:43.972+0000] {logging_mixin.py:190} INFO - [2025-03-03T19:21:43.971+0000] {dagbag.py:588} INFO - Filling up the DagBag from /home/airflow/.local/lib/python3.12/site-packages/airflow/example_dags/example_sensors.py
[2025-03-03T19:21:44.016+0000] {processor.py:925} INFO - DAG(s) 'example_sensors' retrieved from /home/airflow/.local/lib/python3.12/site-packages/airflow/example_dags/example_sensors.py
[2025-03-03T19:21:44.176+0000] {logging_mixin.py:190} INFO - [2025-03-03T19:21:44.176+0000] {dag.py:3239} INFO - Sync 1 DAGs
[2025-03-03T19:21:44.264+0000] {logging_mixin.py:190} INFO - [2025-03-03T19:21:44.263+0000] {dag.py:4180} INFO - Setting next_dagrun for example_sensors to None, run_after=None
[2025-03-03T19:21:44.573+0000] {processor.py:208} INFO - Processing /home/airflow/.local/lib/python3.12/site-packages/airflow/example_dags/example_sensors.py took 0.661 seconds
[2025-03-03T19:22:18.315+0000] {processor.py:186} INFO - Started process (PID=2690) to work on /home/airflow/.local/lib/python3.12/site-packages/airflow/example_dags/example_sensors.py
[2025-03-03T19:22:18.322+0000] {processor.py:914} INFO - Processing file /home/airflow/.local/lib/python3.12/site-packages/airflow/example_dags/example_sensors.py for tasks to queue
[2025-03-03T19:22:18.333+0000] {logging_mixin.py:190} INFO - [2025-03-03T19:22:18.332+0000] {dagbag.py:588} INFO - Filling up the DagBag from /home/airflow/.local/lib/python3.12/site-packages/airflow/example_dags/example_sensors.py
[2025-03-03T19:22:18.373+0000] {processor.py:925} INFO - DAG(s) 'example_sensors' retrieved from /home/airflow/.local/lib/python3.12/site-packages/airflow/example_dags/example_sensors.py
[2025-03-03T19:22:18.460+0000] {logging_mixin.py:190} INFO - [2025-03-03T19:22:18.460+0000] {dag.py:3239} INFO - Sync 1 DAGs
[2025-03-03T19:22:18.495+0000] {logging_mixin.py:190} INFO - [2025-03-03T19:22:18.495+0000] {dag.py:4180} INFO - Setting next_dagrun for example_sensors to None, run_after=None
[2025-03-03T19:22:18.566+0000] {processor.py:208} INFO - Processing /home/airflow/.local/lib/python3.12/site-packages/airflow/example_dags/example_sensors.py took 0.268 seconds
[2025-03-03T19:22:52.093+0000] {processor.py:186} INFO - Started process (PID=3036) to work on /home/airflow/.local/lib/python3.12/site-packages/airflow/example_dags/example_sensors.py
[2025-03-03T19:22:52.105+0000] {processor.py:914} INFO - Processing file /home/airflow/.local/lib/python3.12/site-packages/airflow/example_dags/example_sensors.py for tasks to queue
[2025-03-03T19:22:52.117+0000] {logging_mixin.py:190} INFO - [2025-03-03T19:22:52.116+0000] {dagbag.py:588} INFO - Filling up the DagBag from /home/airflow/.local/lib/python3.12/site-packages/airflow/example_dags/example_sensors.py
[2025-03-03T19:22:52.149+0000] {processor.py:925} INFO - DAG(s) 'example_sensors' retrieved from /home/airflow/.local/lib/python3.12/site-packages/airflow/example_dags/example_sensors.py
[2025-03-03T19:22:52.222+0000] {logging_mixin.py:190} INFO - [2025-03-03T19:22:52.222+0000] {dag.py:3239} INFO - Sync 1 DAGs
[2025-03-03T19:22:52.265+0000] {logging_mixin.py:190} INFO - [2025-03-03T19:22:52.265+0000] {dag.py:4180} INFO - Setting next_dagrun for example_sensors to None, run_after=None
[2025-03-03T19:22:52.336+0000] {processor.py:208} INFO - Processing /home/airflow/.local/lib/python3.12/site-packages/airflow/example_dags/example_sensors.py took 0.259 seconds
[2025-03-03T19:23:22.872+0000] {processor.py:186} INFO - Started process (PID=3337) to work on /home/airflow/.local/lib/python3.12/site-packages/airflow/example_dags/example_sensors.py
[2025-03-03T19:23:22.875+0000] {processor.py:914} INFO - Processing file /home/airflow/.local/lib/python3.12/site-packages/airflow/example_dags/example_sensors.py for tasks to queue
[2025-03-03T19:23:22.882+0000] {logging_mixin.py:190} INFO - [2025-03-03T19:23:22.881+0000] {dagbag.py:588} INFO - Filling up the DagBag from /home/airflow/.local/lib/python3.12/site-packages/airflow/example_dags/example_sensors.py
[2025-03-03T19:23:22.942+0000] {processor.py:925} INFO - DAG(s) 'example_sensors' retrieved from /home/airflow/.local/lib/python3.12/site-packages/airflow/example_dags/example_sensors.py
[2025-03-03T19:23:23.029+0000] {logging_mixin.py:190} INFO - [2025-03-03T19:23:23.028+0000] {dag.py:3239} INFO - Sync 1 DAGs
[2025-03-03T19:23:23.077+0000] {logging_mixin.py:190} INFO - [2025-03-03T19:23:23.076+0000] {dag.py:4180} INFO - Setting next_dagrun for example_sensors to None, run_after=None
[2025-03-03T19:23:23.188+0000] {processor.py:208} INFO - Processing /home/airflow/.local/lib/python3.12/site-packages/airflow/example_dags/example_sensors.py took 0.334 seconds
[2025-03-03T19:23:56.344+0000] {processor.py:186} INFO - Started process (PID=3668) to work on /home/airflow/.local/lib/python3.12/site-packages/airflow/example_dags/example_sensors.py
[2025-03-03T19:23:56.349+0000] {processor.py:914} INFO - Processing file /home/airflow/.local/lib/python3.12/site-packages/airflow/example_dags/example_sensors.py for tasks to queue
[2025-03-03T19:23:56.367+0000] {logging_mixin.py:190} INFO - [2025-03-03T19:23:56.362+0000] {dagbag.py:588} INFO - Filling up the DagBag from /home/airflow/.local/lib/python3.12/site-packages/airflow/example_dags/example_sensors.py
[2025-03-03T19:23:56.406+0000] {processor.py:925} INFO - DAG(s) 'example_sensors' retrieved from /home/airflow/.local/lib/python3.12/site-packages/airflow/example_dags/example_sensors.py
[2025-03-03T19:23:56.479+0000] {logging_mixin.py:190} INFO - [2025-03-03T19:23:56.479+0000] {dag.py:3239} INFO - Sync 1 DAGs
[2025-03-03T19:23:56.509+0000] {logging_mixin.py:190} INFO - [2025-03-03T19:23:56.509+0000] {dag.py:4180} INFO - Setting next_dagrun for example_sensors to None, run_after=None
[2025-03-03T19:23:56.554+0000] {processor.py:208} INFO - Processing /home/airflow/.local/lib/python3.12/site-packages/airflow/example_dags/example_sensors.py took 0.225 seconds
[2025-03-03T19:24:27.448+0000] {processor.py:186} INFO - Started process (PID=3977) to work on /home/airflow/.local/lib/python3.12/site-packages/airflow/example_dags/example_sensors.py
[2025-03-03T19:24:27.450+0000] {processor.py:914} INFO - Processing file /home/airflow/.local/lib/python3.12/site-packages/airflow/example_dags/example_sensors.py for tasks to queue
[2025-03-03T19:24:27.456+0000] {logging_mixin.py:190} INFO - [2025-03-03T19:24:27.456+0000] {dagbag.py:588} INFO - Filling up the DagBag from /home/airflow/.local/lib/python3.12/site-packages/airflow/example_dags/example_sensors.py
[2025-03-03T19:24:27.480+0000] {processor.py:925} INFO - DAG(s) 'example_sensors' retrieved from /home/airflow/.local/lib/python3.12/site-packages/airflow/example_dags/example_sensors.py
[2025-03-03T19:24:27.525+0000] {logging_mixin.py:190} INFO - [2025-03-03T19:24:27.524+0000] {dag.py:3239} INFO - Sync 1 DAGs
[2025-03-03T19:24:27.553+0000] {logging_mixin.py:190} INFO - [2025-03-03T19:24:27.552+0000] {dag.py:4180} INFO - Setting next_dagrun for example_sensors to None, run_after=None
[2025-03-03T19:24:27.594+0000] {processor.py:208} INFO - Processing /home/airflow/.local/lib/python3.12/site-packages/airflow/example_dags/example_sensors.py took 0.157 seconds
[2025-03-03T19:25:04.864+0000] {processor.py:186} INFO - Started process (PID=4309) to work on /home/airflow/.local/lib/python3.12/site-packages/airflow/example_dags/example_sensors.py
[2025-03-03T19:25:04.871+0000] {processor.py:914} INFO - Processing file /home/airflow/.local/lib/python3.12/site-packages/airflow/example_dags/example_sensors.py for tasks to queue
[2025-03-03T19:25:04.890+0000] {logging_mixin.py:190} INFO - [2025-03-03T19:25:04.886+0000] {dagbag.py:588} INFO - Filling up the DagBag from /home/airflow/.local/lib/python3.12/site-packages/airflow/example_dags/example_sensors.py
[2025-03-03T19:25:04.988+0000] {processor.py:925} INFO - DAG(s) 'example_sensors' retrieved from /home/airflow/.local/lib/python3.12/site-packages/airflow/example_dags/example_sensors.py
[2025-03-03T19:25:05.078+0000] {logging_mixin.py:190} INFO - [2025-03-03T19:25:05.077+0000] {dag.py:3239} INFO - Sync 1 DAGs
[2025-03-03T19:25:05.140+0000] {logging_mixin.py:190} INFO - [2025-03-03T19:25:05.139+0000] {dag.py:4180} INFO - Setting next_dagrun for example_sensors to None, run_after=None
[2025-03-03T19:25:05.424+0000] {processor.py:208} INFO - Processing /home/airflow/.local/lib/python3.12/site-packages/airflow/example_dags/example_sensors.py took 0.596 seconds
[2025-03-03T19:25:35.908+0000] {processor.py:186} INFO - Started process (PID=4618) to work on /home/airflow/.local/lib/python3.12/site-packages/airflow/example_dags/example_sensors.py
[2025-03-03T19:25:35.912+0000] {processor.py:914} INFO - Processing file /home/airflow/.local/lib/python3.12/site-packages/airflow/example_dags/example_sensors.py for tasks to queue
[2025-03-03T19:25:35.922+0000] {logging_mixin.py:190} INFO - [2025-03-03T19:25:35.921+0000] {dagbag.py:588} INFO - Filling up the DagBag from /home/airflow/.local/lib/python3.12/site-packages/airflow/example_dags/example_sensors.py
[2025-03-03T19:25:35.962+0000] {processor.py:925} INFO - DAG(s) 'example_sensors' retrieved from /home/airflow/.local/lib/python3.12/site-packages/airflow/example_dags/example_sensors.py
[2025-03-03T19:25:36.037+0000] {logging_mixin.py:190} INFO - [2025-03-03T19:25:36.036+0000] {dag.py:3239} INFO - Sync 1 DAGs
[2025-03-03T19:25:36.078+0000] {logging_mixin.py:190} INFO - [2025-03-03T19:25:36.077+0000] {dag.py:4180} INFO - Setting next_dagrun for example_sensors to None, run_after=None
[2025-03-03T19:25:36.143+0000] {processor.py:208} INFO - Processing /home/airflow/.local/lib/python3.12/site-packages/airflow/example_dags/example_sensors.py took 0.254 seconds
[2025-03-03T19:26:10.409+0000] {processor.py:186} INFO - Started process (PID=4938) to work on /home/airflow/.local/lib/python3.12/site-packages/airflow/example_dags/example_sensors.py
[2025-03-03T19:26:10.425+0000] {processor.py:914} INFO - Processing file /home/airflow/.local/lib/python3.12/site-packages/airflow/example_dags/example_sensors.py for tasks to queue
[2025-03-03T19:26:10.444+0000] {logging_mixin.py:190} INFO - [2025-03-03T19:26:10.443+0000] {dagbag.py:588} INFO - Filling up the DagBag from /home/airflow/.local/lib/python3.12/site-packages/airflow/example_dags/example_sensors.py
[2025-03-03T19:26:10.535+0000] {processor.py:925} INFO - DAG(s) 'example_sensors' retrieved from /home/airflow/.local/lib/python3.12/site-packages/airflow/example_dags/example_sensors.py
[2025-03-03T19:26:10.680+0000] {logging_mixin.py:190} INFO - [2025-03-03T19:26:10.676+0000] {dag.py:3239} INFO - Sync 1 DAGs
[2025-03-03T19:26:10.933+0000] {logging_mixin.py:190} INFO - [2025-03-03T19:26:10.922+0000] {dag.py:4180} INFO - Setting next_dagrun for example_sensors to None, run_after=None
[2025-03-03T19:26:11.170+0000] {processor.py:208} INFO - Processing /home/airflow/.local/lib/python3.12/site-packages/airflow/example_dags/example_sensors.py took 0.823 seconds
[2025-03-03T19:26:41.405+0000] {processor.py:186} INFO - Started process (PID=5257) to work on /home/airflow/.local/lib/python3.12/site-packages/airflow/example_dags/example_sensors.py
[2025-03-03T19:26:41.407+0000] {processor.py:914} INFO - Processing file /home/airflow/.local/lib/python3.12/site-packages/airflow/example_dags/example_sensors.py for tasks to queue
[2025-03-03T19:26:41.413+0000] {logging_mixin.py:190} INFO - [2025-03-03T19:26:41.413+0000] {dagbag.py:588} INFO - Filling up the DagBag from /home/airflow/.local/lib/python3.12/site-packages/airflow/example_dags/example_sensors.py
[2025-03-03T19:26:41.437+0000] {processor.py:925} INFO - DAG(s) 'example_sensors' retrieved from /home/airflow/.local/lib/python3.12/site-packages/airflow/example_dags/example_sensors.py
[2025-03-03T19:26:41.493+0000] {logging_mixin.py:190} INFO - [2025-03-03T19:26:41.492+0000] {dag.py:3239} INFO - Sync 1 DAGs
[2025-03-03T19:26:41.527+0000] {logging_mixin.py:190} INFO - [2025-03-03T19:26:41.526+0000] {dag.py:4180} INFO - Setting next_dagrun for example_sensors to None, run_after=None
[2025-03-03T19:26:41.573+0000] {processor.py:208} INFO - Processing /home/airflow/.local/lib/python3.12/site-packages/airflow/example_dags/example_sensors.py took 0.180 seconds
[2025-03-03T19:27:11.691+0000] {processor.py:186} INFO - Started process (PID=5544) to work on /home/airflow/.local/lib/python3.12/site-packages/airflow/example_dags/example_sensors.py
[2025-03-03T19:27:11.694+0000] {processor.py:914} INFO - Processing file /home/airflow/.local/lib/python3.12/site-packages/airflow/example_dags/example_sensors.py for tasks to queue
[2025-03-03T19:27:11.704+0000] {logging_mixin.py:190} INFO - [2025-03-03T19:27:11.702+0000] {dagbag.py:588} INFO - Filling up the DagBag from /home/airflow/.local/lib/python3.12/site-packages/airflow/example_dags/example_sensors.py
[2025-03-03T19:27:11.734+0000] {processor.py:925} INFO - DAG(s) 'example_sensors' retrieved from /home/airflow/.local/lib/python3.12/site-packages/airflow/example_dags/example_sensors.py
[2025-03-03T19:27:11.806+0000] {logging_mixin.py:190} INFO - [2025-03-03T19:27:11.805+0000] {dag.py:3239} INFO - Sync 1 DAGs
[2025-03-03T19:27:11.845+0000] {logging_mixin.py:190} INFO - [2025-03-03T19:27:11.844+0000] {dag.py:4180} INFO - Setting next_dagrun for example_sensors to None, run_after=None
[2025-03-03T19:27:11.898+0000] {processor.py:208} INFO - Processing /home/airflow/.local/lib/python3.12/site-packages/airflow/example_dags/example_sensors.py took 0.222 seconds
[2025-03-03T19:27:42.171+0000] {processor.py:186} INFO - Started process (PID=5883) to work on /home/airflow/.local/lib/python3.12/site-packages/airflow/example_dags/example_sensors.py
[2025-03-03T19:27:42.176+0000] {processor.py:914} INFO - Processing file /home/airflow/.local/lib/python3.12/site-packages/airflow/example_dags/example_sensors.py for tasks to queue
[2025-03-03T19:27:42.194+0000] {logging_mixin.py:190} INFO - [2025-03-03T19:27:42.189+0000] {dagbag.py:588} INFO - Filling up the DagBag from /home/airflow/.local/lib/python3.12/site-packages/airflow/example_dags/example_sensors.py
[2025-03-03T19:27:42.244+0000] {processor.py:925} INFO - DAG(s) 'example_sensors' retrieved from /home/airflow/.local/lib/python3.12/site-packages/airflow/example_dags/example_sensors.py
[2025-03-03T19:27:42.310+0000] {logging_mixin.py:190} INFO - [2025-03-03T19:27:42.309+0000] {dag.py:3239} INFO - Sync 1 DAGs
[2025-03-03T19:27:42.363+0000] {logging_mixin.py:190} INFO - [2025-03-03T19:27:42.363+0000] {dag.py:4180} INFO - Setting next_dagrun for example_sensors to None, run_after=None
[2025-03-03T19:27:42.462+0000] {processor.py:208} INFO - Processing /home/airflow/.local/lib/python3.12/site-packages/airflow/example_dags/example_sensors.py took 0.309 seconds
[2025-03-03T19:28:13.519+0000] {processor.py:186} INFO - Started process (PID=6189) to work on /home/airflow/.local/lib/python3.12/site-packages/airflow/example_dags/example_sensors.py
[2025-03-03T19:28:13.522+0000] {processor.py:914} INFO - Processing file /home/airflow/.local/lib/python3.12/site-packages/airflow/example_dags/example_sensors.py for tasks to queue
[2025-03-03T19:28:13.528+0000] {logging_mixin.py:190} INFO - [2025-03-03T19:28:13.528+0000] {dagbag.py:588} INFO - Filling up the DagBag from /home/airflow/.local/lib/python3.12/site-packages/airflow/example_dags/example_sensors.py
[2025-03-03T19:28:13.556+0000] {processor.py:925} INFO - DAG(s) 'example_sensors' retrieved from /home/airflow/.local/lib/python3.12/site-packages/airflow/example_dags/example_sensors.py
[2025-03-03T19:28:13.613+0000] {logging_mixin.py:190} INFO - [2025-03-03T19:28:13.613+0000] {dag.py:3239} INFO - Sync 1 DAGs
[2025-03-03T19:28:13.648+0000] {logging_mixin.py:190} INFO - [2025-03-03T19:28:13.648+0000] {dag.py:4180} INFO - Setting next_dagrun for example_sensors to None, run_after=None
[2025-03-03T19:28:13.697+0000] {processor.py:208} INFO - Processing /home/airflow/.local/lib/python3.12/site-packages/airflow/example_dags/example_sensors.py took 0.193 seconds
[2025-03-03T19:28:51.308+0000] {processor.py:186} INFO - Started process (PID=6538) to work on /home/airflow/.local/lib/python3.12/site-packages/airflow/example_dags/example_sensors.py
[2025-03-03T19:28:51.310+0000] {processor.py:914} INFO - Processing file /home/airflow/.local/lib/python3.12/site-packages/airflow/example_dags/example_sensors.py for tasks to queue
[2025-03-03T19:28:51.320+0000] {logging_mixin.py:190} INFO - [2025-03-03T19:28:51.319+0000] {dagbag.py:588} INFO - Filling up the DagBag from /home/airflow/.local/lib/python3.12/site-packages/airflow/example_dags/example_sensors.py
[2025-03-03T19:28:51.345+0000] {processor.py:925} INFO - DAG(s) 'example_sensors' retrieved from /home/airflow/.local/lib/python3.12/site-packages/airflow/example_dags/example_sensors.py
[2025-03-03T19:28:51.414+0000] {logging_mixin.py:190} INFO - [2025-03-03T19:28:51.413+0000] {dag.py:3239} INFO - Sync 1 DAGs
[2025-03-03T19:28:51.462+0000] {logging_mixin.py:190} INFO - [2025-03-03T19:28:51.461+0000] {dag.py:4180} INFO - Setting next_dagrun for example_sensors to None, run_after=None
[2025-03-03T19:28:51.523+0000] {processor.py:208} INFO - Processing /home/airflow/.local/lib/python3.12/site-packages/airflow/example_dags/example_sensors.py took 0.231 seconds
[2025-03-03T19:29:24.764+0000] {processor.py:186} INFO - Started process (PID=6862) to work on /home/airflow/.local/lib/python3.12/site-packages/airflow/example_dags/example_sensors.py
[2025-03-03T19:29:24.768+0000] {processor.py:914} INFO - Processing file /home/airflow/.local/lib/python3.12/site-packages/airflow/example_dags/example_sensors.py for tasks to queue
[2025-03-03T19:29:24.778+0000] {logging_mixin.py:190} INFO - [2025-03-03T19:29:24.777+0000] {dagbag.py:588} INFO - Filling up the DagBag from /home/airflow/.local/lib/python3.12/site-packages/airflow/example_dags/example_sensors.py
[2025-03-03T19:29:24.814+0000] {processor.py:925} INFO - DAG(s) 'example_sensors' retrieved from /home/airflow/.local/lib/python3.12/site-packages/airflow/example_dags/example_sensors.py
[2025-03-03T19:29:24.888+0000] {logging_mixin.py:190} INFO - [2025-03-03T19:29:24.887+0000] {dag.py:3239} INFO - Sync 1 DAGs
[2025-03-03T19:29:24.937+0000] {logging_mixin.py:190} INFO - [2025-03-03T19:29:24.936+0000] {dag.py:4180} INFO - Setting next_dagrun for example_sensors to None, run_after=None
[2025-03-03T19:29:24.996+0000] {processor.py:208} INFO - Processing /home/airflow/.local/lib/python3.12/site-packages/airflow/example_dags/example_sensors.py took 0.254 seconds
[2025-03-03T19:30:04.142+0000] {processor.py:186} INFO - Started process (PID=7247) to work on /home/airflow/.local/lib/python3.12/site-packages/airflow/example_dags/example_sensors.py
[2025-03-03T19:30:04.147+0000] {processor.py:914} INFO - Processing file /home/airflow/.local/lib/python3.12/site-packages/airflow/example_dags/example_sensors.py for tasks to queue
[2025-03-03T19:30:04.157+0000] {logging_mixin.py:190} INFO - [2025-03-03T19:30:04.156+0000] {dagbag.py:588} INFO - Filling up the DagBag from /home/airflow/.local/lib/python3.12/site-packages/airflow/example_dags/example_sensors.py
[2025-03-03T19:30:04.191+0000] {processor.py:925} INFO - DAG(s) 'example_sensors' retrieved from /home/airflow/.local/lib/python3.12/site-packages/airflow/example_dags/example_sensors.py
[2025-03-03T19:30:04.295+0000] {logging_mixin.py:190} INFO - [2025-03-03T19:30:04.294+0000] {dag.py:3239} INFO - Sync 1 DAGs
[2025-03-03T19:30:04.371+0000] {logging_mixin.py:190} INFO - [2025-03-03T19:30:04.363+0000] {dag.py:4180} INFO - Setting next_dagrun for example_sensors to None, run_after=None
[2025-03-03T19:30:04.452+0000] {processor.py:208} INFO - Processing /home/airflow/.local/lib/python3.12/site-packages/airflow/example_dags/example_sensors.py took 0.326 seconds
[2025-03-03T19:30:35.382+0000] {processor.py:186} INFO - Started process (PID=7552) to work on /home/airflow/.local/lib/python3.12/site-packages/airflow/example_dags/example_sensors.py
[2025-03-03T19:30:35.384+0000] {processor.py:914} INFO - Processing file /home/airflow/.local/lib/python3.12/site-packages/airflow/example_dags/example_sensors.py for tasks to queue
[2025-03-03T19:30:35.392+0000] {logging_mixin.py:190} INFO - [2025-03-03T19:30:35.391+0000] {dagbag.py:588} INFO - Filling up the DagBag from /home/airflow/.local/lib/python3.12/site-packages/airflow/example_dags/example_sensors.py
[2025-03-03T19:30:35.442+0000] {processor.py:925} INFO - DAG(s) 'example_sensors' retrieved from /home/airflow/.local/lib/python3.12/site-packages/airflow/example_dags/example_sensors.py
[2025-03-03T19:30:35.521+0000] {logging_mixin.py:190} INFO - [2025-03-03T19:30:35.521+0000] {dag.py:3239} INFO - Sync 1 DAGs
[2025-03-03T19:30:35.566+0000] {logging_mixin.py:190} INFO - [2025-03-03T19:30:35.565+0000] {dag.py:4180} INFO - Setting next_dagrun for example_sensors to None, run_after=None
[2025-03-03T19:30:35.644+0000] {processor.py:208} INFO - Processing /home/airflow/.local/lib/python3.12/site-packages/airflow/example_dags/example_sensors.py took 0.280 seconds
[2025-03-03T19:31:07.321+0000] {processor.py:186} INFO - Started process (PID=7869) to work on /home/airflow/.local/lib/python3.12/site-packages/airflow/example_dags/example_sensors.py
[2025-03-03T19:31:07.327+0000] {processor.py:914} INFO - Processing file /home/airflow/.local/lib/python3.12/site-packages/airflow/example_dags/example_sensors.py for tasks to queue
[2025-03-03T19:31:07.340+0000] {logging_mixin.py:190} INFO - [2025-03-03T19:31:07.339+0000] {dagbag.py:588} INFO - Filling up the DagBag from /home/airflow/.local/lib/python3.12/site-packages/airflow/example_dags/example_sensors.py
[2025-03-03T19:31:07.393+0000] {processor.py:925} INFO - DAG(s) 'example_sensors' retrieved from /home/airflow/.local/lib/python3.12/site-packages/airflow/example_dags/example_sensors.py
[2025-03-03T19:31:07.531+0000] {logging_mixin.py:190} INFO - [2025-03-03T19:31:07.531+0000] {dag.py:3239} INFO - Sync 1 DAGs
[2025-03-03T19:31:07.579+0000] {logging_mixin.py:190} INFO - [2025-03-03T19:31:07.578+0000] {dag.py:4180} INFO - Setting next_dagrun for example_sensors to None, run_after=None
[2025-03-03T19:31:07.680+0000] {processor.py:208} INFO - Processing /home/airflow/.local/lib/python3.12/site-packages/airflow/example_dags/example_sensors.py took 0.375 seconds
[2025-03-03T19:31:38.333+0000] {processor.py:186} INFO - Started process (PID=8168) to work on /home/airflow/.local/lib/python3.12/site-packages/airflow/example_dags/example_sensors.py
[2025-03-03T19:31:38.336+0000] {processor.py:914} INFO - Processing file /home/airflow/.local/lib/python3.12/site-packages/airflow/example_dags/example_sensors.py for tasks to queue
[2025-03-03T19:31:38.344+0000] {logging_mixin.py:190} INFO - [2025-03-03T19:31:38.343+0000] {dagbag.py:588} INFO - Filling up the DagBag from /home/airflow/.local/lib/python3.12/site-packages/airflow/example_dags/example_sensors.py
[2025-03-03T19:31:38.374+0000] {processor.py:925} INFO - DAG(s) 'example_sensors' retrieved from /home/airflow/.local/lib/python3.12/site-packages/airflow/example_dags/example_sensors.py
[2025-03-03T19:31:38.444+0000] {logging_mixin.py:190} INFO - [2025-03-03T19:31:38.443+0000] {dag.py:3239} INFO - Sync 1 DAGs
[2025-03-03T19:31:38.476+0000] {logging_mixin.py:190} INFO - [2025-03-03T19:31:38.476+0000] {dag.py:4180} INFO - Setting next_dagrun for example_sensors to None, run_after=None
[2025-03-03T19:31:38.542+0000] {processor.py:208} INFO - Processing /home/airflow/.local/lib/python3.12/site-packages/airflow/example_dags/example_sensors.py took 0.225 seconds
[2025-03-03T19:32:11.895+0000] {processor.py:186} INFO - Started process (PID=8492) to work on /home/airflow/.local/lib/python3.12/site-packages/airflow/example_dags/example_sensors.py
[2025-03-03T19:32:11.904+0000] {processor.py:914} INFO - Processing file /home/airflow/.local/lib/python3.12/site-packages/airflow/example_dags/example_sensors.py for tasks to queue
[2025-03-03T19:32:11.922+0000] {logging_mixin.py:190} INFO - [2025-03-03T19:32:11.917+0000] {dagbag.py:588} INFO - Filling up the DagBag from /home/airflow/.local/lib/python3.12/site-packages/airflow/example_dags/example_sensors.py
[2025-03-03T19:32:11.976+0000] {processor.py:925} INFO - DAG(s) 'example_sensors' retrieved from /home/airflow/.local/lib/python3.12/site-packages/airflow/example_dags/example_sensors.py
[2025-03-03T19:32:12.153+0000] {logging_mixin.py:190} INFO - [2025-03-03T19:32:12.152+0000] {dag.py:3239} INFO - Sync 1 DAGs
[2025-03-03T19:32:12.288+0000] {logging_mixin.py:190} INFO - [2025-03-03T19:32:12.287+0000] {dag.py:4180} INFO - Setting next_dagrun for example_sensors to None, run_after=None
[2025-03-03T19:32:12.485+0000] {processor.py:208} INFO - Processing /home/airflow/.local/lib/python3.12/site-packages/airflow/example_dags/example_sensors.py took 0.616 seconds
[2025-03-03T19:32:43.072+0000] {processor.py:186} INFO - Started process (PID=8801) to work on /home/airflow/.local/lib/python3.12/site-packages/airflow/example_dags/example_sensors.py
[2025-03-03T19:32:43.074+0000] {processor.py:914} INFO - Processing file /home/airflow/.local/lib/python3.12/site-packages/airflow/example_dags/example_sensors.py for tasks to queue
[2025-03-03T19:32:43.080+0000] {logging_mixin.py:190} INFO - [2025-03-03T19:32:43.079+0000] {dagbag.py:588} INFO - Filling up the DagBag from /home/airflow/.local/lib/python3.12/site-packages/airflow/example_dags/example_sensors.py
[2025-03-03T19:32:43.110+0000] {processor.py:925} INFO - DAG(s) 'example_sensors' retrieved from /home/airflow/.local/lib/python3.12/site-packages/airflow/example_dags/example_sensors.py
[2025-03-03T19:32:43.158+0000] {logging_mixin.py:190} INFO - [2025-03-03T19:32:43.157+0000] {dag.py:3239} INFO - Sync 1 DAGs
[2025-03-03T19:32:43.185+0000] {logging_mixin.py:190} INFO - [2025-03-03T19:32:43.184+0000] {dag.py:4180} INFO - Setting next_dagrun for example_sensors to None, run_after=None
[2025-03-03T19:32:43.231+0000] {processor.py:208} INFO - Processing /home/airflow/.local/lib/python3.12/site-packages/airflow/example_dags/example_sensors.py took 0.171 seconds
[2025-03-03T19:33:13.729+0000] {processor.py:186} INFO - Started process (PID=9107) to work on /home/airflow/.local/lib/python3.12/site-packages/airflow/example_dags/example_sensors.py
[2025-03-03T19:33:13.731+0000] {processor.py:914} INFO - Processing file /home/airflow/.local/lib/python3.12/site-packages/airflow/example_dags/example_sensors.py for tasks to queue
[2025-03-03T19:33:13.738+0000] {logging_mixin.py:190} INFO - [2025-03-03T19:33:13.737+0000] {dagbag.py:588} INFO - Filling up the DagBag from /home/airflow/.local/lib/python3.12/site-packages/airflow/example_dags/example_sensors.py
[2025-03-03T19:33:13.770+0000] {processor.py:925} INFO - DAG(s) 'example_sensors' retrieved from /home/airflow/.local/lib/python3.12/site-packages/airflow/example_dags/example_sensors.py
[2025-03-03T19:33:13.828+0000] {logging_mixin.py:190} INFO - [2025-03-03T19:33:13.828+0000] {dag.py:3239} INFO - Sync 1 DAGs
[2025-03-03T19:33:13.853+0000] {logging_mixin.py:190} INFO - [2025-03-03T19:33:13.852+0000] {dag.py:4180} INFO - Setting next_dagrun for example_sensors to None, run_after=None
[2025-03-03T19:33:13.901+0000] {processor.py:208} INFO - Processing /home/airflow/.local/lib/python3.12/site-packages/airflow/example_dags/example_sensors.py took 0.184 seconds
[2025-03-03T19:33:44.387+0000] {processor.py:186} INFO - Started process (PID=9418) to work on /home/airflow/.local/lib/python3.12/site-packages/airflow/example_dags/example_sensors.py
[2025-03-03T19:33:44.389+0000] {processor.py:914} INFO - Processing file /home/airflow/.local/lib/python3.12/site-packages/airflow/example_dags/example_sensors.py for tasks to queue
[2025-03-03T19:33:44.395+0000] {logging_mixin.py:190} INFO - [2025-03-03T19:33:44.394+0000] {dagbag.py:588} INFO - Filling up the DagBag from /home/airflow/.local/lib/python3.12/site-packages/airflow/example_dags/example_sensors.py
[2025-03-03T19:33:44.424+0000] {processor.py:925} INFO - DAG(s) 'example_sensors' retrieved from /home/airflow/.local/lib/python3.12/site-packages/airflow/example_dags/example_sensors.py
[2025-03-03T19:33:44.472+0000] {logging_mixin.py:190} INFO - [2025-03-03T19:33:44.472+0000] {dag.py:3239} INFO - Sync 1 DAGs
[2025-03-03T19:33:44.502+0000] {logging_mixin.py:190} INFO - [2025-03-03T19:33:44.501+0000] {dag.py:4180} INFO - Setting next_dagrun for example_sensors to None, run_after=None
[2025-03-03T19:33:44.549+0000] {processor.py:208} INFO - Processing /home/airflow/.local/lib/python3.12/site-packages/airflow/example_dags/example_sensors.py took 0.176 seconds
[2025-03-03T19:34:15.149+0000] {processor.py:186} INFO - Started process (PID=9724) to work on /home/airflow/.local/lib/python3.12/site-packages/airflow/example_dags/example_sensors.py
[2025-03-03T19:34:15.156+0000] {processor.py:914} INFO - Processing file /home/airflow/.local/lib/python3.12/site-packages/airflow/example_dags/example_sensors.py for tasks to queue
[2025-03-03T19:34:15.166+0000] {logging_mixin.py:190} INFO - [2025-03-03T19:34:15.165+0000] {dagbag.py:588} INFO - Filling up the DagBag from /home/airflow/.local/lib/python3.12/site-packages/airflow/example_dags/example_sensors.py
[2025-03-03T19:34:15.202+0000] {processor.py:925} INFO - DAG(s) 'example_sensors' retrieved from /home/airflow/.local/lib/python3.12/site-packages/airflow/example_dags/example_sensors.py
[2025-03-03T19:34:15.275+0000] {logging_mixin.py:190} INFO - [2025-03-03T19:34:15.274+0000] {dag.py:3239} INFO - Sync 1 DAGs
[2025-03-03T19:34:15.330+0000] {logging_mixin.py:190} INFO - [2025-03-03T19:34:15.329+0000] {dag.py:4180} INFO - Setting next_dagrun for example_sensors to None, run_after=None
[2025-03-03T19:34:15.390+0000] {processor.py:208} INFO - Processing /home/airflow/.local/lib/python3.12/site-packages/airflow/example_dags/example_sensors.py took 0.266 seconds
[2025-03-03T19:34:45.605+0000] {processor.py:186} INFO - Started process (PID=10041) to work on /home/airflow/.local/lib/python3.12/site-packages/airflow/example_dags/example_sensors.py
[2025-03-03T19:34:45.609+0000] {processor.py:914} INFO - Processing file /home/airflow/.local/lib/python3.12/site-packages/airflow/example_dags/example_sensors.py for tasks to queue
[2025-03-03T19:34:45.635+0000] {logging_mixin.py:190} INFO - [2025-03-03T19:34:45.628+0000] {dagbag.py:588} INFO - Filling up the DagBag from /home/airflow/.local/lib/python3.12/site-packages/airflow/example_dags/example_sensors.py
[2025-03-03T19:34:45.686+0000] {processor.py:925} INFO - DAG(s) 'example_sensors' retrieved from /home/airflow/.local/lib/python3.12/site-packages/airflow/example_dags/example_sensors.py
[2025-03-03T19:34:45.806+0000] {logging_mixin.py:190} INFO - [2025-03-03T19:34:45.805+0000] {dag.py:3239} INFO - Sync 1 DAGs
[2025-03-03T19:34:45.891+0000] {logging_mixin.py:190} INFO - [2025-03-03T19:34:45.890+0000] {dag.py:4180} INFO - Setting next_dagrun for example_sensors to None, run_after=None
[2025-03-03T19:34:45.985+0000] {processor.py:208} INFO - Processing /home/airflow/.local/lib/python3.12/site-packages/airflow/example_dags/example_sensors.py took 0.399 seconds
[2025-03-03T19:35:19.433+0000] {processor.py:186} INFO - Started process (PID=10355) to work on /home/airflow/.local/lib/python3.12/site-packages/airflow/example_dags/example_sensors.py
[2025-03-03T19:35:19.440+0000] {processor.py:914} INFO - Processing file /home/airflow/.local/lib/python3.12/site-packages/airflow/example_dags/example_sensors.py for tasks to queue
[2025-03-03T19:35:19.454+0000] {logging_mixin.py:190} INFO - [2025-03-03T19:35:19.453+0000] {dagbag.py:588} INFO - Filling up the DagBag from /home/airflow/.local/lib/python3.12/site-packages/airflow/example_dags/example_sensors.py
[2025-03-03T19:35:19.508+0000] {processor.py:925} INFO - DAG(s) 'example_sensors' retrieved from /home/airflow/.local/lib/python3.12/site-packages/airflow/example_dags/example_sensors.py
[2025-03-03T19:35:19.639+0000] {logging_mixin.py:190} INFO - [2025-03-03T19:35:19.638+0000] {dag.py:3239} INFO - Sync 1 DAGs
[2025-03-03T19:35:19.744+0000] {logging_mixin.py:190} INFO - [2025-03-03T19:35:19.743+0000] {dag.py:4180} INFO - Setting next_dagrun for example_sensors to None, run_after=None
[2025-03-03T19:35:19.879+0000] {processor.py:208} INFO - Processing /home/airflow/.local/lib/python3.12/site-packages/airflow/example_dags/example_sensors.py took 0.470 seconds
