[2025-03-03T19:17:48.507+0000] {processor.py:186} INFO - Started process (PID=345) to work on /home/airflow/.local/lib/python3.12/site-packages/airflow/example_dags/example_bash_decorator.py
[2025-03-03T19:17:48.511+0000] {processor.py:914} INFO - Processing file /home/airflow/.local/lib/python3.12/site-packages/airflow/example_dags/example_bash_decorator.py for tasks to queue
[2025-03-03T19:17:48.530+0000] {logging_mixin.py:190} INFO - [2025-03-03T19:17:48.527+0000] {dagbag.py:588} INFO - Filling up the DagBag from /home/airflow/.local/lib/python3.12/site-packages/airflow/example_dags/example_bash_decorator.py
[2025-03-03T19:17:48.586+0000] {processor.py:925} INFO - DAG(s) 'example_bash_decorator' retrieved from /home/airflow/.local/lib/python3.12/site-packages/airflow/example_dags/example_bash_decorator.py
[2025-03-03T19:17:49.160+0000] {logging_mixin.py:190} INFO - [2025-03-03T19:17:49.159+0000] {dag.py:3239} INFO - Sync 1 DAGs
[2025-03-03T19:17:49.234+0000] {logging_mixin.py:190} INFO - [2025-03-03T19:17:49.232+0000] {dag.py:4180} INFO - Setting next_dagrun for example_bash_decorator to None, run_after=None
[2025-03-03T19:17:49.322+0000] {processor.py:208} INFO - Processing /home/airflow/.local/lib/python3.12/site-packages/airflow/example_dags/example_bash_decorator.py took 0.836 seconds
[2025-03-03T19:18:19.698+0000] {processor.py:186} INFO - Started process (PID=646) to work on /home/airflow/.local/lib/python3.12/site-packages/airflow/example_dags/example_bash_decorator.py
[2025-03-03T19:18:19.702+0000] {processor.py:914} INFO - Processing file /home/airflow/.local/lib/python3.12/site-packages/airflow/example_dags/example_bash_decorator.py for tasks to queue
[2025-03-03T19:18:19.710+0000] {logging_mixin.py:190} INFO - [2025-03-03T19:18:19.707+0000] {dagbag.py:588} INFO - Filling up the DagBag from /home/airflow/.local/lib/python3.12/site-packages/airflow/example_dags/example_bash_decorator.py
[2025-03-03T19:18:19.790+0000] {processor.py:925} INFO - DAG(s) 'example_bash_decorator' retrieved from /home/airflow/.local/lib/python3.12/site-packages/airflow/example_dags/example_bash_decorator.py
[2025-03-03T19:18:19.899+0000] {logging_mixin.py:190} INFO - [2025-03-03T19:18:19.899+0000] {dag.py:3239} INFO - Sync 1 DAGs
[2025-03-03T19:18:19.952+0000] {logging_mixin.py:190} INFO - [2025-03-03T19:18:19.951+0000] {dag.py:4180} INFO - Setting next_dagrun for example_bash_decorator to None, run_after=None
[2025-03-03T19:18:20.088+0000] {processor.py:208} INFO - Processing /home/airflow/.local/lib/python3.12/site-packages/airflow/example_dags/example_bash_decorator.py took 0.411 seconds
[2025-03-03T19:18:51.574+0000] {processor.py:186} INFO - Started process (PID=949) to work on /home/airflow/.local/lib/python3.12/site-packages/airflow/example_dags/example_bash_decorator.py
[2025-03-03T19:18:51.583+0000] {processor.py:914} INFO - Processing file /home/airflow/.local/lib/python3.12/site-packages/airflow/example_dags/example_bash_decorator.py for tasks to queue
[2025-03-03T19:18:51.677+0000] {logging_mixin.py:190} INFO - [2025-03-03T19:18:51.673+0000] {dagbag.py:588} INFO - Filling up the DagBag from /home/airflow/.local/lib/python3.12/site-packages/airflow/example_dags/example_bash_decorator.py
[2025-03-03T19:18:51.783+0000] {processor.py:925} INFO - DAG(s) 'example_bash_decorator' retrieved from /home/airflow/.local/lib/python3.12/site-packages/airflow/example_dags/example_bash_decorator.py
[2025-03-03T19:18:52.035+0000] {logging_mixin.py:190} INFO - [2025-03-03T19:18:52.035+0000] {dag.py:3239} INFO - Sync 1 DAGs
[2025-03-03T19:18:52.219+0000] {logging_mixin.py:190} INFO - [2025-03-03T19:18:52.216+0000] {dag.py:4180} INFO - Setting next_dagrun for example_bash_decorator to None, run_after=None
[2025-03-03T19:18:52.421+0000] {processor.py:208} INFO - Processing /home/airflow/.local/lib/python3.12/site-packages/airflow/example_dags/example_bash_decorator.py took 0.881 seconds
[2025-03-03T19:19:24.447+0000] {processor.py:186} INFO - Started process (PID=1254) to work on /home/airflow/.local/lib/python3.12/site-packages/airflow/example_dags/example_bash_decorator.py
[2025-03-03T19:19:24.453+0000] {processor.py:914} INFO - Processing file /home/airflow/.local/lib/python3.12/site-packages/airflow/example_dags/example_bash_decorator.py for tasks to queue
[2025-03-03T19:19:24.482+0000] {logging_mixin.py:190} INFO - [2025-03-03T19:19:24.481+0000] {dagbag.py:588} INFO - Filling up the DagBag from /home/airflow/.local/lib/python3.12/site-packages/airflow/example_dags/example_bash_decorator.py
[2025-03-03T19:19:24.539+0000] {processor.py:925} INFO - DAG(s) 'example_bash_decorator' retrieved from /home/airflow/.local/lib/python3.12/site-packages/airflow/example_dags/example_bash_decorator.py
[2025-03-03T19:19:24.620+0000] {logging_mixin.py:190} INFO - [2025-03-03T19:19:24.620+0000] {dag.py:3239} INFO - Sync 1 DAGs
[2025-03-03T19:19:24.675+0000] {logging_mixin.py:190} INFO - [2025-03-03T19:19:24.675+0000] {dag.py:4180} INFO - Setting next_dagrun for example_bash_decorator to None, run_after=None
[2025-03-03T19:19:24.956+0000] {processor.py:208} INFO - Processing /home/airflow/.local/lib/python3.12/site-packages/airflow/example_dags/example_bash_decorator.py took 0.531 seconds
[2025-03-03T19:19:55.583+0000] {processor.py:186} INFO - Started process (PID=1549) to work on /home/airflow/.local/lib/python3.12/site-packages/airflow/example_dags/example_bash_decorator.py
[2025-03-03T19:19:55.585+0000] {processor.py:914} INFO - Processing file /home/airflow/.local/lib/python3.12/site-packages/airflow/example_dags/example_bash_decorator.py for tasks to queue
[2025-03-03T19:19:55.591+0000] {logging_mixin.py:190} INFO - [2025-03-03T19:19:55.590+0000] {dagbag.py:588} INFO - Filling up the DagBag from /home/airflow/.local/lib/python3.12/site-packages/airflow/example_dags/example_bash_decorator.py
[2025-03-03T19:19:55.691+0000] {processor.py:925} INFO - DAG(s) 'example_bash_decorator' retrieved from /home/airflow/.local/lib/python3.12/site-packages/airflow/example_dags/example_bash_decorator.py
[2025-03-03T19:19:55.888+0000] {logging_mixin.py:190} INFO - [2025-03-03T19:19:55.887+0000] {dag.py:3239} INFO - Sync 1 DAGs
[2025-03-03T19:19:55.932+0000] {logging_mixin.py:190} INFO - [2025-03-03T19:19:55.931+0000] {dag.py:4180} INFO - Setting next_dagrun for example_bash_decorator to None, run_after=None
[2025-03-03T19:19:56.299+0000] {processor.py:208} INFO - Processing /home/airflow/.local/lib/python3.12/site-packages/airflow/example_dags/example_bash_decorator.py took 0.728 seconds
[2025-03-03T19:20:37.621+0000] {processor.py:186} INFO - Started process (PID=1870) to work on /home/airflow/.local/lib/python3.12/site-packages/airflow/example_dags/example_bash_decorator.py
[2025-03-03T19:20:37.629+0000] {processor.py:914} INFO - Processing file /home/airflow/.local/lib/python3.12/site-packages/airflow/example_dags/example_bash_decorator.py for tasks to queue
[2025-03-03T19:20:37.640+0000] {logging_mixin.py:190} INFO - [2025-03-03T19:20:37.640+0000] {dagbag.py:588} INFO - Filling up the DagBag from /home/airflow/.local/lib/python3.12/site-packages/airflow/example_dags/example_bash_decorator.py
[2025-03-03T19:20:37.702+0000] {processor.py:925} INFO - DAG(s) 'example_bash_decorator' retrieved from /home/airflow/.local/lib/python3.12/site-packages/airflow/example_dags/example_bash_decorator.py
[2025-03-03T19:20:37.830+0000] {logging_mixin.py:190} INFO - [2025-03-03T19:20:37.828+0000] {dag.py:3239} INFO - Sync 1 DAGs
[2025-03-03T19:20:37.923+0000] {logging_mixin.py:190} INFO - [2025-03-03T19:20:37.923+0000] {dag.py:4180} INFO - Setting next_dagrun for example_bash_decorator to None, run_after=None
[2025-03-03T19:20:38.081+0000] {processor.py:208} INFO - Processing /home/airflow/.local/lib/python3.12/site-packages/airflow/example_dags/example_bash_decorator.py took 0.486 seconds
[2025-03-03T19:21:09.055+0000] {processor.py:186} INFO - Started process (PID=2163) to work on /home/airflow/.local/lib/python3.12/site-packages/airflow/example_dags/example_bash_decorator.py
[2025-03-03T19:21:09.064+0000] {processor.py:914} INFO - Processing file /home/airflow/.local/lib/python3.12/site-packages/airflow/example_dags/example_bash_decorator.py for tasks to queue
[2025-03-03T19:21:09.090+0000] {logging_mixin.py:190} INFO - [2025-03-03T19:21:09.082+0000] {dagbag.py:588} INFO - Filling up the DagBag from /home/airflow/.local/lib/python3.12/site-packages/airflow/example_dags/example_bash_decorator.py
[2025-03-03T19:21:09.238+0000] {processor.py:925} INFO - DAG(s) 'example_bash_decorator' retrieved from /home/airflow/.local/lib/python3.12/site-packages/airflow/example_dags/example_bash_decorator.py
[2025-03-03T19:21:09.418+0000] {logging_mixin.py:190} INFO - [2025-03-03T19:21:09.416+0000] {dag.py:3239} INFO - Sync 1 DAGs
[2025-03-03T19:21:09.474+0000] {logging_mixin.py:190} INFO - [2025-03-03T19:21:09.473+0000] {dag.py:4180} INFO - Setting next_dagrun for example_bash_decorator to None, run_after=None
[2025-03-03T19:21:09.591+0000] {processor.py:208} INFO - Processing /home/airflow/.local/lib/python3.12/site-packages/airflow/example_dags/example_bash_decorator.py took 0.554 seconds
[2025-03-03T19:21:50.374+0000] {processor.py:186} INFO - Started process (PID=2451) to work on /home/airflow/.local/lib/python3.12/site-packages/airflow/example_dags/example_bash_decorator.py
[2025-03-03T19:21:50.380+0000] {processor.py:914} INFO - Processing file /home/airflow/.local/lib/python3.12/site-packages/airflow/example_dags/example_bash_decorator.py for tasks to queue
[2025-03-03T19:21:50.394+0000] {logging_mixin.py:190} INFO - [2025-03-03T19:21:50.393+0000] {dagbag.py:588} INFO - Filling up the DagBag from /home/airflow/.local/lib/python3.12/site-packages/airflow/example_dags/example_bash_decorator.py
[2025-03-03T19:21:50.475+0000] {processor.py:925} INFO - DAG(s) 'example_bash_decorator' retrieved from /home/airflow/.local/lib/python3.12/site-packages/airflow/example_dags/example_bash_decorator.py
[2025-03-03T19:21:50.619+0000] {logging_mixin.py:190} INFO - [2025-03-03T19:21:50.618+0000] {dag.py:3239} INFO - Sync 1 DAGs
[2025-03-03T19:21:50.729+0000] {logging_mixin.py:190} INFO - [2025-03-03T19:21:50.729+0000] {dag.py:4180} INFO - Setting next_dagrun for example_bash_decorator to None, run_after=None
[2025-03-03T19:21:51.843+0000] {processor.py:208} INFO - Processing /home/airflow/.local/lib/python3.12/site-packages/airflow/example_dags/example_bash_decorator.py took 1.498 seconds
[2025-03-03T19:22:22.367+0000] {processor.py:186} INFO - Started process (PID=2750) to work on /home/airflow/.local/lib/python3.12/site-packages/airflow/example_dags/example_bash_decorator.py
[2025-03-03T19:22:22.371+0000] {processor.py:914} INFO - Processing file /home/airflow/.local/lib/python3.12/site-packages/airflow/example_dags/example_bash_decorator.py for tasks to queue
[2025-03-03T19:22:22.378+0000] {logging_mixin.py:190} INFO - [2025-03-03T19:22:22.377+0000] {dagbag.py:588} INFO - Filling up the DagBag from /home/airflow/.local/lib/python3.12/site-packages/airflow/example_dags/example_bash_decorator.py
[2025-03-03T19:22:22.459+0000] {processor.py:925} INFO - DAG(s) 'example_bash_decorator' retrieved from /home/airflow/.local/lib/python3.12/site-packages/airflow/example_dags/example_bash_decorator.py
[2025-03-03T19:22:22.608+0000] {logging_mixin.py:190} INFO - [2025-03-03T19:22:22.607+0000] {dag.py:3239} INFO - Sync 1 DAGs
[2025-03-03T19:22:22.721+0000] {logging_mixin.py:190} INFO - [2025-03-03T19:22:22.720+0000] {dag.py:4180} INFO - Setting next_dagrun for example_bash_decorator to None, run_after=None
[2025-03-03T19:22:22.843+0000] {processor.py:208} INFO - Processing /home/airflow/.local/lib/python3.12/site-packages/airflow/example_dags/example_bash_decorator.py took 0.501 seconds
[2025-03-03T19:22:53.528+0000] {processor.py:186} INFO - Started process (PID=3073) to work on /home/airflow/.local/lib/python3.12/site-packages/airflow/example_dags/example_bash_decorator.py
[2025-03-03T19:22:53.531+0000] {processor.py:914} INFO - Processing file /home/airflow/.local/lib/python3.12/site-packages/airflow/example_dags/example_bash_decorator.py for tasks to queue
[2025-03-03T19:22:53.543+0000] {logging_mixin.py:190} INFO - [2025-03-03T19:22:53.540+0000] {dagbag.py:588} INFO - Filling up the DagBag from /home/airflow/.local/lib/python3.12/site-packages/airflow/example_dags/example_bash_decorator.py
[2025-03-03T19:22:53.635+0000] {processor.py:925} INFO - DAG(s) 'example_bash_decorator' retrieved from /home/airflow/.local/lib/python3.12/site-packages/airflow/example_dags/example_bash_decorator.py
[2025-03-03T19:22:53.701+0000] {logging_mixin.py:190} INFO - [2025-03-03T19:22:53.700+0000] {dag.py:3239} INFO - Sync 1 DAGs
[2025-03-03T19:22:53.788+0000] {logging_mixin.py:190} INFO - [2025-03-03T19:22:53.787+0000] {dag.py:4180} INFO - Setting next_dagrun for example_bash_decorator to None, run_after=None
[2025-03-03T19:22:53.868+0000] {processor.py:208} INFO - Processing /home/airflow/.local/lib/python3.12/site-packages/airflow/example_dags/example_bash_decorator.py took 0.404 seconds
[2025-03-03T19:23:24.417+0000] {processor.py:186} INFO - Started process (PID=3372) to work on /home/airflow/.local/lib/python3.12/site-packages/airflow/example_dags/example_bash_decorator.py
[2025-03-03T19:23:24.420+0000] {processor.py:914} INFO - Processing file /home/airflow/.local/lib/python3.12/site-packages/airflow/example_dags/example_bash_decorator.py for tasks to queue
[2025-03-03T19:23:24.438+0000] {logging_mixin.py:190} INFO - [2025-03-03T19:23:24.437+0000] {dagbag.py:588} INFO - Filling up the DagBag from /home/airflow/.local/lib/python3.12/site-packages/airflow/example_dags/example_bash_decorator.py
[2025-03-03T19:23:24.489+0000] {processor.py:925} INFO - DAG(s) 'example_bash_decorator' retrieved from /home/airflow/.local/lib/python3.12/site-packages/airflow/example_dags/example_bash_decorator.py
[2025-03-03T19:23:24.600+0000] {logging_mixin.py:190} INFO - [2025-03-03T19:23:24.599+0000] {dag.py:3239} INFO - Sync 1 DAGs
[2025-03-03T19:23:24.654+0000] {logging_mixin.py:190} INFO - [2025-03-03T19:23:24.653+0000] {dag.py:4180} INFO - Setting next_dagrun for example_bash_decorator to None, run_after=None
[2025-03-03T19:23:24.736+0000] {processor.py:208} INFO - Processing /home/airflow/.local/lib/python3.12/site-packages/airflow/example_dags/example_bash_decorator.py took 0.336 seconds
[2025-03-03T19:23:57.825+0000] {processor.py:186} INFO - Started process (PID=3693) to work on /home/airflow/.local/lib/python3.12/site-packages/airflow/example_dags/example_bash_decorator.py
[2025-03-03T19:23:57.834+0000] {processor.py:914} INFO - Processing file /home/airflow/.local/lib/python3.12/site-packages/airflow/example_dags/example_bash_decorator.py for tasks to queue
[2025-03-03T19:23:57.847+0000] {logging_mixin.py:190} INFO - [2025-03-03T19:23:57.845+0000] {dagbag.py:588} INFO - Filling up the DagBag from /home/airflow/.local/lib/python3.12/site-packages/airflow/example_dags/example_bash_decorator.py
[2025-03-03T19:23:57.928+0000] {processor.py:925} INFO - DAG(s) 'example_bash_decorator' retrieved from /home/airflow/.local/lib/python3.12/site-packages/airflow/example_dags/example_bash_decorator.py
[2025-03-03T19:23:57.994+0000] {logging_mixin.py:190} INFO - [2025-03-03T19:23:57.993+0000] {dag.py:3239} INFO - Sync 1 DAGs
[2025-03-03T19:23:58.054+0000] {logging_mixin.py:190} INFO - [2025-03-03T19:23:58.053+0000] {dag.py:4180} INFO - Setting next_dagrun for example_bash_decorator to None, run_after=None
[2025-03-03T19:23:58.136+0000] {processor.py:208} INFO - Processing /home/airflow/.local/lib/python3.12/site-packages/airflow/example_dags/example_bash_decorator.py took 0.343 seconds
[2025-03-03T19:24:28.949+0000] {processor.py:186} INFO - Started process (PID=4000) to work on /home/airflow/.local/lib/python3.12/site-packages/airflow/example_dags/example_bash_decorator.py
[2025-03-03T19:24:28.952+0000] {processor.py:914} INFO - Processing file /home/airflow/.local/lib/python3.12/site-packages/airflow/example_dags/example_bash_decorator.py for tasks to queue
[2025-03-03T19:24:28.960+0000] {logging_mixin.py:190} INFO - [2025-03-03T19:24:28.960+0000] {dagbag.py:588} INFO - Filling up the DagBag from /home/airflow/.local/lib/python3.12/site-packages/airflow/example_dags/example_bash_decorator.py
[2025-03-03T19:24:28.999+0000] {processor.py:925} INFO - DAG(s) 'example_bash_decorator' retrieved from /home/airflow/.local/lib/python3.12/site-packages/airflow/example_dags/example_bash_decorator.py
[2025-03-03T19:24:29.047+0000] {logging_mixin.py:190} INFO - [2025-03-03T19:24:29.046+0000] {dag.py:3239} INFO - Sync 1 DAGs
[2025-03-03T19:24:29.074+0000] {logging_mixin.py:190} INFO - [2025-03-03T19:24:29.074+0000] {dag.py:4180} INFO - Setting next_dagrun for example_bash_decorator to None, run_after=None
[2025-03-03T19:24:29.129+0000] {processor.py:208} INFO - Processing /home/airflow/.local/lib/python3.12/site-packages/airflow/example_dags/example_bash_decorator.py took 0.196 seconds
[2025-03-03T19:25:06.348+0000] {processor.py:186} INFO - Started process (PID=4331) to work on /home/airflow/.local/lib/python3.12/site-packages/airflow/example_dags/example_bash_decorator.py
[2025-03-03T19:25:06.351+0000] {processor.py:914} INFO - Processing file /home/airflow/.local/lib/python3.12/site-packages/airflow/example_dags/example_bash_decorator.py for tasks to queue
[2025-03-03T19:25:06.358+0000] {logging_mixin.py:190} INFO - [2025-03-03T19:25:06.357+0000] {dagbag.py:588} INFO - Filling up the DagBag from /home/airflow/.local/lib/python3.12/site-packages/airflow/example_dags/example_bash_decorator.py
[2025-03-03T19:25:06.402+0000] {processor.py:925} INFO - DAG(s) 'example_bash_decorator' retrieved from /home/airflow/.local/lib/python3.12/site-packages/airflow/example_dags/example_bash_decorator.py
[2025-03-03T19:25:06.460+0000] {logging_mixin.py:190} INFO - [2025-03-03T19:25:06.459+0000] {dag.py:3239} INFO - Sync 1 DAGs
[2025-03-03T19:25:06.500+0000] {logging_mixin.py:190} INFO - [2025-03-03T19:25:06.500+0000] {dag.py:4180} INFO - Setting next_dagrun for example_bash_decorator to None, run_after=None
[2025-03-03T19:25:06.905+0000] {processor.py:208} INFO - Processing /home/airflow/.local/lib/python3.12/site-packages/airflow/example_dags/example_bash_decorator.py took 0.573 seconds
[2025-03-03T19:25:37.602+0000] {processor.py:186} INFO - Started process (PID=4638) to work on /home/airflow/.local/lib/python3.12/site-packages/airflow/example_dags/example_bash_decorator.py
[2025-03-03T19:25:37.606+0000] {processor.py:914} INFO - Processing file /home/airflow/.local/lib/python3.12/site-packages/airflow/example_dags/example_bash_decorator.py for tasks to queue
[2025-03-03T19:25:37.616+0000] {logging_mixin.py:190} INFO - [2025-03-03T19:25:37.614+0000] {dagbag.py:588} INFO - Filling up the DagBag from /home/airflow/.local/lib/python3.12/site-packages/airflow/example_dags/example_bash_decorator.py
[2025-03-03T19:25:37.665+0000] {processor.py:925} INFO - DAG(s) 'example_bash_decorator' retrieved from /home/airflow/.local/lib/python3.12/site-packages/airflow/example_dags/example_bash_decorator.py
[2025-03-03T19:25:37.728+0000] {logging_mixin.py:190} INFO - [2025-03-03T19:25:37.728+0000] {dag.py:3239} INFO - Sync 1 DAGs
[2025-03-03T19:25:37.769+0000] {logging_mixin.py:190} INFO - [2025-03-03T19:25:37.768+0000] {dag.py:4180} INFO - Setting next_dagrun for example_bash_decorator to None, run_after=None
[2025-03-03T19:25:37.852+0000] {processor.py:208} INFO - Processing /home/airflow/.local/lib/python3.12/site-packages/airflow/example_dags/example_bash_decorator.py took 0.268 seconds
[2025-03-03T19:26:11.797+0000] {processor.py:186} INFO - Started process (PID=4954) to work on /home/airflow/.local/lib/python3.12/site-packages/airflow/example_dags/example_bash_decorator.py
[2025-03-03T19:26:11.806+0000] {processor.py:914} INFO - Processing file /home/airflow/.local/lib/python3.12/site-packages/airflow/example_dags/example_bash_decorator.py for tasks to queue
[2025-03-03T19:26:11.849+0000] {logging_mixin.py:190} INFO - [2025-03-03T19:26:11.849+0000] {dagbag.py:588} INFO - Filling up the DagBag from /home/airflow/.local/lib/python3.12/site-packages/airflow/example_dags/example_bash_decorator.py
[2025-03-03T19:26:11.970+0000] {processor.py:925} INFO - DAG(s) 'example_bash_decorator' retrieved from /home/airflow/.local/lib/python3.12/site-packages/airflow/example_dags/example_bash_decorator.py
[2025-03-03T19:26:12.140+0000] {logging_mixin.py:190} INFO - [2025-03-03T19:26:12.140+0000] {dag.py:3239} INFO - Sync 1 DAGs
[2025-03-03T19:26:12.307+0000] {logging_mixin.py:190} INFO - [2025-03-03T19:26:12.305+0000] {dag.py:4180} INFO - Setting next_dagrun for example_bash_decorator to None, run_after=None
[2025-03-03T19:26:12.479+0000] {processor.py:208} INFO - Processing /home/airflow/.local/lib/python3.12/site-packages/airflow/example_dags/example_bash_decorator.py took 0.729 seconds
[2025-03-03T19:26:42.684+0000] {processor.py:186} INFO - Started process (PID=5272) to work on /home/airflow/.local/lib/python3.12/site-packages/airflow/example_dags/example_bash_decorator.py
[2025-03-03T19:26:42.687+0000] {processor.py:914} INFO - Processing file /home/airflow/.local/lib/python3.12/site-packages/airflow/example_dags/example_bash_decorator.py for tasks to queue
[2025-03-03T19:26:42.696+0000] {logging_mixin.py:190} INFO - [2025-03-03T19:26:42.695+0000] {dagbag.py:588} INFO - Filling up the DagBag from /home/airflow/.local/lib/python3.12/site-packages/airflow/example_dags/example_bash_decorator.py
[2025-03-03T19:26:42.747+0000] {processor.py:925} INFO - DAG(s) 'example_bash_decorator' retrieved from /home/airflow/.local/lib/python3.12/site-packages/airflow/example_dags/example_bash_decorator.py
[2025-03-03T19:26:42.813+0000] {logging_mixin.py:190} INFO - [2025-03-03T19:26:42.813+0000] {dag.py:3239} INFO - Sync 1 DAGs
[2025-03-03T19:26:42.855+0000] {logging_mixin.py:190} INFO - [2025-03-03T19:26:42.854+0000] {dag.py:4180} INFO - Setting next_dagrun for example_bash_decorator to None, run_after=None
[2025-03-03T19:26:42.918+0000] {processor.py:208} INFO - Processing /home/airflow/.local/lib/python3.12/site-packages/airflow/example_dags/example_bash_decorator.py took 0.253 seconds
[2025-03-03T19:27:13.998+0000] {processor.py:186} INFO - Started process (PID=5569) to work on /home/airflow/.local/lib/python3.12/site-packages/airflow/example_dags/example_bash_decorator.py
[2025-03-03T19:27:14.002+0000] {processor.py:914} INFO - Processing file /home/airflow/.local/lib/python3.12/site-packages/airflow/example_dags/example_bash_decorator.py for tasks to queue
[2025-03-03T19:27:14.012+0000] {logging_mixin.py:190} INFO - [2025-03-03T19:27:14.011+0000] {dagbag.py:588} INFO - Filling up the DagBag from /home/airflow/.local/lib/python3.12/site-packages/airflow/example_dags/example_bash_decorator.py
[2025-03-03T19:27:14.061+0000] {processor.py:925} INFO - DAG(s) 'example_bash_decorator' retrieved from /home/airflow/.local/lib/python3.12/site-packages/airflow/example_dags/example_bash_decorator.py
[2025-03-03T19:27:14.125+0000] {logging_mixin.py:190} INFO - [2025-03-03T19:27:14.124+0000] {dag.py:3239} INFO - Sync 1 DAGs
[2025-03-03T19:27:14.168+0000] {logging_mixin.py:190} INFO - [2025-03-03T19:27:14.168+0000] {dag.py:4180} INFO - Setting next_dagrun for example_bash_decorator to None, run_after=None
[2025-03-03T19:27:14.239+0000] {processor.py:208} INFO - Processing /home/airflow/.local/lib/python3.12/site-packages/airflow/example_dags/example_bash_decorator.py took 0.258 seconds
[2025-03-03T19:27:44.604+0000] {processor.py:186} INFO - Started process (PID=5898) to work on /home/airflow/.local/lib/python3.12/site-packages/airflow/example_dags/example_bash_decorator.py
[2025-03-03T19:27:44.607+0000] {processor.py:914} INFO - Processing file /home/airflow/.local/lib/python3.12/site-packages/airflow/example_dags/example_bash_decorator.py for tasks to queue
[2025-03-03T19:27:44.623+0000] {logging_mixin.py:190} INFO - [2025-03-03T19:27:44.622+0000] {dagbag.py:588} INFO - Filling up the DagBag from /home/airflow/.local/lib/python3.12/site-packages/airflow/example_dags/example_bash_decorator.py
[2025-03-03T19:27:44.694+0000] {processor.py:925} INFO - DAG(s) 'example_bash_decorator' retrieved from /home/airflow/.local/lib/python3.12/site-packages/airflow/example_dags/example_bash_decorator.py
[2025-03-03T19:27:44.766+0000] {logging_mixin.py:190} INFO - [2025-03-03T19:27:44.766+0000] {dag.py:3239} INFO - Sync 1 DAGs
[2025-03-03T19:27:44.813+0000] {logging_mixin.py:190} INFO - [2025-03-03T19:27:44.813+0000] {dag.py:4180} INFO - Setting next_dagrun for example_bash_decorator to None, run_after=None
[2025-03-03T19:27:44.888+0000] {processor.py:208} INFO - Processing /home/airflow/.local/lib/python3.12/site-packages/airflow/example_dags/example_bash_decorator.py took 0.311 seconds
[2025-03-03T19:28:15.575+0000] {processor.py:186} INFO - Started process (PID=6197) to work on /home/airflow/.local/lib/python3.12/site-packages/airflow/example_dags/example_bash_decorator.py
[2025-03-03T19:28:15.578+0000] {processor.py:914} INFO - Processing file /home/airflow/.local/lib/python3.12/site-packages/airflow/example_dags/example_bash_decorator.py for tasks to queue
[2025-03-03T19:28:15.584+0000] {logging_mixin.py:190} INFO - [2025-03-03T19:28:15.583+0000] {dagbag.py:588} INFO - Filling up the DagBag from /home/airflow/.local/lib/python3.12/site-packages/airflow/example_dags/example_bash_decorator.py
[2025-03-03T19:28:15.624+0000] {processor.py:925} INFO - DAG(s) 'example_bash_decorator' retrieved from /home/airflow/.local/lib/python3.12/site-packages/airflow/example_dags/example_bash_decorator.py
[2025-03-03T19:28:15.674+0000] {logging_mixin.py:190} INFO - [2025-03-03T19:28:15.673+0000] {dag.py:3239} INFO - Sync 1 DAGs
[2025-03-03T19:28:15.705+0000] {logging_mixin.py:190} INFO - [2025-03-03T19:28:15.705+0000] {dag.py:4180} INFO - Setting next_dagrun for example_bash_decorator to None, run_after=None
[2025-03-03T19:28:15.790+0000] {processor.py:208} INFO - Processing /home/airflow/.local/lib/python3.12/site-packages/airflow/example_dags/example_bash_decorator.py took 0.235 seconds
[2025-03-03T19:28:50.607+0000] {processor.py:186} INFO - Started process (PID=6514) to work on /home/airflow/.local/lib/python3.12/site-packages/airflow/example_dags/example_bash_decorator.py
[2025-03-03T19:28:50.609+0000] {processor.py:914} INFO - Processing file /home/airflow/.local/lib/python3.12/site-packages/airflow/example_dags/example_bash_decorator.py for tasks to queue
[2025-03-03T19:28:50.626+0000] {logging_mixin.py:190} INFO - [2025-03-03T19:28:50.625+0000] {dagbag.py:588} INFO - Filling up the DagBag from /home/airflow/.local/lib/python3.12/site-packages/airflow/example_dags/example_bash_decorator.py
[2025-03-03T19:28:50.669+0000] {processor.py:925} INFO - DAG(s) 'example_bash_decorator' retrieved from /home/airflow/.local/lib/python3.12/site-packages/airflow/example_dags/example_bash_decorator.py
[2025-03-03T19:28:50.737+0000] {logging_mixin.py:190} INFO - [2025-03-03T19:28:50.737+0000] {dag.py:3239} INFO - Sync 1 DAGs
[2025-03-03T19:28:50.782+0000] {logging_mixin.py:190} INFO - [2025-03-03T19:28:50.781+0000] {dag.py:4180} INFO - Setting next_dagrun for example_bash_decorator to None, run_after=None
[2025-03-03T19:28:50.836+0000] {processor.py:208} INFO - Processing /home/airflow/.local/lib/python3.12/site-packages/airflow/example_dags/example_bash_decorator.py took 0.245 seconds
[2025-03-03T19:29:22.873+0000] {processor.py:186} INFO - Started process (PID=6812) to work on /home/airflow/.local/lib/python3.12/site-packages/airflow/example_dags/example_bash_decorator.py
[2025-03-03T19:29:22.875+0000] {processor.py:914} INFO - Processing file /home/airflow/.local/lib/python3.12/site-packages/airflow/example_dags/example_bash_decorator.py for tasks to queue
[2025-03-03T19:29:22.881+0000] {logging_mixin.py:190} INFO - [2025-03-03T19:29:22.880+0000] {dagbag.py:588} INFO - Filling up the DagBag from /home/airflow/.local/lib/python3.12/site-packages/airflow/example_dags/example_bash_decorator.py
[2025-03-03T19:29:22.919+0000] {processor.py:925} INFO - DAG(s) 'example_bash_decorator' retrieved from /home/airflow/.local/lib/python3.12/site-packages/airflow/example_dags/example_bash_decorator.py
[2025-03-03T19:29:22.970+0000] {logging_mixin.py:190} INFO - [2025-03-03T19:29:22.969+0000] {dag.py:3239} INFO - Sync 1 DAGs
[2025-03-03T19:29:23.009+0000] {logging_mixin.py:190} INFO - [2025-03-03T19:29:23.008+0000] {dag.py:4180} INFO - Setting next_dagrun for example_bash_decorator to None, run_after=None
[2025-03-03T19:29:23.084+0000] {processor.py:208} INFO - Processing /home/airflow/.local/lib/python3.12/site-packages/airflow/example_dags/example_bash_decorator.py took 0.229 seconds
[2025-03-03T19:29:56.734+0000] {processor.py:186} INFO - Started process (PID=7133) to work on /home/airflow/.local/lib/python3.12/site-packages/airflow/example_dags/example_bash_decorator.py
[2025-03-03T19:29:56.744+0000] {processor.py:914} INFO - Processing file /home/airflow/.local/lib/python3.12/site-packages/airflow/example_dags/example_bash_decorator.py for tasks to queue
[2025-03-03T19:29:56.761+0000] {logging_mixin.py:190} INFO - [2025-03-03T19:29:56.760+0000] {dagbag.py:588} INFO - Filling up the DagBag from /home/airflow/.local/lib/python3.12/site-packages/airflow/example_dags/example_bash_decorator.py
[2025-03-03T19:29:56.875+0000] {processor.py:925} INFO - DAG(s) 'example_bash_decorator' retrieved from /home/airflow/.local/lib/python3.12/site-packages/airflow/example_dags/example_bash_decorator.py
[2025-03-03T19:29:57.054+0000] {logging_mixin.py:190} INFO - [2025-03-03T19:29:57.050+0000] {dag.py:3239} INFO - Sync 1 DAGs
[2025-03-03T19:29:57.118+0000] {logging_mixin.py:190} INFO - [2025-03-03T19:29:57.117+0000] {dag.py:4180} INFO - Setting next_dagrun for example_bash_decorator to None, run_after=None
[2025-03-03T19:29:57.239+0000] {processor.py:208} INFO - Processing /home/airflow/.local/lib/python3.12/site-packages/airflow/example_dags/example_bash_decorator.py took 0.528 seconds
[2025-03-03T19:30:27.863+0000] {processor.py:186} INFO - Started process (PID=7435) to work on /home/airflow/.local/lib/python3.12/site-packages/airflow/example_dags/example_bash_decorator.py
[2025-03-03T19:30:27.869+0000] {processor.py:914} INFO - Processing file /home/airflow/.local/lib/python3.12/site-packages/airflow/example_dags/example_bash_decorator.py for tasks to queue
[2025-03-03T19:30:27.878+0000] {logging_mixin.py:190} INFO - [2025-03-03T19:30:27.877+0000] {dagbag.py:588} INFO - Filling up the DagBag from /home/airflow/.local/lib/python3.12/site-packages/airflow/example_dags/example_bash_decorator.py
[2025-03-03T19:30:27.915+0000] {processor.py:925} INFO - DAG(s) 'example_bash_decorator' retrieved from /home/airflow/.local/lib/python3.12/site-packages/airflow/example_dags/example_bash_decorator.py
[2025-03-03T19:30:27.970+0000] {logging_mixin.py:190} INFO - [2025-03-03T19:30:27.969+0000] {dag.py:3239} INFO - Sync 1 DAGs
[2025-03-03T19:30:27.997+0000] {logging_mixin.py:190} INFO - [2025-03-03T19:30:27.997+0000] {dag.py:4180} INFO - Setting next_dagrun for example_bash_decorator to None, run_after=None
[2025-03-03T19:30:28.063+0000] {processor.py:208} INFO - Processing /home/airflow/.local/lib/python3.12/site-packages/airflow/example_dags/example_bash_decorator.py took 0.214 seconds
[2025-03-03T19:30:58.563+0000] {processor.py:186} INFO - Started process (PID=7747) to work on /home/airflow/.local/lib/python3.12/site-packages/airflow/example_dags/example_bash_decorator.py
[2025-03-03T19:30:58.567+0000] {processor.py:914} INFO - Processing file /home/airflow/.local/lib/python3.12/site-packages/airflow/example_dags/example_bash_decorator.py for tasks to queue
[2025-03-03T19:30:58.578+0000] {logging_mixin.py:190} INFO - [2025-03-03T19:30:58.577+0000] {dagbag.py:588} INFO - Filling up the DagBag from /home/airflow/.local/lib/python3.12/site-packages/airflow/example_dags/example_bash_decorator.py
[2025-03-03T19:30:58.638+0000] {processor.py:925} INFO - DAG(s) 'example_bash_decorator' retrieved from /home/airflow/.local/lib/python3.12/site-packages/airflow/example_dags/example_bash_decorator.py
[2025-03-03T19:30:58.705+0000] {logging_mixin.py:190} INFO - [2025-03-03T19:30:58.705+0000] {dag.py:3239} INFO - Sync 1 DAGs
[2025-03-03T19:30:58.744+0000] {logging_mixin.py:190} INFO - [2025-03-03T19:30:58.744+0000] {dag.py:4180} INFO - Setting next_dagrun for example_bash_decorator to None, run_after=None
[2025-03-03T19:30:58.796+0000] {processor.py:208} INFO - Processing /home/airflow/.local/lib/python3.12/site-packages/airflow/example_dags/example_bash_decorator.py took 0.251 seconds
[2025-03-03T19:31:28.956+0000] {processor.py:186} INFO - Started process (PID=8058) to work on /home/airflow/.local/lib/python3.12/site-packages/airflow/example_dags/example_bash_decorator.py
[2025-03-03T19:31:28.958+0000] {processor.py:914} INFO - Processing file /home/airflow/.local/lib/python3.12/site-packages/airflow/example_dags/example_bash_decorator.py for tasks to queue
[2025-03-03T19:31:28.966+0000] {logging_mixin.py:190} INFO - [2025-03-03T19:31:28.965+0000] {dagbag.py:588} INFO - Filling up the DagBag from /home/airflow/.local/lib/python3.12/site-packages/airflow/example_dags/example_bash_decorator.py
[2025-03-03T19:31:29.001+0000] {processor.py:925} INFO - DAG(s) 'example_bash_decorator' retrieved from /home/airflow/.local/lib/python3.12/site-packages/airflow/example_dags/example_bash_decorator.py
[2025-03-03T19:31:29.041+0000] {logging_mixin.py:190} INFO - [2025-03-03T19:31:29.041+0000] {dag.py:3239} INFO - Sync 1 DAGs
[2025-03-03T19:31:29.074+0000] {logging_mixin.py:190} INFO - [2025-03-03T19:31:29.074+0000] {dag.py:4180} INFO - Setting next_dagrun for example_bash_decorator to None, run_after=None
[2025-03-03T19:31:29.115+0000] {processor.py:208} INFO - Processing /home/airflow/.local/lib/python3.12/site-packages/airflow/example_dags/example_bash_decorator.py took 0.174 seconds
[2025-03-03T19:31:59.399+0000] {processor.py:186} INFO - Started process (PID=8361) to work on /home/airflow/.local/lib/python3.12/site-packages/airflow/example_dags/example_bash_decorator.py
[2025-03-03T19:31:59.405+0000] {processor.py:914} INFO - Processing file /home/airflow/.local/lib/python3.12/site-packages/airflow/example_dags/example_bash_decorator.py for tasks to queue
[2025-03-03T19:31:59.424+0000] {logging_mixin.py:190} INFO - [2025-03-03T19:31:59.418+0000] {dagbag.py:588} INFO - Filling up the DagBag from /home/airflow/.local/lib/python3.12/site-packages/airflow/example_dags/example_bash_decorator.py
[2025-03-03T19:31:59.535+0000] {processor.py:925} INFO - DAG(s) 'example_bash_decorator' retrieved from /home/airflow/.local/lib/python3.12/site-packages/airflow/example_dags/example_bash_decorator.py
[2025-03-03T19:31:59.704+0000] {logging_mixin.py:190} INFO - [2025-03-03T19:31:59.702+0000] {dag.py:3239} INFO - Sync 1 DAGs
[2025-03-03T19:31:59.762+0000] {logging_mixin.py:190} INFO - [2025-03-03T19:31:59.762+0000] {dag.py:4180} INFO - Setting next_dagrun for example_bash_decorator to None, run_after=None
[2025-03-03T19:31:59.857+0000] {processor.py:208} INFO - Processing /home/airflow/.local/lib/python3.12/site-packages/airflow/example_dags/example_bash_decorator.py took 0.540 seconds
[2025-03-03T19:32:30.603+0000] {processor.py:186} INFO - Started process (PID=8686) to work on /home/airflow/.local/lib/python3.12/site-packages/airflow/example_dags/example_bash_decorator.py
[2025-03-03T19:32:30.606+0000] {processor.py:914} INFO - Processing file /home/airflow/.local/lib/python3.12/site-packages/airflow/example_dags/example_bash_decorator.py for tasks to queue
[2025-03-03T19:32:30.629+0000] {logging_mixin.py:190} INFO - [2025-03-03T19:32:30.629+0000] {dagbag.py:588} INFO - Filling up the DagBag from /home/airflow/.local/lib/python3.12/site-packages/airflow/example_dags/example_bash_decorator.py
[2025-03-03T19:32:30.699+0000] {processor.py:925} INFO - DAG(s) 'example_bash_decorator' retrieved from /home/airflow/.local/lib/python3.12/site-packages/airflow/example_dags/example_bash_decorator.py
[2025-03-03T19:32:30.778+0000] {logging_mixin.py:190} INFO - [2025-03-03T19:32:30.778+0000] {dag.py:3239} INFO - Sync 1 DAGs
[2025-03-03T19:32:30.825+0000] {logging_mixin.py:190} INFO - [2025-03-03T19:32:30.824+0000] {dag.py:4180} INFO - Setting next_dagrun for example_bash_decorator to None, run_after=None
[2025-03-03T19:32:30.901+0000] {processor.py:208} INFO - Processing /home/airflow/.local/lib/python3.12/site-packages/airflow/example_dags/example_bash_decorator.py took 0.314 seconds
[2025-03-03T19:33:01.501+0000] {processor.py:186} INFO - Started process (PID=8985) to work on /home/airflow/.local/lib/python3.12/site-packages/airflow/example_dags/example_bash_decorator.py
[2025-03-03T19:33:01.508+0000] {processor.py:914} INFO - Processing file /home/airflow/.local/lib/python3.12/site-packages/airflow/example_dags/example_bash_decorator.py for tasks to queue
[2025-03-03T19:33:01.517+0000] {logging_mixin.py:190} INFO - [2025-03-03T19:33:01.516+0000] {dagbag.py:588} INFO - Filling up the DagBag from /home/airflow/.local/lib/python3.12/site-packages/airflow/example_dags/example_bash_decorator.py
[2025-03-03T19:33:01.560+0000] {processor.py:925} INFO - DAG(s) 'example_bash_decorator' retrieved from /home/airflow/.local/lib/python3.12/site-packages/airflow/example_dags/example_bash_decorator.py
[2025-03-03T19:33:01.622+0000] {logging_mixin.py:190} INFO - [2025-03-03T19:33:01.621+0000] {dag.py:3239} INFO - Sync 1 DAGs
[2025-03-03T19:33:01.660+0000] {logging_mixin.py:190} INFO - [2025-03-03T19:33:01.660+0000] {dag.py:4180} INFO - Setting next_dagrun for example_bash_decorator to None, run_after=None
[2025-03-03T19:33:01.734+0000] {processor.py:208} INFO - Processing /home/airflow/.local/lib/python3.12/site-packages/airflow/example_dags/example_bash_decorator.py took 0.255 seconds
[2025-03-03T19:33:32.013+0000] {processor.py:186} INFO - Started process (PID=9300) to work on /home/airflow/.local/lib/python3.12/site-packages/airflow/example_dags/example_bash_decorator.py
[2025-03-03T19:33:32.020+0000] {processor.py:914} INFO - Processing file /home/airflow/.local/lib/python3.12/site-packages/airflow/example_dags/example_bash_decorator.py for tasks to queue
[2025-03-03T19:33:32.027+0000] {logging_mixin.py:190} INFO - [2025-03-03T19:33:32.026+0000] {dagbag.py:588} INFO - Filling up the DagBag from /home/airflow/.local/lib/python3.12/site-packages/airflow/example_dags/example_bash_decorator.py
[2025-03-03T19:33:32.116+0000] {processor.py:925} INFO - DAG(s) 'example_bash_decorator' retrieved from /home/airflow/.local/lib/python3.12/site-packages/airflow/example_dags/example_bash_decorator.py
[2025-03-03T19:33:32.260+0000] {logging_mixin.py:190} INFO - [2025-03-03T19:33:32.259+0000] {dag.py:3239} INFO - Sync 1 DAGs
[2025-03-03T19:33:32.317+0000] {logging_mixin.py:190} INFO - [2025-03-03T19:33:32.317+0000] {dag.py:4180} INFO - Setting next_dagrun for example_bash_decorator to None, run_after=None
[2025-03-03T19:33:32.408+0000] {processor.py:208} INFO - Processing /home/airflow/.local/lib/python3.12/site-packages/airflow/example_dags/example_bash_decorator.py took 0.419 seconds
[2025-03-03T19:34:02.653+0000] {processor.py:186} INFO - Started process (PID=9598) to work on /home/airflow/.local/lib/python3.12/site-packages/airflow/example_dags/example_bash_decorator.py
[2025-03-03T19:34:02.655+0000] {processor.py:914} INFO - Processing file /home/airflow/.local/lib/python3.12/site-packages/airflow/example_dags/example_bash_decorator.py for tasks to queue
[2025-03-03T19:34:02.666+0000] {logging_mixin.py:190} INFO - [2025-03-03T19:34:02.665+0000] {dagbag.py:588} INFO - Filling up the DagBag from /home/airflow/.local/lib/python3.12/site-packages/airflow/example_dags/example_bash_decorator.py
[2025-03-03T19:34:02.720+0000] {processor.py:925} INFO - DAG(s) 'example_bash_decorator' retrieved from /home/airflow/.local/lib/python3.12/site-packages/airflow/example_dags/example_bash_decorator.py
[2025-03-03T19:34:02.763+0000] {logging_mixin.py:190} INFO - [2025-03-03T19:34:02.762+0000] {dag.py:3239} INFO - Sync 1 DAGs
[2025-03-03T19:34:02.793+0000] {logging_mixin.py:190} INFO - [2025-03-03T19:34:02.793+0000] {dag.py:4180} INFO - Setting next_dagrun for example_bash_decorator to None, run_after=None
[2025-03-03T19:34:02.837+0000] {processor.py:208} INFO - Processing /home/airflow/.local/lib/python3.12/site-packages/airflow/example_dags/example_bash_decorator.py took 0.200 seconds
[2025-03-03T19:34:36.566+0000] {processor.py:186} INFO - Started process (PID=9919) to work on /home/airflow/.local/lib/python3.12/site-packages/airflow/example_dags/example_bash_decorator.py
[2025-03-03T19:34:36.568+0000] {processor.py:914} INFO - Processing file /home/airflow/.local/lib/python3.12/site-packages/airflow/example_dags/example_bash_decorator.py for tasks to queue
[2025-03-03T19:34:36.578+0000] {logging_mixin.py:190} INFO - [2025-03-03T19:34:36.576+0000] {dagbag.py:588} INFO - Filling up the DagBag from /home/airflow/.local/lib/python3.12/site-packages/airflow/example_dags/example_bash_decorator.py
[2025-03-03T19:34:36.630+0000] {processor.py:925} INFO - DAG(s) 'example_bash_decorator' retrieved from /home/airflow/.local/lib/python3.12/site-packages/airflow/example_dags/example_bash_decorator.py
[2025-03-03T19:34:36.720+0000] {logging_mixin.py:190} INFO - [2025-03-03T19:34:36.720+0000] {dag.py:3239} INFO - Sync 1 DAGs
[2025-03-03T19:34:36.810+0000] {logging_mixin.py:190} INFO - [2025-03-03T19:34:36.806+0000] {dag.py:4180} INFO - Setting next_dagrun for example_bash_decorator to None, run_after=None
[2025-03-03T19:34:37.086+0000] {processor.py:208} INFO - Processing /home/airflow/.local/lib/python3.12/site-packages/airflow/example_dags/example_bash_decorator.py took 0.542 seconds
[2025-03-03T19:35:07.402+0000] {processor.py:186} INFO - Started process (PID=10219) to work on /home/airflow/.local/lib/python3.12/site-packages/airflow/example_dags/example_bash_decorator.py
[2025-03-03T19:35:07.412+0000] {processor.py:914} INFO - Processing file /home/airflow/.local/lib/python3.12/site-packages/airflow/example_dags/example_bash_decorator.py for tasks to queue
[2025-03-03T19:35:07.433+0000] {logging_mixin.py:190} INFO - [2025-03-03T19:35:07.432+0000] {dagbag.py:588} INFO - Filling up the DagBag from /home/airflow/.local/lib/python3.12/site-packages/airflow/example_dags/example_bash_decorator.py
[2025-03-03T19:35:07.551+0000] {processor.py:925} INFO - DAG(s) 'example_bash_decorator' retrieved from /home/airflow/.local/lib/python3.12/site-packages/airflow/example_dags/example_bash_decorator.py
[2025-03-03T19:35:07.693+0000] {logging_mixin.py:190} INFO - [2025-03-03T19:35:07.693+0000] {dag.py:3239} INFO - Sync 1 DAGs
[2025-03-03T19:35:07.807+0000] {logging_mixin.py:190} INFO - [2025-03-03T19:35:07.806+0000] {dag.py:4180} INFO - Setting next_dagrun for example_bash_decorator to None, run_after=None
[2025-03-03T19:35:07.998+0000] {processor.py:208} INFO - Processing /home/airflow/.local/lib/python3.12/site-packages/airflow/example_dags/example_bash_decorator.py took 0.630 seconds
