[2025-03-03T19:17:51.345+0000] {processor.py:186} INFO - Started process (PID=380) to work on /home/airflow/.local/lib/python3.12/site-packages/airflow/example_dags/example_inlet_event_extra.py
[2025-03-03T19:17:51.347+0000] {processor.py:914} INFO - Processing file /home/airflow/.local/lib/python3.12/site-packages/airflow/example_dags/example_inlet_event_extra.py for tasks to queue
[2025-03-03T19:17:51.357+0000] {logging_mixin.py:190} INFO - [2025-03-03T19:17:51.356+0000] {dagbag.py:588} INFO - Filling up the DagBag from /home/airflow/.local/lib/python3.12/site-packages/airflow/example_dags/example_inlet_event_extra.py
[2025-03-03T19:17:53.579+0000] {processor.py:925} INFO - DAG(s) 'read_dataset_event', 'read_dataset_event_from_classic' retrieved from /home/airflow/.local/lib/python3.12/site-packages/airflow/example_dags/example_inlet_event_extra.py
[2025-03-03T19:17:53.670+0000] {logging_mixin.py:190} INFO - [2025-03-03T19:17:53.668+0000] {dag.py:3239} INFO - Sync 2 DAGs
[2025-03-03T19:17:53.859+0000] {logging_mixin.py:190} INFO - [2025-03-03T19:17:53.858+0000] {dag.py:4180} INFO - Setting next_dagrun for read_dataset_event to 2025-03-02 00:00:00+00:00, run_after=2025-03-03 00:00:00+00:00
[2025-03-03T19:17:53.888+0000] {logging_mixin.py:190} INFO - [2025-03-03T19:17:53.888+0000] {dag.py:4180} INFO - Setting next_dagrun for read_dataset_event_from_classic to 2025-03-02 00:00:00+00:00, run_after=2025-03-03 00:00:00+00:00
[2025-03-03T19:17:53.979+0000] {processor.py:208} INFO - Processing /home/airflow/.local/lib/python3.12/site-packages/airflow/example_dags/example_inlet_event_extra.py took 2.657 seconds
[2025-03-03T19:18:24.163+0000] {processor.py:186} INFO - Started process (PID=696) to work on /home/airflow/.local/lib/python3.12/site-packages/airflow/example_dags/example_inlet_event_extra.py
[2025-03-03T19:18:24.168+0000] {processor.py:914} INFO - Processing file /home/airflow/.local/lib/python3.12/site-packages/airflow/example_dags/example_inlet_event_extra.py for tasks to queue
[2025-03-03T19:18:24.176+0000] {logging_mixin.py:190} INFO - [2025-03-03T19:18:24.175+0000] {dagbag.py:588} INFO - Filling up the DagBag from /home/airflow/.local/lib/python3.12/site-packages/airflow/example_dags/example_inlet_event_extra.py
[2025-03-03T19:18:25.658+0000] {processor.py:925} INFO - DAG(s) 'read_dataset_event_from_classic', 'read_dataset_event' retrieved from /home/airflow/.local/lib/python3.12/site-packages/airflow/example_dags/example_inlet_event_extra.py
[2025-03-03T19:18:25.730+0000] {logging_mixin.py:190} INFO - [2025-03-03T19:18:25.729+0000] {dag.py:3239} INFO - Sync 2 DAGs
[2025-03-03T19:18:25.813+0000] {logging_mixin.py:190} INFO - [2025-03-03T19:18:25.813+0000] {dag.py:4180} INFO - Setting next_dagrun for read_dataset_event to 2025-03-02 00:00:00+00:00, run_after=2025-03-03 00:00:00+00:00
[2025-03-03T19:18:25.828+0000] {logging_mixin.py:190} INFO - [2025-03-03T19:18:25.827+0000] {dag.py:4180} INFO - Setting next_dagrun for read_dataset_event_from_classic to 2025-03-02 00:00:00+00:00, run_after=2025-03-03 00:00:00+00:00
[2025-03-03T19:18:25.923+0000] {processor.py:208} INFO - Processing /home/airflow/.local/lib/python3.12/site-packages/airflow/example_dags/example_inlet_event_extra.py took 1.777 seconds
[2025-03-03T19:18:57.536+0000] {processor.py:186} INFO - Started process (PID=1008) to work on /home/airflow/.local/lib/python3.12/site-packages/airflow/example_dags/example_inlet_event_extra.py
[2025-03-03T19:18:57.540+0000] {processor.py:914} INFO - Processing file /home/airflow/.local/lib/python3.12/site-packages/airflow/example_dags/example_inlet_event_extra.py for tasks to queue
[2025-03-03T19:18:57.564+0000] {logging_mixin.py:190} INFO - [2025-03-03T19:18:57.557+0000] {dagbag.py:588} INFO - Filling up the DagBag from /home/airflow/.local/lib/python3.12/site-packages/airflow/example_dags/example_inlet_event_extra.py
[2025-03-03T19:19:00.887+0000] {processor.py:925} INFO - DAG(s) 'read_dataset_event_from_classic', 'read_dataset_event' retrieved from /home/airflow/.local/lib/python3.12/site-packages/airflow/example_dags/example_inlet_event_extra.py
[2025-03-03T19:19:01.034+0000] {logging_mixin.py:190} INFO - [2025-03-03T19:19:01.033+0000] {dag.py:3239} INFO - Sync 2 DAGs
[2025-03-03T19:19:01.141+0000] {logging_mixin.py:190} INFO - [2025-03-03T19:19:01.141+0000] {dag.py:4180} INFO - Setting next_dagrun for read_dataset_event to 2025-03-02 00:00:00+00:00, run_after=2025-03-03 00:00:00+00:00
[2025-03-03T19:19:01.162+0000] {logging_mixin.py:190} INFO - [2025-03-03T19:19:01.161+0000] {dag.py:4180} INFO - Setting next_dagrun for read_dataset_event_from_classic to 2025-03-02 00:00:00+00:00, run_after=2025-03-03 00:00:00+00:00
[2025-03-03T19:19:01.238+0000] {processor.py:208} INFO - Processing /home/airflow/.local/lib/python3.12/site-packages/airflow/example_dags/example_inlet_event_extra.py took 3.727 seconds
[2025-03-03T19:19:32.983+0000] {processor.py:186} INFO - Started process (PID=1289) to work on /home/airflow/.local/lib/python3.12/site-packages/airflow/example_dags/example_inlet_event_extra.py
[2025-03-03T19:19:32.995+0000] {processor.py:914} INFO - Processing file /home/airflow/.local/lib/python3.12/site-packages/airflow/example_dags/example_inlet_event_extra.py for tasks to queue
[2025-03-03T19:19:33.011+0000] {logging_mixin.py:190} INFO - [2025-03-03T19:19:33.010+0000] {dagbag.py:588} INFO - Filling up the DagBag from /home/airflow/.local/lib/python3.12/site-packages/airflow/example_dags/example_inlet_event_extra.py
[2025-03-03T19:19:34.820+0000] {processor.py:925} INFO - DAG(s) 'read_dataset_event', 'read_dataset_event_from_classic' retrieved from /home/airflow/.local/lib/python3.12/site-packages/airflow/example_dags/example_inlet_event_extra.py
[2025-03-03T19:19:34.935+0000] {logging_mixin.py:190} INFO - [2025-03-03T19:19:34.935+0000] {dag.py:3239} INFO - Sync 2 DAGs
[2025-03-03T19:19:35.017+0000] {logging_mixin.py:190} INFO - [2025-03-03T19:19:35.016+0000] {dag.py:4180} INFO - Setting next_dagrun for read_dataset_event to 2025-03-02 00:00:00+00:00, run_after=2025-03-03 00:00:00+00:00
[2025-03-03T19:19:35.038+0000] {logging_mixin.py:190} INFO - [2025-03-03T19:19:35.037+0000] {dag.py:4180} INFO - Setting next_dagrun for read_dataset_event_from_classic to 2025-03-02 00:00:00+00:00, run_after=2025-03-03 00:00:00+00:00
[2025-03-03T19:19:35.318+0000] {processor.py:208} INFO - Processing /home/airflow/.local/lib/python3.12/site-packages/airflow/example_dags/example_inlet_event_extra.py took 2.374 seconds
[2025-03-03T19:20:06.151+0000] {processor.py:186} INFO - Started process (PID=1598) to work on /home/airflow/.local/lib/python3.12/site-packages/airflow/example_dags/example_inlet_event_extra.py
[2025-03-03T19:20:06.153+0000] {processor.py:914} INFO - Processing file /home/airflow/.local/lib/python3.12/site-packages/airflow/example_dags/example_inlet_event_extra.py for tasks to queue
[2025-03-03T19:20:06.169+0000] {logging_mixin.py:190} INFO - [2025-03-03T19:20:06.164+0000] {dagbag.py:588} INFO - Filling up the DagBag from /home/airflow/.local/lib/python3.12/site-packages/airflow/example_dags/example_inlet_event_extra.py
[2025-03-03T19:20:09.933+0000] {processor.py:925} INFO - DAG(s) 'read_dataset_event', 'read_dataset_event_from_classic' retrieved from /home/airflow/.local/lib/python3.12/site-packages/airflow/example_dags/example_inlet_event_extra.py
[2025-03-03T19:20:10.116+0000] {logging_mixin.py:190} INFO - [2025-03-03T19:20:10.116+0000] {dag.py:3239} INFO - Sync 2 DAGs
[2025-03-03T19:20:10.307+0000] {logging_mixin.py:190} INFO - [2025-03-03T19:20:10.306+0000] {dag.py:4180} INFO - Setting next_dagrun for read_dataset_event to 2025-03-02 00:00:00+00:00, run_after=2025-03-03 00:00:00+00:00
[2025-03-03T19:20:10.333+0000] {logging_mixin.py:190} INFO - [2025-03-03T19:20:10.333+0000] {dag.py:4180} INFO - Setting next_dagrun for read_dataset_event_from_classic to 2025-03-02 00:00:00+00:00, run_after=2025-03-03 00:00:00+00:00
[2025-03-03T19:20:10.546+0000] {processor.py:208} INFO - Processing /home/airflow/.local/lib/python3.12/site-packages/airflow/example_dags/example_inlet_event_extra.py took 4.449 seconds
[2025-03-03T19:20:41.220+0000] {processor.py:186} INFO - Started process (PID=1925) to work on /home/airflow/.local/lib/python3.12/site-packages/airflow/example_dags/example_inlet_event_extra.py
[2025-03-03T19:20:41.229+0000] {processor.py:914} INFO - Processing file /home/airflow/.local/lib/python3.12/site-packages/airflow/example_dags/example_inlet_event_extra.py for tasks to queue
[2025-03-03T19:20:41.240+0000] {logging_mixin.py:190} INFO - [2025-03-03T19:20:41.239+0000] {dagbag.py:588} INFO - Filling up the DagBag from /home/airflow/.local/lib/python3.12/site-packages/airflow/example_dags/example_inlet_event_extra.py
[2025-03-03T19:20:43.190+0000] {processor.py:925} INFO - DAG(s) 'read_dataset_event_from_classic', 'read_dataset_event' retrieved from /home/airflow/.local/lib/python3.12/site-packages/airflow/example_dags/example_inlet_event_extra.py
[2025-03-03T19:20:43.295+0000] {logging_mixin.py:190} INFO - [2025-03-03T19:20:43.292+0000] {dag.py:3239} INFO - Sync 2 DAGs
[2025-03-03T19:20:43.484+0000] {logging_mixin.py:190} INFO - [2025-03-03T19:20:43.483+0000] {dag.py:4180} INFO - Setting next_dagrun for read_dataset_event to 2025-03-02 00:00:00+00:00, run_after=2025-03-03 00:00:00+00:00
[2025-03-03T19:20:43.535+0000] {logging_mixin.py:190} INFO - [2025-03-03T19:20:43.534+0000] {dag.py:4180} INFO - Setting next_dagrun for read_dataset_event_from_classic to 2025-03-02 00:00:00+00:00, run_after=2025-03-03 00:00:00+00:00
[2025-03-03T19:20:43.657+0000] {processor.py:208} INFO - Processing /home/airflow/.local/lib/python3.12/site-packages/airflow/example_dags/example_inlet_event_extra.py took 2.455 seconds
[2025-03-03T19:21:14.353+0000] {processor.py:186} INFO - Started process (PID=2227) to work on /home/airflow/.local/lib/python3.12/site-packages/airflow/example_dags/example_inlet_event_extra.py
[2025-03-03T19:21:14.360+0000] {processor.py:914} INFO - Processing file /home/airflow/.local/lib/python3.12/site-packages/airflow/example_dags/example_inlet_event_extra.py for tasks to queue
[2025-03-03T19:21:14.395+0000] {logging_mixin.py:190} INFO - [2025-03-03T19:21:14.379+0000] {dagbag.py:588} INFO - Filling up the DagBag from /home/airflow/.local/lib/python3.12/site-packages/airflow/example_dags/example_inlet_event_extra.py
[2025-03-03T19:21:16.958+0000] {processor.py:925} INFO - DAG(s) 'read_dataset_event_from_classic', 'read_dataset_event' retrieved from /home/airflow/.local/lib/python3.12/site-packages/airflow/example_dags/example_inlet_event_extra.py
[2025-03-03T19:21:17.059+0000] {logging_mixin.py:190} INFO - [2025-03-03T19:21:17.058+0000] {dag.py:3239} INFO - Sync 2 DAGs
[2025-03-03T19:21:17.139+0000] {logging_mixin.py:190} INFO - [2025-03-03T19:21:17.139+0000] {dag.py:4180} INFO - Setting next_dagrun for read_dataset_event to 2025-03-02 00:00:00+00:00, run_after=2025-03-03 00:00:00+00:00
[2025-03-03T19:21:17.223+0000] {logging_mixin.py:190} INFO - [2025-03-03T19:21:17.222+0000] {dag.py:4180} INFO - Setting next_dagrun for read_dataset_event_from_classic to 2025-03-02 00:00:00+00:00, run_after=2025-03-03 00:00:00+00:00
[2025-03-03T19:21:17.447+0000] {processor.py:208} INFO - Processing /home/airflow/.local/lib/python3.12/site-packages/airflow/example_dags/example_inlet_event_extra.py took 3.117 seconds
[2025-03-03T19:21:59.225+0000] {processor.py:186} INFO - Started process (PID=2551) to work on /home/airflow/.local/lib/python3.12/site-packages/airflow/example_dags/example_inlet_event_extra.py
[2025-03-03T19:21:59.237+0000] {processor.py:914} INFO - Processing file /home/airflow/.local/lib/python3.12/site-packages/airflow/example_dags/example_inlet_event_extra.py for tasks to queue
[2025-03-03T19:21:59.260+0000] {logging_mixin.py:190} INFO - [2025-03-03T19:21:59.258+0000] {dagbag.py:588} INFO - Filling up the DagBag from /home/airflow/.local/lib/python3.12/site-packages/airflow/example_dags/example_inlet_event_extra.py
[2025-03-03T19:22:01.746+0000] {processor.py:925} INFO - DAG(s) 'read_dataset_event', 'read_dataset_event_from_classic' retrieved from /home/airflow/.local/lib/python3.12/site-packages/airflow/example_dags/example_inlet_event_extra.py
[2025-03-03T19:22:01.897+0000] {logging_mixin.py:190} INFO - [2025-03-03T19:22:01.897+0000] {dag.py:3239} INFO - Sync 2 DAGs
[2025-03-03T19:22:02.086+0000] {logging_mixin.py:190} INFO - [2025-03-03T19:22:02.086+0000] {dag.py:4180} INFO - Setting next_dagrun for read_dataset_event to 2025-03-02 00:00:00+00:00, run_after=2025-03-03 00:00:00+00:00
[2025-03-03T19:22:02.106+0000] {logging_mixin.py:190} INFO - [2025-03-03T19:22:02.106+0000] {dag.py:4180} INFO - Setting next_dagrun for read_dataset_event_from_classic to 2025-03-02 00:00:00+00:00, run_after=2025-03-03 00:00:00+00:00
[2025-03-03T19:22:02.234+0000] {processor.py:208} INFO - Processing /home/airflow/.local/lib/python3.12/site-packages/airflow/example_dags/example_inlet_event_extra.py took 3.060 seconds
[2025-03-03T19:22:33.279+0000] {processor.py:186} INFO - Started process (PID=2872) to work on /home/airflow/.local/lib/python3.12/site-packages/airflow/example_dags/example_inlet_event_extra.py
[2025-03-03T19:22:33.287+0000] {processor.py:914} INFO - Processing file /home/airflow/.local/lib/python3.12/site-packages/airflow/example_dags/example_inlet_event_extra.py for tasks to queue
[2025-03-03T19:22:33.313+0000] {logging_mixin.py:190} INFO - [2025-03-03T19:22:33.312+0000] {dagbag.py:588} INFO - Filling up the DagBag from /home/airflow/.local/lib/python3.12/site-packages/airflow/example_dags/example_inlet_event_extra.py
[2025-03-03T19:22:34.836+0000] {processor.py:925} INFO - DAG(s) 'read_dataset_event_from_classic', 'read_dataset_event' retrieved from /home/airflow/.local/lib/python3.12/site-packages/airflow/example_dags/example_inlet_event_extra.py
[2025-03-03T19:22:34.916+0000] {logging_mixin.py:190} INFO - [2025-03-03T19:22:34.916+0000] {dag.py:3239} INFO - Sync 2 DAGs
[2025-03-03T19:22:35.016+0000] {logging_mixin.py:190} INFO - [2025-03-03T19:22:35.014+0000] {dag.py:4180} INFO - Setting next_dagrun for read_dataset_event to 2025-03-02 00:00:00+00:00, run_after=2025-03-03 00:00:00+00:00
[2025-03-03T19:22:35.036+0000] {logging_mixin.py:190} INFO - [2025-03-03T19:22:35.035+0000] {dag.py:4180} INFO - Setting next_dagrun for read_dataset_event_from_classic to 2025-03-02 00:00:00+00:00, run_after=2025-03-03 00:00:00+00:00
[2025-03-03T19:22:35.163+0000] {processor.py:208} INFO - Processing /home/airflow/.local/lib/python3.12/site-packages/airflow/example_dags/example_inlet_event_extra.py took 1.900 seconds
[2025-03-03T19:23:06.063+0000] {processor.py:186} INFO - Started process (PID=3200) to work on /home/airflow/.local/lib/python3.12/site-packages/airflow/example_dags/example_inlet_event_extra.py
[2025-03-03T19:23:06.065+0000] {processor.py:914} INFO - Processing file /home/airflow/.local/lib/python3.12/site-packages/airflow/example_dags/example_inlet_event_extra.py for tasks to queue
[2025-03-03T19:23:06.071+0000] {logging_mixin.py:190} INFO - [2025-03-03T19:23:06.071+0000] {dagbag.py:588} INFO - Filling up the DagBag from /home/airflow/.local/lib/python3.12/site-packages/airflow/example_dags/example_inlet_event_extra.py
[2025-03-03T19:23:07.240+0000] {processor.py:925} INFO - DAG(s) 'read_dataset_event_from_classic', 'read_dataset_event' retrieved from /home/airflow/.local/lib/python3.12/site-packages/airflow/example_dags/example_inlet_event_extra.py
[2025-03-03T19:23:07.285+0000] {logging_mixin.py:190} INFO - [2025-03-03T19:23:07.284+0000] {dag.py:3239} INFO - Sync 2 DAGs
[2025-03-03T19:23:07.336+0000] {logging_mixin.py:190} INFO - [2025-03-03T19:23:07.335+0000] {dag.py:4180} INFO - Setting next_dagrun for read_dataset_event to 2025-03-02 00:00:00+00:00, run_after=2025-03-03 00:00:00+00:00
[2025-03-03T19:23:07.350+0000] {logging_mixin.py:190} INFO - [2025-03-03T19:23:07.350+0000] {dag.py:4180} INFO - Setting next_dagrun for read_dataset_event_from_classic to 2025-03-02 00:00:00+00:00, run_after=2025-03-03 00:00:00+00:00
[2025-03-03T19:23:07.406+0000] {processor.py:208} INFO - Processing /home/airflow/.local/lib/python3.12/site-packages/airflow/example_dags/example_inlet_event_extra.py took 1.354 seconds
[2025-03-03T19:23:37.506+0000] {processor.py:186} INFO - Started process (PID=3499) to work on /home/airflow/.local/lib/python3.12/site-packages/airflow/example_dags/example_inlet_event_extra.py
[2025-03-03T19:23:37.509+0000] {processor.py:914} INFO - Processing file /home/airflow/.local/lib/python3.12/site-packages/airflow/example_dags/example_inlet_event_extra.py for tasks to queue
[2025-03-03T19:23:37.517+0000] {logging_mixin.py:190} INFO - [2025-03-03T19:23:37.516+0000] {dagbag.py:588} INFO - Filling up the DagBag from /home/airflow/.local/lib/python3.12/site-packages/airflow/example_dags/example_inlet_event_extra.py
[2025-03-03T19:23:38.524+0000] {processor.py:925} INFO - DAG(s) 'read_dataset_event_from_classic', 'read_dataset_event' retrieved from /home/airflow/.local/lib/python3.12/site-packages/airflow/example_dags/example_inlet_event_extra.py
[2025-03-03T19:23:38.558+0000] {logging_mixin.py:190} INFO - [2025-03-03T19:23:38.557+0000] {dag.py:3239} INFO - Sync 2 DAGs
[2025-03-03T19:23:38.609+0000] {logging_mixin.py:190} INFO - [2025-03-03T19:23:38.609+0000] {dag.py:4180} INFO - Setting next_dagrun for read_dataset_event to 2025-03-02 00:00:00+00:00, run_after=2025-03-03 00:00:00+00:00
[2025-03-03T19:23:38.623+0000] {logging_mixin.py:190} INFO - [2025-03-03T19:23:38.622+0000] {dag.py:4180} INFO - Setting next_dagrun for read_dataset_event_from_classic to 2025-03-02 00:00:00+00:00, run_after=2025-03-03 00:00:00+00:00
[2025-03-03T19:23:38.666+0000] {processor.py:208} INFO - Processing /home/airflow/.local/lib/python3.12/site-packages/airflow/example_dags/example_inlet_event_extra.py took 1.175 seconds
[2025-03-03T19:24:08.864+0000] {processor.py:186} INFO - Started process (PID=3828) to work on /home/airflow/.local/lib/python3.12/site-packages/airflow/example_dags/example_inlet_event_extra.py
[2025-03-03T19:24:08.867+0000] {processor.py:914} INFO - Processing file /home/airflow/.local/lib/python3.12/site-packages/airflow/example_dags/example_inlet_event_extra.py for tasks to queue
[2025-03-03T19:24:08.875+0000] {logging_mixin.py:190} INFO - [2025-03-03T19:24:08.874+0000] {dagbag.py:588} INFO - Filling up the DagBag from /home/airflow/.local/lib/python3.12/site-packages/airflow/example_dags/example_inlet_event_extra.py
[2025-03-03T19:24:10.098+0000] {processor.py:925} INFO - DAG(s) 'read_dataset_event_from_classic', 'read_dataset_event' retrieved from /home/airflow/.local/lib/python3.12/site-packages/airflow/example_dags/example_inlet_event_extra.py
[2025-03-03T19:24:10.162+0000] {logging_mixin.py:190} INFO - [2025-03-03T19:24:10.161+0000] {dag.py:3239} INFO - Sync 2 DAGs
[2025-03-03T19:24:10.213+0000] {logging_mixin.py:190} INFO - [2025-03-03T19:24:10.213+0000] {dag.py:4180} INFO - Setting next_dagrun for read_dataset_event to 2025-03-02 00:00:00+00:00, run_after=2025-03-03 00:00:00+00:00
[2025-03-03T19:24:10.227+0000] {logging_mixin.py:190} INFO - [2025-03-03T19:24:10.226+0000] {dag.py:4180} INFO - Setting next_dagrun for read_dataset_event_from_classic to 2025-03-02 00:00:00+00:00, run_after=2025-03-03 00:00:00+00:00
[2025-03-03T19:24:10.272+0000] {processor.py:208} INFO - Processing /home/airflow/.local/lib/python3.12/site-packages/airflow/example_dags/example_inlet_event_extra.py took 1.425 seconds
[2025-03-03T19:24:41.318+0000] {processor.py:186} INFO - Started process (PID=4127) to work on /home/airflow/.local/lib/python3.12/site-packages/airflow/example_dags/example_inlet_event_extra.py
[2025-03-03T19:24:41.324+0000] {processor.py:914} INFO - Processing file /home/airflow/.local/lib/python3.12/site-packages/airflow/example_dags/example_inlet_event_extra.py for tasks to queue
[2025-03-03T19:24:41.331+0000] {logging_mixin.py:190} INFO - [2025-03-03T19:24:41.330+0000] {dagbag.py:588} INFO - Filling up the DagBag from /home/airflow/.local/lib/python3.12/site-packages/airflow/example_dags/example_inlet_event_extra.py
[2025-03-03T19:24:42.417+0000] {processor.py:925} INFO - DAG(s) 'read_dataset_event_from_classic', 'read_dataset_event' retrieved from /home/airflow/.local/lib/python3.12/site-packages/airflow/example_dags/example_inlet_event_extra.py
[2025-03-03T19:24:42.455+0000] {logging_mixin.py:190} INFO - [2025-03-03T19:24:42.454+0000] {dag.py:3239} INFO - Sync 2 DAGs
[2025-03-03T19:24:42.497+0000] {logging_mixin.py:190} INFO - [2025-03-03T19:24:42.496+0000] {dag.py:4180} INFO - Setting next_dagrun for read_dataset_event to 2025-03-02 00:00:00+00:00, run_after=2025-03-03 00:00:00+00:00
[2025-03-03T19:24:42.507+0000] {logging_mixin.py:190} INFO - [2025-03-03T19:24:42.507+0000] {dag.py:4180} INFO - Setting next_dagrun for read_dataset_event_from_classic to 2025-03-02 00:00:00+00:00, run_after=2025-03-03 00:00:00+00:00
[2025-03-03T19:24:42.549+0000] {processor.py:208} INFO - Processing /home/airflow/.local/lib/python3.12/site-packages/airflow/example_dags/example_inlet_event_extra.py took 1.247 seconds
[2025-03-03T19:25:13.387+0000] {processor.py:186} INFO - Started process (PID=4444) to work on /home/airflow/.local/lib/python3.12/site-packages/airflow/example_dags/example_inlet_event_extra.py
[2025-03-03T19:25:13.391+0000] {processor.py:914} INFO - Processing file /home/airflow/.local/lib/python3.12/site-packages/airflow/example_dags/example_inlet_event_extra.py for tasks to queue
[2025-03-03T19:25:13.403+0000] {logging_mixin.py:190} INFO - [2025-03-03T19:25:13.399+0000] {dagbag.py:588} INFO - Filling up the DagBag from /home/airflow/.local/lib/python3.12/site-packages/airflow/example_dags/example_inlet_event_extra.py
[2025-03-03T19:25:15.441+0000] {processor.py:925} INFO - DAG(s) 'read_dataset_event_from_classic', 'read_dataset_event' retrieved from /home/airflow/.local/lib/python3.12/site-packages/airflow/example_dags/example_inlet_event_extra.py
[2025-03-03T19:25:15.505+0000] {logging_mixin.py:190} INFO - [2025-03-03T19:25:15.504+0000] {dag.py:3239} INFO - Sync 2 DAGs
[2025-03-03T19:25:15.615+0000] {logging_mixin.py:190} INFO - [2025-03-03T19:25:15.614+0000] {dag.py:4180} INFO - Setting next_dagrun for read_dataset_event to 2025-03-02 00:00:00+00:00, run_after=2025-03-03 00:00:00+00:00
[2025-03-03T19:25:15.639+0000] {logging_mixin.py:190} INFO - [2025-03-03T19:25:15.639+0000] {dag.py:4180} INFO - Setting next_dagrun for read_dataset_event_from_classic to 2025-03-02 00:00:00+00:00, run_after=2025-03-03 00:00:00+00:00
[2025-03-03T19:25:15.691+0000] {processor.py:208} INFO - Processing /home/airflow/.local/lib/python3.12/site-packages/airflow/example_dags/example_inlet_event_extra.py took 2.320 seconds
[2025-03-03T19:25:45.989+0000] {processor.py:186} INFO - Started process (PID=4755) to work on /home/airflow/.local/lib/python3.12/site-packages/airflow/example_dags/example_inlet_event_extra.py
[2025-03-03T19:25:45.991+0000] {processor.py:914} INFO - Processing file /home/airflow/.local/lib/python3.12/site-packages/airflow/example_dags/example_inlet_event_extra.py for tasks to queue
[2025-03-03T19:25:46.001+0000] {logging_mixin.py:190} INFO - [2025-03-03T19:25:46.001+0000] {dagbag.py:588} INFO - Filling up the DagBag from /home/airflow/.local/lib/python3.12/site-packages/airflow/example_dags/example_inlet_event_extra.py
[2025-03-03T19:25:47.073+0000] {processor.py:925} INFO - DAG(s) 'read_dataset_event', 'read_dataset_event_from_classic' retrieved from /home/airflow/.local/lib/python3.12/site-packages/airflow/example_dags/example_inlet_event_extra.py
[2025-03-03T19:25:47.128+0000] {logging_mixin.py:190} INFO - [2025-03-03T19:25:47.128+0000] {dag.py:3239} INFO - Sync 2 DAGs
[2025-03-03T19:25:47.202+0000] {logging_mixin.py:190} INFO - [2025-03-03T19:25:47.201+0000] {dag.py:4180} INFO - Setting next_dagrun for read_dataset_event to 2025-03-02 00:00:00+00:00, run_after=2025-03-03 00:00:00+00:00
[2025-03-03T19:25:47.217+0000] {logging_mixin.py:190} INFO - [2025-03-03T19:25:47.217+0000] {dag.py:4180} INFO - Setting next_dagrun for read_dataset_event_from_classic to 2025-03-02 00:00:00+00:00, run_after=2025-03-03 00:00:00+00:00
[2025-03-03T19:25:47.277+0000] {processor.py:208} INFO - Processing /home/airflow/.local/lib/python3.12/site-packages/airflow/example_dags/example_inlet_event_extra.py took 1.302 seconds
[2025-03-03T19:26:23.246+0000] {processor.py:186} INFO - Started process (PID=5101) to work on /home/airflow/.local/lib/python3.12/site-packages/airflow/example_dags/example_inlet_event_extra.py
[2025-03-03T19:26:23.260+0000] {processor.py:914} INFO - Processing file /home/airflow/.local/lib/python3.12/site-packages/airflow/example_dags/example_inlet_event_extra.py for tasks to queue
[2025-03-03T19:26:23.271+0000] {logging_mixin.py:190} INFO - [2025-03-03T19:26:23.271+0000] {dagbag.py:588} INFO - Filling up the DagBag from /home/airflow/.local/lib/python3.12/site-packages/airflow/example_dags/example_inlet_event_extra.py
[2025-03-03T19:26:25.498+0000] {processor.py:925} INFO - DAG(s) 'read_dataset_event_from_classic', 'read_dataset_event' retrieved from /home/airflow/.local/lib/python3.12/site-packages/airflow/example_dags/example_inlet_event_extra.py
[2025-03-03T19:26:25.603+0000] {logging_mixin.py:190} INFO - [2025-03-03T19:26:25.602+0000] {dag.py:3239} INFO - Sync 2 DAGs
[2025-03-03T19:26:25.727+0000] {logging_mixin.py:190} INFO - [2025-03-03T19:26:25.726+0000] {dag.py:4180} INFO - Setting next_dagrun for read_dataset_event to 2025-03-02 00:00:00+00:00, run_after=2025-03-03 00:00:00+00:00
[2025-03-03T19:26:25.760+0000] {logging_mixin.py:190} INFO - [2025-03-03T19:26:25.760+0000] {dag.py:4180} INFO - Setting next_dagrun for read_dataset_event_from_classic to 2025-03-02 00:00:00+00:00, run_after=2025-03-03 00:00:00+00:00
[2025-03-03T19:26:25.840+0000] {processor.py:208} INFO - Processing /home/airflow/.local/lib/python3.12/site-packages/airflow/example_dags/example_inlet_event_extra.py took 2.643 seconds
[2025-03-03T19:26:56.148+0000] {processor.py:186} INFO - Started process (PID=5404) to work on /home/airflow/.local/lib/python3.12/site-packages/airflow/example_dags/example_inlet_event_extra.py
[2025-03-03T19:26:56.151+0000] {processor.py:914} INFO - Processing file /home/airflow/.local/lib/python3.12/site-packages/airflow/example_dags/example_inlet_event_extra.py for tasks to queue
[2025-03-03T19:26:56.160+0000] {logging_mixin.py:190} INFO - [2025-03-03T19:26:56.159+0000] {dagbag.py:588} INFO - Filling up the DagBag from /home/airflow/.local/lib/python3.12/site-packages/airflow/example_dags/example_inlet_event_extra.py
[2025-03-03T19:26:57.546+0000] {processor.py:925} INFO - DAG(s) 'read_dataset_event_from_classic', 'read_dataset_event' retrieved from /home/airflow/.local/lib/python3.12/site-packages/airflow/example_dags/example_inlet_event_extra.py
[2025-03-03T19:26:57.618+0000] {logging_mixin.py:190} INFO - [2025-03-03T19:26:57.618+0000] {dag.py:3239} INFO - Sync 2 DAGs
[2025-03-03T19:26:57.684+0000] {logging_mixin.py:190} INFO - [2025-03-03T19:26:57.683+0000] {dag.py:4180} INFO - Setting next_dagrun for read_dataset_event to 2025-03-02 00:00:00+00:00, run_after=2025-03-03 00:00:00+00:00
[2025-03-03T19:26:57.701+0000] {logging_mixin.py:190} INFO - [2025-03-03T19:26:57.701+0000] {dag.py:4180} INFO - Setting next_dagrun for read_dataset_event_from_classic to 2025-03-02 00:00:00+00:00, run_after=2025-03-03 00:00:00+00:00
[2025-03-03T19:26:57.752+0000] {processor.py:208} INFO - Processing /home/airflow/.local/lib/python3.12/site-packages/airflow/example_dags/example_inlet_event_extra.py took 1.616 seconds
[2025-03-03T19:27:28.131+0000] {processor.py:186} INFO - Started process (PID=5730) to work on /home/airflow/.local/lib/python3.12/site-packages/airflow/example_dags/example_inlet_event_extra.py
[2025-03-03T19:27:28.137+0000] {processor.py:914} INFO - Processing file /home/airflow/.local/lib/python3.12/site-packages/airflow/example_dags/example_inlet_event_extra.py for tasks to queue
[2025-03-03T19:27:28.173+0000] {logging_mixin.py:190} INFO - [2025-03-03T19:27:28.169+0000] {dagbag.py:588} INFO - Filling up the DagBag from /home/airflow/.local/lib/python3.12/site-packages/airflow/example_dags/example_inlet_event_extra.py
[2025-03-03T19:27:30.619+0000] {processor.py:925} INFO - DAG(s) 'read_dataset_event', 'read_dataset_event_from_classic' retrieved from /home/airflow/.local/lib/python3.12/site-packages/airflow/example_dags/example_inlet_event_extra.py
[2025-03-03T19:27:30.701+0000] {logging_mixin.py:190} INFO - [2025-03-03T19:27:30.700+0000] {dag.py:3239} INFO - Sync 2 DAGs
[2025-03-03T19:27:30.867+0000] {logging_mixin.py:190} INFO - [2025-03-03T19:27:30.866+0000] {dag.py:4180} INFO - Setting next_dagrun for read_dataset_event to 2025-03-02 00:00:00+00:00, run_after=2025-03-03 00:00:00+00:00
[2025-03-03T19:27:30.907+0000] {logging_mixin.py:190} INFO - [2025-03-03T19:27:30.906+0000] {dag.py:4180} INFO - Setting next_dagrun for read_dataset_event_from_classic to 2025-03-02 00:00:00+00:00, run_after=2025-03-03 00:00:00+00:00
[2025-03-03T19:27:31.025+0000] {processor.py:208} INFO - Processing /home/airflow/.local/lib/python3.12/site-packages/airflow/example_dags/example_inlet_event_extra.py took 2.913 seconds
[2025-03-03T19:28:01.382+0000] {processor.py:186} INFO - Started process (PID=6056) to work on /home/airflow/.local/lib/python3.12/site-packages/airflow/example_dags/example_inlet_event_extra.py
[2025-03-03T19:28:01.385+0000] {processor.py:914} INFO - Processing file /home/airflow/.local/lib/python3.12/site-packages/airflow/example_dags/example_inlet_event_extra.py for tasks to queue
[2025-03-03T19:28:01.391+0000] {logging_mixin.py:190} INFO - [2025-03-03T19:28:01.390+0000] {dagbag.py:588} INFO - Filling up the DagBag from /home/airflow/.local/lib/python3.12/site-packages/airflow/example_dags/example_inlet_event_extra.py
[2025-03-03T19:28:02.671+0000] {processor.py:925} INFO - DAG(s) 'read_dataset_event', 'read_dataset_event_from_classic' retrieved from /home/airflow/.local/lib/python3.12/site-packages/airflow/example_dags/example_inlet_event_extra.py
[2025-03-03T19:28:02.733+0000] {logging_mixin.py:190} INFO - [2025-03-03T19:28:02.732+0000] {dag.py:3239} INFO - Sync 2 DAGs
[2025-03-03T19:28:02.810+0000] {logging_mixin.py:190} INFO - [2025-03-03T19:28:02.810+0000] {dag.py:4180} INFO - Setting next_dagrun for read_dataset_event to 2025-03-02 00:00:00+00:00, run_after=2025-03-03 00:00:00+00:00
[2025-03-03T19:28:02.823+0000] {logging_mixin.py:190} INFO - [2025-03-03T19:28:02.823+0000] {dag.py:4180} INFO - Setting next_dagrun for read_dataset_event_from_classic to 2025-03-02 00:00:00+00:00, run_after=2025-03-03 00:00:00+00:00
[2025-03-03T19:28:02.861+0000] {processor.py:208} INFO - Processing /home/airflow/.local/lib/python3.12/site-packages/airflow/example_dags/example_inlet_event_extra.py took 1.496 seconds
[2025-03-03T19:28:33.670+0000] {processor.py:186} INFO - Started process (PID=6384) to work on /home/airflow/.local/lib/python3.12/site-packages/airflow/example_dags/example_inlet_event_extra.py
[2025-03-03T19:28:33.692+0000] {processor.py:914} INFO - Processing file /home/airflow/.local/lib/python3.12/site-packages/airflow/example_dags/example_inlet_event_extra.py for tasks to queue
[2025-03-03T19:28:33.711+0000] {logging_mixin.py:190} INFO - [2025-03-03T19:28:33.710+0000] {dagbag.py:588} INFO - Filling up the DagBag from /home/airflow/.local/lib/python3.12/site-packages/airflow/example_dags/example_inlet_event_extra.py
[2025-03-03T19:28:38.515+0000] {processor.py:925} INFO - DAG(s) 'read_dataset_event', 'read_dataset_event_from_classic' retrieved from /home/airflow/.local/lib/python3.12/site-packages/airflow/example_dags/example_inlet_event_extra.py
[2025-03-03T19:28:38.615+0000] {logging_mixin.py:190} INFO - [2025-03-03T19:28:38.612+0000] {dag.py:3239} INFO - Sync 2 DAGs
[2025-03-03T19:28:38.800+0000] {logging_mixin.py:190} INFO - [2025-03-03T19:28:38.797+0000] {dag.py:4180} INFO - Setting next_dagrun for read_dataset_event to 2025-03-02 00:00:00+00:00, run_after=2025-03-03 00:00:00+00:00
[2025-03-03T19:28:38.872+0000] {logging_mixin.py:190} INFO - [2025-03-03T19:28:38.871+0000] {dag.py:4180} INFO - Setting next_dagrun for read_dataset_event_from_classic to 2025-03-02 00:00:00+00:00, run_after=2025-03-03 00:00:00+00:00
[2025-03-03T19:28:39.060+0000] {processor.py:208} INFO - Processing /home/airflow/.local/lib/python3.12/site-packages/airflow/example_dags/example_inlet_event_extra.py took 5.444 seconds
[2025-03-03T19:29:09.905+0000] {processor.py:186} INFO - Started process (PID=6722) to work on /home/airflow/.local/lib/python3.12/site-packages/airflow/example_dags/example_inlet_event_extra.py
[2025-03-03T19:29:09.911+0000] {processor.py:914} INFO - Processing file /home/airflow/.local/lib/python3.12/site-packages/airflow/example_dags/example_inlet_event_extra.py for tasks to queue
[2025-03-03T19:29:09.932+0000] {logging_mixin.py:190} INFO - [2025-03-03T19:29:09.930+0000] {dagbag.py:588} INFO - Filling up the DagBag from /home/airflow/.local/lib/python3.12/site-packages/airflow/example_dags/example_inlet_event_extra.py
[2025-03-03T19:29:11.206+0000] {processor.py:925} INFO - DAG(s) 'read_dataset_event_from_classic', 'read_dataset_event' retrieved from /home/airflow/.local/lib/python3.12/site-packages/airflow/example_dags/example_inlet_event_extra.py
[2025-03-03T19:29:11.261+0000] {logging_mixin.py:190} INFO - [2025-03-03T19:29:11.261+0000] {dag.py:3239} INFO - Sync 2 DAGs
[2025-03-03T19:29:11.335+0000] {logging_mixin.py:190} INFO - [2025-03-03T19:29:11.334+0000] {dag.py:4180} INFO - Setting next_dagrun for read_dataset_event to 2025-03-02 00:00:00+00:00, run_after=2025-03-03 00:00:00+00:00
[2025-03-03T19:29:11.351+0000] {logging_mixin.py:190} INFO - [2025-03-03T19:29:11.350+0000] {dag.py:4180} INFO - Setting next_dagrun for read_dataset_event_from_classic to 2025-03-02 00:00:00+00:00, run_after=2025-03-03 00:00:00+00:00
[2025-03-03T19:29:11.401+0000] {processor.py:208} INFO - Processing /home/airflow/.local/lib/python3.12/site-packages/airflow/example_dags/example_inlet_event_extra.py took 1.520 seconds
[2025-03-03T19:29:42.760+0000] {processor.py:186} INFO - Started process (PID=7039) to work on /home/airflow/.local/lib/python3.12/site-packages/airflow/example_dags/example_inlet_event_extra.py
[2025-03-03T19:29:42.763+0000] {processor.py:914} INFO - Processing file /home/airflow/.local/lib/python3.12/site-packages/airflow/example_dags/example_inlet_event_extra.py for tasks to queue
[2025-03-03T19:29:42.772+0000] {logging_mixin.py:190} INFO - [2025-03-03T19:29:42.771+0000] {dagbag.py:588} INFO - Filling up the DagBag from /home/airflow/.local/lib/python3.12/site-packages/airflow/example_dags/example_inlet_event_extra.py
[2025-03-03T19:29:45.556+0000] {processor.py:925} INFO - DAG(s) 'read_dataset_event_from_classic', 'read_dataset_event' retrieved from /home/airflow/.local/lib/python3.12/site-packages/airflow/example_dags/example_inlet_event_extra.py
[2025-03-03T19:29:45.649+0000] {logging_mixin.py:190} INFO - [2025-03-03T19:29:45.648+0000] {dag.py:3239} INFO - Sync 2 DAGs
[2025-03-03T19:29:45.745+0000] {logging_mixin.py:190} INFO - [2025-03-03T19:29:45.744+0000] {dag.py:4180} INFO - Setting next_dagrun for read_dataset_event to 2025-03-02 00:00:00+00:00, run_after=2025-03-03 00:00:00+00:00
[2025-03-03T19:29:45.787+0000] {logging_mixin.py:190} INFO - [2025-03-03T19:29:45.785+0000] {dag.py:4180} INFO - Setting next_dagrun for read_dataset_event_from_classic to 2025-03-02 00:00:00+00:00, run_after=2025-03-03 00:00:00+00:00
[2025-03-03T19:29:45.927+0000] {processor.py:208} INFO - Processing /home/airflow/.local/lib/python3.12/site-packages/airflow/example_dags/example_inlet_event_extra.py took 3.195 seconds
[2025-03-03T19:30:16.621+0000] {processor.py:186} INFO - Started process (PID=7372) to work on /home/airflow/.local/lib/python3.12/site-packages/airflow/example_dags/example_inlet_event_extra.py
[2025-03-03T19:30:16.624+0000] {processor.py:914} INFO - Processing file /home/airflow/.local/lib/python3.12/site-packages/airflow/example_dags/example_inlet_event_extra.py for tasks to queue
[2025-03-03T19:30:16.633+0000] {logging_mixin.py:190} INFO - [2025-03-03T19:30:16.632+0000] {dagbag.py:588} INFO - Filling up the DagBag from /home/airflow/.local/lib/python3.12/site-packages/airflow/example_dags/example_inlet_event_extra.py
[2025-03-03T19:30:18.201+0000] {processor.py:925} INFO - DAG(s) 'read_dataset_event_from_classic', 'read_dataset_event' retrieved from /home/airflow/.local/lib/python3.12/site-packages/airflow/example_dags/example_inlet_event_extra.py
[2025-03-03T19:30:18.233+0000] {logging_mixin.py:190} INFO - [2025-03-03T19:30:18.233+0000] {dag.py:3239} INFO - Sync 2 DAGs
[2025-03-03T19:30:18.280+0000] {logging_mixin.py:190} INFO - [2025-03-03T19:30:18.280+0000] {dag.py:4180} INFO - Setting next_dagrun for read_dataset_event to 2025-03-02 00:00:00+00:00, run_after=2025-03-03 00:00:00+00:00
[2025-03-03T19:30:18.291+0000] {logging_mixin.py:190} INFO - [2025-03-03T19:30:18.291+0000] {dag.py:4180} INFO - Setting next_dagrun for read_dataset_event_from_classic to 2025-03-02 00:00:00+00:00, run_after=2025-03-03 00:00:00+00:00
[2025-03-03T19:30:18.339+0000] {processor.py:208} INFO - Processing /home/airflow/.local/lib/python3.12/site-packages/airflow/example_dags/example_inlet_event_extra.py took 1.731 seconds
[2025-03-03T19:30:48.488+0000] {processor.py:186} INFO - Started process (PID=7681) to work on /home/airflow/.local/lib/python3.12/site-packages/airflow/example_dags/example_inlet_event_extra.py
[2025-03-03T19:30:48.490+0000] {processor.py:914} INFO - Processing file /home/airflow/.local/lib/python3.12/site-packages/airflow/example_dags/example_inlet_event_extra.py for tasks to queue
[2025-03-03T19:30:48.496+0000] {logging_mixin.py:190} INFO - [2025-03-03T19:30:48.495+0000] {dagbag.py:588} INFO - Filling up the DagBag from /home/airflow/.local/lib/python3.12/site-packages/airflow/example_dags/example_inlet_event_extra.py
[2025-03-03T19:30:50.113+0000] {processor.py:925} INFO - DAG(s) 'read_dataset_event', 'read_dataset_event_from_classic' retrieved from /home/airflow/.local/lib/python3.12/site-packages/airflow/example_dags/example_inlet_event_extra.py
[2025-03-03T19:30:50.161+0000] {logging_mixin.py:190} INFO - [2025-03-03T19:30:50.160+0000] {dag.py:3239} INFO - Sync 2 DAGs
[2025-03-03T19:30:50.226+0000] {logging_mixin.py:190} INFO - [2025-03-03T19:30:50.225+0000] {dag.py:4180} INFO - Setting next_dagrun for read_dataset_event to 2025-03-02 00:00:00+00:00, run_after=2025-03-03 00:00:00+00:00
[2025-03-03T19:30:50.241+0000] {logging_mixin.py:190} INFO - [2025-03-03T19:30:50.241+0000] {dag.py:4180} INFO - Setting next_dagrun for read_dataset_event_from_classic to 2025-03-02 00:00:00+00:00, run_after=2025-03-03 00:00:00+00:00
[2025-03-03T19:30:50.287+0000] {processor.py:208} INFO - Processing /home/airflow/.local/lib/python3.12/site-packages/airflow/example_dags/example_inlet_event_extra.py took 1.812 seconds
[2025-03-03T19:31:21.199+0000] {processor.py:186} INFO - Started process (PID=8010) to work on /home/airflow/.local/lib/python3.12/site-packages/airflow/example_dags/example_inlet_event_extra.py
[2025-03-03T19:31:21.214+0000] {processor.py:914} INFO - Processing file /home/airflow/.local/lib/python3.12/site-packages/airflow/example_dags/example_inlet_event_extra.py for tasks to queue
[2025-03-03T19:31:21.226+0000] {logging_mixin.py:190} INFO - [2025-03-03T19:31:21.225+0000] {dagbag.py:588} INFO - Filling up the DagBag from /home/airflow/.local/lib/python3.12/site-packages/airflow/example_dags/example_inlet_event_extra.py
[2025-03-03T19:31:22.465+0000] {processor.py:925} INFO - DAG(s) 'read_dataset_event_from_classic', 'read_dataset_event' retrieved from /home/airflow/.local/lib/python3.12/site-packages/airflow/example_dags/example_inlet_event_extra.py
[2025-03-03T19:31:22.526+0000] {logging_mixin.py:190} INFO - [2025-03-03T19:31:22.525+0000] {dag.py:3239} INFO - Sync 2 DAGs
[2025-03-03T19:31:22.613+0000] {logging_mixin.py:190} INFO - [2025-03-03T19:31:22.612+0000] {dag.py:4180} INFO - Setting next_dagrun for read_dataset_event to 2025-03-02 00:00:00+00:00, run_after=2025-03-03 00:00:00+00:00
[2025-03-03T19:31:22.636+0000] {logging_mixin.py:190} INFO - [2025-03-03T19:31:22.635+0000] {dag.py:4180} INFO - Setting next_dagrun for read_dataset_event_from_classic to 2025-03-02 00:00:00+00:00, run_after=2025-03-03 00:00:00+00:00
[2025-03-03T19:31:22.775+0000] {processor.py:208} INFO - Processing /home/airflow/.local/lib/python3.12/site-packages/airflow/example_dags/example_inlet_event_extra.py took 1.602 seconds
[2025-03-03T19:31:54.120+0000] {processor.py:186} INFO - Started process (PID=8319) to work on /home/airflow/.local/lib/python3.12/site-packages/airflow/example_dags/example_inlet_event_extra.py
[2025-03-03T19:31:54.123+0000] {processor.py:914} INFO - Processing file /home/airflow/.local/lib/python3.12/site-packages/airflow/example_dags/example_inlet_event_extra.py for tasks to queue
[2025-03-03T19:31:54.131+0000] {logging_mixin.py:190} INFO - [2025-03-03T19:31:54.130+0000] {dagbag.py:588} INFO - Filling up the DagBag from /home/airflow/.local/lib/python3.12/site-packages/airflow/example_dags/example_inlet_event_extra.py
[2025-03-03T19:31:55.270+0000] {processor.py:925} INFO - DAG(s) 'read_dataset_event_from_classic', 'read_dataset_event' retrieved from /home/airflow/.local/lib/python3.12/site-packages/airflow/example_dags/example_inlet_event_extra.py
[2025-03-03T19:31:55.393+0000] {logging_mixin.py:190} INFO - [2025-03-03T19:31:55.392+0000] {dag.py:3239} INFO - Sync 2 DAGs
[2025-03-03T19:31:55.474+0000] {logging_mixin.py:190} INFO - [2025-03-03T19:31:55.474+0000] {dag.py:4180} INFO - Setting next_dagrun for read_dataset_event to 2025-03-02 00:00:00+00:00, run_after=2025-03-03 00:00:00+00:00
[2025-03-03T19:31:55.496+0000] {logging_mixin.py:190} INFO - [2025-03-03T19:31:55.495+0000] {dag.py:4180} INFO - Setting next_dagrun for read_dataset_event_from_classic to 2025-03-02 00:00:00+00:00, run_after=2025-03-03 00:00:00+00:00
[2025-03-03T19:31:55.573+0000] {processor.py:208} INFO - Processing /home/airflow/.local/lib/python3.12/site-packages/airflow/example_dags/example_inlet_event_extra.py took 1.472 seconds
[2025-03-03T19:32:26.154+0000] {processor.py:186} INFO - Started process (PID=8648) to work on /home/airflow/.local/lib/python3.12/site-packages/airflow/example_dags/example_inlet_event_extra.py
[2025-03-03T19:32:26.160+0000] {processor.py:914} INFO - Processing file /home/airflow/.local/lib/python3.12/site-packages/airflow/example_dags/example_inlet_event_extra.py for tasks to queue
[2025-03-03T19:32:26.171+0000] {logging_mixin.py:190} INFO - [2025-03-03T19:32:26.170+0000] {dagbag.py:588} INFO - Filling up the DagBag from /home/airflow/.local/lib/python3.12/site-packages/airflow/example_dags/example_inlet_event_extra.py
[2025-03-03T19:32:27.913+0000] {processor.py:925} INFO - DAG(s) 'read_dataset_event_from_classic', 'read_dataset_event' retrieved from /home/airflow/.local/lib/python3.12/site-packages/airflow/example_dags/example_inlet_event_extra.py
[2025-03-03T19:32:27.985+0000] {logging_mixin.py:190} INFO - [2025-03-03T19:32:27.984+0000] {dag.py:3239} INFO - Sync 2 DAGs
[2025-03-03T19:32:28.167+0000] {logging_mixin.py:190} INFO - [2025-03-03T19:32:28.166+0000] {dag.py:4180} INFO - Setting next_dagrun for read_dataset_event to 2025-03-02 00:00:00+00:00, run_after=2025-03-03 00:00:00+00:00
[2025-03-03T19:32:28.224+0000] {logging_mixin.py:190} INFO - [2025-03-03T19:32:28.224+0000] {dag.py:4180} INFO - Setting next_dagrun for read_dataset_event_from_classic to 2025-03-02 00:00:00+00:00, run_after=2025-03-03 00:00:00+00:00
[2025-03-03T19:32:28.340+0000] {processor.py:208} INFO - Processing /home/airflow/.local/lib/python3.12/site-packages/airflow/example_dags/example_inlet_event_extra.py took 2.203 seconds
[2025-03-03T19:32:58.925+0000] {processor.py:186} INFO - Started process (PID=8960) to work on /home/airflow/.local/lib/python3.12/site-packages/airflow/example_dags/example_inlet_event_extra.py
[2025-03-03T19:32:58.928+0000] {processor.py:914} INFO - Processing file /home/airflow/.local/lib/python3.12/site-packages/airflow/example_dags/example_inlet_event_extra.py for tasks to queue
[2025-03-03T19:32:58.937+0000] {logging_mixin.py:190} INFO - [2025-03-03T19:32:58.936+0000] {dagbag.py:588} INFO - Filling up the DagBag from /home/airflow/.local/lib/python3.12/site-packages/airflow/example_dags/example_inlet_event_extra.py
[2025-03-03T19:32:59.994+0000] {processor.py:925} INFO - DAG(s) 'read_dataset_event_from_classic', 'read_dataset_event' retrieved from /home/airflow/.local/lib/python3.12/site-packages/airflow/example_dags/example_inlet_event_extra.py
[2025-03-03T19:33:00.061+0000] {logging_mixin.py:190} INFO - [2025-03-03T19:33:00.061+0000] {dag.py:3239} INFO - Sync 2 DAGs
[2025-03-03T19:33:00.147+0000] {logging_mixin.py:190} INFO - [2025-03-03T19:33:00.146+0000] {dag.py:4180} INFO - Setting next_dagrun for read_dataset_event to 2025-03-02 00:00:00+00:00, run_after=2025-03-03 00:00:00+00:00
[2025-03-03T19:33:00.164+0000] {logging_mixin.py:190} INFO - [2025-03-03T19:33:00.164+0000] {dag.py:4180} INFO - Setting next_dagrun for read_dataset_event_from_classic to 2025-03-02 00:00:00+00:00, run_after=2025-03-03 00:00:00+00:00
[2025-03-03T19:33:00.215+0000] {processor.py:208} INFO - Processing /home/airflow/.local/lib/python3.12/site-packages/airflow/example_dags/example_inlet_event_extra.py took 1.304 seconds
[2025-03-03T19:33:30.698+0000] {processor.py:186} INFO - Started process (PID=9288) to work on /home/airflow/.local/lib/python3.12/site-packages/airflow/example_dags/example_inlet_event_extra.py
[2025-03-03T19:33:30.702+0000] {processor.py:914} INFO - Processing file /home/airflow/.local/lib/python3.12/site-packages/airflow/example_dags/example_inlet_event_extra.py for tasks to queue
[2025-03-03T19:33:30.715+0000] {logging_mixin.py:190} INFO - [2025-03-03T19:33:30.710+0000] {dagbag.py:588} INFO - Filling up the DagBag from /home/airflow/.local/lib/python3.12/site-packages/airflow/example_dags/example_inlet_event_extra.py
[2025-03-03T19:33:31.784+0000] {processor.py:925} INFO - DAG(s) 'read_dataset_event', 'read_dataset_event_from_classic' retrieved from /home/airflow/.local/lib/python3.12/site-packages/airflow/example_dags/example_inlet_event_extra.py
[2025-03-03T19:33:31.816+0000] {logging_mixin.py:190} INFO - [2025-03-03T19:33:31.815+0000] {dag.py:3239} INFO - Sync 2 DAGs
[2025-03-03T19:33:31.859+0000] {logging_mixin.py:190} INFO - [2025-03-03T19:33:31.858+0000] {dag.py:4180} INFO - Setting next_dagrun for read_dataset_event to 2025-03-02 00:00:00+00:00, run_after=2025-03-03 00:00:00+00:00
[2025-03-03T19:33:31.869+0000] {logging_mixin.py:190} INFO - [2025-03-03T19:33:31.869+0000] {dag.py:4180} INFO - Setting next_dagrun for read_dataset_event_from_classic to 2025-03-02 00:00:00+00:00, run_after=2025-03-03 00:00:00+00:00
[2025-03-03T19:33:31.908+0000] {processor.py:208} INFO - Processing /home/airflow/.local/lib/python3.12/site-packages/airflow/example_dags/example_inlet_event_extra.py took 1.228 seconds
[2025-03-03T19:34:02.675+0000] {processor.py:186} INFO - Started process (PID=9601) to work on /home/airflow/.local/lib/python3.12/site-packages/airflow/example_dags/example_inlet_event_extra.py
[2025-03-03T19:34:02.677+0000] {processor.py:914} INFO - Processing file /home/airflow/.local/lib/python3.12/site-packages/airflow/example_dags/example_inlet_event_extra.py for tasks to queue
[2025-03-03T19:34:02.688+0000] {logging_mixin.py:190} INFO - [2025-03-03T19:34:02.687+0000] {dagbag.py:588} INFO - Filling up the DagBag from /home/airflow/.local/lib/python3.12/site-packages/airflow/example_dags/example_inlet_event_extra.py
[2025-03-03T19:34:04.374+0000] {processor.py:925} INFO - DAG(s) 'read_dataset_event_from_classic', 'read_dataset_event' retrieved from /home/airflow/.local/lib/python3.12/site-packages/airflow/example_dags/example_inlet_event_extra.py
[2025-03-03T19:34:04.425+0000] {logging_mixin.py:190} INFO - [2025-03-03T19:34:04.424+0000] {dag.py:3239} INFO - Sync 2 DAGs
[2025-03-03T19:34:04.501+0000] {logging_mixin.py:190} INFO - [2025-03-03T19:34:04.500+0000] {dag.py:4180} INFO - Setting next_dagrun for read_dataset_event to 2025-03-02 00:00:00+00:00, run_after=2025-03-03 00:00:00+00:00
[2025-03-03T19:34:04.516+0000] {logging_mixin.py:190} INFO - [2025-03-03T19:34:04.515+0000] {dag.py:4180} INFO - Setting next_dagrun for read_dataset_event_from_classic to 2025-03-02 00:00:00+00:00, run_after=2025-03-03 00:00:00+00:00
[2025-03-03T19:34:04.573+0000] {processor.py:208} INFO - Processing /home/airflow/.local/lib/python3.12/site-packages/airflow/example_dags/example_inlet_event_extra.py took 1.915 seconds
[2025-03-03T19:34:38.536+0000] {processor.py:186} INFO - Started process (PID=9944) to work on /home/airflow/.local/lib/python3.12/site-packages/airflow/example_dags/example_inlet_event_extra.py
[2025-03-03T19:34:38.538+0000] {processor.py:914} INFO - Processing file /home/airflow/.local/lib/python3.12/site-packages/airflow/example_dags/example_inlet_event_extra.py for tasks to queue
[2025-03-03T19:34:38.544+0000] {logging_mixin.py:190} INFO - [2025-03-03T19:34:38.543+0000] {dagbag.py:588} INFO - Filling up the DagBag from /home/airflow/.local/lib/python3.12/site-packages/airflow/example_dags/example_inlet_event_extra.py
[2025-03-03T19:34:40.122+0000] {processor.py:925} INFO - DAG(s) 'read_dataset_event', 'read_dataset_event_from_classic' retrieved from /home/airflow/.local/lib/python3.12/site-packages/airflow/example_dags/example_inlet_event_extra.py
[2025-03-03T19:34:40.189+0000] {logging_mixin.py:190} INFO - [2025-03-03T19:34:40.189+0000] {dag.py:3239} INFO - Sync 2 DAGs
[2025-03-03T19:34:40.260+0000] {logging_mixin.py:190} INFO - [2025-03-03T19:34:40.259+0000] {dag.py:4180} INFO - Setting next_dagrun for read_dataset_event to 2025-03-02 00:00:00+00:00, run_after=2025-03-03 00:00:00+00:00
[2025-03-03T19:34:40.275+0000] {logging_mixin.py:190} INFO - [2025-03-03T19:34:40.274+0000] {dag.py:4180} INFO - Setting next_dagrun for read_dataset_event_from_classic to 2025-03-02 00:00:00+00:00, run_after=2025-03-03 00:00:00+00:00
[2025-03-03T19:34:40.325+0000] {processor.py:208} INFO - Processing /home/airflow/.local/lib/python3.12/site-packages/airflow/example_dags/example_inlet_event_extra.py took 1.801 seconds
[2025-03-03T19:35:10.485+0000] {processor.py:186} INFO - Started process (PID=10251) to work on /home/airflow/.local/lib/python3.12/site-packages/airflow/example_dags/example_inlet_event_extra.py
[2025-03-03T19:35:10.489+0000] {processor.py:914} INFO - Processing file /home/airflow/.local/lib/python3.12/site-packages/airflow/example_dags/example_inlet_event_extra.py for tasks to queue
[2025-03-03T19:35:10.503+0000] {logging_mixin.py:190} INFO - [2025-03-03T19:35:10.501+0000] {dagbag.py:588} INFO - Filling up the DagBag from /home/airflow/.local/lib/python3.12/site-packages/airflow/example_dags/example_inlet_event_extra.py
[2025-03-03T19:35:12.229+0000] {processor.py:925} INFO - DAG(s) 'read_dataset_event', 'read_dataset_event_from_classic' retrieved from /home/airflow/.local/lib/python3.12/site-packages/airflow/example_dags/example_inlet_event_extra.py
[2025-03-03T19:35:12.289+0000] {logging_mixin.py:190} INFO - [2025-03-03T19:35:12.289+0000] {dag.py:3239} INFO - Sync 2 DAGs
[2025-03-03T19:35:12.382+0000] {logging_mixin.py:190} INFO - [2025-03-03T19:35:12.381+0000] {dag.py:4180} INFO - Setting next_dagrun for read_dataset_event to 2025-03-02 00:00:00+00:00, run_after=2025-03-03 00:00:00+00:00
[2025-03-03T19:35:12.412+0000] {logging_mixin.py:190} INFO - [2025-03-03T19:35:12.411+0000] {dag.py:4180} INFO - Setting next_dagrun for read_dataset_event_from_classic to 2025-03-02 00:00:00+00:00, run_after=2025-03-03 00:00:00+00:00
[2025-03-03T19:35:12.528+0000] {processor.py:208} INFO - Processing /home/airflow/.local/lib/python3.12/site-packages/airflow/example_dags/example_inlet_event_extra.py took 2.063 seconds
