[2025-02-25T19:27:40.880+0000] {local_task_job_runner.py:123} INFO - ::group::Pre task execution logs
[2025-02-25T19:27:41.027+0000] {taskinstance.py:2613} INFO - Dependencies all met for dep_context=non-requeueable deps ti=<TaskInstance: skripsi.get_data_from_db scheduled__2025-02-25T19:21:00+00:00 [queued]>
[2025-02-25T19:27:41.119+0000] {taskinstance.py:2613} INFO - Dependencies all met for dep_context=requeueable deps ti=<TaskInstance: skripsi.get_data_from_db scheduled__2025-02-25T19:21:00+00:00 [queued]>
[2025-02-25T19:27:41.137+0000] {taskinstance.py:2866} INFO - Starting attempt 1 of 6
[2025-02-25T19:27:41.415+0000] {taskinstance.py:2889} INFO - Executing <Task(PythonOperator): get_data_from_db> on 2025-02-25 19:21:00+00:00
[2025-02-25T19:27:41.507+0000] {logging_mixin.py:190} WARNING - /home/airflow/.local/lib/python3.12/site-packages/airflow/task/task_runner/standard_task_runner.py:70 DeprecationWarning: This process (pid=80539) is multi-threaded, use of fork() may lead to deadlocks in the child.
[2025-02-25T19:27:41.534+0000] {standard_task_runner.py:72} INFO - Started process 80620 to run task
[2025-02-25T19:27:41.575+0000] {standard_task_runner.py:104} INFO - Running: ['airflow', 'tasks', 'run', 'skripsi', 'get_data_from_db', 'scheduled__2025-02-25T19:21:00+00:00', '--job-id', '324', '--raw', '--subdir', 'DAGS_FOLDER/tugas_akhir.py', '--cfg-path', '/tmp/tmp_kfx4dhv']
[2025-02-25T19:27:41.641+0000] {standard_task_runner.py:105} INFO - Job 324: Subtask get_data_from_db
[2025-02-25T19:27:42.180+0000] {task_command.py:467} INFO - Running <TaskInstance: skripsi.get_data_from_db scheduled__2025-02-25T19:21:00+00:00 [running]> on host d22a487e6b55
[2025-02-25T19:27:43.688+0000] {taskinstance.py:3132} INFO - Exporting env vars: AIRFLOW_CTX_DAG_OWNER='Dion Rikki' AIRFLOW_CTX_DAG_ID='skripsi' AIRFLOW_CTX_TASK_ID='get_data_from_db' AIRFLOW_CTX_EXECUTION_DATE='2025-02-25T19:21:00+00:00' AIRFLOW_CTX_TRY_NUMBER='1' AIRFLOW_CTX_DAG_RUN_ID='scheduled__2025-02-25T19:21:00+00:00'
[2025-02-25T19:27:43.715+0000] {logging_mixin.py:190} INFO - Task instance is in running state
[2025-02-25T19:27:43.723+0000] {logging_mixin.py:190} INFO -  Previous state of the Task instance: queued
[2025-02-25T19:27:43.733+0000] {logging_mixin.py:190} INFO - Current task name:get_data_from_db state:running start_date:2025-02-25 19:27:41.032578+00:00
[2025-02-25T19:27:43.735+0000] {logging_mixin.py:190} INFO - Dag name:skripsi and current dag run status:running
[2025-02-25T19:27:43.747+0000] {taskinstance.py:731} INFO - ::endgroup::
[2025-02-25T19:27:43.753+0000] {logging_mixin.py:190} INFO - 🔍 [1] Menghubungkan ke database MySQL...
[2025-02-25T19:27:43.906+0000] {logging_mixin.py:190} INFO - 📊 Data yang diambil dari MySQL:
   Humidity  Moisture
0      85.0      25.8
[2025-02-25T19:27:44.074+0000] {logging_mixin.py:190} INFO - ✅ Data berhasil disimpan ke XCom. Jumlah baris: 1
[2025-02-25T19:27:44.081+0000] {python.py:240} INFO - Done. Returned value was: None
[2025-02-25T19:27:44.167+0000] {taskinstance.py:340} INFO - ::group::Post task execution logs
[2025-02-25T19:27:44.172+0000] {taskinstance.py:352} INFO - Marking task as SUCCESS. dag_id=skripsi, task_id=get_data_from_db, run_id=scheduled__2025-02-25T19:21:00+00:00, execution_date=20250225T192100, start_date=20250225T192741, end_date=20250225T192744
[2025-02-25T19:27:44.382+0000] {logging_mixin.py:190} INFO - Task instance in success state
[2025-02-25T19:27:44.383+0000] {logging_mixin.py:190} INFO -  Previous state of the Task instance: running
[2025-02-25T19:27:44.395+0000] {logging_mixin.py:190} INFO - Dag name:skripsi queued_at:2025-02-25 19:22:31.186664+00:00
[2025-02-25T19:27:44.400+0000] {logging_mixin.py:190} INFO - Task hostname:d22a487e6b55 operator:PythonOperator
[2025-02-25T19:27:44.519+0000] {local_task_job_runner.py:266} INFO - Task exited with return code 0
[2025-02-25T19:27:44.635+0000] {taskinstance.py:3895} INFO - 1 downstream tasks scheduled from follow-on schedule check
[2025-02-25T19:27:44.668+0000] {local_task_job_runner.py:245} INFO - ::endgroup::
