[2025-02-27T15:16:13.993+0000] {local_task_job_runner.py:123} INFO - ::group::Pre task execution logs
[2025-02-27T15:16:14.033+0000] {taskinstance.py:2613} INFO - Dependencies all met for dep_context=non-requeueable deps ti=<TaskInstance: skripsi_akhir_perbaikan.predict_and_store_result scheduled__2025-02-27T15:14:00+00:00 [queued]>
[2025-02-27T15:16:14.056+0000] {taskinstance.py:2613} INFO - Dependencies all met for dep_context=requeueable deps ti=<TaskInstance: skripsi_akhir_perbaikan.predict_and_store_result scheduled__2025-02-27T15:14:00+00:00 [queued]>
[2025-02-27T15:16:14.058+0000] {taskinstance.py:2866} INFO - Starting attempt 1 of 6
[2025-02-27T15:16:14.096+0000] {taskinstance.py:2889} INFO - Executing <Task(PythonOperator): predict_and_store_result> on 2025-02-27 15:14:00+00:00
[2025-02-27T15:16:14.126+0000] {logging_mixin.py:190} WARNING - /home/airflow/.local/lib/python3.12/site-packages/airflow/task/task_runner/standard_task_runner.py:70 DeprecationWarning: This process (pid=67896) is multi-threaded, use of fork() may lead to deadlocks in the child.
[2025-02-27T15:16:14.130+0000] {standard_task_runner.py:72} INFO - Started process 67929 to run task
[2025-02-27T15:16:14.140+0000] {standard_task_runner.py:104} INFO - Running: ['airflow', 'tasks', 'run', 'skripsi_akhir_perbaikan', 'predict_and_store_result', 'scheduled__2025-02-27T15:14:00+00:00', '--job-id', '89', '--raw', '--subdir', 'DAGS_FOLDER/tugas_akhir.py', '--cfg-path', '/tmp/tmphhx1w_he']
[2025-02-27T15:16:14.145+0000] {standard_task_runner.py:105} INFO - Job 89: Subtask predict_and_store_result
[2025-02-27T15:16:14.249+0000] {task_command.py:467} INFO - Running <TaskInstance: skripsi_akhir_perbaikan.predict_and_store_result scheduled__2025-02-27T15:14:00+00:00 [running]> on host 75f595111fc8
[2025-02-27T15:16:14.477+0000] {taskinstance.py:3132} INFO - Exporting env vars: AIRFLOW_CTX_DAG_OWNER='Dion Rikki' AIRFLOW_CTX_DAG_ID='skripsi_akhir_perbaikan' AIRFLOW_CTX_TASK_ID='predict_and_store_result' AIRFLOW_CTX_EXECUTION_DATE='2025-02-27T15:14:00+00:00' AIRFLOW_CTX_TRY_NUMBER='1' AIRFLOW_CTX_DAG_RUN_ID='scheduled__2025-02-27T15:14:00+00:00'
[2025-02-27T15:16:14.481+0000] {logging_mixin.py:190} INFO - Task instance is in running state
[2025-02-27T15:16:14.484+0000] {logging_mixin.py:190} INFO -  Previous state of the Task instance: queued
[2025-02-27T15:16:14.489+0000] {logging_mixin.py:190} INFO - Current task name:predict_and_store_result state:running start_date:2025-02-27 15:16:14.034058+00:00
[2025-02-27T15:16:14.493+0000] {logging_mixin.py:190} INFO - Dag name:skripsi_akhir_perbaikan and current dag run status:running
[2025-02-27T15:16:14.496+0000] {taskinstance.py:731} INFO - ::endgroup::
[2025-02-27T15:16:14.502+0000] {logging_mixin.py:190} INFO - 🔍 [1] Mengambil data dari XCom...
[2025-02-27T15:16:14.542+0000] {logging_mixin.py:190} INFO - ✅ [2] Data diterima dari XCom. Jumlah baris: 2
[2025-02-27T15:16:14.544+0000] {logging_mixin.py:190} INFO - 📊 Data contoh:
[{'Temperature': 26.7, 'Humidity': 82.0, 'Moisture_level': 0}, {'Temperature': 26.7, 'Humidity': 82.0, 'Moisture_level': 0}]
[2025-02-27T15:16:14.558+0000] {logging_mixin.py:190} INFO - 🤖 [3] Melakukan prediksi dengan model RandomForest...
[2025-02-27T15:16:14.565+0000] {logging_mixin.py:190} INFO - ❌ ERROR saat prediksi atau menyimpan ke database: "['moisture_level'] not in index"
[2025-02-27T15:16:14.567+0000] {python.py:240} INFO - Done. Returned value was: None
[2025-02-27T15:16:14.587+0000] {taskinstance.py:340} INFO - ::group::Post task execution logs
[2025-02-27T15:16:14.588+0000] {taskinstance.py:352} INFO - Marking task as SUCCESS. dag_id=skripsi_akhir_perbaikan, task_id=predict_and_store_result, run_id=scheduled__2025-02-27T15:14:00+00:00, execution_date=20250227T151400, start_date=20250227T151614, end_date=20250227T151614
[2025-02-27T15:16:14.611+0000] {logging_mixin.py:190} INFO - Task instance in success state
[2025-02-27T15:16:14.612+0000] {logging_mixin.py:190} INFO -  Previous state of the Task instance: running
[2025-02-27T15:16:14.613+0000] {logging_mixin.py:190} INFO - Dag name:skripsi_akhir_perbaikan queued_at:2025-02-27 15:16:00.127326+00:00
[2025-02-27T15:16:14.616+0000] {logging_mixin.py:190} INFO - Task hostname:75f595111fc8 operator:PythonOperator
[2025-02-27T15:16:14.650+0000] {local_task_job_runner.py:266} INFO - Task exited with return code 0
[2025-02-27T15:16:14.682+0000] {taskinstance.py:3895} INFO - 0 downstream tasks scheduled from follow-on schedule check
[2025-02-27T15:16:14.685+0000] {local_task_job_runner.py:245} INFO - ::endgroup::
