[2025-03-10T18:37:30.558+0000] {local_task_job_runner.py:123} INFO - ::group::Pre task execution logs
[2025-03-10T18:37:30.599+0000] {taskinstance.py:2613} INFO - Dependencies all met for dep_context=non-requeueable deps ti=<TaskInstance: skripsi_perbaikan.wait_for_new_data scheduled__2025-03-10T18:30:00+00:00 [queued]>
[2025-03-10T18:37:30.628+0000] {taskinstance.py:2613} INFO - Dependencies all met for dep_context=requeueable deps ti=<TaskInstance: skripsi_perbaikan.wait_for_new_data scheduled__2025-03-10T18:30:00+00:00 [queued]>
[2025-03-10T18:37:30.629+0000] {taskinstance.py:2866} INFO - Starting attempt 6 of 6
[2025-03-10T18:37:30.671+0000] {taskinstance.py:2889} INFO - Executing <Task(SqlSensor): wait_for_new_data> on 2025-03-10 18:30:00+00:00
[2025-03-10T18:37:30.699+0000] {logging_mixin.py:190} WARNING - /home/airflow/.local/lib/python3.12/site-packages/airflow/task/task_runner/standard_task_runner.py:70 DeprecationWarning: This process (pid=70124) is multi-threaded, use of fork() may lead to deadlocks in the child.
[2025-03-10T18:37:30.699+0000] {standard_task_runner.py:104} INFO - Running: ['airflow', 'tasks', 'run', 'skripsi_perbaikan', 'wait_for_new_data', 'scheduled__2025-03-10T18:30:00+00:00', '--job-id', '477', '--raw', '--subdir', 'DAGS_FOLDER/tugas_akhir.py', '--cfg-path', '/tmp/tmpdcm42noj']
[2025-03-10T18:37:30.701+0000] {standard_task_runner.py:72} INFO - Started process 70163 to run task
[2025-03-10T18:37:30.703+0000] {standard_task_runner.py:105} INFO - Job 477: Subtask wait_for_new_data
[2025-03-10T18:37:30.854+0000] {task_command.py:467} INFO - Running <TaskInstance: skripsi_perbaikan.wait_for_new_data scheduled__2025-03-10T18:30:00+00:00 [running]> on host b493651eb2c9
[2025-03-10T18:37:31.036+0000] {taskinstance.py:3132} INFO - Exporting env vars: AIRFLOW_CTX_DAG_OWNER='Dion Rikki' AIRFLOW_CTX_DAG_ID='skripsi_perbaikan' AIRFLOW_CTX_TASK_ID='wait_for_new_data' AIRFLOW_CTX_EXECUTION_DATE='2025-03-10T18:30:00+00:00' AIRFLOW_CTX_TRY_NUMBER='6' AIRFLOW_CTX_DAG_RUN_ID='scheduled__2025-03-10T18:30:00+00:00'
[2025-03-10T18:37:31.039+0000] {logging_mixin.py:190} INFO - Task instance is in running state
[2025-03-10T18:37:31.041+0000] {logging_mixin.py:190} INFO -  Previous state of the Task instance: queued
[2025-03-10T18:37:31.042+0000] {logging_mixin.py:190} INFO - Current task name:wait_for_new_data state:running start_date:2025-03-10 18:37:30.600126+00:00
[2025-03-10T18:37:31.043+0000] {logging_mixin.py:190} INFO - Dag name:skripsi_perbaikan and current dag run status:running
[2025-03-10T18:37:31.044+0000] {taskinstance.py:731} INFO - ::endgroup::
[2025-03-10T18:37:31.072+0000] {base.py:84} INFO - Retrieving connection 'mysql_default'
[2025-03-10T18:37:31.079+0000] {sql.py:101} INFO - Poking: 
            SELECT COUNT(*) 
            FROM tugas_akhir_sensordata s
            WHERE s.timestamp >= NOW() - INTERVAL 5 MINUTE
            AND s.Soil_Type IS NOT NULL
            AND s.Crop_Type IS NOT NULL
            AND NOT EXISTS (
                SELECT 1 
                FROM fertilizer_predictions f
                WHERE f.id = s.id
            )
         (with parameters None)
[2025-03-10T18:37:31.090+0000] {base.py:84} INFO - Retrieving connection 'mysql_default'
[2025-03-10T18:37:31.100+0000] {sql.py:553} INFO - Running statement: 
            SELECT COUNT(*) 
            FROM tugas_akhir_sensordata s
            WHERE s.timestamp >= NOW() - INTERVAL 5 MINUTE
            AND s.Soil_Type IS NOT NULL
            AND s.Crop_Type IS NOT NULL
            AND NOT EXISTS (
                SELECT 1 
                FROM fertilizer_predictions f
                WHERE f.id = s.id
            )
        , parameters: None
[2025-03-10T18:37:31.101+0000] {sql.py:562} INFO - Rows affected: 1
[2025-03-10T18:37:31.146+0000] {taskinstance.py:309} INFO - Rescheduling task, marking task as UP_FOR_RESCHEDULE
[2025-03-10T18:37:31.148+0000] {taskinstance.py:340} INFO - ::group::Post task execution logs
[2025-03-10T18:37:31.182+0000] {local_task_job_runner.py:266} INFO - Task exited with return code 0
[2025-03-10T18:37:31.240+0000] {taskinstance.py:3895} INFO - 0 downstream tasks scheduled from follow-on schedule check
[2025-03-10T18:37:31.243+0000] {local_task_job_runner.py:245} INFO - ::endgroup::
