[2025-03-01T13:23:30.624+0000] {local_task_job_runner.py:123} INFO - ::group::Pre task execution logs
[2025-03-01T13:23:30.703+0000] {taskinstance.py:2613} INFO - Dependencies all met for dep_context=non-requeueable deps ti=<TaskInstance: skripsi_2.predict_and_store_result manual__2025-03-01T13:23:09.895801+00:00 [queued]>
[2025-03-01T13:23:30.738+0000] {taskinstance.py:2613} INFO - Dependencies all met for dep_context=requeueable deps ti=<TaskInstance: skripsi_2.predict_and_store_result manual__2025-03-01T13:23:09.895801+00:00 [queued]>
[2025-03-01T13:23:30.742+0000] {taskinstance.py:2866} INFO - Starting attempt 1 of 6
[2025-03-01T13:23:30.833+0000] {taskinstance.py:2889} INFO - Executing <Task(PythonOperator): predict_and_store_result> on 2025-03-01 13:23:09.895801+00:00
[2025-03-01T13:23:30.875+0000] {standard_task_runner.py:104} INFO - Running: ['airflow', 'tasks', 'run', 'skripsi_2', 'predict_and_store_result', 'manual__2025-03-01T13:23:09.895801+00:00', '--job-id', '12452', '--raw', '--subdir', 'DAGS_FOLDER/tugas_akhir.py', '--cfg-path', '/tmp/tmpl2j65u_y']
[2025-03-01T13:23:30.885+0000] {standard_task_runner.py:105} INFO - Job 12452: Subtask predict_and_store_result
[2025-03-01T13:23:30.884+0000] {logging_mixin.py:190} WARNING - /home/airflow/.local/lib/python3.12/site-packages/airflow/task/task_runner/standard_task_runner.py:70 DeprecationWarning: This process (pid=58241) is multi-threaded, use of fork() may lead to deadlocks in the child.
[2025-03-01T13:23:30.893+0000] {standard_task_runner.py:72} INFO - Started process 58358 to run task
[2025-03-01T13:23:31.046+0000] {task_command.py:467} INFO - Running <TaskInstance: skripsi_2.predict_and_store_result manual__2025-03-01T13:23:09.895801+00:00 [running]> on host ef7692401a0a
[2025-03-01T13:23:31.515+0000] {taskinstance.py:3132} INFO - Exporting env vars: AIRFLOW_CTX_DAG_OWNER='Dion Rikki' AIRFLOW_CTX_DAG_ID='skripsi_2' AIRFLOW_CTX_TASK_ID='predict_and_store_result' AIRFLOW_CTX_EXECUTION_DATE='2025-03-01T13:23:09.895801+00:00' AIRFLOW_CTX_TRY_NUMBER='1' AIRFLOW_CTX_DAG_RUN_ID='manual__2025-03-01T13:23:09.895801+00:00'
[2025-03-01T13:23:31.520+0000] {logging_mixin.py:190} INFO - Task instance is in running state
[2025-03-01T13:23:31.523+0000] {logging_mixin.py:190} INFO -  Previous state of the Task instance: queued
[2025-03-01T13:23:31.526+0000] {logging_mixin.py:190} INFO - Current task name:predict_and_store_result state:running start_date:2025-03-01 13:23:30.708438+00:00
[2025-03-01T13:23:31.533+0000] {logging_mixin.py:190} INFO - Dag name:skripsi_2 and current dag run status:running
[2025-03-01T13:23:31.534+0000] {taskinstance.py:731} INFO - ::endgroup::
[2025-03-01T13:23:31.537+0000] {logging_mixin.py:190} INFO - 🔍 [1] Mengambil data dari XCom...
[2025-03-01T13:23:31.566+0000] {logging_mixin.py:190} INFO - ✅ [2] Data diterima dari XCom. Jumlah baris: 3
[2025-03-01T13:23:31.569+0000] {logging_mixin.py:190} INFO - 📊 Data contoh:
[{'Temperature': 26.7, 'Humidity': 81.0, 'Moisture': 0}, {'Temperature': 26.7, 'Humidity': 81.0, 'Moisture': 0}, {'Temperature': 26.7, 'Humidity': 81.0, 'Moisture': 0}]
[2025-03-01T13:23:31.589+0000] {logging_mixin.py:190} INFO - 🤖 [3] Melakukan prediksi dengan model KNN...
[2025-03-01T13:23:31.662+0000] {logging_mixin.py:190} INFO - 📌 [4] Hasil prediksi:
   Temperature  Humidity  Moisture Predicted_Fertilizer
0         26.7      81.0         0                  TSP
1         26.7      81.0         0                  TSP
2         26.7      81.0         0                  TSP
[2025-03-01T13:23:31.665+0000] {logging_mixin.py:190} INFO - 💾 [5] Menyimpan hasil prediksi ke database...
[2025-03-01T13:23:31.753+0000] {logging_mixin.py:190} INFO - ✅ Hasil prediksi berhasil disimpan ke database!
[2025-03-01T13:23:31.758+0000] {python.py:240} INFO - Done. Returned value was: None
[2025-03-01T13:23:31.806+0000] {taskinstance.py:340} INFO - ::group::Post task execution logs
[2025-03-01T13:23:31.809+0000] {taskinstance.py:352} INFO - Marking task as SUCCESS. dag_id=skripsi_2, task_id=predict_and_store_result, run_id=manual__2025-03-01T13:23:09.895801+00:00, execution_date=20250301T132309, start_date=20250301T132330, end_date=20250301T132331
[2025-03-01T13:23:31.875+0000] {logging_mixin.py:190} INFO - Task instance in success state
[2025-03-01T13:23:31.881+0000] {logging_mixin.py:190} INFO -  Previous state of the Task instance: running
[2025-03-01T13:23:31.885+0000] {logging_mixin.py:190} INFO - Dag name:skripsi_2 queued_at:2025-03-01 13:23:09.925861+00:00
[2025-03-01T13:23:31.895+0000] {logging_mixin.py:190} INFO - Task hostname:ef7692401a0a operator:PythonOperator
[2025-03-01T13:23:32.001+0000] {local_task_job_runner.py:266} INFO - Task exited with return code 0
[2025-03-01T13:23:32.103+0000] {taskinstance.py:3895} INFO - 0 downstream tasks scheduled from follow-on schedule check
[2025-03-01T13:23:32.106+0000] {local_task_job_runner.py:245} INFO - ::endgroup::
