[2025-02-25T17:58:56.275+0000] {local_task_job_runner.py:123} INFO - ::group::Pre task execution logs
[2025-02-25T17:58:56.316+0000] {taskinstance.py:2613} INFO - Dependencies all met for dep_context=non-requeueable deps ti=<TaskInstance: tugas_kita.wait_for_new_data manual__2025-02-25T17:56:39.401965+00:00 [queued]>
[2025-02-25T17:58:56.343+0000] {taskinstance.py:2613} INFO - Dependencies all met for dep_context=requeueable deps ti=<TaskInstance: tugas_kita.wait_for_new_data manual__2025-02-25T17:56:39.401965+00:00 [queued]>
[2025-02-25T17:58:56.345+0000] {taskinstance.py:2866} INFO - Starting attempt 3 of 6
[2025-02-25T17:58:56.392+0000] {taskinstance.py:2889} INFO - Executing <Task(SqlSensor): wait_for_new_data> on 2025-02-25 17:56:39.401965+00:00
[2025-02-25T17:58:56.419+0000] {logging_mixin.py:190} WARNING - /home/airflow/.local/lib/python3.12/site-packages/airflow/task/task_runner/standard_task_runner.py:70 DeprecationWarning: This process (pid=29088) is multi-threaded, use of fork() may lead to deadlocks in the child.
[2025-02-25T17:58:56.422+0000] {standard_task_runner.py:72} INFO - Started process 29097 to run task
[2025-02-25T17:58:56.421+0000] {standard_task_runner.py:104} INFO - Running: ['airflow', 'tasks', 'run', 'tugas_kita', 'wait_for_new_data', 'manual__2025-02-25T17:56:39.401965+00:00', '--job-id', '47', '--raw', '--subdir', 'DAGS_FOLDER/tugas_akhir.py', '--cfg-path', '/tmp/tmpf24s5m0r']
[2025-02-25T17:58:56.427+0000] {standard_task_runner.py:105} INFO - Job 47: Subtask wait_for_new_data
[2025-02-25T17:58:56.529+0000] {task_command.py:467} INFO - Running <TaskInstance: tugas_kita.wait_for_new_data manual__2025-02-25T17:56:39.401965+00:00 [running]> on host d22a487e6b55
[2025-02-25T17:58:56.718+0000] {taskinstance.py:3132} INFO - Exporting env vars: AIRFLOW_CTX_DAG_OWNER='Dion Rikki' AIRFLOW_CTX_DAG_ID='tugas_kita' AIRFLOW_CTX_TASK_ID='wait_for_new_data' AIRFLOW_CTX_EXECUTION_DATE='2025-02-25T17:56:39.401965+00:00' AIRFLOW_CTX_TRY_NUMBER='3' AIRFLOW_CTX_DAG_RUN_ID='manual__2025-02-25T17:56:39.401965+00:00'
[2025-02-25T17:58:56.722+0000] {logging_mixin.py:190} INFO - Task instance is in running state
[2025-02-25T17:58:56.723+0000] {logging_mixin.py:190} INFO -  Previous state of the Task instance: queued
[2025-02-25T17:58:56.725+0000] {logging_mixin.py:190} INFO - Current task name:wait_for_new_data state:running start_date:2025-02-25 17:58:56.317781+00:00
[2025-02-25T17:58:56.726+0000] {logging_mixin.py:190} INFO - Dag name:tugas_kita and current dag run status:running
[2025-02-25T17:58:56.728+0000] {taskinstance.py:731} INFO - ::endgroup::
[2025-02-25T17:58:56.760+0000] {base.py:84} INFO - Retrieving connection 'mysql_default'
[2025-02-25T17:58:56.768+0000] {sql.py:101} INFO - Poking: SELECT COUNT(*) FROM tugas_akhir_sensordata WHERE timestamp >= NOW() - INTERVAL 5 MINUTE (with parameters None)
[2025-02-25T17:58:56.779+0000] {base.py:84} INFO - Retrieving connection 'mysql_default'
[2025-02-25T17:58:56.790+0000] {sql.py:553} INFO - Running statement: SELECT COUNT(*) FROM tugas_akhir_sensordata WHERE timestamp >= NOW() - INTERVAL 5 MINUTE, parameters: None
[2025-02-25T17:58:56.792+0000] {sql.py:562} INFO - Rows affected: 1
[2025-02-25T17:58:56.841+0000] {taskinstance.py:309} INFO - Rescheduling task, marking task as UP_FOR_RESCHEDULE
[2025-02-25T17:58:56.844+0000] {taskinstance.py:340} INFO - ::group::Post task execution logs
[2025-02-25T17:58:56.903+0000] {local_task_job_runner.py:266} INFO - Task exited with return code 0
[2025-02-25T17:58:56.968+0000] {taskinstance.py:3895} INFO - 0 downstream tasks scheduled from follow-on schedule check
[2025-02-25T17:58:56.973+0000] {local_task_job_runner.py:245} INFO - ::endgroup::
