[2025-02-25T21:08:03.527+0000] {local_task_job_runner.py:123} INFO - ::group::Pre task execution logs
[2025-02-25T21:08:03.579+0000] {taskinstance.py:2613} INFO - Dependencies all met for dep_context=non-requeueable deps ti=<TaskInstance: skripsi_akhir_perbaikan.wait_for_new_data scheduled__2025-02-25T21:06:00+00:00 [queued]>
[2025-02-25T21:08:03.612+0000] {taskinstance.py:2613} INFO - Dependencies all met for dep_context=requeueable deps ti=<TaskInstance: skripsi_akhir_perbaikan.wait_for_new_data scheduled__2025-02-25T21:06:00+00:00 [queued]>
[2025-02-25T21:08:03.613+0000] {taskinstance.py:2866} INFO - Starting attempt 1 of 6
[2025-02-25T21:08:03.670+0000] {taskinstance.py:2889} INFO - Executing <Task(SqlSensor): wait_for_new_data> on 2025-02-25 21:06:00+00:00
[2025-02-25T21:08:03.710+0000] {logging_mixin.py:190} WARNING - /home/airflow/.local/lib/python3.12/site-packages/airflow/task/task_runner/standard_task_runner.py:70 DeprecationWarning: This process (pid=39182) is multi-threaded, use of fork() may lead to deadlocks in the child.
[2025-02-25T21:08:03.708+0000] {standard_task_runner.py:104} INFO - Running: ['airflow', 'tasks', 'run', 'skripsi_akhir_perbaikan', 'wait_for_new_data', 'scheduled__2025-02-25T21:06:00+00:00', '--job-id', '604', '--raw', '--subdir', 'DAGS_FOLDER/tugas_akhir.py', '--cfg-path', '/tmp/tmp98pnozyl']
[2025-02-25T21:08:03.714+0000] {standard_task_runner.py:72} INFO - Started process 39209 to run task
[2025-02-25T21:08:03.717+0000] {standard_task_runner.py:105} INFO - Job 604: Subtask wait_for_new_data
[2025-02-25T21:08:03.859+0000] {task_command.py:467} INFO - Running <TaskInstance: skripsi_akhir_perbaikan.wait_for_new_data scheduled__2025-02-25T21:06:00+00:00 [running]> on host d22a487e6b55
[2025-02-25T21:08:04.156+0000] {taskinstance.py:3132} INFO - Exporting env vars: AIRFLOW_CTX_DAG_OWNER='Dion Rikki' AIRFLOW_CTX_DAG_ID='skripsi_akhir_perbaikan' AIRFLOW_CTX_TASK_ID='wait_for_new_data' AIRFLOW_CTX_EXECUTION_DATE='2025-02-25T21:06:00+00:00' AIRFLOW_CTX_TRY_NUMBER='1' AIRFLOW_CTX_DAG_RUN_ID='scheduled__2025-02-25T21:06:00+00:00'
[2025-02-25T21:08:04.159+0000] {logging_mixin.py:190} INFO - Task instance is in running state
[2025-02-25T21:08:04.162+0000] {logging_mixin.py:190} INFO -  Previous state of the Task instance: queued
[2025-02-25T21:08:04.165+0000] {logging_mixin.py:190} INFO - Current task name:wait_for_new_data state:running start_date:2025-02-25 21:08:03.581057+00:00
[2025-02-25T21:08:04.167+0000] {logging_mixin.py:190} INFO - Dag name:skripsi_akhir_perbaikan and current dag run status:running
[2025-02-25T21:08:04.170+0000] {taskinstance.py:731} INFO - ::endgroup::
[2025-02-25T21:08:04.204+0000] {base.py:84} INFO - Retrieving connection 'mysql_default'
[2025-02-25T21:08:04.214+0000] {sql.py:101} INFO - Poking: 
        SELECT COUNT(*) 
        FROM tugas_akhir_sensordata s
        WHERE s.timestamp >= NOW() - INTERVAL 5 MINUTE
        AND NOT EXISTS (
            SELECT 1 
            FROM fertilizer_predictions f
            WHERE CAST(f.id AS SIGNED) = s.id  -- Menggunakan SIGNED di sini
        )
     (with parameters None)
[2025-02-25T21:08:04.226+0000] {base.py:84} INFO - Retrieving connection 'mysql_default'
[2025-02-25T21:08:04.237+0000] {sql.py:553} INFO - Running statement: 
        SELECT COUNT(*) 
        FROM tugas_akhir_sensordata s
        WHERE s.timestamp >= NOW() - INTERVAL 5 MINUTE
        AND NOT EXISTS (
            SELECT 1 
            FROM fertilizer_predictions f
            WHERE CAST(f.id AS SIGNED) = s.id  -- Menggunakan SIGNED di sini
        )
    , parameters: None
[2025-02-25T21:08:04.239+0000] {sql.py:562} INFO - Rows affected: 1
[2025-02-25T21:08:04.242+0000] {base.py:336} INFO - Success criteria met. Exiting.
[2025-02-25T21:08:04.272+0000] {taskinstance.py:340} INFO - ::group::Post task execution logs
[2025-02-25T21:08:04.274+0000] {taskinstance.py:352} INFO - Marking task as SUCCESS. dag_id=skripsi_akhir_perbaikan, task_id=wait_for_new_data, run_id=scheduled__2025-02-25T21:06:00+00:00, execution_date=20250225T210600, start_date=20250225T210803, end_date=20250225T210804
[2025-02-25T21:08:04.357+0000] {logging_mixin.py:190} INFO - Task instance in success state
[2025-02-25T21:08:04.360+0000] {logging_mixin.py:190} INFO -  Previous state of the Task instance: running
[2025-02-25T21:08:04.364+0000] {logging_mixin.py:190} INFO - Dag name:skripsi_akhir_perbaikan queued_at:2025-02-25 21:08:00.432375+00:00
[2025-02-25T21:08:04.369+0000] {logging_mixin.py:190} INFO - Task hostname:d22a487e6b55 operator:SqlSensor
[2025-02-25T21:08:04.401+0000] {local_task_job_runner.py:266} INFO - Task exited with return code 0
[2025-02-25T21:08:04.506+0000] {taskinstance.py:3895} INFO - 1 downstream tasks scheduled from follow-on schedule check
[2025-02-25T21:08:04.522+0000] {local_task_job_runner.py:245} INFO - ::endgroup::
