[2025-04-21T12:40:23.251+0000] {local_task_job_runner.py:123} INFO - ::group::Pre task execution logs
[2025-04-21T12:40:23.464+0000] {taskinstance.py:2613} INFO - Dependencies all met for dep_context=non-requeueable deps ti=<TaskInstance: perbaikan_skripsi.wait_for_new_data scheduled__2025-04-21T12:37:00+00:00 [queued]>
[2025-04-21T12:40:23.550+0000] {taskinstance.py:2613} INFO - Dependencies all met for dep_context=requeueable deps ti=<TaskInstance: perbaikan_skripsi.wait_for_new_data scheduled__2025-04-21T12:37:00+00:00 [queued]>
[2025-04-21T12:40:23.553+0000] {taskinstance.py:2866} INFO - Starting attempt 3 of 4
[2025-04-21T12:40:23.707+0000] {taskinstance.py:2889} INFO - Executing <Task(SqlSensor): wait_for_new_data> on 2025-04-21 12:37:00+00:00
[2025-04-21T12:40:23.801+0000] {logging_mixin.py:190} WARNING - /home/airflow/.local/lib/python3.12/site-packages/airflow/task/task_runner/standard_task_runner.py:70 DeprecationWarning: This process (pid=61757) is multi-threaded, use of fork() may lead to deadlocks in the child.
[2025-04-21T12:40:23.815+0000] {standard_task_runner.py:72} INFO - Started process 61836 to run task
[2025-04-21T12:40:23.825+0000] {standard_task_runner.py:104} INFO - Running: ['airflow', 'tasks', 'run', 'perbaikan_skripsi', 'wait_for_new_data', 'scheduled__2025-04-21T12:37:00+00:00', '--job-id', '10194', '--raw', '--subdir', 'DAGS_FOLDER/tugas_akhir.py', '--cfg-path', '/tmp/tmpop62oqqj']
[2025-04-21T12:40:23.840+0000] {standard_task_runner.py:105} INFO - Job 10194: Subtask wait_for_new_data
[2025-04-21T12:40:24.173+0000] {task_command.py:467} INFO - Running <TaskInstance: perbaikan_skripsi.wait_for_new_data scheduled__2025-04-21T12:37:00+00:00 [running]> on host a9576c91091e
[2025-04-21T12:40:24.728+0000] {taskinstance.py:3132} INFO - Exporting env vars: AIRFLOW_CTX_DAG_OWNER='Dion Rikki' AIRFLOW_CTX_DAG_ID='perbaikan_skripsi' AIRFLOW_CTX_TASK_ID='wait_for_new_data' AIRFLOW_CTX_EXECUTION_DATE='2025-04-21T12:37:00+00:00' AIRFLOW_CTX_TRY_NUMBER='3' AIRFLOW_CTX_DAG_RUN_ID='scheduled__2025-04-21T12:37:00+00:00'
[2025-04-21T12:40:24.734+0000] {logging_mixin.py:190} INFO - Task instance is in running state
[2025-04-21T12:40:24.737+0000] {logging_mixin.py:190} INFO -  Previous state of the Task instance: queued
[2025-04-21T12:40:24.738+0000] {logging_mixin.py:190} INFO - Current task name:wait_for_new_data state:running start_date:2025-04-21 12:40:23.466700+00:00
[2025-04-21T12:40:24.742+0000] {logging_mixin.py:190} INFO - Dag name:perbaikan_skripsi and current dag run status:running
[2025-04-21T12:40:24.743+0000] {taskinstance.py:731} INFO - ::endgroup::
[2025-04-21T12:40:24.849+0000] {base.py:84} INFO - Retrieving connection 'mysql_default'
[2025-04-21T12:40:24.865+0000] {sql.py:101} INFO - Poking: 
            SELECT COUNT(*) 
            FROM tugas_akhir_sensordata s
            WHERE s.timestamp >= NOW() - INTERVAL 3 MINUTE
            AND s.soil_type IS NOT NULL
            AND s.crop_type IS NOT NULL
            AND NOT EXISTS (
                SELECT 1 
                FROM fertilizer_predictions f
                WHERE f.sensor_data_id = s.id
            )
         (with parameters None)
[2025-04-21T12:40:24.885+0000] {base.py:84} INFO - Retrieving connection 'mysql_default'
[2025-04-21T12:40:24.905+0000] {sql.py:553} INFO - Running statement: 
            SELECT COUNT(*) 
            FROM tugas_akhir_sensordata s
            WHERE s.timestamp >= NOW() - INTERVAL 3 MINUTE
            AND s.soil_type IS NOT NULL
            AND s.crop_type IS NOT NULL
            AND NOT EXISTS (
                SELECT 1 
                FROM fertilizer_predictions f
                WHERE f.sensor_data_id = s.id
            )
        , parameters: None
[2025-04-21T12:40:24.909+0000] {sql.py:562} INFO - Rows affected: 1
[2025-04-21T12:40:24.913+0000] {base.py:336} INFO - Success criteria met. Exiting.
[2025-04-21T12:40:24.945+0000] {taskinstance.py:340} INFO - ::group::Post task execution logs
[2025-04-21T12:40:24.950+0000] {taskinstance.py:352} INFO - Marking task as SUCCESS. dag_id=perbaikan_skripsi, task_id=wait_for_new_data, run_id=scheduled__2025-04-21T12:37:00+00:00, execution_date=20250421T123700, start_date=20250421T124023, end_date=20250421T124024
[2025-04-21T12:40:25.019+0000] {logging_mixin.py:190} INFO - Task instance in success state
[2025-04-21T12:40:25.035+0000] {logging_mixin.py:190} INFO -  Previous state of the Task instance: running
[2025-04-21T12:40:25.040+0000] {logging_mixin.py:190} INFO - Dag name:perbaikan_skripsi queued_at:2025-04-21 12:38:00.395792+00:00
[2025-04-21T12:40:25.043+0000] {logging_mixin.py:190} INFO - Task hostname:a9576c91091e operator:SqlSensor
[2025-04-21T12:40:25.139+0000] {local_task_job_runner.py:266} INFO - Task exited with return code 0
[2025-04-21T12:40:25.395+0000] {taskinstance.py:3895} INFO - 1 downstream tasks scheduled from follow-on schedule check
[2025-04-21T12:40:25.414+0000] {local_task_job_runner.py:245} INFO - ::endgroup::
