[2025-04-22T04:04:21.276+0000] {local_task_job_runner.py:123} INFO - ::group::Pre task execution logs
[2025-04-22T04:04:21.345+0000] {taskinstance.py:2613} INFO - Dependencies all met for dep_context=non-requeueable deps ti=<TaskInstance: perbaikan_skripsi.get_data_from_db scheduled__2025-04-22T04:02:00+00:00 [queued]>
[2025-04-22T04:04:21.377+0000] {taskinstance.py:2613} INFO - Dependencies all met for dep_context=requeueable deps ti=<TaskInstance: perbaikan_skripsi.get_data_from_db scheduled__2025-04-22T04:02:00+00:00 [queued]>
[2025-04-22T04:04:21.378+0000] {taskinstance.py:2866} INFO - Starting attempt 1 of 4
[2025-04-22T04:04:21.417+0000] {taskinstance.py:2889} INFO - Executing <Task(PythonOperator): get_data_from_db> on 2025-04-22 04:02:00+00:00
[2025-04-22T04:04:21.439+0000] {logging_mixin.py:190} WARNING - /home/airflow/.local/lib/python3.12/site-packages/airflow/task/task_runner/standard_task_runner.py:70 DeprecationWarning: This process (pid=3407) is multi-threaded, use of fork() may lead to deadlocks in the child.
[2025-04-22T04:04:21.442+0000] {standard_task_runner.py:72} INFO - Started process 3504 to run task
[2025-04-22T04:04:21.441+0000] {standard_task_runner.py:104} INFO - Running: ['airflow', 'tasks', 'run', 'perbaikan_skripsi', 'get_data_from_db', 'scheduled__2025-04-22T04:02:00+00:00', '--job-id', '3129', '--raw', '--subdir', 'DAGS_FOLDER/tugas_akhir.py', '--cfg-path', '/tmp/tmp3_i1xmg4']
[2025-04-22T04:04:21.447+0000] {standard_task_runner.py:105} INFO - Job 3129: Subtask get_data_from_db
[2025-04-22T04:04:21.582+0000] {task_command.py:467} INFO - Running <TaskInstance: perbaikan_skripsi.get_data_from_db scheduled__2025-04-22T04:02:00+00:00 [running]> on host d0938d3cd7ee
[2025-04-22T04:04:21.870+0000] {taskinstance.py:3132} INFO - Exporting env vars: AIRFLOW_CTX_DAG_OWNER='Dion Rikki' AIRFLOW_CTX_DAG_ID='perbaikan_skripsi' AIRFLOW_CTX_TASK_ID='get_data_from_db' AIRFLOW_CTX_EXECUTION_DATE='2025-04-22T04:02:00+00:00' AIRFLOW_CTX_TRY_NUMBER='1' AIRFLOW_CTX_DAG_RUN_ID='scheduled__2025-04-22T04:02:00+00:00'
[2025-04-22T04:04:21.876+0000] {logging_mixin.py:190} INFO - Task instance is in running state
[2025-04-22T04:04:21.877+0000] {logging_mixin.py:190} INFO -  Previous state of the Task instance: queued
[2025-04-22T04:04:21.880+0000] {logging_mixin.py:190} INFO - Current task name:get_data_from_db state:running start_date:2025-04-22 04:04:21.346359+00:00
[2025-04-22T04:04:21.883+0000] {logging_mixin.py:190} INFO - Dag name:perbaikan_skripsi and current dag run status:running
[2025-04-22T04:04:21.885+0000] {taskinstance.py:731} INFO - ::endgroup::
[2025-04-22T04:04:21.893+0000] {logging_mixin.py:190} INFO - 🔍 [1] Mengambil data sensor terbaru yang lengkap dan belum diprediksi...
[2025-04-22T04:04:21.966+0000] {logging_mixin.py:190} INFO - 📊 Data ditemukan: 1 baris
[2025-04-22T04:04:22.037+0000] {python.py:240} INFO - Done. Returned value was: None
[2025-04-22T04:04:22.064+0000] {taskinstance.py:340} INFO - ::group::Post task execution logs
[2025-04-22T04:04:22.065+0000] {taskinstance.py:352} INFO - Marking task as SUCCESS. dag_id=perbaikan_skripsi, task_id=get_data_from_db, run_id=scheduled__2025-04-22T04:02:00+00:00, execution_date=20250422T040200, start_date=20250422T040421, end_date=20250422T040422
[2025-04-22T04:04:22.114+0000] {logging_mixin.py:190} INFO - Task instance in success state
[2025-04-22T04:04:22.118+0000] {logging_mixin.py:190} INFO -  Previous state of the Task instance: running
[2025-04-22T04:04:22.125+0000] {logging_mixin.py:190} INFO - Dag name:perbaikan_skripsi queued_at:2025-04-22 04:03:01.261856+00:00
[2025-04-22T04:04:22.129+0000] {logging_mixin.py:190} INFO - Task hostname:d0938d3cd7ee operator:PythonOperator
[2025-04-22T04:04:22.210+0000] {local_task_job_runner.py:266} INFO - Task exited with return code 0
[2025-04-22T04:04:22.276+0000] {local_task_job_runner.py:245} INFO - ::endgroup::
