[2025-02-28T05:19:26.253+0000] {local_task_job_runner.py:123} INFO - ::group::Pre task execution logs
[2025-02-28T05:19:26.278+0000] {taskinstance.py:2613} INFO - Dependencies all met for dep_context=non-requeueable deps ti=<TaskInstance: skripsi_akhir_perbaikan.wait_for_new_data scheduled__2025-02-28T05:12:00+00:00 [queued]>
[2025-02-28T05:19:26.296+0000] {taskinstance.py:2613} INFO - Dependencies all met for dep_context=requeueable deps ti=<TaskInstance: skripsi_akhir_perbaikan.wait_for_new_data scheduled__2025-02-28T05:12:00+00:00 [queued]>
[2025-02-28T05:19:26.297+0000] {taskinstance.py:2866} INFO - Starting attempt 6 of 6
[2025-02-28T05:19:26.328+0000] {taskinstance.py:2889} INFO - Executing <Task(SqlSensor): wait_for_new_data> on 2025-02-28 05:12:00+00:00
[2025-02-28T05:19:26.346+0000] {logging_mixin.py:190} WARNING - /home/airflow/.local/lib/python3.12/site-packages/airflow/task/task_runner/standard_task_runner.py:70 DeprecationWarning: This process (pid=55351) is multi-threaded, use of fork() may lead to deadlocks in the child.
[2025-02-28T05:19:26.346+0000] {standard_task_runner.py:104} INFO - Running: ['airflow', 'tasks', 'run', 'skripsi_akhir_perbaikan', 'wait_for_new_data', 'scheduled__2025-02-28T05:12:00+00:00', '--job-id', '2435', '--raw', '--subdir', 'DAGS_FOLDER/tugas_akhir.py', '--cfg-path', '/tmp/tmpg8awx6jq']
[2025-02-28T05:19:26.349+0000] {standard_task_runner.py:105} INFO - Job 2435: Subtask wait_for_new_data
[2025-02-28T05:19:26.348+0000] {standard_task_runner.py:72} INFO - Started process 55382 to run task
[2025-02-28T05:19:26.428+0000] {task_command.py:467} INFO - Running <TaskInstance: skripsi_akhir_perbaikan.wait_for_new_data scheduled__2025-02-28T05:12:00+00:00 [running]> on host 75f595111fc8
[2025-02-28T05:19:26.670+0000] {taskinstance.py:3132} INFO - Exporting env vars: AIRFLOW_CTX_DAG_OWNER='Dion Rikki' AIRFLOW_CTX_DAG_ID='skripsi_akhir_perbaikan' AIRFLOW_CTX_TASK_ID='wait_for_new_data' AIRFLOW_CTX_EXECUTION_DATE='2025-02-28T05:12:00+00:00' AIRFLOW_CTX_TRY_NUMBER='6' AIRFLOW_CTX_DAG_RUN_ID='scheduled__2025-02-28T05:12:00+00:00'
[2025-02-28T05:19:26.673+0000] {logging_mixin.py:190} INFO - Task instance is in running state
[2025-02-28T05:19:26.674+0000] {logging_mixin.py:190} INFO -  Previous state of the Task instance: queued
[2025-02-28T05:19:26.678+0000] {logging_mixin.py:190} INFO - Current task name:wait_for_new_data state:running start_date:2025-02-28 05:19:26.279628+00:00
[2025-02-28T05:19:26.679+0000] {logging_mixin.py:190} INFO - Dag name:skripsi_akhir_perbaikan and current dag run status:running
[2025-02-28T05:19:26.681+0000] {taskinstance.py:731} INFO - ::endgroup::
[2025-02-28T05:19:26.707+0000] {base.py:84} INFO - Retrieving connection 'mysql_default'
[2025-02-28T05:19:26.713+0000] {sql.py:101} INFO - Poking: 
        SELECT COUNT(*) 
        FROM tugas_akhir_sensordata s
        WHERE s.timestamp >= NOW() - INTERVAL 5 MINUTE
        AND NOT EXISTS (
            SELECT 1 
            FROM fertilizer_predictions f
            WHERE CAST(f.id AS SIGNED) = s.id  -- Menggunakan SIGNED di sini
        )
     (with parameters None)
[2025-02-28T05:19:26.721+0000] {base.py:84} INFO - Retrieving connection 'mysql_default'
[2025-02-28T05:19:26.730+0000] {sql.py:553} INFO - Running statement: 
        SELECT COUNT(*) 
        FROM tugas_akhir_sensordata s
        WHERE s.timestamp >= NOW() - INTERVAL 5 MINUTE
        AND NOT EXISTS (
            SELECT 1 
            FROM fertilizer_predictions f
            WHERE CAST(f.id AS SIGNED) = s.id  -- Menggunakan SIGNED di sini
        )
    , parameters: None
[2025-02-28T05:19:26.732+0000] {sql.py:562} INFO - Rows affected: 1
[2025-02-28T05:19:26.773+0000] {taskinstance.py:309} INFO - Rescheduling task, marking task as UP_FOR_RESCHEDULE
[2025-02-28T05:19:26.774+0000] {taskinstance.py:340} INFO - ::group::Post task execution logs
[2025-02-28T05:19:26.822+0000] {local_task_job_runner.py:266} INFO - Task exited with return code 0
[2025-02-28T05:19:26.866+0000] {taskinstance.py:3895} INFO - 0 downstream tasks scheduled from follow-on schedule check
[2025-02-28T05:19:26.869+0000] {local_task_job_runner.py:245} INFO - ::endgroup::
