[2025-03-11T09:25:49.069+0000] {local_task_job_runner.py:123} INFO - ::group::Pre task execution logs
[2025-03-11T09:25:49.120+0000] {taskinstance.py:2613} INFO - Dependencies all met for dep_context=non-requeueable deps ti=<TaskInstance: skripsi_perbaikan.wait_for_new_data scheduled__2025-03-11T09:16:00+00:00 [queued]>
[2025-03-11T09:25:49.155+0000] {taskinstance.py:2613} INFO - Dependencies all met for dep_context=requeueable deps ti=<TaskInstance: skripsi_perbaikan.wait_for_new_data scheduled__2025-03-11T09:16:00+00:00 [queued]>
[2025-03-11T09:25:49.157+0000] {taskinstance.py:2866} INFO - Starting attempt 8 of 4
[2025-03-11T09:25:49.211+0000] {taskinstance.py:2889} INFO - Executing <Task(SqlSensor): wait_for_new_data> on 2025-03-11 09:16:00+00:00
[2025-03-11T09:25:49.246+0000] {logging_mixin.py:190} WARNING - /home/airflow/.local/lib/python3.12/site-packages/airflow/task/task_runner/standard_task_runner.py:70 DeprecationWarning: This process (pid=3379) is multi-threaded, use of fork() may lead to deadlocks in the child.
[2025-03-11T09:25:49.249+0000] {standard_task_runner.py:72} INFO - Started process 3419 to run task
[2025-03-11T09:25:49.248+0000] {standard_task_runner.py:104} INFO - Running: ['airflow', 'tasks', 'run', 'skripsi_perbaikan', 'wait_for_new_data', 'scheduled__2025-03-11T09:16:00+00:00', '--job-id', '5184', '--raw', '--subdir', 'DAGS_FOLDER/tugas_akhir.py', '--cfg-path', '/tmp/tmp_co175f_']
[2025-03-11T09:25:49.261+0000] {standard_task_runner.py:105} INFO - Job 5184: Subtask wait_for_new_data
[2025-03-11T09:25:49.485+0000] {task_command.py:467} INFO - Running <TaskInstance: skripsi_perbaikan.wait_for_new_data scheduled__2025-03-11T09:16:00+00:00 [running]> on host b493651eb2c9
[2025-03-11T09:25:49.698+0000] {taskinstance.py:3132} INFO - Exporting env vars: AIRFLOW_CTX_DAG_OWNER='Dion Rikki' AIRFLOW_CTX_DAG_ID='skripsi_perbaikan' AIRFLOW_CTX_TASK_ID='wait_for_new_data' AIRFLOW_CTX_EXECUTION_DATE='2025-03-11T09:16:00+00:00' AIRFLOW_CTX_TRY_NUMBER='8' AIRFLOW_CTX_DAG_RUN_ID='scheduled__2025-03-11T09:16:00+00:00'
[2025-03-11T09:25:49.701+0000] {logging_mixin.py:190} INFO - Task instance is in running state
[2025-03-11T09:25:49.702+0000] {logging_mixin.py:190} INFO -  Previous state of the Task instance: queued
[2025-03-11T09:25:49.703+0000] {logging_mixin.py:190} INFO - Current task name:wait_for_new_data state:running start_date:2025-03-11 09:25:49.124327+00:00
[2025-03-11T09:25:49.703+0000] {logging_mixin.py:190} INFO - Dag name:skripsi_perbaikan and current dag run status:running
[2025-03-11T09:25:49.705+0000] {taskinstance.py:731} INFO - ::endgroup::
[2025-03-11T09:25:49.734+0000] {base.py:84} INFO - Retrieving connection 'mysql_default'
[2025-03-11T09:25:49.740+0000] {sql.py:101} INFO - Poking: 
            SELECT COUNT(*) 
            FROM tugas_akhir_sensordata s
            WHERE s.timestamp >= NOW() - INTERVAL 5 MINUTE
            AND s.soil_type IS NOT NULL
            AND s.crop_type IS NOT NULL
            AND NOT EXISTS (
                SELECT 1 
                FROM fertilizer_predictions f
                WHERE f.sensor_data_id = s.id
            )
         (with parameters None)
[2025-03-11T09:25:49.750+0000] {base.py:84} INFO - Retrieving connection 'mysql_default'
[2025-03-11T09:25:49.763+0000] {sql.py:553} INFO - Running statement: 
            SELECT COUNT(*) 
            FROM tugas_akhir_sensordata s
            WHERE s.timestamp >= NOW() - INTERVAL 5 MINUTE
            AND s.soil_type IS NOT NULL
            AND s.crop_type IS NOT NULL
            AND NOT EXISTS (
                SELECT 1 
                FROM fertilizer_predictions f
                WHERE f.sensor_data_id = s.id
            )
        , parameters: None
[2025-03-11T09:25:49.765+0000] {sql.py:562} INFO - Rows affected: 1
[2025-03-11T09:25:49.947+0000] {taskinstance.py:309} INFO - Rescheduling task, marking task as UP_FOR_RESCHEDULE
[2025-03-11T09:25:49.948+0000] {taskinstance.py:340} INFO - ::group::Post task execution logs
[2025-03-11T09:25:49.977+0000] {local_task_job_runner.py:266} INFO - Task exited with return code 0
[2025-03-11T09:25:50.029+0000] {taskinstance.py:3895} INFO - 0 downstream tasks scheduled from follow-on schedule check
[2025-03-11T09:25:50.031+0000] {local_task_job_runner.py:245} INFO - ::endgroup::
