[2025-02-27T19:20:49.131+0000] {local_task_job_runner.py:123} INFO - ::group::Pre task execution logs
[2025-02-27T19:20:49.189+0000] {taskinstance.py:2613} INFO - Dependencies all met for dep_context=non-requeueable deps ti=<TaskInstance: skripsi_akhir_perbaikan.wait_for_new_data scheduled__2025-02-27T19:10:00+00:00 [queued]>
[2025-02-27T19:20:49.227+0000] {taskinstance.py:2613} INFO - Dependencies all met for dep_context=requeueable deps ti=<TaskInstance: skripsi_akhir_perbaikan.wait_for_new_data scheduled__2025-02-27T19:10:00+00:00 [queued]>
[2025-02-27T19:20:49.229+0000] {taskinstance.py:2866} INFO - Starting attempt 9 of 6
[2025-02-27T19:20:49.287+0000] {taskinstance.py:2889} INFO - Executing <Task(SqlSensor): wait_for_new_data> on 2025-02-27 19:10:00+00:00
[2025-02-27T19:20:49.321+0000] {logging_mixin.py:190} WARNING - /home/airflow/.local/lib/python3.12/site-packages/airflow/task/task_runner/standard_task_runner.py:70 DeprecationWarning: This process (pid=15018) is multi-threaded, use of fork() may lead to deadlocks in the child.
[2025-02-27T19:20:49.330+0000] {standard_task_runner.py:72} INFO - Started process 15065 to run task
[2025-02-27T19:20:49.329+0000] {standard_task_runner.py:104} INFO - Running: ['airflow', 'tasks', 'run', 'skripsi_akhir_perbaikan', 'wait_for_new_data', 'scheduled__2025-02-27T19:10:00+00:00', '--job-id', '1416', '--raw', '--subdir', 'DAGS_FOLDER/tugas_akhir.py', '--cfg-path', '/tmp/tmpjxgmkux2']
[2025-02-27T19:20:49.337+0000] {standard_task_runner.py:105} INFO - Job 1416: Subtask wait_for_new_data
[2025-02-27T19:20:49.489+0000] {task_command.py:467} INFO - Running <TaskInstance: skripsi_akhir_perbaikan.wait_for_new_data scheduled__2025-02-27T19:10:00+00:00 [running]> on host 75f595111fc8
[2025-02-27T19:20:49.846+0000] {taskinstance.py:3132} INFO - Exporting env vars: AIRFLOW_CTX_DAG_OWNER='Dion Rikki' AIRFLOW_CTX_DAG_ID='skripsi_akhir_perbaikan' AIRFLOW_CTX_TASK_ID='wait_for_new_data' AIRFLOW_CTX_EXECUTION_DATE='2025-02-27T19:10:00+00:00' AIRFLOW_CTX_TRY_NUMBER='9' AIRFLOW_CTX_DAG_RUN_ID='scheduled__2025-02-27T19:10:00+00:00'
[2025-02-27T19:20:49.850+0000] {logging_mixin.py:190} INFO - Task instance is in running state
[2025-02-27T19:20:49.852+0000] {logging_mixin.py:190} INFO -  Previous state of the Task instance: queued
[2025-02-27T19:20:49.853+0000] {logging_mixin.py:190} INFO - Current task name:wait_for_new_data state:running start_date:2025-02-27 19:20:49.191179+00:00
[2025-02-27T19:20:49.854+0000] {logging_mixin.py:190} INFO - Dag name:skripsi_akhir_perbaikan and current dag run status:running
[2025-02-27T19:20:49.856+0000] {taskinstance.py:731} INFO - ::endgroup::
[2025-02-27T19:20:49.899+0000] {base.py:84} INFO - Retrieving connection 'mysql_default'
[2025-02-27T19:20:49.910+0000] {sql.py:101} INFO - Poking: 
        SELECT COUNT(*) 
        FROM tugas_akhir_sensordata s
        WHERE s.timestamp >= NOW() - INTERVAL 5 MINUTE
        AND NOT EXISTS (
            SELECT 1 
            FROM fertilizer_predictions f
            WHERE CAST(f.id AS SIGNED) = s.id  -- Menggunakan SIGNED di sini
        )
     (with parameters None)
[2025-02-27T19:20:49.934+0000] {base.py:84} INFO - Retrieving connection 'mysql_default'
[2025-02-27T19:20:49.957+0000] {sql.py:553} INFO - Running statement: 
        SELECT COUNT(*) 
        FROM tugas_akhir_sensordata s
        WHERE s.timestamp >= NOW() - INTERVAL 5 MINUTE
        AND NOT EXISTS (
            SELECT 1 
            FROM fertilizer_predictions f
            WHERE CAST(f.id AS SIGNED) = s.id  -- Menggunakan SIGNED di sini
        )
    , parameters: None
[2025-02-27T19:20:49.965+0000] {sql.py:562} INFO - Rows affected: 1
[2025-02-27T19:20:50.122+0000] {taskinstance.py:309} INFO - Rescheduling task, marking task as UP_FOR_RESCHEDULE
[2025-02-27T19:20:50.123+0000] {taskinstance.py:340} INFO - ::group::Post task execution logs
[2025-02-27T19:20:50.177+0000] {local_task_job_runner.py:266} INFO - Task exited with return code 0
[2025-02-27T19:20:50.227+0000] {taskinstance.py:3895} INFO - 0 downstream tasks scheduled from follow-on schedule check
[2025-02-27T19:20:50.234+0000] {local_task_job_runner.py:245} INFO - ::endgroup::
