[2025-03-10T20:09:27.224+0000] {local_task_job_runner.py:123} INFO - ::group::Pre task execution logs
[2025-03-10T20:09:27.270+0000] {taskinstance.py:2613} INFO - Dependencies all met for dep_context=non-requeueable deps ti=<TaskInstance: skripsi_perbaikan.wait_for_new_data scheduled__2025-03-10T20:02:00+00:00 [queued]>
[2025-03-10T20:09:27.295+0000] {taskinstance.py:2613} INFO - Dependencies all met for dep_context=requeueable deps ti=<TaskInstance: skripsi_perbaikan.wait_for_new_data scheduled__2025-03-10T20:02:00+00:00 [queued]>
[2025-03-10T20:09:27.296+0000] {taskinstance.py:2866} INFO - Starting attempt 6 of 6
[2025-03-10T20:09:27.341+0000] {taskinstance.py:2889} INFO - Executing <Task(SqlSensor): wait_for_new_data> on 2025-03-10 20:02:00+00:00
[2025-03-10T20:09:27.363+0000] {standard_task_runner.py:104} INFO - Running: ['airflow', 'tasks', 'run', 'skripsi_perbaikan', 'wait_for_new_data', 'scheduled__2025-03-10T20:02:00+00:00', '--job-id', '983', '--raw', '--subdir', 'DAGS_FOLDER/tugas_akhir.py', '--cfg-path', '/tmp/tmpazwwj5ms']
[2025-03-10T20:09:27.365+0000] {logging_mixin.py:190} WARNING - /home/airflow/.local/lib/python3.12/site-packages/airflow/task/task_runner/standard_task_runner.py:70 DeprecationWarning: This process (pid=25706) is multi-threaded, use of fork() may lead to deadlocks in the child.
[2025-03-10T20:09:27.368+0000] {standard_task_runner.py:72} INFO - Started process 25718 to run task
[2025-03-10T20:09:27.366+0000] {standard_task_runner.py:105} INFO - Job 983: Subtask wait_for_new_data
[2025-03-10T20:09:27.472+0000] {task_command.py:467} INFO - Running <TaskInstance: skripsi_perbaikan.wait_for_new_data scheduled__2025-03-10T20:02:00+00:00 [running]> on host b493651eb2c9
[2025-03-10T20:09:27.628+0000] {taskinstance.py:3132} INFO - Exporting env vars: AIRFLOW_CTX_DAG_OWNER='Dion Rikki' AIRFLOW_CTX_DAG_ID='skripsi_perbaikan' AIRFLOW_CTX_TASK_ID='wait_for_new_data' AIRFLOW_CTX_EXECUTION_DATE='2025-03-10T20:02:00+00:00' AIRFLOW_CTX_TRY_NUMBER='6' AIRFLOW_CTX_DAG_RUN_ID='scheduled__2025-03-10T20:02:00+00:00'
[2025-03-10T20:09:27.631+0000] {logging_mixin.py:190} INFO - Task instance is in running state
[2025-03-10T20:09:27.632+0000] {logging_mixin.py:190} INFO -  Previous state of the Task instance: queued
[2025-03-10T20:09:27.634+0000] {logging_mixin.py:190} INFO - Current task name:wait_for_new_data state:running start_date:2025-03-10 20:09:27.271497+00:00
[2025-03-10T20:09:27.635+0000] {logging_mixin.py:190} INFO - Dag name:skripsi_perbaikan and current dag run status:running
[2025-03-10T20:09:27.636+0000] {taskinstance.py:731} INFO - ::endgroup::
[2025-03-10T20:09:27.665+0000] {base.py:84} INFO - Retrieving connection 'mysql_default'
[2025-03-10T20:09:27.671+0000] {sql.py:101} INFO - Poking: 
            SELECT COUNT(*) 
            FROM tugas_akhir_sensordata s
            WHERE s.timestamp >= NOW() - INTERVAL 5 MINUTE
            AND s.Soil_Type IS NOT NULL
            AND s.Crop_Type IS NOT NULL
            AND NOT EXISTS (
                SELECT 1 
                FROM fertilizer_predictions f
                WHERE f.id = s.id
            )
         (with parameters None)
[2025-03-10T20:09:27.681+0000] {base.py:84} INFO - Retrieving connection 'mysql_default'
[2025-03-10T20:09:27.690+0000] {sql.py:553} INFO - Running statement: 
            SELECT COUNT(*) 
            FROM tugas_akhir_sensordata s
            WHERE s.timestamp >= NOW() - INTERVAL 5 MINUTE
            AND s.Soil_Type IS NOT NULL
            AND s.Crop_Type IS NOT NULL
            AND NOT EXISTS (
                SELECT 1 
                FROM fertilizer_predictions f
                WHERE f.id = s.id
            )
        , parameters: None
[2025-03-10T20:09:27.692+0000] {sql.py:562} INFO - Rows affected: 1
[2025-03-10T20:09:27.735+0000] {taskinstance.py:309} INFO - Rescheduling task, marking task as UP_FOR_RESCHEDULE
[2025-03-10T20:09:27.736+0000] {taskinstance.py:340} INFO - ::group::Post task execution logs
[2025-03-10T20:09:27.763+0000] {local_task_job_runner.py:266} INFO - Task exited with return code 0
[2025-03-10T20:09:27.816+0000] {taskinstance.py:3895} INFO - 0 downstream tasks scheduled from follow-on schedule check
[2025-03-10T20:09:27.819+0000] {local_task_job_runner.py:245} INFO - ::endgroup::
