[2025-04-23T02:47:51.424+0000] {local_task_job_runner.py:123} INFO - ::group::Pre task execution logs
[2025-04-23T02:47:51.532+0000] {taskinstance.py:2613} INFO - Dependencies all met for dep_context=non-requeueable deps ti=<TaskInstance: perbaikan_skripsi.wait_for_new_data scheduled__2025-04-23T02:43:00+00:00 [queued]>
[2025-04-23T02:47:51.599+0000] {taskinstance.py:2613} INFO - Dependencies all met for dep_context=requeueable deps ti=<TaskInstance: perbaikan_skripsi.wait_for_new_data scheduled__2025-04-23T02:43:00+00:00 [queued]>
[2025-04-23T02:47:51.602+0000] {taskinstance.py:2866} INFO - Starting attempt 4 of 4
[2025-04-23T02:47:51.687+0000] {taskinstance.py:2889} INFO - Executing <Task(SqlSensor): wait_for_new_data> on 2025-04-23 02:43:00+00:00
[2025-04-23T02:47:51.743+0000] {logging_mixin.py:190} WARNING - /home/airflow/.local/lib/python3.12/site-packages/airflow/task/task_runner/standard_task_runner.py:70 DeprecationWarning: This process (pid=5577) is multi-threaded, use of fork() may lead to deadlocks in the child.
[2025-04-23T02:47:51.745+0000] {standard_task_runner.py:104} INFO - Running: ['airflow', 'tasks', 'run', 'perbaikan_skripsi', 'wait_for_new_data', 'scheduled__2025-04-23T02:43:00+00:00', '--job-id', '5470', '--raw', '--subdir', 'DAGS_FOLDER/tugas_akhir.py', '--cfg-path', '/tmp/tmpdkfdw0jh']
[2025-04-23T02:47:51.754+0000] {standard_task_runner.py:105} INFO - Job 5470: Subtask wait_for_new_data
[2025-04-23T02:47:51.753+0000] {standard_task_runner.py:72} INFO - Started process 5682 to run task
[2025-04-23T02:47:52.020+0000] {task_command.py:467} INFO - Running <TaskInstance: perbaikan_skripsi.wait_for_new_data scheduled__2025-04-23T02:43:00+00:00 [running]> on host a38b69ba8f8a
[2025-04-23T02:47:52.484+0000] {taskinstance.py:3132} INFO - Exporting env vars: AIRFLOW_CTX_DAG_OWNER='Dion Rikki' AIRFLOW_CTX_DAG_ID='perbaikan_skripsi' AIRFLOW_CTX_TASK_ID='wait_for_new_data' AIRFLOW_CTX_EXECUTION_DATE='2025-04-23T02:43:00+00:00' AIRFLOW_CTX_TRY_NUMBER='4' AIRFLOW_CTX_DAG_RUN_ID='scheduled__2025-04-23T02:43:00+00:00'
[2025-04-23T02:47:52.487+0000] {logging_mixin.py:190} INFO - Task instance is in running state
[2025-04-23T02:47:52.488+0000] {logging_mixin.py:190} INFO -  Previous state of the Task instance: queued
[2025-04-23T02:47:52.489+0000] {logging_mixin.py:190} INFO - Current task name:wait_for_new_data state:running start_date:2025-04-23 02:47:51.534443+00:00
[2025-04-23T02:47:52.491+0000] {logging_mixin.py:190} INFO - Dag name:perbaikan_skripsi and current dag run status:running
[2025-04-23T02:47:52.496+0000] {taskinstance.py:731} INFO - ::endgroup::
[2025-04-23T02:47:52.583+0000] {base.py:84} INFO - Retrieving connection 'mysql_default'
[2025-04-23T02:47:52.624+0000] {sql.py:101} INFO - Poking: 
            SELECT COUNT(*) 
            FROM tugas_akhir_sensordata s
            WHERE s.timestamp >= NOW() - INTERVAL 3 MINUTE
            AND s.soil_type IS NOT NULL
            AND s.crop_type IS NOT NULL
            AND NOT EXISTS (
                SELECT 1 
                FROM fertilizer_predictions f
                WHERE f.sensor_data_id = s.id
            )
         (with parameters None)
[2025-04-23T02:47:52.659+0000] {base.py:84} INFO - Retrieving connection 'mysql_default'
[2025-04-23T02:47:52.705+0000] {sql.py:553} INFO - Running statement: 
            SELECT COUNT(*) 
            FROM tugas_akhir_sensordata s
            WHERE s.timestamp >= NOW() - INTERVAL 3 MINUTE
            AND s.soil_type IS NOT NULL
            AND s.crop_type IS NOT NULL
            AND NOT EXISTS (
                SELECT 1 
                FROM fertilizer_predictions f
                WHERE f.sensor_data_id = s.id
            )
        , parameters: None
[2025-04-23T02:47:52.715+0000] {sql.py:562} INFO - Rows affected: 1
[2025-04-23T02:47:52.845+0000] {taskinstance.py:309} INFO - Rescheduling task, marking task as UP_FOR_RESCHEDULE
[2025-04-23T02:47:52.846+0000] {taskinstance.py:340} INFO - ::group::Post task execution logs
[2025-04-23T02:47:52.903+0000] {local_task_job_runner.py:266} INFO - Task exited with return code 0
[2025-04-23T02:47:53.089+0000] {taskinstance.py:3895} INFO - 0 downstream tasks scheduled from follow-on schedule check
[2025-04-23T02:47:53.098+0000] {local_task_job_runner.py:245} INFO - ::endgroup::
