[2025-03-10T22:10:12.601+0000] {local_task_job_runner.py:123} INFO - ::group::Pre task execution logs
[2025-03-10T22:10:12.651+0000] {taskinstance.py:2613} INFO - Dependencies all met for dep_context=non-requeueable deps ti=<TaskInstance: skripsi_perbaikan.wait_for_new_data scheduled__2025-03-10T22:06:00+00:00 [queued]>
[2025-03-10T22:10:12.678+0000] {taskinstance.py:2613} INFO - Dependencies all met for dep_context=requeueable deps ti=<TaskInstance: skripsi_perbaikan.wait_for_new_data scheduled__2025-03-10T22:06:00+00:00 [queued]>
[2025-03-10T22:10:12.683+0000] {taskinstance.py:2866} INFO - Starting attempt 3 of 6
[2025-03-10T22:10:12.754+0000] {taskinstance.py:2889} INFO - Executing <Task(SqlSensor): wait_for_new_data> on 2025-03-10 22:06:00+00:00
[2025-03-10T22:10:12.798+0000] {logging_mixin.py:190} WARNING - /home/airflow/.local/lib/python3.12/site-packages/airflow/task/task_runner/standard_task_runner.py:70 DeprecationWarning: This process (pid=98142) is multi-threaded, use of fork() may lead to deadlocks in the child.
[2025-03-10T22:10:12.804+0000] {standard_task_runner.py:72} INFO - Started process 98172 to run task
[2025-03-10T22:10:12.806+0000] {standard_task_runner.py:104} INFO - Running: ['airflow', 'tasks', 'run', 'skripsi_perbaikan', 'wait_for_new_data', 'scheduled__2025-03-10T22:06:00+00:00', '--job-id', '1647', '--raw', '--subdir', 'DAGS_FOLDER/tugas_akhir.py', '--cfg-path', '/tmp/tmpl3m0nn8r']
[2025-03-10T22:10:12.812+0000] {standard_task_runner.py:105} INFO - Job 1647: Subtask wait_for_new_data
[2025-03-10T22:10:12.956+0000] {task_command.py:467} INFO - Running <TaskInstance: skripsi_perbaikan.wait_for_new_data scheduled__2025-03-10T22:06:00+00:00 [running]> on host b493651eb2c9
[2025-03-10T22:10:13.233+0000] {taskinstance.py:3132} INFO - Exporting env vars: AIRFLOW_CTX_DAG_OWNER='Dion Rikki' AIRFLOW_CTX_DAG_ID='skripsi_perbaikan' AIRFLOW_CTX_TASK_ID='wait_for_new_data' AIRFLOW_CTX_EXECUTION_DATE='2025-03-10T22:06:00+00:00' AIRFLOW_CTX_TRY_NUMBER='3' AIRFLOW_CTX_DAG_RUN_ID='scheduled__2025-03-10T22:06:00+00:00'
[2025-03-10T22:10:13.246+0000] {logging_mixin.py:190} INFO - Task instance is in running state
[2025-03-10T22:10:13.251+0000] {logging_mixin.py:190} INFO -  Previous state of the Task instance: queued
[2025-03-10T22:10:13.256+0000] {logging_mixin.py:190} INFO - Current task name:wait_for_new_data state:running start_date:2025-03-10 22:10:12.653114+00:00
[2025-03-10T22:10:13.265+0000] {logging_mixin.py:190} INFO - Dag name:skripsi_perbaikan and current dag run status:running
[2025-03-10T22:10:13.270+0000] {taskinstance.py:731} INFO - ::endgroup::
[2025-03-10T22:10:13.318+0000] {base.py:84} INFO - Retrieving connection 'mysql_default'
[2025-03-10T22:10:13.330+0000] {sql.py:101} INFO - Poking: 
            SELECT COUNT(*) 
            FROM tugas_akhir_sensordata s
            WHERE s.timestamp >= NOW() - INTERVAL 5 MINUTE
            AND s.Soil_Type IS NOT NULL
            AND s.Crop_Type IS NOT NULL
            AND NOT EXISTS (
                SELECT 1 
                FROM fertilizer_predictions f
                WHERE f.id = s.id
            )
         (with parameters None)
[2025-03-10T22:10:13.345+0000] {base.py:84} INFO - Retrieving connection 'mysql_default'
[2025-03-10T22:10:13.355+0000] {sql.py:553} INFO - Running statement: 
            SELECT COUNT(*) 
            FROM tugas_akhir_sensordata s
            WHERE s.timestamp >= NOW() - INTERVAL 5 MINUTE
            AND s.Soil_Type IS NOT NULL
            AND s.Crop_Type IS NOT NULL
            AND NOT EXISTS (
                SELECT 1 
                FROM fertilizer_predictions f
                WHERE f.id = s.id
            )
        , parameters: None
[2025-03-10T22:10:13.357+0000] {sql.py:562} INFO - Rows affected: 1
[2025-03-10T22:10:13.401+0000] {taskinstance.py:309} INFO - Rescheduling task, marking task as UP_FOR_RESCHEDULE
[2025-03-10T22:10:13.405+0000] {taskinstance.py:340} INFO - ::group::Post task execution logs
[2025-03-10T22:10:13.458+0000] {local_task_job_runner.py:266} INFO - Task exited with return code 0
[2025-03-10T22:10:13.521+0000] {taskinstance.py:3895} INFO - 0 downstream tasks scheduled from follow-on schedule check
[2025-03-10T22:10:13.529+0000] {local_task_job_runner.py:245} INFO - ::endgroup::
