[2025-03-05T19:15:28.556+0000] {local_task_job_runner.py:123} INFO - ::group::Pre task execution logs
[2025-03-05T19:15:28.586+0000] {taskinstance.py:2613} INFO - Dependencies all met for dep_context=non-requeueable deps ti=<TaskInstance: skripsi_2.wait_for_new_data scheduled__2025-03-05T19:08:00+00:00 [queued]>
[2025-03-05T19:15:28.604+0000] {taskinstance.py:2613} INFO - Dependencies all met for dep_context=requeueable deps ti=<TaskInstance: skripsi_2.wait_for_new_data scheduled__2025-03-05T19:08:00+00:00 [queued]>
[2025-03-05T19:15:28.605+0000] {taskinstance.py:2866} INFO - Starting attempt 6 of 6
[2025-03-05T19:15:28.635+0000] {taskinstance.py:2889} INFO - Executing <Task(SqlSensor): wait_for_new_data> on 2025-03-05 19:08:00+00:00
[2025-03-05T19:15:28.651+0000] {logging_mixin.py:190} WARNING - /home/airflow/.local/lib/python3.12/site-packages/airflow/task/task_runner/standard_task_runner.py:70 DeprecationWarning: This process (pid=40333) is multi-threaded, use of fork() may lead to deadlocks in the child.
[2025-03-05T19:15:28.652+0000] {standard_task_runner.py:104} INFO - Running: ['airflow', 'tasks', 'run', 'skripsi_2', 'wait_for_new_data', 'scheduled__2025-03-05T19:08:00+00:00', '--job-id', '21294', '--raw', '--subdir', 'DAGS_FOLDER/tugas_akhir.py', '--cfg-path', '/tmp/tmpwh1lq4fh']
[2025-03-05T19:15:28.653+0000] {standard_task_runner.py:72} INFO - Started process 40342 to run task
[2025-03-05T19:15:28.654+0000] {standard_task_runner.py:105} INFO - Job 21294: Subtask wait_for_new_data
[2025-03-05T19:15:28.736+0000] {task_command.py:467} INFO - Running <TaskInstance: skripsi_2.wait_for_new_data scheduled__2025-03-05T19:08:00+00:00 [running]> on host ef7692401a0a
[2025-03-05T19:15:28.880+0000] {taskinstance.py:3132} INFO - Exporting env vars: AIRFLOW_CTX_DAG_OWNER='Dion Rikki' AIRFLOW_CTX_DAG_ID='skripsi_2' AIRFLOW_CTX_TASK_ID='wait_for_new_data' AIRFLOW_CTX_EXECUTION_DATE='2025-03-05T19:08:00+00:00' AIRFLOW_CTX_TRY_NUMBER='6' AIRFLOW_CTX_DAG_RUN_ID='scheduled__2025-03-05T19:08:00+00:00'
[2025-03-05T19:15:28.883+0000] {logging_mixin.py:190} INFO - Task instance is in running state
[2025-03-05T19:15:28.884+0000] {logging_mixin.py:190} INFO -  Previous state of the Task instance: queued
[2025-03-05T19:15:28.886+0000] {logging_mixin.py:190} INFO - Current task name:wait_for_new_data state:running start_date:2025-03-05 19:15:28.586942+00:00
[2025-03-05T19:15:28.887+0000] {logging_mixin.py:190} INFO - Dag name:skripsi_2 and current dag run status:running
[2025-03-05T19:15:28.889+0000] {taskinstance.py:731} INFO - ::endgroup::
[2025-03-05T19:15:28.919+0000] {base.py:84} INFO - Retrieving connection 'mysql_default'
[2025-03-05T19:15:28.926+0000] {sql.py:101} INFO - Poking: 
            SELECT COUNT(*) 
            FROM tugas_akhir_sensordata s
            WHERE s.timestamp >= NOW() - INTERVAL 5 MINUTE
            AND NOT EXISTS (
                SELECT 1 
                FROM fertilizer_predictions f
                WHERE f.id = s.id
            )
         (with parameters None)
[2025-03-05T19:15:28.935+0000] {base.py:84} INFO - Retrieving connection 'mysql_default'
[2025-03-05T19:15:28.944+0000] {sql.py:553} INFO - Running statement: 
            SELECT COUNT(*) 
            FROM tugas_akhir_sensordata s
            WHERE s.timestamp >= NOW() - INTERVAL 5 MINUTE
            AND NOT EXISTS (
                SELECT 1 
                FROM fertilizer_predictions f
                WHERE f.id = s.id
            )
        , parameters: None
[2025-03-05T19:15:28.946+0000] {sql.py:562} INFO - Rows affected: 1
[2025-03-05T19:15:28.980+0000] {taskinstance.py:309} INFO - Rescheduling task, marking task as UP_FOR_RESCHEDULE
[2025-03-05T19:15:28.981+0000] {taskinstance.py:340} INFO - ::group::Post task execution logs
[2025-03-05T19:15:29.005+0000] {local_task_job_runner.py:266} INFO - Task exited with return code 0
[2025-03-05T19:15:29.052+0000] {taskinstance.py:3895} INFO - 0 downstream tasks scheduled from follow-on schedule check
[2025-03-05T19:15:29.055+0000] {local_task_job_runner.py:245} INFO - ::endgroup::
