[2025-04-08T15:31:16.118+0000] {local_task_job_runner.py:123} INFO - ::group::Pre task execution logs
[2025-04-08T15:31:16.146+0000] {taskinstance.py:2613} INFO - Dependencies all met for dep_context=non-requeueable deps ti=<TaskInstance: perbaikan_skripsi.wait_for_new_data scheduled__2025-04-08T15:26:00+00:00 [queued]>
[2025-04-08T15:31:16.165+0000] {taskinstance.py:2613} INFO - Dependencies all met for dep_context=requeueable deps ti=<TaskInstance: perbaikan_skripsi.wait_for_new_data scheduled__2025-04-08T15:26:00+00:00 [queued]>
[2025-04-08T15:31:16.165+0000] {taskinstance.py:2866} INFO - Starting attempt 4 of 4
[2025-04-08T15:31:16.369+0000] {taskinstance.py:2889} INFO - Executing <Task(SqlSensor): wait_for_new_data> on 2025-04-08 15:26:00+00:00
[2025-04-08T15:31:16.386+0000] {logging_mixin.py:190} WARNING - /home/airflow/.local/lib/python3.12/site-packages/airflow/task/task_runner/standard_task_runner.py:70 DeprecationWarning: This process (pid=92992) is multi-threaded, use of fork() may lead to deadlocks in the child.
[2025-04-08T15:31:16.385+0000] {standard_task_runner.py:104} INFO - Running: ['airflow', 'tasks', 'run', 'perbaikan_skripsi', 'wait_for_new_data', 'scheduled__2025-04-08T15:26:00+00:00', '--job-id', '5085', '--raw', '--subdir', 'DAGS_FOLDER/tugas_akhir.py', '--cfg-path', '/tmp/tmpvv__o4mr']
[2025-04-08T15:31:16.388+0000] {standard_task_runner.py:105} INFO - Job 5085: Subtask wait_for_new_data
[2025-04-08T15:31:16.388+0000] {standard_task_runner.py:72} INFO - Started process 93012 to run task
[2025-04-08T15:31:16.654+0000] {task_command.py:467} INFO - Running <TaskInstance: perbaikan_skripsi.wait_for_new_data scheduled__2025-04-08T15:26:00+00:00 [running]> on host a9576c91091e
[2025-04-08T15:31:17.044+0000] {taskinstance.py:3132} INFO - Exporting env vars: AIRFLOW_CTX_DAG_OWNER='Dion Rikki' AIRFLOW_CTX_DAG_ID='perbaikan_skripsi' AIRFLOW_CTX_TASK_ID='wait_for_new_data' AIRFLOW_CTX_EXECUTION_DATE='2025-04-08T15:26:00+00:00' AIRFLOW_CTX_TRY_NUMBER='4' AIRFLOW_CTX_DAG_RUN_ID='scheduled__2025-04-08T15:26:00+00:00'
[2025-04-08T15:31:17.048+0000] {logging_mixin.py:190} INFO - Task instance is in running state
[2025-04-08T15:31:17.049+0000] {logging_mixin.py:190} INFO -  Previous state of the Task instance: queued
[2025-04-08T15:31:17.050+0000] {logging_mixin.py:190} INFO - Current task name:wait_for_new_data state:running start_date:2025-04-08 15:31:16.147603+00:00
[2025-04-08T15:31:17.051+0000] {logging_mixin.py:190} INFO - Dag name:perbaikan_skripsi and current dag run status:running
[2025-04-08T15:31:17.052+0000] {taskinstance.py:731} INFO - ::endgroup::
[2025-04-08T15:31:17.089+0000] {base.py:84} INFO - Retrieving connection 'mysql_default'
[2025-04-08T15:31:17.095+0000] {sql.py:101} INFO - Poking: 
            SELECT COUNT(*) 
            FROM tugas_akhir_sensordata s
            WHERE s.timestamp >= NOW() - INTERVAL 3 MINUTE
            AND s.soil_type IS NOT NULL
            AND s.crop_type IS NOT NULL
            AND NOT EXISTS (
                SELECT 1 
                FROM fertilizer_predictions f
                WHERE f.sensor_data_id = s.id
            )
         (with parameters None)
[2025-04-08T15:31:17.108+0000] {base.py:84} INFO - Retrieving connection 'mysql_default'
[2025-04-08T15:31:17.119+0000] {sql.py:553} INFO - Running statement: 
            SELECT COUNT(*) 
            FROM tugas_akhir_sensordata s
            WHERE s.timestamp >= NOW() - INTERVAL 3 MINUTE
            AND s.soil_type IS NOT NULL
            AND s.crop_type IS NOT NULL
            AND NOT EXISTS (
                SELECT 1 
                FROM fertilizer_predictions f
                WHERE f.sensor_data_id = s.id
            )
        , parameters: None
[2025-04-08T15:31:17.122+0000] {sql.py:562} INFO - Rows affected: 1
[2025-04-08T15:31:17.440+0000] {taskinstance.py:309} INFO - Rescheduling task, marking task as UP_FOR_RESCHEDULE
[2025-04-08T15:31:17.441+0000] {taskinstance.py:340} INFO - ::group::Post task execution logs
[2025-04-08T15:31:17.477+0000] {local_task_job_runner.py:266} INFO - Task exited with return code 0
[2025-04-08T15:31:17.548+0000] {taskinstance.py:3895} INFO - 0 downstream tasks scheduled from follow-on schedule check
[2025-04-08T15:31:17.551+0000] {local_task_job_runner.py:245} INFO - ::endgroup::
