[2025-04-07T16:57:39.441+0000] {local_task_job_runner.py:123} INFO - ::group::Pre task execution logs
[2025-04-07T16:57:39.568+0000] {taskinstance.py:2613} INFO - Dependencies all met for dep_context=non-requeueable deps ti=<TaskInstance: perbaikan_skripsi.wait_for_new_data scheduled__2025-04-07T16:50:00+00:00 [queued]>
[2025-04-07T16:57:39.640+0000] {taskinstance.py:2613} INFO - Dependencies all met for dep_context=requeueable deps ti=<TaskInstance: perbaikan_skripsi.wait_for_new_data scheduled__2025-04-07T16:50:00+00:00 [queued]>
[2025-04-07T16:57:39.642+0000] {taskinstance.py:2866} INFO - Starting attempt 6 of 4
[2025-04-07T16:57:39.773+0000] {taskinstance.py:2889} INFO - Executing <Task(SqlSensor): wait_for_new_data> on 2025-04-07 16:50:00+00:00
[2025-04-07T16:57:39.807+0000] {logging_mixin.py:190} WARNING - /home/airflow/.local/lib/python3.12/site-packages/airflow/task/task_runner/standard_task_runner.py:70 DeprecationWarning: This process (pid=65999) is multi-threaded, use of fork() may lead to deadlocks in the child.
[2025-04-07T16:57:39.817+0000] {standard_task_runner.py:72} INFO - Started process 66065 to run task
[2025-04-07T16:57:39.818+0000] {standard_task_runner.py:104} INFO - Running: ['airflow', 'tasks', 'run', 'perbaikan_skripsi', 'wait_for_new_data', 'scheduled__2025-04-07T16:50:00+00:00', '--job-id', '3069', '--raw', '--subdir', 'DAGS_FOLDER/tugas_akhir.py', '--cfg-path', '/tmp/tmpod4eyasj']
[2025-04-07T16:57:39.824+0000] {standard_task_runner.py:105} INFO - Job 3069: Subtask wait_for_new_data
[2025-04-07T16:57:40.143+0000] {task_command.py:467} INFO - Running <TaskInstance: perbaikan_skripsi.wait_for_new_data scheduled__2025-04-07T16:50:00+00:00 [running]> on host a9576c91091e
[2025-04-07T16:57:40.870+0000] {taskinstance.py:3132} INFO - Exporting env vars: AIRFLOW_CTX_DAG_OWNER='Dion Rikki' AIRFLOW_CTX_DAG_ID='perbaikan_skripsi' AIRFLOW_CTX_TASK_ID='wait_for_new_data' AIRFLOW_CTX_EXECUTION_DATE='2025-04-07T16:50:00+00:00' AIRFLOW_CTX_TRY_NUMBER='6' AIRFLOW_CTX_DAG_RUN_ID='scheduled__2025-04-07T16:50:00+00:00'
[2025-04-07T16:57:40.882+0000] {logging_mixin.py:190} INFO - Task instance is in running state
[2025-04-07T16:57:40.886+0000] {logging_mixin.py:190} INFO -  Previous state of the Task instance: queued
[2025-04-07T16:57:40.890+0000] {logging_mixin.py:190} INFO - Current task name:wait_for_new_data state:running start_date:2025-04-07 16:57:39.571231+00:00
[2025-04-07T16:57:40.898+0000] {logging_mixin.py:190} INFO - Dag name:perbaikan_skripsi and current dag run status:running
[2025-04-07T16:57:40.901+0000] {taskinstance.py:731} INFO - ::endgroup::
[2025-04-07T16:57:41.016+0000] {base.py:84} INFO - Retrieving connection 'mysql_default'
[2025-04-07T16:57:41.029+0000] {sql.py:101} INFO - Poking: 
            SELECT COUNT(*) 
            FROM tugas_akhir_sensordata s
            WHERE s.timestamp >= NOW() - INTERVAL 3 MINUTE
            AND s.soil_type IS NOT NULL
            AND s.crop_type IS NOT NULL
            AND NOT EXISTS (
                SELECT 1 
                FROM fertilizer_predictions f
                WHERE f.sensor_data_id = s.id
            )
         (with parameters None)
[2025-04-07T16:57:41.056+0000] {base.py:84} INFO - Retrieving connection 'mysql_default'
[2025-04-07T16:57:41.077+0000] {sql.py:553} INFO - Running statement: 
            SELECT COUNT(*) 
            FROM tugas_akhir_sensordata s
            WHERE s.timestamp >= NOW() - INTERVAL 3 MINUTE
            AND s.soil_type IS NOT NULL
            AND s.crop_type IS NOT NULL
            AND NOT EXISTS (
                SELECT 1 
                FROM fertilizer_predictions f
                WHERE f.sensor_data_id = s.id
            )
        , parameters: None
[2025-04-07T16:57:41.081+0000] {sql.py:562} INFO - Rows affected: 1
[2025-04-07T16:57:41.084+0000] {base.py:336} INFO - Success criteria met. Exiting.
[2025-04-07T16:57:41.128+0000] {taskinstance.py:340} INFO - ::group::Post task execution logs
[2025-04-07T16:57:41.136+0000] {taskinstance.py:352} INFO - Marking task as SUCCESS. dag_id=perbaikan_skripsi, task_id=wait_for_new_data, run_id=scheduled__2025-04-07T16:50:00+00:00, execution_date=20250407T165000, start_date=20250407T165739, end_date=20250407T165741
[2025-04-07T16:57:41.241+0000] {logging_mixin.py:190} INFO - Task instance in success state
[2025-04-07T16:57:41.248+0000] {logging_mixin.py:190} INFO -  Previous state of the Task instance: running
[2025-04-07T16:57:41.255+0000] {logging_mixin.py:190} INFO - Dag name:perbaikan_skripsi queued_at:2025-04-07 16:52:00.584139+00:00
[2025-04-07T16:57:41.269+0000] {logging_mixin.py:190} INFO - Task hostname:a9576c91091e operator:SqlSensor
[2025-04-07T16:57:41.367+0000] {local_task_job_runner.py:266} INFO - Task exited with return code 0
[2025-04-07T16:57:41.535+0000] {taskinstance.py:3895} INFO - 1 downstream tasks scheduled from follow-on schedule check
[2025-04-07T16:57:41.576+0000] {local_task_job_runner.py:245} INFO - ::endgroup::
