[2025-02-25T16:38:33.992+0000] {local_task_job_runner.py:123} INFO - ::group::Pre task execution logs
[2025-02-25T16:38:34.034+0000] {taskinstance.py:2613} INFO - Dependencies all met for dep_context=non-requeueable deps ti=<TaskInstance: conditional_dataset_and_time_based_timetable.conditional_dataset_and_time_based_timetable scheduled__2025-02-19T01:00:00+00:00 [queued]>
[2025-02-25T16:38:34.067+0000] {taskinstance.py:2613} INFO - Dependencies all met for dep_context=requeueable deps ti=<TaskInstance: conditional_dataset_and_time_based_timetable.conditional_dataset_and_time_based_timetable scheduled__2025-02-19T01:00:00+00:00 [queued]>
[2025-02-25T16:38:34.068+0000] {taskinstance.py:2866} INFO - Starting attempt 1 of 1
[2025-02-25T16:38:34.118+0000] {taskinstance.py:2889} INFO - Executing <Task(BashOperator): conditional_dataset_and_time_based_timetable> on 2025-02-19 01:00:00+00:00
[2025-02-25T16:38:34.141+0000] {standard_task_runner.py:104} INFO - Running: ['airflow', 'tasks', 'run', 'conditional_dataset_and_time_based_timetable', 'conditional_dataset_and_time_based_timetable', 'scheduled__2025-02-19T01:00:00+00:00', '--job-id', '93', '--raw', '--subdir', '/home/airflow/.local/lib/python3.12/site-packages/airflow/example_dags/example_datasets.py', '--cfg-path', '/tmp/tmp__pdkvn3']
[2025-02-25T16:38:34.147+0000] {standard_task_runner.py:105} INFO - Job 93: Subtask conditional_dataset_and_time_based_timetable
[2025-02-25T16:38:34.157+0000] {logging_mixin.py:190} WARNING - /home/airflow/.local/lib/python3.12/site-packages/airflow/task/task_runner/standard_task_runner.py:70 DeprecationWarning: This process (pid=16471) is multi-threaded, use of fork() may lead to deadlocks in the child.
[2025-02-25T16:38:34.160+0000] {standard_task_runner.py:72} INFO - Started process 16492 to run task
[2025-02-25T16:38:34.237+0000] {task_command.py:467} INFO - Running <TaskInstance: conditional_dataset_and_time_based_timetable.conditional_dataset_and_time_based_timetable scheduled__2025-02-19T01:00:00+00:00 [running]> on host 15e5b1e5ccc7
[2025-02-25T16:38:34.514+0000] {taskinstance.py:3132} INFO - Exporting env vars: AIRFLOW_CTX_DAG_OWNER='airflow' AIRFLOW_CTX_DAG_ID='conditional_dataset_and_time_based_timetable' AIRFLOW_CTX_TASK_ID='conditional_dataset_and_time_based_timetable' AIRFLOW_CTX_EXECUTION_DATE='2025-02-19T01:00:00+00:00' AIRFLOW_CTX_TRY_NUMBER='1' AIRFLOW_CTX_DAG_RUN_ID='scheduled__2025-02-19T01:00:00+00:00'
[2025-02-25T16:38:34.520+0000] {logging_mixin.py:190} INFO - Task instance is in running state
[2025-02-25T16:38:34.526+0000] {logging_mixin.py:190} INFO -  Previous state of the Task instance: queued
[2025-02-25T16:38:34.529+0000] {logging_mixin.py:190} INFO - Current task name:conditional_dataset_and_time_based_timetable state:running start_date:2025-02-25 16:38:34.039308+00:00
[2025-02-25T16:38:34.537+0000] {logging_mixin.py:190} INFO - Dag name:conditional_dataset_and_time_based_timetable and current dag run status:running
[2025-02-25T16:38:34.541+0000] {taskinstance.py:731} INFO - ::endgroup::
[2025-02-25T16:38:34.548+0000] {subprocess.py:78} INFO - Tmp dir root location: /tmp
[2025-02-25T16:38:34.556+0000] {subprocess.py:88} INFO - Running command: ['/usr/bin/bash', '-c', 'sleep 5']
[2025-02-25T16:38:34.605+0000] {subprocess.py:99} INFO - Output:
[2025-02-25T16:38:39.630+0000] {subprocess.py:110} INFO - Command exited with return code 0
[2025-02-25T16:38:39.693+0000] {taskinstance.py:340} INFO - ::group::Post task execution logs
[2025-02-25T16:38:39.695+0000] {taskinstance.py:352} INFO - Marking task as SUCCESS. dag_id=conditional_dataset_and_time_based_timetable, task_id=conditional_dataset_and_time_based_timetable, run_id=scheduled__2025-02-19T01:00:00+00:00, execution_date=20250219T010000, start_date=20250225T163834, end_date=20250225T163839
[2025-02-25T16:38:39.751+0000] {logging_mixin.py:190} INFO - Task instance in success state
[2025-02-25T16:38:39.752+0000] {logging_mixin.py:190} INFO -  Previous state of the Task instance: running
[2025-02-25T16:38:39.754+0000] {logging_mixin.py:190} INFO - Dag name:conditional_dataset_and_time_based_timetable queued_at:2025-02-25 16:38:31.142562+00:00
[2025-02-25T16:38:39.757+0000] {logging_mixin.py:190} INFO - Task hostname:15e5b1e5ccc7 operator:BashOperator
[2025-02-25T16:38:39.806+0000] {local_task_job_runner.py:266} INFO - Task exited with return code 0
[2025-02-25T16:38:39.825+0000] {local_task_job_runner.py:245} INFO - ::endgroup::
[2025-02-25T18:13:36.732+0000] {local_task_job_runner.py:123} INFO - ::group::Pre task execution logs
[2025-02-25T18:13:36.767+0000] {taskinstance.py:2613} INFO - Dependencies all met for dep_context=non-requeueable deps ti=<TaskInstance: conditional_dataset_and_time_based_timetable.conditional_dataset_and_time_based_timetable scheduled__2025-02-19T01:00:00+00:00 [queued]>
[2025-02-25T18:13:36.790+0000] {taskinstance.py:2613} INFO - Dependencies all met for dep_context=requeueable deps ti=<TaskInstance: conditional_dataset_and_time_based_timetable.conditional_dataset_and_time_based_timetable scheduled__2025-02-19T01:00:00+00:00 [queued]>
[2025-02-25T18:13:36.792+0000] {taskinstance.py:2866} INFO - Starting attempt 1 of 1
[2025-02-25T18:13:36.828+0000] {taskinstance.py:2889} INFO - Executing <Task(BashOperator): conditional_dataset_and_time_based_timetable> on 2025-02-19 01:00:00+00:00
[2025-02-25T18:13:36.846+0000] {logging_mixin.py:190} WARNING - /home/airflow/.local/lib/python3.12/site-packages/airflow/task/task_runner/standard_task_runner.py:70 DeprecationWarning: This process (pid=37419) is multi-threaded, use of fork() may lead to deadlocks in the child.
[2025-02-25T18:13:36.848+0000] {standard_task_runner.py:72} INFO - Started process 37424 to run task
[2025-02-25T18:13:36.847+0000] {standard_task_runner.py:104} INFO - Running: ['airflow', 'tasks', 'run', 'conditional_dataset_and_time_based_timetable', 'conditional_dataset_and_time_based_timetable', 'scheduled__2025-02-19T01:00:00+00:00', '--job-id', '51', '--raw', '--subdir', '/home/airflow/.local/lib/python3.12/site-packages/airflow/example_dags/example_datasets.py', '--cfg-path', '/tmp/tmp7u2xyyhf']
[2025-02-25T18:13:36.851+0000] {standard_task_runner.py:105} INFO - Job 51: Subtask conditional_dataset_and_time_based_timetable
[2025-02-25T18:13:36.953+0000] {task_command.py:467} INFO - Running <TaskInstance: conditional_dataset_and_time_based_timetable.conditional_dataset_and_time_based_timetable scheduled__2025-02-19T01:00:00+00:00 [running]> on host d22a487e6b55
[2025-02-25T18:13:37.129+0000] {taskinstance.py:3132} INFO - Exporting env vars: AIRFLOW_CTX_DAG_OWNER='airflow' AIRFLOW_CTX_DAG_ID='conditional_dataset_and_time_based_timetable' AIRFLOW_CTX_TASK_ID='conditional_dataset_and_time_based_timetable' AIRFLOW_CTX_EXECUTION_DATE='2025-02-19T01:00:00+00:00' AIRFLOW_CTX_TRY_NUMBER='1' AIRFLOW_CTX_DAG_RUN_ID='scheduled__2025-02-19T01:00:00+00:00'
[2025-02-25T18:13:37.133+0000] {logging_mixin.py:190} INFO - Task instance is in running state
[2025-02-25T18:13:37.134+0000] {logging_mixin.py:190} INFO -  Previous state of the Task instance: queued
[2025-02-25T18:13:37.136+0000] {logging_mixin.py:190} INFO - Current task name:conditional_dataset_and_time_based_timetable state:running start_date:2025-02-25 18:13:36.768357+00:00
[2025-02-25T18:13:37.137+0000] {logging_mixin.py:190} INFO - Dag name:conditional_dataset_and_time_based_timetable and current dag run status:running
[2025-02-25T18:13:37.139+0000] {taskinstance.py:731} INFO - ::endgroup::
[2025-02-25T18:13:37.142+0000] {subprocess.py:78} INFO - Tmp dir root location: /tmp
[2025-02-25T18:13:37.145+0000] {subprocess.py:88} INFO - Running command: ['/usr/bin/bash', '-c', 'sleep 5']
[2025-02-25T18:13:37.166+0000] {subprocess.py:99} INFO - Output:
[2025-02-25T18:13:42.176+0000] {subprocess.py:110} INFO - Command exited with return code 0
[2025-02-25T18:13:42.235+0000] {taskinstance.py:340} INFO - ::group::Post task execution logs
[2025-02-25T18:13:42.236+0000] {taskinstance.py:352} INFO - Marking task as SUCCESS. dag_id=conditional_dataset_and_time_based_timetable, task_id=conditional_dataset_and_time_based_timetable, run_id=scheduled__2025-02-19T01:00:00+00:00, execution_date=20250219T010000, start_date=20250225T181336, end_date=20250225T181342
[2025-02-25T18:13:42.294+0000] {logging_mixin.py:190} INFO - Task instance in success state
[2025-02-25T18:13:42.295+0000] {logging_mixin.py:190} INFO -  Previous state of the Task instance: running
[2025-02-25T18:13:42.296+0000] {logging_mixin.py:190} INFO - Dag name:conditional_dataset_and_time_based_timetable queued_at:2025-02-25 18:13:34.513543+00:00
[2025-02-25T18:13:42.298+0000] {logging_mixin.py:190} INFO - Task hostname:d22a487e6b55 operator:BashOperator
[2025-02-25T18:13:42.323+0000] {local_task_job_runner.py:266} INFO - Task exited with return code 0
[2025-02-25T18:13:42.352+0000] {taskinstance.py:3895} INFO - 0 downstream tasks scheduled from follow-on schedule check
[2025-02-25T18:13:42.356+0000] {local_task_job_runner.py:245} INFO - ::endgroup::
