[2025-03-11T02:07:21.891+0000] {local_task_job_runner.py:123} INFO - ::group::Pre task execution logs
[2025-03-11T02:07:21.930+0000] {taskinstance.py:2613} INFO - Dependencies all met for dep_context=non-requeueable deps ti=<TaskInstance: skripsi_perbaikan.wait_for_new_data scheduled__2025-03-11T02:02:00+00:00 [queued]>
[2025-03-11T02:07:21.954+0000] {taskinstance.py:2613} INFO - Dependencies all met for dep_context=requeueable deps ti=<TaskInstance: skripsi_perbaikan.wait_for_new_data scheduled__2025-03-11T02:02:00+00:00 [queued]>
[2025-03-11T02:07:21.955+0000] {taskinstance.py:2866} INFO - Starting attempt 4 of 6
[2025-03-11T02:07:22.022+0000] {taskinstance.py:2889} INFO - Executing <Task(SqlSensor): wait_for_new_data> on 2025-03-11 02:02:00+00:00
[2025-03-11T02:07:22.054+0000] {standard_task_runner.py:104} INFO - Running: ['airflow', 'tasks', 'run', 'skripsi_perbaikan', 'wait_for_new_data', 'scheduled__2025-03-11T02:02:00+00:00', '--job-id', '2951', '--raw', '--subdir', 'DAGS_FOLDER/tugas_akhir.py', '--cfg-path', '/tmp/tmpwi7l_4yg']
[2025-03-11T02:07:22.058+0000] {standard_task_runner.py:105} INFO - Job 2951: Subtask wait_for_new_data
[2025-03-11T02:07:22.062+0000] {logging_mixin.py:190} WARNING - /home/airflow/.local/lib/python3.12/site-packages/airflow/task/task_runner/standard_task_runner.py:70 DeprecationWarning: This process (pid=41051) is multi-threaded, use of fork() may lead to deadlocks in the child.
[2025-03-11T02:07:22.068+0000] {standard_task_runner.py:72} INFO - Started process 41068 to run task
[2025-03-11T02:07:22.211+0000] {task_command.py:467} INFO - Running <TaskInstance: skripsi_perbaikan.wait_for_new_data scheduled__2025-03-11T02:02:00+00:00 [running]> on host b493651eb2c9
[2025-03-11T02:07:22.425+0000] {taskinstance.py:3132} INFO - Exporting env vars: AIRFLOW_CTX_DAG_OWNER='Dion Rikki' AIRFLOW_CTX_DAG_ID='skripsi_perbaikan' AIRFLOW_CTX_TASK_ID='wait_for_new_data' AIRFLOW_CTX_EXECUTION_DATE='2025-03-11T02:02:00+00:00' AIRFLOW_CTX_TRY_NUMBER='4' AIRFLOW_CTX_DAG_RUN_ID='scheduled__2025-03-11T02:02:00+00:00'
[2025-03-11T02:07:22.430+0000] {logging_mixin.py:190} INFO - Task instance is in running state
[2025-03-11T02:07:22.433+0000] {logging_mixin.py:190} INFO -  Previous state of the Task instance: queued
[2025-03-11T02:07:22.434+0000] {logging_mixin.py:190} INFO - Current task name:wait_for_new_data state:running start_date:2025-03-11 02:07:21.931823+00:00
[2025-03-11T02:07:22.437+0000] {logging_mixin.py:190} INFO - Dag name:skripsi_perbaikan and current dag run status:running
[2025-03-11T02:07:22.440+0000] {taskinstance.py:731} INFO - ::endgroup::
[2025-03-11T02:07:22.489+0000] {base.py:84} INFO - Retrieving connection 'mysql_default'
[2025-03-11T02:07:22.498+0000] {sql.py:101} INFO - Poking: 
            SELECT COUNT(*) 
            FROM tugas_akhir_sensordata s
            WHERE s.timestamp >= NOW() - INTERVAL 5 MINUTE
            AND s.Soil_Type IS NOT NULL
            AND s.Crop_Type IS NOT NULL
            AND NOT EXISTS (
                SELECT 1 
                FROM fertilizer_predictions f
                WHERE f.id = s.id
            )
         (with parameters None)
[2025-03-11T02:07:22.513+0000] {base.py:84} INFO - Retrieving connection 'mysql_default'
[2025-03-11T02:07:22.530+0000] {sql.py:553} INFO - Running statement: 
            SELECT COUNT(*) 
            FROM tugas_akhir_sensordata s
            WHERE s.timestamp >= NOW() - INTERVAL 5 MINUTE
            AND s.Soil_Type IS NOT NULL
            AND s.Crop_Type IS NOT NULL
            AND NOT EXISTS (
                SELECT 1 
                FROM fertilizer_predictions f
                WHERE f.id = s.id
            )
        , parameters: None
[2025-03-11T02:07:22.534+0000] {sql.py:562} INFO - Rows affected: 1
[2025-03-11T02:07:22.588+0000] {taskinstance.py:309} INFO - Rescheduling task, marking task as UP_FOR_RESCHEDULE
[2025-03-11T02:07:22.591+0000] {taskinstance.py:340} INFO - ::group::Post task execution logs
[2025-03-11T02:07:22.637+0000] {local_task_job_runner.py:266} INFO - Task exited with return code 0
[2025-03-11T02:07:22.670+0000] {local_task_job_runner.py:245} INFO - ::endgroup::
