[2025-03-16T15:22:10.839+0000] {local_task_job_runner.py:123} INFO - ::group::Pre task execution logs
[2025-03-16T15:22:11.053+0000] {taskinstance.py:2613} INFO - Dependencies all met for dep_context=non-requeueable deps ti=<TaskInstance: skripsi_perbaikan.predict_and_store_result scheduled__2025-03-16T15:14:00+00:00 [queued]>
[2025-03-16T15:22:11.193+0000] {taskinstance.py:2613} INFO - Dependencies all met for dep_context=requeueable deps ti=<TaskInstance: skripsi_perbaikan.predict_and_store_result scheduled__2025-03-16T15:14:00+00:00 [queued]>
[2025-03-16T15:22:11.199+0000] {taskinstance.py:2866} INFO - Starting attempt 1 of 4
[2025-03-16T15:22:11.534+0000] {taskinstance.py:2889} INFO - Executing <Task(PythonOperator): predict_and_store_result> on 2025-03-16 15:14:00+00:00
[2025-03-16T15:22:11.671+0000] {standard_task_runner.py:104} INFO - Running: ['airflow', 'tasks', 'run', 'skripsi_perbaikan', 'predict_and_store_result', 'scheduled__2025-03-16T15:14:00+00:00', '--job-id', '578', '--raw', '--subdir', 'DAGS_FOLDER/tugas_akhir.py', '--cfg-path', '/tmp/tmpq42x47sf']
[2025-03-16T15:22:11.696+0000] {logging_mixin.py:190} WARNING - /home/airflow/.local/lib/python3.12/site-packages/airflow/task/task_runner/standard_task_runner.py:70 DeprecationWarning: This process (pid=73951) is multi-threaded, use of fork() may lead to deadlocks in the child.
[2025-03-16T15:22:11.703+0000] {standard_task_runner.py:72} INFO - Started process 74049 to run task
[2025-03-16T15:22:11.685+0000] {standard_task_runner.py:105} INFO - Job 578: Subtask predict_and_store_result
[2025-03-16T15:22:12.073+0000] {task_command.py:467} INFO - Running <TaskInstance: skripsi_perbaikan.predict_and_store_result scheduled__2025-03-16T15:14:00+00:00 [running]> on host 438c3ba1e399
[2025-03-16T15:22:12.787+0000] {taskinstance.py:3132} INFO - Exporting env vars: AIRFLOW_CTX_DAG_OWNER='Dion Rikki' AIRFLOW_CTX_DAG_ID='skripsi_perbaikan' AIRFLOW_CTX_TASK_ID='predict_and_store_result' AIRFLOW_CTX_EXECUTION_DATE='2025-03-16T15:14:00+00:00' AIRFLOW_CTX_TRY_NUMBER='1' AIRFLOW_CTX_DAG_RUN_ID='scheduled__2025-03-16T15:14:00+00:00'
[2025-03-16T15:22:12.802+0000] {logging_mixin.py:190} INFO - Task instance is in running state
[2025-03-16T15:22:12.806+0000] {logging_mixin.py:190} INFO -  Previous state of the Task instance: queued
[2025-03-16T15:22:12.814+0000] {logging_mixin.py:190} INFO - Current task name:predict_and_store_result state:running start_date:2025-03-16 15:22:11.064587+00:00
[2025-03-16T15:22:12.824+0000] {logging_mixin.py:190} INFO - Dag name:skripsi_perbaikan and current dag run status:running
[2025-03-16T15:22:12.833+0000] {taskinstance.py:731} INFO - ::endgroup::
[2025-03-16T15:22:12.843+0000] {logging_mixin.py:190} INFO - 🔍 [2] Memproses data dan melakukan prediksi...
[2025-03-16T15:22:13.130+0000] {logging_mixin.py:190} INFO - ✅ Data siap diproses: 1 baris
   id  Temperature  Humidity  ...  nitrogen phosphorous potassium
0  77         24.8      85.0  ...       0.0         0.0       0.0

[1 rows x 9 columns]
[2025-03-16T15:22:13.149+0000] {logging_mixin.py:190} INFO - 📝 Menyesuaikan nama kolom dengan model training...
[2025-03-16T15:22:13.174+0000] {logging_mixin.py:190} INFO - 🔧 Melakukan encoding kategori Soil_Type dan Crop_Type...
[2025-03-16T15:22:13.203+0000] {logging_mixin.py:190} INFO - 🧠 Menyiapkan fitur untuk prediksi...
[2025-03-16T15:22:13.214+0000] {logging_mixin.py:190} INFO - 🤖 Menjalankan model prediksi...
[2025-03-16T15:22:13.286+0000] {logging_mixin.py:190} INFO - ✅ Prediksi selesai:
   id predicted_fertilizer
0  77             10-10-10
[2025-03-16T15:22:13.296+0000] {logging_mixin.py:190} INFO - 💾 Menyimpan hasil ke tabel fertilizer_predictions...
[2025-03-16T15:22:13.512+0000] {logging_mixin.py:190} INFO - ✅ Hasil prediksi berhasil disimpan.
[2025-03-16T15:22:13.514+0000] {python.py:240} INFO - Done. Returned value was: None
[2025-03-16T15:22:13.591+0000] {taskinstance.py:340} INFO - ::group::Post task execution logs
[2025-03-16T15:22:13.596+0000] {taskinstance.py:352} INFO - Marking task as SUCCESS. dag_id=skripsi_perbaikan, task_id=predict_and_store_result, run_id=scheduled__2025-03-16T15:14:00+00:00, execution_date=20250316T151400, start_date=20250316T152211, end_date=20250316T152213
[2025-03-16T15:22:13.737+0000] {logging_mixin.py:190} INFO - Task instance in success state
[2025-03-16T15:22:13.741+0000] {logging_mixin.py:190} INFO -  Previous state of the Task instance: running
[2025-03-16T15:22:13.746+0000] {logging_mixin.py:190} INFO - Dag name:skripsi_perbaikan queued_at:2025-03-16 15:16:01.040874+00:00
[2025-03-16T15:22:13.752+0000] {logging_mixin.py:190} INFO - Task hostname:438c3ba1e399 operator:PythonOperator
[2025-03-16T15:22:13.828+0000] {local_task_job_runner.py:266} INFO - Task exited with return code 0
[2025-03-16T15:22:13.956+0000] {taskinstance.py:3895} INFO - 0 downstream tasks scheduled from follow-on schedule check
[2025-03-16T15:22:13.960+0000] {local_task_job_runner.py:245} INFO - ::endgroup::
