[2025-04-24T15:42:31.516+0000] {local_task_job_runner.py:123} INFO - ::group::Pre task execution logs
[2025-04-24T15:42:31.620+0000] {taskinstance.py:2613} INFO - Dependencies all met for dep_context=non-requeueable deps ti=<TaskInstance: perbaikan_skripsi.wait_for_new_data scheduled__2025-04-24T15:38:00+00:00 [queued]>
[2025-04-24T15:42:31.657+0000] {taskinstance.py:2613} INFO - Dependencies all met for dep_context=requeueable deps ti=<TaskInstance: perbaikan_skripsi.wait_for_new_data scheduled__2025-04-24T15:38:00+00:00 [queued]>
[2025-04-24T15:42:31.658+0000] {taskinstance.py:2866} INFO - Starting attempt 4 of 4
[2025-04-24T15:42:31.729+0000] {taskinstance.py:2889} INFO - Executing <Task(SqlSensor): wait_for_new_data> on 2025-04-24 15:38:00+00:00
[2025-04-24T15:42:31.758+0000] {logging_mixin.py:190} WARNING - /home/airflow/.local/lib/python3.12/site-packages/airflow/task/task_runner/standard_task_runner.py:70 DeprecationWarning: This process (pid=45909) is multi-threaded, use of fork() may lead to deadlocks in the child.
[2025-04-24T15:42:31.761+0000] {standard_task_runner.py:72} INFO - Started process 46009 to run task
[2025-04-24T15:42:31.764+0000] {standard_task_runner.py:104} INFO - Running: ['airflow', 'tasks', 'run', 'perbaikan_skripsi', 'wait_for_new_data', 'scheduled__2025-04-24T15:38:00+00:00', '--job-id', '20233', '--raw', '--subdir', 'DAGS_FOLDER/tugas_akhir.py', '--cfg-path', '/tmp/tmps4nz3fyw']
[2025-04-24T15:42:31.766+0000] {standard_task_runner.py:105} INFO - Job 20233: Subtask wait_for_new_data
[2025-04-24T15:42:31.940+0000] {task_command.py:467} INFO - Running <TaskInstance: perbaikan_skripsi.wait_for_new_data scheduled__2025-04-24T15:38:00+00:00 [running]> on host a38b69ba8f8a
[2025-04-24T15:42:32.249+0000] {taskinstance.py:3132} INFO - Exporting env vars: AIRFLOW_CTX_DAG_OWNER='Dion Rikki' AIRFLOW_CTX_DAG_ID='perbaikan_skripsi' AIRFLOW_CTX_TASK_ID='wait_for_new_data' AIRFLOW_CTX_EXECUTION_DATE='2025-04-24T15:38:00+00:00' AIRFLOW_CTX_TRY_NUMBER='4' AIRFLOW_CTX_DAG_RUN_ID='scheduled__2025-04-24T15:38:00+00:00'
[2025-04-24T15:42:32.254+0000] {logging_mixin.py:190} INFO - Task instance is in running state
[2025-04-24T15:42:32.264+0000] {logging_mixin.py:190} INFO -  Previous state of the Task instance: queued
[2025-04-24T15:42:32.268+0000] {logging_mixin.py:190} INFO - Current task name:wait_for_new_data state:running start_date:2025-04-24 15:42:31.622939+00:00
[2025-04-24T15:42:32.271+0000] {logging_mixin.py:190} INFO - Dag name:perbaikan_skripsi and current dag run status:running
[2025-04-24T15:42:32.278+0000] {taskinstance.py:731} INFO - ::endgroup::
[2025-04-24T15:42:32.325+0000] {base.py:84} INFO - Retrieving connection 'mysql_default'
[2025-04-24T15:42:32.332+0000] {sql.py:101} INFO - Poking: 
            SELECT COUNT(*) 
            FROM tugas_akhir_sensordata s
            WHERE s.timestamp >= NOW() - INTERVAL 3 MINUTE
            AND s.soil_type IS NOT NULL
            AND s.crop_type IS NOT NULL
            AND NOT EXISTS (
                SELECT 1 
                FROM fertilizer_predictions f
                WHERE f.sensor_data_id = s.id
            )
         (with parameters None)
[2025-04-24T15:42:32.343+0000] {base.py:84} INFO - Retrieving connection 'mysql_default'
[2025-04-24T15:42:32.352+0000] {sql.py:553} INFO - Running statement: 
            SELECT COUNT(*) 
            FROM tugas_akhir_sensordata s
            WHERE s.timestamp >= NOW() - INTERVAL 3 MINUTE
            AND s.soil_type IS NOT NULL
            AND s.crop_type IS NOT NULL
            AND NOT EXISTS (
                SELECT 1 
                FROM fertilizer_predictions f
                WHERE f.sensor_data_id = s.id
            )
        , parameters: None
[2025-04-24T15:42:32.355+0000] {sql.py:562} INFO - Rows affected: 1
[2025-04-24T15:42:32.409+0000] {taskinstance.py:309} INFO - Rescheduling task, marking task as UP_FOR_RESCHEDULE
[2025-04-24T15:42:32.414+0000] {taskinstance.py:340} INFO - ::group::Post task execution logs
[2025-04-24T15:42:32.449+0000] {local_task_job_runner.py:266} INFO - Task exited with return code 0
[2025-04-24T15:42:32.559+0000] {taskinstance.py:3895} INFO - 0 downstream tasks scheduled from follow-on schedule check
[2025-04-24T15:42:32.568+0000] {local_task_job_runner.py:245} INFO - ::endgroup::
