[2025-04-07T15:08:42.171+0000] {local_task_job_runner.py:123} INFO - ::group::Pre task execution logs
[2025-04-07T15:08:42.401+0000] {taskinstance.py:2613} INFO - Dependencies all met for dep_context=non-requeueable deps ti=<TaskInstance: skripsi_perbaikan.predict_and_store_result scheduled__2025-03-16T13:42:00+00:00 [queued]>
[2025-04-07T15:08:42.650+0000] {taskinstance.py:2613} INFO - Dependencies all met for dep_context=requeueable deps ti=<TaskInstance: skripsi_perbaikan.predict_and_store_result scheduled__2025-03-16T13:42:00+00:00 [queued]>
[2025-04-07T15:08:42.662+0000] {taskinstance.py:2866} INFO - Starting attempt 1 of 4
[2025-04-07T15:08:42.968+0000] {taskinstance.py:2889} INFO - Executing <Task(PythonOperator): predict_and_store_result> on 2025-03-16 13:42:00+00:00
[2025-04-07T15:08:43.220+0000] {standard_task_runner.py:104} INFO - Running: ['airflow', 'tasks', 'run', 'skripsi_perbaikan', 'predict_and_store_result', 'scheduled__2025-03-16T13:42:00+00:00', '--job-id', '2497', '--raw', '--subdir', 'DAGS_FOLDER/tugas_akhir.py', '--cfg-path', '/tmp/tmpmfjntdgu']
[2025-04-07T15:08:43.233+0000] {standard_task_runner.py:105} INFO - Job 2497: Subtask predict_and_store_result
[2025-04-07T15:08:43.342+0000] {logging_mixin.py:190} WARNING - /home/airflow/.local/lib/python3.12/site-packages/airflow/task/task_runner/standard_task_runner.py:70 DeprecationWarning: This process (pid=4404) is multi-threaded, use of fork() may lead to deadlocks in the child.
[2025-04-07T15:08:43.370+0000] {standard_task_runner.py:72} INFO - Started process 4585 to run task
[2025-04-07T15:08:44.000+0000] {task_command.py:467} INFO - Running <TaskInstance: skripsi_perbaikan.predict_and_store_result scheduled__2025-03-16T13:42:00+00:00 [running]> on host a9576c91091e
[2025-04-07T15:08:46.549+0000] {taskinstance.py:3132} INFO - Exporting env vars: AIRFLOW_CTX_DAG_OWNER='Dion Rikki' AIRFLOW_CTX_DAG_ID='skripsi_perbaikan' AIRFLOW_CTX_TASK_ID='predict_and_store_result' AIRFLOW_CTX_EXECUTION_DATE='2025-03-16T13:42:00+00:00' AIRFLOW_CTX_TRY_NUMBER='1' AIRFLOW_CTX_DAG_RUN_ID='scheduled__2025-03-16T13:42:00+00:00'
[2025-04-07T15:08:46.622+0000] {logging_mixin.py:190} INFO - Task instance is in running state
[2025-04-07T15:08:46.645+0000] {logging_mixin.py:190} INFO -  Previous state of the Task instance: queued
[2025-04-07T15:08:46.668+0000] {logging_mixin.py:190} INFO - Current task name:predict_and_store_result state:running start_date:2025-04-07 15:08:42.433414+00:00
[2025-04-07T15:08:46.681+0000] {logging_mixin.py:190} INFO - Dag name:skripsi_perbaikan and current dag run status:running
[2025-04-07T15:08:46.685+0000] {taskinstance.py:731} INFO - ::endgroup::
[2025-04-07T15:08:46.697+0000] {logging_mixin.py:190} INFO - 🔍 [2] Memproses data dan melakukan prediksi...
[2025-04-07T15:08:47.542+0000] {logging_mixin.py:190} INFO - ✅ Data siap diproses: 1 baris
    id  Temperature  Humidity  ...  nitrogen phosphorous potassium
0  335         26.2      84.0  ...     105.0       289.0     283.0

[1 rows x 9 columns]
[2025-04-07T15:08:47.543+0000] {logging_mixin.py:190} INFO - 📝 Menyesuaikan nama kolom dengan model training...
[2025-04-07T15:08:47.561+0000] {logging_mixin.py:190} INFO - 🔧 Melakukan encoding kategori Soil_Type dan Crop_Type...
[2025-04-07T15:08:47.590+0000] {logging_mixin.py:190} INFO - 🧠 Menyiapkan fitur untuk prediksi...
[2025-04-07T15:08:47.611+0000] {logging_mixin.py:190} INFO - 🤖 Menjalankan model prediksi...
[2025-04-07T15:08:47.947+0000] {logging_mixin.py:190} INFO - ✅ Prediksi selesai:
    id predicted_fertilizer
0  335                 Urea
[2025-04-07T15:08:47.956+0000] {logging_mixin.py:190} INFO - 💾 Menyimpan hasil ke tabel fertilizer_predictions...
[2025-04-07T15:08:48.199+0000] {logging_mixin.py:190} INFO - ✅ Hasil prediksi berhasil disimpan.
[2025-04-07T15:08:48.205+0000] {python.py:240} INFO - Done. Returned value was: None
[2025-04-07T15:08:48.247+0000] {taskinstance.py:340} INFO - ::group::Post task execution logs
[2025-04-07T15:08:48.252+0000] {taskinstance.py:352} INFO - Marking task as SUCCESS. dag_id=skripsi_perbaikan, task_id=predict_and_store_result, run_id=scheduled__2025-03-16T13:42:00+00:00, execution_date=20250316T134200, start_date=20250407T150842, end_date=20250407T150848
[2025-04-07T15:08:50.812+0000] {logging_mixin.py:190} INFO - Task instance in success state
[2025-04-07T15:08:50.830+0000] {logging_mixin.py:190} INFO -  Previous state of the Task instance: running
[2025-04-07T15:08:50.841+0000] {logging_mixin.py:190} INFO - Dag name:skripsi_perbaikan queued_at:2025-04-07 14:47:44.286905+00:00
[2025-04-07T15:08:50.841+0000] {logging_mixin.py:190} INFO - Task hostname:a9576c91091e operator:PythonOperator
[2025-04-07T15:08:51.091+0000] {local_task_job_runner.py:266} INFO - Task exited with return code 0
[2025-04-07T15:08:51.428+0000] {taskinstance.py:3895} INFO - 0 downstream tasks scheduled from follow-on schedule check
[2025-04-07T15:08:51.455+0000] {local_task_job_runner.py:245} INFO - ::endgroup::
