[2025-03-02T17:34:22.829+0000] {local_task_job_runner.py:123} INFO - ::group::Pre task execution logs
[2025-03-02T17:34:22.887+0000] {taskinstance.py:2613} INFO - Dependencies all met for dep_context=non-requeueable deps ti=<TaskInstance: skripsi_2.wait_for_new_data scheduled__2025-03-02T17:28:00+00:00 [queued]>
[2025-03-02T17:34:22.913+0000] {taskinstance.py:2613} INFO - Dependencies all met for dep_context=requeueable deps ti=<TaskInstance: skripsi_2.wait_for_new_data scheduled__2025-03-02T17:28:00+00:00 [queued]>
[2025-03-02T17:34:22.916+0000] {taskinstance.py:2866} INFO - Starting attempt 5 of 6
[2025-03-02T17:34:22.948+0000] {taskinstance.py:2889} INFO - Executing <Task(SqlSensor): wait_for_new_data> on 2025-03-02 17:28:00+00:00
[2025-03-02T17:34:22.970+0000] {logging_mixin.py:190} WARNING - /home/airflow/.local/lib/python3.12/site-packages/airflow/task/task_runner/standard_task_runner.py:70 DeprecationWarning: This process (pid=2004) is multi-threaded, use of fork() may lead to deadlocks in the child.
[2025-03-02T17:34:22.971+0000] {standard_task_runner.py:104} INFO - Running: ['airflow', 'tasks', 'run', 'skripsi_2', 'wait_for_new_data', 'scheduled__2025-03-02T17:28:00+00:00', '--job-id', '19477', '--raw', '--subdir', 'DAGS_FOLDER/tugas_akhir.py', '--cfg-path', '/tmp/tmpt6b8ovrg']
[2025-03-02T17:34:22.974+0000] {standard_task_runner.py:72} INFO - Started process 2076 to run task
[2025-03-02T17:34:22.975+0000] {standard_task_runner.py:105} INFO - Job 19477: Subtask wait_for_new_data
[2025-03-02T17:34:23.064+0000] {task_command.py:467} INFO - Running <TaskInstance: skripsi_2.wait_for_new_data scheduled__2025-03-02T17:28:00+00:00 [running]> on host ef7692401a0a
[2025-03-02T17:34:23.362+0000] {taskinstance.py:3132} INFO - Exporting env vars: AIRFLOW_CTX_DAG_OWNER='Dion Rikki' AIRFLOW_CTX_DAG_ID='skripsi_2' AIRFLOW_CTX_TASK_ID='wait_for_new_data' AIRFLOW_CTX_EXECUTION_DATE='2025-03-02T17:28:00+00:00' AIRFLOW_CTX_TRY_NUMBER='5' AIRFLOW_CTX_DAG_RUN_ID='scheduled__2025-03-02T17:28:00+00:00'
[2025-03-02T17:34:23.372+0000] {logging_mixin.py:190} INFO - Task instance is in running state
[2025-03-02T17:34:23.375+0000] {logging_mixin.py:190} INFO -  Previous state of the Task instance: queued
[2025-03-02T17:34:23.378+0000] {logging_mixin.py:190} INFO - Current task name:wait_for_new_data state:running start_date:2025-03-02 17:34:22.888972+00:00
[2025-03-02T17:34:23.380+0000] {logging_mixin.py:190} INFO - Dag name:skripsi_2 and current dag run status:running
[2025-03-02T17:34:23.381+0000] {taskinstance.py:731} INFO - ::endgroup::
[2025-03-02T17:34:23.432+0000] {base.py:84} INFO - Retrieving connection 'mysql_default'
[2025-03-02T17:34:23.440+0000] {sql.py:101} INFO - Poking: 
            SELECT COUNT(*) 
            FROM tugas_akhir_sensordata s
            WHERE s.timestamp >= NOW() - INTERVAL 5 MINUTE
            AND NOT EXISTS (
                SELECT 1 
                FROM fertilizer_predictions f
                WHERE f.id = s.id
            )
         (with parameters None)
[2025-03-02T17:34:23.457+0000] {base.py:84} INFO - Retrieving connection 'mysql_default'
[2025-03-02T17:34:23.475+0000] {sql.py:553} INFO - Running statement: 
            SELECT COUNT(*) 
            FROM tugas_akhir_sensordata s
            WHERE s.timestamp >= NOW() - INTERVAL 5 MINUTE
            AND NOT EXISTS (
                SELECT 1 
                FROM fertilizer_predictions f
                WHERE f.id = s.id
            )
        , parameters: None
[2025-03-02T17:34:23.481+0000] {sql.py:562} INFO - Rows affected: 1
[2025-03-02T17:34:23.747+0000] {taskinstance.py:309} INFO - Rescheduling task, marking task as UP_FOR_RESCHEDULE
[2025-03-02T17:34:23.752+0000] {taskinstance.py:340} INFO - ::group::Post task execution logs
[2025-03-02T17:34:23.822+0000] {local_task_job_runner.py:266} INFO - Task exited with return code 0
[2025-03-02T17:34:23.892+0000] {taskinstance.py:3895} INFO - 0 downstream tasks scheduled from follow-on schedule check
[2025-03-02T17:34:23.902+0000] {local_task_job_runner.py:245} INFO - ::endgroup::
