[2025-03-06T00:01:28.953+0000] {local_task_job_runner.py:123} INFO - ::group::Pre task execution logs
[2025-03-06T00:01:28.991+0000] {taskinstance.py:2613} INFO - Dependencies all met for dep_context=non-requeueable deps ti=<TaskInstance: skripsi_2.wait_for_new_data scheduled__2025-03-05T23:54:00+00:00 [queued]>
[2025-03-06T00:01:29.021+0000] {taskinstance.py:2613} INFO - Dependencies all met for dep_context=requeueable deps ti=<TaskInstance: skripsi_2.wait_for_new_data scheduled__2025-03-05T23:54:00+00:00 [queued]>
[2025-03-06T00:01:29.022+0000] {taskinstance.py:2866} INFO - Starting attempt 6 of 6
[2025-03-06T00:01:29.058+0000] {taskinstance.py:2889} INFO - Executing <Task(SqlSensor): wait_for_new_data> on 2025-03-05 23:54:00+00:00
[2025-03-06T00:01:29.078+0000] {standard_task_runner.py:104} INFO - Running: ['airflow', 'tasks', 'run', 'skripsi_2', 'wait_for_new_data', 'scheduled__2025-03-05T23:54:00+00:00', '--job-id', '23132', '--raw', '--subdir', 'DAGS_FOLDER/tugas_akhir.py', '--cfg-path', '/tmp/tmp9sm6xh2m']
[2025-03-06T00:01:29.081+0000] {standard_task_runner.py:105} INFO - Job 23132: Subtask wait_for_new_data
[2025-03-06T00:01:29.080+0000] {logging_mixin.py:190} WARNING - /home/airflow/.local/lib/python3.12/site-packages/airflow/task/task_runner/standard_task_runner.py:70 DeprecationWarning: This process (pid=14463) is multi-threaded, use of fork() may lead to deadlocks in the child.
[2025-03-06T00:01:29.085+0000] {standard_task_runner.py:72} INFO - Started process 14481 to run task
[2025-03-06T00:01:29.192+0000] {task_command.py:467} INFO - Running <TaskInstance: skripsi_2.wait_for_new_data scheduled__2025-03-05T23:54:00+00:00 [running]> on host ef7692401a0a
[2025-03-06T00:01:29.403+0000] {taskinstance.py:3132} INFO - Exporting env vars: AIRFLOW_CTX_DAG_OWNER='Dion Rikki' AIRFLOW_CTX_DAG_ID='skripsi_2' AIRFLOW_CTX_TASK_ID='wait_for_new_data' AIRFLOW_CTX_EXECUTION_DATE='2025-03-05T23:54:00+00:00' AIRFLOW_CTX_TRY_NUMBER='6' AIRFLOW_CTX_DAG_RUN_ID='scheduled__2025-03-05T23:54:00+00:00'
[2025-03-06T00:01:29.407+0000] {logging_mixin.py:190} INFO - Task instance is in running state
[2025-03-06T00:01:29.408+0000] {logging_mixin.py:190} INFO -  Previous state of the Task instance: queued
[2025-03-06T00:01:29.410+0000] {logging_mixin.py:190} INFO - Current task name:wait_for_new_data state:running start_date:2025-03-06 00:01:28.992728+00:00
[2025-03-06T00:01:29.411+0000] {logging_mixin.py:190} INFO - Dag name:skripsi_2 and current dag run status:running
[2025-03-06T00:01:29.413+0000] {taskinstance.py:731} INFO - ::endgroup::
[2025-03-06T00:01:29.444+0000] {base.py:84} INFO - Retrieving connection 'mysql_default'
[2025-03-06T00:01:29.451+0000] {sql.py:101} INFO - Poking: 
            SELECT COUNT(*) 
            FROM tugas_akhir_sensordata s
            WHERE s.timestamp >= NOW() - INTERVAL 5 MINUTE
            AND NOT EXISTS (
                SELECT 1 
                FROM fertilizer_predictions f
                WHERE f.id = s.id
            )
         (with parameters None)
[2025-03-06T00:01:29.460+0000] {base.py:84} INFO - Retrieving connection 'mysql_default'
[2025-03-06T00:01:29.469+0000] {sql.py:553} INFO - Running statement: 
            SELECT COUNT(*) 
            FROM tugas_akhir_sensordata s
            WHERE s.timestamp >= NOW() - INTERVAL 5 MINUTE
            AND NOT EXISTS (
                SELECT 1 
                FROM fertilizer_predictions f
                WHERE f.id = s.id
            )
        , parameters: None
[2025-03-06T00:01:29.472+0000] {sql.py:562} INFO - Rows affected: 1
[2025-03-06T00:01:29.515+0000] {taskinstance.py:309} INFO - Rescheduling task, marking task as UP_FOR_RESCHEDULE
[2025-03-06T00:01:29.516+0000] {taskinstance.py:340} INFO - ::group::Post task execution logs
[2025-03-06T00:01:29.557+0000] {local_task_job_runner.py:266} INFO - Task exited with return code 0
[2025-03-06T00:01:29.604+0000] {taskinstance.py:3895} INFO - 0 downstream tasks scheduled from follow-on schedule check
[2025-03-06T00:01:29.607+0000] {local_task_job_runner.py:245} INFO - ::endgroup::
