[2025-03-01T13:44:12.246+0000] {local_task_job_runner.py:123} INFO - ::group::Pre task execution logs
[2025-03-01T13:44:12.290+0000] {taskinstance.py:2613} INFO - Dependencies all met for dep_context=non-requeueable deps ti=<TaskInstance: skripsi_2.get_data_from_db scheduled__2025-03-01T13:42:00+00:00 [queued]>
[2025-03-01T13:44:12.319+0000] {taskinstance.py:2613} INFO - Dependencies all met for dep_context=requeueable deps ti=<TaskInstance: skripsi_2.get_data_from_db scheduled__2025-03-01T13:42:00+00:00 [queued]>
[2025-03-01T13:44:12.321+0000] {taskinstance.py:2866} INFO - Starting attempt 1 of 6
[2025-03-01T13:44:12.367+0000] {taskinstance.py:2889} INFO - Executing <Task(PythonOperator): get_data_from_db> on 2025-03-01 13:42:00+00:00
[2025-03-01T13:44:12.390+0000] {logging_mixin.py:190} WARNING - /home/airflow/.local/lib/python3.12/site-packages/airflow/task/task_runner/standard_task_runner.py:70 DeprecationWarning: This process (pid=70048) is multi-threaded, use of fork() may lead to deadlocks in the child.
[2025-03-01T13:44:12.393+0000] {standard_task_runner.py:72} INFO - Started process 70084 to run task
[2025-03-01T13:44:12.391+0000] {standard_task_runner.py:104} INFO - Running: ['airflow', 'tasks', 'run', 'skripsi_2', 'get_data_from_db', 'scheduled__2025-03-01T13:42:00+00:00', '--job-id', '12465', '--raw', '--subdir', 'DAGS_FOLDER/tugas_akhir.py', '--cfg-path', '/tmp/tmp9a_2ma20']
[2025-03-01T13:44:12.396+0000] {standard_task_runner.py:105} INFO - Job 12465: Subtask get_data_from_db
[2025-03-01T13:44:12.500+0000] {task_command.py:467} INFO - Running <TaskInstance: skripsi_2.get_data_from_db scheduled__2025-03-01T13:42:00+00:00 [running]> on host ef7692401a0a
[2025-03-01T13:44:12.826+0000] {taskinstance.py:3132} INFO - Exporting env vars: AIRFLOW_CTX_DAG_OWNER='Dion Rikki' AIRFLOW_CTX_DAG_ID='skripsi_2' AIRFLOW_CTX_TASK_ID='get_data_from_db' AIRFLOW_CTX_EXECUTION_DATE='2025-03-01T13:42:00+00:00' AIRFLOW_CTX_TRY_NUMBER='1' AIRFLOW_CTX_DAG_RUN_ID='scheduled__2025-03-01T13:42:00+00:00'
[2025-03-01T13:44:12.830+0000] {logging_mixin.py:190} INFO - Task instance is in running state
[2025-03-01T13:44:12.835+0000] {logging_mixin.py:190} INFO -  Previous state of the Task instance: queued
[2025-03-01T13:44:12.839+0000] {logging_mixin.py:190} INFO - Current task name:get_data_from_db state:running start_date:2025-03-01 13:44:12.291969+00:00
[2025-03-01T13:44:12.843+0000] {logging_mixin.py:190} INFO - Dag name:skripsi_2 and current dag run status:running
[2025-03-01T13:44:12.845+0000] {taskinstance.py:731} INFO - ::endgroup::
[2025-03-01T13:44:12.854+0000] {logging_mixin.py:190} INFO - 🔍 [1] Menghubungkan ke database MySQL...
[2025-03-01T13:44:12.949+0000] {logging_mixin.py:190} INFO - 📊 Data yang diambil dari MySQL:
   Temperature  Humidity  Moisture
0         25.8      87.0         0
1         25.8      88.0         0
[2025-03-01T13:44:12.996+0000] {logging_mixin.py:190} INFO - ✅ Data berhasil disimpan ke XCom. Jumlah baris: 2
[2025-03-01T13:44:12.997+0000] {python.py:240} INFO - Done. Returned value was: None
[2025-03-01T13:44:13.024+0000] {taskinstance.py:340} INFO - ::group::Post task execution logs
[2025-03-01T13:44:13.026+0000] {taskinstance.py:352} INFO - Marking task as SUCCESS. dag_id=skripsi_2, task_id=get_data_from_db, run_id=scheduled__2025-03-01T13:42:00+00:00, execution_date=20250301T134200, start_date=20250301T134412, end_date=20250301T134413
[2025-03-01T13:44:13.077+0000] {logging_mixin.py:190} INFO - Task instance in success state
[2025-03-01T13:44:13.079+0000] {logging_mixin.py:190} INFO -  Previous state of the Task instance: running
[2025-03-01T13:44:13.081+0000] {logging_mixin.py:190} INFO - Dag name:skripsi_2 queued_at:2025-03-01 13:44:00.460704+00:00
[2025-03-01T13:44:13.082+0000] {logging_mixin.py:190} INFO - Task hostname:ef7692401a0a operator:PythonOperator
[2025-03-01T13:44:13.122+0000] {local_task_job_runner.py:266} INFO - Task exited with return code 0
[2025-03-01T13:44:13.190+0000] {taskinstance.py:3895} INFO - 1 downstream tasks scheduled from follow-on schedule check
[2025-03-01T13:44:13.207+0000] {local_task_job_runner.py:245} INFO - ::endgroup::
