[2025-03-01T02:02:31.424+0000] {local_task_job_runner.py:123} INFO - ::group::Pre task execution logs
[2025-03-01T02:02:31.457+0000] {taskinstance.py:2613} INFO - Dependencies all met for dep_context=non-requeueable deps ti=<TaskInstance: skripsi_akhir_perbaikan.wait_for_new_data scheduled__2025-03-01T01:54:00+00:00 [queued]>
[2025-03-01T02:02:31.475+0000] {taskinstance.py:2613} INFO - Dependencies all met for dep_context=requeueable deps ti=<TaskInstance: skripsi_akhir_perbaikan.wait_for_new_data scheduled__2025-03-01T01:54:00+00:00 [queued]>
[2025-03-01T02:02:31.476+0000] {taskinstance.py:2866} INFO - Starting attempt 7 of 6
[2025-03-01T02:02:31.507+0000] {taskinstance.py:2889} INFO - Executing <Task(SqlSensor): wait_for_new_data> on 2025-03-01 01:54:00+00:00
[2025-03-01T02:02:31.524+0000] {logging_mixin.py:190} WARNING - /home/airflow/.local/lib/python3.12/site-packages/airflow/task/task_runner/standard_task_runner.py:70 DeprecationWarning: This process (pid=4374) is multi-threaded, use of fork() may lead to deadlocks in the child.
[2025-03-01T02:02:31.525+0000] {standard_task_runner.py:104} INFO - Running: ['airflow', 'tasks', 'run', 'skripsi_akhir_perbaikan', 'wait_for_new_data', 'scheduled__2025-03-01T01:54:00+00:00', '--job-id', '9272', '--raw', '--subdir', 'DAGS_FOLDER/tugas_akhir.py', '--cfg-path', '/tmp/tmprwltd4wb']
[2025-03-01T02:02:31.526+0000] {standard_task_runner.py:72} INFO - Started process 4385 to run task
[2025-03-01T02:02:31.527+0000] {standard_task_runner.py:105} INFO - Job 9272: Subtask wait_for_new_data
[2025-03-01T02:02:31.647+0000] {task_command.py:467} INFO - Running <TaskInstance: skripsi_akhir_perbaikan.wait_for_new_data scheduled__2025-03-01T01:54:00+00:00 [running]> on host 75f595111fc8
[2025-03-01T02:02:31.911+0000] {taskinstance.py:3132} INFO - Exporting env vars: AIRFLOW_CTX_DAG_OWNER='Dion Rikki' AIRFLOW_CTX_DAG_ID='skripsi_akhir_perbaikan' AIRFLOW_CTX_TASK_ID='wait_for_new_data' AIRFLOW_CTX_EXECUTION_DATE='2025-03-01T01:54:00+00:00' AIRFLOW_CTX_TRY_NUMBER='7' AIRFLOW_CTX_DAG_RUN_ID='scheduled__2025-03-01T01:54:00+00:00'
[2025-03-01T02:02:31.915+0000] {logging_mixin.py:190} INFO - Task instance is in running state
[2025-03-01T02:02:31.916+0000] {logging_mixin.py:190} INFO -  Previous state of the Task instance: queued
[2025-03-01T02:02:31.918+0000] {logging_mixin.py:190} INFO - Current task name:wait_for_new_data state:running start_date:2025-03-01 02:02:31.458041+00:00
[2025-03-01T02:02:31.922+0000] {logging_mixin.py:190} INFO - Dag name:skripsi_akhir_perbaikan and current dag run status:running
[2025-03-01T02:02:31.923+0000] {taskinstance.py:731} INFO - ::endgroup::
[2025-03-01T02:02:31.962+0000] {base.py:84} INFO - Retrieving connection 'mysql_default'
[2025-03-01T02:02:31.969+0000] {sql.py:101} INFO - Poking: 
        SELECT COUNT(*) 
        FROM tugas_akhir_sensordata s
        WHERE s.timestamp >= NOW() - INTERVAL 5 MINUTE
        AND NOT EXISTS (
            SELECT 1 
            FROM fertilizer_predictions f
            WHERE CAST(f.id AS SIGNED) = s.id  -- Menggunakan SIGNED di sini
        )
     (with parameters None)
[2025-03-01T02:02:31.987+0000] {base.py:84} INFO - Retrieving connection 'mysql_default'
[2025-03-01T02:02:32.001+0000] {sql.py:553} INFO - Running statement: 
        SELECT COUNT(*) 
        FROM tugas_akhir_sensordata s
        WHERE s.timestamp >= NOW() - INTERVAL 5 MINUTE
        AND NOT EXISTS (
            SELECT 1 
            FROM fertilizer_predictions f
            WHERE CAST(f.id AS SIGNED) = s.id  -- Menggunakan SIGNED di sini
        )
    , parameters: None
[2025-03-01T02:02:32.005+0000] {sql.py:562} INFO - Rows affected: 1
[2025-03-01T02:02:32.242+0000] {taskinstance.py:309} INFO - Rescheduling task, marking task as UP_FOR_RESCHEDULE
[2025-03-01T02:02:32.245+0000] {taskinstance.py:340} INFO - ::group::Post task execution logs
[2025-03-01T02:02:32.294+0000] {local_task_job_runner.py:266} INFO - Task exited with return code 0
[2025-03-01T02:02:32.344+0000] {taskinstance.py:3895} INFO - 0 downstream tasks scheduled from follow-on schedule check
[2025-03-01T02:02:32.347+0000] {local_task_job_runner.py:245} INFO - ::endgroup::
