[2025-04-21T10:57:51.316+0000] {local_task_job_runner.py:123} INFO - ::group::Pre task execution logs
[2025-04-21T10:57:51.892+0000] {taskinstance.py:2613} INFO - Dependencies all met for dep_context=non-requeueable deps ti=<TaskInstance: perbaikan_skripsi.wait_for_new_data scheduled__2025-04-21T05:54:00+00:00 [queued]>
[2025-04-21T10:57:52.310+0000] {taskinstance.py:2613} INFO - Dependencies all met for dep_context=requeueable deps ti=<TaskInstance: perbaikan_skripsi.wait_for_new_data scheduled__2025-04-21T05:54:00+00:00 [queued]>
[2025-04-21T10:57:52.363+0000] {taskinstance.py:2866} INFO - Starting attempt 2 of 4
[2025-04-21T10:57:52.867+0000] {taskinstance.py:2889} INFO - Executing <Task(SqlSensor): wait_for_new_data> on 2025-04-21 05:54:00+00:00
[2025-04-21T10:57:53.183+0000] {standard_task_runner.py:104} INFO - Running: ['airflow', 'tasks', 'run', 'perbaikan_skripsi', 'wait_for_new_data', 'scheduled__2025-04-21T05:54:00+00:00', '--job-id', '9243', '--raw', '--subdir', 'DAGS_FOLDER/tugas_akhir.py', '--cfg-path', '/tmp/tmphfajtgav']
[2025-04-21T10:57:53.191+0000] {standard_task_runner.py:105} INFO - Job 9243: Subtask wait_for_new_data
[2025-04-21T10:57:53.405+0000] {logging_mixin.py:190} WARNING - /home/airflow/.local/lib/python3.12/site-packages/airflow/task/task_runner/standard_task_runner.py:70 DeprecationWarning: This process (pid=699) is multi-threaded, use of fork() may lead to deadlocks in the child.
[2025-04-21T10:57:53.408+0000] {standard_task_runner.py:72} INFO - Started process 765 to run task
[2025-04-21T10:58:03.451+0000] {task_command.py:467} INFO - Running <TaskInstance: perbaikan_skripsi.wait_for_new_data scheduled__2025-04-21T05:54:00+00:00 [running]> on host a9576c91091e
[2025-04-21T10:58:10.262+0000] {job.py:229} INFO - Heartbeat recovered after 20.96 seconds
[2025-04-21T10:58:13.975+0000] {taskinstance.py:3132} INFO - Exporting env vars: AIRFLOW_CTX_DAG_OWNER='Dion Rikki' AIRFLOW_CTX_DAG_ID='perbaikan_skripsi' AIRFLOW_CTX_TASK_ID='wait_for_new_data' AIRFLOW_CTX_EXECUTION_DATE='2025-04-21T05:54:00+00:00' AIRFLOW_CTX_TRY_NUMBER='2' AIRFLOW_CTX_DAG_RUN_ID='scheduled__2025-04-21T05:54:00+00:00'
[2025-04-21T10:58:13.991+0000] {logging_mixin.py:190} INFO - Task instance is in running state
[2025-04-21T10:58:14.016+0000] {logging_mixin.py:190} INFO -  Previous state of the Task instance: queued
[2025-04-21T10:58:14.040+0000] {logging_mixin.py:190} INFO - Current task name:wait_for_new_data state:running start_date:2025-04-21 10:57:51.926945+00:00
[2025-04-21T10:58:14.062+0000] {logging_mixin.py:190} INFO - Dag name:perbaikan_skripsi and current dag run status:running
[2025-04-21T10:58:14.074+0000] {taskinstance.py:731} INFO - ::endgroup::
[2025-04-21T10:58:14.638+0000] {base.py:84} INFO - Retrieving connection 'mysql_default'
[2025-04-21T10:58:14.695+0000] {sql.py:101} INFO - Poking: 
            SELECT COUNT(*) 
            FROM tugas_akhir_sensordata s
            WHERE s.timestamp >= NOW() - INTERVAL 3 MINUTE
            AND s.soil_type IS NOT NULL
            AND s.crop_type IS NOT NULL
            AND NOT EXISTS (
                SELECT 1 
                FROM fertilizer_predictions f
                WHERE f.sensor_data_id = s.id
            )
         (with parameters None)
[2025-04-21T10:58:14.848+0000] {base.py:84} INFO - Retrieving connection 'mysql_default'
[2025-04-21T10:58:14.890+0000] {sql.py:553} INFO - Running statement: 
            SELECT COUNT(*) 
            FROM tugas_akhir_sensordata s
            WHERE s.timestamp >= NOW() - INTERVAL 3 MINUTE
            AND s.soil_type IS NOT NULL
            AND s.crop_type IS NOT NULL
            AND NOT EXISTS (
                SELECT 1 
                FROM fertilizer_predictions f
                WHERE f.sensor_data_id = s.id
            )
        , parameters: None
[2025-04-21T10:58:14.903+0000] {sql.py:562} INFO - Rows affected: 1
[2025-04-21T10:58:15.097+0000] {taskinstance.py:309} INFO - Rescheduling task, marking task as UP_FOR_RESCHEDULE
[2025-04-21T10:58:15.114+0000] {taskinstance.py:340} INFO - ::group::Post task execution logs
[2025-04-21T10:58:15.333+0000] {local_task_job_runner.py:266} INFO - Task exited with return code 0
[2025-04-21T10:58:15.618+0000] {local_task_job_runner.py:245} INFO - ::endgroup::
