[2025-04-07T15:13:49.654+0000] {local_task_job_runner.py:123} INFO - ::group::Pre task execution logs
[2025-04-07T15:13:49.901+0000] {taskinstance.py:2613} INFO - Dependencies all met for dep_context=non-requeueable deps ti=<TaskInstance: skripsi_perbaikan.wait_for_new_data scheduled__2025-03-16T15:08:00+00:00 [queued]>
[2025-04-07T15:13:50.090+0000] {taskinstance.py:2613} INFO - Dependencies all met for dep_context=requeueable deps ti=<TaskInstance: skripsi_perbaikan.wait_for_new_data scheduled__2025-03-16T15:08:00+00:00 [queued]>
[2025-04-07T15:13:50.112+0000] {taskinstance.py:2866} INFO - Starting attempt 5 of 8
[2025-04-07T15:13:52.420+0000] {taskinstance.py:2889} INFO - Executing <Task(SqlSensor): wait_for_new_data> on 2025-03-16 15:08:00+00:00
[2025-04-07T15:13:52.589+0000] {standard_task_runner.py:104} INFO - Running: ['airflow', 'tasks', 'run', 'skripsi_perbaikan', 'wait_for_new_data', 'scheduled__2025-03-16T15:08:00+00:00', '--job-id', '2605', '--raw', '--subdir', 'DAGS_FOLDER/tugas_akhir.py', '--cfg-path', '/tmp/tmp_y3sy3d8']
[2025-04-07T15:13:52.598+0000] {standard_task_runner.py:105} INFO - Job 2605: Subtask wait_for_new_data
[2025-04-07T15:13:52.685+0000] {logging_mixin.py:190} WARNING - /home/airflow/.local/lib/python3.12/site-packages/airflow/task/task_runner/standard_task_runner.py:70 DeprecationWarning: This process (pid=5960) is multi-threaded, use of fork() may lead to deadlocks in the child.
[2025-04-07T15:13:52.705+0000] {standard_task_runner.py:72} INFO - Started process 6131 to run task
[2025-04-07T15:13:53.472+0000] {task_command.py:467} INFO - Running <TaskInstance: skripsi_perbaikan.wait_for_new_data scheduled__2025-03-16T15:08:00+00:00 [running]> on host a9576c91091e
[2025-04-07T15:13:57.166+0000] {taskinstance.py:3132} INFO - Exporting env vars: AIRFLOW_CTX_DAG_OWNER='Dion Rikki' AIRFLOW_CTX_DAG_ID='skripsi_perbaikan' AIRFLOW_CTX_TASK_ID='wait_for_new_data' AIRFLOW_CTX_EXECUTION_DATE='2025-03-16T15:08:00+00:00' AIRFLOW_CTX_TRY_NUMBER='5' AIRFLOW_CTX_DAG_RUN_ID='scheduled__2025-03-16T15:08:00+00:00'
[2025-04-07T15:13:57.220+0000] {logging_mixin.py:190} INFO - Task instance is in running state
[2025-04-07T15:13:57.348+0000] {logging_mixin.py:190} INFO -  Previous state of the Task instance: queued
[2025-04-07T15:13:57.364+0000] {logging_mixin.py:190} INFO - Current task name:wait_for_new_data state:running start_date:2025-04-07 15:13:49.922450+00:00
[2025-04-07T15:13:57.392+0000] {logging_mixin.py:190} INFO - Dag name:skripsi_perbaikan and current dag run status:running
[2025-04-07T15:13:57.393+0000] {taskinstance.py:731} INFO - ::endgroup::
[2025-04-07T15:13:58.035+0000] {base.py:84} INFO - Retrieving connection 'mysql_default'
[2025-04-07T15:13:58.082+0000] {sql.py:101} INFO - Poking: 
            SELECT COUNT(*) 
            FROM tugas_akhir_sensordata s
            WHERE s.timestamp >= NOW() - INTERVAL 3 MINUTE
            AND s.soil_type IS NOT NULL
            AND s.crop_type IS NOT NULL
            AND NOT EXISTS (
                SELECT 1 
                FROM fertilizer_predictions f
                WHERE f.sensor_data_id = s.id
            )
         (with parameters None)
[2025-04-07T15:13:58.150+0000] {base.py:84} INFO - Retrieving connection 'mysql_default'
[2025-04-07T15:13:58.208+0000] {sql.py:553} INFO - Running statement: 
            SELECT COUNT(*) 
            FROM tugas_akhir_sensordata s
            WHERE s.timestamp >= NOW() - INTERVAL 3 MINUTE
            AND s.soil_type IS NOT NULL
            AND s.crop_type IS NOT NULL
            AND NOT EXISTS (
                SELECT 1 
                FROM fertilizer_predictions f
                WHERE f.sensor_data_id = s.id
            )
        , parameters: None
[2025-04-07T15:13:58.221+0000] {sql.py:562} INFO - Rows affected: 1
[2025-04-07T15:13:58.234+0000] {base.py:336} INFO - Success criteria met. Exiting.
[2025-04-07T15:13:58.332+0000] {taskinstance.py:340} INFO - ::group::Post task execution logs
[2025-04-07T15:13:58.359+0000] {taskinstance.py:352} INFO - Marking task as SUCCESS. dag_id=skripsi_perbaikan, task_id=wait_for_new_data, run_id=scheduled__2025-03-16T15:08:00+00:00, execution_date=20250316T150800, start_date=20250407T151349, end_date=20250407T151358
[2025-04-07T15:13:58.634+0000] {job.py:229} INFO - Heartbeat recovered after 11.04 seconds
[2025-04-07T15:14:01.360+0000] {logging_mixin.py:190} INFO - Task instance in success state
[2025-04-07T15:14:01.364+0000] {logging_mixin.py:190} INFO -  Previous state of the Task instance: running
[2025-04-07T15:14:01.373+0000] {logging_mixin.py:190} INFO - Dag name:skripsi_perbaikan queued_at:2025-04-07 14:47:44.291435+00:00
[2025-04-07T15:14:01.379+0000] {logging_mixin.py:190} INFO - Task hostname:a9576c91091e operator:SqlSensor
[2025-04-07T15:14:01.469+0000] {local_task_job_runner.py:266} INFO - Task exited with return code 0
[2025-04-07T15:14:02.662+0000] {taskinstance.py:3895} INFO - 1 downstream tasks scheduled from follow-on schedule check
[2025-04-07T15:14:02.709+0000] {local_task_job_runner.py:245} INFO - ::endgroup::
[2025-04-07T15:14:02.776+0000] {standard_task_runner.py:217} INFO - Process not found (most likely exited), stop collecting metrics
