[2025-04-07T12:23:16.700+0000] {local_task_job_runner.py:123} INFO - ::group::Pre task execution logs
[2025-04-07T12:23:16.825+0000] {taskinstance.py:2613} INFO - Dependencies all met for dep_context=non-requeueable deps ti=<TaskInstance: skripsi_perbaikan.wait_for_new_data scheduled__2025-04-07T12:12:00+00:00 [queued]>
[2025-04-07T12:23:16.907+0000] {taskinstance.py:2613} INFO - Dependencies all met for dep_context=requeueable deps ti=<TaskInstance: skripsi_perbaikan.wait_for_new_data scheduled__2025-04-07T12:12:00+00:00 [queued]>
[2025-04-07T12:23:16.911+0000] {taskinstance.py:2866} INFO - Starting attempt 9 of 4
[2025-04-07T12:23:16.989+0000] {taskinstance.py:2889} INFO - Executing <Task(SqlSensor): wait_for_new_data> on 2025-04-07 12:12:00+00:00
[2025-04-07T12:23:17.038+0000] {logging_mixin.py:190} WARNING - /home/airflow/.local/lib/python3.12/site-packages/airflow/task/task_runner/standard_task_runner.py:70 DeprecationWarning: This process (pid=65821) is multi-threaded, use of fork() may lead to deadlocks in the child.
[2025-04-07T12:23:17.042+0000] {standard_task_runner.py:104} INFO - Running: ['airflow', 'tasks', 'run', 'skripsi_perbaikan', 'wait_for_new_data', 'scheduled__2025-04-07T12:12:00+00:00', '--job-id', '1548', '--raw', '--subdir', 'DAGS_FOLDER/tugas_akhir.py', '--cfg-path', '/tmp/tmpay_0juvn']
[2025-04-07T12:23:17.043+0000] {standard_task_runner.py:72} INFO - Started process 65931 to run task
[2025-04-07T12:23:17.050+0000] {standard_task_runner.py:105} INFO - Job 1548: Subtask wait_for_new_data
[2025-04-07T12:23:17.361+0000] {task_command.py:467} INFO - Running <TaskInstance: skripsi_perbaikan.wait_for_new_data scheduled__2025-04-07T12:12:00+00:00 [running]> on host a9576c91091e
[2025-04-07T12:23:17.852+0000] {taskinstance.py:3132} INFO - Exporting env vars: AIRFLOW_CTX_DAG_OWNER='Dion Rikki' AIRFLOW_CTX_DAG_ID='skripsi_perbaikan' AIRFLOW_CTX_TASK_ID='wait_for_new_data' AIRFLOW_CTX_EXECUTION_DATE='2025-04-07T12:12:00+00:00' AIRFLOW_CTX_TRY_NUMBER='9' AIRFLOW_CTX_DAG_RUN_ID='scheduled__2025-04-07T12:12:00+00:00'
[2025-04-07T12:23:17.859+0000] {logging_mixin.py:190} INFO - Task instance is in running state
[2025-04-07T12:23:17.862+0000] {logging_mixin.py:190} INFO -  Previous state of the Task instance: queued
[2025-04-07T12:23:17.873+0000] {logging_mixin.py:190} INFO - Current task name:wait_for_new_data state:running start_date:2025-04-07 12:23:16.851436+00:00
[2025-04-07T12:23:17.881+0000] {logging_mixin.py:190} INFO - Dag name:skripsi_perbaikan and current dag run status:running
[2025-04-07T12:23:17.887+0000] {taskinstance.py:731} INFO - ::endgroup::
[2025-04-07T12:23:18.003+0000] {base.py:84} INFO - Retrieving connection 'mysql_default'
[2025-04-07T12:23:18.024+0000] {sql.py:101} INFO - Poking: 
            SELECT COUNT(*) 
            FROM tugas_akhir_sensordata s
            WHERE s.timestamp >= NOW() - INTERVAL 5 MINUTE
            AND s.soil_type IS NOT NULL
            AND s.crop_type IS NOT NULL
            AND NOT EXISTS (
                SELECT 1 
                FROM fertilizer_predictions f
                WHERE f.sensor_data_id = s.id
            )
         (with parameters None)
[2025-04-07T12:23:18.093+0000] {base.py:84} INFO - Retrieving connection 'mysql_default'
[2025-04-07T12:23:18.147+0000] {sql.py:553} INFO - Running statement: 
            SELECT COUNT(*) 
            FROM tugas_akhir_sensordata s
            WHERE s.timestamp >= NOW() - INTERVAL 5 MINUTE
            AND s.soil_type IS NOT NULL
            AND s.crop_type IS NOT NULL
            AND NOT EXISTS (
                SELECT 1 
                FROM fertilizer_predictions f
                WHERE f.sensor_data_id = s.id
            )
        , parameters: None
[2025-04-07T12:23:18.158+0000] {sql.py:562} INFO - Rows affected: 1
[2025-04-07T12:23:18.417+0000] {taskinstance.py:309} INFO - Rescheduling task, marking task as UP_FOR_RESCHEDULE
[2025-04-07T12:23:18.421+0000] {taskinstance.py:340} INFO - ::group::Post task execution logs
[2025-04-07T12:23:18.500+0000] {local_task_job_runner.py:266} INFO - Task exited with return code 0
[2025-04-07T12:23:18.719+0000] {taskinstance.py:3895} INFO - 0 downstream tasks scheduled from follow-on schedule check
[2025-04-07T12:23:18.727+0000] {local_task_job_runner.py:245} INFO - ::endgroup::
