[2025-02-25T21:06:14.741+0000] {local_task_job_runner.py:123} INFO - ::group::Pre task execution logs
[2025-02-25T21:06:14.778+0000] {taskinstance.py:2613} INFO - Dependencies all met for dep_context=non-requeueable deps ti=<TaskInstance: skripsi_akhir_perbaikan.predict_and_store_result scheduled__2025-02-25T21:04:00+00:00 [queued]>
[2025-02-25T21:06:14.802+0000] {taskinstance.py:2613} INFO - Dependencies all met for dep_context=requeueable deps ti=<TaskInstance: skripsi_akhir_perbaikan.predict_and_store_result scheduled__2025-02-25T21:04:00+00:00 [queued]>
[2025-02-25T21:06:14.803+0000] {taskinstance.py:2866} INFO - Starting attempt 1 of 6
[2025-02-25T21:06:14.845+0000] {taskinstance.py:2889} INFO - Executing <Task(PythonOperator): predict_and_store_result> on 2025-02-25 21:04:00+00:00
[2025-02-25T21:06:14.868+0000] {logging_mixin.py:190} WARNING - /home/airflow/.local/lib/python3.12/site-packages/airflow/task/task_runner/standard_task_runner.py:70 DeprecationWarning: This process (pid=38157) is multi-threaded, use of fork() may lead to deadlocks in the child.
[2025-02-25T21:06:14.868+0000] {standard_task_runner.py:104} INFO - Running: ['airflow', 'tasks', 'run', 'skripsi_akhir_perbaikan', 'predict_and_store_result', 'scheduled__2025-02-25T21:04:00+00:00', '--job-id', '603', '--raw', '--subdir', 'DAGS_FOLDER/tugas_akhir.py', '--cfg-path', '/tmp/tmpldyhdmp5']
[2025-02-25T21:06:14.871+0000] {standard_task_runner.py:72} INFO - Started process 38176 to run task
[2025-02-25T21:06:14.871+0000] {standard_task_runner.py:105} INFO - Job 603: Subtask predict_and_store_result
[2025-02-25T21:06:14.979+0000] {task_command.py:467} INFO - Running <TaskInstance: skripsi_akhir_perbaikan.predict_and_store_result scheduled__2025-02-25T21:04:00+00:00 [running]> on host d22a487e6b55
[2025-02-25T21:06:15.140+0000] {taskinstance.py:3132} INFO - Exporting env vars: AIRFLOW_CTX_DAG_OWNER='Dion Rikki' AIRFLOW_CTX_DAG_ID='skripsi_akhir_perbaikan' AIRFLOW_CTX_TASK_ID='predict_and_store_result' AIRFLOW_CTX_EXECUTION_DATE='2025-02-25T21:04:00+00:00' AIRFLOW_CTX_TRY_NUMBER='1' AIRFLOW_CTX_DAG_RUN_ID='scheduled__2025-02-25T21:04:00+00:00'
[2025-02-25T21:06:15.144+0000] {logging_mixin.py:190} INFO - Task instance is in running state
[2025-02-25T21:06:15.146+0000] {logging_mixin.py:190} INFO -  Previous state of the Task instance: queued
[2025-02-25T21:06:15.147+0000] {logging_mixin.py:190} INFO - Current task name:predict_and_store_result state:running start_date:2025-02-25 21:06:14.779875+00:00
[2025-02-25T21:06:15.149+0000] {logging_mixin.py:190} INFO - Dag name:skripsi_akhir_perbaikan and current dag run status:running
[2025-02-25T21:06:15.152+0000] {taskinstance.py:731} INFO - ::endgroup::
[2025-02-25T21:06:15.155+0000] {logging_mixin.py:190} INFO - 🔍 [1] Mengambil data dari XCom...
[2025-02-25T21:06:15.175+0000] {logging_mixin.py:190} INFO - ✅ [2] Data diterima dari XCom. Jumlah baris: 2
[2025-02-25T21:06:15.181+0000] {logging_mixin.py:190} INFO - 📊 Data contoh:
[{'Humidity': 89.0, 'Moisture': 26.2}, {'Humidity': 90.0, 'Moisture': 26.2}]
[2025-02-25T21:06:15.196+0000] {logging_mixin.py:190} INFO - 🤖 [3] Melakukan prediksi dengan model RandomForest...
[2025-02-25T21:06:15.246+0000] {logging_mixin.py:190} INFO - 📌 [4] Hasil prediksi:
   Humidity  Moisture  Predicted_Fertilizer
0      89.0      26.2                     5
1      90.0      26.2                     5
[2025-02-25T21:06:15.248+0000] {logging_mixin.py:190} INFO - 💾 [5] Menyimpan hasil prediksi ke database...
[2025-02-25T21:06:15.357+0000] {logging_mixin.py:190} INFO - ✅ Hasil prediksi berhasil disimpan ke database!
[2025-02-25T21:06:15.361+0000] {python.py:240} INFO - Done. Returned value was: None
[2025-02-25T21:06:15.405+0000] {taskinstance.py:340} INFO - ::group::Post task execution logs
[2025-02-25T21:06:15.407+0000] {taskinstance.py:352} INFO - Marking task as SUCCESS. dag_id=skripsi_akhir_perbaikan, task_id=predict_and_store_result, run_id=scheduled__2025-02-25T21:04:00+00:00, execution_date=20250225T210400, start_date=20250225T210614, end_date=20250225T210615
[2025-02-25T21:06:15.450+0000] {logging_mixin.py:190} INFO - Task instance in success state
[2025-02-25T21:06:15.452+0000] {logging_mixin.py:190} INFO -  Previous state of the Task instance: running
[2025-02-25T21:06:15.456+0000] {logging_mixin.py:190} INFO - Dag name:skripsi_akhir_perbaikan queued_at:2025-02-25 21:06:00.686491+00:00
[2025-02-25T21:06:15.458+0000] {logging_mixin.py:190} INFO - Task hostname:d22a487e6b55 operator:PythonOperator
[2025-02-25T21:06:15.517+0000] {local_task_job_runner.py:266} INFO - Task exited with return code 0
[2025-02-25T21:06:15.558+0000] {taskinstance.py:3895} INFO - 0 downstream tasks scheduled from follow-on schedule check
[2025-02-25T21:06:15.563+0000] {local_task_job_runner.py:245} INFO - ::endgroup::
