[2025-02-25T19:54:15.208+0000] {local_task_job_runner.py:123} INFO - ::group::Pre task execution logs
[2025-02-25T19:54:15.288+0000] {taskinstance.py:2613} INFO - Dependencies all met for dep_context=non-requeueable deps ti=<TaskInstance: skripsi_akhir.predict_and_store_result scheduled__2025-02-25T19:52:00+00:00 [queued]>
[2025-02-25T19:54:15.324+0000] {taskinstance.py:2613} INFO - Dependencies all met for dep_context=requeueable deps ti=<TaskInstance: skripsi_akhir.predict_and_store_result scheduled__2025-02-25T19:52:00+00:00 [queued]>
[2025-02-25T19:54:15.329+0000] {taskinstance.py:2866} INFO - Starting attempt 1 of 6
[2025-02-25T19:54:15.391+0000] {taskinstance.py:2889} INFO - Executing <Task(PythonOperator): predict_and_store_result> on 2025-02-25 19:52:00+00:00
[2025-02-25T19:54:15.422+0000] {logging_mixin.py:190} WARNING - /home/airflow/.local/lib/python3.12/site-packages/airflow/task/task_runner/standard_task_runner.py:70 DeprecationWarning: This process (pid=96220) is multi-threaded, use of fork() may lead to deadlocks in the child.
[2025-02-25T19:54:15.427+0000] {standard_task_runner.py:72} INFO - Started process 96297 to run task
[2025-02-25T19:54:15.427+0000] {standard_task_runner.py:104} INFO - Running: ['airflow', 'tasks', 'run', 'skripsi_akhir', 'predict_and_store_result', 'scheduled__2025-02-25T19:52:00+00:00', '--job-id', '457', '--raw', '--subdir', 'DAGS_FOLDER/tugas_akhir.py', '--cfg-path', '/tmp/tmpslz9udms']
[2025-02-25T19:54:15.436+0000] {standard_task_runner.py:105} INFO - Job 457: Subtask predict_and_store_result
[2025-02-25T19:54:15.621+0000] {task_command.py:467} INFO - Running <TaskInstance: skripsi_akhir.predict_and_store_result scheduled__2025-02-25T19:52:00+00:00 [running]> on host d22a487e6b55
[2025-02-25T19:54:15.945+0000] {taskinstance.py:3132} INFO - Exporting env vars: AIRFLOW_CTX_DAG_OWNER='Dion Rikki' AIRFLOW_CTX_DAG_ID='skripsi_akhir' AIRFLOW_CTX_TASK_ID='predict_and_store_result' AIRFLOW_CTX_EXECUTION_DATE='2025-02-25T19:52:00+00:00' AIRFLOW_CTX_TRY_NUMBER='1' AIRFLOW_CTX_DAG_RUN_ID='scheduled__2025-02-25T19:52:00+00:00'
[2025-02-25T19:54:15.952+0000] {logging_mixin.py:190} INFO - Task instance is in running state
[2025-02-25T19:54:15.958+0000] {logging_mixin.py:190} INFO -  Previous state of the Task instance: queued
[2025-02-25T19:54:15.961+0000] {logging_mixin.py:190} INFO - Current task name:predict_and_store_result state:running start_date:2025-02-25 19:54:15.290943+00:00
[2025-02-25T19:54:15.963+0000] {logging_mixin.py:190} INFO - Dag name:skripsi_akhir and current dag run status:running
[2025-02-25T19:54:15.967+0000] {taskinstance.py:731} INFO - ::endgroup::
[2025-02-25T19:54:15.971+0000] {logging_mixin.py:190} INFO - 🔍 [1] Mengambil data dari XCom...
[2025-02-25T19:54:16.008+0000] {logging_mixin.py:190} INFO - ✅ [2] Data diterima dari XCom. Jumlah baris: 2
[2025-02-25T19:54:16.009+0000] {logging_mixin.py:190} INFO - 📊 Data contoh:
[{'Humidity': 86.0, 'Moisture': 25.8}, {'Humidity': 85.0, 'Moisture': 25.8}]
[2025-02-25T19:54:16.027+0000] {logging_mixin.py:190} INFO - 🤖 [3] Melakukan prediksi dengan model RandomForest...
[2025-02-25T19:54:16.089+0000] {logging_mixin.py:190} INFO - 📌 [4] Hasil prediksi:
   Humidity  Moisture  Predicted_Fertilizer
0      86.0      25.8                     5
1      85.0      25.8                     5
[2025-02-25T19:54:16.090+0000] {logging_mixin.py:190} INFO - 💾 [5] Menyimpan hasil prediksi ke database...
[2025-02-25T19:54:16.137+0000] {logging_mixin.py:190} INFO - ✅ Hasil prediksi berhasil disimpan ke database!
[2025-02-25T19:54:16.139+0000] {python.py:240} INFO - Done. Returned value was: None
[2025-02-25T19:54:16.164+0000] {taskinstance.py:340} INFO - ::group::Post task execution logs
[2025-02-25T19:54:16.167+0000] {taskinstance.py:352} INFO - Marking task as SUCCESS. dag_id=skripsi_akhir, task_id=predict_and_store_result, run_id=scheduled__2025-02-25T19:52:00+00:00, execution_date=20250225T195200, start_date=20250225T195415, end_date=20250225T195416
[2025-02-25T19:54:16.732+0000] {logging_mixin.py:190} INFO - Task instance in success state
[2025-02-25T19:54:16.734+0000] {logging_mixin.py:190} INFO -  Previous state of the Task instance: running
[2025-02-25T19:54:16.736+0000] {logging_mixin.py:190} INFO - Dag name:skripsi_akhir queued_at:2025-02-25 19:54:00.144110+00:00
[2025-02-25T19:54:16.740+0000] {logging_mixin.py:190} INFO - Task hostname:d22a487e6b55 operator:PythonOperator
[2025-02-25T19:54:16.819+0000] {local_task_job_runner.py:266} INFO - Task exited with return code 0
[2025-02-25T19:54:16.878+0000] {taskinstance.py:3895} INFO - 0 downstream tasks scheduled from follow-on schedule check
[2025-02-25T19:54:16.882+0000] {local_task_job_runner.py:245} INFO - ::endgroup::
