[2025-03-11T18:37:33.611+0000] {local_task_job_runner.py:123} INFO - ::group::Pre task execution logs
[2025-03-11T18:37:33.648+0000] {taskinstance.py:2613} INFO - Dependencies all met for dep_context=non-requeueable deps ti=<TaskInstance: skripsi_perbaikan.wait_for_new_data scheduled__2025-03-11T18:28:00+00:00 [queued]>
[2025-03-11T18:37:33.669+0000] {taskinstance.py:2613} INFO - Dependencies all met for dep_context=requeueable deps ti=<TaskInstance: skripsi_perbaikan.wait_for_new_data scheduled__2025-03-11T18:28:00+00:00 [queued]>
[2025-03-11T18:37:33.670+0000] {taskinstance.py:2866} INFO - Starting attempt 8 of 4
[2025-03-11T18:37:33.701+0000] {taskinstance.py:2889} INFO - Executing <Task(SqlSensor): wait_for_new_data> on 2025-03-11 18:28:00+00:00
[2025-03-11T18:37:33.718+0000] {logging_mixin.py:190} WARNING - /home/airflow/.local/lib/python3.12/site-packages/airflow/task/task_runner/standard_task_runner.py:70 DeprecationWarning: This process (pid=35160) is multi-threaded, use of fork() may lead to deadlocks in the child.
[2025-03-11T18:37:33.718+0000] {standard_task_runner.py:104} INFO - Running: ['airflow', 'tasks', 'run', 'skripsi_perbaikan', 'wait_for_new_data', 'scheduled__2025-03-11T18:28:00+00:00', '--job-id', '8215', '--raw', '--subdir', 'DAGS_FOLDER/tugas_akhir.py', '--cfg-path', '/tmp/tmpic7yvg5z']
[2025-03-11T18:37:33.720+0000] {standard_task_runner.py:72} INFO - Started process 35181 to run task
[2025-03-11T18:37:33.720+0000] {standard_task_runner.py:105} INFO - Job 8215: Subtask wait_for_new_data
[2025-03-11T18:37:33.800+0000] {task_command.py:467} INFO - Running <TaskInstance: skripsi_perbaikan.wait_for_new_data scheduled__2025-03-11T18:28:00+00:00 [running]> on host b493651eb2c9
[2025-03-11T18:37:33.977+0000] {taskinstance.py:3132} INFO - Exporting env vars: AIRFLOW_CTX_DAG_OWNER='Dion Rikki' AIRFLOW_CTX_DAG_ID='skripsi_perbaikan' AIRFLOW_CTX_TASK_ID='wait_for_new_data' AIRFLOW_CTX_EXECUTION_DATE='2025-03-11T18:28:00+00:00' AIRFLOW_CTX_TRY_NUMBER='8' AIRFLOW_CTX_DAG_RUN_ID='scheduled__2025-03-11T18:28:00+00:00'
[2025-03-11T18:37:33.981+0000] {logging_mixin.py:190} INFO - Task instance is in running state
[2025-03-11T18:37:33.982+0000] {logging_mixin.py:190} INFO -  Previous state of the Task instance: queued
[2025-03-11T18:37:33.984+0000] {logging_mixin.py:190} INFO - Current task name:wait_for_new_data state:running start_date:2025-03-11 18:37:33.649269+00:00
[2025-03-11T18:37:33.986+0000] {logging_mixin.py:190} INFO - Dag name:skripsi_perbaikan and current dag run status:running
[2025-03-11T18:37:33.987+0000] {taskinstance.py:731} INFO - ::endgroup::
[2025-03-11T18:37:34.017+0000] {base.py:84} INFO - Retrieving connection 'mysql_default'
[2025-03-11T18:37:34.025+0000] {sql.py:101} INFO - Poking: 
            SELECT COUNT(*) 
            FROM tugas_akhir_sensordata s
            WHERE s.timestamp >= NOW() - INTERVAL 5 MINUTE
            AND s.soil_type IS NOT NULL
            AND s.crop_type IS NOT NULL
            AND NOT EXISTS (
                SELECT 1 
                FROM fertilizer_predictions f
                WHERE f.sensor_data_id = s.id
            )
         (with parameters None)
[2025-03-11T18:37:34.034+0000] {base.py:84} INFO - Retrieving connection 'mysql_default'
[2025-03-11T18:37:34.043+0000] {sql.py:553} INFO - Running statement: 
            SELECT COUNT(*) 
            FROM tugas_akhir_sensordata s
            WHERE s.timestamp >= NOW() - INTERVAL 5 MINUTE
            AND s.soil_type IS NOT NULL
            AND s.crop_type IS NOT NULL
            AND NOT EXISTS (
                SELECT 1 
                FROM fertilizer_predictions f
                WHERE f.sensor_data_id = s.id
            )
        , parameters: None
[2025-03-11T18:37:34.044+0000] {sql.py:562} INFO - Rows affected: 1
[2025-03-11T18:37:34.081+0000] {taskinstance.py:309} INFO - Rescheduling task, marking task as UP_FOR_RESCHEDULE
[2025-03-11T18:37:34.082+0000] {taskinstance.py:340} INFO - ::group::Post task execution logs
[2025-03-11T18:37:34.154+0000] {local_task_job_runner.py:266} INFO - Task exited with return code 0
[2025-03-11T18:37:34.253+0000] {taskinstance.py:3895} INFO - 0 downstream tasks scheduled from follow-on schedule check
[2025-03-11T18:37:34.255+0000] {local_task_job_runner.py:245} INFO - ::endgroup::
