[2025-04-23T08:48:36.270+0000] {local_task_job_runner.py:123} INFO - ::group::Pre task execution logs
[2025-04-23T08:48:36.305+0000] {taskinstance.py:2613} INFO - Dependencies all met for dep_context=non-requeueable deps ti=<TaskInstance: perbaikan_skripsi.wait_for_new_data scheduled__2025-04-23T08:41:00+00:00 [queued]>
[2025-04-23T08:48:36.327+0000] {taskinstance.py:2613} INFO - Dependencies all met for dep_context=requeueable deps ti=<TaskInstance: perbaikan_skripsi.wait_for_new_data scheduled__2025-04-23T08:41:00+00:00 [queued]>
[2025-04-23T08:48:36.328+0000] {taskinstance.py:2866} INFO - Starting attempt 7 of 4
[2025-04-23T08:48:36.616+0000] {taskinstance.py:2889} INFO - Executing <Task(SqlSensor): wait_for_new_data> on 2025-04-23 08:41:00+00:00
[2025-04-23T08:48:36.646+0000] {logging_mixin.py:190} WARNING - /home/airflow/.local/lib/python3.12/site-packages/airflow/task/task_runner/standard_task_runner.py:70 DeprecationWarning: This process (pid=18621) is multi-threaded, use of fork() may lead to deadlocks in the child.
[2025-04-23T08:48:36.652+0000] {standard_task_runner.py:72} INFO - Started process 18718 to run task
[2025-04-23T08:48:36.650+0000] {standard_task_runner.py:104} INFO - Running: ['airflow', 'tasks', 'run', 'perbaikan_skripsi', 'wait_for_new_data', 'scheduled__2025-04-23T08:41:00+00:00', '--job-id', '9144', '--raw', '--subdir', 'DAGS_FOLDER/tugas_akhir.py', '--cfg-path', '/tmp/tmpk4i5pm5a']
[2025-04-23T08:48:36.658+0000] {standard_task_runner.py:105} INFO - Job 9144: Subtask wait_for_new_data
[2025-04-23T08:48:37.238+0000] {task_command.py:467} INFO - Running <TaskInstance: perbaikan_skripsi.wait_for_new_data scheduled__2025-04-23T08:41:00+00:00 [running]> on host a38b69ba8f8a
[2025-04-23T08:48:37.664+0000] {taskinstance.py:3132} INFO - Exporting env vars: AIRFLOW_CTX_DAG_OWNER='Dion Rikki' AIRFLOW_CTX_DAG_ID='perbaikan_skripsi' AIRFLOW_CTX_TASK_ID='wait_for_new_data' AIRFLOW_CTX_EXECUTION_DATE='2025-04-23T08:41:00+00:00' AIRFLOW_CTX_TRY_NUMBER='7' AIRFLOW_CTX_DAG_RUN_ID='scheduled__2025-04-23T08:41:00+00:00'
[2025-04-23T08:48:37.675+0000] {logging_mixin.py:190} INFO - Task instance is in running state
[2025-04-23T08:48:37.679+0000] {logging_mixin.py:190} INFO -  Previous state of the Task instance: queued
[2025-04-23T08:48:37.680+0000] {logging_mixin.py:190} INFO - Current task name:wait_for_new_data state:running start_date:2025-04-23 08:48:36.306344+00:00
[2025-04-23T08:48:37.681+0000] {logging_mixin.py:190} INFO - Dag name:perbaikan_skripsi and current dag run status:running
[2025-04-23T08:48:37.685+0000] {taskinstance.py:731} INFO - ::endgroup::
[2025-04-23T08:48:37.756+0000] {base.py:84} INFO - Retrieving connection 'mysql_default'
[2025-04-23T08:48:37.763+0000] {sql.py:101} INFO - Poking: 
            SELECT COUNT(*) 
            FROM tugas_akhir_sensordata s
            WHERE s.timestamp >= NOW() - INTERVAL 3 MINUTE
            AND s.soil_type IS NOT NULL
            AND s.crop_type IS NOT NULL
            AND NOT EXISTS (
                SELECT 1 
                FROM fertilizer_predictions f
                WHERE f.sensor_data_id = s.id
            )
         (with parameters None)
[2025-04-23T08:48:37.778+0000] {base.py:84} INFO - Retrieving connection 'mysql_default'
[2025-04-23T08:48:37.789+0000] {sql.py:553} INFO - Running statement: 
            SELECT COUNT(*) 
            FROM tugas_akhir_sensordata s
            WHERE s.timestamp >= NOW() - INTERVAL 3 MINUTE
            AND s.soil_type IS NOT NULL
            AND s.crop_type IS NOT NULL
            AND NOT EXISTS (
                SELECT 1 
                FROM fertilizer_predictions f
                WHERE f.sensor_data_id = s.id
            )
        , parameters: None
[2025-04-23T08:48:37.791+0000] {sql.py:562} INFO - Rows affected: 1
[2025-04-23T08:48:38.019+0000] {taskinstance.py:309} INFO - Rescheduling task, marking task as UP_FOR_RESCHEDULE
[2025-04-23T08:48:38.021+0000] {taskinstance.py:340} INFO - ::group::Post task execution logs
[2025-04-23T08:48:38.078+0000] {local_task_job_runner.py:266} INFO - Task exited with return code 0
[2025-04-23T08:48:38.109+0000] {local_task_job_runner.py:245} INFO - ::endgroup::
