[2025-04-22T04:26:17.882+0000] {local_task_job_runner.py:123} INFO - ::group::Pre task execution logs
[2025-04-22T04:26:17.972+0000] {taskinstance.py:2613} INFO - Dependencies all met for dep_context=non-requeueable deps ti=<TaskInstance: perbaikan_skripsi.get_data_from_db scheduled__2025-04-22T04:25:00+00:00 [queued]>
[2025-04-22T04:26:18.028+0000] {taskinstance.py:2613} INFO - Dependencies all met for dep_context=requeueable deps ti=<TaskInstance: perbaikan_skripsi.get_data_from_db scheduled__2025-04-22T04:25:00+00:00 [queued]>
[2025-04-22T04:26:18.030+0000] {taskinstance.py:2866} INFO - Starting attempt 1 of 4
[2025-04-22T04:26:18.126+0000] {taskinstance.py:2889} INFO - Executing <Task(PythonOperator): get_data_from_db> on 2025-04-22 04:25:00+00:00
[2025-04-22T04:26:18.192+0000] {logging_mixin.py:190} WARNING - /home/airflow/.local/lib/python3.12/site-packages/airflow/task/task_runner/standard_task_runner.py:70 DeprecationWarning: This process (pid=16645) is multi-threaded, use of fork() may lead to deadlocks in the child.
[2025-04-22T04:26:18.207+0000] {standard_task_runner.py:72} INFO - Started process 16737 to run task
[2025-04-22T04:26:18.194+0000] {standard_task_runner.py:104} INFO - Running: ['airflow', 'tasks', 'run', 'perbaikan_skripsi', 'get_data_from_db', 'scheduled__2025-04-22T04:25:00+00:00', '--job-id', '3319', '--raw', '--subdir', 'DAGS_FOLDER/tugas_akhir.py', '--cfg-path', '/tmp/tmpgvm4coa3']
[2025-04-22T04:26:18.240+0000] {standard_task_runner.py:105} INFO - Job 3319: Subtask get_data_from_db
[2025-04-22T04:26:18.385+0000] {task_command.py:467} INFO - Running <TaskInstance: perbaikan_skripsi.get_data_from_db scheduled__2025-04-22T04:25:00+00:00 [running]> on host d0938d3cd7ee
[2025-04-22T04:26:19.693+0000] {taskinstance.py:3132} INFO - Exporting env vars: AIRFLOW_CTX_DAG_OWNER='Dion Rikki' AIRFLOW_CTX_DAG_ID='perbaikan_skripsi' AIRFLOW_CTX_TASK_ID='get_data_from_db' AIRFLOW_CTX_EXECUTION_DATE='2025-04-22T04:25:00+00:00' AIRFLOW_CTX_TRY_NUMBER='1' AIRFLOW_CTX_DAG_RUN_ID='scheduled__2025-04-22T04:25:00+00:00'
[2025-04-22T04:26:19.696+0000] {logging_mixin.py:190} INFO - Task instance is in running state
[2025-04-22T04:26:19.698+0000] {logging_mixin.py:190} INFO -  Previous state of the Task instance: queued
[2025-04-22T04:26:19.705+0000] {logging_mixin.py:190} INFO - Current task name:get_data_from_db state:running start_date:2025-04-22 04:26:17.973389+00:00
[2025-04-22T04:26:19.707+0000] {logging_mixin.py:190} INFO - Dag name:perbaikan_skripsi and current dag run status:running
[2025-04-22T04:26:19.708+0000] {taskinstance.py:731} INFO - ::endgroup::
[2025-04-22T04:26:19.714+0000] {logging_mixin.py:190} INFO - 🔍 [1] Mengambil data sensor terbaru yang lengkap dan belum diprediksi...
[2025-04-22T04:26:19.876+0000] {logging_mixin.py:190} INFO - 📊 Data ditemukan: 0 baris
[2025-04-22T04:26:19.953+0000] {python.py:240} INFO - Done. Returned value was: None
[2025-04-22T04:26:19.995+0000] {taskinstance.py:340} INFO - ::group::Post task execution logs
[2025-04-22T04:26:19.997+0000] {taskinstance.py:352} INFO - Marking task as SUCCESS. dag_id=perbaikan_skripsi, task_id=get_data_from_db, run_id=scheduled__2025-04-22T04:25:00+00:00, execution_date=20250422T042500, start_date=20250422T042617, end_date=20250422T042619
[2025-04-22T04:26:20.054+0000] {logging_mixin.py:190} INFO - Task instance in success state
[2025-04-22T04:26:20.056+0000] {logging_mixin.py:190} INFO -  Previous state of the Task instance: running
[2025-04-22T04:26:20.063+0000] {logging_mixin.py:190} INFO - Dag name:perbaikan_skripsi queued_at:2025-04-22 04:26:00.743994+00:00
[2025-04-22T04:26:20.065+0000] {logging_mixin.py:190} INFO - Task hostname:d0938d3cd7ee operator:PythonOperator
[2025-04-22T04:26:20.133+0000] {local_task_job_runner.py:266} INFO - Task exited with return code 0
[2025-04-22T04:26:20.208+0000] {taskinstance.py:3895} INFO - 1 downstream tasks scheduled from follow-on schedule check
[2025-04-22T04:26:20.229+0000] {local_task_job_runner.py:245} INFO - ::endgroup::
