[2025-03-01T17:58:12.430+0000] {local_task_job_runner.py:123} INFO - ::group::Pre task execution logs
[2025-03-01T17:58:12.459+0000] {taskinstance.py:2613} INFO - Dependencies all met for dep_context=non-requeueable deps ti=<TaskInstance: skripsi_2.wait_for_new_data scheduled__2025-03-01T17:54:00+00:00 [queued]>
[2025-03-01T17:58:12.483+0000] {taskinstance.py:2613} INFO - Dependencies all met for dep_context=requeueable deps ti=<TaskInstance: skripsi_2.wait_for_new_data scheduled__2025-03-01T17:54:00+00:00 [queued]>
[2025-03-01T17:58:12.484+0000] {taskinstance.py:2866} INFO - Starting attempt 3 of 6
[2025-03-01T17:58:12.524+0000] {taskinstance.py:2889} INFO - Executing <Task(SqlSensor): wait_for_new_data> on 2025-03-01 17:54:00+00:00
[2025-03-01T17:58:12.550+0000] {standard_task_runner.py:104} INFO - Running: ['airflow', 'tasks', 'run', 'skripsi_2', 'wait_for_new_data', 'scheduled__2025-03-01T17:54:00+00:00', '--job-id', '13692', '--raw', '--subdir', 'DAGS_FOLDER/tugas_akhir.py', '--cfg-path', '/tmp/tmpnd968ofr']
[2025-03-01T17:58:12.553+0000] {logging_mixin.py:190} WARNING - /home/airflow/.local/lib/python3.12/site-packages/airflow/task/task_runner/standard_task_runner.py:70 DeprecationWarning: This process (pid=21998) is multi-threaded, use of fork() may lead to deadlocks in the child.
[2025-03-01T17:58:12.554+0000] {standard_task_runner.py:105} INFO - Job 13692: Subtask wait_for_new_data
[2025-03-01T17:58:12.555+0000] {standard_task_runner.py:72} INFO - Started process 22022 to run task
[2025-03-01T17:58:12.644+0000] {task_command.py:467} INFO - Running <TaskInstance: skripsi_2.wait_for_new_data scheduled__2025-03-01T17:54:00+00:00 [running]> on host ef7692401a0a
[2025-03-01T17:58:12.808+0000] {taskinstance.py:3132} INFO - Exporting env vars: AIRFLOW_CTX_DAG_OWNER='Dion Rikki' AIRFLOW_CTX_DAG_ID='skripsi_2' AIRFLOW_CTX_TASK_ID='wait_for_new_data' AIRFLOW_CTX_EXECUTION_DATE='2025-03-01T17:54:00+00:00' AIRFLOW_CTX_TRY_NUMBER='3' AIRFLOW_CTX_DAG_RUN_ID='scheduled__2025-03-01T17:54:00+00:00'
[2025-03-01T17:58:12.811+0000] {logging_mixin.py:190} INFO - Task instance is in running state
[2025-03-01T17:58:12.812+0000] {logging_mixin.py:190} INFO -  Previous state of the Task instance: queued
[2025-03-01T17:58:12.814+0000] {logging_mixin.py:190} INFO - Current task name:wait_for_new_data state:running start_date:2025-03-01 17:58:12.461182+00:00
[2025-03-01T17:58:12.815+0000] {logging_mixin.py:190} INFO - Dag name:skripsi_2 and current dag run status:running
[2025-03-01T17:58:12.816+0000] {taskinstance.py:731} INFO - ::endgroup::
[2025-03-01T17:58:12.841+0000] {base.py:84} INFO - Retrieving connection 'mysql_default'
[2025-03-01T17:58:12.847+0000] {sql.py:101} INFO - Poking: 
            SELECT COUNT(*) 
            FROM tugas_akhir_sensordata s
            WHERE s.timestamp >= NOW() - INTERVAL 5 MINUTE
            AND NOT EXISTS (
                SELECT 1 
                FROM fertilizer_predictions f
                WHERE f.id = s.id
            )
         (with parameters None)
[2025-03-01T17:58:12.858+0000] {base.py:84} INFO - Retrieving connection 'mysql_default'
[2025-03-01T17:58:12.867+0000] {sql.py:553} INFO - Running statement: 
            SELECT COUNT(*) 
            FROM tugas_akhir_sensordata s
            WHERE s.timestamp >= NOW() - INTERVAL 5 MINUTE
            AND NOT EXISTS (
                SELECT 1 
                FROM fertilizer_predictions f
                WHERE f.id = s.id
            )
        , parameters: None
[2025-03-01T17:58:12.869+0000] {sql.py:562} INFO - Rows affected: 1
[2025-03-01T17:58:12.911+0000] {taskinstance.py:309} INFO - Rescheduling task, marking task as UP_FOR_RESCHEDULE
[2025-03-01T17:58:12.912+0000] {taskinstance.py:340} INFO - ::group::Post task execution logs
[2025-03-01T17:58:12.950+0000] {local_task_job_runner.py:266} INFO - Task exited with return code 0
[2025-03-01T17:58:13.002+0000] {taskinstance.py:3895} INFO - 0 downstream tasks scheduled from follow-on schedule check
[2025-03-01T17:58:13.006+0000] {local_task_job_runner.py:245} INFO - ::endgroup::
