[2025-03-01T10:22:38.929+0000] {local_task_job_runner.py:123} INFO - ::group::Pre task execution logs
[2025-03-01T10:22:38.964+0000] {taskinstance.py:2613} INFO - Dependencies all met for dep_context=non-requeueable deps ti=<TaskInstance: skripsi_akhir_perbaikan.wait_for_new_data scheduled__2025-03-01T10:12:00+00:00 [queued]>
[2025-03-01T10:22:38.989+0000] {taskinstance.py:2613} INFO - Dependencies all met for dep_context=requeueable deps ti=<TaskInstance: skripsi_akhir_perbaikan.wait_for_new_data scheduled__2025-03-01T10:12:00+00:00 [queued]>
[2025-03-01T10:22:38.990+0000] {taskinstance.py:2866} INFO - Starting attempt 9 of 6
[2025-03-01T10:22:39.035+0000] {taskinstance.py:2889} INFO - Executing <Task(SqlSensor): wait_for_new_data> on 2025-03-01 10:12:00+00:00
[2025-03-01T10:22:39.057+0000] {standard_task_runner.py:104} INFO - Running: ['airflow', 'tasks', 'run', 'skripsi_akhir_perbaikan', 'wait_for_new_data', 'scheduled__2025-03-01T10:12:00+00:00', '--job-id', '12023', '--raw', '--subdir', 'DAGS_FOLDER/tugas_akhir.py', '--cfg-path', '/tmp/tmpr0fgoibc']
[2025-03-01T10:22:39.060+0000] {standard_task_runner.py:105} INFO - Job 12023: Subtask wait_for_new_data
[2025-03-01T10:22:39.059+0000] {logging_mixin.py:190} WARNING - /home/airflow/.local/lib/python3.12/site-packages/airflow/task/task_runner/standard_task_runner.py:70 DeprecationWarning: This process (pid=5553) is multi-threaded, use of fork() may lead to deadlocks in the child.
[2025-03-01T10:22:39.065+0000] {standard_task_runner.py:72} INFO - Started process 5577 to run task
[2025-03-01T10:22:39.219+0000] {task_command.py:467} INFO - Running <TaskInstance: skripsi_akhir_perbaikan.wait_for_new_data scheduled__2025-03-01T10:12:00+00:00 [running]> on host 75f595111fc8
[2025-03-01T10:22:39.439+0000] {taskinstance.py:3132} INFO - Exporting env vars: AIRFLOW_CTX_DAG_OWNER='Dion Rikki' AIRFLOW_CTX_DAG_ID='skripsi_akhir_perbaikan' AIRFLOW_CTX_TASK_ID='wait_for_new_data' AIRFLOW_CTX_EXECUTION_DATE='2025-03-01T10:12:00+00:00' AIRFLOW_CTX_TRY_NUMBER='9' AIRFLOW_CTX_DAG_RUN_ID='scheduled__2025-03-01T10:12:00+00:00'
[2025-03-01T10:22:39.443+0000] {logging_mixin.py:190} INFO - Task instance is in running state
[2025-03-01T10:22:39.447+0000] {logging_mixin.py:190} INFO -  Previous state of the Task instance: queued
[2025-03-01T10:22:39.449+0000] {logging_mixin.py:190} INFO - Current task name:wait_for_new_data state:running start_date:2025-03-01 10:22:38.966007+00:00
[2025-03-01T10:22:39.452+0000] {logging_mixin.py:190} INFO - Dag name:skripsi_akhir_perbaikan and current dag run status:running
[2025-03-01T10:22:39.455+0000] {taskinstance.py:731} INFO - ::endgroup::
[2025-03-01T10:22:39.494+0000] {base.py:84} INFO - Retrieving connection 'mysql_default'
[2025-03-01T10:22:39.504+0000] {sql.py:101} INFO - Poking: 
        SELECT COUNT(*) 
        FROM tugas_akhir_sensordata s
        WHERE s.timestamp >= NOW() - INTERVAL 5 MINUTE
        AND NOT EXISTS (
            SELECT 1 
            FROM fertilizer_predictions f
            WHERE CAST(f.id AS SIGNED) = s.id  -- Menggunakan SIGNED di sini
        )
     (with parameters None)
[2025-03-01T10:22:39.520+0000] {base.py:84} INFO - Retrieving connection 'mysql_default'
[2025-03-01T10:22:39.531+0000] {sql.py:553} INFO - Running statement: 
        SELECT COUNT(*) 
        FROM tugas_akhir_sensordata s
        WHERE s.timestamp >= NOW() - INTERVAL 5 MINUTE
        AND NOT EXISTS (
            SELECT 1 
            FROM fertilizer_predictions f
            WHERE CAST(f.id AS SIGNED) = s.id  -- Menggunakan SIGNED di sini
        )
    , parameters: None
[2025-03-01T10:22:39.533+0000] {sql.py:562} INFO - Rows affected: 1
[2025-03-01T10:22:39.580+0000] {taskinstance.py:309} INFO - Rescheduling task, marking task as UP_FOR_RESCHEDULE
[2025-03-01T10:22:39.581+0000] {taskinstance.py:340} INFO - ::group::Post task execution logs
[2025-03-01T10:22:39.626+0000] {local_task_job_runner.py:266} INFO - Task exited with return code 0
[2025-03-01T10:22:39.699+0000] {taskinstance.py:3895} INFO - 0 downstream tasks scheduled from follow-on schedule check
[2025-03-01T10:22:39.709+0000] {local_task_job_runner.py:245} INFO - ::endgroup::
