[2025-03-01T10:20:29.705+0000] {local_task_job_runner.py:123} INFO - ::group::Pre task execution logs
[2025-03-01T10:20:29.737+0000] {taskinstance.py:2613} INFO - Dependencies all met for dep_context=non-requeueable deps ti=<TaskInstance: skripsi_akhir_perbaikan.wait_for_new_data scheduled__2025-03-01T10:12:00+00:00 [queued]>
[2025-03-01T10:20:29.756+0000] {taskinstance.py:2613} INFO - Dependencies all met for dep_context=requeueable deps ti=<TaskInstance: skripsi_akhir_perbaikan.wait_for_new_data scheduled__2025-03-01T10:12:00+00:00 [queued]>
[2025-03-01T10:20:29.757+0000] {taskinstance.py:2866} INFO - Starting attempt 7 of 6
[2025-03-01T10:20:29.790+0000] {taskinstance.py:2889} INFO - Executing <Task(SqlSensor): wait_for_new_data> on 2025-03-01 10:12:00+00:00
[2025-03-01T10:20:29.816+0000] {standard_task_runner.py:104} INFO - Running: ['airflow', 'tasks', 'run', 'skripsi_akhir_perbaikan', 'wait_for_new_data', 'scheduled__2025-03-01T10:12:00+00:00', '--job-id', '12011', '--raw', '--subdir', 'DAGS_FOLDER/tugas_akhir.py', '--cfg-path', '/tmp/tmpxfiry2_f']
[2025-03-01T10:20:29.819+0000] {standard_task_runner.py:105} INFO - Job 12011: Subtask wait_for_new_data
[2025-03-01T10:20:29.820+0000] {logging_mixin.py:190} WARNING - /home/airflow/.local/lib/python3.12/site-packages/airflow/task/task_runner/standard_task_runner.py:70 DeprecationWarning: This process (pid=4237) is multi-threaded, use of fork() may lead to deadlocks in the child.
[2025-03-01T10:20:29.823+0000] {standard_task_runner.py:72} INFO - Started process 4286 to run task
[2025-03-01T10:20:29.907+0000] {task_command.py:467} INFO - Running <TaskInstance: skripsi_akhir_perbaikan.wait_for_new_data scheduled__2025-03-01T10:12:00+00:00 [running]> on host 75f595111fc8
[2025-03-01T10:20:30.097+0000] {taskinstance.py:3132} INFO - Exporting env vars: AIRFLOW_CTX_DAG_OWNER='Dion Rikki' AIRFLOW_CTX_DAG_ID='skripsi_akhir_perbaikan' AIRFLOW_CTX_TASK_ID='wait_for_new_data' AIRFLOW_CTX_EXECUTION_DATE='2025-03-01T10:12:00+00:00' AIRFLOW_CTX_TRY_NUMBER='7' AIRFLOW_CTX_DAG_RUN_ID='scheduled__2025-03-01T10:12:00+00:00'
[2025-03-01T10:20:30.101+0000] {logging_mixin.py:190} INFO - Task instance is in running state
[2025-03-01T10:20:30.102+0000] {logging_mixin.py:190} INFO -  Previous state of the Task instance: queued
[2025-03-01T10:20:30.103+0000] {logging_mixin.py:190} INFO - Current task name:wait_for_new_data state:running start_date:2025-03-01 10:20:29.738329+00:00
[2025-03-01T10:20:30.105+0000] {logging_mixin.py:190} INFO - Dag name:skripsi_akhir_perbaikan and current dag run status:running
[2025-03-01T10:20:30.106+0000] {taskinstance.py:731} INFO - ::endgroup::
[2025-03-01T10:20:30.131+0000] {base.py:84} INFO - Retrieving connection 'mysql_default'
[2025-03-01T10:20:30.138+0000] {sql.py:101} INFO - Poking: 
        SELECT COUNT(*) 
        FROM tugas_akhir_sensordata s
        WHERE s.timestamp >= NOW() - INTERVAL 5 MINUTE
        AND NOT EXISTS (
            SELECT 1 
            FROM fertilizer_predictions f
            WHERE CAST(f.id AS SIGNED) = s.id  -- Menggunakan SIGNED di sini
        )
     (with parameters None)
[2025-03-01T10:20:30.147+0000] {base.py:84} INFO - Retrieving connection 'mysql_default'
[2025-03-01T10:20:30.157+0000] {sql.py:553} INFO - Running statement: 
        SELECT COUNT(*) 
        FROM tugas_akhir_sensordata s
        WHERE s.timestamp >= NOW() - INTERVAL 5 MINUTE
        AND NOT EXISTS (
            SELECT 1 
            FROM fertilizer_predictions f
            WHERE CAST(f.id AS SIGNED) = s.id  -- Menggunakan SIGNED di sini
        )
    , parameters: None
[2025-03-01T10:20:30.160+0000] {sql.py:562} INFO - Rows affected: 1
[2025-03-01T10:20:30.197+0000] {taskinstance.py:309} INFO - Rescheduling task, marking task as UP_FOR_RESCHEDULE
[2025-03-01T10:20:30.198+0000] {taskinstance.py:340} INFO - ::group::Post task execution logs
[2025-03-01T10:20:30.256+0000] {local_task_job_runner.py:266} INFO - Task exited with return code 0
[2025-03-01T10:20:30.324+0000] {taskinstance.py:3895} INFO - 0 downstream tasks scheduled from follow-on schedule check
[2025-03-01T10:20:30.331+0000] {local_task_job_runner.py:245} INFO - ::endgroup::
