[2025-02-25T18:56:13.641+0000] {local_task_job_runner.py:123} INFO - ::group::Pre task execution logs
[2025-02-25T18:56:13.727+0000] {taskinstance.py:2613} INFO - Dependencies all met for dep_context=non-requeueable deps ti=<TaskInstance: skripsi.wait_for_new_data scheduled__2025-02-25T18:55:00+00:00 [queued]>
[2025-02-25T18:56:13.802+0000] {taskinstance.py:2613} INFO - Dependencies all met for dep_context=requeueable deps ti=<TaskInstance: skripsi.wait_for_new_data scheduled__2025-02-25T18:55:00+00:00 [queued]>
[2025-02-25T18:56:13.817+0000] {taskinstance.py:2866} INFO - Starting attempt 1 of 6
[2025-02-25T18:56:13.924+0000] {taskinstance.py:2889} INFO - Executing <Task(SqlSensor): wait_for_new_data> on 2025-02-25 18:55:00+00:00
[2025-02-25T18:56:13.991+0000] {logging_mixin.py:190} WARNING - /home/airflow/.local/lib/python3.12/site-packages/airflow/task/task_runner/standard_task_runner.py:70 DeprecationWarning: This process (pid=62156) is multi-threaded, use of fork() may lead to deadlocks in the child.
[2025-02-25T18:56:13.999+0000] {standard_task_runner.py:72} INFO - Started process 62273 to run task
[2025-02-25T18:56:13.994+0000] {standard_task_runner.py:104} INFO - Running: ['airflow', 'tasks', 'run', 'skripsi', 'wait_for_new_data', 'scheduled__2025-02-25T18:55:00+00:00', '--job-id', '197', '--raw', '--subdir', 'DAGS_FOLDER/tugas_akhir.py', '--cfg-path', '/tmp/tmpekzbuc11']
[2025-02-25T18:56:14.004+0000] {standard_task_runner.py:105} INFO - Job 197: Subtask wait_for_new_data
[2025-02-25T18:56:14.353+0000] {task_command.py:467} INFO - Running <TaskInstance: skripsi.wait_for_new_data scheduled__2025-02-25T18:55:00+00:00 [running]> on host d22a487e6b55
[2025-02-25T18:56:15.061+0000] {taskinstance.py:3132} INFO - Exporting env vars: AIRFLOW_CTX_DAG_OWNER='Dion Rikki' AIRFLOW_CTX_DAG_ID='skripsi' AIRFLOW_CTX_TASK_ID='wait_for_new_data' AIRFLOW_CTX_EXECUTION_DATE='2025-02-25T18:55:00+00:00' AIRFLOW_CTX_TRY_NUMBER='1' AIRFLOW_CTX_DAG_RUN_ID='scheduled__2025-02-25T18:55:00+00:00'
[2025-02-25T18:56:15.073+0000] {logging_mixin.py:190} INFO - Task instance is in running state
[2025-02-25T18:56:15.077+0000] {logging_mixin.py:190} INFO -  Previous state of the Task instance: queued
[2025-02-25T18:56:15.081+0000] {logging_mixin.py:190} INFO - Current task name:wait_for_new_data state:running start_date:2025-02-25 18:56:13.733734+00:00
[2025-02-25T18:56:15.084+0000] {logging_mixin.py:190} INFO - Dag name:skripsi and current dag run status:running
[2025-02-25T18:56:15.088+0000] {taskinstance.py:731} INFO - ::endgroup::
[2025-02-25T18:56:15.212+0000] {base.py:84} INFO - Retrieving connection 'mysql_default'
[2025-02-25T18:56:15.232+0000] {sql.py:101} INFO - Poking: SELECT COUNT(*) FROM tugas_akhir_sensordata WHERE timestamp >= NOW() - INTERVAL 5 MINUTE (with parameters None)
[2025-02-25T18:56:15.272+0000] {base.py:84} INFO - Retrieving connection 'mysql_default'
[2025-02-25T18:56:15.305+0000] {sql.py:553} INFO - Running statement: SELECT COUNT(*) FROM tugas_akhir_sensordata WHERE timestamp >= NOW() - INTERVAL 5 MINUTE, parameters: None
[2025-02-25T18:56:15.311+0000] {sql.py:562} INFO - Rows affected: 1
[2025-02-25T18:56:15.325+0000] {base.py:336} INFO - Success criteria met. Exiting.
[2025-02-25T18:56:15.372+0000] {taskinstance.py:340} INFO - ::group::Post task execution logs
[2025-02-25T18:56:15.379+0000] {taskinstance.py:352} INFO - Marking task as SUCCESS. dag_id=skripsi, task_id=wait_for_new_data, run_id=scheduled__2025-02-25T18:55:00+00:00, execution_date=20250225T185500, start_date=20250225T185613, end_date=20250225T185615
[2025-02-25T18:56:15.452+0000] {logging_mixin.py:190} INFO - Task instance in success state
[2025-02-25T18:56:15.457+0000] {logging_mixin.py:190} INFO -  Previous state of the Task instance: running
[2025-02-25T18:56:15.469+0000] {logging_mixin.py:190} INFO - Dag name:skripsi queued_at:2025-02-25 18:56:01.182421+00:00
[2025-02-25T18:56:15.473+0000] {logging_mixin.py:190} INFO - Task hostname:d22a487e6b55 operator:SqlSensor
[2025-02-25T18:56:15.579+0000] {local_task_job_runner.py:266} INFO - Task exited with return code 0
[2025-02-25T18:56:15.775+0000] {taskinstance.py:3895} INFO - 1 downstream tasks scheduled from follow-on schedule check
[2025-02-25T18:56:15.790+0000] {local_task_job_runner.py:245} INFO - ::endgroup::
