[2025-03-01T14:02:05.219+0000] {local_task_job_runner.py:123} INFO - ::group::Pre task execution logs
[2025-03-01T14:02:05.264+0000] {taskinstance.py:2613} INFO - Dependencies all met for dep_context=non-requeueable deps ti=<TaskInstance: skripsi_2.wait_for_new_data scheduled__2025-03-01T14:00:00+00:00 [queued]>
[2025-03-01T14:02:05.290+0000] {taskinstance.py:2613} INFO - Dependencies all met for dep_context=requeueable deps ti=<TaskInstance: skripsi_2.wait_for_new_data scheduled__2025-03-01T14:00:00+00:00 [queued]>
[2025-03-01T14:02:05.291+0000] {taskinstance.py:2866} INFO - Starting attempt 1 of 6
[2025-03-01T14:02:05.345+0000] {taskinstance.py:2889} INFO - Executing <Task(SqlSensor): wait_for_new_data> on 2025-03-01 14:00:00+00:00
[2025-03-01T14:02:05.373+0000] {standard_task_runner.py:104} INFO - Running: ['airflow', 'tasks', 'run', 'skripsi_2', 'wait_for_new_data', 'scheduled__2025-03-01T14:00:00+00:00', '--job-id', '12491', '--raw', '--subdir', 'DAGS_FOLDER/tugas_akhir.py', '--cfg-path', '/tmp/tmpvucsh5ik']
[2025-03-01T14:02:05.378+0000] {standard_task_runner.py:105} INFO - Job 12491: Subtask wait_for_new_data
[2025-03-01T14:02:05.379+0000] {logging_mixin.py:190} WARNING - /home/airflow/.local/lib/python3.12/site-packages/airflow/task/task_runner/standard_task_runner.py:70 DeprecationWarning: This process (pid=80298) is multi-threaded, use of fork() may lead to deadlocks in the child.
[2025-03-01T14:02:05.385+0000] {standard_task_runner.py:72} INFO - Started process 80327 to run task
[2025-03-01T14:02:05.506+0000] {task_command.py:467} INFO - Running <TaskInstance: skripsi_2.wait_for_new_data scheduled__2025-03-01T14:00:00+00:00 [running]> on host ef7692401a0a
[2025-03-01T14:02:05.717+0000] {taskinstance.py:3132} INFO - Exporting env vars: AIRFLOW_CTX_DAG_OWNER='Dion Rikki' AIRFLOW_CTX_DAG_ID='skripsi_2' AIRFLOW_CTX_TASK_ID='wait_for_new_data' AIRFLOW_CTX_EXECUTION_DATE='2025-03-01T14:00:00+00:00' AIRFLOW_CTX_TRY_NUMBER='1' AIRFLOW_CTX_DAG_RUN_ID='scheduled__2025-03-01T14:00:00+00:00'
[2025-03-01T14:02:05.725+0000] {logging_mixin.py:190} INFO - Task instance is in running state
[2025-03-01T14:02:05.726+0000] {logging_mixin.py:190} INFO -  Previous state of the Task instance: queued
[2025-03-01T14:02:05.728+0000] {logging_mixin.py:190} INFO - Current task name:wait_for_new_data state:running start_date:2025-03-01 14:02:05.265179+00:00
[2025-03-01T14:02:05.730+0000] {logging_mixin.py:190} INFO - Dag name:skripsi_2 and current dag run status:running
[2025-03-01T14:02:05.731+0000] {taskinstance.py:731} INFO - ::endgroup::
[2025-03-01T14:02:05.762+0000] {base.py:84} INFO - Retrieving connection 'mysql_default'
[2025-03-01T14:02:05.776+0000] {sql.py:101} INFO - Poking: 
            SELECT COUNT(*) 
            FROM tugas_akhir_sensordata s
            WHERE s.timestamp >= NOW() - INTERVAL 5 MINUTE
            AND NOT EXISTS (
                SELECT 1 
                FROM fertilizer_predictions f
                WHERE f.id = s.id
            )
         (with parameters None)
[2025-03-01T14:02:05.798+0000] {base.py:84} INFO - Retrieving connection 'mysql_default'
[2025-03-01T14:02:05.821+0000] {sql.py:553} INFO - Running statement: 
            SELECT COUNT(*) 
            FROM tugas_akhir_sensordata s
            WHERE s.timestamp >= NOW() - INTERVAL 5 MINUTE
            AND NOT EXISTS (
                SELECT 1 
                FROM fertilizer_predictions f
                WHERE f.id = s.id
            )
        , parameters: None
[2025-03-01T14:02:05.828+0000] {sql.py:562} INFO - Rows affected: 1
[2025-03-01T14:02:05.832+0000] {base.py:336} INFO - Success criteria met. Exiting.
[2025-03-01T14:02:05.866+0000] {taskinstance.py:340} INFO - ::group::Post task execution logs
[2025-03-01T14:02:05.868+0000] {taskinstance.py:352} INFO - Marking task as SUCCESS. dag_id=skripsi_2, task_id=wait_for_new_data, run_id=scheduled__2025-03-01T14:00:00+00:00, execution_date=20250301T140000, start_date=20250301T140205, end_date=20250301T140205
[2025-03-01T14:02:05.907+0000] {logging_mixin.py:190} INFO - Task instance in success state
[2025-03-01T14:02:05.909+0000] {logging_mixin.py:190} INFO -  Previous state of the Task instance: running
[2025-03-01T14:02:05.912+0000] {logging_mixin.py:190} INFO - Dag name:skripsi_2 queued_at:2025-03-01 14:02:00.931580+00:00
[2025-03-01T14:02:05.918+0000] {logging_mixin.py:190} INFO - Task hostname:ef7692401a0a operator:SqlSensor
[2025-03-01T14:02:05.953+0000] {local_task_job_runner.py:266} INFO - Task exited with return code 0
[2025-03-01T14:02:06.060+0000] {taskinstance.py:3895} INFO - 1 downstream tasks scheduled from follow-on schedule check
[2025-03-01T14:02:06.079+0000] {local_task_job_runner.py:245} INFO - ::endgroup::
