[2025-02-27T20:43:42.156+0000] {local_task_job_runner.py:123} INFO - ::group::Pre task execution logs
[2025-02-27T20:43:42.185+0000] {taskinstance.py:2613} INFO - Dependencies all met for dep_context=non-requeueable deps ti=<TaskInstance: skripsi_akhir_perbaikan.wait_for_new_data scheduled__2025-02-27T20:32:00+00:00 [queued]>
[2025-02-27T20:43:42.203+0000] {taskinstance.py:2613} INFO - Dependencies all met for dep_context=requeueable deps ti=<TaskInstance: skripsi_akhir_perbaikan.wait_for_new_data scheduled__2025-02-27T20:32:00+00:00 [queued]>
[2025-02-27T20:43:42.204+0000] {taskinstance.py:2866} INFO - Starting attempt 10 of 6
[2025-02-27T20:43:42.235+0000] {taskinstance.py:2889} INFO - Executing <Task(SqlSensor): wait_for_new_data> on 2025-02-27 20:32:00+00:00
[2025-02-27T20:43:42.253+0000] {logging_mixin.py:190} WARNING - /home/airflow/.local/lib/python3.12/site-packages/airflow/task/task_runner/standard_task_runner.py:70 DeprecationWarning: This process (pid=64652) is multi-threaded, use of fork() may lead to deadlocks in the child.
[2025-02-27T20:43:42.253+0000] {standard_task_runner.py:104} INFO - Running: ['airflow', 'tasks', 'run', 'skripsi_akhir_perbaikan', 'wait_for_new_data', 'scheduled__2025-02-27T20:32:00+00:00', '--job-id', '1873', '--raw', '--subdir', 'DAGS_FOLDER/tugas_akhir.py', '--cfg-path', '/tmp/tmph9f_nzny']
[2025-02-27T20:43:42.255+0000] {standard_task_runner.py:72} INFO - Started process 64666 to run task
[2025-02-27T20:43:42.255+0000] {standard_task_runner.py:105} INFO - Job 1873: Subtask wait_for_new_data
[2025-02-27T20:43:42.337+0000] {task_command.py:467} INFO - Running <TaskInstance: skripsi_akhir_perbaikan.wait_for_new_data scheduled__2025-02-27T20:32:00+00:00 [running]> on host 75f595111fc8
[2025-02-27T20:43:42.479+0000] {taskinstance.py:3132} INFO - Exporting env vars: AIRFLOW_CTX_DAG_OWNER='Dion Rikki' AIRFLOW_CTX_DAG_ID='skripsi_akhir_perbaikan' AIRFLOW_CTX_TASK_ID='wait_for_new_data' AIRFLOW_CTX_EXECUTION_DATE='2025-02-27T20:32:00+00:00' AIRFLOW_CTX_TRY_NUMBER='10' AIRFLOW_CTX_DAG_RUN_ID='scheduled__2025-02-27T20:32:00+00:00'
[2025-02-27T20:43:42.482+0000] {logging_mixin.py:190} INFO - Task instance is in running state
[2025-02-27T20:43:42.483+0000] {logging_mixin.py:190} INFO -  Previous state of the Task instance: queued
[2025-02-27T20:43:42.485+0000] {logging_mixin.py:190} INFO - Current task name:wait_for_new_data state:running start_date:2025-02-27 20:43:42.186707+00:00
[2025-02-27T20:43:42.486+0000] {logging_mixin.py:190} INFO - Dag name:skripsi_akhir_perbaikan and current dag run status:running
[2025-02-27T20:43:42.487+0000] {taskinstance.py:731} INFO - ::endgroup::
[2025-02-27T20:43:42.518+0000] {base.py:84} INFO - Retrieving connection 'mysql_default'
[2025-02-27T20:43:42.525+0000] {sql.py:101} INFO - Poking: 
        SELECT COUNT(*) 
        FROM tugas_akhir_sensordata s
        WHERE s.timestamp >= NOW() - INTERVAL 5 MINUTE
        AND NOT EXISTS (
            SELECT 1 
            FROM fertilizer_predictions f
            WHERE CAST(f.id AS SIGNED) = s.id  -- Menggunakan SIGNED di sini
        )
     (with parameters None)
[2025-02-27T20:43:42.544+0000] {base.py:84} INFO - Retrieving connection 'mysql_default'
[2025-02-27T20:43:42.565+0000] {sql.py:553} INFO - Running statement: 
        SELECT COUNT(*) 
        FROM tugas_akhir_sensordata s
        WHERE s.timestamp >= NOW() - INTERVAL 5 MINUTE
        AND NOT EXISTS (
            SELECT 1 
            FROM fertilizer_predictions f
            WHERE CAST(f.id AS SIGNED) = s.id  -- Menggunakan SIGNED di sini
        )
    , parameters: None
[2025-02-27T20:43:42.572+0000] {sql.py:562} INFO - Rows affected: 1
[2025-02-27T20:43:42.638+0000] {taskinstance.py:309} INFO - Rescheduling task, marking task as UP_FOR_RESCHEDULE
[2025-02-27T20:43:42.639+0000] {taskinstance.py:340} INFO - ::group::Post task execution logs
[2025-02-27T20:43:42.689+0000] {local_task_job_runner.py:266} INFO - Task exited with return code 0
[2025-02-27T20:43:42.772+0000] {taskinstance.py:3895} INFO - 0 downstream tasks scheduled from follow-on schedule check
[2025-02-27T20:43:42.776+0000] {local_task_job_runner.py:245} INFO - ::endgroup::
