[2025-03-01T14:12:19.260+0000] {local_task_job_runner.py:123} INFO - ::group::Pre task execution logs
[2025-03-01T14:12:19.301+0000] {taskinstance.py:2613} INFO - Dependencies all met for dep_context=non-requeueable deps ti=<TaskInstance: skripsi_2.predict_and_store_result scheduled__2025-03-01T14:10:00+00:00 [queued]>
[2025-03-01T14:12:19.326+0000] {taskinstance.py:2613} INFO - Dependencies all met for dep_context=requeueable deps ti=<TaskInstance: skripsi_2.predict_and_store_result scheduled__2025-03-01T14:10:00+00:00 [queued]>
[2025-03-01T14:12:19.327+0000] {taskinstance.py:2866} INFO - Starting attempt 1 of 6
[2025-03-01T14:12:19.371+0000] {taskinstance.py:2889} INFO - Executing <Task(PythonOperator): predict_and_store_result> on 2025-03-01 14:10:00+00:00
[2025-03-01T14:12:19.392+0000] {logging_mixin.py:190} WARNING - /home/airflow/.local/lib/python3.12/site-packages/airflow/task/task_runner/standard_task_runner.py:70 DeprecationWarning: This process (pid=86159) is multi-threaded, use of fork() may lead to deadlocks in the child.
[2025-03-01T14:12:19.395+0000] {standard_task_runner.py:72} INFO - Started process 86168 to run task
[2025-03-01T14:12:19.398+0000] {standard_task_runner.py:104} INFO - Running: ['airflow', 'tasks', 'run', 'skripsi_2', 'predict_and_store_result', 'scheduled__2025-03-01T14:10:00+00:00', '--job-id', '12508', '--raw', '--subdir', 'DAGS_FOLDER/tugas_akhir.py', '--cfg-path', '/tmp/tmpu7j_ti4_']
[2025-03-01T14:12:19.401+0000] {standard_task_runner.py:105} INFO - Job 12508: Subtask predict_and_store_result
[2025-03-01T14:12:19.531+0000] {task_command.py:467} INFO - Running <TaskInstance: skripsi_2.predict_and_store_result scheduled__2025-03-01T14:10:00+00:00 [running]> on host ef7692401a0a
[2025-03-01T14:12:19.783+0000] {taskinstance.py:3132} INFO - Exporting env vars: AIRFLOW_CTX_DAG_OWNER='Dion Rikki' AIRFLOW_CTX_DAG_ID='skripsi_2' AIRFLOW_CTX_TASK_ID='predict_and_store_result' AIRFLOW_CTX_EXECUTION_DATE='2025-03-01T14:10:00+00:00' AIRFLOW_CTX_TRY_NUMBER='1' AIRFLOW_CTX_DAG_RUN_ID='scheduled__2025-03-01T14:10:00+00:00'
[2025-03-01T14:12:19.787+0000] {logging_mixin.py:190} INFO - Task instance is in running state
[2025-03-01T14:12:19.788+0000] {logging_mixin.py:190} INFO -  Previous state of the Task instance: queued
[2025-03-01T14:12:19.790+0000] {logging_mixin.py:190} INFO - Current task name:predict_and_store_result state:running start_date:2025-03-01 14:12:19.303045+00:00
[2025-03-01T14:12:19.791+0000] {logging_mixin.py:190} INFO - Dag name:skripsi_2 and current dag run status:running
[2025-03-01T14:12:19.793+0000] {taskinstance.py:731} INFO - ::endgroup::
[2025-03-01T14:12:19.797+0000] {logging_mixin.py:190} INFO - 🔍 [1] Mengambil data dari XCom...
[2025-03-01T14:12:19.820+0000] {logging_mixin.py:190} INFO - ✅ [2] Data diterima dari XCom. Jumlah baris: 1
[2025-03-01T14:12:19.821+0000] {logging_mixin.py:190} INFO - 📊 Data contoh:
[{'Temperature': 26.2, 'Humidity': 80.0, 'Moisture': 1}]
[2025-03-01T14:12:19.835+0000] {logging_mixin.py:190} INFO - 🤖 [3] Melakukan prediksi dengan model KNN...
[2025-03-01T14:12:19.890+0000] {logging_mixin.py:190} INFO - 📌 [4] Hasil prediksi:
   Temperature  Humidity  Moisture Predicted_Fertilizer
0         26.2      80.0         1                  TSP
[2025-03-01T14:12:19.892+0000] {logging_mixin.py:190} INFO - 💾 [5] Menyimpan hasil prediksi ke database...
[2025-03-01T14:12:19.932+0000] {logging_mixin.py:190} INFO - ✅ Hasil prediksi berhasil disimpan ke database!
[2025-03-01T14:12:19.933+0000] {python.py:240} INFO - Done. Returned value was: None
[2025-03-01T14:12:19.954+0000] {taskinstance.py:340} INFO - ::group::Post task execution logs
[2025-03-01T14:12:19.955+0000] {taskinstance.py:352} INFO - Marking task as SUCCESS. dag_id=skripsi_2, task_id=predict_and_store_result, run_id=scheduled__2025-03-01T14:10:00+00:00, execution_date=20250301T141000, start_date=20250301T141219, end_date=20250301T141219
[2025-03-01T14:12:19.983+0000] {logging_mixin.py:190} INFO - Task instance in success state
[2025-03-01T14:12:19.984+0000] {logging_mixin.py:190} INFO -  Previous state of the Task instance: running
[2025-03-01T14:12:19.987+0000] {logging_mixin.py:190} INFO - Dag name:skripsi_2 queued_at:2025-03-01 14:12:00.909689+00:00
[2025-03-01T14:12:19.989+0000] {logging_mixin.py:190} INFO - Task hostname:ef7692401a0a operator:PythonOperator
[2025-03-01T14:12:20.039+0000] {local_task_job_runner.py:266} INFO - Task exited with return code 0
[2025-03-01T14:12:20.086+0000] {taskinstance.py:3895} INFO - 0 downstream tasks scheduled from follow-on schedule check
[2025-03-01T14:12:20.092+0000] {local_task_job_runner.py:245} INFO - ::endgroup::
