[2025-04-08T04:56:18.793+0000] {local_task_job_runner.py:123} INFO - ::group::Pre task execution logs
[2025-04-08T04:56:18.885+0000] {taskinstance.py:2613} INFO - Dependencies all met for dep_context=non-requeueable deps ti=<TaskInstance: perbaikan_skripsi.predict_and_store_result scheduled__2025-04-08T04:44:00+00:00 [queued]>
[2025-04-08T04:56:18.940+0000] {taskinstance.py:2613} INFO - Dependencies all met for dep_context=requeueable deps ti=<TaskInstance: perbaikan_skripsi.predict_and_store_result scheduled__2025-04-08T04:44:00+00:00 [queued]>
[2025-04-08T04:56:18.942+0000] {taskinstance.py:2866} INFO - Starting attempt 1 of 4
[2025-04-08T04:56:18.998+0000] {taskinstance.py:2889} INFO - Executing <Task(PythonOperator): predict_and_store_result> on 2025-04-08 04:44:00+00:00
[2025-04-08T04:56:19.043+0000] {logging_mixin.py:190} WARNING - /home/airflow/.local/lib/python3.12/site-packages/airflow/task/task_runner/standard_task_runner.py:70 DeprecationWarning: This process (pid=15044) is multi-threaded, use of fork() may lead to deadlocks in the child.
[2025-04-08T04:56:19.046+0000] {standard_task_runner.py:72} INFO - Started process 15121 to run task
[2025-04-08T04:56:19.046+0000] {standard_task_runner.py:104} INFO - Running: ['airflow', 'tasks', 'run', 'perbaikan_skripsi', 'predict_and_store_result', 'scheduled__2025-04-08T04:44:00+00:00', '--job-id', '3691', '--raw', '--subdir', 'DAGS_FOLDER/tugas_akhir.py', '--cfg-path', '/tmp/tmpw29zlxfs']
[2025-04-08T04:56:19.051+0000] {standard_task_runner.py:105} INFO - Job 3691: Subtask predict_and_store_result
[2025-04-08T04:56:19.291+0000] {task_command.py:467} INFO - Running <TaskInstance: perbaikan_skripsi.predict_and_store_result scheduled__2025-04-08T04:44:00+00:00 [running]> on host a9576c91091e
[2025-04-08T04:56:19.896+0000] {taskinstance.py:3132} INFO - Exporting env vars: AIRFLOW_CTX_DAG_OWNER='Dion Rikki' AIRFLOW_CTX_DAG_ID='perbaikan_skripsi' AIRFLOW_CTX_TASK_ID='predict_and_store_result' AIRFLOW_CTX_EXECUTION_DATE='2025-04-08T04:44:00+00:00' AIRFLOW_CTX_TRY_NUMBER='1' AIRFLOW_CTX_DAG_RUN_ID='scheduled__2025-04-08T04:44:00+00:00'
[2025-04-08T04:56:19.906+0000] {logging_mixin.py:190} INFO - Task instance is in running state
[2025-04-08T04:56:19.908+0000] {logging_mixin.py:190} INFO -  Previous state of the Task instance: queued
[2025-04-08T04:56:19.910+0000] {logging_mixin.py:190} INFO - Current task name:predict_and_store_result state:running start_date:2025-04-08 04:56:18.890306+00:00
[2025-04-08T04:56:19.914+0000] {logging_mixin.py:190} INFO - Dag name:perbaikan_skripsi and current dag run status:running
[2025-04-08T04:56:19.916+0000] {taskinstance.py:731} INFO - ::endgroup::
[2025-04-08T04:56:19.919+0000] {logging_mixin.py:190} INFO - 🔍 [2] Memproses data dan melakukan prediksi...
[2025-04-08T04:56:20.086+0000] {logging_mixin.py:190} INFO - ✅ Data siap diproses: 3 baris
    id  Temperature  Humidity  ...  nitrogen phosphorous potassium
0  627         29.8      49.0  ...      15.0        82.0      75.0
1  628         29.8      48.0  ...      15.0        82.0      74.0
2  629         29.3      48.0  ...      15.0        81.0      74.0

[3 rows x 9 columns]
[2025-04-08T04:56:20.087+0000] {logging_mixin.py:190} INFO - 📝 Menyesuaikan nama kolom dengan model training...
[2025-04-08T04:56:20.092+0000] {logging_mixin.py:190} INFO - 🔧 Melakukan encoding kategori Soil_Type dan Crop_Type...
[2025-04-08T04:56:20.103+0000] {logging_mixin.py:190} INFO - 🧠 Menyiapkan fitur untuk prediksi...
[2025-04-08T04:56:20.114+0000] {logging_mixin.py:190} INFO - 🤖 Menjalankan model prediksi...
[2025-04-08T04:56:20.170+0000] {logging_mixin.py:190} INFO - ✅ Prediksi selesai:
    id predicted_fertilizer
0  627       Superphosphate
1  628       Superphosphate
2  629       Superphosphate
[2025-04-08T04:56:20.176+0000] {logging_mixin.py:190} INFO - 💾 Menyimpan hasil ke tabel fertilizer_predictions...
[2025-04-08T04:56:20.308+0000] {logging_mixin.py:190} INFO - ✅ Hasil prediksi berhasil disimpan.
[2025-04-08T04:56:20.310+0000] {python.py:240} INFO - Done. Returned value was: None
[2025-04-08T04:56:20.349+0000] {taskinstance.py:340} INFO - ::group::Post task execution logs
[2025-04-08T04:56:20.361+0000] {taskinstance.py:352} INFO - Marking task as SUCCESS. dag_id=perbaikan_skripsi, task_id=predict_and_store_result, run_id=scheduled__2025-04-08T04:44:00+00:00, execution_date=20250408T044400, start_date=20250408T045618, end_date=20250408T045620
[2025-04-08T04:56:20.442+0000] {logging_mixin.py:190} INFO - Task instance in success state
[2025-04-08T04:56:20.443+0000] {logging_mixin.py:190} INFO -  Previous state of the Task instance: running
[2025-04-08T04:56:20.454+0000] {logging_mixin.py:190} INFO - Dag name:perbaikan_skripsi queued_at:2025-04-08 04:46:00.528924+00:00
[2025-04-08T04:56:20.455+0000] {logging_mixin.py:190} INFO - Task hostname:a9576c91091e operator:PythonOperator
[2025-04-08T04:56:20.521+0000] {local_task_job_runner.py:266} INFO - Task exited with return code 0
[2025-04-08T04:56:20.645+0000] {taskinstance.py:3895} INFO - 0 downstream tasks scheduled from follow-on schedule check
[2025-04-08T04:56:20.651+0000] {local_task_job_runner.py:245} INFO - ::endgroup::
