[2025-03-01T08:08:03.522+0000] {local_task_job_runner.py:123} INFO - ::group::Pre task execution logs
[2025-03-01T08:08:03.559+0000] {taskinstance.py:2613} INFO - Dependencies all met for dep_context=non-requeueable deps ti=<TaskInstance: skripsi_akhir_perbaikan.wait_for_new_data scheduled__2025-03-01T08:06:00+00:00 [queued]>
[2025-03-01T08:08:03.582+0000] {taskinstance.py:2613} INFO - Dependencies all met for dep_context=requeueable deps ti=<TaskInstance: skripsi_akhir_perbaikan.wait_for_new_data scheduled__2025-03-01T08:06:00+00:00 [queued]>
[2025-03-01T08:08:03.584+0000] {taskinstance.py:2866} INFO - Starting attempt 1 of 6
[2025-03-01T08:08:03.635+0000] {taskinstance.py:2889} INFO - Executing <Task(SqlSensor): wait_for_new_data> on 2025-03-01 08:06:00+00:00
[2025-03-01T08:08:03.658+0000] {logging_mixin.py:190} WARNING - /home/airflow/.local/lib/python3.12/site-packages/airflow/task/task_runner/standard_task_runner.py:70 DeprecationWarning: This process (pid=24484) is multi-threaded, use of fork() may lead to deadlocks in the child.
[2025-03-01T08:08:03.661+0000] {standard_task_runner.py:104} INFO - Running: ['airflow', 'tasks', 'run', 'skripsi_akhir_perbaikan', 'wait_for_new_data', 'scheduled__2025-03-01T08:06:00+00:00', '--job-id', '11282', '--raw', '--subdir', 'DAGS_FOLDER/tugas_akhir.py', '--cfg-path', '/tmp/tmpzurrim5b']
[2025-03-01T08:08:03.664+0000] {standard_task_runner.py:105} INFO - Job 11282: Subtask wait_for_new_data
[2025-03-01T08:08:03.663+0000] {standard_task_runner.py:72} INFO - Started process 24493 to run task
[2025-03-01T08:08:03.783+0000] {task_command.py:467} INFO - Running <TaskInstance: skripsi_akhir_perbaikan.wait_for_new_data scheduled__2025-03-01T08:06:00+00:00 [running]> on host 75f595111fc8
[2025-03-01T08:08:04.042+0000] {taskinstance.py:3132} INFO - Exporting env vars: AIRFLOW_CTX_DAG_OWNER='Dion Rikki' AIRFLOW_CTX_DAG_ID='skripsi_akhir_perbaikan' AIRFLOW_CTX_TASK_ID='wait_for_new_data' AIRFLOW_CTX_EXECUTION_DATE='2025-03-01T08:06:00+00:00' AIRFLOW_CTX_TRY_NUMBER='1' AIRFLOW_CTX_DAG_RUN_ID='scheduled__2025-03-01T08:06:00+00:00'
[2025-03-01T08:08:04.045+0000] {logging_mixin.py:190} INFO - Task instance is in running state
[2025-03-01T08:08:04.047+0000] {logging_mixin.py:190} INFO -  Previous state of the Task instance: queued
[2025-03-01T08:08:04.048+0000] {logging_mixin.py:190} INFO - Current task name:wait_for_new_data state:running start_date:2025-03-01 08:08:03.562229+00:00
[2025-03-01T08:08:04.050+0000] {logging_mixin.py:190} INFO - Dag name:skripsi_akhir_perbaikan and current dag run status:running
[2025-03-01T08:08:04.051+0000] {taskinstance.py:731} INFO - ::endgroup::
[2025-03-01T08:08:04.075+0000] {base.py:84} INFO - Retrieving connection 'mysql_default'
[2025-03-01T08:08:04.083+0000] {sql.py:101} INFO - Poking: 
        SELECT COUNT(*) 
        FROM tugas_akhir_sensordata s
        WHERE s.timestamp >= NOW() - INTERVAL 5 MINUTE
        AND NOT EXISTS (
            SELECT 1 
            FROM fertilizer_predictions f
            WHERE CAST(f.id AS SIGNED) = s.id  -- Menggunakan SIGNED di sini
        )
     (with parameters None)
[2025-03-01T08:08:04.092+0000] {base.py:84} INFO - Retrieving connection 'mysql_default'
[2025-03-01T08:08:04.101+0000] {sql.py:553} INFO - Running statement: 
        SELECT COUNT(*) 
        FROM tugas_akhir_sensordata s
        WHERE s.timestamp >= NOW() - INTERVAL 5 MINUTE
        AND NOT EXISTS (
            SELECT 1 
            FROM fertilizer_predictions f
            WHERE CAST(f.id AS SIGNED) = s.id  -- Menggunakan SIGNED di sini
        )
    , parameters: None
[2025-03-01T08:08:04.103+0000] {sql.py:562} INFO - Rows affected: 1
[2025-03-01T08:08:04.137+0000] {taskinstance.py:309} INFO - Rescheduling task, marking task as UP_FOR_RESCHEDULE
[2025-03-01T08:08:04.139+0000] {taskinstance.py:340} INFO - ::group::Post task execution logs
[2025-03-01T08:08:04.191+0000] {local_task_job_runner.py:266} INFO - Task exited with return code 0
[2025-03-01T08:08:04.239+0000] {taskinstance.py:3895} INFO - 0 downstream tasks scheduled from follow-on schedule check
[2025-03-01T08:08:04.244+0000] {local_task_job_runner.py:245} INFO - ::endgroup::
