[2025-03-11T08:04:18.900+0000] {local_task_job_runner.py:123} INFO - ::group::Pre task execution logs
[2025-03-11T08:04:18.944+0000] {taskinstance.py:2613} INFO - Dependencies all met for dep_context=non-requeueable deps ti=<TaskInstance: skripsi_perbaikan.predict_and_store_result scheduled__2025-03-11T08:02:00+00:00 [queued]>
[2025-03-11T08:04:18.980+0000] {taskinstance.py:2613} INFO - Dependencies all met for dep_context=requeueable deps ti=<TaskInstance: skripsi_perbaikan.predict_and_store_result scheduled__2025-03-11T08:02:00+00:00 [queued]>
[2025-03-11T08:04:18.981+0000] {taskinstance.py:2866} INFO - Starting attempt 1 of 4
[2025-03-11T08:04:19.044+0000] {taskinstance.py:2889} INFO - Executing <Task(PythonOperator): predict_and_store_result> on 2025-03-11 08:02:00+00:00
[2025-03-11T08:04:19.079+0000] {standard_task_runner.py:104} INFO - Running: ['airflow', 'tasks', 'run', 'skripsi_perbaikan', 'predict_and_store_result', 'scheduled__2025-03-11T08:02:00+00:00', '--job-id', '4807', '--raw', '--subdir', 'DAGS_FOLDER/tugas_akhir.py', '--cfg-path', '/tmp/tmp5007juoa']
[2025-03-11T08:04:19.079+0000] {logging_mixin.py:190} WARNING - /home/airflow/.local/lib/python3.12/site-packages/airflow/task/task_runner/standard_task_runner.py:70 DeprecationWarning: This process (pid=54617) is multi-threaded, use of fork() may lead to deadlocks in the child.
[2025-03-11T08:04:19.085+0000] {standard_task_runner.py:105} INFO - Job 4807: Subtask predict_and_store_result
[2025-03-11T08:04:19.087+0000] {standard_task_runner.py:72} INFO - Started process 54701 to run task
[2025-03-11T08:04:19.271+0000] {task_command.py:467} INFO - Running <TaskInstance: skripsi_perbaikan.predict_and_store_result scheduled__2025-03-11T08:02:00+00:00 [running]> on host b493651eb2c9
[2025-03-11T08:04:19.602+0000] {taskinstance.py:3132} INFO - Exporting env vars: AIRFLOW_CTX_DAG_OWNER='Dion Rikki' AIRFLOW_CTX_DAG_ID='skripsi_perbaikan' AIRFLOW_CTX_TASK_ID='predict_and_store_result' AIRFLOW_CTX_EXECUTION_DATE='2025-03-11T08:02:00+00:00' AIRFLOW_CTX_TRY_NUMBER='1' AIRFLOW_CTX_DAG_RUN_ID='scheduled__2025-03-11T08:02:00+00:00'
[2025-03-11T08:04:19.606+0000] {logging_mixin.py:190} INFO - Task instance is in running state
[2025-03-11T08:04:19.607+0000] {logging_mixin.py:190} INFO -  Previous state of the Task instance: queued
[2025-03-11T08:04:19.609+0000] {logging_mixin.py:190} INFO - Current task name:predict_and_store_result state:running start_date:2025-03-11 08:04:18.945699+00:00
[2025-03-11T08:04:19.611+0000] {logging_mixin.py:190} INFO - Dag name:skripsi_perbaikan and current dag run status:running
[2025-03-11T08:04:19.613+0000] {taskinstance.py:731} INFO - ::endgroup::
[2025-03-11T08:04:19.618+0000] {logging_mixin.py:190} INFO - 🔍 [2] Memproses data dan melakukan prediksi...
[2025-03-11T08:04:19.683+0000] {logging_mixin.py:190} INFO - ✅ Data siap diproses: 2 baris
   id  Temperature  Humidity  ...  nitrogen phosphorous potassium
0  39         25.8      86.0  ...       0.0         0.0       0.0
1  40         25.8      86.0  ...       0.0         0.0       0.0

[2 rows x 9 columns]
[2025-03-11T08:04:19.684+0000] {logging_mixin.py:190} INFO - 📝 Menyesuaikan nama kolom dengan model training...
[2025-03-11T08:04:19.688+0000] {logging_mixin.py:190} INFO - 🔧 Melakukan encoding kategori Soil_Type dan Crop_Type...
[2025-03-11T08:04:19.695+0000] {logging_mixin.py:190} INFO - 🧠 Menyiapkan fitur untuk prediksi...
[2025-03-11T08:04:19.698+0000] {logging_mixin.py:190} INFO - 🤖 Menjalankan model prediksi...
[2025-03-11T08:04:19.724+0000] {logging_mixin.py:190} INFO - ✅ Prediksi selesai:
   id predicted_fertilizer
0  39             10-10-10
1  40             10-10-10
[2025-03-11T08:04:19.725+0000] {logging_mixin.py:190} INFO - 💾 Menyimpan hasil ke tabel fertilizer_predictions...
[2025-03-11T08:04:19.771+0000] {logging_mixin.py:190} INFO - ❌ Error saat menyimpan ke database: (pymysql.err.OperationalError) (1364, "Field 'created_at' doesn't have a default value")
[SQL: INSERT INTO fertilizer_predictions (sensor_data_id, predicted_fertilizer) VALUES (%(sensor_data_id)s, %(predicted_fertilizer)s)]
[parameters: ({'sensor_data_id': 39, 'predicted_fertilizer': '10-10-10'}, {'sensor_data_id': 40, 'predicted_fertilizer': '10-10-10'})]
(Background on this error at: https://sqlalche.me/e/14/e3q8)
[2025-03-11T08:04:19.772+0000] {python.py:240} INFO - Done. Returned value was: None
[2025-03-11T08:04:19.792+0000] {taskinstance.py:340} INFO - ::group::Post task execution logs
[2025-03-11T08:04:19.794+0000] {taskinstance.py:352} INFO - Marking task as SUCCESS. dag_id=skripsi_perbaikan, task_id=predict_and_store_result, run_id=scheduled__2025-03-11T08:02:00+00:00, execution_date=20250311T080200, start_date=20250311T080418, end_date=20250311T080419
[2025-03-11T08:04:19.826+0000] {logging_mixin.py:190} INFO - Task instance in success state
[2025-03-11T08:04:19.829+0000] {logging_mixin.py:190} INFO -  Previous state of the Task instance: running
[2025-03-11T08:04:19.831+0000] {logging_mixin.py:190} INFO - Dag name:skripsi_perbaikan queued_at:2025-03-11 08:04:00.519036+00:00
[2025-03-11T08:04:19.833+0000] {logging_mixin.py:190} INFO - Task hostname:b493651eb2c9 operator:PythonOperator
[2025-03-11T08:04:19.904+0000] {local_task_job_runner.py:266} INFO - Task exited with return code 0
[2025-03-11T08:04:19.931+0000] {taskinstance.py:3895} INFO - 0 downstream tasks scheduled from follow-on schedule check
[2025-03-11T08:04:19.935+0000] {local_task_job_runner.py:245} INFO - ::endgroup::
