[2025-03-11T08:43:43.910+0000] {local_task_job_runner.py:123} INFO - ::group::Pre task execution logs
[2025-03-11T08:43:43.994+0000] {taskinstance.py:2613} INFO - Dependencies all met for dep_context=non-requeueable deps ti=<TaskInstance: skripsi_perbaikan.wait_for_new_data scheduled__2025-03-11T08:32:00+00:00 [queued]>
[2025-03-11T08:43:44.040+0000] {taskinstance.py:2613} INFO - Dependencies all met for dep_context=requeueable deps ti=<TaskInstance: skripsi_perbaikan.wait_for_new_data scheduled__2025-03-11T08:32:00+00:00 [queued]>
[2025-03-11T08:43:44.045+0000] {taskinstance.py:2866} INFO - Starting attempt 10 of 4
[2025-03-11T08:43:44.104+0000] {taskinstance.py:2889} INFO - Executing <Task(SqlSensor): wait_for_new_data> on 2025-03-11 08:32:00+00:00
[2025-03-11T08:43:44.134+0000] {logging_mixin.py:190} WARNING - /home/airflow/.local/lib/python3.12/site-packages/airflow/task/task_runner/standard_task_runner.py:70 DeprecationWarning: This process (pid=77852) is multi-threaded, use of fork() may lead to deadlocks in the child.
[2025-03-11T08:43:44.139+0000] {standard_task_runner.py:72} INFO - Started process 77912 to run task
[2025-03-11T08:43:44.147+0000] {standard_task_runner.py:104} INFO - Running: ['airflow', 'tasks', 'run', 'skripsi_perbaikan', 'wait_for_new_data', 'scheduled__2025-03-11T08:32:00+00:00', '--job-id', '4954', '--raw', '--subdir', 'DAGS_FOLDER/tugas_akhir.py', '--cfg-path', '/tmp/tmpb8rtqgv1']
[2025-03-11T08:43:44.159+0000] {standard_task_runner.py:105} INFO - Job 4954: Subtask wait_for_new_data
[2025-03-11T08:43:44.327+0000] {task_command.py:467} INFO - Running <TaskInstance: skripsi_perbaikan.wait_for_new_data scheduled__2025-03-11T08:32:00+00:00 [running]> on host b493651eb2c9
[2025-03-11T08:43:44.561+0000] {taskinstance.py:3132} INFO - Exporting env vars: AIRFLOW_CTX_DAG_OWNER='Dion Rikki' AIRFLOW_CTX_DAG_ID='skripsi_perbaikan' AIRFLOW_CTX_TASK_ID='wait_for_new_data' AIRFLOW_CTX_EXECUTION_DATE='2025-03-11T08:32:00+00:00' AIRFLOW_CTX_TRY_NUMBER='10' AIRFLOW_CTX_DAG_RUN_ID='scheduled__2025-03-11T08:32:00+00:00'
[2025-03-11T08:43:44.565+0000] {logging_mixin.py:190} INFO - Task instance is in running state
[2025-03-11T08:43:44.566+0000] {logging_mixin.py:190} INFO -  Previous state of the Task instance: queued
[2025-03-11T08:43:44.573+0000] {logging_mixin.py:190} INFO - Current task name:wait_for_new_data state:running start_date:2025-03-11 08:43:43.997162+00:00
[2025-03-11T08:43:44.576+0000] {logging_mixin.py:190} INFO - Dag name:skripsi_perbaikan and current dag run status:running
[2025-03-11T08:43:44.582+0000] {taskinstance.py:731} INFO - ::endgroup::
[2025-03-11T08:43:44.626+0000] {base.py:84} INFO - Retrieving connection 'mysql_default'
[2025-03-11T08:43:44.635+0000] {sql.py:101} INFO - Poking: 
            SELECT COUNT(*) 
            FROM tugas_akhir_sensordata s
            WHERE s.timestamp >= NOW() - INTERVAL 5 MINUTE
            AND s.soil_type IS NOT NULL
            AND s.crop_type IS NOT NULL
            AND NOT EXISTS (
                SELECT 1 
                FROM fertilizer_predictions f
                WHERE f.sensor_data_id = s.id
            )
         (with parameters None)
[2025-03-11T08:43:44.649+0000] {base.py:84} INFO - Retrieving connection 'mysql_default'
[2025-03-11T08:43:44.662+0000] {sql.py:553} INFO - Running statement: 
            SELECT COUNT(*) 
            FROM tugas_akhir_sensordata s
            WHERE s.timestamp >= NOW() - INTERVAL 5 MINUTE
            AND s.soil_type IS NOT NULL
            AND s.crop_type IS NOT NULL
            AND NOT EXISTS (
                SELECT 1 
                FROM fertilizer_predictions f
                WHERE f.sensor_data_id = s.id
            )
        , parameters: None
[2025-03-11T08:43:44.665+0000] {sql.py:562} INFO - Rows affected: 1
[2025-03-11T08:43:44.714+0000] {taskinstance.py:309} INFO - Rescheduling task, marking task as UP_FOR_RESCHEDULE
[2025-03-11T08:43:44.716+0000] {taskinstance.py:340} INFO - ::group::Post task execution logs
[2025-03-11T08:43:44.754+0000] {local_task_job_runner.py:266} INFO - Task exited with return code 0
[2025-03-11T08:43:44.844+0000] {taskinstance.py:3895} INFO - 0 downstream tasks scheduled from follow-on schedule check
[2025-03-11T08:43:44.851+0000] {local_task_job_runner.py:245} INFO - ::endgroup::
