[2025-02-25T20:30:09.337+0000] {local_task_job_runner.py:123} INFO - ::group::Pre task execution logs
[2025-02-25T20:30:09.425+0000] {taskinstance.py:2613} INFO - Dependencies all met for dep_context=non-requeueable deps ti=<TaskInstance: skripsi_akhir_perbaikan.get_data_from_db scheduled__2025-02-25T20:28:00+00:00 [queued]>
[2025-02-25T20:30:09.459+0000] {taskinstance.py:2613} INFO - Dependencies all met for dep_context=requeueable deps ti=<TaskInstance: skripsi_akhir_perbaikan.get_data_from_db scheduled__2025-02-25T20:28:00+00:00 [queued]>
[2025-02-25T20:30:09.461+0000] {taskinstance.py:2866} INFO - Starting attempt 1 of 6
[2025-02-25T20:30:09.529+0000] {taskinstance.py:2889} INFO - Executing <Task(PythonOperator): get_data_from_db> on 2025-02-25 20:28:00+00:00
[2025-02-25T20:30:09.560+0000] {logging_mixin.py:190} WARNING - /home/airflow/.local/lib/python3.12/site-packages/airflow/task/task_runner/standard_task_runner.py:70 DeprecationWarning: This process (pid=17299) is multi-threaded, use of fork() may lead to deadlocks in the child.
[2025-02-25T20:30:09.564+0000] {standard_task_runner.py:72} INFO - Started process 17321 to run task
[2025-02-25T20:30:09.562+0000] {standard_task_runner.py:104} INFO - Running: ['airflow', 'tasks', 'run', 'skripsi_akhir_perbaikan', 'get_data_from_db', 'scheduled__2025-02-25T20:28:00+00:00', '--job-id', '527', '--raw', '--subdir', 'DAGS_FOLDER/tugas_akhir.py', '--cfg-path', '/tmp/tmp8_p99xsb']
[2025-02-25T20:30:09.568+0000] {standard_task_runner.py:105} INFO - Job 527: Subtask get_data_from_db
[2025-02-25T20:30:09.718+0000] {task_command.py:467} INFO - Running <TaskInstance: skripsi_akhir_perbaikan.get_data_from_db scheduled__2025-02-25T20:28:00+00:00 [running]> on host d22a487e6b55
[2025-02-25T20:30:09.930+0000] {taskinstance.py:3132} INFO - Exporting env vars: AIRFLOW_CTX_DAG_OWNER='Dion Rikki' AIRFLOW_CTX_DAG_ID='skripsi_akhir_perbaikan' AIRFLOW_CTX_TASK_ID='get_data_from_db' AIRFLOW_CTX_EXECUTION_DATE='2025-02-25T20:28:00+00:00' AIRFLOW_CTX_TRY_NUMBER='1' AIRFLOW_CTX_DAG_RUN_ID='scheduled__2025-02-25T20:28:00+00:00'
[2025-02-25T20:30:09.936+0000] {logging_mixin.py:190} INFO - Task instance is in running state
[2025-02-25T20:30:09.938+0000] {logging_mixin.py:190} INFO -  Previous state of the Task instance: queued
[2025-02-25T20:30:09.941+0000] {logging_mixin.py:190} INFO - Current task name:get_data_from_db state:running start_date:2025-02-25 20:30:09.427009+00:00
[2025-02-25T20:30:09.942+0000] {logging_mixin.py:190} INFO - Dag name:skripsi_akhir_perbaikan and current dag run status:running
[2025-02-25T20:30:09.943+0000] {taskinstance.py:731} INFO - ::endgroup::
[2025-02-25T20:30:09.946+0000] {logging_mixin.py:190} INFO - 🔍 [1] Menghubungkan ke database MySQL...
[2025-02-25T20:30:10.008+0000] {logging_mixin.py:190} INFO - 📊 Data yang diambil dari MySQL:
   Humidity  Moisture
0      85.0      25.8
[2025-02-25T20:30:10.052+0000] {logging_mixin.py:190} INFO - ✅ Data berhasil disimpan ke XCom. Jumlah baris: 1
[2025-02-25T20:30:10.054+0000] {python.py:240} INFO - Done. Returned value was: None
[2025-02-25T20:30:10.083+0000] {taskinstance.py:340} INFO - ::group::Post task execution logs
[2025-02-25T20:30:10.085+0000] {taskinstance.py:352} INFO - Marking task as SUCCESS. dag_id=skripsi_akhir_perbaikan, task_id=get_data_from_db, run_id=scheduled__2025-02-25T20:28:00+00:00, execution_date=20250225T202800, start_date=20250225T203009, end_date=20250225T203010
[2025-02-25T20:30:10.119+0000] {logging_mixin.py:190} INFO - Task instance in success state
[2025-02-25T20:30:10.120+0000] {logging_mixin.py:190} INFO -  Previous state of the Task instance: running
[2025-02-25T20:30:10.123+0000] {logging_mixin.py:190} INFO - Dag name:skripsi_akhir_perbaikan queued_at:2025-02-25 20:30:00.525424+00:00
[2025-02-25T20:30:10.125+0000] {logging_mixin.py:190} INFO - Task hostname:d22a487e6b55 operator:PythonOperator
[2025-02-25T20:30:10.168+0000] {local_task_job_runner.py:266} INFO - Task exited with return code 0
[2025-02-25T20:30:10.225+0000] {taskinstance.py:3895} INFO - 1 downstream tasks scheduled from follow-on schedule check
[2025-02-25T20:30:10.239+0000] {local_task_job_runner.py:245} INFO - ::endgroup::
