[2025-03-01T03:33:08.346+0000] {local_task_job_runner.py:123} INFO - ::group::Pre task execution logs
[2025-03-01T03:33:08.376+0000] {taskinstance.py:2613} INFO - Dependencies all met for dep_context=non-requeueable deps ti=<TaskInstance: skripsi_akhir_perbaikan.wait_for_new_data scheduled__2025-03-01T03:30:00+00:00 [queued]>
[2025-03-01T03:33:08.394+0000] {taskinstance.py:2613} INFO - Dependencies all met for dep_context=requeueable deps ti=<TaskInstance: skripsi_akhir_perbaikan.wait_for_new_data scheduled__2025-03-01T03:30:00+00:00 [queued]>
[2025-03-01T03:33:08.395+0000] {taskinstance.py:2866} INFO - Starting attempt 2 of 6
[2025-03-01T03:33:08.428+0000] {taskinstance.py:2889} INFO - Executing <Task(SqlSensor): wait_for_new_data> on 2025-03-01 03:30:00+00:00
[2025-03-01T03:33:08.446+0000] {logging_mixin.py:190} WARNING - /home/airflow/.local/lib/python3.12/site-packages/airflow/task/task_runner/standard_task_runner.py:70 DeprecationWarning: This process (pid=58876) is multi-threaded, use of fork() may lead to deadlocks in the child.
[2025-03-01T03:33:08.446+0000] {standard_task_runner.py:104} INFO - Running: ['airflow', 'tasks', 'run', 'skripsi_akhir_perbaikan', 'wait_for_new_data', 'scheduled__2025-03-01T03:30:00+00:00', '--job-id', '9770', '--raw', '--subdir', 'DAGS_FOLDER/tugas_akhir.py', '--cfg-path', '/tmp/tmpqttjnynw']
[2025-03-01T03:33:08.448+0000] {standard_task_runner.py:72} INFO - Started process 58902 to run task
[2025-03-01T03:33:08.448+0000] {standard_task_runner.py:105} INFO - Job 9770: Subtask wait_for_new_data
[2025-03-01T03:33:08.547+0000] {task_command.py:467} INFO - Running <TaskInstance: skripsi_akhir_perbaikan.wait_for_new_data scheduled__2025-03-01T03:30:00+00:00 [running]> on host 75f595111fc8
[2025-03-01T03:33:08.772+0000] {taskinstance.py:3132} INFO - Exporting env vars: AIRFLOW_CTX_DAG_OWNER='Dion Rikki' AIRFLOW_CTX_DAG_ID='skripsi_akhir_perbaikan' AIRFLOW_CTX_TASK_ID='wait_for_new_data' AIRFLOW_CTX_EXECUTION_DATE='2025-03-01T03:30:00+00:00' AIRFLOW_CTX_TRY_NUMBER='2' AIRFLOW_CTX_DAG_RUN_ID='scheduled__2025-03-01T03:30:00+00:00'
[2025-03-01T03:33:08.776+0000] {logging_mixin.py:190} INFO - Task instance is in running state
[2025-03-01T03:33:08.778+0000] {logging_mixin.py:190} INFO -  Previous state of the Task instance: queued
[2025-03-01T03:33:08.779+0000] {logging_mixin.py:190} INFO - Current task name:wait_for_new_data state:running start_date:2025-03-01 03:33:08.377548+00:00
[2025-03-01T03:33:08.780+0000] {logging_mixin.py:190} INFO - Dag name:skripsi_akhir_perbaikan and current dag run status:running
[2025-03-01T03:33:08.782+0000] {taskinstance.py:731} INFO - ::endgroup::
[2025-03-01T03:33:08.807+0000] {base.py:84} INFO - Retrieving connection 'mysql_default'
[2025-03-01T03:33:08.813+0000] {sql.py:101} INFO - Poking: 
        SELECT COUNT(*) 
        FROM tugas_akhir_sensordata s
        WHERE s.timestamp >= NOW() - INTERVAL 5 MINUTE
        AND NOT EXISTS (
            SELECT 1 
            FROM fertilizer_predictions f
            WHERE CAST(f.id AS SIGNED) = s.id  -- Menggunakan SIGNED di sini
        )
     (with parameters None)
[2025-03-01T03:33:08.821+0000] {base.py:84} INFO - Retrieving connection 'mysql_default'
[2025-03-01T03:33:08.831+0000] {sql.py:553} INFO - Running statement: 
        SELECT COUNT(*) 
        FROM tugas_akhir_sensordata s
        WHERE s.timestamp >= NOW() - INTERVAL 5 MINUTE
        AND NOT EXISTS (
            SELECT 1 
            FROM fertilizer_predictions f
            WHERE CAST(f.id AS SIGNED) = s.id  -- Menggunakan SIGNED di sini
        )
    , parameters: None
[2025-03-01T03:33:08.833+0000] {sql.py:562} INFO - Rows affected: 1
[2025-03-01T03:33:08.883+0000] {taskinstance.py:309} INFO - Rescheduling task, marking task as UP_FOR_RESCHEDULE
[2025-03-01T03:33:08.884+0000] {taskinstance.py:340} INFO - ::group::Post task execution logs
[2025-03-01T03:33:08.922+0000] {local_task_job_runner.py:266} INFO - Task exited with return code 0
[2025-03-01T03:33:08.969+0000] {taskinstance.py:3895} INFO - 0 downstream tasks scheduled from follow-on schedule check
[2025-03-01T03:33:08.972+0000] {local_task_job_runner.py:245} INFO - ::endgroup::
