[2025-03-11T07:36:13.986+0000] {local_task_job_runner.py:123} INFO - ::group::Pre task execution logs
[2025-03-11T07:36:14.029+0000] {taskinstance.py:2613} INFO - Dependencies all met for dep_context=non-requeueable deps ti=<TaskInstance: skripsi_perbaikan.predict_and_store_result scheduled__2025-03-11T07:34:00+00:00 [queued]>
[2025-03-11T07:36:14.062+0000] {taskinstance.py:2613} INFO - Dependencies all met for dep_context=requeueable deps ti=<TaskInstance: skripsi_perbaikan.predict_and_store_result scheduled__2025-03-11T07:34:00+00:00 [queued]>
[2025-03-11T07:36:14.065+0000] {taskinstance.py:2866} INFO - Starting attempt 1 of 4
[2025-03-11T07:36:14.120+0000] {taskinstance.py:2889} INFO - Executing <Task(PythonOperator): predict_and_store_result> on 2025-03-11 07:34:00+00:00
[2025-03-11T07:36:14.149+0000] {logging_mixin.py:190} WARNING - /home/airflow/.local/lib/python3.12/site-packages/airflow/task/task_runner/standard_task_runner.py:70 DeprecationWarning: This process (pid=38394) is multi-threaded, use of fork() may lead to deadlocks in the child.
[2025-03-11T07:36:14.152+0000] {standard_task_runner.py:72} INFO - Started process 38426 to run task
[2025-03-11T07:36:14.152+0000] {standard_task_runner.py:104} INFO - Running: ['airflow', 'tasks', 'run', 'skripsi_perbaikan', 'predict_and_store_result', 'scheduled__2025-03-11T07:34:00+00:00', '--job-id', '4753', '--raw', '--subdir', 'DAGS_FOLDER/tugas_akhir.py', '--cfg-path', '/tmp/tmpqe7k2onh']
[2025-03-11T07:36:14.158+0000] {standard_task_runner.py:105} INFO - Job 4753: Subtask predict_and_store_result
[2025-03-11T07:36:14.310+0000] {task_command.py:467} INFO - Running <TaskInstance: skripsi_perbaikan.predict_and_store_result scheduled__2025-03-11T07:34:00+00:00 [running]> on host b493651eb2c9
[2025-03-11T07:36:14.599+0000] {taskinstance.py:3132} INFO - Exporting env vars: AIRFLOW_CTX_DAG_OWNER='Dion Rikki' AIRFLOW_CTX_DAG_ID='skripsi_perbaikan' AIRFLOW_CTX_TASK_ID='predict_and_store_result' AIRFLOW_CTX_EXECUTION_DATE='2025-03-11T07:34:00+00:00' AIRFLOW_CTX_TRY_NUMBER='1' AIRFLOW_CTX_DAG_RUN_ID='scheduled__2025-03-11T07:34:00+00:00'
[2025-03-11T07:36:14.604+0000] {logging_mixin.py:190} INFO - Task instance is in running state
[2025-03-11T07:36:14.607+0000] {logging_mixin.py:190} INFO -  Previous state of the Task instance: queued
[2025-03-11T07:36:14.610+0000] {logging_mixin.py:190} INFO - Current task name:predict_and_store_result state:running start_date:2025-03-11 07:36:14.031443+00:00
[2025-03-11T07:36:14.613+0000] {logging_mixin.py:190} INFO - Dag name:skripsi_perbaikan and current dag run status:running
[2025-03-11T07:36:14.615+0000] {taskinstance.py:731} INFO - ::endgroup::
[2025-03-11T07:36:14.621+0000] {logging_mixin.py:190} INFO - 🔍 [2] Memproses data dan melakukan prediksi...
[2025-03-11T07:36:14.713+0000] {logging_mixin.py:190} INFO - ✅ Data siap diproses: 1 baris
   id  Temperature  Humidity  ...  nitrogen phosphorous potassium
0  25         25.8      87.0  ...       0.0         0.0       0.0

[1 rows x 9 columns]
[2025-03-11T07:36:14.715+0000] {logging_mixin.py:190} INFO - 🔧 Melakukan encoding kategori soil_type dan crop_type...
[2025-03-11T07:36:14.729+0000] {logging_mixin.py:190} INFO - 🤖 Menjalankan model prediksi...
[2025-03-11T07:36:14.731+0000] {logging_mixin.py:190} INFO - ❌ Gagal saat prediksi: The feature names should match those that were passed during fit.
Feature names unseen at fit time:
- crop_type
- nitrogen
- phosphorous
- potassium
- soil_type
Feature names seen at fit time, yet now missing:
- Crop_Type
- Nitrogen
- Phosphorous
- Potassium
- Soil_Type
[2025-03-11T07:36:14.733+0000] {python.py:240} INFO - Done. Returned value was: None
[2025-03-11T07:36:14.762+0000] {taskinstance.py:340} INFO - ::group::Post task execution logs
[2025-03-11T07:36:14.764+0000] {taskinstance.py:352} INFO - Marking task as SUCCESS. dag_id=skripsi_perbaikan, task_id=predict_and_store_result, run_id=scheduled__2025-03-11T07:34:00+00:00, execution_date=20250311T073400, start_date=20250311T073614, end_date=20250311T073614
[2025-03-11T07:36:14.797+0000] {logging_mixin.py:190} INFO - Task instance in success state
[2025-03-11T07:36:14.799+0000] {logging_mixin.py:190} INFO -  Previous state of the Task instance: running
[2025-03-11T07:36:14.801+0000] {logging_mixin.py:190} INFO - Dag name:skripsi_perbaikan queued_at:2025-03-11 07:36:00.160437+00:00
[2025-03-11T07:36:14.806+0000] {logging_mixin.py:190} INFO - Task hostname:b493651eb2c9 operator:PythonOperator
[2025-03-11T07:36:14.845+0000] {local_task_job_runner.py:266} INFO - Task exited with return code 0
[2025-03-11T07:36:14.873+0000] {taskinstance.py:3895} INFO - 0 downstream tasks scheduled from follow-on schedule check
[2025-03-11T07:36:14.876+0000] {local_task_job_runner.py:245} INFO - ::endgroup::
