[2025-04-07T12:59:09.304+0000] {local_task_job_runner.py:123} INFO - ::group::Pre task execution logs
[2025-04-07T12:59:09.372+0000] {taskinstance.py:2613} INFO - Dependencies all met for dep_context=non-requeueable deps ti=<TaskInstance: skripsi_perbaikan.wait_for_new_data scheduled__2025-04-07T12:48:00+00:00 [queued]>
[2025-04-07T12:59:09.418+0000] {taskinstance.py:2613} INFO - Dependencies all met for dep_context=requeueable deps ti=<TaskInstance: skripsi_perbaikan.wait_for_new_data scheduled__2025-04-07T12:48:00+00:00 [queued]>
[2025-04-07T12:59:09.422+0000] {taskinstance.py:2866} INFO - Starting attempt 9 of 4
[2025-04-07T12:59:09.497+0000] {taskinstance.py:2889} INFO - Executing <Task(SqlSensor): wait_for_new_data> on 2025-04-07 12:48:00+00:00
[2025-04-07T12:59:09.534+0000] {logging_mixin.py:190} WARNING - /home/airflow/.local/lib/python3.12/site-packages/airflow/task/task_runner/standard_task_runner.py:70 DeprecationWarning: This process (pid=87043) is multi-threaded, use of fork() may lead to deadlocks in the child.
[2025-04-07T12:59:09.538+0000] {standard_task_runner.py:72} INFO - Started process 87077 to run task
[2025-04-07T12:59:09.539+0000] {standard_task_runner.py:104} INFO - Running: ['airflow', 'tasks', 'run', 'skripsi_perbaikan', 'wait_for_new_data', 'scheduled__2025-04-07T12:48:00+00:00', '--job-id', '1738', '--raw', '--subdir', 'DAGS_FOLDER/tugas_akhir.py', '--cfg-path', '/tmp/tmpq5baw694']
[2025-04-07T12:59:09.544+0000] {standard_task_runner.py:105} INFO - Job 1738: Subtask wait_for_new_data
[2025-04-07T12:59:09.686+0000] {task_command.py:467} INFO - Running <TaskInstance: skripsi_perbaikan.wait_for_new_data scheduled__2025-04-07T12:48:00+00:00 [running]> on host a9576c91091e
[2025-04-07T12:59:09.967+0000] {taskinstance.py:3132} INFO - Exporting env vars: AIRFLOW_CTX_DAG_OWNER='Dion Rikki' AIRFLOW_CTX_DAG_ID='skripsi_perbaikan' AIRFLOW_CTX_TASK_ID='wait_for_new_data' AIRFLOW_CTX_EXECUTION_DATE='2025-04-07T12:48:00+00:00' AIRFLOW_CTX_TRY_NUMBER='9' AIRFLOW_CTX_DAG_RUN_ID='scheduled__2025-04-07T12:48:00+00:00'
[2025-04-07T12:59:09.973+0000] {logging_mixin.py:190} INFO - Task instance is in running state
[2025-04-07T12:59:09.975+0000] {logging_mixin.py:190} INFO -  Previous state of the Task instance: queued
[2025-04-07T12:59:09.976+0000] {logging_mixin.py:190} INFO - Current task name:wait_for_new_data state:running start_date:2025-04-07 12:59:09.377410+00:00
[2025-04-07T12:59:09.978+0000] {logging_mixin.py:190} INFO - Dag name:skripsi_perbaikan and current dag run status:running
[2025-04-07T12:59:09.980+0000] {taskinstance.py:731} INFO - ::endgroup::
[2025-04-07T12:59:10.011+0000] {base.py:84} INFO - Retrieving connection 'mysql_default'
[2025-04-07T12:59:10.019+0000] {sql.py:101} INFO - Poking: 
            SELECT COUNT(*) 
            FROM tugas_akhir_sensordata s
            WHERE s.timestamp >= NOW() - INTERVAL 5 MINUTE
            AND s.soil_type IS NOT NULL
            AND s.crop_type IS NOT NULL
            AND NOT EXISTS (
                SELECT 1 
                FROM fertilizer_predictions f
                WHERE f.sensor_data_id = s.id
            )
         (with parameters None)
[2025-04-07T12:59:10.031+0000] {base.py:84} INFO - Retrieving connection 'mysql_default'
[2025-04-07T12:59:10.041+0000] {sql.py:553} INFO - Running statement: 
            SELECT COUNT(*) 
            FROM tugas_akhir_sensordata s
            WHERE s.timestamp >= NOW() - INTERVAL 5 MINUTE
            AND s.soil_type IS NOT NULL
            AND s.crop_type IS NOT NULL
            AND NOT EXISTS (
                SELECT 1 
                FROM fertilizer_predictions f
                WHERE f.sensor_data_id = s.id
            )
        , parameters: None
[2025-04-07T12:59:10.045+0000] {sql.py:562} INFO - Rows affected: 1
[2025-04-07T12:59:10.102+0000] {taskinstance.py:309} INFO - Rescheduling task, marking task as UP_FOR_RESCHEDULE
[2025-04-07T12:59:10.104+0000] {taskinstance.py:340} INFO - ::group::Post task execution logs
[2025-04-07T12:59:10.150+0000] {local_task_job_runner.py:266} INFO - Task exited with return code 0
[2025-04-07T12:59:10.191+0000] {local_task_job_runner.py:245} INFO - ::endgroup::
