[2025-04-22T05:35:51.099+0000] {local_task_job_runner.py:123} INFO - ::group::Pre task execution logs
[2025-04-22T05:35:51.182+0000] {taskinstance.py:2613} INFO - Dependencies all met for dep_context=non-requeueable deps ti=<TaskInstance: perbaikan_skripsi.wait_for_new_data scheduled__2025-04-22T05:29:00+00:00 [queued]>
[2025-04-22T05:35:51.210+0000] {taskinstance.py:2613} INFO - Dependencies all met for dep_context=requeueable deps ti=<TaskInstance: perbaikan_skripsi.wait_for_new_data scheduled__2025-04-22T05:29:00+00:00 [queued]>
[2025-04-22T05:35:51.211+0000] {taskinstance.py:2866} INFO - Starting attempt 6 of 4
[2025-04-22T05:35:51.466+0000] {taskinstance.py:2889} INFO - Executing <Task(SqlSensor): wait_for_new_data> on 2025-04-22 05:29:00+00:00
[2025-04-22T05:35:51.509+0000] {logging_mixin.py:190} WARNING - /home/airflow/.local/lib/python3.12/site-packages/airflow/task/task_runner/standard_task_runner.py:70 DeprecationWarning: This process (pid=12737) is multi-threaded, use of fork() may lead to deadlocks in the child.
[2025-04-22T05:35:51.514+0000] {standard_task_runner.py:72} INFO - Started process 12769 to run task
[2025-04-22T05:35:51.515+0000] {standard_task_runner.py:104} INFO - Running: ['airflow', 'tasks', 'run', 'perbaikan_skripsi', 'wait_for_new_data', 'scheduled__2025-04-22T05:29:00+00:00', '--job-id', '3692', '--raw', '--subdir', 'DAGS_FOLDER/tugas_akhir.py', '--cfg-path', '/tmp/tmpywoe2_ko']
[2025-04-22T05:35:51.518+0000] {standard_task_runner.py:105} INFO - Job 3692: Subtask wait_for_new_data
[2025-04-22T05:35:51.862+0000] {task_command.py:467} INFO - Running <TaskInstance: perbaikan_skripsi.wait_for_new_data scheduled__2025-04-22T05:29:00+00:00 [running]> on host a38b69ba8f8a
[2025-04-22T05:35:52.698+0000] {taskinstance.py:3132} INFO - Exporting env vars: AIRFLOW_CTX_DAG_OWNER='Dion Rikki' AIRFLOW_CTX_DAG_ID='perbaikan_skripsi' AIRFLOW_CTX_TASK_ID='wait_for_new_data' AIRFLOW_CTX_EXECUTION_DATE='2025-04-22T05:29:00+00:00' AIRFLOW_CTX_TRY_NUMBER='6' AIRFLOW_CTX_DAG_RUN_ID='scheduled__2025-04-22T05:29:00+00:00'
[2025-04-22T05:35:52.703+0000] {logging_mixin.py:190} INFO - Task instance is in running state
[2025-04-22T05:35:52.705+0000] {logging_mixin.py:190} INFO -  Previous state of the Task instance: queued
[2025-04-22T05:35:52.706+0000] {logging_mixin.py:190} INFO - Current task name:wait_for_new_data state:running start_date:2025-04-22 05:35:51.184120+00:00
[2025-04-22T05:35:52.708+0000] {logging_mixin.py:190} INFO - Dag name:perbaikan_skripsi and current dag run status:running
[2025-04-22T05:35:52.712+0000] {taskinstance.py:731} INFO - ::endgroup::
[2025-04-22T05:35:52.761+0000] {base.py:84} INFO - Retrieving connection 'mysql_default'
[2025-04-22T05:35:52.769+0000] {sql.py:101} INFO - Poking: 
            SELECT COUNT(*) 
            FROM tugas_akhir_sensordata s
            WHERE s.timestamp >= NOW() - INTERVAL 3 MINUTE
            AND s.soil_type IS NOT NULL
            AND s.crop_type IS NOT NULL
            AND NOT EXISTS (
                SELECT 1 
                FROM fertilizer_predictions f
                WHERE f.sensor_data_id = s.id
            )
         (with parameters None)
[2025-04-22T05:35:52.795+0000] {base.py:84} INFO - Retrieving connection 'mysql_default'
[2025-04-22T05:35:52.808+0000] {sql.py:553} INFO - Running statement: 
            SELECT COUNT(*) 
            FROM tugas_akhir_sensordata s
            WHERE s.timestamp >= NOW() - INTERVAL 3 MINUTE
            AND s.soil_type IS NOT NULL
            AND s.crop_type IS NOT NULL
            AND NOT EXISTS (
                SELECT 1 
                FROM fertilizer_predictions f
                WHERE f.sensor_data_id = s.id
            )
        , parameters: None
[2025-04-22T05:35:52.810+0000] {sql.py:562} INFO - Rows affected: 1
[2025-04-22T05:35:52.876+0000] {taskinstance.py:309} INFO - Rescheduling task, marking task as UP_FOR_RESCHEDULE
[2025-04-22T05:35:52.877+0000] {taskinstance.py:340} INFO - ::group::Post task execution logs
[2025-04-22T05:35:52.909+0000] {local_task_job_runner.py:266} INFO - Task exited with return code 0
[2025-04-22T05:35:52.977+0000] {taskinstance.py:3895} INFO - 0 downstream tasks scheduled from follow-on schedule check
[2025-04-22T05:35:52.980+0000] {local_task_job_runner.py:245} INFO - ::endgroup::
