[2025-02-25T21:08:12.559+0000] {local_task_job_runner.py:123} INFO - ::group::Pre task execution logs
[2025-02-25T21:08:12.591+0000] {taskinstance.py:2613} INFO - Dependencies all met for dep_context=non-requeueable deps ti=<TaskInstance: skripsi_akhir_perbaikan.predict_and_store_result scheduled__2025-02-25T21:06:00+00:00 [queued]>
[2025-02-25T21:08:12.617+0000] {taskinstance.py:2613} INFO - Dependencies all met for dep_context=requeueable deps ti=<TaskInstance: skripsi_akhir_perbaikan.predict_and_store_result scheduled__2025-02-25T21:06:00+00:00 [queued]>
[2025-02-25T21:08:12.619+0000] {taskinstance.py:2866} INFO - Starting attempt 1 of 6
[2025-02-25T21:08:12.674+0000] {taskinstance.py:2889} INFO - Executing <Task(PythonOperator): predict_and_store_result> on 2025-02-25 21:06:00+00:00
[2025-02-25T21:08:12.707+0000] {logging_mixin.py:190} WARNING - /home/airflow/.local/lib/python3.12/site-packages/airflow/task/task_runner/standard_task_runner.py:70 DeprecationWarning: This process (pid=39310) is multi-threaded, use of fork() may lead to deadlocks in the child.
[2025-02-25T21:08:12.708+0000] {standard_task_runner.py:104} INFO - Running: ['airflow', 'tasks', 'run', 'skripsi_akhir_perbaikan', 'predict_and_store_result', 'scheduled__2025-02-25T21:06:00+00:00', '--job-id', '606', '--raw', '--subdir', 'DAGS_FOLDER/tugas_akhir.py', '--cfg-path', '/tmp/tmpd0rppzgw']
[2025-02-25T21:08:12.712+0000] {standard_task_runner.py:105} INFO - Job 606: Subtask predict_and_store_result
[2025-02-25T21:08:12.712+0000] {standard_task_runner.py:72} INFO - Started process 39332 to run task
[2025-02-25T21:08:12.852+0000] {task_command.py:467} INFO - Running <TaskInstance: skripsi_akhir_perbaikan.predict_and_store_result scheduled__2025-02-25T21:06:00+00:00 [running]> on host d22a487e6b55
[2025-02-25T21:08:13.026+0000] {taskinstance.py:3132} INFO - Exporting env vars: AIRFLOW_CTX_DAG_OWNER='Dion Rikki' AIRFLOW_CTX_DAG_ID='skripsi_akhir_perbaikan' AIRFLOW_CTX_TASK_ID='predict_and_store_result' AIRFLOW_CTX_EXECUTION_DATE='2025-02-25T21:06:00+00:00' AIRFLOW_CTX_TRY_NUMBER='1' AIRFLOW_CTX_DAG_RUN_ID='scheduled__2025-02-25T21:06:00+00:00'
[2025-02-25T21:08:13.030+0000] {logging_mixin.py:190} INFO - Task instance is in running state
[2025-02-25T21:08:13.031+0000] {logging_mixin.py:190} INFO -  Previous state of the Task instance: queued
[2025-02-25T21:08:13.032+0000] {logging_mixin.py:190} INFO - Current task name:predict_and_store_result state:running start_date:2025-02-25 21:08:12.593786+00:00
[2025-02-25T21:08:13.033+0000] {logging_mixin.py:190} INFO - Dag name:skripsi_akhir_perbaikan and current dag run status:running
[2025-02-25T21:08:13.034+0000] {taskinstance.py:731} INFO - ::endgroup::
[2025-02-25T21:08:13.036+0000] {logging_mixin.py:190} INFO - 🔍 [1] Mengambil data dari XCom...
[2025-02-25T21:08:13.050+0000] {logging_mixin.py:190} INFO - ✅ [2] Data diterima dari XCom. Jumlah baris: 2
[2025-02-25T21:08:13.051+0000] {logging_mixin.py:190} INFO - 📊 Data contoh:
[{'Humidity': 90.0, 'Moisture': 26.2}, {'Humidity': 88.0, 'Moisture': 28.9}]
[2025-02-25T21:08:13.062+0000] {logging_mixin.py:190} INFO - 🤖 [3] Melakukan prediksi dengan model RandomForest...
[2025-02-25T21:08:13.097+0000] {logging_mixin.py:190} INFO - 📌 [4] Hasil prediksi:
   Humidity  Moisture  Predicted_Fertilizer
0      90.0      26.2                     5
1      88.0      28.9                     5
[2025-02-25T21:08:13.098+0000] {logging_mixin.py:190} INFO - 💾 [5] Menyimpan hasil prediksi ke database...
[2025-02-25T21:08:13.130+0000] {logging_mixin.py:190} INFO - ✅ Hasil prediksi berhasil disimpan ke database!
[2025-02-25T21:08:13.131+0000] {python.py:240} INFO - Done. Returned value was: None
[2025-02-25T21:08:13.146+0000] {taskinstance.py:340} INFO - ::group::Post task execution logs
[2025-02-25T21:08:13.148+0000] {taskinstance.py:352} INFO - Marking task as SUCCESS. dag_id=skripsi_akhir_perbaikan, task_id=predict_and_store_result, run_id=scheduled__2025-02-25T21:06:00+00:00, execution_date=20250225T210600, start_date=20250225T210812, end_date=20250225T210813
[2025-02-25T21:08:13.172+0000] {logging_mixin.py:190} INFO - Task instance in success state
[2025-02-25T21:08:13.174+0000] {logging_mixin.py:190} INFO -  Previous state of the Task instance: running
[2025-02-25T21:08:13.175+0000] {logging_mixin.py:190} INFO - Dag name:skripsi_akhir_perbaikan queued_at:2025-02-25 21:08:00.432375+00:00
[2025-02-25T21:08:13.177+0000] {logging_mixin.py:190} INFO - Task hostname:d22a487e6b55 operator:PythonOperator
[2025-02-25T21:08:13.195+0000] {local_task_job_runner.py:266} INFO - Task exited with return code 0
[2025-02-25T21:08:13.223+0000] {taskinstance.py:3895} INFO - 0 downstream tasks scheduled from follow-on schedule check
[2025-02-25T21:08:13.226+0000] {local_task_job_runner.py:245} INFO - ::endgroup::
