[2025-02-25T11:33:12.207+0000] {local_task_job_runner.py:123} INFO - ::group::Pre task execution logs
[2025-02-25T11:33:12.339+0000] {taskinstance.py:2613} INFO - Dependencies all met for dep_context=non-requeueable deps ti=<TaskInstance: percobaan_akhir.predict_and_store_result manual__2025-02-25T11:32:47.110643+00:00 [queued]>
[2025-02-25T11:33:12.403+0000] {taskinstance.py:2613} INFO - Dependencies all met for dep_context=requeueable deps ti=<TaskInstance: percobaan_akhir.predict_and_store_result manual__2025-02-25T11:32:47.110643+00:00 [queued]>
[2025-02-25T11:33:12.407+0000] {taskinstance.py:2866} INFO - Starting attempt 1 of 6
[2025-02-25T11:33:12.496+0000] {taskinstance.py:2889} INFO - Executing <Task(PythonOperator): predict_and_store_result> on 2025-02-25 11:32:47.110643+00:00
[2025-02-25T11:33:12.546+0000] {standard_task_runner.py:104} INFO - Running: ['airflow', 'tasks', 'run', 'percobaan_akhir', 'predict_and_store_result', 'manual__2025-02-25T11:32:47.110643+00:00', '--job-id', '11', '--raw', '--subdir', 'DAGS_FOLDER/tugas_akhir.py', '--cfg-path', '/tmp/tmpy6wbnio7']
[2025-02-25T11:33:12.554+0000] {standard_task_runner.py:105} INFO - Job 11: Subtask predict_and_store_result
[2025-02-25T11:33:12.573+0000] {logging_mixin.py:190} WARNING - /home/airflow/.local/lib/python3.12/site-packages/airflow/task/task_runner/standard_task_runner.py:70 DeprecationWarning: This process (pid=18258) is multi-threaded, use of fork() may lead to deadlocks in the child.
[2025-02-25T11:33:12.582+0000] {standard_task_runner.py:72} INFO - Started process 18387 to run task
[2025-02-25T11:33:13.331+0000] {task_command.py:467} INFO - Running <TaskInstance: percobaan_akhir.predict_and_store_result manual__2025-02-25T11:32:47.110643+00:00 [running]> on host 15e5b1e5ccc7
[2025-02-25T11:33:13.681+0000] {taskinstance.py:3132} INFO - Exporting env vars: AIRFLOW_CTX_DAG_OWNER='Dion Rikki' AIRFLOW_CTX_DAG_ID='percobaan_akhir' AIRFLOW_CTX_TASK_ID='predict_and_store_result' AIRFLOW_CTX_EXECUTION_DATE='2025-02-25T11:32:47.110643+00:00' AIRFLOW_CTX_TRY_NUMBER='1' AIRFLOW_CTX_DAG_RUN_ID='manual__2025-02-25T11:32:47.110643+00:00'
[2025-02-25T11:33:13.686+0000] {logging_mixin.py:190} INFO - Task instance is in running state
[2025-02-25T11:33:13.688+0000] {logging_mixin.py:190} INFO -  Previous state of the Task instance: queued
[2025-02-25T11:33:13.690+0000] {logging_mixin.py:190} INFO - Current task name:predict_and_store_result state:running start_date:2025-02-25 11:33:12.346766+00:00
[2025-02-25T11:33:13.693+0000] {logging_mixin.py:190} INFO - Dag name:percobaan_akhir and current dag run status:running
[2025-02-25T11:33:13.695+0000] {taskinstance.py:731} INFO - ::endgroup::
[2025-02-25T11:33:13.700+0000] {logging_mixin.py:190} INFO - 🔍 [1] Mengambil data dari XCom...
[2025-02-25T11:33:13.754+0000] {logging_mixin.py:190} INFO - ✅ [2] Data diterima dari XCom. Jumlah baris: 7
[2025-02-25T11:33:13.757+0000] {logging_mixin.py:190} INFO - 📊 Data contoh:
[{'Humidity': 86.0, 'Moisture': 25.8}, {'Humidity': 86.0, 'Moisture': 25.8}, {'Humidity': 94.0, 'Moisture': 26.2}, {'Humidity': 88.0, 'Moisture': 26.2}, {'Humidity': 86.0, 'Moisture': 26.1}]
[2025-02-25T11:33:13.771+0000] {logging_mixin.py:190} INFO - 🔄 [3] Melakukan scaling pada data...
[2025-02-25T11:33:13.801+0000] {logging_mixin.py:190} INFO - 🔢 Data setelah scaling:
[[0.8        0.02      ]
 [0.8        0.02      ]
 [0.97777778 0.03      ]
 [0.84444444 0.03      ]
 [0.8        0.0275    ]]
[2025-02-25T11:33:13.803+0000] {logging_mixin.py:190} INFO - 🤖 [4] Melakukan prediksi dengan model...
[2025-02-25T13:57:24.778+0000] {job.py:229} INFO - Heartbeat recovered after 20.70 seconds
[2025-02-25T13:57:31.071+0000] {job.py:229} INFO - Heartbeat recovered after 21.80 seconds
[2025-02-25T15:58:07.692+0000] {job.py:229} INFO - Heartbeat recovered after 12.39 seconds
[2025-02-25T16:00:06.006+0000] {local_task_job_runner.py:127} ERROR - Received SIGTERM. Terminating subprocesses
[2025-02-25T16:00:06.676+0000] {process_utils.py:132} INFO - Sending 15 to group 18387. PIDs of all processes in the group: [18387]
[2025-02-25T16:00:06.815+0000] {process_utils.py:87} INFO - Sending the signal 15 to group 18387
[2025-02-25T16:00:14.669+0000] {local_task_job_runner.py:127} ERROR - Received SIGTERM. Terminating subprocesses
