[2025-04-21T11:11:32.346+0000] {local_task_job_runner.py:123} INFO - ::group::Pre task execution logs
[2025-04-21T11:11:32.432+0000] {taskinstance.py:2613} INFO - Dependencies all met for dep_context=non-requeueable deps ti=<TaskInstance: perbaikan_skripsi.wait_for_new_data scheduled__2025-04-21T11:00:00+00:00 [queued]>
[2025-04-21T11:11:32.471+0000] {taskinstance.py:2613} INFO - Dependencies all met for dep_context=requeueable deps ti=<TaskInstance: perbaikan_skripsi.wait_for_new_data scheduled__2025-04-21T11:00:00+00:00 [queued]>
[2025-04-21T11:11:32.472+0000] {taskinstance.py:2866} INFO - Starting attempt 9 of 4
[2025-04-21T11:11:32.543+0000] {taskinstance.py:2889} INFO - Executing <Task(SqlSensor): wait_for_new_data> on 2025-04-21 11:00:00+00:00
[2025-04-21T11:11:32.630+0000] {logging_mixin.py:190} WARNING - /home/airflow/.local/lib/python3.12/site-packages/airflow/task/task_runner/standard_task_runner.py:70 DeprecationWarning: This process (pid=7640) is multi-threaded, use of fork() may lead to deadlocks in the child.
[2025-04-21T11:11:32.624+0000] {standard_task_runner.py:104} INFO - Running: ['airflow', 'tasks', 'run', 'perbaikan_skripsi', 'wait_for_new_data', 'scheduled__2025-04-21T11:00:00+00:00', '--job-id', '9376', '--raw', '--subdir', 'DAGS_FOLDER/tugas_akhir.py', '--cfg-path', '/tmp/tmpfnfn1lwp']
[2025-04-21T11:11:32.639+0000] {standard_task_runner.py:105} INFO - Job 9376: Subtask wait_for_new_data
[2025-04-21T11:11:32.635+0000] {standard_task_runner.py:72} INFO - Started process 7756 to run task
[2025-04-21T11:11:32.985+0000] {task_command.py:467} INFO - Running <TaskInstance: perbaikan_skripsi.wait_for_new_data scheduled__2025-04-21T11:00:00+00:00 [running]> on host a9576c91091e
[2025-04-21T11:11:34.769+0000] {taskinstance.py:3132} INFO - Exporting env vars: AIRFLOW_CTX_DAG_OWNER='Dion Rikki' AIRFLOW_CTX_DAG_ID='perbaikan_skripsi' AIRFLOW_CTX_TASK_ID='wait_for_new_data' AIRFLOW_CTX_EXECUTION_DATE='2025-04-21T11:00:00+00:00' AIRFLOW_CTX_TRY_NUMBER='9' AIRFLOW_CTX_DAG_RUN_ID='scheduled__2025-04-21T11:00:00+00:00'
[2025-04-21T11:11:34.808+0000] {logging_mixin.py:190} INFO - Task instance is in running state
[2025-04-21T11:11:34.825+0000] {logging_mixin.py:190} INFO -  Previous state of the Task instance: queued
[2025-04-21T11:11:34.838+0000] {logging_mixin.py:190} INFO - Current task name:wait_for_new_data state:running start_date:2025-04-21 11:11:32.436855+00:00
[2025-04-21T11:11:34.844+0000] {logging_mixin.py:190} INFO - Dag name:perbaikan_skripsi and current dag run status:running
[2025-04-21T11:11:34.890+0000] {taskinstance.py:731} INFO - ::endgroup::
[2025-04-21T11:11:35.010+0000] {base.py:84} INFO - Retrieving connection 'mysql_default'
[2025-04-21T11:11:35.020+0000] {sql.py:101} INFO - Poking: 
            SELECT COUNT(*) 
            FROM tugas_akhir_sensordata s
            WHERE s.timestamp >= NOW() - INTERVAL 3 MINUTE
            AND s.soil_type IS NOT NULL
            AND s.crop_type IS NOT NULL
            AND NOT EXISTS (
                SELECT 1 
                FROM fertilizer_predictions f
                WHERE f.sensor_data_id = s.id
            )
         (with parameters None)
[2025-04-21T11:11:35.032+0000] {base.py:84} INFO - Retrieving connection 'mysql_default'
[2025-04-21T11:11:35.043+0000] {sql.py:553} INFO - Running statement: 
            SELECT COUNT(*) 
            FROM tugas_akhir_sensordata s
            WHERE s.timestamp >= NOW() - INTERVAL 3 MINUTE
            AND s.soil_type IS NOT NULL
            AND s.crop_type IS NOT NULL
            AND NOT EXISTS (
                SELECT 1 
                FROM fertilizer_predictions f
                WHERE f.sensor_data_id = s.id
            )
        , parameters: None
[2025-04-21T11:11:35.045+0000] {sql.py:562} INFO - Rows affected: 1
[2025-04-21T11:11:35.047+0000] {base.py:336} INFO - Success criteria met. Exiting.
[2025-04-21T11:11:35.066+0000] {taskinstance.py:340} INFO - ::group::Post task execution logs
[2025-04-21T11:11:35.067+0000] {taskinstance.py:352} INFO - Marking task as SUCCESS. dag_id=perbaikan_skripsi, task_id=wait_for_new_data, run_id=scheduled__2025-04-21T11:00:00+00:00, execution_date=20250421T110000, start_date=20250421T111132, end_date=20250421T111135
[2025-04-21T11:11:38.434+0000] {logging_mixin.py:190} INFO - Task instance in success state
[2025-04-21T11:11:38.457+0000] {logging_mixin.py:190} INFO -  Previous state of the Task instance: running
[2025-04-21T11:11:38.458+0000] {logging_mixin.py:190} INFO - Dag name:perbaikan_skripsi queued_at:2025-04-21 11:01:01.369219+00:00
[2025-04-21T11:11:38.460+0000] {logging_mixin.py:190} INFO - Task hostname:a9576c91091e operator:SqlSensor
[2025-04-21T11:11:42.767+0000] {job.py:229} INFO - Heartbeat recovered after 10.90 seconds
[2025-04-21T11:11:42.860+0000] {local_task_job_runner.py:266} INFO - Task exited with return code 0
[2025-04-21T11:11:43.246+0000] {taskinstance.py:3895} INFO - 1 downstream tasks scheduled from follow-on schedule check
[2025-04-21T11:11:43.311+0000] {local_task_job_runner.py:245} INFO - ::endgroup::
