[2025-04-21T11:12:09.020+0000] {local_task_job_runner.py:123} INFO - ::group::Pre task execution logs
[2025-04-21T11:12:09.258+0000] {taskinstance.py:2613} INFO - Dependencies all met for dep_context=non-requeueable deps ti=<TaskInstance: perbaikan_skripsi.wait_for_new_data scheduled__2025-04-21T11:02:00+00:00 [queued]>
[2025-04-21T11:12:09.375+0000] {taskinstance.py:2613} INFO - Dependencies all met for dep_context=requeueable deps ti=<TaskInstance: perbaikan_skripsi.wait_for_new_data scheduled__2025-04-21T11:02:00+00:00 [queued]>
[2025-04-21T11:12:09.390+0000] {taskinstance.py:2866} INFO - Starting attempt 8 of 4
[2025-04-21T11:12:10.712+0000] {taskinstance.py:2889} INFO - Executing <Task(SqlSensor): wait_for_new_data> on 2025-04-21 11:02:00+00:00
[2025-04-21T11:12:10.919+0000] {logging_mixin.py:190} WARNING - /home/airflow/.local/lib/python3.12/site-packages/airflow/task/task_runner/standard_task_runner.py:70 DeprecationWarning: This process (pid=7815) is multi-threaded, use of fork() may lead to deadlocks in the child.
[2025-04-21T11:12:10.924+0000] {standard_task_runner.py:72} INFO - Started process 7942 to run task
[2025-04-21T11:12:11.021+0000] {standard_task_runner.py:104} INFO - Running: ['airflow', 'tasks', 'run', 'perbaikan_skripsi', 'wait_for_new_data', 'scheduled__2025-04-21T11:02:00+00:00', '--job-id', '9383', '--raw', '--subdir', 'DAGS_FOLDER/tugas_akhir.py', '--cfg-path', '/tmp/tmpzq2o2oou']
[2025-04-21T11:12:11.089+0000] {standard_task_runner.py:105} INFO - Job 9383: Subtask wait_for_new_data
[2025-04-21T11:12:11.917+0000] {task_command.py:467} INFO - Running <TaskInstance: perbaikan_skripsi.wait_for_new_data scheduled__2025-04-21T11:02:00+00:00 [running]> on host a9576c91091e
[2025-04-21T11:12:16.131+0000] {taskinstance.py:3132} INFO - Exporting env vars: AIRFLOW_CTX_DAG_OWNER='Dion Rikki' AIRFLOW_CTX_DAG_ID='perbaikan_skripsi' AIRFLOW_CTX_TASK_ID='wait_for_new_data' AIRFLOW_CTX_EXECUTION_DATE='2025-04-21T11:02:00+00:00' AIRFLOW_CTX_TRY_NUMBER='8' AIRFLOW_CTX_DAG_RUN_ID='scheduled__2025-04-21T11:02:00+00:00'
[2025-04-21T11:12:16.136+0000] {logging_mixin.py:190} INFO - Task instance is in running state
[2025-04-21T11:12:16.145+0000] {logging_mixin.py:190} INFO -  Previous state of the Task instance: queued
[2025-04-21T11:12:16.147+0000] {logging_mixin.py:190} INFO - Current task name:wait_for_new_data state:running start_date:2025-04-21 11:12:09.264516+00:00
[2025-04-21T11:12:16.147+0000] {logging_mixin.py:190} INFO - Dag name:perbaikan_skripsi and current dag run status:running
[2025-04-21T11:12:16.148+0000] {taskinstance.py:731} INFO - ::endgroup::
[2025-04-21T11:12:16.251+0000] {base.py:84} INFO - Retrieving connection 'mysql_default'
[2025-04-21T11:12:16.267+0000] {sql.py:101} INFO - Poking: 
            SELECT COUNT(*) 
            FROM tugas_akhir_sensordata s
            WHERE s.timestamp >= NOW() - INTERVAL 3 MINUTE
            AND s.soil_type IS NOT NULL
            AND s.crop_type IS NOT NULL
            AND NOT EXISTS (
                SELECT 1 
                FROM fertilizer_predictions f
                WHERE f.sensor_data_id = s.id
            )
         (with parameters None)
[2025-04-21T11:12:16.300+0000] {base.py:84} INFO - Retrieving connection 'mysql_default'
[2025-04-21T11:12:16.376+0000] {sql.py:553} INFO - Running statement: 
            SELECT COUNT(*) 
            FROM tugas_akhir_sensordata s
            WHERE s.timestamp >= NOW() - INTERVAL 3 MINUTE
            AND s.soil_type IS NOT NULL
            AND s.crop_type IS NOT NULL
            AND NOT EXISTS (
                SELECT 1 
                FROM fertilizer_predictions f
                WHERE f.sensor_data_id = s.id
            )
        , parameters: None
[2025-04-21T11:12:16.398+0000] {sql.py:562} INFO - Rows affected: 1
[2025-04-21T11:12:16.406+0000] {base.py:336} INFO - Success criteria met. Exiting.
[2025-04-21T11:12:16.497+0000] {taskinstance.py:340} INFO - ::group::Post task execution logs
[2025-04-21T11:12:16.507+0000] {taskinstance.py:352} INFO - Marking task as SUCCESS. dag_id=perbaikan_skripsi, task_id=wait_for_new_data, run_id=scheduled__2025-04-21T11:02:00+00:00, execution_date=20250421T110200, start_date=20250421T111209, end_date=20250421T111216
[2025-04-21T11:12:16.671+0000] {logging_mixin.py:190} INFO - Task instance in success state
[2025-04-21T11:12:16.673+0000] {logging_mixin.py:190} INFO -  Previous state of the Task instance: running
[2025-04-21T11:12:16.687+0000] {logging_mixin.py:190} INFO - Dag name:perbaikan_skripsi queued_at:2025-04-21 11:03:00.104422+00:00
[2025-04-21T11:12:16.689+0000] {logging_mixin.py:190} INFO - Task hostname:a9576c91091e operator:SqlSensor
[2025-04-21T11:12:16.849+0000] {local_task_job_runner.py:266} INFO - Task exited with return code 0
[2025-04-21T11:12:16.956+0000] {local_task_job_runner.py:245} INFO - ::endgroup::
