[2025-02-25T19:27:45.070+0000] {local_task_job_runner.py:123} INFO - ::group::Pre task execution logs
[2025-02-25T19:27:45.252+0000] {taskinstance.py:2613} INFO - Dependencies all met for dep_context=non-requeueable deps ti=<TaskInstance: skripsi.get_data_from_db scheduled__2025-02-25T19:24:00+00:00 [queued]>
[2025-02-25T19:27:45.317+0000] {taskinstance.py:2613} INFO - Dependencies all met for dep_context=requeueable deps ti=<TaskInstance: skripsi.get_data_from_db scheduled__2025-02-25T19:24:00+00:00 [queued]>
[2025-02-25T19:27:45.329+0000] {taskinstance.py:2866} INFO - Starting attempt 1 of 6
[2025-02-25T19:27:45.405+0000] {taskinstance.py:2889} INFO - Executing <Task(PythonOperator): get_data_from_db> on 2025-02-25 19:24:00+00:00
[2025-02-25T19:27:45.461+0000] {logging_mixin.py:190} WARNING - /home/airflow/.local/lib/python3.12/site-packages/airflow/task/task_runner/standard_task_runner.py:70 DeprecationWarning: This process (pid=80575) is multi-threaded, use of fork() may lead to deadlocks in the child.
[2025-02-25T19:27:45.466+0000] {standard_task_runner.py:72} INFO - Started process 80663 to run task
[2025-02-25T19:27:45.463+0000] {standard_task_runner.py:104} INFO - Running: ['airflow', 'tasks', 'run', 'skripsi', 'get_data_from_db', 'scheduled__2025-02-25T19:24:00+00:00', '--job-id', '325', '--raw', '--subdir', 'DAGS_FOLDER/tugas_akhir.py', '--cfg-path', '/tmp/tmp79zynrf_']
[2025-02-25T19:27:45.474+0000] {standard_task_runner.py:105} INFO - Job 325: Subtask get_data_from_db
[2025-02-25T19:27:45.792+0000] {task_command.py:467} INFO - Running <TaskInstance: skripsi.get_data_from_db scheduled__2025-02-25T19:24:00+00:00 [running]> on host d22a487e6b55
[2025-02-25T19:27:46.431+0000] {taskinstance.py:3132} INFO - Exporting env vars: AIRFLOW_CTX_DAG_OWNER='Dion Rikki' AIRFLOW_CTX_DAG_ID='skripsi' AIRFLOW_CTX_TASK_ID='get_data_from_db' AIRFLOW_CTX_EXECUTION_DATE='2025-02-25T19:24:00+00:00' AIRFLOW_CTX_TRY_NUMBER='1' AIRFLOW_CTX_DAG_RUN_ID='scheduled__2025-02-25T19:24:00+00:00'
[2025-02-25T19:27:46.444+0000] {logging_mixin.py:190} INFO - Task instance is in running state
[2025-02-25T19:27:46.450+0000] {logging_mixin.py:190} INFO -  Previous state of the Task instance: queued
[2025-02-25T19:27:46.452+0000] {logging_mixin.py:190} INFO - Current task name:get_data_from_db state:running start_date:2025-02-25 19:27:45.255554+00:00
[2025-02-25T19:27:46.457+0000] {logging_mixin.py:190} INFO - Dag name:skripsi and current dag run status:running
[2025-02-25T19:27:46.463+0000] {taskinstance.py:731} INFO - ::endgroup::
[2025-02-25T19:27:46.470+0000] {logging_mixin.py:190} INFO - 🔍 [1] Menghubungkan ke database MySQL...
[2025-02-25T19:27:46.579+0000] {logging_mixin.py:190} INFO - 📊 Data yang diambil dari MySQL:
   Humidity  Moisture
0      85.0      25.8
[2025-02-25T19:27:46.653+0000] {logging_mixin.py:190} INFO - ✅ Data berhasil disimpan ke XCom. Jumlah baris: 1
[2025-02-25T19:27:46.658+0000] {python.py:240} INFO - Done. Returned value was: None
[2025-02-25T19:27:46.729+0000] {taskinstance.py:340} INFO - ::group::Post task execution logs
[2025-02-25T19:27:46.734+0000] {taskinstance.py:352} INFO - Marking task as SUCCESS. dag_id=skripsi, task_id=get_data_from_db, run_id=scheduled__2025-02-25T19:24:00+00:00, execution_date=20250225T192400, start_date=20250225T192745, end_date=20250225T192746
[2025-02-25T19:27:46.828+0000] {logging_mixin.py:190} INFO - Task instance in success state
[2025-02-25T19:27:46.833+0000] {logging_mixin.py:190} INFO -  Previous state of the Task instance: running
[2025-02-25T19:27:46.837+0000] {logging_mixin.py:190} INFO - Dag name:skripsi queued_at:2025-02-25 19:25:01.291940+00:00
[2025-02-25T19:27:46.842+0000] {logging_mixin.py:190} INFO - Task hostname:d22a487e6b55 operator:PythonOperator
[2025-02-25T19:27:46.906+0000] {local_task_job_runner.py:266} INFO - Task exited with return code 0
[2025-02-25T19:27:47.067+0000] {taskinstance.py:3895} INFO - 1 downstream tasks scheduled from follow-on schedule check
[2025-02-25T19:27:47.113+0000] {local_task_job_runner.py:245} INFO - ::endgroup::
