[2025-02-25T19:41:29.395+0000] {local_task_job_runner.py:123} INFO - ::group::Pre task execution logs
[2025-02-25T19:41:29.443+0000] {taskinstance.py:2613} INFO - Dependencies all met for dep_context=non-requeueable deps ti=<TaskInstance: skripsi.wait_for_new_data scheduled__2025-02-25T19:36:00+00:00 [queued]>
[2025-02-25T19:41:29.468+0000] {taskinstance.py:2613} INFO - Dependencies all met for dep_context=requeueable deps ti=<TaskInstance: skripsi.wait_for_new_data scheduled__2025-02-25T19:36:00+00:00 [queued]>
[2025-02-25T19:41:29.469+0000] {taskinstance.py:2866} INFO - Starting attempt 5 of 6
[2025-02-25T19:41:29.531+0000] {taskinstance.py:2889} INFO - Executing <Task(SqlSensor): wait_for_new_data> on 2025-02-25 19:36:00+00:00
[2025-02-25T19:41:29.583+0000] {standard_task_runner.py:104} INFO - Running: ['airflow', 'tasks', 'run', 'skripsi', 'wait_for_new_data', 'scheduled__2025-02-25T19:36:00+00:00', '--job-id', '397', '--raw', '--subdir', 'DAGS_FOLDER/tugas_akhir.py', '--cfg-path', '/tmp/tmpxcxtqt5_']
[2025-02-25T19:41:29.589+0000] {standard_task_runner.py:105} INFO - Job 397: Subtask wait_for_new_data
[2025-02-25T19:41:29.594+0000] {logging_mixin.py:190} WARNING - /home/airflow/.local/lib/python3.12/site-packages/airflow/task/task_runner/standard_task_runner.py:70 DeprecationWarning: This process (pid=88783) is multi-threaded, use of fork() may lead to deadlocks in the child.
[2025-02-25T19:41:29.600+0000] {standard_task_runner.py:72} INFO - Started process 88859 to run task
[2025-02-25T19:41:29.719+0000] {task_command.py:467} INFO - Running <TaskInstance: skripsi.wait_for_new_data scheduled__2025-02-25T19:36:00+00:00 [running]> on host d22a487e6b55
[2025-02-25T19:41:29.948+0000] {taskinstance.py:3132} INFO - Exporting env vars: AIRFLOW_CTX_DAG_OWNER='Dion Rikki' AIRFLOW_CTX_DAG_ID='skripsi' AIRFLOW_CTX_TASK_ID='wait_for_new_data' AIRFLOW_CTX_EXECUTION_DATE='2025-02-25T19:36:00+00:00' AIRFLOW_CTX_TRY_NUMBER='5' AIRFLOW_CTX_DAG_RUN_ID='scheduled__2025-02-25T19:36:00+00:00'
[2025-02-25T19:41:29.954+0000] {logging_mixin.py:190} INFO - Task instance is in running state
[2025-02-25T19:41:29.955+0000] {logging_mixin.py:190} INFO -  Previous state of the Task instance: queued
[2025-02-25T19:41:29.956+0000] {logging_mixin.py:190} INFO - Current task name:wait_for_new_data state:running start_date:2025-02-25 19:41:29.444300+00:00
[2025-02-25T19:41:29.958+0000] {logging_mixin.py:190} INFO - Dag name:skripsi and current dag run status:running
[2025-02-25T19:41:29.960+0000] {taskinstance.py:731} INFO - ::endgroup::
[2025-02-25T19:41:29.987+0000] {base.py:84} INFO - Retrieving connection 'mysql_default'
[2025-02-25T19:41:29.994+0000] {sql.py:101} INFO - Poking: SELECT COUNT(*) FROM tugas_akhir_sensordata WHERE timestamp >= NOW() - INTERVAL 5 MINUTE (with parameters None)
[2025-02-25T19:41:30.003+0000] {base.py:84} INFO - Retrieving connection 'mysql_default'
[2025-02-25T19:41:30.011+0000] {sql.py:553} INFO - Running statement: SELECT COUNT(*) FROM tugas_akhir_sensordata WHERE timestamp >= NOW() - INTERVAL 5 MINUTE, parameters: None
[2025-02-25T19:41:30.013+0000] {sql.py:562} INFO - Rows affected: 1
[2025-02-25T19:41:30.054+0000] {taskinstance.py:309} INFO - Rescheduling task, marking task as UP_FOR_RESCHEDULE
[2025-02-25T19:41:30.055+0000] {taskinstance.py:340} INFO - ::group::Post task execution logs
[2025-02-25T19:41:30.083+0000] {local_task_job_runner.py:266} INFO - Task exited with return code 0
[2025-02-25T19:41:30.129+0000] {taskinstance.py:3895} INFO - 0 downstream tasks scheduled from follow-on schedule check
[2025-02-25T19:41:30.133+0000] {local_task_job_runner.py:245} INFO - ::endgroup::
