[2025-02-25T19:44:47.824+0000] {local_task_job_runner.py:123} INFO - ::group::Pre task execution logs
[2025-02-25T19:44:47.896+0000] {taskinstance.py:2613} INFO - Dependencies all met for dep_context=non-requeueable deps ti=<TaskInstance: skripsi.wait_for_new_data scheduled__2025-02-25T19:36:00+00:00 [queued]>
[2025-02-25T19:44:47.985+0000] {taskinstance.py:2613} INFO - Dependencies all met for dep_context=requeueable deps ti=<TaskInstance: skripsi.wait_for_new_data scheduled__2025-02-25T19:36:00+00:00 [queued]>
[2025-02-25T19:44:47.986+0000] {taskinstance.py:2866} INFO - Starting attempt 8 of 6
[2025-02-25T19:44:48.076+0000] {taskinstance.py:2889} INFO - Executing <Task(SqlSensor): wait_for_new_data> on 2025-02-25 19:36:00+00:00
[2025-02-25T19:44:48.150+0000] {standard_task_runner.py:104} INFO - Running: ['airflow', 'tasks', 'run', 'skripsi', 'wait_for_new_data', 'scheduled__2025-02-25T19:36:00+00:00', '--job-id', '427', '--raw', '--subdir', 'DAGS_FOLDER/tugas_akhir.py', '--cfg-path', '/tmp/tmpafubk6oz']
[2025-02-25T19:44:48.163+0000] {standard_task_runner.py:105} INFO - Job 427: Subtask wait_for_new_data
[2025-02-25T19:44:48.172+0000] {logging_mixin.py:190} WARNING - /home/airflow/.local/lib/python3.12/site-packages/airflow/task/task_runner/standard_task_runner.py:70 DeprecationWarning: This process (pid=90819) is multi-threaded, use of fork() may lead to deadlocks in the child.
[2025-02-25T19:44:48.178+0000] {standard_task_runner.py:72} INFO - Started process 90855 to run task
[2025-02-25T19:44:48.489+0000] {task_command.py:467} INFO - Running <TaskInstance: skripsi.wait_for_new_data scheduled__2025-02-25T19:36:00+00:00 [running]> on host d22a487e6b55
[2025-02-25T19:44:49.208+0000] {taskinstance.py:3132} INFO - Exporting env vars: AIRFLOW_CTX_DAG_OWNER='Dion Rikki' AIRFLOW_CTX_DAG_ID='skripsi' AIRFLOW_CTX_TASK_ID='wait_for_new_data' AIRFLOW_CTX_EXECUTION_DATE='2025-02-25T19:36:00+00:00' AIRFLOW_CTX_TRY_NUMBER='8' AIRFLOW_CTX_DAG_RUN_ID='scheduled__2025-02-25T19:36:00+00:00'
[2025-02-25T19:44:49.214+0000] {logging_mixin.py:190} INFO - Task instance is in running state
[2025-02-25T19:44:49.217+0000] {logging_mixin.py:190} INFO -  Previous state of the Task instance: queued
[2025-02-25T19:44:49.222+0000] {logging_mixin.py:190} INFO - Current task name:wait_for_new_data state:running start_date:2025-02-25 19:44:47.906168+00:00
[2025-02-25T19:44:49.227+0000] {logging_mixin.py:190} INFO - Dag name:skripsi and current dag run status:running
[2025-02-25T19:44:49.228+0000] {taskinstance.py:731} INFO - ::endgroup::
[2025-02-25T19:44:49.330+0000] {base.py:84} INFO - Retrieving connection 'mysql_default'
[2025-02-25T19:44:49.353+0000] {sql.py:101} INFO - Poking: SELECT COUNT(*) FROM tugas_akhir_sensordata WHERE timestamp >= NOW() - INTERVAL 5 MINUTE (with parameters None)
[2025-02-25T19:44:49.376+0000] {base.py:84} INFO - Retrieving connection 'mysql_default'
[2025-02-25T19:44:49.387+0000] {sql.py:553} INFO - Running statement: SELECT COUNT(*) FROM tugas_akhir_sensordata WHERE timestamp >= NOW() - INTERVAL 5 MINUTE, parameters: None
[2025-02-25T19:44:49.390+0000] {sql.py:562} INFO - Rows affected: 1
[2025-02-25T19:44:49.393+0000] {base.py:336} INFO - Success criteria met. Exiting.
[2025-02-25T19:44:49.419+0000] {taskinstance.py:340} INFO - ::group::Post task execution logs
[2025-02-25T19:44:49.420+0000] {taskinstance.py:352} INFO - Marking task as SUCCESS. dag_id=skripsi, task_id=wait_for_new_data, run_id=scheduled__2025-02-25T19:36:00+00:00, execution_date=20250225T193600, start_date=20250225T194447, end_date=20250225T194449
[2025-02-25T19:44:49.948+0000] {logging_mixin.py:190} INFO - Task instance in success state
[2025-02-25T19:44:49.952+0000] {logging_mixin.py:190} INFO -  Previous state of the Task instance: running
[2025-02-25T19:44:49.954+0000] {logging_mixin.py:190} INFO - Dag name:skripsi queued_at:2025-02-25 19:37:00.038956+00:00
[2025-02-25T19:44:49.959+0000] {logging_mixin.py:190} INFO - Task hostname:d22a487e6b55 operator:SqlSensor
[2025-02-25T19:44:50.021+0000] {local_task_job_runner.py:266} INFO - Task exited with return code 0
[2025-02-25T19:44:50.192+0000] {taskinstance.py:3895} INFO - 1 downstream tasks scheduled from follow-on schedule check
[2025-02-25T19:44:50.210+0000] {local_task_job_runner.py:245} INFO - ::endgroup::
