[2025-02-25T20:22:14.161+0000] {local_task_job_runner.py:123} INFO - ::group::Pre task execution logs
[2025-02-25T20:22:14.229+0000] {taskinstance.py:2613} INFO - Dependencies all met for dep_context=non-requeueable deps ti=<TaskInstance: skripsi_akhir_perbaikan.get_data_from_db scheduled__2025-02-25T20:20:00+00:00 [queued]>
[2025-02-25T20:22:14.292+0000] {taskinstance.py:2613} INFO - Dependencies all met for dep_context=requeueable deps ti=<TaskInstance: skripsi_akhir_perbaikan.get_data_from_db scheduled__2025-02-25T20:20:00+00:00 [queued]>
[2025-02-25T20:22:14.295+0000] {taskinstance.py:2866} INFO - Starting attempt 1 of 6
[2025-02-25T20:22:14.363+0000] {taskinstance.py:2889} INFO - Executing <Task(PythonOperator): get_data_from_db> on 2025-02-25 20:20:00+00:00
[2025-02-25T20:22:14.402+0000] {logging_mixin.py:190} WARNING - /home/airflow/.local/lib/python3.12/site-packages/airflow/task/task_runner/standard_task_runner.py:70 DeprecationWarning: This process (pid=12668) is multi-threaded, use of fork() may lead to deadlocks in the child.
[2025-02-25T20:22:14.407+0000] {standard_task_runner.py:72} INFO - Started process 12734 to run task
[2025-02-25T20:22:14.405+0000] {standard_task_runner.py:104} INFO - Running: ['airflow', 'tasks', 'run', 'skripsi_akhir_perbaikan', 'get_data_from_db', 'scheduled__2025-02-25T20:20:00+00:00', '--job-id', '500', '--raw', '--subdir', 'DAGS_FOLDER/tugas_akhir.py', '--cfg-path', '/tmp/tmpe5sy70ly']
[2025-02-25T20:22:14.415+0000] {standard_task_runner.py:105} INFO - Job 500: Subtask get_data_from_db
[2025-02-25T20:22:14.571+0000] {task_command.py:467} INFO - Running <TaskInstance: skripsi_akhir_perbaikan.get_data_from_db scheduled__2025-02-25T20:20:00+00:00 [running]> on host d22a487e6b55
[2025-02-25T20:22:15.051+0000] {taskinstance.py:3132} INFO - Exporting env vars: AIRFLOW_CTX_DAG_OWNER='Dion Rikki' AIRFLOW_CTX_DAG_ID='skripsi_akhir_perbaikan' AIRFLOW_CTX_TASK_ID='get_data_from_db' AIRFLOW_CTX_EXECUTION_DATE='2025-02-25T20:20:00+00:00' AIRFLOW_CTX_TRY_NUMBER='1' AIRFLOW_CTX_DAG_RUN_ID='scheduled__2025-02-25T20:20:00+00:00'
[2025-02-25T20:22:15.062+0000] {logging_mixin.py:190} INFO - Task instance is in running state
[2025-02-25T20:22:15.064+0000] {logging_mixin.py:190} INFO -  Previous state of the Task instance: queued
[2025-02-25T20:22:15.065+0000] {logging_mixin.py:190} INFO - Current task name:get_data_from_db state:running start_date:2025-02-25 20:22:14.236208+00:00
[2025-02-25T20:22:15.066+0000] {logging_mixin.py:190} INFO - Dag name:skripsi_akhir_perbaikan and current dag run status:running
[2025-02-25T20:22:15.070+0000] {taskinstance.py:731} INFO - ::endgroup::
[2025-02-25T20:22:15.075+0000] {logging_mixin.py:190} INFO - 🔍 [1] Menghubungkan ke database MySQL...
[2025-02-25T20:22:15.157+0000] {logging_mixin.py:190} INFO - 📊 Data yang diambil dari MySQL:
   Humidity  Moisture
0      85.0      25.8
[2025-02-25T20:22:15.207+0000] {logging_mixin.py:190} INFO - ✅ Data berhasil disimpan ke XCom. Jumlah baris: 1
[2025-02-25T20:22:15.209+0000] {python.py:240} INFO - Done. Returned value was: None
[2025-02-25T20:22:15.245+0000] {taskinstance.py:340} INFO - ::group::Post task execution logs
[2025-02-25T20:22:15.246+0000] {taskinstance.py:352} INFO - Marking task as SUCCESS. dag_id=skripsi_akhir_perbaikan, task_id=get_data_from_db, run_id=scheduled__2025-02-25T20:20:00+00:00, execution_date=20250225T202000, start_date=20250225T202214, end_date=20250225T202215
[2025-02-25T20:22:15.297+0000] {logging_mixin.py:190} INFO - Task instance in success state
[2025-02-25T20:22:15.305+0000] {logging_mixin.py:190} INFO -  Previous state of the Task instance: running
[2025-02-25T20:22:15.307+0000] {logging_mixin.py:190} INFO - Dag name:skripsi_akhir_perbaikan queued_at:2025-02-25 20:22:00.960371+00:00
[2025-02-25T20:22:15.309+0000] {logging_mixin.py:190} INFO - Task hostname:d22a487e6b55 operator:PythonOperator
[2025-02-25T20:22:15.350+0000] {local_task_job_runner.py:266} INFO - Task exited with return code 0
[2025-02-25T20:22:15.452+0000] {taskinstance.py:3895} INFO - 1 downstream tasks scheduled from follow-on schedule check
[2025-02-25T20:22:15.476+0000] {local_task_job_runner.py:245} INFO - ::endgroup::
