[2025-02-25T22:21:42.646+0000] {local_task_job_runner.py:123} INFO - ::group::Pre task execution logs
[2025-02-25T22:21:42.696+0000] {taskinstance.py:2613} INFO - Dependencies all met for dep_context=non-requeueable deps ti=<TaskInstance: skripsi_akhir_perbaikan.wait_for_new_data scheduled__2025-02-25T22:12:00+00:00 [queued]>
[2025-02-25T22:21:42.724+0000] {taskinstance.py:2613} INFO - Dependencies all met for dep_context=requeueable deps ti=<TaskInstance: skripsi_akhir_perbaikan.wait_for_new_data scheduled__2025-02-25T22:12:00+00:00 [queued]>
[2025-02-25T22:21:42.725+0000] {taskinstance.py:2866} INFO - Starting attempt 8 of 6
[2025-02-25T22:21:42.778+0000] {taskinstance.py:2889} INFO - Executing <Task(SqlSensor): wait_for_new_data> on 2025-02-25 22:12:00+00:00
[2025-02-25T22:21:42.806+0000] {logging_mixin.py:190} WARNING - /home/airflow/.local/lib/python3.12/site-packages/airflow/task/task_runner/standard_task_runner.py:70 DeprecationWarning: This process (pid=82866) is multi-threaded, use of fork() may lead to deadlocks in the child.
[2025-02-25T22:21:42.815+0000] {standard_task_runner.py:72} INFO - Started process 82962 to run task
[2025-02-25T22:21:42.810+0000] {standard_task_runner.py:104} INFO - Running: ['airflow', 'tasks', 'run', 'skripsi_akhir_perbaikan', 'wait_for_new_data', 'scheduled__2025-02-25T22:12:00+00:00', '--job-id', '959', '--raw', '--subdir', 'DAGS_FOLDER/tugas_akhir.py', '--cfg-path', '/tmp/tmpyej7_4ln']
[2025-02-25T22:21:42.823+0000] {standard_task_runner.py:105} INFO - Job 959: Subtask wait_for_new_data
[2025-02-25T22:21:42.984+0000] {task_command.py:467} INFO - Running <TaskInstance: skripsi_akhir_perbaikan.wait_for_new_data scheduled__2025-02-25T22:12:00+00:00 [running]> on host d22a487e6b55
[2025-02-25T22:21:43.239+0000] {taskinstance.py:3132} INFO - Exporting env vars: AIRFLOW_CTX_DAG_OWNER='Dion Rikki' AIRFLOW_CTX_DAG_ID='skripsi_akhir_perbaikan' AIRFLOW_CTX_TASK_ID='wait_for_new_data' AIRFLOW_CTX_EXECUTION_DATE='2025-02-25T22:12:00+00:00' AIRFLOW_CTX_TRY_NUMBER='8' AIRFLOW_CTX_DAG_RUN_ID='scheduled__2025-02-25T22:12:00+00:00'
[2025-02-25T22:21:43.242+0000] {logging_mixin.py:190} INFO - Task instance is in running state
[2025-02-25T22:21:43.244+0000] {logging_mixin.py:190} INFO -  Previous state of the Task instance: queued
[2025-02-25T22:21:43.245+0000] {logging_mixin.py:190} INFO - Current task name:wait_for_new_data state:running start_date:2025-02-25 22:21:42.698889+00:00
[2025-02-25T22:21:43.247+0000] {logging_mixin.py:190} INFO - Dag name:skripsi_akhir_perbaikan and current dag run status:running
[2025-02-25T22:21:43.248+0000] {taskinstance.py:731} INFO - ::endgroup::
[2025-02-25T22:21:43.275+0000] {base.py:84} INFO - Retrieving connection 'mysql_default'
[2025-02-25T22:21:43.281+0000] {sql.py:101} INFO - Poking: 
        SELECT COUNT(*) 
        FROM tugas_akhir_sensordata s
        WHERE s.timestamp >= NOW() - INTERVAL 5 MINUTE
        AND NOT EXISTS (
            SELECT 1 
            FROM fertilizer_predictions f
            WHERE CAST(f.id AS SIGNED) = s.id  -- Menggunakan SIGNED di sini
        )
     (with parameters None)
[2025-02-25T22:21:43.289+0000] {base.py:84} INFO - Retrieving connection 'mysql_default'
[2025-02-25T22:21:43.298+0000] {sql.py:553} INFO - Running statement: 
        SELECT COUNT(*) 
        FROM tugas_akhir_sensordata s
        WHERE s.timestamp >= NOW() - INTERVAL 5 MINUTE
        AND NOT EXISTS (
            SELECT 1 
            FROM fertilizer_predictions f
            WHERE CAST(f.id AS SIGNED) = s.id  -- Menggunakan SIGNED di sini
        )
    , parameters: None
[2025-02-25T22:21:43.300+0000] {sql.py:562} INFO - Rows affected: 1
[2025-02-25T22:21:43.337+0000] {taskinstance.py:309} INFO - Rescheduling task, marking task as UP_FOR_RESCHEDULE
[2025-02-25T22:21:43.338+0000] {taskinstance.py:340} INFO - ::group::Post task execution logs
[2025-02-25T22:21:43.379+0000] {local_task_job_runner.py:266} INFO - Task exited with return code 0
[2025-02-25T22:21:43.434+0000] {taskinstance.py:3895} INFO - 0 downstream tasks scheduled from follow-on schedule check
[2025-02-25T22:21:43.439+0000] {local_task_job_runner.py:245} INFO - ::endgroup::
