[2025-04-07T10:55:11.563+0000] {local_task_job_runner.py:123} INFO - ::group::Pre task execution logs
[2025-04-07T10:55:11.611+0000] {taskinstance.py:2613} INFO - Dependencies all met for dep_context=non-requeueable deps ti=<TaskInstance: skripsi_perbaikan.wait_for_new_data scheduled__2025-04-07T10:52:00+00:00 [queued]>
[2025-04-07T10:55:11.657+0000] {taskinstance.py:2613} INFO - Dependencies all met for dep_context=requeueable deps ti=<TaskInstance: skripsi_perbaikan.wait_for_new_data scheduled__2025-04-07T10:52:00+00:00 [queued]>
[2025-04-07T10:55:11.658+0000] {taskinstance.py:2866} INFO - Starting attempt 2 of 4
[2025-04-07T10:55:11.708+0000] {taskinstance.py:2889} INFO - Executing <Task(SqlSensor): wait_for_new_data> on 2025-04-07 10:52:00+00:00
[2025-04-07T10:55:11.733+0000] {logging_mixin.py:190} WARNING - /home/airflow/.local/lib/python3.12/site-packages/airflow/task/task_runner/standard_task_runner.py:70 DeprecationWarning: This process (pid=14112) is multi-threaded, use of fork() may lead to deadlocks in the child.
[2025-04-07T10:55:11.737+0000] {standard_task_runner.py:72} INFO - Started process 14137 to run task
[2025-04-07T10:55:11.739+0000] {standard_task_runner.py:104} INFO - Running: ['airflow', 'tasks', 'run', 'skripsi_perbaikan', 'wait_for_new_data', 'scheduled__2025-04-07T10:52:00+00:00', '--job-id', '1074', '--raw', '--subdir', 'DAGS_FOLDER/tugas_akhir.py', '--cfg-path', '/tmp/tmpo0u3iikw']
[2025-04-07T10:55:11.742+0000] {standard_task_runner.py:105} INFO - Job 1074: Subtask wait_for_new_data
[2025-04-07T10:55:11.841+0000] {task_command.py:467} INFO - Running <TaskInstance: skripsi_perbaikan.wait_for_new_data scheduled__2025-04-07T10:52:00+00:00 [running]> on host a9576c91091e
[2025-04-07T10:55:12.147+0000] {taskinstance.py:3132} INFO - Exporting env vars: AIRFLOW_CTX_DAG_OWNER='Dion Rikki' AIRFLOW_CTX_DAG_ID='skripsi_perbaikan' AIRFLOW_CTX_TASK_ID='wait_for_new_data' AIRFLOW_CTX_EXECUTION_DATE='2025-04-07T10:52:00+00:00' AIRFLOW_CTX_TRY_NUMBER='2' AIRFLOW_CTX_DAG_RUN_ID='scheduled__2025-04-07T10:52:00+00:00'
[2025-04-07T10:55:12.151+0000] {logging_mixin.py:190} INFO - Task instance is in running state
[2025-04-07T10:55:12.153+0000] {logging_mixin.py:190} INFO -  Previous state of the Task instance: queued
[2025-04-07T10:55:12.157+0000] {logging_mixin.py:190} INFO - Current task name:wait_for_new_data state:running start_date:2025-04-07 10:55:11.612945+00:00
[2025-04-07T10:55:12.158+0000] {logging_mixin.py:190} INFO - Dag name:skripsi_perbaikan and current dag run status:running
[2025-04-07T10:55:12.161+0000] {taskinstance.py:731} INFO - ::endgroup::
[2025-04-07T10:55:12.211+0000] {base.py:84} INFO - Retrieving connection 'mysql_default'
[2025-04-07T10:55:12.223+0000] {sql.py:101} INFO - Poking: 
            SELECT COUNT(*) 
            FROM tugas_akhir_sensordata s
            WHERE s.timestamp >= NOW() - INTERVAL 5 MINUTE
            AND s.soil_type IS NOT NULL
            AND s.crop_type IS NOT NULL
            AND NOT EXISTS (
                SELECT 1 
                FROM fertilizer_predictions f
                WHERE f.sensor_data_id = s.id
            )
         (with parameters None)
[2025-04-07T10:55:12.244+0000] {base.py:84} INFO - Retrieving connection 'mysql_default'
[2025-04-07T10:55:12.264+0000] {sql.py:553} INFO - Running statement: 
            SELECT COUNT(*) 
            FROM tugas_akhir_sensordata s
            WHERE s.timestamp >= NOW() - INTERVAL 5 MINUTE
            AND s.soil_type IS NOT NULL
            AND s.crop_type IS NOT NULL
            AND NOT EXISTS (
                SELECT 1 
                FROM fertilizer_predictions f
                WHERE f.sensor_data_id = s.id
            )
        , parameters: None
[2025-04-07T10:55:12.270+0000] {sql.py:562} INFO - Rows affected: 1
[2025-04-07T10:55:12.347+0000] {taskinstance.py:309} INFO - Rescheduling task, marking task as UP_FOR_RESCHEDULE
[2025-04-07T10:55:12.348+0000] {taskinstance.py:340} INFO - ::group::Post task execution logs
[2025-04-07T10:55:12.423+0000] {local_task_job_runner.py:266} INFO - Task exited with return code 0
[2025-04-07T10:55:12.619+0000] {taskinstance.py:3895} INFO - 0 downstream tasks scheduled from follow-on schedule check
[2025-04-07T10:55:12.622+0000] {local_task_job_runner.py:245} INFO - ::endgroup::
