[2025-04-08T05:24:22.533+0000] {local_task_job_runner.py:123} INFO - ::group::Pre task execution logs
[2025-04-08T05:24:22.560+0000] {taskinstance.py:2613} INFO - Dependencies all met for dep_context=non-requeueable deps ti=<TaskInstance: perbaikan_skripsi.predict_and_store_result scheduled__2025-04-08T05:22:00+00:00 [queued]>
[2025-04-08T05:24:22.578+0000] {taskinstance.py:2613} INFO - Dependencies all met for dep_context=requeueable deps ti=<TaskInstance: perbaikan_skripsi.predict_and_store_result scheduled__2025-04-08T05:22:00+00:00 [queued]>
[2025-04-08T05:24:22.579+0000] {taskinstance.py:2866} INFO - Starting attempt 1 of 4
[2025-04-08T05:24:22.608+0000] {taskinstance.py:2889} INFO - Executing <Task(PythonOperator): predict_and_store_result> on 2025-04-08 05:22:00+00:00
[2025-04-08T05:24:22.624+0000] {logging_mixin.py:190} WARNING - /home/airflow/.local/lib/python3.12/site-packages/airflow/task/task_runner/standard_task_runner.py:70 DeprecationWarning: This process (pid=31295) is multi-threaded, use of fork() may lead to deadlocks in the child.
[2025-04-08T05:24:22.625+0000] {standard_task_runner.py:104} INFO - Running: ['airflow', 'tasks', 'run', 'perbaikan_skripsi', 'predict_and_store_result', 'scheduled__2025-04-08T05:22:00+00:00', '--job-id', '3742', '--raw', '--subdir', 'DAGS_FOLDER/tugas_akhir.py', '--cfg-path', '/tmp/tmpw878dygz']
[2025-04-08T05:24:22.626+0000] {standard_task_runner.py:72} INFO - Started process 31319 to run task
[2025-04-08T05:24:22.627+0000] {standard_task_runner.py:105} INFO - Job 3742: Subtask predict_and_store_result
[2025-04-08T05:24:22.709+0000] {task_command.py:467} INFO - Running <TaskInstance: perbaikan_skripsi.predict_and_store_result scheduled__2025-04-08T05:22:00+00:00 [running]> on host a9576c91091e
[2025-04-08T05:24:22.860+0000] {taskinstance.py:3132} INFO - Exporting env vars: AIRFLOW_CTX_DAG_OWNER='Dion Rikki' AIRFLOW_CTX_DAG_ID='perbaikan_skripsi' AIRFLOW_CTX_TASK_ID='predict_and_store_result' AIRFLOW_CTX_EXECUTION_DATE='2025-04-08T05:22:00+00:00' AIRFLOW_CTX_TRY_NUMBER='1' AIRFLOW_CTX_DAG_RUN_ID='scheduled__2025-04-08T05:22:00+00:00'
[2025-04-08T05:24:22.863+0000] {logging_mixin.py:190} INFO - Task instance is in running state
[2025-04-08T05:24:22.864+0000] {logging_mixin.py:190} INFO -  Previous state of the Task instance: queued
[2025-04-08T05:24:22.865+0000] {logging_mixin.py:190} INFO - Current task name:predict_and_store_result state:running start_date:2025-04-08 05:24:22.561713+00:00
[2025-04-08T05:24:22.866+0000] {logging_mixin.py:190} INFO - Dag name:perbaikan_skripsi and current dag run status:running
[2025-04-08T05:24:22.867+0000] {taskinstance.py:731} INFO - ::endgroup::
[2025-04-08T05:24:22.868+0000] {logging_mixin.py:190} INFO - 🔍 [2] Memproses data dan melakukan prediksi...
[2025-04-08T05:24:22.929+0000] {logging_mixin.py:190} INFO - ✅ Data siap diproses: 4 baris
    id  Temperature  Humidity  ...  nitrogen phosphorous potassium
0  682         30.2      50.0  ...       0.0        45.0      37.0
1  683         29.8      51.0  ...       0.0        45.0      37.0
2  684         29.8      52.0  ...       0.0        45.0      37.0
3  685         29.8      53.0  ...       0.0        45.0      37.0

[4 rows x 9 columns]
[2025-04-08T05:24:22.930+0000] {logging_mixin.py:190} INFO - 📝 Menyesuaikan nama kolom dengan model training...
[2025-04-08T05:24:22.932+0000] {logging_mixin.py:190} INFO - 🔧 Melakukan encoding kategori Soil_Type dan Crop_Type...
[2025-04-08T05:24:22.938+0000] {logging_mixin.py:190} INFO - 🧠 Menyiapkan fitur untuk prediksi...
[2025-04-08T05:24:22.942+0000] {logging_mixin.py:190} INFO - 🤖 Menjalankan model prediksi...
[2025-04-08T05:24:22.977+0000] {logging_mixin.py:190} INFO - ✅ Prediksi selesai:
    id predicted_fertilizer
0  682       Superphosphate
1  683       Superphosphate
2  684       Superphosphate
3  685       Superphosphate
[2025-04-08T05:24:22.977+0000] {logging_mixin.py:190} INFO - 💾 Menyimpan hasil ke tabel fertilizer_predictions...
[2025-04-08T05:24:23.011+0000] {logging_mixin.py:190} INFO - ✅ Hasil prediksi berhasil disimpan.
[2025-04-08T05:24:23.012+0000] {python.py:240} INFO - Done. Returned value was: None
[2025-04-08T05:24:23.029+0000] {taskinstance.py:340} INFO - ::group::Post task execution logs
[2025-04-08T05:24:23.030+0000] {taskinstance.py:352} INFO - Marking task as SUCCESS. dag_id=perbaikan_skripsi, task_id=predict_and_store_result, run_id=scheduled__2025-04-08T05:22:00+00:00, execution_date=20250408T052200, start_date=20250408T052422, end_date=20250408T052423
[2025-04-08T05:24:23.063+0000] {logging_mixin.py:190} INFO - Task instance in success state
[2025-04-08T05:24:23.064+0000] {logging_mixin.py:190} INFO -  Previous state of the Task instance: running
[2025-04-08T05:24:23.065+0000] {logging_mixin.py:190} INFO - Dag name:perbaikan_skripsi queued_at:2025-04-08 05:24:01.036045+00:00
[2025-04-08T05:24:23.066+0000] {logging_mixin.py:190} INFO - Task hostname:a9576c91091e operator:PythonOperator
[2025-04-08T05:24:23.106+0000] {local_task_job_runner.py:266} INFO - Task exited with return code 0
[2025-04-08T05:24:23.156+0000] {taskinstance.py:3895} INFO - 0 downstream tasks scheduled from follow-on schedule check
[2025-04-08T05:24:23.163+0000] {local_task_job_runner.py:245} INFO - ::endgroup::
