[2025-04-21T12:49:11.955+0000] {local_task_job_runner.py:123} INFO - ::group::Pre task execution logs
[2025-04-21T12:49:12.080+0000] {taskinstance.py:2613} INFO - Dependencies all met for dep_context=non-requeueable deps ti=<TaskInstance: perbaikan_skripsi.get_data_from_db scheduled__2025-04-21T12:48:00+00:00 [queued]>
[2025-04-21T12:49:12.148+0000] {taskinstance.py:2613} INFO - Dependencies all met for dep_context=requeueable deps ti=<TaskInstance: perbaikan_skripsi.get_data_from_db scheduled__2025-04-21T12:48:00+00:00 [queued]>
[2025-04-21T12:49:12.153+0000] {taskinstance.py:2866} INFO - Starting attempt 1 of 4
[2025-04-21T12:49:12.447+0000] {taskinstance.py:2889} INFO - Executing <Task(PythonOperator): get_data_from_db> on 2025-04-21 12:48:00+00:00
[2025-04-21T12:49:12.485+0000] {standard_task_runner.py:104} INFO - Running: ['airflow', 'tasks', 'run', 'perbaikan_skripsi', 'get_data_from_db', 'scheduled__2025-04-21T12:48:00+00:00', '--job-id', '10230', '--raw', '--subdir', 'DAGS_FOLDER/tugas_akhir.py', '--cfg-path', '/tmp/tmpekts7lxc']
[2025-04-21T12:49:12.489+0000] {standard_task_runner.py:105} INFO - Job 10230: Subtask get_data_from_db
[2025-04-21T12:49:12.489+0000] {logging_mixin.py:190} WARNING - /home/airflow/.local/lib/python3.12/site-packages/airflow/task/task_runner/standard_task_runner.py:70 DeprecationWarning: This process (pid=66881) is multi-threaded, use of fork() may lead to deadlocks in the child.
[2025-04-21T12:49:12.491+0000] {standard_task_runner.py:72} INFO - Started process 66922 to run task
[2025-04-21T12:49:12.791+0000] {task_command.py:467} INFO - Running <TaskInstance: perbaikan_skripsi.get_data_from_db scheduled__2025-04-21T12:48:00+00:00 [running]> on host a9576c91091e
[2025-04-21T12:49:13.471+0000] {taskinstance.py:3132} INFO - Exporting env vars: AIRFLOW_CTX_DAG_OWNER='Dion Rikki' AIRFLOW_CTX_DAG_ID='perbaikan_skripsi' AIRFLOW_CTX_TASK_ID='get_data_from_db' AIRFLOW_CTX_EXECUTION_DATE='2025-04-21T12:48:00+00:00' AIRFLOW_CTX_TRY_NUMBER='1' AIRFLOW_CTX_DAG_RUN_ID='scheduled__2025-04-21T12:48:00+00:00'
[2025-04-21T12:49:13.504+0000] {logging_mixin.py:190} INFO - Task instance is in running state
[2025-04-21T12:49:13.520+0000] {logging_mixin.py:190} INFO -  Previous state of the Task instance: queued
[2025-04-21T12:49:13.524+0000] {logging_mixin.py:190} INFO - Current task name:get_data_from_db state:running start_date:2025-04-21 12:49:12.083349+00:00
[2025-04-21T12:49:13.525+0000] {logging_mixin.py:190} INFO - Dag name:perbaikan_skripsi and current dag run status:running
[2025-04-21T12:49:13.530+0000] {taskinstance.py:731} INFO - ::endgroup::
[2025-04-21T12:49:13.537+0000] {logging_mixin.py:190} INFO - 🔍 [1] Mengambil data sensor terbaru yang lengkap dan belum diprediksi...
[2025-04-21T12:49:13.657+0000] {logging_mixin.py:190} INFO - 📊 Data ditemukan: 1 baris
[2025-04-21T12:49:13.733+0000] {python.py:240} INFO - Done. Returned value was: None
[2025-04-21T12:49:13.779+0000] {taskinstance.py:340} INFO - ::group::Post task execution logs
[2025-04-21T12:49:13.785+0000] {taskinstance.py:352} INFO - Marking task as SUCCESS. dag_id=perbaikan_skripsi, task_id=get_data_from_db, run_id=scheduled__2025-04-21T12:48:00+00:00, execution_date=20250421T124800, start_date=20250421T124912, end_date=20250421T124913
[2025-04-21T12:49:13.850+0000] {logging_mixin.py:190} INFO - Task instance in success state
[2025-04-21T12:49:13.854+0000] {logging_mixin.py:190} INFO -  Previous state of the Task instance: running
[2025-04-21T12:49:13.855+0000] {logging_mixin.py:190} INFO - Dag name:perbaikan_skripsi queued_at:2025-04-21 12:49:00.429658+00:00
[2025-04-21T12:49:13.856+0000] {logging_mixin.py:190} INFO - Task hostname:a9576c91091e operator:PythonOperator
[2025-04-21T12:49:13.931+0000] {local_task_job_runner.py:266} INFO - Task exited with return code 0
[2025-04-21T12:49:14.036+0000] {taskinstance.py:3895} INFO - 1 downstream tasks scheduled from follow-on schedule check
[2025-04-21T12:49:14.054+0000] {local_task_job_runner.py:245} INFO - ::endgroup::
