[2025-04-24T10:14:04.303+0000] {local_task_job_runner.py:123} INFO - ::group::Pre task execution logs
[2025-04-24T10:14:04.355+0000] {taskinstance.py:2613} INFO - Dependencies all met for dep_context=non-requeueable deps ti=<TaskInstance: perbaikan_skripsi.wait_for_new_data scheduled__2025-04-24T10:04:00+00:00 [queued]>
[2025-04-24T10:14:04.384+0000] {taskinstance.py:2613} INFO - Dependencies all met for dep_context=requeueable deps ti=<TaskInstance: perbaikan_skripsi.wait_for_new_data scheduled__2025-04-24T10:04:00+00:00 [queued]>
[2025-04-24T10:14:04.388+0000] {taskinstance.py:2866} INFO - Starting attempt 9 of 4
[2025-04-24T10:14:04.777+0000] {taskinstance.py:2889} INFO - Executing <Task(SqlSensor): wait_for_new_data> on 2025-04-24 10:04:00+00:00
[2025-04-24T10:14:04.802+0000] {logging_mixin.py:190} WARNING - /home/airflow/.local/lib/python3.12/site-packages/airflow/task/task_runner/standard_task_runner.py:70 DeprecationWarning: This process (pid=35505) is multi-threaded, use of fork() may lead to deadlocks in the child.
[2025-04-24T10:14:04.807+0000] {standard_task_runner.py:72} INFO - Started process 35526 to run task
[2025-04-24T10:14:04.815+0000] {standard_task_runner.py:104} INFO - Running: ['airflow', 'tasks', 'run', 'perbaikan_skripsi', 'wait_for_new_data', 'scheduled__2025-04-24T10:04:00+00:00', '--job-id', '15720', '--raw', '--subdir', 'DAGS_FOLDER/tugas_akhir.py', '--cfg-path', '/tmp/tmpxk3okml0']
[2025-04-24T10:14:04.819+0000] {standard_task_runner.py:105} INFO - Job 15720: Subtask wait_for_new_data
[2025-04-24T10:14:04.946+0000] {task_command.py:467} INFO - Running <TaskInstance: perbaikan_skripsi.wait_for_new_data scheduled__2025-04-24T10:04:00+00:00 [running]> on host a38b69ba8f8a
[2025-04-24T10:14:05.313+0000] {taskinstance.py:3132} INFO - Exporting env vars: AIRFLOW_CTX_DAG_OWNER='Dion Rikki' AIRFLOW_CTX_DAG_ID='perbaikan_skripsi' AIRFLOW_CTX_TASK_ID='wait_for_new_data' AIRFLOW_CTX_EXECUTION_DATE='2025-04-24T10:04:00+00:00' AIRFLOW_CTX_TRY_NUMBER='9' AIRFLOW_CTX_DAG_RUN_ID='scheduled__2025-04-24T10:04:00+00:00'
[2025-04-24T10:14:05.319+0000] {logging_mixin.py:190} INFO - Task instance is in running state
[2025-04-24T10:14:05.320+0000] {logging_mixin.py:190} INFO -  Previous state of the Task instance: queued
[2025-04-24T10:14:05.324+0000] {logging_mixin.py:190} INFO - Current task name:wait_for_new_data state:running start_date:2025-04-24 10:14:04.356763+00:00
[2025-04-24T10:14:05.329+0000] {logging_mixin.py:190} INFO - Dag name:perbaikan_skripsi and current dag run status:running
[2025-04-24T10:14:05.331+0000] {taskinstance.py:731} INFO - ::endgroup::
[2025-04-24T10:14:05.376+0000] {base.py:84} INFO - Retrieving connection 'mysql_default'
[2025-04-24T10:14:05.386+0000] {sql.py:101} INFO - Poking: 
            SELECT COUNT(*) 
            FROM tugas_akhir_sensordata s
            WHERE s.timestamp >= NOW() - INTERVAL 3 MINUTE
            AND s.soil_type IS NOT NULL
            AND s.crop_type IS NOT NULL
            AND NOT EXISTS (
                SELECT 1 
                FROM fertilizer_predictions f
                WHERE f.sensor_data_id = s.id
            )
         (with parameters None)
[2025-04-24T10:14:05.408+0000] {base.py:84} INFO - Retrieving connection 'mysql_default'
[2025-04-24T10:14:05.442+0000] {sql.py:553} INFO - Running statement: 
            SELECT COUNT(*) 
            FROM tugas_akhir_sensordata s
            WHERE s.timestamp >= NOW() - INTERVAL 3 MINUTE
            AND s.soil_type IS NOT NULL
            AND s.crop_type IS NOT NULL
            AND NOT EXISTS (
                SELECT 1 
                FROM fertilizer_predictions f
                WHERE f.sensor_data_id = s.id
            )
        , parameters: None
[2025-04-24T10:14:05.444+0000] {sql.py:562} INFO - Rows affected: 1
[2025-04-24T10:14:05.497+0000] {taskinstance.py:309} INFO - Rescheduling task, marking task as UP_FOR_RESCHEDULE
[2025-04-24T10:14:05.498+0000] {taskinstance.py:340} INFO - ::group::Post task execution logs
[2025-04-24T10:14:05.548+0000] {local_task_job_runner.py:266} INFO - Task exited with return code 0
[2025-04-24T10:14:05.623+0000] {taskinstance.py:3895} INFO - 0 downstream tasks scheduled from follow-on schedule check
[2025-04-24T10:14:05.625+0000] {local_task_job_runner.py:245} INFO - ::endgroup::
