[2025-04-21T12:52:05.360+0000] {local_task_job_runner.py:123} INFO - ::group::Pre task execution logs
[2025-04-21T12:52:05.423+0000] {taskinstance.py:2613} INFO - Dependencies all met for dep_context=non-requeueable deps ti=<TaskInstance: perbaikan_skripsi.wait_for_new_data scheduled__2025-04-21T12:51:00+00:00 [queued]>
[2025-04-21T12:52:05.451+0000] {taskinstance.py:2613} INFO - Dependencies all met for dep_context=requeueable deps ti=<TaskInstance: perbaikan_skripsi.wait_for_new_data scheduled__2025-04-21T12:51:00+00:00 [queued]>
[2025-04-21T12:52:05.452+0000] {taskinstance.py:2866} INFO - Starting attempt 1 of 4
[2025-04-21T12:52:05.517+0000] {taskinstance.py:2889} INFO - Executing <Task(SqlSensor): wait_for_new_data> on 2025-04-21 12:51:00+00:00
[2025-04-21T12:52:05.550+0000] {logging_mixin.py:190} WARNING - /home/airflow/.local/lib/python3.12/site-packages/airflow/task/task_runner/standard_task_runner.py:70 DeprecationWarning: This process (pid=68560) is multi-threaded, use of fork() may lead to deadlocks in the child.
[2025-04-21T12:52:05.554+0000] {standard_task_runner.py:72} INFO - Started process 68616 to run task
[2025-04-21T12:52:05.555+0000] {standard_task_runner.py:104} INFO - Running: ['airflow', 'tasks', 'run', 'perbaikan_skripsi', 'wait_for_new_data', 'scheduled__2025-04-21T12:51:00+00:00', '--job-id', '10241', '--raw', '--subdir', 'DAGS_FOLDER/tugas_akhir.py', '--cfg-path', '/tmp/tmpsnmmectm']
[2025-04-21T12:52:05.563+0000] {standard_task_runner.py:105} INFO - Job 10241: Subtask wait_for_new_data
[2025-04-21T12:52:05.670+0000] {task_command.py:467} INFO - Running <TaskInstance: perbaikan_skripsi.wait_for_new_data scheduled__2025-04-21T12:51:00+00:00 [running]> on host a9576c91091e
[2025-04-21T12:52:05.872+0000] {taskinstance.py:3132} INFO - Exporting env vars: AIRFLOW_CTX_DAG_OWNER='Dion Rikki' AIRFLOW_CTX_DAG_ID='perbaikan_skripsi' AIRFLOW_CTX_TASK_ID='wait_for_new_data' AIRFLOW_CTX_EXECUTION_DATE='2025-04-21T12:51:00+00:00' AIRFLOW_CTX_TRY_NUMBER='1' AIRFLOW_CTX_DAG_RUN_ID='scheduled__2025-04-21T12:51:00+00:00'
[2025-04-21T12:52:05.876+0000] {logging_mixin.py:190} INFO - Task instance is in running state
[2025-04-21T12:52:05.877+0000] {logging_mixin.py:190} INFO -  Previous state of the Task instance: queued
[2025-04-21T12:52:05.878+0000] {logging_mixin.py:190} INFO - Current task name:wait_for_new_data state:running start_date:2025-04-21 12:52:05.424554+00:00
[2025-04-21T12:52:05.878+0000] {logging_mixin.py:190} INFO - Dag name:perbaikan_skripsi and current dag run status:running
[2025-04-21T12:52:05.879+0000] {taskinstance.py:731} INFO - ::endgroup::
[2025-04-21T12:52:05.917+0000] {base.py:84} INFO - Retrieving connection 'mysql_default'
[2025-04-21T12:52:05.924+0000] {sql.py:101} INFO - Poking: 
            SELECT COUNT(*) 
            FROM tugas_akhir_sensordata s
            WHERE s.timestamp >= NOW() - INTERVAL 3 MINUTE
            AND s.soil_type IS NOT NULL
            AND s.crop_type IS NOT NULL
            AND NOT EXISTS (
                SELECT 1 
                FROM fertilizer_predictions f
                WHERE f.sensor_data_id = s.id
            )
         (with parameters None)
[2025-04-21T12:52:05.936+0000] {base.py:84} INFO - Retrieving connection 'mysql_default'
[2025-04-21T12:52:05.945+0000] {sql.py:553} INFO - Running statement: 
            SELECT COUNT(*) 
            FROM tugas_akhir_sensordata s
            WHERE s.timestamp >= NOW() - INTERVAL 3 MINUTE
            AND s.soil_type IS NOT NULL
            AND s.crop_type IS NOT NULL
            AND NOT EXISTS (
                SELECT 1 
                FROM fertilizer_predictions f
                WHERE f.sensor_data_id = s.id
            )
        , parameters: None
[2025-04-21T12:52:05.948+0000] {sql.py:562} INFO - Rows affected: 1
[2025-04-21T12:52:05.950+0000] {base.py:336} INFO - Success criteria met. Exiting.
[2025-04-21T12:52:05.969+0000] {taskinstance.py:340} INFO - ::group::Post task execution logs
[2025-04-21T12:52:05.971+0000] {taskinstance.py:352} INFO - Marking task as SUCCESS. dag_id=perbaikan_skripsi, task_id=wait_for_new_data, run_id=scheduled__2025-04-21T12:51:00+00:00, execution_date=20250421T125100, start_date=20250421T125205, end_date=20250421T125205
[2025-04-21T12:52:06.008+0000] {logging_mixin.py:190} INFO - Task instance in success state
[2025-04-21T12:52:06.011+0000] {logging_mixin.py:190} INFO -  Previous state of the Task instance: running
[2025-04-21T12:52:06.015+0000] {logging_mixin.py:190} INFO - Dag name:perbaikan_skripsi queued_at:2025-04-21 12:52:00.231202+00:00
[2025-04-21T12:52:06.017+0000] {logging_mixin.py:190} INFO - Task hostname:a9576c91091e operator:SqlSensor
[2025-04-21T12:52:06.083+0000] {local_task_job_runner.py:266} INFO - Task exited with return code 0
[2025-04-21T12:52:06.194+0000] {taskinstance.py:3895} INFO - 1 downstream tasks scheduled from follow-on schedule check
[2025-04-21T12:52:06.206+0000] {local_task_job_runner.py:245} INFO - ::endgroup::
