[2025-02-25T18:27:07.935+0000] {local_task_job_runner.py:123} INFO - ::group::Pre task execution logs
[2025-02-25T18:27:08.030+0000] {taskinstance.py:2613} INFO - Dependencies all met for dep_context=non-requeueable deps ti=<TaskInstance: tugas_kita.predict_and_store_result scheduled__2025-02-25T18:24:00+00:00 [queued]>
[2025-02-25T18:27:08.103+0000] {taskinstance.py:2613} INFO - Dependencies all met for dep_context=requeueable deps ti=<TaskInstance: tugas_kita.predict_and_store_result scheduled__2025-02-25T18:24:00+00:00 [queued]>
[2025-02-25T18:27:08.104+0000] {taskinstance.py:2866} INFO - Starting attempt 1 of 6
[2025-02-25T18:27:08.216+0000] {taskinstance.py:2889} INFO - Executing <Task(PythonOperator): predict_and_store_result> on 2025-02-25 18:24:00+00:00
[2025-02-25T18:27:08.283+0000] {standard_task_runner.py:104} INFO - Running: ['airflow', 'tasks', 'run', 'tugas_kita', 'predict_and_store_result', 'scheduled__2025-02-25T18:24:00+00:00', '--job-id', '58', '--raw', '--subdir', 'DAGS_FOLDER/tugas_akhir.py', '--cfg-path', '/tmp/tmpmgxrc1m1']
[2025-02-25T18:27:08.299+0000] {standard_task_runner.py:105} INFO - Job 58: Subtask predict_and_store_result
[2025-02-25T18:27:08.311+0000] {logging_mixin.py:190} WARNING - /home/airflow/.local/lib/python3.12/site-packages/airflow/task/task_runner/standard_task_runner.py:70 DeprecationWarning: This process (pid=45073) is multi-threaded, use of fork() may lead to deadlocks in the child.
[2025-02-25T18:27:08.328+0000] {standard_task_runner.py:72} INFO - Started process 45127 to run task
[2025-02-25T18:27:08.556+0000] {task_command.py:467} INFO - Running <TaskInstance: tugas_kita.predict_and_store_result scheduled__2025-02-25T18:24:00+00:00 [running]> on host d22a487e6b55
[2025-02-25T18:27:09.197+0000] {taskinstance.py:3132} INFO - Exporting env vars: AIRFLOW_CTX_DAG_OWNER='Dion Rikki' AIRFLOW_CTX_DAG_ID='tugas_kita' AIRFLOW_CTX_TASK_ID='predict_and_store_result' AIRFLOW_CTX_EXECUTION_DATE='2025-02-25T18:24:00+00:00' AIRFLOW_CTX_TRY_NUMBER='1' AIRFLOW_CTX_DAG_RUN_ID='scheduled__2025-02-25T18:24:00+00:00'
[2025-02-25T18:27:09.217+0000] {logging_mixin.py:190} INFO - Task instance is in running state
[2025-02-25T18:27:09.221+0000] {logging_mixin.py:190} INFO -  Previous state of the Task instance: queued
[2025-02-25T18:27:09.229+0000] {logging_mixin.py:190} INFO - Current task name:predict_and_store_result state:running start_date:2025-02-25 18:27:08.039641+00:00
[2025-02-25T18:27:09.232+0000] {logging_mixin.py:190} INFO - Dag name:tugas_kita and current dag run status:running
[2025-02-25T18:27:09.237+0000] {taskinstance.py:731} INFO - ::endgroup::
[2025-02-25T18:27:09.253+0000] {logging_mixin.py:190} INFO - 🔍 [1] Mengambil data dari XCom...
[2025-02-25T18:27:09.321+0000] {logging_mixin.py:190} INFO - ✅ [2] Data diterima dari XCom. Jumlah baris: 1
[2025-02-25T18:27:09.343+0000] {logging_mixin.py:190} INFO - 📊 Data contoh:
[{'Humidity': 86.0, 'Moisture': 25.8}]
[2025-02-25T18:27:09.416+0000] {logging_mixin.py:190} INFO - 🤖 [3] Melakukan prediksi dengan model RandomForest...
[2025-02-25T18:27:09.626+0000] {logging_mixin.py:190} INFO - 📌 [4] Hasil prediksi:
   Humidity  Moisture  Predicted_Fertilizer
0      86.0      25.8                     5
[2025-02-25T18:27:09.630+0000] {logging_mixin.py:190} INFO - 💾 [5] Menyimpan hasil prediksi ke database...
[2025-02-25T18:27:09.807+0000] {logging_mixin.py:190} INFO - ✅ Hasil prediksi berhasil disimpan ke database!
[2025-02-25T18:27:09.814+0000] {python.py:240} INFO - Done. Returned value was: None
[2025-02-25T18:27:09.893+0000] {taskinstance.py:340} INFO - ::group::Post task execution logs
[2025-02-25T18:27:09.901+0000] {taskinstance.py:352} INFO - Marking task as SUCCESS. dag_id=tugas_kita, task_id=predict_and_store_result, run_id=scheduled__2025-02-25T18:24:00+00:00, execution_date=20250225T182400, start_date=20250225T182708, end_date=20250225T182709
[2025-02-25T18:27:10.066+0000] {logging_mixin.py:190} INFO - Task instance in success state
[2025-02-25T18:27:10.068+0000] {logging_mixin.py:190} INFO -  Previous state of the Task instance: running
[2025-02-25T18:27:10.076+0000] {logging_mixin.py:190} INFO - Dag name:tugas_kita queued_at:2025-02-25 18:25:41.141123+00:00
[2025-02-25T18:27:10.079+0000] {logging_mixin.py:190} INFO - Task hostname:d22a487e6b55 operator:PythonOperator
[2025-02-25T18:27:10.178+0000] {local_task_job_runner.py:266} INFO - Task exited with return code 0
[2025-02-25T18:27:10.342+0000] {taskinstance.py:3895} INFO - 0 downstream tasks scheduled from follow-on schedule check
[2025-02-25T18:27:10.363+0000] {local_task_job_runner.py:245} INFO - ::endgroup::
