[2025-03-06T11:21:42.608+0000] {local_task_job_runner.py:123} INFO - ::group::Pre task execution logs
[2025-03-06T11:21:42.649+0000] {taskinstance.py:2613} INFO - Dependencies all met for dep_context=non-requeueable deps ti=<TaskInstance: skripsi_2.wait_for_new_data scheduled__2025-03-06T11:10:00+00:00 [queued]>
[2025-03-06T11:21:42.676+0000] {taskinstance.py:2613} INFO - Dependencies all met for dep_context=requeueable deps ti=<TaskInstance: skripsi_2.wait_for_new_data scheduled__2025-03-06T11:10:00+00:00 [queued]>
[2025-03-06T11:21:42.678+0000] {taskinstance.py:2866} INFO - Starting attempt 10 of 6
[2025-03-06T11:21:42.726+0000] {taskinstance.py:2889} INFO - Executing <Task(SqlSensor): wait_for_new_data> on 2025-03-06 11:10:00+00:00
[2025-03-06T11:21:42.753+0000] {logging_mixin.py:190} WARNING - /home/airflow/.local/lib/python3.12/site-packages/airflow/task/task_runner/standard_task_runner.py:70 DeprecationWarning: This process (pid=43937) is multi-threaded, use of fork() may lead to deadlocks in the child.
[2025-03-06T11:21:42.760+0000] {standard_task_runner.py:72} INFO - Started process 43977 to run task
[2025-03-06T11:21:42.755+0000] {standard_task_runner.py:104} INFO - Running: ['airflow', 'tasks', 'run', 'skripsi_2', 'wait_for_new_data', 'scheduled__2025-03-06T11:10:00+00:00', '--job-id', '24677', '--raw', '--subdir', 'DAGS_FOLDER/tugas_akhir.py', '--cfg-path', '/tmp/tmp0bj3nw_7']
[2025-03-06T11:21:42.763+0000] {standard_task_runner.py:105} INFO - Job 24677: Subtask wait_for_new_data
[2025-03-06T11:21:42.885+0000] {task_command.py:467} INFO - Running <TaskInstance: skripsi_2.wait_for_new_data scheduled__2025-03-06T11:10:00+00:00 [running]> on host ef7692401a0a
[2025-03-06T11:21:43.065+0000] {taskinstance.py:3132} INFO - Exporting env vars: AIRFLOW_CTX_DAG_OWNER='Dion Rikki' AIRFLOW_CTX_DAG_ID='skripsi_2' AIRFLOW_CTX_TASK_ID='wait_for_new_data' AIRFLOW_CTX_EXECUTION_DATE='2025-03-06T11:10:00+00:00' AIRFLOW_CTX_TRY_NUMBER='10' AIRFLOW_CTX_DAG_RUN_ID='scheduled__2025-03-06T11:10:00+00:00'
[2025-03-06T11:21:43.068+0000] {logging_mixin.py:190} INFO - Task instance is in running state
[2025-03-06T11:21:43.070+0000] {logging_mixin.py:190} INFO -  Previous state of the Task instance: queued
[2025-03-06T11:21:43.071+0000] {logging_mixin.py:190} INFO - Current task name:wait_for_new_data state:running start_date:2025-03-06 11:21:42.650769+00:00
[2025-03-06T11:21:43.073+0000] {logging_mixin.py:190} INFO - Dag name:skripsi_2 and current dag run status:running
[2025-03-06T11:21:43.074+0000] {taskinstance.py:731} INFO - ::endgroup::
[2025-03-06T11:21:43.104+0000] {base.py:84} INFO - Retrieving connection 'mysql_default'
[2025-03-06T11:21:43.111+0000] {sql.py:101} INFO - Poking: 
            SELECT COUNT(*) 
            FROM tugas_akhir_sensordata s
            WHERE s.timestamp >= NOW() - INTERVAL 5 MINUTE
            AND NOT EXISTS (
                SELECT 1 
                FROM fertilizer_predictions f
                WHERE f.id = s.id
            )
         (with parameters None)
[2025-03-06T11:21:43.120+0000] {base.py:84} INFO - Retrieving connection 'mysql_default'
[2025-03-06T11:21:43.129+0000] {sql.py:553} INFO - Running statement: 
            SELECT COUNT(*) 
            FROM tugas_akhir_sensordata s
            WHERE s.timestamp >= NOW() - INTERVAL 5 MINUTE
            AND NOT EXISTS (
                SELECT 1 
                FROM fertilizer_predictions f
                WHERE f.id = s.id
            )
        , parameters: None
[2025-03-06T11:21:43.132+0000] {sql.py:562} INFO - Rows affected: 1
[2025-03-06T11:21:43.168+0000] {taskinstance.py:309} INFO - Rescheduling task, marking task as UP_FOR_RESCHEDULE
[2025-03-06T11:21:43.169+0000] {taskinstance.py:340} INFO - ::group::Post task execution logs
[2025-03-06T11:21:43.195+0000] {local_task_job_runner.py:266} INFO - Task exited with return code 0
[2025-03-06T11:21:43.238+0000] {taskinstance.py:3895} INFO - 0 downstream tasks scheduled from follow-on schedule check
[2025-03-06T11:21:43.241+0000] {local_task_job_runner.py:245} INFO - ::endgroup::
