[2025-02-25T18:42:09.732+0000] {local_task_job_runner.py:123} INFO - ::group::Pre task execution logs
[2025-02-25T18:42:09.763+0000] {taskinstance.py:2613} INFO - Dependencies all met for dep_context=non-requeueable deps ti=<TaskInstance: skripsi.get_data_from_db scheduled__2025-02-25T18:41:00+00:00 [queued]>
[2025-02-25T18:42:09.785+0000] {taskinstance.py:2613} INFO - Dependencies all met for dep_context=requeueable deps ti=<TaskInstance: skripsi.get_data_from_db scheduled__2025-02-25T18:41:00+00:00 [queued]>
[2025-02-25T18:42:09.786+0000] {taskinstance.py:2866} INFO - Starting attempt 1 of 6
[2025-02-25T18:42:09.818+0000] {taskinstance.py:2889} INFO - Executing <Task(PythonOperator): get_data_from_db> on 2025-02-25 18:41:00+00:00
[2025-02-25T18:42:09.837+0000] {logging_mixin.py:190} WARNING - /home/airflow/.local/lib/python3.12/site-packages/airflow/task/task_runner/standard_task_runner.py:70 DeprecationWarning: This process (pid=53903) is multi-threaded, use of fork() may lead to deadlocks in the child.
[2025-02-25T18:42:09.837+0000] {standard_task_runner.py:104} INFO - Running: ['airflow', 'tasks', 'run', 'skripsi', 'get_data_from_db', 'scheduled__2025-02-25T18:41:00+00:00', '--job-id', '108', '--raw', '--subdir', 'DAGS_FOLDER/tugas_akhir.py', '--cfg-path', '/tmp/tmpcqud8fon']
[2025-02-25T18:42:09.839+0000] {standard_task_runner.py:72} INFO - Started process 53936 to run task
[2025-02-25T18:42:09.840+0000] {standard_task_runner.py:105} INFO - Job 108: Subtask get_data_from_db
[2025-02-25T18:42:09.923+0000] {task_command.py:467} INFO - Running <TaskInstance: skripsi.get_data_from_db scheduled__2025-02-25T18:41:00+00:00 [running]> on host d22a487e6b55
[2025-02-25T18:42:10.071+0000] {taskinstance.py:3132} INFO - Exporting env vars: AIRFLOW_CTX_DAG_OWNER='Dion Rikki' AIRFLOW_CTX_DAG_ID='skripsi' AIRFLOW_CTX_TASK_ID='get_data_from_db' AIRFLOW_CTX_EXECUTION_DATE='2025-02-25T18:41:00+00:00' AIRFLOW_CTX_TRY_NUMBER='1' AIRFLOW_CTX_DAG_RUN_ID='scheduled__2025-02-25T18:41:00+00:00'
[2025-02-25T18:42:10.074+0000] {logging_mixin.py:190} INFO - Task instance is in running state
[2025-02-25T18:42:10.075+0000] {logging_mixin.py:190} INFO -  Previous state of the Task instance: queued
[2025-02-25T18:42:10.076+0000] {logging_mixin.py:190} INFO - Current task name:get_data_from_db state:running start_date:2025-02-25 18:42:09.764336+00:00
[2025-02-25T18:42:10.077+0000] {logging_mixin.py:190} INFO - Dag name:skripsi and current dag run status:running
[2025-02-25T18:42:10.079+0000] {taskinstance.py:731} INFO - ::endgroup::
[2025-02-25T18:42:10.082+0000] {logging_mixin.py:190} INFO - 🔍 [1] Menghubungkan ke database MySQL...
[2025-02-25T18:42:10.133+0000] {logging_mixin.py:190} INFO - 📊 Data yang diambil dari MySQL:
   Humidity  Moisture
0      86.0      25.8
[2025-02-25T18:42:10.156+0000] {logging_mixin.py:190} INFO - ✅ Data berhasil disimpan ke XCom. Jumlah baris: 1
[2025-02-25T18:42:10.157+0000] {python.py:240} INFO - Done. Returned value was: None
[2025-02-25T18:42:10.175+0000] {taskinstance.py:340} INFO - ::group::Post task execution logs
[2025-02-25T18:42:10.176+0000] {taskinstance.py:352} INFO - Marking task as SUCCESS. dag_id=skripsi, task_id=get_data_from_db, run_id=scheduled__2025-02-25T18:41:00+00:00, execution_date=20250225T184100, start_date=20250225T184209, end_date=20250225T184210
[2025-02-25T18:42:10.207+0000] {logging_mixin.py:190} INFO - Task instance in success state
[2025-02-25T18:42:10.208+0000] {logging_mixin.py:190} INFO -  Previous state of the Task instance: running
[2025-02-25T18:42:10.209+0000] {logging_mixin.py:190} INFO - Dag name:skripsi queued_at:2025-02-25 18:42:00.878926+00:00
[2025-02-25T18:42:10.211+0000] {logging_mixin.py:190} INFO - Task hostname:d22a487e6b55 operator:PythonOperator
[2025-02-25T18:42:10.235+0000] {local_task_job_runner.py:266} INFO - Task exited with return code 0
[2025-02-25T18:42:10.269+0000] {taskinstance.py:3895} INFO - 1 downstream tasks scheduled from follow-on schedule check
[2025-02-25T18:42:10.276+0000] {local_task_job_runner.py:245} INFO - ::endgroup::
