[2025-03-05T16:55:42.788+0000] {local_task_job_runner.py:123} INFO - ::group::Pre task execution logs
[2025-03-05T16:55:42.831+0000] {taskinstance.py:2613} INFO - Dependencies all met for dep_context=non-requeueable deps ti=<TaskInstance: skripsi_2.wait_for_new_data scheduled__2025-03-03T19:34:00+00:00 [queued]>
[2025-03-05T16:55:42.857+0000] {taskinstance.py:2613} INFO - Dependencies all met for dep_context=requeueable deps ti=<TaskInstance: skripsi_2.wait_for_new_data scheduled__2025-03-03T19:34:00+00:00 [queued]>
[2025-03-05T16:55:42.858+0000] {taskinstance.py:2866} INFO - Starting attempt 9 of 6
[2025-03-05T16:55:42.909+0000] {taskinstance.py:2889} INFO - Executing <Task(SqlSensor): wait_for_new_data> on 2025-03-03 19:34:00+00:00
[2025-03-05T16:55:42.935+0000] {logging_mixin.py:190} WARNING - /home/airflow/.local/lib/python3.12/site-packages/airflow/task/task_runner/standard_task_runner.py:70 DeprecationWarning: This process (pid=5452) is multi-threaded, use of fork() may lead to deadlocks in the child.
[2025-03-05T16:55:42.937+0000] {standard_task_runner.py:104} INFO - Running: ['airflow', 'tasks', 'run', 'skripsi_2', 'wait_for_new_data', 'scheduled__2025-03-03T19:34:00+00:00', '--job-id', '20605', '--raw', '--subdir', 'DAGS_FOLDER/tugas_akhir.py', '--cfg-path', '/tmp/tmpjez41mkz']
[2025-03-05T16:55:42.940+0000] {standard_task_runner.py:72} INFO - Started process 5511 to run task
[2025-03-05T16:55:42.942+0000] {standard_task_runner.py:105} INFO - Job 20605: Subtask wait_for_new_data
[2025-03-05T16:55:43.056+0000] {task_command.py:467} INFO - Running <TaskInstance: skripsi_2.wait_for_new_data scheduled__2025-03-03T19:34:00+00:00 [running]> on host ef7692401a0a
[2025-03-05T16:55:43.326+0000] {taskinstance.py:3132} INFO - Exporting env vars: AIRFLOW_CTX_DAG_OWNER='Dion Rikki' AIRFLOW_CTX_DAG_ID='skripsi_2' AIRFLOW_CTX_TASK_ID='wait_for_new_data' AIRFLOW_CTX_EXECUTION_DATE='2025-03-03T19:34:00+00:00' AIRFLOW_CTX_TRY_NUMBER='9' AIRFLOW_CTX_DAG_RUN_ID='scheduled__2025-03-03T19:34:00+00:00'
[2025-03-05T16:55:43.330+0000] {logging_mixin.py:190} INFO - Task instance is in running state
[2025-03-05T16:55:43.332+0000] {logging_mixin.py:190} INFO -  Previous state of the Task instance: queued
[2025-03-05T16:55:43.333+0000] {logging_mixin.py:190} INFO - Current task name:wait_for_new_data state:running start_date:2025-03-05 16:55:42.833534+00:00
[2025-03-05T16:55:43.335+0000] {logging_mixin.py:190} INFO - Dag name:skripsi_2 and current dag run status:running
[2025-03-05T16:55:43.337+0000] {taskinstance.py:731} INFO - ::endgroup::
[2025-03-05T16:55:43.370+0000] {base.py:84} INFO - Retrieving connection 'mysql_default'
[2025-03-05T16:55:43.378+0000] {sql.py:101} INFO - Poking: 
            SELECT COUNT(*) 
            FROM tugas_akhir_sensordata s
            WHERE s.timestamp >= NOW() - INTERVAL 5 MINUTE
            AND NOT EXISTS (
                SELECT 1 
                FROM fertilizer_predictions f
                WHERE f.id = s.id
            )
         (with parameters None)
[2025-03-05T16:55:43.389+0000] {base.py:84} INFO - Retrieving connection 'mysql_default'
[2025-03-05T16:55:43.398+0000] {sql.py:553} INFO - Running statement: 
            SELECT COUNT(*) 
            FROM tugas_akhir_sensordata s
            WHERE s.timestamp >= NOW() - INTERVAL 5 MINUTE
            AND NOT EXISTS (
                SELECT 1 
                FROM fertilizer_predictions f
                WHERE f.id = s.id
            )
        , parameters: None
[2025-03-05T16:55:43.400+0000] {sql.py:562} INFO - Rows affected: 1
[2025-03-05T16:55:43.460+0000] {taskinstance.py:309} INFO - Rescheduling task, marking task as UP_FOR_RESCHEDULE
[2025-03-05T16:55:43.462+0000] {taskinstance.py:340} INFO - ::group::Post task execution logs
[2025-03-05T16:55:43.508+0000] {local_task_job_runner.py:266} INFO - Task exited with return code 0
[2025-03-05T16:55:43.602+0000] {taskinstance.py:3895} INFO - 0 downstream tasks scheduled from follow-on schedule check
[2025-03-05T16:55:43.608+0000] {local_task_job_runner.py:245} INFO - ::endgroup::
