[2025-03-11T07:42:06.656+0000] {local_task_job_runner.py:123} INFO - ::group::Pre task execution logs
[2025-03-11T07:42:06.702+0000] {taskinstance.py:2613} INFO - Dependencies all met for dep_context=non-requeueable deps ti=<TaskInstance: skripsi_perbaikan.wait_for_new_data scheduled__2025-03-11T07:40:00+00:00 [queued]>
[2025-03-11T07:42:06.739+0000] {taskinstance.py:2613} INFO - Dependencies all met for dep_context=requeueable deps ti=<TaskInstance: skripsi_perbaikan.wait_for_new_data scheduled__2025-03-11T07:40:00+00:00 [queued]>
[2025-03-11T07:42:06.747+0000] {taskinstance.py:2866} INFO - Starting attempt 1 of 4
[2025-03-11T07:42:06.813+0000] {taskinstance.py:2889} INFO - Executing <Task(SqlSensor): wait_for_new_data> on 2025-03-11 07:40:00+00:00
[2025-03-11T07:42:06.843+0000] {logging_mixin.py:190} WARNING - /home/airflow/.local/lib/python3.12/site-packages/airflow/task/task_runner/standard_task_runner.py:70 DeprecationWarning: This process (pid=41757) is multi-threaded, use of fork() may lead to deadlocks in the child.
[2025-03-11T07:42:06.846+0000] {standard_task_runner.py:72} INFO - Started process 41808 to run task
[2025-03-11T07:42:06.845+0000] {standard_task_runner.py:104} INFO - Running: ['airflow', 'tasks', 'run', 'skripsi_perbaikan', 'wait_for_new_data', 'scheduled__2025-03-11T07:40:00+00:00', '--job-id', '4760', '--raw', '--subdir', 'DAGS_FOLDER/tugas_akhir.py', '--cfg-path', '/tmp/tmpkc8ma2bg']
[2025-03-11T07:42:06.849+0000] {standard_task_runner.py:105} INFO - Job 4760: Subtask wait_for_new_data
[2025-03-11T07:42:06.975+0000] {task_command.py:467} INFO - Running <TaskInstance: skripsi_perbaikan.wait_for_new_data scheduled__2025-03-11T07:40:00+00:00 [running]> on host b493651eb2c9
[2025-03-11T07:42:07.343+0000] {taskinstance.py:3132} INFO - Exporting env vars: AIRFLOW_CTX_DAG_OWNER='Dion Rikki' AIRFLOW_CTX_DAG_ID='skripsi_perbaikan' AIRFLOW_CTX_TASK_ID='wait_for_new_data' AIRFLOW_CTX_EXECUTION_DATE='2025-03-11T07:40:00+00:00' AIRFLOW_CTX_TRY_NUMBER='1' AIRFLOW_CTX_DAG_RUN_ID='scheduled__2025-03-11T07:40:00+00:00'
[2025-03-11T07:42:07.351+0000] {logging_mixin.py:190} INFO - Task instance is in running state
[2025-03-11T07:42:07.355+0000] {logging_mixin.py:190} INFO -  Previous state of the Task instance: queued
[2025-03-11T07:42:07.359+0000] {logging_mixin.py:190} INFO - Current task name:wait_for_new_data state:running start_date:2025-03-11 07:42:06.705130+00:00
[2025-03-11T07:42:07.361+0000] {logging_mixin.py:190} INFO - Dag name:skripsi_perbaikan and current dag run status:running
[2025-03-11T07:42:07.365+0000] {taskinstance.py:731} INFO - ::endgroup::
[2025-03-11T07:42:07.436+0000] {base.py:84} INFO - Retrieving connection 'mysql_default'
[2025-03-11T07:42:07.447+0000] {sql.py:101} INFO - Poking: 
            SELECT COUNT(*) 
            FROM tugas_akhir_sensordata s
            WHERE s.timestamp >= NOW() - INTERVAL 5 MINUTE
            AND s.soil_type IS NOT NULL
            AND s.crop_type IS NOT NULL
            AND NOT EXISTS (
                SELECT 1 
                FROM fertilizer_predictions f
                WHERE f.sensor_data_id = s.id
            )
         (with parameters None)
[2025-03-11T07:42:07.465+0000] {base.py:84} INFO - Retrieving connection 'mysql_default'
[2025-03-11T07:42:07.480+0000] {sql.py:553} INFO - Running statement: 
            SELECT COUNT(*) 
            FROM tugas_akhir_sensordata s
            WHERE s.timestamp >= NOW() - INTERVAL 5 MINUTE
            AND s.soil_type IS NOT NULL
            AND s.crop_type IS NOT NULL
            AND NOT EXISTS (
                SELECT 1 
                FROM fertilizer_predictions f
                WHERE f.sensor_data_id = s.id
            )
        , parameters: None
[2025-03-11T07:42:07.487+0000] {sql.py:562} INFO - Rows affected: 1
[2025-03-11T07:42:07.490+0000] {base.py:336} INFO - Success criteria met. Exiting.
[2025-03-11T07:42:07.517+0000] {taskinstance.py:340} INFO - ::group::Post task execution logs
[2025-03-11T07:42:07.520+0000] {taskinstance.py:352} INFO - Marking task as SUCCESS. dag_id=skripsi_perbaikan, task_id=wait_for_new_data, run_id=scheduled__2025-03-11T07:40:00+00:00, execution_date=20250311T074000, start_date=20250311T074206, end_date=20250311T074207
[2025-03-11T07:42:07.559+0000] {logging_mixin.py:190} INFO - Task instance in success state
[2025-03-11T07:42:07.563+0000] {logging_mixin.py:190} INFO -  Previous state of the Task instance: running
[2025-03-11T07:42:07.565+0000] {logging_mixin.py:190} INFO - Dag name:skripsi_perbaikan queued_at:2025-03-11 07:42:00.269259+00:00
[2025-03-11T07:42:07.568+0000] {logging_mixin.py:190} INFO - Task hostname:b493651eb2c9 operator:SqlSensor
[2025-03-11T07:42:07.611+0000] {local_task_job_runner.py:266} INFO - Task exited with return code 0
[2025-03-11T07:42:07.702+0000] {taskinstance.py:3895} INFO - 1 downstream tasks scheduled from follow-on schedule check
[2025-03-11T07:42:07.720+0000] {local_task_job_runner.py:245} INFO - ::endgroup::
