[2025-02-25T19:09:10.188+0000] {local_task_job_runner.py:123} INFO - ::group::Pre task execution logs
[2025-02-25T19:09:10.307+0000] {taskinstance.py:2613} INFO - Dependencies all met for dep_context=non-requeueable deps ti=<TaskInstance: skripsi.get_data_from_db scheduled__2025-02-25T19:08:00+00:00 [queued]>
[2025-02-25T19:09:10.366+0000] {taskinstance.py:2613} INFO - Dependencies all met for dep_context=requeueable deps ti=<TaskInstance: skripsi.get_data_from_db scheduled__2025-02-25T19:08:00+00:00 [queued]>
[2025-02-25T19:09:10.367+0000] {taskinstance.py:2866} INFO - Starting attempt 1 of 6
[2025-02-25T19:09:10.485+0000] {taskinstance.py:2889} INFO - Executing <Task(PythonOperator): get_data_from_db> on 2025-02-25 19:08:00+00:00
[2025-02-25T19:09:10.551+0000] {logging_mixin.py:190} WARNING - /home/airflow/.local/lib/python3.12/site-packages/airflow/task/task_runner/standard_task_runner.py:70 DeprecationWarning: This process (pid=69757) is multi-threaded, use of fork() may lead to deadlocks in the child.
[2025-02-25T19:09:10.565+0000] {standard_task_runner.py:104} INFO - Running: ['airflow', 'tasks', 'run', 'skripsi', 'get_data_from_db', 'scheduled__2025-02-25T19:08:00+00:00', '--job-id', '256', '--raw', '--subdir', 'DAGS_FOLDER/tugas_akhir.py', '--cfg-path', '/tmp/tmpbpat2a2x']
[2025-02-25T19:09:10.560+0000] {standard_task_runner.py:72} INFO - Started process 69822 to run task
[2025-02-25T19:09:10.573+0000] {standard_task_runner.py:105} INFO - Job 256: Subtask get_data_from_db
[2025-02-25T19:09:10.724+0000] {task_command.py:467} INFO - Running <TaskInstance: skripsi.get_data_from_db scheduled__2025-02-25T19:08:00+00:00 [running]> on host d22a487e6b55
[2025-02-25T19:09:11.020+0000] {taskinstance.py:3132} INFO - Exporting env vars: AIRFLOW_CTX_DAG_OWNER='Dion Rikki' AIRFLOW_CTX_DAG_ID='skripsi' AIRFLOW_CTX_TASK_ID='get_data_from_db' AIRFLOW_CTX_EXECUTION_DATE='2025-02-25T19:08:00+00:00' AIRFLOW_CTX_TRY_NUMBER='1' AIRFLOW_CTX_DAG_RUN_ID='scheduled__2025-02-25T19:08:00+00:00'
[2025-02-25T19:09:11.025+0000] {logging_mixin.py:190} INFO - Task instance is in running state
[2025-02-25T19:09:11.026+0000] {logging_mixin.py:190} INFO -  Previous state of the Task instance: queued
[2025-02-25T19:09:11.029+0000] {logging_mixin.py:190} INFO - Current task name:get_data_from_db state:running start_date:2025-02-25 19:09:10.309541+00:00
[2025-02-25T19:09:11.031+0000] {logging_mixin.py:190} INFO - Dag name:skripsi and current dag run status:running
[2025-02-25T19:09:11.033+0000] {taskinstance.py:731} INFO - ::endgroup::
[2025-02-25T19:09:11.039+0000] {logging_mixin.py:190} INFO - 🔍 [1] Menghubungkan ke database MySQL...
[2025-02-25T19:09:11.107+0000] {logging_mixin.py:190} INFO - 📊 Data yang diambil dari MySQL:
   Humidity  Moisture
0      86.0      25.8
1      86.0      25.8
2      86.0      25.8
[2025-02-25T19:09:11.161+0000] {logging_mixin.py:190} INFO - ✅ Data berhasil disimpan ke XCom. Jumlah baris: 3
[2025-02-25T19:09:11.162+0000] {python.py:240} INFO - Done. Returned value was: None
[2025-02-25T19:09:11.188+0000] {taskinstance.py:340} INFO - ::group::Post task execution logs
[2025-02-25T19:09:11.190+0000] {taskinstance.py:352} INFO - Marking task as SUCCESS. dag_id=skripsi, task_id=get_data_from_db, run_id=scheduled__2025-02-25T19:08:00+00:00, execution_date=20250225T190800, start_date=20250225T190910, end_date=20250225T190911
[2025-02-25T19:09:11.228+0000] {logging_mixin.py:190} INFO - Task instance in success state
[2025-02-25T19:09:11.231+0000] {logging_mixin.py:190} INFO -  Previous state of the Task instance: running
[2025-02-25T19:09:11.234+0000] {logging_mixin.py:190} INFO - Dag name:skripsi queued_at:2025-02-25 19:09:00.276748+00:00
[2025-02-25T19:09:11.236+0000] {logging_mixin.py:190} INFO - Task hostname:d22a487e6b55 operator:PythonOperator
[2025-02-25T19:09:11.283+0000] {local_task_job_runner.py:266} INFO - Task exited with return code 0
[2025-02-25T19:09:11.368+0000] {taskinstance.py:3895} INFO - 1 downstream tasks scheduled from follow-on schedule check
[2025-02-25T19:09:11.388+0000] {local_task_job_runner.py:245} INFO - ::endgroup::
