[2025-04-07T15:14:43.624+0000] {local_task_job_runner.py:123} INFO - ::group::Pre task execution logs
[2025-04-07T15:14:43.795+0000] {taskinstance.py:2613} INFO - Dependencies all met for dep_context=non-requeueable deps ti=<TaskInstance: skripsi_perbaikan.predict_and_store_result scheduled__2025-03-16T14:50:00+00:00 [queued]>
[2025-04-07T15:14:43.925+0000] {taskinstance.py:2613} INFO - Dependencies all met for dep_context=requeueable deps ti=<TaskInstance: skripsi_perbaikan.predict_and_store_result scheduled__2025-03-16T14:50:00+00:00 [queued]>
[2025-04-07T15:14:43.937+0000] {taskinstance.py:2866} INFO - Starting attempt 1 of 4
[2025-04-07T15:14:46.703+0000] {taskinstance.py:2889} INFO - Executing <Task(PythonOperator): predict_and_store_result> on 2025-03-16 14:50:00+00:00
[2025-04-07T15:14:46.833+0000] {standard_task_runner.py:104} INFO - Running: ['airflow', 'tasks', 'run', 'skripsi_perbaikan', 'predict_and_store_result', 'scheduled__2025-03-16T14:50:00+00:00', '--job-id', '2623', '--raw', '--subdir', 'DAGS_FOLDER/tugas_akhir.py', '--cfg-path', '/tmp/tmpuws90d6y']
[2025-04-07T15:14:46.851+0000] {standard_task_runner.py:105} INFO - Job 2623: Subtask predict_and_store_result
[2025-04-07T15:14:46.847+0000] {logging_mixin.py:190} WARNING - /home/airflow/.local/lib/python3.12/site-packages/airflow/task/task_runner/standard_task_runner.py:70 DeprecationWarning: This process (pid=6219) is multi-threaded, use of fork() may lead to deadlocks in the child.
[2025-04-07T15:14:46.917+0000] {standard_task_runner.py:72} INFO - Started process 6367 to run task
[2025-04-07T15:14:47.919+0000] {task_command.py:467} INFO - Running <TaskInstance: skripsi_perbaikan.predict_and_store_result scheduled__2025-03-16T14:50:00+00:00 [running]> on host a9576c91091e
[2025-04-07T15:14:49.702+0000] {taskinstance.py:3132} INFO - Exporting env vars: AIRFLOW_CTX_DAG_OWNER='Dion Rikki' AIRFLOW_CTX_DAG_ID='skripsi_perbaikan' AIRFLOW_CTX_TASK_ID='predict_and_store_result' AIRFLOW_CTX_EXECUTION_DATE='2025-03-16T14:50:00+00:00' AIRFLOW_CTX_TRY_NUMBER='1' AIRFLOW_CTX_DAG_RUN_ID='scheduled__2025-03-16T14:50:00+00:00'
[2025-04-07T15:14:49.787+0000] {logging_mixin.py:190} INFO - Task instance is in running state
[2025-04-07T15:14:49.792+0000] {logging_mixin.py:190} INFO -  Previous state of the Task instance: queued
[2025-04-07T15:14:49.809+0000] {logging_mixin.py:190} INFO - Current task name:predict_and_store_result state:running start_date:2025-04-07 15:14:43.796264+00:00
[2025-04-07T15:14:49.817+0000] {logging_mixin.py:190} INFO - Dag name:skripsi_perbaikan and current dag run status:running
[2025-04-07T15:14:49.820+0000] {taskinstance.py:731} INFO - ::endgroup::
[2025-04-07T15:14:49.825+0000] {logging_mixin.py:190} INFO - 🔍 [2] Memproses data dan melakukan prediksi...
[2025-04-07T15:14:51.036+0000] {logging_mixin.py:190} INFO - ✅ Data siap diproses: 1 baris
    id  Temperature  Humidity  ...  nitrogen phosphorous potassium
0  386         26.2      85.0  ...     102.0       283.0     277.0

[1 rows x 9 columns]
[2025-04-07T15:14:51.052+0000] {logging_mixin.py:190} INFO - 📝 Menyesuaikan nama kolom dengan model training...
[2025-04-07T15:14:51.088+0000] {logging_mixin.py:190} INFO - 🔧 Melakukan encoding kategori Soil_Type dan Crop_Type...
[2025-04-07T15:14:51.119+0000] {logging_mixin.py:190} INFO - 🧠 Menyiapkan fitur untuk prediksi...
[2025-04-07T15:14:51.132+0000] {logging_mixin.py:190} INFO - 🤖 Menjalankan model prediksi...
[2025-04-07T15:14:51.306+0000] {logging_mixin.py:190} INFO - ✅ Prediksi selesai:
    id predicted_fertilizer
0  386                 Urea
[2025-04-07T15:14:51.307+0000] {logging_mixin.py:190} INFO - 💾 Menyimpan hasil ke tabel fertilizer_predictions...
[2025-04-07T15:14:51.622+0000] {logging_mixin.py:190} INFO - ❌ Error saat menyimpan ke database: (pymysql.err.IntegrityError) (1062, "Duplicate entry '386' for key 'fertilizer_predictions.sensor_data_id'")
[SQL: INSERT INTO fertilizer_predictions (sensor_data_id, predicted_fertilizer, created_at) VALUES (%(sensor_data_id)s, %(predicted_fertilizer)s, %(created_at)s)]
[parameters: {'sensor_data_id': 386, 'predicted_fertilizer': 'Urea', 'created_at': datetime.datetime(2025, 4, 7, 15, 14, 51, 317839)}]
(Background on this error at: https://sqlalche.me/e/14/gkpj)
[2025-04-07T15:14:51.636+0000] {python.py:240} INFO - Done. Returned value was: None
[2025-04-07T15:14:51.767+0000] {taskinstance.py:340} INFO - ::group::Post task execution logs
[2025-04-07T15:14:51.801+0000] {taskinstance.py:352} INFO - Marking task as SUCCESS. dag_id=skripsi_perbaikan, task_id=predict_and_store_result, run_id=scheduled__2025-03-16T14:50:00+00:00, execution_date=20250316T145000, start_date=20250407T151443, end_date=20250407T151451
[2025-04-07T15:14:52.771+0000] {logging_mixin.py:190} INFO - Task instance in success state
[2025-04-07T15:14:52.784+0000] {logging_mixin.py:190} INFO -  Previous state of the Task instance: running
[2025-04-07T15:14:52.798+0000] {logging_mixin.py:190} INFO - Dag name:skripsi_perbaikan queued_at:2025-04-07 14:47:44.290878+00:00
[2025-04-07T15:14:52.804+0000] {logging_mixin.py:190} INFO - Task hostname:a9576c91091e operator:PythonOperator
[2025-04-07T15:14:53.035+0000] {local_task_job_runner.py:266} INFO - Task exited with return code 0
[2025-04-07T15:14:53.244+0000] {taskinstance.py:3895} INFO - 0 downstream tasks scheduled from follow-on schedule check
[2025-04-07T15:14:53.261+0000] {local_task_job_runner.py:245} INFO - ::endgroup::
