[2025-04-07T14:59:24.411+0000] {local_task_job_runner.py:123} INFO - ::group::Pre task execution logs
[2025-04-07T14:59:24.900+0000] {taskinstance.py:2613} INFO - Dependencies all met for dep_context=non-requeueable deps ti=<TaskInstance: skripsi_perbaikan.wait_for_new_data scheduled__2025-03-16T13:02:00+00:00 [queued]>
[2025-04-07T14:59:25.171+0000] {taskinstance.py:2613} INFO - Dependencies all met for dep_context=requeueable deps ti=<TaskInstance: skripsi_perbaikan.wait_for_new_data scheduled__2025-03-16T13:02:00+00:00 [queued]>
[2025-04-07T14:59:25.183+0000] {taskinstance.py:2866} INFO - Starting attempt 3 of 5
[2025-04-07T14:59:25.934+0000] {taskinstance.py:2889} INFO - Executing <Task(SqlSensor): wait_for_new_data> on 2025-03-16 13:02:00+00:00
[2025-04-07T14:59:26.201+0000] {standard_task_runner.py:104} INFO - Running: ['airflow', 'tasks', 'run', 'skripsi_perbaikan', 'wait_for_new_data', 'scheduled__2025-03-16T13:02:00+00:00', '--job-id', '2353', '--raw', '--subdir', 'DAGS_FOLDER/tugas_akhir.py', '--cfg-path', '/tmp/tmp22f8d0mo']
[2025-04-07T14:59:26.242+0000] {standard_task_runner.py:105} INFO - Job 2353: Subtask wait_for_new_data
[2025-04-07T14:59:26.268+0000] {logging_mixin.py:190} WARNING - /home/airflow/.local/lib/python3.12/site-packages/airflow/task/task_runner/standard_task_runner.py:70 DeprecationWarning: This process (pid=169) is multi-threaded, use of fork() may lead to deadlocks in the child.
[2025-04-07T14:59:26.272+0000] {standard_task_runner.py:72} INFO - Started process 365 to run task
[2025-04-07T14:59:29.751+0000] {task_command.py:467} INFO - Running <TaskInstance: skripsi_perbaikan.wait_for_new_data scheduled__2025-03-16T13:02:00+00:00 [running]> on host a9576c91091e
[2025-04-07T14:59:33.989+0000] {taskinstance.py:3132} INFO - Exporting env vars: AIRFLOW_CTX_DAG_OWNER='Dion Rikki' AIRFLOW_CTX_DAG_ID='skripsi_perbaikan' AIRFLOW_CTX_TASK_ID='wait_for_new_data' AIRFLOW_CTX_EXECUTION_DATE='2025-03-16T13:02:00+00:00' AIRFLOW_CTX_TRY_NUMBER='3' AIRFLOW_CTX_DAG_RUN_ID='scheduled__2025-03-16T13:02:00+00:00'
[2025-04-07T14:59:34.002+0000] {logging_mixin.py:190} INFO - Task instance is in running state
[2025-04-07T14:59:34.011+0000] {logging_mixin.py:190} INFO -  Previous state of the Task instance: queued
[2025-04-07T14:59:34.022+0000] {logging_mixin.py:190} INFO - Current task name:wait_for_new_data state:running start_date:2025-04-07 14:59:24.907144+00:00
[2025-04-07T14:59:34.062+0000] {logging_mixin.py:190} INFO - Dag name:skripsi_perbaikan and current dag run status:running
[2025-04-07T14:59:34.068+0000] {taskinstance.py:731} INFO - ::endgroup::
[2025-04-07T14:59:34.481+0000] {base.py:84} INFO - Retrieving connection 'mysql_default'
[2025-04-07T14:59:34.562+0000] {sql.py:101} INFO - Poking: 
            SELECT COUNT(*) 
            FROM tugas_akhir_sensordata s
            WHERE s.timestamp >= NOW() - INTERVAL 5 MINUTE
            AND s.soil_type IS NOT NULL
            AND s.crop_type IS NOT NULL
            AND NOT EXISTS (
                SELECT 1 
                FROM fertilizer_predictions f
                WHERE f.sensor_data_id = s.id
            )
         (with parameters None)
[2025-04-07T14:59:34.620+0000] {base.py:84} INFO - Retrieving connection 'mysql_default'
[2025-04-07T14:59:34.721+0000] {sql.py:553} INFO - Running statement: 
            SELECT COUNT(*) 
            FROM tugas_akhir_sensordata s
            WHERE s.timestamp >= NOW() - INTERVAL 5 MINUTE
            AND s.soil_type IS NOT NULL
            AND s.crop_type IS NOT NULL
            AND NOT EXISTS (
                SELECT 1 
                FROM fertilizer_predictions f
                WHERE f.sensor_data_id = s.id
            )
        , parameters: None
[2025-04-07T14:59:34.743+0000] {sql.py:562} INFO - Rows affected: 1
[2025-04-07T14:59:35.080+0000] {taskinstance.py:309} INFO - Rescheduling task, marking task as UP_FOR_RESCHEDULE
[2025-04-07T14:59:35.081+0000] {taskinstance.py:340} INFO - ::group::Post task execution logs
[2025-04-07T14:59:35.235+0000] {local_task_job_runner.py:266} INFO - Task exited with return code 0
[2025-04-07T14:59:36.837+0000] {standard_task_runner.py:217} INFO - Process not found (most likely exited), stop collecting metrics
[2025-04-07T14:59:37.045+0000] {taskinstance.py:3895} INFO - 0 downstream tasks scheduled from follow-on schedule check
[2025-04-07T14:59:37.053+0000] {local_task_job_runner.py:245} INFO - ::endgroup::
