[2025-02-25T11:07:25.753+0000] {local_task_job_runner.py:123} INFO - ::group::Pre task execution logs
[2025-02-25T11:07:25.857+0000] {taskinstance.py:2613} INFO - Dependencies all met for dep_context=non-requeueable deps ti=<TaskInstance: percobaan_akhir.predict_and_store_result scheduled__2025-02-24T00:00:00+00:00 [queued]>
[2025-02-25T11:07:25.940+0000] {taskinstance.py:2613} INFO - Dependencies all met for dep_context=requeueable deps ti=<TaskInstance: percobaan_akhir.predict_and_store_result scheduled__2025-02-24T00:00:00+00:00 [queued]>
[2025-02-25T11:07:25.946+0000] {taskinstance.py:2866} INFO - Starting attempt 1 of 6
[2025-02-25T11:07:25.999+0000] {taskinstance.py:2889} INFO - Executing <Task(PythonOperator): predict_and_store_result> on 2025-02-24 00:00:00+00:00
[2025-02-25T11:07:26.055+0000] {logging_mixin.py:190} WARNING - /home/airflow/.local/lib/python3.12/site-packages/airflow/task/task_runner/standard_task_runner.py:70 DeprecationWarning: This process (pid=3337) is multi-threaded, use of fork() may lead to deadlocks in the child.
[2025-02-25T11:07:26.061+0000] {standard_task_runner.py:72} INFO - Started process 3457 to run task
[2025-02-25T11:07:26.083+0000] {standard_task_runner.py:104} INFO - Running: ['airflow', 'tasks', 'run', 'percobaan_akhir', 'predict_and_store_result', 'scheduled__2025-02-24T00:00:00+00:00', '--job-id', '4', '--raw', '--subdir', 'DAGS_FOLDER/tugas_akhir.py', '--cfg-path', '/tmp/tmpr3t69vrb']
[2025-02-25T11:07:26.092+0000] {standard_task_runner.py:105} INFO - Job 4: Subtask predict_and_store_result
[2025-02-25T11:07:26.418+0000] {task_command.py:467} INFO - Running <TaskInstance: percobaan_akhir.predict_and_store_result scheduled__2025-02-24T00:00:00+00:00 [running]> on host 15e5b1e5ccc7
[2025-02-25T11:07:26.792+0000] {taskinstance.py:3132} INFO - Exporting env vars: AIRFLOW_CTX_DAG_OWNER='Dion Rikki' AIRFLOW_CTX_DAG_ID='percobaan_akhir' AIRFLOW_CTX_TASK_ID='predict_and_store_result' AIRFLOW_CTX_EXECUTION_DATE='2025-02-24T00:00:00+00:00' AIRFLOW_CTX_TRY_NUMBER='1' AIRFLOW_CTX_DAG_RUN_ID='scheduled__2025-02-24T00:00:00+00:00'
[2025-02-25T11:07:26.805+0000] {logging_mixin.py:190} INFO - Task instance is in running state
[2025-02-25T11:07:26.806+0000] {logging_mixin.py:190} INFO -  Previous state of the Task instance: queued
[2025-02-25T11:07:26.807+0000] {logging_mixin.py:190} INFO - Current task name:predict_and_store_result state:running start_date:2025-02-25 11:07:25.860334+00:00
[2025-02-25T11:07:26.811+0000] {logging_mixin.py:190} INFO - Dag name:percobaan_akhir and current dag run status:running
[2025-02-25T11:07:26.815+0000] {taskinstance.py:731} INFO - ::endgroup::
[2025-02-25T13:57:24.790+0000] {job.py:229} INFO - Heartbeat recovered after 18.51 seconds
[2025-02-25T13:57:30.785+0000] {job.py:229} INFO - Heartbeat recovered after 19.23 seconds
[2025-02-25T15:58:07.419+0000] {job.py:229} INFO - Heartbeat recovered after 12.30 seconds
[2025-02-25T16:00:06.001+0000] {local_task_job_runner.py:127} ERROR - Received SIGTERM. Terminating subprocesses
[2025-02-25T16:00:06.561+0000] {process_utils.py:132} INFO - Sending 15 to group 3457. PIDs of all processes in the group: [3457]
[2025-02-25T16:00:06.701+0000] {process_utils.py:87} INFO - Sending the signal 15 to group 3457
[2025-02-25T16:00:14.669+0000] {local_task_job_runner.py:127} ERROR - Received SIGTERM. Terminating subprocesses
[2025-02-25T16:00:14.710+0000] {process_utils.py:132} INFO - Sending 15 to group 3457. PIDs of all processes in the group: [3457]
[2025-02-25T16:00:14.729+0000] {process_utils.py:87} INFO - Sending the signal 15 to group 3457
