[2025-04-24T18:13:20.109+0000] {local_task_job_runner.py:123} INFO - ::group::Pre task execution logs
[2025-04-24T18:13:20.219+0000] {taskinstance.py:2613} INFO - Dependencies all met for dep_context=non-requeueable deps ti=<TaskInstance: perbaikan_skripsi.wait_for_new_data scheduled__2025-04-24T18:11:00+00:00 [queued]>
[2025-04-24T18:13:20.279+0000] {taskinstance.py:2613} INFO - Dependencies all met for dep_context=requeueable deps ti=<TaskInstance: perbaikan_skripsi.wait_for_new_data scheduled__2025-04-24T18:11:00+00:00 [queued]>
[2025-04-24T18:13:20.284+0000] {taskinstance.py:2866} INFO - Starting attempt 2 of 4
[2025-04-24T18:13:20.394+0000] {taskinstance.py:2889} INFO - Executing <Task(SqlSensor): wait_for_new_data> on 2025-04-24 18:11:00+00:00
[2025-04-24T18:13:20.486+0000] {logging_mixin.py:190} WARNING - /home/airflow/.local/lib/python3.12/site-packages/airflow/task/task_runner/standard_task_runner.py:70 DeprecationWarning: This process (pid=42088) is multi-threaded, use of fork() may lead to deadlocks in the child.
[2025-04-24T18:13:20.496+0000] {standard_task_runner.py:72} INFO - Started process 42196 to run task
[2025-04-24T18:13:20.524+0000] {standard_task_runner.py:104} INFO - Running: ['airflow', 'tasks', 'run', 'perbaikan_skripsi', 'wait_for_new_data', 'scheduled__2025-04-24T18:11:00+00:00', '--job-id', '22287', '--raw', '--subdir', 'DAGS_FOLDER/tugas_akhir.py', '--cfg-path', '/tmp/tmp6fquj6cy']
[2025-04-24T18:13:20.531+0000] {standard_task_runner.py:105} INFO - Job 22287: Subtask wait_for_new_data
[2025-04-24T18:13:20.874+0000] {task_command.py:467} INFO - Running <TaskInstance: perbaikan_skripsi.wait_for_new_data scheduled__2025-04-24T18:11:00+00:00 [running]> on host a38b69ba8f8a
[2025-04-24T18:13:21.356+0000] {taskinstance.py:3132} INFO - Exporting env vars: AIRFLOW_CTX_DAG_OWNER='Dion Rikki' AIRFLOW_CTX_DAG_ID='perbaikan_skripsi' AIRFLOW_CTX_TASK_ID='wait_for_new_data' AIRFLOW_CTX_EXECUTION_DATE='2025-04-24T18:11:00+00:00' AIRFLOW_CTX_TRY_NUMBER='2' AIRFLOW_CTX_DAG_RUN_ID='scheduled__2025-04-24T18:11:00+00:00'
[2025-04-24T18:13:21.359+0000] {logging_mixin.py:190} INFO - Task instance is in running state
[2025-04-24T18:13:21.360+0000] {logging_mixin.py:190} INFO -  Previous state of the Task instance: queued
[2025-04-24T18:13:21.361+0000] {logging_mixin.py:190} INFO - Current task name:wait_for_new_data state:running start_date:2025-04-24 18:13:20.220093+00:00
[2025-04-24T18:13:21.363+0000] {logging_mixin.py:190} INFO - Dag name:perbaikan_skripsi and current dag run status:running
[2025-04-24T18:13:21.367+0000] {taskinstance.py:731} INFO - ::endgroup::
[2025-04-24T18:13:21.419+0000] {base.py:84} INFO - Retrieving connection 'mysql_default'
[2025-04-24T18:13:21.429+0000] {sql.py:101} INFO - Poking: 
            SELECT COUNT(*) 
            FROM tugas_akhir_sensordata s
            WHERE s.timestamp >= NOW() - INTERVAL 3 MINUTE
            AND s.soil_type IS NOT NULL
            AND s.crop_type IS NOT NULL
            AND NOT EXISTS (
                SELECT 1 
                FROM fertilizer_predictions f
                WHERE f.sensor_data_id = s.id
            )
         (with parameters None)
[2025-04-24T18:13:21.442+0000] {base.py:84} INFO - Retrieving connection 'mysql_default'
[2025-04-24T18:13:21.471+0000] {sql.py:553} INFO - Running statement: 
            SELECT COUNT(*) 
            FROM tugas_akhir_sensordata s
            WHERE s.timestamp >= NOW() - INTERVAL 3 MINUTE
            AND s.soil_type IS NOT NULL
            AND s.crop_type IS NOT NULL
            AND NOT EXISTS (
                SELECT 1 
                FROM fertilizer_predictions f
                WHERE f.sensor_data_id = s.id
            )
        , parameters: None
[2025-04-24T18:13:21.478+0000] {sql.py:562} INFO - Rows affected: 1
[2025-04-24T18:13:21.584+0000] {taskinstance.py:309} INFO - Rescheduling task, marking task as UP_FOR_RESCHEDULE
[2025-04-24T18:13:21.593+0000] {taskinstance.py:340} INFO - ::group::Post task execution logs
[2025-04-24T18:13:21.663+0000] {local_task_job_runner.py:266} INFO - Task exited with return code 0
[2025-04-24T18:13:21.701+0000] {local_task_job_runner.py:245} INFO - ::endgroup::
