[2025-03-10T17:21:13.371+0000] {local_task_job_runner.py:123} INFO - ::group::Pre task execution logs
[2025-03-10T17:21:13.435+0000] {taskinstance.py:2613} INFO - Dependencies all met for dep_context=non-requeueable deps ti=<TaskInstance: skripsi_prediksi_fertilizer.wait_for_new_data manual__2025-03-10T17:05:44.435333+00:00 [queued]>
[2025-03-10T17:21:13.515+0000] {taskinstance.py:2613} INFO - Dependencies all met for dep_context=requeueable deps ti=<TaskInstance: skripsi_prediksi_fertilizer.wait_for_new_data manual__2025-03-10T17:05:44.435333+00:00 [queued]>
[2025-03-10T17:21:13.521+0000] {taskinstance.py:2866} INFO - Starting attempt 5 of 9
[2025-03-10T17:21:13.615+0000] {taskinstance.py:2889} INFO - Executing <Task(SqlSensor): wait_for_new_data> on 2025-03-10 17:05:44.435333+00:00
[2025-03-10T17:21:13.690+0000] {standard_task_runner.py:104} INFO - Running: ['airflow', 'tasks', 'run', 'skripsi_prediksi_fertilizer', 'wait_for_new_data', 'manual__2025-03-10T17:05:44.435333+00:00', '--job-id', '30', '--raw', '--subdir', 'DAGS_FOLDER/tugas_akhir.py', '--cfg-path', '/tmp/tmpqj68m2g7']
[2025-03-10T17:21:13.702+0000] {standard_task_runner.py:105} INFO - Job 30: Subtask wait_for_new_data
[2025-03-10T17:21:13.719+0000] {logging_mixin.py:190} WARNING - /home/airflow/.local/lib/python3.12/site-packages/airflow/task/task_runner/standard_task_runner.py:70 DeprecationWarning: This process (pid=24919) is multi-threaded, use of fork() may lead to deadlocks in the child.
[2025-03-10T17:21:13.725+0000] {standard_task_runner.py:72} INFO - Started process 24992 to run task
[2025-03-10T17:21:14.087+0000] {task_command.py:467} INFO - Running <TaskInstance: skripsi_prediksi_fertilizer.wait_for_new_data manual__2025-03-10T17:05:44.435333+00:00 [running]> on host b493651eb2c9
[2025-03-10T17:21:14.788+0000] {taskinstance.py:3132} INFO - Exporting env vars: AIRFLOW_CTX_DAG_OWNER='Dion Rikki' AIRFLOW_CTX_DAG_ID='skripsi_prediksi_fertilizer' AIRFLOW_CTX_TASK_ID='wait_for_new_data' AIRFLOW_CTX_EXECUTION_DATE='2025-03-10T17:05:44.435333+00:00' AIRFLOW_CTX_TRY_NUMBER='5' AIRFLOW_CTX_DAG_RUN_ID='manual__2025-03-10T17:05:44.435333+00:00'
[2025-03-10T17:21:14.794+0000] {logging_mixin.py:190} INFO - Task instance is in running state
[2025-03-10T17:21:14.798+0000] {logging_mixin.py:190} INFO -  Previous state of the Task instance: queued
[2025-03-10T17:21:14.805+0000] {logging_mixin.py:190} INFO - Current task name:wait_for_new_data state:running start_date:2025-03-10 17:21:13.446539+00:00
[2025-03-10T17:21:14.807+0000] {logging_mixin.py:190} INFO - Dag name:skripsi_prediksi_fertilizer and current dag run status:running
[2025-03-10T17:21:14.814+0000] {taskinstance.py:731} INFO - ::endgroup::
[2025-03-10T17:21:14.930+0000] {base.py:84} INFO - Retrieving connection 'mysql_default'
[2025-03-10T17:21:14.963+0000] {sql.py:101} INFO - Poking: 
            SELECT COUNT(*) 
            FROM tugas_akhir_sensordata s
            WHERE s.timestamp >= NOW() - INTERVAL 5 MINUTE
            AND NOT EXISTS (
                SELECT 1 
                FROM fertilizer_predictions f
                WHERE f.id = s.id
            )
         (with parameters None)
[2025-03-10T17:21:15.004+0000] {base.py:84} INFO - Retrieving connection 'mysql_default'
[2025-03-10T17:21:15.057+0000] {sql.py:553} INFO - Running statement: 
            SELECT COUNT(*) 
            FROM tugas_akhir_sensordata s
            WHERE s.timestamp >= NOW() - INTERVAL 5 MINUTE
            AND NOT EXISTS (
                SELECT 1 
                FROM fertilizer_predictions f
                WHERE f.id = s.id
            )
        , parameters: None
[2025-03-10T17:21:15.078+0000] {sql.py:562} INFO - Rows affected: 1
[2025-03-10T17:21:15.461+0000] {taskinstance.py:309} INFO - Rescheduling task, marking task as UP_FOR_RESCHEDULE
[2025-03-10T17:21:15.471+0000] {taskinstance.py:340} INFO - ::group::Post task execution logs
[2025-03-10T17:21:15.553+0000] {local_task_job_runner.py:266} INFO - Task exited with return code 0
[2025-03-10T17:21:15.717+0000] {taskinstance.py:3895} INFO - 0 downstream tasks scheduled from follow-on schedule check
[2025-03-10T17:21:15.754+0000] {local_task_job_runner.py:245} INFO - ::endgroup::
