[2025-03-16T15:25:29.514+0000] {local_task_job_runner.py:123} INFO - ::group::Pre task execution logs
[2025-03-16T15:25:29.586+0000] {taskinstance.py:2613} INFO - Dependencies all met for dep_context=non-requeueable deps ti=<TaskInstance: skripsi_perbaikan.predict_and_store_result scheduled__2025-03-16T15:22:00+00:00 [queued]>
[2025-03-16T15:25:29.639+0000] {taskinstance.py:2613} INFO - Dependencies all met for dep_context=requeueable deps ti=<TaskInstance: skripsi_perbaikan.predict_and_store_result scheduled__2025-03-16T15:22:00+00:00 [queued]>
[2025-03-16T15:25:29.641+0000] {taskinstance.py:2866} INFO - Starting attempt 1 of 4
[2025-03-16T15:25:29.718+0000] {taskinstance.py:2889} INFO - Executing <Task(PythonOperator): predict_and_store_result> on 2025-03-16 15:22:00+00:00
[2025-03-16T15:25:29.755+0000] {standard_task_runner.py:104} INFO - Running: ['airflow', 'tasks', 'run', 'skripsi_perbaikan', 'predict_and_store_result', 'scheduled__2025-03-16T15:22:00+00:00', '--job-id', '591', '--raw', '--subdir', 'DAGS_FOLDER/tugas_akhir.py', '--cfg-path', '/tmp/tmpc2hyqip6']
[2025-03-16T15:25:29.761+0000] {standard_task_runner.py:105} INFO - Job 591: Subtask predict_and_store_result
[2025-03-16T15:25:29.757+0000] {logging_mixin.py:190} WARNING - /home/airflow/.local/lib/python3.12/site-packages/airflow/task/task_runner/standard_task_runner.py:70 DeprecationWarning: This process (pid=75889) is multi-threaded, use of fork() may lead to deadlocks in the child.
[2025-03-16T15:25:29.769+0000] {standard_task_runner.py:72} INFO - Started process 75925 to run task
[2025-03-16T15:25:29.948+0000] {task_command.py:467} INFO - Running <TaskInstance: skripsi_perbaikan.predict_and_store_result scheduled__2025-03-16T15:22:00+00:00 [running]> on host 438c3ba1e399
[2025-03-16T15:25:30.239+0000] {taskinstance.py:3132} INFO - Exporting env vars: AIRFLOW_CTX_DAG_OWNER='Dion Rikki' AIRFLOW_CTX_DAG_ID='skripsi_perbaikan' AIRFLOW_CTX_TASK_ID='predict_and_store_result' AIRFLOW_CTX_EXECUTION_DATE='2025-03-16T15:22:00+00:00' AIRFLOW_CTX_TRY_NUMBER='1' AIRFLOW_CTX_DAG_RUN_ID='scheduled__2025-03-16T15:22:00+00:00'
[2025-03-16T15:25:30.245+0000] {logging_mixin.py:190} INFO - Task instance is in running state
[2025-03-16T15:25:30.247+0000] {logging_mixin.py:190} INFO -  Previous state of the Task instance: queued
[2025-03-16T15:25:30.249+0000] {logging_mixin.py:190} INFO - Current task name:predict_and_store_result state:running start_date:2025-03-16 15:25:29.587645+00:00
[2025-03-16T15:25:30.250+0000] {logging_mixin.py:190} INFO - Dag name:skripsi_perbaikan and current dag run status:running
[2025-03-16T15:25:30.252+0000] {taskinstance.py:731} INFO - ::endgroup::
[2025-03-16T15:25:30.255+0000] {logging_mixin.py:190} INFO - 🔍 [2] Memproses data dan melakukan prediksi...
[2025-03-16T15:25:30.328+0000] {logging_mixin.py:190} INFO - ✅ Data siap diproses: 2 baris
   id  Temperature  Humidity  ...  nitrogen phosphorous potassium
0  78         24.8      85.0  ...       0.0         0.0       0.0
1  79         24.8      85.0  ...       0.0         0.0       0.0

[2 rows x 9 columns]
[2025-03-16T15:25:30.329+0000] {logging_mixin.py:190} INFO - 📝 Menyesuaikan nama kolom dengan model training...
[2025-03-16T15:25:30.332+0000] {logging_mixin.py:190} INFO - 🔧 Melakukan encoding kategori Soil_Type dan Crop_Type...
[2025-03-16T15:25:30.340+0000] {logging_mixin.py:190} INFO - 🧠 Menyiapkan fitur untuk prediksi...
[2025-03-16T15:25:30.345+0000] {logging_mixin.py:190} INFO - 🤖 Menjalankan model prediksi...
[2025-03-16T15:25:30.381+0000] {logging_mixin.py:190} INFO - ✅ Prediksi selesai:
   id predicted_fertilizer
0  78             14-14-14
1  79             14-14-14
[2025-03-16T15:25:30.382+0000] {logging_mixin.py:190} INFO - 💾 Menyimpan hasil ke tabel fertilizer_predictions...
[2025-03-16T15:25:30.470+0000] {logging_mixin.py:190} INFO - ✅ Hasil prediksi berhasil disimpan.
[2025-03-16T15:25:30.476+0000] {python.py:240} INFO - Done. Returned value was: None
[2025-03-16T15:25:30.511+0000] {taskinstance.py:340} INFO - ::group::Post task execution logs
[2025-03-16T15:25:30.513+0000] {taskinstance.py:352} INFO - Marking task as SUCCESS. dag_id=skripsi_perbaikan, task_id=predict_and_store_result, run_id=scheduled__2025-03-16T15:22:00+00:00, execution_date=20250316T152200, start_date=20250316T152529, end_date=20250316T152530
[2025-03-16T15:25:30.577+0000] {logging_mixin.py:190} INFO - Task instance in success state
[2025-03-16T15:25:30.580+0000] {logging_mixin.py:190} INFO -  Previous state of the Task instance: running
[2025-03-16T15:25:30.586+0000] {logging_mixin.py:190} INFO - Dag name:skripsi_perbaikan queued_at:2025-03-16 15:24:01.213541+00:00
[2025-03-16T15:25:30.587+0000] {logging_mixin.py:190} INFO - Task hostname:438c3ba1e399 operator:PythonOperator
[2025-03-16T15:25:30.630+0000] {local_task_job_runner.py:266} INFO - Task exited with return code 0
[2025-03-16T15:25:30.715+0000] {taskinstance.py:3895} INFO - 0 downstream tasks scheduled from follow-on schedule check
[2025-03-16T15:25:30.721+0000] {local_task_job_runner.py:245} INFO - ::endgroup::
