[2025-02-25T18:27:34.053+0000] {local_task_job_runner.py:123} INFO - ::group::Pre task execution logs
[2025-02-25T18:27:34.116+0000] {taskinstance.py:2613} INFO - Dependencies all met for dep_context=non-requeueable deps ti=<TaskInstance: tugas_kita.predict_and_store_result scheduled__2025-02-25T18:25:00+00:00 [queued]>
[2025-02-25T18:27:34.157+0000] {taskinstance.py:2613} INFO - Dependencies all met for dep_context=requeueable deps ti=<TaskInstance: tugas_kita.predict_and_store_result scheduled__2025-02-25T18:25:00+00:00 [queued]>
[2025-02-25T18:27:34.163+0000] {taskinstance.py:2866} INFO - Starting attempt 1 of 6
[2025-02-25T18:27:34.234+0000] {taskinstance.py:2889} INFO - Executing <Task(PythonOperator): predict_and_store_result> on 2025-02-25 18:25:00+00:00
[2025-02-25T18:27:34.266+0000] {logging_mixin.py:190} WARNING - /home/airflow/.local/lib/python3.12/site-packages/airflow/task/task_runner/standard_task_runner.py:70 DeprecationWarning: This process (pid=45358) is multi-threaded, use of fork() may lead to deadlocks in the child.
[2025-02-25T18:27:34.271+0000] {standard_task_runner.py:72} INFO - Started process 45436 to run task
[2025-02-25T18:27:34.266+0000] {standard_task_runner.py:104} INFO - Running: ['airflow', 'tasks', 'run', 'tugas_kita', 'predict_and_store_result', 'scheduled__2025-02-25T18:25:00+00:00', '--job-id', '66', '--raw', '--subdir', 'DAGS_FOLDER/tugas_akhir.py', '--cfg-path', '/tmp/tmpyx8ss1hw']
[2025-02-25T18:27:34.274+0000] {standard_task_runner.py:105} INFO - Job 66: Subtask predict_and_store_result
[2025-02-25T18:27:34.385+0000] {task_command.py:467} INFO - Running <TaskInstance: tugas_kita.predict_and_store_result scheduled__2025-02-25T18:25:00+00:00 [running]> on host d22a487e6b55
[2025-02-25T18:27:34.621+0000] {taskinstance.py:3132} INFO - Exporting env vars: AIRFLOW_CTX_DAG_OWNER='Dion Rikki' AIRFLOW_CTX_DAG_ID='tugas_kita' AIRFLOW_CTX_TASK_ID='predict_and_store_result' AIRFLOW_CTX_EXECUTION_DATE='2025-02-25T18:25:00+00:00' AIRFLOW_CTX_TRY_NUMBER='1' AIRFLOW_CTX_DAG_RUN_ID='scheduled__2025-02-25T18:25:00+00:00'
[2025-02-25T18:27:34.628+0000] {logging_mixin.py:190} INFO - Task instance is in running state
[2025-02-25T18:27:34.630+0000] {logging_mixin.py:190} INFO -  Previous state of the Task instance: queued
[2025-02-25T18:27:34.631+0000] {logging_mixin.py:190} INFO - Current task name:predict_and_store_result state:running start_date:2025-02-25 18:27:34.118605+00:00
[2025-02-25T18:27:34.633+0000] {logging_mixin.py:190} INFO - Dag name:tugas_kita and current dag run status:running
[2025-02-25T18:27:34.635+0000] {taskinstance.py:731} INFO - ::endgroup::
[2025-02-25T18:27:34.638+0000] {logging_mixin.py:190} INFO - 🔍 [1] Mengambil data dari XCom...
[2025-02-25T18:27:34.658+0000] {logging_mixin.py:190} INFO - ✅ [2] Data diterima dari XCom. Jumlah baris: 2
[2025-02-25T18:27:34.659+0000] {logging_mixin.py:190} INFO - 📊 Data contoh:
[{'Humidity': 86.0, 'Moisture': 25.8}, {'Humidity': 86.0, 'Moisture': 25.8}]
[2025-02-25T18:27:34.675+0000] {logging_mixin.py:190} INFO - 🤖 [3] Melakukan prediksi dengan model RandomForest...
[2025-02-25T18:27:34.734+0000] {logging_mixin.py:190} INFO - 📌 [4] Hasil prediksi:
   Humidity  Moisture  Predicted_Fertilizer
0      86.0      25.8                     5
1      86.0      25.8                     5
[2025-02-25T18:27:34.736+0000] {logging_mixin.py:190} INFO - 💾 [5] Menyimpan hasil prediksi ke database...
[2025-02-25T18:27:34.776+0000] {logging_mixin.py:190} INFO - ✅ Hasil prediksi berhasil disimpan ke database!
[2025-02-25T18:27:34.777+0000] {python.py:240} INFO - Done. Returned value was: None
[2025-02-25T18:27:34.797+0000] {taskinstance.py:340} INFO - ::group::Post task execution logs
[2025-02-25T18:27:34.798+0000] {taskinstance.py:352} INFO - Marking task as SUCCESS. dag_id=tugas_kita, task_id=predict_and_store_result, run_id=scheduled__2025-02-25T18:25:00+00:00, execution_date=20250225T182500, start_date=20250225T182734, end_date=20250225T182734
[2025-02-25T18:27:34.834+0000] {logging_mixin.py:190} INFO - Task instance in success state
[2025-02-25T18:27:34.835+0000] {logging_mixin.py:190} INFO -  Previous state of the Task instance: running
[2025-02-25T18:27:34.837+0000] {logging_mixin.py:190} INFO - Dag name:tugas_kita queued_at:2025-02-25 18:26:01.106881+00:00
[2025-02-25T18:27:34.841+0000] {logging_mixin.py:190} INFO - Task hostname:d22a487e6b55 operator:PythonOperator
[2025-02-25T18:27:34.873+0000] {local_task_job_runner.py:266} INFO - Task exited with return code 0
[2025-02-25T18:27:34.902+0000] {taskinstance.py:3895} INFO - 0 downstream tasks scheduled from follow-on schedule check
[2025-02-25T18:27:34.905+0000] {local_task_job_runner.py:245} INFO - ::endgroup::
