[2025-03-02T19:20:33.906+0000] {local_task_job_runner.py:123} INFO - ::group::Pre task execution logs
[2025-03-02T19:20:33.933+0000] {taskinstance.py:2613} INFO - Dependencies all met for dep_context=non-requeueable deps ti=<TaskInstance: skripsi_2.wait_for_new_data scheduled__2025-03-02T19:12:00+00:00 [queued]>
[2025-03-02T19:20:33.949+0000] {taskinstance.py:2613} INFO - Dependencies all met for dep_context=requeueable deps ti=<TaskInstance: skripsi_2.wait_for_new_data scheduled__2025-03-02T19:12:00+00:00 [queued]>
[2025-03-02T19:20:33.950+0000] {taskinstance.py:2866} INFO - Starting attempt 7 of 6
[2025-03-02T19:20:33.979+0000] {taskinstance.py:2889} INFO - Executing <Task(SqlSensor): wait_for_new_data> on 2025-03-02 19:12:00+00:00
[2025-03-02T19:20:33.998+0000] {logging_mixin.py:190} WARNING - /home/airflow/.local/lib/python3.12/site-packages/airflow/task/task_runner/standard_task_runner.py:70 DeprecationWarning: This process (pid=66104) is multi-threaded, use of fork() may lead to deadlocks in the child.
[2025-03-02T19:20:33.997+0000] {standard_task_runner.py:104} INFO - Running: ['airflow', 'tasks', 'run', 'skripsi_2', 'wait_for_new_data', 'scheduled__2025-03-02T19:12:00+00:00', '--job-id', '20152', '--raw', '--subdir', 'DAGS_FOLDER/tugas_akhir.py', '--cfg-path', '/tmp/tmp9pp20jzh']
[2025-03-02T19:20:34.002+0000] {standard_task_runner.py:105} INFO - Job 20152: Subtask wait_for_new_data
[2025-03-02T19:20:34.000+0000] {standard_task_runner.py:72} INFO - Started process 66143 to run task
[2025-03-02T19:20:34.111+0000] {task_command.py:467} INFO - Running <TaskInstance: skripsi_2.wait_for_new_data scheduled__2025-03-02T19:12:00+00:00 [running]> on host ef7692401a0a
[2025-03-02T19:20:34.283+0000] {taskinstance.py:3132} INFO - Exporting env vars: AIRFLOW_CTX_DAG_OWNER='Dion Rikki' AIRFLOW_CTX_DAG_ID='skripsi_2' AIRFLOW_CTX_TASK_ID='wait_for_new_data' AIRFLOW_CTX_EXECUTION_DATE='2025-03-02T19:12:00+00:00' AIRFLOW_CTX_TRY_NUMBER='7' AIRFLOW_CTX_DAG_RUN_ID='scheduled__2025-03-02T19:12:00+00:00'
[2025-03-02T19:20:34.286+0000] {logging_mixin.py:190} INFO - Task instance is in running state
[2025-03-02T19:20:34.286+0000] {logging_mixin.py:190} INFO -  Previous state of the Task instance: queued
[2025-03-02T19:20:34.288+0000] {logging_mixin.py:190} INFO - Current task name:wait_for_new_data state:running start_date:2025-03-02 19:20:33.933826+00:00
[2025-03-02T19:20:34.289+0000] {logging_mixin.py:190} INFO - Dag name:skripsi_2 and current dag run status:running
[2025-03-02T19:20:34.290+0000] {taskinstance.py:731} INFO - ::endgroup::
[2025-03-02T19:20:34.322+0000] {base.py:84} INFO - Retrieving connection 'mysql_default'
[2025-03-02T19:20:34.328+0000] {sql.py:101} INFO - Poking: 
            SELECT COUNT(*) 
            FROM tugas_akhir_sensordata s
            WHERE s.timestamp >= NOW() - INTERVAL 5 MINUTE
            AND NOT EXISTS (
                SELECT 1 
                FROM fertilizer_predictions f
                WHERE f.id = s.id
            )
         (with parameters None)
[2025-03-02T19:20:34.337+0000] {base.py:84} INFO - Retrieving connection 'mysql_default'
[2025-03-02T19:20:34.346+0000] {sql.py:553} INFO - Running statement: 
            SELECT COUNT(*) 
            FROM tugas_akhir_sensordata s
            WHERE s.timestamp >= NOW() - INTERVAL 5 MINUTE
            AND NOT EXISTS (
                SELECT 1 
                FROM fertilizer_predictions f
                WHERE f.id = s.id
            )
        , parameters: None
[2025-03-02T19:20:34.348+0000] {sql.py:562} INFO - Rows affected: 1
[2025-03-02T19:20:34.383+0000] {taskinstance.py:309} INFO - Rescheduling task, marking task as UP_FOR_RESCHEDULE
[2025-03-02T19:20:34.384+0000] {taskinstance.py:340} INFO - ::group::Post task execution logs
[2025-03-02T19:20:34.441+0000] {local_task_job_runner.py:266} INFO - Task exited with return code 0
[2025-03-02T19:20:34.456+0000] {local_task_job_runner.py:245} INFO - ::endgroup::
