[2025-04-21T14:23:09.903+0000] {local_task_job_runner.py:123} INFO - ::group::Pre task execution logs
[2025-04-21T14:23:09.932+0000] {taskinstance.py:2613} INFO - Dependencies all met for dep_context=non-requeueable deps ti=<TaskInstance: perbaikan_skripsi.wait_for_new_data scheduled__2025-04-21T14:21:00+00:00 [queued]>
[2025-04-21T14:23:09.956+0000] {taskinstance.py:2613} INFO - Dependencies all met for dep_context=requeueable deps ti=<TaskInstance: perbaikan_skripsi.wait_for_new_data scheduled__2025-04-21T14:21:00+00:00 [queued]>
[2025-04-21T14:23:09.957+0000] {taskinstance.py:2866} INFO - Starting attempt 2 of 4
[2025-04-21T14:23:09.992+0000] {taskinstance.py:2889} INFO - Executing <Task(SqlSensor): wait_for_new_data> on 2025-04-21 14:21:00+00:00
[2025-04-21T14:23:10.022+0000] {logging_mixin.py:190} WARNING - /home/airflow/.local/lib/python3.12/site-packages/airflow/task/task_runner/standard_task_runner.py:70 DeprecationWarning: This process (pid=12097) is multi-threaded, use of fork() may lead to deadlocks in the child.
[2025-04-21T14:23:10.024+0000] {standard_task_runner.py:72} INFO - Started process 12140 to run task
[2025-04-21T14:23:10.024+0000] {standard_task_runner.py:104} INFO - Running: ['airflow', 'tasks', 'run', 'perbaikan_skripsi', 'wait_for_new_data', 'scheduled__2025-04-21T14:21:00+00:00', '--job-id', '57', '--raw', '--subdir', 'DAGS_FOLDER/tugas_akhir.py', '--cfg-path', '/tmp/tmp60w4f0cg']
[2025-04-21T14:23:10.028+0000] {standard_task_runner.py:105} INFO - Job 57: Subtask wait_for_new_data
[2025-04-21T14:23:10.122+0000] {task_command.py:467} INFO - Running <TaskInstance: perbaikan_skripsi.wait_for_new_data scheduled__2025-04-21T14:21:00+00:00 [running]> on host 1daba33e39bb
[2025-04-21T14:23:10.532+0000] {taskinstance.py:3132} INFO - Exporting env vars: AIRFLOW_CTX_DAG_OWNER='Dion Rikki' AIRFLOW_CTX_DAG_ID='perbaikan_skripsi' AIRFLOW_CTX_TASK_ID='wait_for_new_data' AIRFLOW_CTX_EXECUTION_DATE='2025-04-21T14:21:00+00:00' AIRFLOW_CTX_TRY_NUMBER='2' AIRFLOW_CTX_DAG_RUN_ID='scheduled__2025-04-21T14:21:00+00:00'
[2025-04-21T14:23:10.535+0000] {logging_mixin.py:190} INFO - Task instance is in running state
[2025-04-21T14:23:10.536+0000] {logging_mixin.py:190} INFO -  Previous state of the Task instance: queued
[2025-04-21T14:23:10.537+0000] {logging_mixin.py:190} INFO - Current task name:wait_for_new_data state:running start_date:2025-04-21 14:23:09.934748+00:00
[2025-04-21T14:23:10.538+0000] {logging_mixin.py:190} INFO - Dag name:perbaikan_skripsi and current dag run status:running
[2025-04-21T14:23:10.539+0000] {taskinstance.py:731} INFO - ::endgroup::
[2025-04-21T14:23:10.565+0000] {base.py:84} INFO - Retrieving connection 'mysql_default'
[2025-04-21T14:23:10.571+0000] {sql.py:101} INFO - Poking: 
            SELECT COUNT(*) 
            FROM tugas_akhir_sensordata s
            WHERE s.timestamp >= NOW() - INTERVAL 3 MINUTE
            AND s.soil_type IS NOT NULL
            AND s.crop_type IS NOT NULL
            AND NOT EXISTS (
                SELECT 1 
                FROM fertilizer_predictions f
                WHERE f.sensor_data_id = s.id
            )
         (with parameters None)
[2025-04-21T14:23:10.580+0000] {base.py:84} INFO - Retrieving connection 'mysql_default'
[2025-04-21T14:23:10.588+0000] {sql.py:553} INFO - Running statement: 
            SELECT COUNT(*) 
            FROM tugas_akhir_sensordata s
            WHERE s.timestamp >= NOW() - INTERVAL 3 MINUTE
            AND s.soil_type IS NOT NULL
            AND s.crop_type IS NOT NULL
            AND NOT EXISTS (
                SELECT 1 
                FROM fertilizer_predictions f
                WHERE f.sensor_data_id = s.id
            )
        , parameters: None
[2025-04-21T14:23:10.589+0000] {sql.py:562} INFO - Rows affected: 1
[2025-04-21T14:23:10.591+0000] {base.py:336} INFO - Success criteria met. Exiting.
[2025-04-21T14:23:10.602+0000] {taskinstance.py:340} INFO - ::group::Post task execution logs
[2025-04-21T14:23:10.603+0000] {taskinstance.py:352} INFO - Marking task as SUCCESS. dag_id=perbaikan_skripsi, task_id=wait_for_new_data, run_id=scheduled__2025-04-21T14:21:00+00:00, execution_date=20250421T142100, start_date=20250421T142309, end_date=20250421T142310
[2025-04-21T14:23:10.623+0000] {logging_mixin.py:190} INFO - Task instance in success state
[2025-04-21T14:23:10.624+0000] {logging_mixin.py:190} INFO -  Previous state of the Task instance: running
[2025-04-21T14:23:10.625+0000] {logging_mixin.py:190} INFO - Dag name:perbaikan_skripsi queued_at:2025-04-21 14:22:00.914509+00:00
[2025-04-21T14:23:10.626+0000] {logging_mixin.py:190} INFO - Task hostname:1daba33e39bb operator:SqlSensor
[2025-04-21T14:23:10.660+0000] {local_task_job_runner.py:266} INFO - Task exited with return code 0
[2025-04-21T14:23:10.716+0000] {taskinstance.py:3895} INFO - 1 downstream tasks scheduled from follow-on schedule check
[2025-04-21T14:23:10.722+0000] {local_task_job_runner.py:245} INFO - ::endgroup::
