[2025-04-22T04:46:53.128+0000] {local_task_job_runner.py:123} INFO - ::group::Pre task execution logs
[2025-04-22T04:46:53.315+0000] {taskinstance.py:2613} INFO - Dependencies all met for dep_context=non-requeueable deps ti=<TaskInstance: perbaikan_skripsi.predict_and_store_result scheduled__2025-04-22T04:42:00+00:00 [queued]>
[2025-04-22T04:46:53.417+0000] {taskinstance.py:2613} INFO - Dependencies all met for dep_context=requeueable deps ti=<TaskInstance: perbaikan_skripsi.predict_and_store_result scheduled__2025-04-22T04:42:00+00:00 [queued]>
[2025-04-22T04:46:53.438+0000] {taskinstance.py:2866} INFO - Starting attempt 1 of 4
[2025-04-22T04:46:53.754+0000] {taskinstance.py:2889} INFO - Executing <Task(PythonOperator): predict_and_store_result> on 2025-04-22 04:42:00+00:00
[2025-04-22T04:46:53.874+0000] {standard_task_runner.py:104} INFO - Running: ['airflow', 'tasks', 'run', 'perbaikan_skripsi', 'predict_and_store_result', 'scheduled__2025-04-22T04:42:00+00:00', '--job-id', '3412', '--raw', '--subdir', 'DAGS_FOLDER/tugas_akhir.py', '--cfg-path', '/tmp/tmpvxlb9jc4']
[2025-04-22T04:46:53.902+0000] {standard_task_runner.py:105} INFO - Job 3412: Subtask predict_and_store_result
[2025-04-22T04:46:53.914+0000] {logging_mixin.py:190} WARNING - /home/airflow/.local/lib/python3.12/site-packages/airflow/task/task_runner/standard_task_runner.py:70 DeprecationWarning: This process (pid=403) is multi-threaded, use of fork() may lead to deadlocks in the child.
[2025-04-22T04:46:53.929+0000] {standard_task_runner.py:72} INFO - Started process 475 to run task
[2025-04-22T04:46:54.406+0000] {task_command.py:467} INFO - Running <TaskInstance: perbaikan_skripsi.predict_and_store_result scheduled__2025-04-22T04:42:00+00:00 [running]> on host 4921186b41fa
[2025-04-22T04:46:55.335+0000] {taskinstance.py:3132} INFO - Exporting env vars: AIRFLOW_CTX_DAG_OWNER='Dion Rikki' AIRFLOW_CTX_DAG_ID='perbaikan_skripsi' AIRFLOW_CTX_TASK_ID='predict_and_store_result' AIRFLOW_CTX_EXECUTION_DATE='2025-04-22T04:42:00+00:00' AIRFLOW_CTX_TRY_NUMBER='1' AIRFLOW_CTX_DAG_RUN_ID='scheduled__2025-04-22T04:42:00+00:00'
[2025-04-22T04:46:55.344+0000] {logging_mixin.py:190} INFO - Task instance is in running state
[2025-04-22T04:46:55.345+0000] {logging_mixin.py:190} INFO -  Previous state of the Task instance: queued
[2025-04-22T04:46:55.347+0000] {logging_mixin.py:190} INFO - Current task name:predict_and_store_result state:running start_date:2025-04-22 04:46:53.330450+00:00
[2025-04-22T04:46:55.350+0000] {logging_mixin.py:190} INFO - Dag name:perbaikan_skripsi and current dag run status:running
[2025-04-22T04:46:55.351+0000] {taskinstance.py:731} INFO - ::endgroup::
[2025-04-22T04:46:55.353+0000] {logging_mixin.py:190} INFO - 🔍 [2] Memproses data dan melakukan prediksi...
[2025-04-22T04:46:55.507+0000] {logging_mixin.py:190} INFO - ✅ Data siap diproses: 2 baris
    id  Temperature  Humidity  ...  nitrogen phosphorous potassium
0  166         25.3      85.0  ...       0.0         0.0       0.0
1  167         25.3      85.0  ...       0.0         0.0       0.0

[2 rows x 9 columns]
[2025-04-22T04:46:55.508+0000] {logging_mixin.py:190} INFO - 📝 Menyesuaikan nama kolom dengan model training...
[2025-04-22T04:46:55.510+0000] {logging_mixin.py:190} INFO - 🔧 Melakukan encoding kategori Soil_Type dan Crop_Type...
[2025-04-22T04:46:55.517+0000] {logging_mixin.py:190} INFO - 🧠 Menyiapkan fitur untuk prediksi...
[2025-04-22T04:46:55.525+0000] {logging_mixin.py:190} INFO - 🤖 Menjalankan model prediksi...
[2025-04-22T04:46:55.577+0000] {logging_mixin.py:190} INFO - ✅ Prediksi selesai:
    id predicted_fertilizer
0  166             10-10-10
1  167             10-10-10
[2025-04-22T04:46:55.578+0000] {logging_mixin.py:190} INFO - 💾 Menyimpan hasil ke tabel fertilizer_predictions...
[2025-04-22T04:46:56.588+0000] {logging_mixin.py:190} INFO - ✅ Hasil prediksi berhasil disimpan.
[2025-04-22T04:46:56.592+0000] {python.py:240} INFO - Done. Returned value was: None
[2025-04-22T04:46:56.657+0000] {taskinstance.py:340} INFO - ::group::Post task execution logs
[2025-04-22T04:46:56.661+0000] {taskinstance.py:352} INFO - Marking task as SUCCESS. dag_id=perbaikan_skripsi, task_id=predict_and_store_result, run_id=scheduled__2025-04-22T04:42:00+00:00, execution_date=20250422T044200, start_date=20250422T044653, end_date=20250422T044656
[2025-04-22T04:46:57.255+0000] {logging_mixin.py:190} INFO - Task instance in success state
[2025-04-22T04:46:57.257+0000] {logging_mixin.py:190} INFO -  Previous state of the Task instance: running
[2025-04-22T04:46:57.263+0000] {logging_mixin.py:190} INFO - Dag name:perbaikan_skripsi queued_at:2025-04-22 04:46:06.500272+00:00
[2025-04-22T04:46:57.267+0000] {logging_mixin.py:190} INFO - Task hostname:4921186b41fa operator:PythonOperator
[2025-04-22T04:46:57.326+0000] {local_task_job_runner.py:266} INFO - Task exited with return code 0
[2025-04-22T04:46:57.549+0000] {taskinstance.py:3895} INFO - 0 downstream tasks scheduled from follow-on schedule check
[2025-04-22T04:46:57.558+0000] {local_task_job_runner.py:245} INFO - ::endgroup::
