[2025-03-10T23:57:34.068+0000] {local_task_job_runner.py:123} INFO - ::group::Pre task execution logs
[2025-03-10T23:57:34.111+0000] {taskinstance.py:2613} INFO - Dependencies all met for dep_context=non-requeueable deps ti=<TaskInstance: skripsi_perbaikan.wait_for_new_data scheduled__2025-03-10T23:48:00+00:00 [queued]>
[2025-03-10T23:57:34.130+0000] {taskinstance.py:2613} INFO - Dependencies all met for dep_context=requeueable deps ti=<TaskInstance: skripsi_perbaikan.wait_for_new_data scheduled__2025-03-10T23:48:00+00:00 [queued]>
[2025-03-10T23:57:34.131+0000] {taskinstance.py:2866} INFO - Starting attempt 8 of 6
[2025-03-10T23:57:34.163+0000] {taskinstance.py:2889} INFO - Executing <Task(SqlSensor): wait_for_new_data> on 2025-03-10 23:48:00+00:00
[2025-03-10T23:57:34.189+0000] {logging_mixin.py:190} WARNING - /home/airflow/.local/lib/python3.12/site-packages/airflow/task/task_runner/standard_task_runner.py:70 DeprecationWarning: This process (pid=62856) is multi-threaded, use of fork() may lead to deadlocks in the child.
[2025-03-10T23:57:34.188+0000] {standard_task_runner.py:104} INFO - Running: ['airflow', 'tasks', 'run', 'skripsi_perbaikan', 'wait_for_new_data', 'scheduled__2025-03-10T23:48:00+00:00', '--job-id', '2238', '--raw', '--subdir', 'DAGS_FOLDER/tugas_akhir.py', '--cfg-path', '/tmp/tmp8c4oivme']
[2025-03-10T23:57:34.193+0000] {standard_task_runner.py:72} INFO - Started process 62868 to run task
[2025-03-10T23:57:34.194+0000] {standard_task_runner.py:105} INFO - Job 2238: Subtask wait_for_new_data
[2025-03-10T23:57:34.302+0000] {task_command.py:467} INFO - Running <TaskInstance: skripsi_perbaikan.wait_for_new_data scheduled__2025-03-10T23:48:00+00:00 [running]> on host b493651eb2c9
[2025-03-10T23:57:34.472+0000] {taskinstance.py:3132} INFO - Exporting env vars: AIRFLOW_CTX_DAG_OWNER='Dion Rikki' AIRFLOW_CTX_DAG_ID='skripsi_perbaikan' AIRFLOW_CTX_TASK_ID='wait_for_new_data' AIRFLOW_CTX_EXECUTION_DATE='2025-03-10T23:48:00+00:00' AIRFLOW_CTX_TRY_NUMBER='8' AIRFLOW_CTX_DAG_RUN_ID='scheduled__2025-03-10T23:48:00+00:00'
[2025-03-10T23:57:34.476+0000] {logging_mixin.py:190} INFO - Task instance is in running state
[2025-03-10T23:57:34.477+0000] {logging_mixin.py:190} INFO -  Previous state of the Task instance: queued
[2025-03-10T23:57:34.478+0000] {logging_mixin.py:190} INFO - Current task name:wait_for_new_data state:running start_date:2025-03-10 23:57:34.112666+00:00
[2025-03-10T23:57:34.479+0000] {logging_mixin.py:190} INFO - Dag name:skripsi_perbaikan and current dag run status:running
[2025-03-10T23:57:34.481+0000] {taskinstance.py:731} INFO - ::endgroup::
[2025-03-10T23:57:34.514+0000] {base.py:84} INFO - Retrieving connection 'mysql_default'
[2025-03-10T23:57:34.522+0000] {sql.py:101} INFO - Poking: 
            SELECT COUNT(*) 
            FROM tugas_akhir_sensordata s
            WHERE s.timestamp >= NOW() - INTERVAL 5 MINUTE
            AND s.Soil_Type IS NOT NULL
            AND s.Crop_Type IS NOT NULL
            AND NOT EXISTS (
                SELECT 1 
                FROM fertilizer_predictions f
                WHERE f.id = s.id
            )
         (with parameters None)
[2025-03-10T23:57:34.532+0000] {base.py:84} INFO - Retrieving connection 'mysql_default'
[2025-03-10T23:57:34.541+0000] {sql.py:553} INFO - Running statement: 
            SELECT COUNT(*) 
            FROM tugas_akhir_sensordata s
            WHERE s.timestamp >= NOW() - INTERVAL 5 MINUTE
            AND s.Soil_Type IS NOT NULL
            AND s.Crop_Type IS NOT NULL
            AND NOT EXISTS (
                SELECT 1 
                FROM fertilizer_predictions f
                WHERE f.id = s.id
            )
        , parameters: None
[2025-03-10T23:57:34.544+0000] {sql.py:562} INFO - Rows affected: 1
[2025-03-10T23:57:34.583+0000] {taskinstance.py:309} INFO - Rescheduling task, marking task as UP_FOR_RESCHEDULE
[2025-03-10T23:57:34.585+0000] {taskinstance.py:340} INFO - ::group::Post task execution logs
[2025-03-10T23:57:34.631+0000] {local_task_job_runner.py:266} INFO - Task exited with return code 0
[2025-03-10T23:57:34.687+0000] {taskinstance.py:3895} INFO - 0 downstream tasks scheduled from follow-on schedule check
[2025-03-10T23:57:34.691+0000] {local_task_job_runner.py:245} INFO - ::endgroup::
