[2025-04-08T05:06:13.302+0000] {local_task_job_runner.py:123} INFO - ::group::Pre task execution logs
[2025-04-08T05:06:13.331+0000] {taskinstance.py:2613} INFO - Dependencies all met for dep_context=non-requeueable deps ti=<TaskInstance: perbaikan_skripsi.predict_and_store_result scheduled__2025-04-08T05:04:00+00:00 [queued]>
[2025-04-08T05:06:13.354+0000] {taskinstance.py:2613} INFO - Dependencies all met for dep_context=requeueable deps ti=<TaskInstance: perbaikan_skripsi.predict_and_store_result scheduled__2025-04-08T05:04:00+00:00 [queued]>
[2025-04-08T05:06:13.355+0000] {taskinstance.py:2866} INFO - Starting attempt 1 of 4
[2025-04-08T05:06:13.393+0000] {taskinstance.py:2889} INFO - Executing <Task(PythonOperator): predict_and_store_result> on 2025-04-08 05:04:00+00:00
[2025-04-08T05:06:13.413+0000] {logging_mixin.py:190} WARNING - /home/airflow/.local/lib/python3.12/site-packages/airflow/task/task_runner/standard_task_runner.py:70 DeprecationWarning: This process (pid=20771) is multi-threaded, use of fork() may lead to deadlocks in the child.
[2025-04-08T05:06:13.413+0000] {standard_task_runner.py:104} INFO - Running: ['airflow', 'tasks', 'run', 'perbaikan_skripsi', 'predict_and_store_result', 'scheduled__2025-04-08T05:04:00+00:00', '--job-id', '3714', '--raw', '--subdir', 'DAGS_FOLDER/tugas_akhir.py', '--cfg-path', '/tmp/tmp6qp8eqlr']
[2025-04-08T05:06:13.416+0000] {standard_task_runner.py:105} INFO - Job 3714: Subtask predict_and_store_result
[2025-04-08T05:06:13.415+0000] {standard_task_runner.py:72} INFO - Started process 20837 to run task
[2025-04-08T05:06:13.501+0000] {task_command.py:467} INFO - Running <TaskInstance: perbaikan_skripsi.predict_and_store_result scheduled__2025-04-08T05:04:00+00:00 [running]> on host a9576c91091e
[2025-04-08T05:06:13.650+0000] {taskinstance.py:3132} INFO - Exporting env vars: AIRFLOW_CTX_DAG_OWNER='Dion Rikki' AIRFLOW_CTX_DAG_ID='perbaikan_skripsi' AIRFLOW_CTX_TASK_ID='predict_and_store_result' AIRFLOW_CTX_EXECUTION_DATE='2025-04-08T05:04:00+00:00' AIRFLOW_CTX_TRY_NUMBER='1' AIRFLOW_CTX_DAG_RUN_ID='scheduled__2025-04-08T05:04:00+00:00'
[2025-04-08T05:06:13.652+0000] {logging_mixin.py:190} INFO - Task instance is in running state
[2025-04-08T05:06:13.653+0000] {logging_mixin.py:190} INFO -  Previous state of the Task instance: queued
[2025-04-08T05:06:13.654+0000] {logging_mixin.py:190} INFO - Current task name:predict_and_store_result state:running start_date:2025-04-08 05:06:13.332375+00:00
[2025-04-08T05:06:13.655+0000] {logging_mixin.py:190} INFO - Dag name:perbaikan_skripsi and current dag run status:running
[2025-04-08T05:06:13.656+0000] {taskinstance.py:731} INFO - ::endgroup::
[2025-04-08T05:06:13.657+0000] {logging_mixin.py:190} INFO - 🔍 [2] Memproses data dan melakukan prediksi...
[2025-04-08T05:06:13.710+0000] {logging_mixin.py:190} INFO - ✅ Data siap diproses: 2 baris
    id  Temperature  Humidity  ...  nitrogen phosphorous potassium
0  647         30.2      57.0  ...     166.0       430.0     425.0
1  648         30.2      50.0  ...      78.0       228.0     222.0

[2 rows x 9 columns]
[2025-04-08T05:06:13.711+0000] {logging_mixin.py:190} INFO - 📝 Menyesuaikan nama kolom dengan model training...
[2025-04-08T05:06:13.713+0000] {logging_mixin.py:190} INFO - 🔧 Melakukan encoding kategori Soil_Type dan Crop_Type...
[2025-04-08T05:06:13.717+0000] {logging_mixin.py:190} INFO - 🧠 Menyiapkan fitur untuk prediksi...
[2025-04-08T05:06:13.719+0000] {logging_mixin.py:190} INFO - 🤖 Menjalankan model prediksi...
[2025-04-08T05:06:13.737+0000] {logging_mixin.py:190} INFO - ✅ Prediksi selesai:
    id predicted_fertilizer
0  647                 Urea
1  648                 Urea
[2025-04-08T05:06:13.738+0000] {logging_mixin.py:190} INFO - 💾 Menyimpan hasil ke tabel fertilizer_predictions...
[2025-04-08T05:06:13.769+0000] {logging_mixin.py:190} INFO - ✅ Hasil prediksi berhasil disimpan.
[2025-04-08T05:06:13.770+0000] {python.py:240} INFO - Done. Returned value was: None
[2025-04-08T05:06:13.783+0000] {taskinstance.py:340} INFO - ::group::Post task execution logs
[2025-04-08T05:06:13.784+0000] {taskinstance.py:352} INFO - Marking task as SUCCESS. dag_id=perbaikan_skripsi, task_id=predict_and_store_result, run_id=scheduled__2025-04-08T05:04:00+00:00, execution_date=20250408T050400, start_date=20250408T050613, end_date=20250408T050613
[2025-04-08T05:06:13.805+0000] {logging_mixin.py:190} INFO - Task instance in success state
[2025-04-08T05:06:13.806+0000] {logging_mixin.py:190} INFO -  Previous state of the Task instance: running
[2025-04-08T05:06:13.807+0000] {logging_mixin.py:190} INFO - Dag name:perbaikan_skripsi queued_at:2025-04-08 05:06:00.069257+00:00
[2025-04-08T05:06:13.807+0000] {logging_mixin.py:190} INFO - Task hostname:a9576c91091e operator:PythonOperator
[2025-04-08T05:06:13.852+0000] {local_task_job_runner.py:266} INFO - Task exited with return code 0
[2025-04-08T05:06:13.879+0000] {taskinstance.py:3895} INFO - 0 downstream tasks scheduled from follow-on schedule check
[2025-04-08T05:06:13.881+0000] {local_task_job_runner.py:245} INFO - ::endgroup::
