[2025-03-05T21:36:22.846+0000] {local_task_job_runner.py:123} INFO - ::group::Pre task execution logs
[2025-03-05T21:36:22.875+0000] {taskinstance.py:2613} INFO - Dependencies all met for dep_context=non-requeueable deps ti=<TaskInstance: skripsi_2.wait_for_new_data scheduled__2025-03-05T21:30:00+00:00 [queued]>
[2025-03-05T21:36:22.897+0000] {taskinstance.py:2613} INFO - Dependencies all met for dep_context=requeueable deps ti=<TaskInstance: skripsi_2.wait_for_new_data scheduled__2025-03-05T21:30:00+00:00 [queued]>
[2025-03-05T21:36:22.899+0000] {taskinstance.py:2866} INFO - Starting attempt 5 of 6
[2025-03-05T21:36:22.928+0000] {taskinstance.py:2889} INFO - Executing <Task(SqlSensor): wait_for_new_data> on 2025-03-05 21:30:00+00:00
[2025-03-05T21:36:22.948+0000] {standard_task_runner.py:104} INFO - Running: ['airflow', 'tasks', 'run', 'skripsi_2', 'wait_for_new_data', 'scheduled__2025-03-05T21:30:00+00:00', '--job-id', '22200', '--raw', '--subdir', 'DAGS_FOLDER/tugas_akhir.py', '--cfg-path', '/tmp/tmpn_wk7sle']
[2025-03-05T21:36:22.949+0000] {logging_mixin.py:190} WARNING - /home/airflow/.local/lib/python3.12/site-packages/airflow/task/task_runner/standard_task_runner.py:70 DeprecationWarning: This process (pid=26187) is multi-threaded, use of fork() may lead to deadlocks in the child.
[2025-03-05T21:36:22.952+0000] {standard_task_runner.py:72} INFO - Started process 26208 to run task
[2025-03-05T21:36:22.951+0000] {standard_task_runner.py:105} INFO - Job 22200: Subtask wait_for_new_data
[2025-03-05T21:36:23.050+0000] {task_command.py:467} INFO - Running <TaskInstance: skripsi_2.wait_for_new_data scheduled__2025-03-05T21:30:00+00:00 [running]> on host ef7692401a0a
[2025-03-05T21:36:23.186+0000] {taskinstance.py:3132} INFO - Exporting env vars: AIRFLOW_CTX_DAG_OWNER='Dion Rikki' AIRFLOW_CTX_DAG_ID='skripsi_2' AIRFLOW_CTX_TASK_ID='wait_for_new_data' AIRFLOW_CTX_EXECUTION_DATE='2025-03-05T21:30:00+00:00' AIRFLOW_CTX_TRY_NUMBER='5' AIRFLOW_CTX_DAG_RUN_ID='scheduled__2025-03-05T21:30:00+00:00'
[2025-03-05T21:36:23.189+0000] {logging_mixin.py:190} INFO - Task instance is in running state
[2025-03-05T21:36:23.190+0000] {logging_mixin.py:190} INFO -  Previous state of the Task instance: queued
[2025-03-05T21:36:23.192+0000] {logging_mixin.py:190} INFO - Current task name:wait_for_new_data state:running start_date:2025-03-05 21:36:22.876474+00:00
[2025-03-05T21:36:23.193+0000] {logging_mixin.py:190} INFO - Dag name:skripsi_2 and current dag run status:running
[2025-03-05T21:36:23.194+0000] {taskinstance.py:731} INFO - ::endgroup::
[2025-03-05T21:36:23.218+0000] {base.py:84} INFO - Retrieving connection 'mysql_default'
[2025-03-05T21:36:23.224+0000] {sql.py:101} INFO - Poking: 
            SELECT COUNT(*) 
            FROM tugas_akhir_sensordata s
            WHERE s.timestamp >= NOW() - INTERVAL 5 MINUTE
            AND NOT EXISTS (
                SELECT 1 
                FROM fertilizer_predictions f
                WHERE f.id = s.id
            )
         (with parameters None)
[2025-03-05T21:36:23.233+0000] {base.py:84} INFO - Retrieving connection 'mysql_default'
[2025-03-05T21:36:23.241+0000] {sql.py:553} INFO - Running statement: 
            SELECT COUNT(*) 
            FROM tugas_akhir_sensordata s
            WHERE s.timestamp >= NOW() - INTERVAL 5 MINUTE
            AND NOT EXISTS (
                SELECT 1 
                FROM fertilizer_predictions f
                WHERE f.id = s.id
            )
        , parameters: None
[2025-03-05T21:36:23.243+0000] {sql.py:562} INFO - Rows affected: 1
[2025-03-05T21:36:23.278+0000] {taskinstance.py:309} INFO - Rescheduling task, marking task as UP_FOR_RESCHEDULE
[2025-03-05T21:36:23.279+0000] {taskinstance.py:340} INFO - ::group::Post task execution logs
[2025-03-05T21:36:23.304+0000] {local_task_job_runner.py:266} INFO - Task exited with return code 0
[2025-03-05T21:36:23.352+0000] {taskinstance.py:3895} INFO - 0 downstream tasks scheduled from follow-on schedule check
[2025-03-05T21:36:23.355+0000] {local_task_job_runner.py:245} INFO - ::endgroup::
