[2025-03-02T17:05:34.826+0000] {local_task_job_runner.py:123} INFO - ::group::Pre task execution logs
[2025-03-02T17:05:34.874+0000] {taskinstance.py:2613} INFO - Dependencies all met for dep_context=non-requeueable deps ti=<TaskInstance: skripsi_2.wait_for_new_data scheduled__2025-03-02T16:56:00+00:00 [queued]>
[2025-03-02T17:05:34.896+0000] {taskinstance.py:2613} INFO - Dependencies all met for dep_context=requeueable deps ti=<TaskInstance: skripsi_2.wait_for_new_data scheduled__2025-03-02T16:56:00+00:00 [queued]>
[2025-03-02T17:05:34.899+0000] {taskinstance.py:2866} INFO - Starting attempt 8 of 6
[2025-03-02T17:05:34.948+0000] {taskinstance.py:2889} INFO - Executing <Task(SqlSensor): wait_for_new_data> on 2025-03-02 16:56:00+00:00
[2025-03-02T17:05:34.975+0000] {logging_mixin.py:190} WARNING - /home/airflow/.local/lib/python3.12/site-packages/airflow/task/task_runner/standard_task_runner.py:70 DeprecationWarning: This process (pid=84294) is multi-threaded, use of fork() may lead to deadlocks in the child.
[2025-03-02T17:05:34.979+0000] {standard_task_runner.py:72} INFO - Started process 84342 to run task
[2025-03-02T17:05:34.982+0000] {standard_task_runner.py:104} INFO - Running: ['airflow', 'tasks', 'run', 'skripsi_2', 'wait_for_new_data', 'scheduled__2025-03-02T16:56:00+00:00', '--job-id', '19292', '--raw', '--subdir', 'DAGS_FOLDER/tugas_akhir.py', '--cfg-path', '/tmp/tmpji6lkzc5']
[2025-03-02T17:05:34.989+0000] {standard_task_runner.py:105} INFO - Job 19292: Subtask wait_for_new_data
[2025-03-02T17:05:35.101+0000] {task_command.py:467} INFO - Running <TaskInstance: skripsi_2.wait_for_new_data scheduled__2025-03-02T16:56:00+00:00 [running]> on host ef7692401a0a
[2025-03-02T17:05:35.308+0000] {taskinstance.py:3132} INFO - Exporting env vars: AIRFLOW_CTX_DAG_OWNER='Dion Rikki' AIRFLOW_CTX_DAG_ID='skripsi_2' AIRFLOW_CTX_TASK_ID='wait_for_new_data' AIRFLOW_CTX_EXECUTION_DATE='2025-03-02T16:56:00+00:00' AIRFLOW_CTX_TRY_NUMBER='8' AIRFLOW_CTX_DAG_RUN_ID='scheduled__2025-03-02T16:56:00+00:00'
[2025-03-02T17:05:35.312+0000] {logging_mixin.py:190} INFO - Task instance is in running state
[2025-03-02T17:05:35.313+0000] {logging_mixin.py:190} INFO -  Previous state of the Task instance: queued
[2025-03-02T17:05:35.314+0000] {logging_mixin.py:190} INFO - Current task name:wait_for_new_data state:running start_date:2025-03-02 17:05:34.876318+00:00
[2025-03-02T17:05:35.315+0000] {logging_mixin.py:190} INFO - Dag name:skripsi_2 and current dag run status:running
[2025-03-02T17:05:35.317+0000] {taskinstance.py:731} INFO - ::endgroup::
[2025-03-02T17:05:35.347+0000] {base.py:84} INFO - Retrieving connection 'mysql_default'
[2025-03-02T17:05:35.352+0000] {sql.py:101} INFO - Poking: 
            SELECT COUNT(*) 
            FROM tugas_akhir_sensordata s
            WHERE s.timestamp >= NOW() - INTERVAL 5 MINUTE
            AND NOT EXISTS (
                SELECT 1 
                FROM fertilizer_predictions f
                WHERE f.id = s.id
            )
         (with parameters None)
[2025-03-02T17:05:35.361+0000] {base.py:84} INFO - Retrieving connection 'mysql_default'
[2025-03-02T17:05:35.372+0000] {sql.py:553} INFO - Running statement: 
            SELECT COUNT(*) 
            FROM tugas_akhir_sensordata s
            WHERE s.timestamp >= NOW() - INTERVAL 5 MINUTE
            AND NOT EXISTS (
                SELECT 1 
                FROM fertilizer_predictions f
                WHERE f.id = s.id
            )
        , parameters: None
[2025-03-02T17:05:35.375+0000] {sql.py:562} INFO - Rows affected: 1
[2025-03-02T17:05:35.417+0000] {taskinstance.py:309} INFO - Rescheduling task, marking task as UP_FOR_RESCHEDULE
[2025-03-02T17:05:35.417+0000] {taskinstance.py:340} INFO - ::group::Post task execution logs
[2025-03-02T17:05:35.455+0000] {local_task_job_runner.py:266} INFO - Task exited with return code 0
[2025-03-02T17:05:35.508+0000] {taskinstance.py:3895} INFO - 0 downstream tasks scheduled from follow-on schedule check
[2025-03-02T17:05:35.512+0000] {local_task_job_runner.py:245} INFO - ::endgroup::
