[2025-04-07T15:55:09.047+0000] {local_task_job_runner.py:123} INFO - ::group::Pre task execution logs
[2025-04-07T15:55:09.143+0000] {taskinstance.py:2613} INFO - Dependencies all met for dep_context=non-requeueable deps ti=<TaskInstance: perbaikan_skripsi.predict_and_store_result scheduled__2025-04-07T15:48:00+00:00 [queued]>
[2025-04-07T15:55:09.194+0000] {taskinstance.py:2613} INFO - Dependencies all met for dep_context=requeueable deps ti=<TaskInstance: perbaikan_skripsi.predict_and_store_result scheduled__2025-04-07T15:48:00+00:00 [queued]>
[2025-04-07T15:55:09.195+0000] {taskinstance.py:2866} INFO - Starting attempt 1 of 4
[2025-04-07T15:55:09.267+0000] {taskinstance.py:2889} INFO - Executing <Task(PythonOperator): predict_and_store_result> on 2025-04-07 15:48:00+00:00
[2025-04-07T15:55:09.320+0000] {standard_task_runner.py:104} INFO - Running: ['airflow', 'tasks', 'run', 'perbaikan_skripsi', 'predict_and_store_result', 'scheduled__2025-04-07T15:48:00+00:00', '--job-id', '2808', '--raw', '--subdir', 'DAGS_FOLDER/tugas_akhir.py', '--cfg-path', '/tmp/tmpdbllgp65']
[2025-04-07T15:55:09.318+0000] {logging_mixin.py:190} WARNING - /home/airflow/.local/lib/python3.12/site-packages/airflow/task/task_runner/standard_task_runner.py:70 DeprecationWarning: This process (pid=29538) is multi-threaded, use of fork() may lead to deadlocks in the child.
[2025-04-07T15:55:09.324+0000] {standard_task_runner.py:72} INFO - Started process 29633 to run task
[2025-04-07T15:55:09.323+0000] {standard_task_runner.py:105} INFO - Job 2808: Subtask predict_and_store_result
[2025-04-07T15:55:09.560+0000] {task_command.py:467} INFO - Running <TaskInstance: perbaikan_skripsi.predict_and_store_result scheduled__2025-04-07T15:48:00+00:00 [running]> on host a9576c91091e
[2025-04-07T15:55:10.207+0000] {taskinstance.py:3132} INFO - Exporting env vars: AIRFLOW_CTX_DAG_OWNER='Dion Rikki' AIRFLOW_CTX_DAG_ID='perbaikan_skripsi' AIRFLOW_CTX_TASK_ID='predict_and_store_result' AIRFLOW_CTX_EXECUTION_DATE='2025-04-07T15:48:00+00:00' AIRFLOW_CTX_TRY_NUMBER='1' AIRFLOW_CTX_DAG_RUN_ID='scheduled__2025-04-07T15:48:00+00:00'
[2025-04-07T15:55:10.216+0000] {logging_mixin.py:190} INFO - Task instance is in running state
[2025-04-07T15:55:10.224+0000] {logging_mixin.py:190} INFO -  Previous state of the Task instance: queued
[2025-04-07T15:55:10.227+0000] {logging_mixin.py:190} INFO - Current task name:predict_and_store_result state:running start_date:2025-04-07 15:55:09.147135+00:00
[2025-04-07T15:55:10.232+0000] {logging_mixin.py:190} INFO - Dag name:perbaikan_skripsi and current dag run status:running
[2025-04-07T15:55:10.235+0000] {taskinstance.py:731} INFO - ::endgroup::
[2025-04-07T15:55:10.240+0000] {logging_mixin.py:190} INFO - 🔍 [2] Memproses data dan melakukan prediksi...
[2025-04-07T15:55:10.443+0000] {logging_mixin.py:190} INFO - ✅ Data siap diproses: 1 baris
    id  Temperature  Humidity  ...  nitrogen phosphorous potassium
0  532         25.8      86.0  ...     100.0       277.0     272.0

[1 rows x 9 columns]
[2025-04-07T15:55:10.444+0000] {logging_mixin.py:190} INFO - 📝 Menyesuaikan nama kolom dengan model training...
[2025-04-07T15:55:10.451+0000] {logging_mixin.py:190} INFO - 🔧 Melakukan encoding kategori Soil_Type dan Crop_Type...
[2025-04-07T15:55:10.461+0000] {logging_mixin.py:190} INFO - ❌ Gagal saat encoding: y contains previously unseen labels: 'Rice'
[2025-04-07T15:55:10.469+0000] {python.py:240} INFO - Done. Returned value was: None
[2025-04-07T15:55:10.526+0000] {taskinstance.py:340} INFO - ::group::Post task execution logs
[2025-04-07T15:55:10.534+0000] {taskinstance.py:352} INFO - Marking task as SUCCESS. dag_id=perbaikan_skripsi, task_id=predict_and_store_result, run_id=scheduled__2025-04-07T15:48:00+00:00, execution_date=20250407T154800, start_date=20250407T155509, end_date=20250407T155510
[2025-04-07T15:55:10.657+0000] {logging_mixin.py:190} INFO - Task instance in success state
[2025-04-07T15:55:10.661+0000] {logging_mixin.py:190} INFO -  Previous state of the Task instance: running
[2025-04-07T15:55:10.669+0000] {logging_mixin.py:190} INFO - Dag name:perbaikan_skripsi queued_at:2025-04-07 15:50:01.869363+00:00
[2025-04-07T15:55:10.682+0000] {logging_mixin.py:190} INFO - Task hostname:a9576c91091e operator:PythonOperator
[2025-04-07T15:55:10.831+0000] {local_task_job_runner.py:266} INFO - Task exited with return code 0
[2025-04-07T15:55:10.923+0000] {local_task_job_runner.py:245} INFO - ::endgroup::
