[2025-04-07T15:04:40.749+0000] {local_task_job_runner.py:123} INFO - ::group::Pre task execution logs
[2025-04-07T15:04:41.238+0000] {taskinstance.py:2613} INFO - Dependencies all met for dep_context=non-requeueable deps ti=<TaskInstance: skripsi_perbaikan.get_data_from_db scheduled__2025-03-16T13:10:00+00:00 [queued]>
[2025-04-07T15:04:41.420+0000] {taskinstance.py:2613} INFO - Dependencies all met for dep_context=requeueable deps ti=<TaskInstance: skripsi_perbaikan.get_data_from_db scheduled__2025-03-16T13:10:00+00:00 [queued]>
[2025-04-07T15:04:41.431+0000] {taskinstance.py:2866} INFO - Starting attempt 2 of 5
[2025-04-07T15:04:43.303+0000] {taskinstance.py:2889} INFO - Executing <Task(PythonOperator): get_data_from_db> on 2025-03-16 13:10:00+00:00
[2025-04-07T15:04:43.442+0000] {standard_task_runner.py:104} INFO - Running: ['airflow', 'tasks', 'run', 'skripsi_perbaikan', 'get_data_from_db', 'scheduled__2025-03-16T13:10:00+00:00', '--job-id', '2434', '--raw', '--subdir', 'DAGS_FOLDER/tugas_akhir.py', '--cfg-path', '/tmp/tmpt2rlrm4e']
[2025-04-07T15:04:43.471+0000] {standard_task_runner.py:105} INFO - Job 2434: Subtask get_data_from_db
[2025-04-07T15:04:43.465+0000] {logging_mixin.py:190} WARNING - /home/airflow/.local/lib/python3.12/site-packages/airflow/task/task_runner/standard_task_runner.py:70 DeprecationWarning: This process (pid=2528) is multi-threaded, use of fork() may lead to deadlocks in the child.
[2025-04-07T15:04:43.493+0000] {standard_task_runner.py:72} INFO - Started process 2714 to run task
[2025-04-07T15:04:43.999+0000] {task_command.py:467} INFO - Running <TaskInstance: skripsi_perbaikan.get_data_from_db scheduled__2025-03-16T13:10:00+00:00 [running]> on host a9576c91091e
[2025-04-07T15:04:46.423+0000] {taskinstance.py:3132} INFO - Exporting env vars: AIRFLOW_CTX_DAG_OWNER='Dion Rikki' AIRFLOW_CTX_DAG_ID='skripsi_perbaikan' AIRFLOW_CTX_TASK_ID='get_data_from_db' AIRFLOW_CTX_EXECUTION_DATE='2025-03-16T13:10:00+00:00' AIRFLOW_CTX_TRY_NUMBER='2' AIRFLOW_CTX_DAG_RUN_ID='scheduled__2025-03-16T13:10:00+00:00'
[2025-04-07T15:04:46.485+0000] {logging_mixin.py:190} INFO - Task instance is in running state
[2025-04-07T15:04:46.544+0000] {logging_mixin.py:190} INFO -  Previous state of the Task instance: queued
[2025-04-07T15:04:46.549+0000] {logging_mixin.py:190} INFO - Current task name:get_data_from_db state:running start_date:2025-04-07 15:04:41.294690+00:00
[2025-04-07T15:04:46.572+0000] {logging_mixin.py:190} INFO - Dag name:skripsi_perbaikan and current dag run status:running
[2025-04-07T15:04:46.606+0000] {taskinstance.py:731} INFO - ::endgroup::
[2025-04-07T15:04:46.634+0000] {logging_mixin.py:190} INFO - 🔍 [1] Mengambil data sensor terbaru yang lengkap dan belum diprediksi...
[2025-04-07T15:04:47.311+0000] {logging_mixin.py:190} INFO - 📊 Data ditemukan: 0 baris
[2025-04-07T15:04:47.650+0000] {python.py:240} INFO - Done. Returned value was: None
[2025-04-07T15:04:47.899+0000] {taskinstance.py:340} INFO - ::group::Post task execution logs
[2025-04-07T15:04:47.920+0000] {taskinstance.py:352} INFO - Marking task as SUCCESS. dag_id=skripsi_perbaikan, task_id=get_data_from_db, run_id=scheduled__2025-03-16T13:10:00+00:00, execution_date=20250316T131000, start_date=20250407T150441, end_date=20250407T150447
[2025-04-07T15:04:49.799+0000] {logging_mixin.py:190} INFO - Task instance in success state
[2025-04-07T15:04:49.817+0000] {logging_mixin.py:190} INFO -  Previous state of the Task instance: running
[2025-04-07T15:04:49.841+0000] {logging_mixin.py:190} INFO - Dag name:skripsi_perbaikan queued_at:2025-04-07 14:47:44.282264+00:00
[2025-04-07T15:04:49.851+0000] {logging_mixin.py:190} INFO - Task hostname:a9576c91091e operator:PythonOperator
[2025-04-07T15:04:49.975+0000] {local_task_job_runner.py:266} INFO - Task exited with return code 0
[2025-04-07T15:04:50.225+0000] {taskinstance.py:3895} INFO - 1 downstream tasks scheduled from follow-on schedule check
[2025-04-07T15:04:50.278+0000] {local_task_job_runner.py:245} INFO - ::endgroup::
