[2025-03-16T13:43:53.196+0000] {local_task_job_runner.py:123} INFO - ::group::Pre task execution logs
[2025-03-16T13:43:53.235+0000] {taskinstance.py:2613} INFO - Dependencies all met for dep_context=non-requeueable deps ti=<TaskInstance: skripsi_perbaikan.get_data_from_db scheduled__2025-03-16T13:36:00+00:00 [queued]>
[2025-03-16T13:43:53.264+0000] {taskinstance.py:2613} INFO - Dependencies all met for dep_context=requeueable deps ti=<TaskInstance: skripsi_perbaikan.get_data_from_db scheduled__2025-03-16T13:36:00+00:00 [queued]>
[2025-03-16T13:43:53.265+0000] {taskinstance.py:2866} INFO - Starting attempt 1 of 4
[2025-03-16T13:43:53.309+0000] {taskinstance.py:2889} INFO - Executing <Task(PythonOperator): get_data_from_db> on 2025-03-16 13:36:00+00:00
[2025-03-16T13:43:53.334+0000] {logging_mixin.py:190} WARNING - /home/airflow/.local/lib/python3.12/site-packages/airflow/task/task_runner/standard_task_runner.py:70 DeprecationWarning: This process (pid=17323) is multi-threaded, use of fork() may lead to deadlocks in the child.
[2025-03-16T13:43:53.338+0000] {standard_task_runner.py:72} INFO - Started process 17391 to run task
[2025-03-16T13:43:53.340+0000] {standard_task_runner.py:104} INFO - Running: ['airflow', 'tasks', 'run', 'skripsi_perbaikan', 'get_data_from_db', 'scheduled__2025-03-16T13:36:00+00:00', '--job-id', '187', '--raw', '--subdir', 'DAGS_FOLDER/tugas_akhir.py', '--cfg-path', '/tmp/tmpjh152uy1']
[2025-03-16T13:43:53.343+0000] {standard_task_runner.py:105} INFO - Job 187: Subtask get_data_from_db
[2025-03-16T13:43:53.448+0000] {task_command.py:467} INFO - Running <TaskInstance: skripsi_perbaikan.get_data_from_db scheduled__2025-03-16T13:36:00+00:00 [running]> on host 438c3ba1e399
[2025-03-16T13:43:53.717+0000] {taskinstance.py:3132} INFO - Exporting env vars: AIRFLOW_CTX_DAG_OWNER='Dion Rikki' AIRFLOW_CTX_DAG_ID='skripsi_perbaikan' AIRFLOW_CTX_TASK_ID='get_data_from_db' AIRFLOW_CTX_EXECUTION_DATE='2025-03-16T13:36:00+00:00' AIRFLOW_CTX_TRY_NUMBER='1' AIRFLOW_CTX_DAG_RUN_ID='scheduled__2025-03-16T13:36:00+00:00'
[2025-03-16T13:43:53.722+0000] {logging_mixin.py:190} INFO - Task instance is in running state
[2025-03-16T13:43:53.724+0000] {logging_mixin.py:190} INFO -  Previous state of the Task instance: queued
[2025-03-16T13:43:53.729+0000] {logging_mixin.py:190} INFO - Current task name:get_data_from_db state:running start_date:2025-03-16 13:43:53.236624+00:00
[2025-03-16T13:43:53.734+0000] {logging_mixin.py:190} INFO - Dag name:skripsi_perbaikan and current dag run status:running
[2025-03-16T13:43:53.737+0000] {taskinstance.py:731} INFO - ::endgroup::
[2025-03-16T13:43:53.743+0000] {logging_mixin.py:190} INFO - 🔍 [1] Mengambil data sensor terbaru yang lengkap dan belum diprediksi...
[2025-03-16T13:43:53.806+0000] {logging_mixin.py:190} INFO - 📊 Data ditemukan: 1 baris
[2025-03-16T13:43:53.834+0000] {python.py:240} INFO - Done. Returned value was: None
[2025-03-16T13:43:53.854+0000] {taskinstance.py:340} INFO - ::group::Post task execution logs
[2025-03-16T13:43:53.855+0000] {taskinstance.py:352} INFO - Marking task as SUCCESS. dag_id=skripsi_perbaikan, task_id=get_data_from_db, run_id=scheduled__2025-03-16T13:36:00+00:00, execution_date=20250316T133600, start_date=20250316T134353, end_date=20250316T134353
[2025-03-16T13:43:53.889+0000] {logging_mixin.py:190} INFO - Task instance in success state
[2025-03-16T13:43:53.893+0000] {logging_mixin.py:190} INFO -  Previous state of the Task instance: running
[2025-03-16T13:43:53.896+0000] {logging_mixin.py:190} INFO - Dag name:skripsi_perbaikan queued_at:2025-03-16 13:38:00.782467+00:00
[2025-03-16T13:43:53.898+0000] {logging_mixin.py:190} INFO - Task hostname:438c3ba1e399 operator:PythonOperator
[2025-03-16T13:43:53.941+0000] {local_task_job_runner.py:266} INFO - Task exited with return code 0
[2025-03-16T13:43:54.008+0000] {taskinstance.py:3895} INFO - 1 downstream tasks scheduled from follow-on schedule check
[2025-03-16T13:43:54.031+0000] {local_task_job_runner.py:245} INFO - ::endgroup::
