[2025-02-25T19:25:01.262+0000] {local_task_job_runner.py:123} INFO - ::group::Pre task execution logs
[2025-02-25T19:25:01.376+0000] {taskinstance.py:2613} INFO - Dependencies all met for dep_context=non-requeueable deps ti=<TaskInstance: skripsi.wait_for_new_data scheduled__2025-02-25T19:18:00+00:00 [queued]>
[2025-02-25T19:25:01.431+0000] {taskinstance.py:2613} INFO - Dependencies all met for dep_context=requeueable deps ti=<TaskInstance: skripsi.wait_for_new_data scheduled__2025-02-25T19:18:00+00:00 [queued]>
[2025-02-25T19:25:01.439+0000] {taskinstance.py:2866} INFO - Starting attempt 5 of 6
[2025-02-25T19:25:01.544+0000] {taskinstance.py:2889} INFO - Executing <Task(SqlSensor): wait_for_new_data> on 2025-02-25 19:18:00+00:00
[2025-02-25T19:25:01.612+0000] {standard_task_runner.py:104} INFO - Running: ['airflow', 'tasks', 'run', 'skripsi', 'wait_for_new_data', 'scheduled__2025-02-25T19:18:00+00:00', '--job-id', '301', '--raw', '--subdir', 'DAGS_FOLDER/tugas_akhir.py', '--cfg-path', '/tmp/tmpg71noa5p']
[2025-02-25T19:25:01.614+0000] {logging_mixin.py:190} WARNING - /home/airflow/.local/lib/python3.12/site-packages/airflow/task/task_runner/standard_task_runner.py:70 DeprecationWarning: This process (pid=78949) is multi-threaded, use of fork() may lead to deadlocks in the child.
[2025-02-25T19:25:01.618+0000] {standard_task_runner.py:105} INFO - Job 301: Subtask wait_for_new_data
[2025-02-25T19:25:01.622+0000] {standard_task_runner.py:72} INFO - Started process 79037 to run task
[2025-02-25T19:25:01.911+0000] {task_command.py:467} INFO - Running <TaskInstance: skripsi.wait_for_new_data scheduled__2025-02-25T19:18:00+00:00 [running]> on host d22a487e6b55
[2025-02-25T19:25:03.181+0000] {taskinstance.py:3132} INFO - Exporting env vars: AIRFLOW_CTX_DAG_OWNER='Dion Rikki' AIRFLOW_CTX_DAG_ID='skripsi' AIRFLOW_CTX_TASK_ID='wait_for_new_data' AIRFLOW_CTX_EXECUTION_DATE='2025-02-25T19:18:00+00:00' AIRFLOW_CTX_TRY_NUMBER='5' AIRFLOW_CTX_DAG_RUN_ID='scheduled__2025-02-25T19:18:00+00:00'
[2025-02-25T19:25:03.223+0000] {logging_mixin.py:190} INFO - Task instance is in running state
[2025-02-25T19:25:03.237+0000] {logging_mixin.py:190} INFO -  Previous state of the Task instance: queued
[2025-02-25T19:25:03.243+0000] {logging_mixin.py:190} INFO - Current task name:wait_for_new_data state:running start_date:2025-02-25 19:25:01.380176+00:00
[2025-02-25T19:25:03.246+0000] {logging_mixin.py:190} INFO - Dag name:skripsi and current dag run status:running
[2025-02-25T19:25:03.254+0000] {taskinstance.py:731} INFO - ::endgroup::
[2025-02-25T19:25:03.440+0000] {base.py:84} INFO - Retrieving connection 'mysql_default'
[2025-02-25T19:25:03.467+0000] {sql.py:101} INFO - Poking: SELECT COUNT(*) FROM tugas_akhir_sensordata WHERE timestamp >= NOW() - INTERVAL 5 MINUTE (with parameters None)
[2025-02-25T19:25:03.509+0000] {base.py:84} INFO - Retrieving connection 'mysql_default'
[2025-02-25T19:25:03.545+0000] {sql.py:553} INFO - Running statement: SELECT COUNT(*) FROM tugas_akhir_sensordata WHERE timestamp >= NOW() - INTERVAL 5 MINUTE, parameters: None
[2025-02-25T19:25:03.555+0000] {sql.py:562} INFO - Rows affected: 1
[2025-02-25T19:25:03.719+0000] {taskinstance.py:309} INFO - Rescheduling task, marking task as UP_FOR_RESCHEDULE
[2025-02-25T19:25:03.726+0000] {taskinstance.py:340} INFO - ::group::Post task execution logs
[2025-02-25T19:25:03.808+0000] {local_task_job_runner.py:266} INFO - Task exited with return code 0
[2025-02-25T19:25:04.040+0000] {taskinstance.py:3895} INFO - 0 downstream tasks scheduled from follow-on schedule check
[2025-02-25T19:25:04.052+0000] {local_task_job_runner.py:245} INFO - ::endgroup::
