[2025-03-01T14:04:08.629+0000] {local_task_job_runner.py:123} INFO - ::group::Pre task execution logs
[2025-03-01T14:04:08.707+0000] {taskinstance.py:2613} INFO - Dependencies all met for dep_context=non-requeueable deps ti=<TaskInstance: skripsi_2.get_data_from_db scheduled__2025-03-01T14:02:00+00:00 [queued]>
[2025-03-01T14:04:08.752+0000] {taskinstance.py:2613} INFO - Dependencies all met for dep_context=requeueable deps ti=<TaskInstance: skripsi_2.get_data_from_db scheduled__2025-03-01T14:02:00+00:00 [queued]>
[2025-03-01T14:04:08.754+0000] {taskinstance.py:2866} INFO - Starting attempt 1 of 6
[2025-03-01T14:04:08.819+0000] {taskinstance.py:2889} INFO - Executing <Task(PythonOperator): get_data_from_db> on 2025-03-01 14:02:00+00:00
[2025-03-01T14:04:08.844+0000] {logging_mixin.py:190} WARNING - /home/airflow/.local/lib/python3.12/site-packages/airflow/task/task_runner/standard_task_runner.py:70 DeprecationWarning: This process (pid=81503) is multi-threaded, use of fork() may lead to deadlocks in the child.
[2025-03-01T14:04:08.845+0000] {standard_task_runner.py:104} INFO - Running: ['airflow', 'tasks', 'run', 'skripsi_2', 'get_data_from_db', 'scheduled__2025-03-01T14:02:00+00:00', '--job-id', '12495', '--raw', '--subdir', 'DAGS_FOLDER/tugas_akhir.py', '--cfg-path', '/tmp/tmpojqpknsz']
[2025-03-01T14:04:08.849+0000] {standard_task_runner.py:72} INFO - Started process 81528 to run task
[2025-03-01T14:04:08.851+0000] {standard_task_runner.py:105} INFO - Job 12495: Subtask get_data_from_db
[2025-03-01T14:04:08.972+0000] {task_command.py:467} INFO - Running <TaskInstance: skripsi_2.get_data_from_db scheduled__2025-03-01T14:02:00+00:00 [running]> on host ef7692401a0a
[2025-03-01T14:04:09.246+0000] {taskinstance.py:3132} INFO - Exporting env vars: AIRFLOW_CTX_DAG_OWNER='Dion Rikki' AIRFLOW_CTX_DAG_ID='skripsi_2' AIRFLOW_CTX_TASK_ID='get_data_from_db' AIRFLOW_CTX_EXECUTION_DATE='2025-03-01T14:02:00+00:00' AIRFLOW_CTX_TRY_NUMBER='1' AIRFLOW_CTX_DAG_RUN_ID='scheduled__2025-03-01T14:02:00+00:00'
[2025-03-01T14:04:09.251+0000] {logging_mixin.py:190} INFO - Task instance is in running state
[2025-03-01T14:04:09.252+0000] {logging_mixin.py:190} INFO -  Previous state of the Task instance: queued
[2025-03-01T14:04:09.254+0000] {logging_mixin.py:190} INFO - Current task name:get_data_from_db state:running start_date:2025-03-01 14:04:08.709129+00:00
[2025-03-01T14:04:09.256+0000] {logging_mixin.py:190} INFO - Dag name:skripsi_2 and current dag run status:running
[2025-03-01T14:04:09.257+0000] {taskinstance.py:731} INFO - ::endgroup::
[2025-03-01T14:04:09.261+0000] {logging_mixin.py:190} INFO - 🔍 [1] Menghubungkan ke database MySQL...
[2025-03-01T14:04:09.336+0000] {logging_mixin.py:190} INFO - 📊 Data yang diambil dari MySQL:
   Temperature  Humidity  Moisture
0         29.3      69.0         0
1         28.9      70.0         0
2         27.1      73.0         0
[2025-03-01T14:04:09.387+0000] {logging_mixin.py:190} INFO - ✅ Data berhasil disimpan ke XCom. Jumlah baris: 3
[2025-03-01T14:04:09.389+0000] {python.py:240} INFO - Done. Returned value was: None
[2025-03-01T14:04:09.432+0000] {taskinstance.py:340} INFO - ::group::Post task execution logs
[2025-03-01T14:04:09.436+0000] {taskinstance.py:352} INFO - Marking task as SUCCESS. dag_id=skripsi_2, task_id=get_data_from_db, run_id=scheduled__2025-03-01T14:02:00+00:00, execution_date=20250301T140200, start_date=20250301T140408, end_date=20250301T140409
[2025-03-01T14:04:09.472+0000] {logging_mixin.py:190} INFO - Task instance in success state
[2025-03-01T14:04:09.474+0000] {logging_mixin.py:190} INFO -  Previous state of the Task instance: running
[2025-03-01T14:04:09.477+0000] {logging_mixin.py:190} INFO - Dag name:skripsi_2 queued_at:2025-03-01 14:04:00.240332+00:00
[2025-03-01T14:04:09.480+0000] {logging_mixin.py:190} INFO - Task hostname:ef7692401a0a operator:PythonOperator
[2025-03-01T14:04:09.536+0000] {local_task_job_runner.py:266} INFO - Task exited with return code 0
[2025-03-01T14:04:09.600+0000] {taskinstance.py:3895} INFO - 1 downstream tasks scheduled from follow-on schedule check
[2025-03-01T14:04:09.613+0000] {local_task_job_runner.py:245} INFO - ::endgroup::
