[2025-02-28T09:43:22.671+0000] {local_task_job_runner.py:123} INFO - ::group::Pre task execution logs
[2025-02-28T09:43:22.711+0000] {taskinstance.py:2613} INFO - Dependencies all met for dep_context=non-requeueable deps ti=<TaskInstance: skripsi_akhir_perbaikan.wait_for_new_data scheduled__2025-02-28T09:38:00+00:00 [queued]>
[2025-02-28T09:43:22.737+0000] {taskinstance.py:2613} INFO - Dependencies all met for dep_context=requeueable deps ti=<TaskInstance: skripsi_akhir_perbaikan.wait_for_new_data scheduled__2025-02-28T09:38:00+00:00 [queued]>
[2025-02-28T09:43:22.739+0000] {taskinstance.py:2866} INFO - Starting attempt 4 of 6
[2025-02-28T09:43:22.788+0000] {taskinstance.py:2889} INFO - Executing <Task(SqlSensor): wait_for_new_data> on 2025-02-28 09:38:00+00:00
[2025-02-28T09:43:22.816+0000] {logging_mixin.py:190} WARNING - /home/airflow/.local/lib/python3.12/site-packages/airflow/task/task_runner/standard_task_runner.py:70 DeprecationWarning: This process (pid=14679) is multi-threaded, use of fork() may lead to deadlocks in the child.
[2025-02-28T09:43:22.820+0000] {standard_task_runner.py:72} INFO - Started process 14703 to run task
[2025-02-28T09:43:22.818+0000] {standard_task_runner.py:104} INFO - Running: ['airflow', 'tasks', 'run', 'skripsi_akhir_perbaikan', 'wait_for_new_data', 'scheduled__2025-02-28T09:38:00+00:00', '--job-id', '3886', '--raw', '--subdir', 'DAGS_FOLDER/tugas_akhir.py', '--cfg-path', '/tmp/tmpm333xpl4']
[2025-02-28T09:43:22.825+0000] {standard_task_runner.py:105} INFO - Job 3886: Subtask wait_for_new_data
[2025-02-28T09:43:22.938+0000] {task_command.py:467} INFO - Running <TaskInstance: skripsi_akhir_perbaikan.wait_for_new_data scheduled__2025-02-28T09:38:00+00:00 [running]> on host 75f595111fc8
[2025-02-28T09:43:23.251+0000] {taskinstance.py:3132} INFO - Exporting env vars: AIRFLOW_CTX_DAG_OWNER='Dion Rikki' AIRFLOW_CTX_DAG_ID='skripsi_akhir_perbaikan' AIRFLOW_CTX_TASK_ID='wait_for_new_data' AIRFLOW_CTX_EXECUTION_DATE='2025-02-28T09:38:00+00:00' AIRFLOW_CTX_TRY_NUMBER='4' AIRFLOW_CTX_DAG_RUN_ID='scheduled__2025-02-28T09:38:00+00:00'
[2025-02-28T09:43:23.256+0000] {logging_mixin.py:190} INFO - Task instance is in running state
[2025-02-28T09:43:23.258+0000] {logging_mixin.py:190} INFO -  Previous state of the Task instance: queued
[2025-02-28T09:43:23.260+0000] {logging_mixin.py:190} INFO - Current task name:wait_for_new_data state:running start_date:2025-02-28 09:43:22.713528+00:00
[2025-02-28T09:43:23.264+0000] {logging_mixin.py:190} INFO - Dag name:skripsi_akhir_perbaikan and current dag run status:running
[2025-02-28T09:43:23.265+0000] {taskinstance.py:731} INFO - ::endgroup::
[2025-02-28T09:43:23.294+0000] {base.py:84} INFO - Retrieving connection 'mysql_default'
[2025-02-28T09:43:23.302+0000] {sql.py:101} INFO - Poking: 
        SELECT COUNT(*) 
        FROM tugas_akhir_sensordata s
        WHERE s.timestamp >= NOW() - INTERVAL 5 MINUTE
        AND NOT EXISTS (
            SELECT 1 
            FROM fertilizer_predictions f
            WHERE CAST(f.id AS SIGNED) = s.id  -- Menggunakan SIGNED di sini
        )
     (with parameters None)
[2025-02-28T09:43:23.319+0000] {base.py:84} INFO - Retrieving connection 'mysql_default'
[2025-02-28T09:43:23.328+0000] {sql.py:553} INFO - Running statement: 
        SELECT COUNT(*) 
        FROM tugas_akhir_sensordata s
        WHERE s.timestamp >= NOW() - INTERVAL 5 MINUTE
        AND NOT EXISTS (
            SELECT 1 
            FROM fertilizer_predictions f
            WHERE CAST(f.id AS SIGNED) = s.id  -- Menggunakan SIGNED di sini
        )
    , parameters: None
[2025-02-28T09:43:23.331+0000] {sql.py:562} INFO - Rows affected: 1
[2025-02-28T09:43:23.383+0000] {taskinstance.py:309} INFO - Rescheduling task, marking task as UP_FOR_RESCHEDULE
[2025-02-28T09:43:23.384+0000] {taskinstance.py:340} INFO - ::group::Post task execution logs
[2025-02-28T09:43:23.426+0000] {local_task_job_runner.py:266} INFO - Task exited with return code 0
[2025-02-28T09:43:23.490+0000] {taskinstance.py:3895} INFO - 0 downstream tasks scheduled from follow-on schedule check
[2025-02-28T09:43:23.496+0000] {local_task_job_runner.py:245} INFO - ::endgroup::
