[2025-04-21T15:02:18.101+0000] {local_task_job_runner.py:123} INFO - ::group::Pre task execution logs
[2025-04-21T15:02:18.165+0000] {taskinstance.py:2613} INFO - Dependencies all met for dep_context=non-requeueable deps ti=<TaskInstance: perbaikan_skripsi.get_data_from_db scheduled__2025-04-21T15:01:00+00:00 [queued]>
[2025-04-21T15:02:18.199+0000] {taskinstance.py:2613} INFO - Dependencies all met for dep_context=requeueable deps ti=<TaskInstance: perbaikan_skripsi.get_data_from_db scheduled__2025-04-21T15:01:00+00:00 [queued]>
[2025-04-21T15:02:18.203+0000] {taskinstance.py:2866} INFO - Starting attempt 1 of 4
[2025-04-21T15:02:18.289+0000] {taskinstance.py:2889} INFO - Executing <Task(PythonOperator): get_data_from_db> on 2025-04-21 15:01:00+00:00
[2025-04-21T15:02:18.456+0000] {standard_task_runner.py:104} INFO - Running: ['airflow', 'tasks', 'run', 'perbaikan_skripsi', 'get_data_from_db', 'scheduled__2025-04-21T15:01:00+00:00', '--job-id', '386', '--raw', '--subdir', 'DAGS_FOLDER/tugas_akhir.py', '--cfg-path', '/tmp/tmpapoi11pu']
[2025-04-21T15:02:18.463+0000] {standard_task_runner.py:105} INFO - Job 386: Subtask get_data_from_db
[2025-04-21T15:02:18.462+0000] {logging_mixin.py:190} WARNING - /home/airflow/.local/lib/python3.12/site-packages/airflow/task/task_runner/standard_task_runner.py:70 DeprecationWarning: This process (pid=35028) is multi-threaded, use of fork() may lead to deadlocks in the child.
[2025-04-21T15:02:18.472+0000] {standard_task_runner.py:72} INFO - Started process 35078 to run task
[2025-04-21T15:02:18.830+0000] {task_command.py:467} INFO - Running <TaskInstance: perbaikan_skripsi.get_data_from_db scheduled__2025-04-21T15:01:00+00:00 [running]> on host 1daba33e39bb
[2025-04-21T15:02:19.579+0000] {taskinstance.py:3132} INFO - Exporting env vars: AIRFLOW_CTX_DAG_OWNER='Dion Rikki' AIRFLOW_CTX_DAG_ID='perbaikan_skripsi' AIRFLOW_CTX_TASK_ID='get_data_from_db' AIRFLOW_CTX_EXECUTION_DATE='2025-04-21T15:01:00+00:00' AIRFLOW_CTX_TRY_NUMBER='1' AIRFLOW_CTX_DAG_RUN_ID='scheduled__2025-04-21T15:01:00+00:00'
[2025-04-21T15:02:19.589+0000] {logging_mixin.py:190} INFO - Task instance is in running state
[2025-04-21T15:02:19.599+0000] {logging_mixin.py:190} INFO -  Previous state of the Task instance: queued
[2025-04-21T15:02:19.600+0000] {logging_mixin.py:190} INFO - Current task name:get_data_from_db state:running start_date:2025-04-21 15:02:18.166842+00:00
[2025-04-21T15:02:19.601+0000] {logging_mixin.py:190} INFO - Dag name:perbaikan_skripsi and current dag run status:running
[2025-04-21T15:02:19.616+0000] {taskinstance.py:731} INFO - ::endgroup::
[2025-04-21T15:02:19.618+0000] {logging_mixin.py:190} INFO - 🔍 [1] Mengambil data sensor terbaru yang lengkap dan belum diprediksi...
[2025-04-21T15:02:19.839+0000] {logging_mixin.py:190} INFO - 📊 Data ditemukan: 1 baris
[2025-04-21T15:02:20.090+0000] {python.py:240} INFO - Done. Returned value was: None
[2025-04-21T15:02:20.239+0000] {taskinstance.py:340} INFO - ::group::Post task execution logs
[2025-04-21T15:02:20.249+0000] {taskinstance.py:352} INFO - Marking task as SUCCESS. dag_id=perbaikan_skripsi, task_id=get_data_from_db, run_id=scheduled__2025-04-21T15:01:00+00:00, execution_date=20250421T150100, start_date=20250421T150218, end_date=20250421T150220
[2025-04-21T15:02:20.597+0000] {logging_mixin.py:190} INFO - Task instance in success state
[2025-04-21T15:02:20.600+0000] {logging_mixin.py:190} INFO -  Previous state of the Task instance: running
[2025-04-21T15:02:20.607+0000] {logging_mixin.py:190} INFO - Dag name:perbaikan_skripsi queued_at:2025-04-21 15:02:01.428689+00:00
[2025-04-21T15:02:20.612+0000] {logging_mixin.py:190} INFO - Task hostname:1daba33e39bb operator:PythonOperator
[2025-04-21T15:02:20.695+0000] {local_task_job_runner.py:266} INFO - Task exited with return code 0
[2025-04-21T15:02:21.013+0000] {local_task_job_runner.py:245} INFO - ::endgroup::
