[2025-04-07T16:39:11.212+0000] {local_task_job_runner.py:123} INFO - ::group::Pre task execution logs
[2025-04-07T16:39:11.357+0000] {taskinstance.py:2613} INFO - Dependencies all met for dep_context=non-requeueable deps ti=<TaskInstance: perbaikan_skripsi.predict_and_store_result scheduled__2025-04-07T16:28:00+00:00 [queued]>
[2025-04-07T16:39:11.452+0000] {taskinstance.py:2613} INFO - Dependencies all met for dep_context=requeueable deps ti=<TaskInstance: perbaikan_skripsi.predict_and_store_result scheduled__2025-04-07T16:28:00+00:00 [queued]>
[2025-04-07T16:39:11.454+0000] {taskinstance.py:2866} INFO - Starting attempt 1 of 4
[2025-04-07T16:39:11.641+0000] {taskinstance.py:2889} INFO - Executing <Task(PythonOperator): predict_and_store_result> on 2025-04-07 16:28:00+00:00
[2025-04-07T16:39:11.706+0000] {logging_mixin.py:190} WARNING - /home/airflow/.local/lib/python3.12/site-packages/airflow/task/task_runner/standard_task_runner.py:70 DeprecationWarning: This process (pid=55246) is multi-threaded, use of fork() may lead to deadlocks in the child.
[2025-04-07T16:39:11.711+0000] {standard_task_runner.py:72} INFO - Started process 55321 to run task
[2025-04-07T16:39:11.738+0000] {standard_task_runner.py:104} INFO - Running: ['airflow', 'tasks', 'run', 'perbaikan_skripsi', 'predict_and_store_result', 'scheduled__2025-04-07T16:28:00+00:00', '--job-id', '2990', '--raw', '--subdir', 'DAGS_FOLDER/tugas_akhir.py', '--cfg-path', '/tmp/tmpv0u8elfq']
[2025-04-07T16:39:11.743+0000] {standard_task_runner.py:105} INFO - Job 2990: Subtask predict_and_store_result
[2025-04-07T16:39:12.319+0000] {task_command.py:467} INFO - Running <TaskInstance: perbaikan_skripsi.predict_and_store_result scheduled__2025-04-07T16:28:00+00:00 [running]> on host a9576c91091e
[2025-04-07T16:39:13.362+0000] {taskinstance.py:3132} INFO - Exporting env vars: AIRFLOW_CTX_DAG_OWNER='Dion Rikki' AIRFLOW_CTX_DAG_ID='perbaikan_skripsi' AIRFLOW_CTX_TASK_ID='predict_and_store_result' AIRFLOW_CTX_EXECUTION_DATE='2025-04-07T16:28:00+00:00' AIRFLOW_CTX_TRY_NUMBER='1' AIRFLOW_CTX_DAG_RUN_ID='scheduled__2025-04-07T16:28:00+00:00'
[2025-04-07T16:39:13.381+0000] {logging_mixin.py:190} INFO - Task instance is in running state
[2025-04-07T16:39:13.385+0000] {logging_mixin.py:190} INFO -  Previous state of the Task instance: queued
[2025-04-07T16:39:13.394+0000] {logging_mixin.py:190} INFO - Current task name:predict_and_store_result state:running start_date:2025-04-07 16:39:11.359418+00:00
[2025-04-07T16:39:13.399+0000] {logging_mixin.py:190} INFO - Dag name:perbaikan_skripsi and current dag run status:running
[2025-04-07T16:39:13.401+0000] {taskinstance.py:731} INFO - ::endgroup::
[2025-04-07T16:39:13.407+0000] {logging_mixin.py:190} INFO - 🔍 [2] Memproses data dan melakukan prediksi...
[2025-04-07T16:39:13.588+0000] {logging_mixin.py:190} INFO - ✅ Data siap diproses: 1 baris
    id  Temperature  Humidity  ...  nitrogen phosphorous potassium
0  560         26.2      86.0  ...     104.0       286.0     280.0

[1 rows x 9 columns]
[2025-04-07T16:39:13.593+0000] {logging_mixin.py:190} INFO - 📝 Menyesuaikan nama kolom dengan model training...
[2025-04-07T16:39:13.597+0000] {logging_mixin.py:190} INFO - 🔧 Melakukan encoding kategori Soil_Type dan Crop_Type...
[2025-04-07T16:39:13.608+0000] {logging_mixin.py:190} INFO - 🧠 Menyiapkan fitur untuk prediksi...
[2025-04-07T16:39:13.612+0000] {logging_mixin.py:190} INFO - 🤖 Menjalankan model prediksi...
[2025-04-07T16:39:13.648+0000] {logging_mixin.py:190} INFO - ✅ Prediksi selesai:
    id predicted_fertilizer
0  560                 Urea
[2025-04-07T16:39:13.651+0000] {logging_mixin.py:190} INFO - 💾 Menyimpan hasil ke tabel fertilizer_predictions...
[2025-04-07T16:39:14.010+0000] {logging_mixin.py:190} INFO - ❌ Error saat menyimpan ke database: (pymysql.err.IntegrityError) (1062, "Duplicate entry '560' for key 'fertilizer_predictions.sensor_data_id'")
[SQL: INSERT INTO fertilizer_predictions (sensor_data_id, predicted_fertilizer, created_at) VALUES (%(sensor_data_id)s, %(predicted_fertilizer)s, %(created_at)s)]
[parameters: {'sensor_data_id': 560, 'predicted_fertilizer': 'Urea', 'created_at': datetime.datetime(2025, 4, 7, 16, 39, 13, 668309)}]
(Background on this error at: https://sqlalche.me/e/14/gkpj)
[2025-04-07T16:39:14.019+0000] {python.py:240} INFO - Done. Returned value was: None
[2025-04-07T16:39:14.085+0000] {taskinstance.py:340} INFO - ::group::Post task execution logs
[2025-04-07T16:39:14.087+0000] {taskinstance.py:352} INFO - Marking task as SUCCESS. dag_id=perbaikan_skripsi, task_id=predict_and_store_result, run_id=scheduled__2025-04-07T16:28:00+00:00, execution_date=20250407T162800, start_date=20250407T163911, end_date=20250407T163914
[2025-04-07T16:39:14.194+0000] {logging_mixin.py:190} INFO - Task instance in success state
[2025-04-07T16:39:14.196+0000] {logging_mixin.py:190} INFO -  Previous state of the Task instance: running
[2025-04-07T16:39:14.197+0000] {logging_mixin.py:190} INFO - Dag name:perbaikan_skripsi queued_at:2025-04-07 16:30:00.179756+00:00
[2025-04-07T16:39:14.199+0000] {logging_mixin.py:190} INFO - Task hostname:a9576c91091e operator:PythonOperator
[2025-04-07T16:39:14.356+0000] {local_task_job_runner.py:266} INFO - Task exited with return code 0
[2025-04-07T16:39:14.584+0000] {taskinstance.py:3895} INFO - 0 downstream tasks scheduled from follow-on schedule check
[2025-04-07T16:39:14.599+0000] {local_task_job_runner.py:245} INFO - ::endgroup::
