[2025-02-28T22:04:29.271+0000] {local_task_job_runner.py:123} INFO - ::group::Pre task execution logs
[2025-02-28T22:04:29.302+0000] {taskinstance.py:2613} INFO - Dependencies all met for dep_context=non-requeueable deps ti=<TaskInstance: skripsi_akhir_perbaikan.wait_for_new_data scheduled__2025-02-28T21:56:00+00:00 [queued]>
[2025-02-28T22:04:29.320+0000] {taskinstance.py:2613} INFO - Dependencies all met for dep_context=requeueable deps ti=<TaskInstance: skripsi_akhir_perbaikan.wait_for_new_data scheduled__2025-02-28T21:56:00+00:00 [queued]>
[2025-02-28T22:04:29.321+0000] {taskinstance.py:2866} INFO - Starting attempt 7 of 6
[2025-02-28T22:04:29.364+0000] {taskinstance.py:2889} INFO - Executing <Task(SqlSensor): wait_for_new_data> on 2025-02-28 21:56:00+00:00
[2025-02-28T22:04:29.387+0000] {logging_mixin.py:190} WARNING - /home/airflow/.local/lib/python3.12/site-packages/airflow/task/task_runner/standard_task_runner.py:70 DeprecationWarning: This process (pid=60955) is multi-threaded, use of fork() may lead to deadlocks in the child.
[2025-02-28T22:04:29.394+0000] {standard_task_runner.py:72} INFO - Started process 60994 to run task
[2025-02-28T22:04:29.392+0000] {standard_task_runner.py:104} INFO - Running: ['airflow', 'tasks', 'run', 'skripsi_akhir_perbaikan', 'wait_for_new_data', 'scheduled__2025-02-28T21:56:00+00:00', '--job-id', '7963', '--raw', '--subdir', 'DAGS_FOLDER/tugas_akhir.py', '--cfg-path', '/tmp/tmpooz_k7_8']
[2025-02-28T22:04:29.396+0000] {standard_task_runner.py:105} INFO - Job 7963: Subtask wait_for_new_data
[2025-02-28T22:04:29.518+0000] {task_command.py:467} INFO - Running <TaskInstance: skripsi_akhir_perbaikan.wait_for_new_data scheduled__2025-02-28T21:56:00+00:00 [running]> on host 75f595111fc8
[2025-02-28T22:04:29.825+0000] {taskinstance.py:3132} INFO - Exporting env vars: AIRFLOW_CTX_DAG_OWNER='Dion Rikki' AIRFLOW_CTX_DAG_ID='skripsi_akhir_perbaikan' AIRFLOW_CTX_TASK_ID='wait_for_new_data' AIRFLOW_CTX_EXECUTION_DATE='2025-02-28T21:56:00+00:00' AIRFLOW_CTX_TRY_NUMBER='7' AIRFLOW_CTX_DAG_RUN_ID='scheduled__2025-02-28T21:56:00+00:00'
[2025-02-28T22:04:29.833+0000] {logging_mixin.py:190} INFO - Task instance is in running state
[2025-02-28T22:04:29.834+0000] {logging_mixin.py:190} INFO -  Previous state of the Task instance: queued
[2025-02-28T22:04:29.836+0000] {logging_mixin.py:190} INFO - Current task name:wait_for_new_data state:running start_date:2025-02-28 22:04:29.303144+00:00
[2025-02-28T22:04:29.838+0000] {logging_mixin.py:190} INFO - Dag name:skripsi_akhir_perbaikan and current dag run status:running
[2025-02-28T22:04:29.840+0000] {taskinstance.py:731} INFO - ::endgroup::
[2025-02-28T22:04:29.879+0000] {base.py:84} INFO - Retrieving connection 'mysql_default'
[2025-02-28T22:04:29.886+0000] {sql.py:101} INFO - Poking: 
        SELECT COUNT(*) 
        FROM tugas_akhir_sensordata s
        WHERE s.timestamp >= NOW() - INTERVAL 5 MINUTE
        AND NOT EXISTS (
            SELECT 1 
            FROM fertilizer_predictions f
            WHERE CAST(f.id AS SIGNED) = s.id  -- Menggunakan SIGNED di sini
        )
     (with parameters None)
[2025-02-28T22:04:29.899+0000] {base.py:84} INFO - Retrieving connection 'mysql_default'
[2025-02-28T22:04:29.910+0000] {sql.py:553} INFO - Running statement: 
        SELECT COUNT(*) 
        FROM tugas_akhir_sensordata s
        WHERE s.timestamp >= NOW() - INTERVAL 5 MINUTE
        AND NOT EXISTS (
            SELECT 1 
            FROM fertilizer_predictions f
            WHERE CAST(f.id AS SIGNED) = s.id  -- Menggunakan SIGNED di sini
        )
    , parameters: None
[2025-02-28T22:04:29.916+0000] {sql.py:562} INFO - Rows affected: 1
[2025-02-28T22:04:29.976+0000] {taskinstance.py:309} INFO - Rescheduling task, marking task as UP_FOR_RESCHEDULE
[2025-02-28T22:04:29.977+0000] {taskinstance.py:340} INFO - ::group::Post task execution logs
[2025-02-28T22:04:29.999+0000] {local_task_job_runner.py:266} INFO - Task exited with return code 0
[2025-02-28T22:04:30.077+0000] {taskinstance.py:3895} INFO - 0 downstream tasks scheduled from follow-on schedule check
[2025-02-28T22:04:30.080+0000] {local_task_job_runner.py:245} INFO - ::endgroup::
